2025-09-05 17:53:14,445 [INFO] ========== Training Configuration ==========
2025-09-05 17:53:14,446 [INFO] out_dir: ./log
2025-09-05 17:53:14,446 [INFO] lr: 0.1
2025-09-05 17:53:14,446 [INFO] train_iter: 300
2025-09-05 17:53:14,446 [INFO] niter: 5
2025-09-05 17:53:14,446 [INFO] nspix: 300
2025-09-05 17:53:14,447 [INFO] weight: weight
2025-09-05 17:53:14,447 [INFO] weight_representation: 20.0
2025-09-05 17:53:14,447 [INFO] weight_noise: 50.0
2025-09-05 17:53:14,447 [INFO] dataset: urban
2025-09-05 17:53:14,447 [INFO] device: cuda:0
2025-09-05 17:53:14,447 [INFO] log: urban1
2025-09-05 17:53:14,447 [INFO] ============================================
2025-09-05 17:53:36,016 [INFO] H: 160, W: 150
2025-09-05 17:53:36,227 [INFO] [0 1 2 3 4 5 6]
2025-09-05 17:53:38,239 [INFO] y_target: [1 2 3 4 5 6 7]
2025-09-05 17:53:38,239 [INFO] y_predict: [0 1 2 3 4 5 6]
2025-09-05 17:53:38,425 [INFO] Epoch = 0 OA = 0.8095 Kappa = 0.7746 NMI = 0.7239
2025-09-05 17:53:39,056 [INFO] [0/300] loss 152.801 | compact 6.9117 | spectral 19.6366 | recons_loss: 0.235515 | sparse_loss: 1.04431 | 
2025-09-05 17:53:39,056 [INFO] [Iter 0] LR: 0.10000000
2025-09-05 17:53:39,060 [INFO] Saving best model at iteration 0
2025-09-05 17:53:39,321 [INFO] [1/300] loss 152.757 | compact 6.90891 | spectral 19.5976 | recons_loss: 0.234694 | sparse_loss: 1.04427 | 
2025-09-05 17:53:39,322 [INFO] [Iter 1] LR: 0.10000000
2025-09-05 17:53:39,324 [INFO] Saving best model at iteration 1
2025-09-05 17:53:39,601 [INFO] [2/300] loss 152.692 | compact 6.907 | spectral 19.5308 | recons_loss: 0.233371 | sparse_loss: 1.0441 | 
2025-09-05 17:53:39,602 [INFO] [Iter 2] LR: 0.10000000
2025-09-05 17:53:39,603 [INFO] Saving best model at iteration 2
2025-09-05 17:53:39,887 [INFO] [3/300] loss 152.633 | compact 6.90464 | spectral 19.4584 | recons_loss: 0.231897 | sparse_loss: 1.04384 | 
2025-09-05 17:53:39,887 [INFO] [Iter 3] LR: 0.10000000
2025-09-05 17:53:39,888 [INFO] Saving best model at iteration 3
2025-09-05 17:53:40,152 [INFO] [4/300] loss 152.577 | compact 6.89917 | spectral 19.3853 | recons_loss: 0.230316 | sparse_loss: 1.04355 | 
2025-09-05 17:53:40,157 [INFO] [Iter 4] LR: 0.10000000
2025-09-05 17:53:40,160 [INFO] Saving best model at iteration 4
2025-09-05 17:53:40,441 [INFO] [5/300] loss 152.534 | compact 6.88959 | spectral 19.3253 | recons_loss: 0.22883 | sparse_loss: 1.04329 | 
2025-09-05 17:53:40,441 [INFO] [Iter 5] LR: 0.10000000
2025-09-05 17:53:40,442 [INFO] Saving best model at iteration 5
2025-09-05 17:53:40,710 [INFO] [6/300] loss 152.494 | compact 6.88146 | spectral 19.2738 | recons_loss: 0.227466 | sparse_loss: 1.04307 | 
2025-09-05 17:53:40,714 [INFO] [Iter 6] LR: 0.10000000
2025-09-05 17:53:40,716 [INFO] Saving best model at iteration 6
2025-09-05 17:53:41,002 [INFO] [7/300] loss 152.449 | compact 6.87427 | spectral 19.2286 | recons_loss: 0.226213 | sparse_loss: 1.04286 | 
2025-09-05 17:53:41,002 [INFO] [Iter 7] LR: 0.10000000
2025-09-05 17:53:41,003 [INFO] Saving best model at iteration 7
2025-09-05 17:53:41,283 [INFO] [8/300] loss 152.411 | compact 6.86696 | spectral 19.1941 | recons_loss: 0.225156 | sparse_loss: 1.04266 | 
2025-09-05 17:53:41,288 [INFO] [Iter 8] LR: 0.10000000
2025-09-05 17:53:41,290 [INFO] Saving best model at iteration 8
2025-09-05 17:53:41,564 [INFO] [9/300] loss 152.373 | compact 6.86067 | spectral 19.1655 | recons_loss: 0.224257 | sparse_loss: 1.04247 | 
2025-09-05 17:53:41,564 [INFO] [Iter 9] LR: 0.10000000
2025-09-05 17:53:41,565 [INFO] Saving best model at iteration 9
2025-09-05 17:53:41,835 [INFO] [10/300] loss 152.343 | compact 6.85659 | spectral 19.1471 | recons_loss: 0.223488 | sparse_loss: 1.04227 | 
2025-09-05 17:53:41,835 [INFO] [Iter 10] LR: 0.05000000
2025-09-05 17:53:41,837 [INFO] Saving best model at iteration 10
2025-09-05 17:53:42,100 [INFO] [11/300] loss 152.309 | compact 6.85356 | spectral 19.1289 | recons_loss: 0.222825 | sparse_loss: 1.04207 | 
2025-09-05 17:53:42,100 [INFO] [Iter 11] LR: 0.05000000
2025-09-05 17:53:42,102 [INFO] Saving best model at iteration 11
2025-09-05 17:53:42,359 [INFO] [12/300] loss 152.278 | compact 6.8502 | spectral 19.114 | recons_loss: 0.222237 | sparse_loss: 1.04188 | 
2025-09-05 17:53:42,360 [INFO] [Iter 12] LR: 0.05000000
2025-09-05 17:53:42,361 [INFO] Saving best model at iteration 12
2025-09-05 17:53:42,624 [INFO] [13/300] loss 152.254 | compact 6.8461 | spectral 19.1064 | recons_loss: 0.221722 | sparse_loss: 1.0417 | 
2025-09-05 17:53:42,624 [INFO] [Iter 13] LR: 0.05000000
2025-09-05 17:53:42,627 [INFO] Saving best model at iteration 13
2025-09-05 17:53:42,883 [INFO] [14/300] loss 152.228 | compact 6.84239 | spectral 19.0992 | recons_loss: 0.221262 | sparse_loss: 1.04153 | 
2025-09-05 17:53:42,883 [INFO] [Iter 14] LR: 0.02500000
2025-09-05 17:53:42,885 [INFO] Saving best model at iteration 14
2025-09-05 17:53:43,141 [INFO] [15/300] loss 152.201 | compact 6.83968 | spectral 19.0916 | recons_loss: 0.22085 | sparse_loss: 1.04139 | 
2025-09-05 17:53:43,141 [INFO] [Iter 15] LR: 0.02500000
2025-09-05 17:53:43,142 [INFO] Saving best model at iteration 15
2025-09-05 17:53:43,406 [INFO] [16/300] loss 152.176 | compact 6.83783 | spectral 19.0845 | recons_loss: 0.220471 | sparse_loss: 1.04127 | 
2025-09-05 17:53:43,407 [INFO] [Iter 16] LR: 0.02500000
2025-09-05 17:53:43,408 [INFO] Saving best model at iteration 16
2025-09-05 17:53:43,668 [INFO] [17/300] loss 152.152 | compact 6.83572 | spectral 19.0791 | recons_loss: 0.220121 | sparse_loss: 1.04115 | 
2025-09-05 17:53:43,669 [INFO] [Iter 17] LR: 0.02500000
2025-09-05 17:53:43,670 [INFO] Saving best model at iteration 17
2025-09-05 17:53:43,930 [INFO] [18/300] loss 152.128 | compact 6.83417 | spectral 19.0737 | recons_loss: 0.219812 | sparse_loss: 1.04104 | 
2025-09-05 17:53:43,932 [INFO] [Iter 18] LR: 0.02500000
2025-09-05 17:53:43,933 [INFO] Saving best model at iteration 18
2025-09-05 17:53:44,189 [INFO] [19/300] loss 152.108 | compact 6.83172 | spectral 19.0705 | recons_loss: 0.219532 | sparse_loss: 1.04094 | 
2025-09-05 17:53:44,189 [INFO] [Iter 19] LR: 0.02500000
2025-09-05 17:53:44,191 [INFO] Saving best model at iteration 19
2025-09-05 17:53:44,448 [INFO] [20/300] loss 152.088 | compact 6.82905 | spectral 19.0676 | recons_loss: 0.219279 | sparse_loss: 1.04084 | 
2025-09-05 17:53:44,448 [INFO] [Iter 20] LR: 0.02500000
2025-09-05 17:53:44,450 [INFO] Saving best model at iteration 20
2025-09-05 17:53:44,714 [INFO] [21/300] loss 152.068 | compact 6.82706 | spectral 19.0641 | recons_loss: 0.219052 | sparse_loss: 1.04074 | 
2025-09-05 17:53:44,714 [INFO] [Iter 21] LR: 0.02500000
2025-09-05 17:53:44,715 [INFO] Saving best model at iteration 21
2025-09-05 17:53:44,975 [INFO] [22/300] loss 152.049 | compact 6.82576 | spectral 19.0602 | recons_loss: 0.218843 | sparse_loss: 1.04066 | 
2025-09-05 17:53:44,976 [INFO] [Iter 22] LR: 0.02500000
2025-09-05 17:53:44,977 [INFO] Saving best model at iteration 22
2025-09-05 17:53:45,242 [INFO] [23/300] loss 152.029 | compact 6.82459 | spectral 19.0565 | recons_loss: 0.218646 | sparse_loss: 1.04056 | 
2025-09-05 17:53:45,242 [INFO] [Iter 23] LR: 0.02500000
2025-09-05 17:53:45,243 [INFO] Saving best model at iteration 23
2025-09-05 17:53:45,503 [INFO] [24/300] loss 152.01 | compact 6.8228 | spectral 19.0542 | recons_loss: 0.218465 | sparse_loss: 1.04047 | 
2025-09-05 17:53:45,504 [INFO] [Iter 24] LR: 0.02500000
2025-09-05 17:53:45,506 [INFO] Saving best model at iteration 24
2025-09-05 17:53:45,767 [INFO] [25/300] loss 151.993 | compact 6.82144 | spectral 19.0522 | recons_loss: 0.218304 | sparse_loss: 1.04038 | 
2025-09-05 17:53:45,767 [INFO] [Iter 25] LR: 0.02500000
2025-09-05 17:53:45,769 [INFO] Saving best model at iteration 25
2025-09-05 17:53:46,032 [INFO] [26/300] loss 151.976 | compact 6.81982 | spectral 19.0496 | recons_loss: 0.218161 | sparse_loss: 1.04029 | 
2025-09-05 17:53:46,033 [INFO] [Iter 26] LR: 0.02500000
2025-09-05 17:53:46,034 [INFO] Saving best model at iteration 26
2025-09-05 17:53:46,295 [INFO] [27/300] loss 151.96 | compact 6.81806 | spectral 19.047 | recons_loss: 0.218023 | sparse_loss: 1.04022 | 
2025-09-05 17:53:46,295 [INFO] [Iter 27] LR: 0.02500000
2025-09-05 17:53:46,296 [INFO] Saving best model at iteration 27
2025-09-05 17:53:46,572 [INFO] [28/300] loss 151.946 | compact 6.81597 | spectral 19.0455 | recons_loss: 0.217891 | sparse_loss: 1.04014 | 
2025-09-05 17:53:46,573 [INFO] [Iter 28] LR: 0.02500000
2025-09-05 17:53:46,574 [INFO] Saving best model at iteration 28
2025-09-05 17:53:46,838 [INFO] [29/300] loss 151.933 | compact 6.81429 | spectral 19.044 | recons_loss: 0.217773 | sparse_loss: 1.04007 | 
2025-09-05 17:53:46,839 [INFO] [Iter 29] LR: 0.01250000
2025-09-05 17:53:46,841 [INFO] Saving best model at iteration 29
2025-09-05 17:53:47,119 [INFO] [30/300] loss 151.92 | compact 6.81256 | spectral 19.0429 | recons_loss: 0.217667 | sparse_loss: 1.04002 | 
2025-09-05 17:53:47,119 [INFO] [Iter 30] LR: 0.01250000
2025-09-05 17:53:47,121 [INFO] Saving best model at iteration 30
2025-09-05 17:53:47,381 [INFO] [31/300] loss 151.909 | compact 6.81082 | spectral 19.0418 | recons_loss: 0.21757 | sparse_loss: 1.03996 | 
2025-09-05 17:53:47,381 [INFO] [Iter 31] LR: 0.01250000
2025-09-05 17:53:47,383 [INFO] Saving best model at iteration 31
2025-09-05 17:53:47,656 [INFO] [32/300] loss 151.897 | compact 6.80934 | spectral 19.0403 | recons_loss: 0.217477 | sparse_loss: 1.03991 | 
2025-09-05 17:53:47,656 [INFO] [Iter 32] LR: 0.01250000
2025-09-05 17:53:47,657 [INFO] Saving best model at iteration 32
2025-09-05 17:53:47,915 [INFO] [33/300] loss 151.886 | compact 6.80798 | spectral 19.039 | recons_loss: 0.217393 | sparse_loss: 1.03986 | 
2025-09-05 17:53:47,916 [INFO] [Iter 33] LR: 0.01250000
2025-09-05 17:53:47,917 [INFO] Saving best model at iteration 33
2025-09-05 17:53:48,177 [INFO] [34/300] loss 151.875 | compact 6.80699 | spectral 19.0376 | recons_loss: 0.217317 | sparse_loss: 1.03982 | 
2025-09-05 17:53:48,177 [INFO] [Iter 34] LR: 0.01250000
2025-09-05 17:53:48,179 [INFO] Saving best model at iteration 34
2025-09-05 17:53:48,436 [INFO] [35/300] loss 151.865 | compact 6.80602 | spectral 19.0366 | recons_loss: 0.217249 | sparse_loss: 1.03978 | 
2025-09-05 17:53:48,436 [INFO] [Iter 35] LR: 0.01250000
2025-09-05 17:53:48,437 [INFO] Saving best model at iteration 35
2025-09-05 17:53:48,695 [INFO] [36/300] loss 151.855 | compact 6.80531 | spectral 19.0354 | recons_loss: 0.217184 | sparse_loss: 1.03974 | 
2025-09-05 17:53:48,696 [INFO] [Iter 36] LR: 0.01250000
2025-09-05 17:53:48,697 [INFO] Saving best model at iteration 36
2025-09-05 17:53:48,955 [INFO] [37/300] loss 151.845 | compact 6.80495 | spectral 19.0338 | recons_loss: 0.217125 | sparse_loss: 1.0397 | 
2025-09-05 17:53:48,955 [INFO] [Iter 37] LR: 0.01250000
2025-09-05 17:53:48,956 [INFO] Saving best model at iteration 37
2025-09-05 17:53:49,216 [INFO] [38/300] loss 151.835 | compact 6.80473 | spectral 19.0322 | recons_loss: 0.217074 | sparse_loss: 1.03967 | 
2025-09-05 17:53:49,216 [INFO] [Iter 38] LR: 0.01250000
2025-09-05 17:53:49,217 [INFO] Saving best model at iteration 38
2025-09-05 17:53:49,477 [INFO] [39/300] loss 151.825 | compact 6.80413 | spectral 19.0308 | recons_loss: 0.217034 | sparse_loss: 1.03964 | 
2025-09-05 17:53:49,477 [INFO] [Iter 39] LR: 0.01250000
2025-09-05 17:53:49,479 [INFO] Saving best model at iteration 39
2025-09-05 17:53:49,782 [INFO] [40/300] loss 151.817 | compact 6.80365 | spectral 19.0296 | recons_loss: 0.217003 | sparse_loss: 1.03962 | 
2025-09-05 17:53:49,782 [INFO] [Iter 40] LR: 0.00625000
2025-09-05 17:53:49,784 [INFO] Saving best model at iteration 40
2025-09-05 17:53:50,050 [INFO] [41/300] loss 151.809 | compact 6.80321 | spectral 19.0286 | recons_loss: 0.216972 | sparse_loss: 1.03959 | 
2025-09-05 17:53:50,051 [INFO] [Iter 41] LR: 0.00625000
2025-09-05 17:53:50,053 [INFO] Saving best model at iteration 41
2025-09-05 17:53:50,316 [INFO] [42/300] loss 151.801 | compact 6.80268 | spectral 19.0277 | recons_loss: 0.216945 | sparse_loss: 1.03957 | 
2025-09-05 17:53:50,317 [INFO] [Iter 42] LR: 0.00625000
2025-09-05 17:53:50,318 [INFO] Saving best model at iteration 42
2025-09-05 17:53:50,583 [INFO] [43/300] loss 151.794 | compact 6.80223 | spectral 19.0269 | recons_loss: 0.21692 | sparse_loss: 1.03955 | 
2025-09-05 17:53:50,584 [INFO] [Iter 43] LR: 0.00625000
2025-09-05 17:53:50,587 [INFO] Saving best model at iteration 43
2025-09-05 17:53:50,853 [INFO] [44/300] loss 151.787 | compact 6.80189 | spectral 19.026 | recons_loss: 0.2169 | sparse_loss: 1.03953 | 
2025-09-05 17:53:50,853 [INFO] [Iter 44] LR: 0.00312500
2025-09-05 17:53:50,856 [INFO] Saving best model at iteration 44
2025-09-05 17:53:51,121 [INFO] [45/300] loss 151.781 | compact 6.80151 | spectral 19.0256 | recons_loss: 0.216882 | sparse_loss: 1.03951 | 
2025-09-05 17:53:51,121 [INFO] [Iter 45] LR: 0.00312500
2025-09-05 17:53:51,122 [INFO] Saving best model at iteration 45
2025-09-05 17:53:51,386 [INFO] [46/300] loss 151.776 | compact 6.80115 | spectral 19.0257 | recons_loss: 0.216867 | sparse_loss: 1.03949 | 
2025-09-05 17:53:51,387 [INFO] [Iter 46] LR: 0.00312500
2025-09-05 17:53:51,390 [INFO] Saving best model at iteration 46
2025-09-05 17:53:51,655 [INFO] [47/300] loss 151.771 | compact 6.80081 | spectral 19.0258 | recons_loss: 0.216853 | sparse_loss: 1.03948 | 
2025-09-05 17:53:51,655 [INFO] [Iter 47] LR: 0.00156250
2025-09-05 17:53:51,658 [INFO] Saving best model at iteration 47
2025-09-05 17:53:51,930 [INFO] [48/300] loss 151.767 | compact 6.8005 | spectral 19.0259 | recons_loss: 0.216841 | sparse_loss: 1.03946 | 
2025-09-05 17:53:51,930 [INFO] [Iter 48] LR: 0.00156250
2025-09-05 17:53:51,933 [INFO] Saving best model at iteration 48
2025-09-05 17:53:52,198 [INFO] [49/300] loss 151.763 | compact 6.80022 | spectral 19.0261 | recons_loss: 0.21683 | sparse_loss: 1.03945 | 
2025-09-05 17:53:52,198 [INFO] [Iter 49] LR: 0.00156250
2025-09-05 17:53:52,200 [INFO] Saving best model at iteration 49
2025-09-05 17:53:52,265 [INFO] H: 160, W: 150
2025-09-05 17:53:52,390 [INFO] [0 1 2 3 4 5 6]
2025-09-05 17:53:52,620 [INFO] y_target: [1 2 3 4 5 6 7]
2025-09-05 17:53:52,620 [INFO] y_predict: [0 1 2 3 4 5 6]
2025-09-05 17:53:53,009 [INFO] Epoch = 50 OA = 0.8215 Kappa = 0.7888 NMI = 0.7290
2025-09-05 17:53:53,225 [INFO] [50/300] loss 151.759 | compact 6.79996 | spectral 19.0262 | recons_loss: 0.21682 | sparse_loss: 1.03944 | 
2025-09-05 17:53:53,226 [INFO] [Iter 50] LR: 0.00078125
2025-09-05 17:53:53,227 [INFO] Saving best model at iteration 50
2025-09-05 17:53:53,492 [INFO] [51/300] loss 151.756 | compact 6.79974 | spectral 19.0263 | recons_loss: 0.216811 | sparse_loss: 1.03942 | 
2025-09-05 17:53:53,492 [INFO] [Iter 51] LR: 0.00078125
2025-09-05 17:53:53,493 [INFO] Saving best model at iteration 51
2025-09-05 17:53:53,764 [INFO] [52/300] loss 151.753 | compact 6.79953 | spectral 19.0264 | recons_loss: 0.216802 | sparse_loss: 1.03941 | 
2025-09-05 17:53:53,765 [INFO] [Iter 52] LR: 0.00078125
2025-09-05 17:53:53,766 [INFO] Saving best model at iteration 52
2025-09-05 17:53:54,035 [INFO] [53/300] loss 151.75 | compact 6.79935 | spectral 19.0265 | recons_loss: 0.216795 | sparse_loss: 1.0394 | 
2025-09-05 17:53:54,035 [INFO] [Iter 53] LR: 0.00039063
2025-09-05 17:53:54,037 [INFO] Saving best model at iteration 53
2025-09-05 17:53:54,314 [INFO] [54/300] loss 151.747 | compact 6.79918 | spectral 19.0265 | recons_loss: 0.216788 | sparse_loss: 1.0394 | 
2025-09-05 17:53:54,315 [INFO] [Iter 54] LR: 0.00039063
2025-09-05 17:53:54,318 [INFO] Saving best model at iteration 54
2025-09-05 17:53:54,582 [INFO] [55/300] loss 151.745 | compact 6.79904 | spectral 19.0266 | recons_loss: 0.216782 | sparse_loss: 1.03939 | 
2025-09-05 17:53:54,582 [INFO] [Iter 55] LR: 0.00039063
2025-09-05 17:53:54,583 [INFO] Saving best model at iteration 55
2025-09-05 17:53:54,860 [INFO] [56/300] loss 151.743 | compact 6.7989 | spectral 19.0267 | recons_loss: 0.216777 | sparse_loss: 1.03938 | 
2025-09-05 17:53:54,860 [INFO] [Iter 56] LR: 0.00019531
2025-09-05 17:53:54,862 [INFO] Saving best model at iteration 56
2025-09-05 17:53:55,136 [INFO] [57/300] loss 151.741 | compact 6.79878 | spectral 19.0268 | recons_loss: 0.216772 | sparse_loss: 1.03937 | 
2025-09-05 17:53:55,136 [INFO] [Iter 57] LR: 0.00019531
2025-09-05 17:53:55,138 [INFO] Saving best model at iteration 57
2025-09-05 17:53:55,404 [INFO] [58/300] loss 151.739 | compact 6.79867 | spectral 19.0268 | recons_loss: 0.216767 | sparse_loss: 1.03937 | 
2025-09-05 17:53:55,404 [INFO] [Iter 58] LR: 0.00019531
2025-09-05 17:53:55,406 [INFO] Saving best model at iteration 58
2025-09-05 17:53:55,671 [INFO] [59/300] loss 151.738 | compact 6.79858 | spectral 19.0269 | recons_loss: 0.216763 | sparse_loss: 1.03936 | 
2025-09-05 17:53:55,672 [INFO] [Iter 59] LR: 0.00009766
2025-09-05 17:53:55,673 [INFO] Saving best model at iteration 59
2025-09-05 17:53:55,941 [INFO] [60/300] loss 151.736 | compact 6.79849 | spectral 19.0269 | recons_loss: 0.216759 | sparse_loss: 1.03936 | 
2025-09-05 17:53:55,942 [INFO] [Iter 60] LR: 0.00009766
2025-09-05 17:53:55,943 [INFO] Saving best model at iteration 60
2025-09-05 17:53:56,218 [INFO] [61/300] loss 151.735 | compact 6.79841 | spectral 19.0269 | recons_loss: 0.216756 | sparse_loss: 1.03935 | 
2025-09-05 17:53:56,219 [INFO] [Iter 61] LR: 0.00009766
2025-09-05 17:53:56,220 [INFO] Saving best model at iteration 61
2025-09-05 17:53:56,483 [INFO] [62/300] loss 151.734 | compact 6.79834 | spectral 19.027 | recons_loss: 0.216753 | sparse_loss: 1.03935 | 
2025-09-05 17:53:56,483 [INFO] [Iter 62] LR: 0.00004883
2025-09-05 17:53:56,485 [INFO] Saving best model at iteration 62
2025-09-05 17:53:56,749 [INFO] [63/300] loss 151.733 | compact 6.79827 | spectral 19.027 | recons_loss: 0.21675 | sparse_loss: 1.03935 | 
2025-09-05 17:53:56,749 [INFO] [Iter 63] LR: 0.00004883
2025-09-05 17:53:56,751 [INFO] Saving best model at iteration 63
2025-09-05 17:53:57,021 [INFO] [64/300] loss 151.732 | compact 6.79822 | spectral 19.027 | recons_loss: 0.216748 | sparse_loss: 1.03934 | 
2025-09-05 17:53:57,022 [INFO] [Iter 64] LR: 0.00004883
2025-09-05 17:53:57,024 [INFO] Saving best model at iteration 64
2025-09-05 17:53:57,289 [INFO] [65/300] loss 151.731 | compact 6.79816 | spectral 19.0271 | recons_loss: 0.216745 | sparse_loss: 1.03934 | 
2025-09-05 17:53:57,289 [INFO] [Iter 65] LR: 0.00002441
2025-09-05 17:53:57,290 [INFO] Saving best model at iteration 65
2025-09-05 17:53:57,555 [INFO] [66/300] loss 151.73 | compact 6.79812 | spectral 19.0271 | recons_loss: 0.216743 | sparse_loss: 1.03934 | 
2025-09-05 17:53:57,556 [INFO] [Iter 66] LR: 0.00002441
2025-09-05 17:53:57,557 [INFO] Saving best model at iteration 66
2025-09-05 17:53:57,826 [INFO] [67/300] loss 151.729 | compact 6.79807 | spectral 19.0271 | recons_loss: 0.216742 | sparse_loss: 1.03934 | 
2025-09-05 17:53:57,826 [INFO] [Iter 67] LR: 0.00002441
2025-09-05 17:53:57,827 [INFO] Saving best model at iteration 67
2025-09-05 17:53:58,108 [INFO] [68/300] loss 151.729 | compact 6.79804 | spectral 19.0271 | recons_loss: 0.21674 | sparse_loss: 1.03933 | 
2025-09-05 17:53:58,109 [INFO] [Iter 68] LR: 0.00001221
2025-09-05 17:53:58,110 [INFO] Saving best model at iteration 68
2025-09-05 17:53:58,391 [INFO] [69/300] loss 151.728 | compact 6.798 | spectral 19.0272 | recons_loss: 0.216739 | sparse_loss: 1.03933 | 
2025-09-05 17:53:58,391 [INFO] [Iter 69] LR: 0.00001221
2025-09-05 17:53:58,393 [INFO] Saving best model at iteration 69
2025-09-05 17:53:58,660 [INFO] [70/300] loss 151.728 | compact 6.79797 | spectral 19.0272 | recons_loss: 0.216737 | sparse_loss: 1.03933 | 
2025-09-05 17:53:58,661 [INFO] [Iter 70] LR: 0.00001221
2025-09-05 17:53:58,662 [INFO] Saving best model at iteration 70
2025-09-05 17:53:58,927 [INFO] [71/300] loss 151.727 | compact 6.79794 | spectral 19.0272 | recons_loss: 0.216736 | sparse_loss: 1.03933 | 
2025-09-05 17:53:58,927 [INFO] [Iter 71] LR: 0.00000610
2025-09-05 17:53:58,930 [INFO] Saving best model at iteration 71
2025-09-05 17:53:59,200 [INFO] [72/300] loss 151.727 | compact 6.79792 | spectral 19.0272 | recons_loss: 0.216735 | sparse_loss: 1.03933 | 
2025-09-05 17:53:59,200 [INFO] [Iter 72] LR: 0.00000610
2025-09-05 17:53:59,202 [INFO] Saving best model at iteration 72
2025-09-05 17:53:59,476 [INFO] [73/300] loss 151.727 | compact 6.7979 | spectral 19.0272 | recons_loss: 0.216734 | sparse_loss: 1.03933 | 
2025-09-05 17:53:59,477 [INFO] [Iter 73] LR: 0.00000610
2025-09-05 17:53:59,478 [INFO] Saving best model at iteration 73
2025-09-05 17:53:59,738 [INFO] [74/300] loss 151.726 | compact 6.79788 | spectral 19.0272 | recons_loss: 0.216733 | sparse_loss: 1.03933 | 
2025-09-05 17:53:59,739 [INFO] [Iter 74] LR: 0.00000305
2025-09-05 17:53:59,741 [INFO] Saving best model at iteration 74
2025-09-05 17:54:00,003 [INFO] [75/300] loss 151.726 | compact 6.79786 | spectral 19.0272 | recons_loss: 0.216732 | sparse_loss: 1.03932 | 
2025-09-05 17:54:00,003 [INFO] [Iter 75] LR: 0.00000305
2025-09-05 17:54:00,004 [INFO] Saving best model at iteration 75
2025-09-05 17:54:00,279 [INFO] [76/300] loss 151.726 | compact 6.79784 | spectral 19.0272 | recons_loss: 0.216732 | sparse_loss: 1.03932 | 
2025-09-05 17:54:00,279 [INFO] [Iter 76] LR: 0.00000305
2025-09-05 17:54:00,282 [INFO] Saving best model at iteration 76
2025-09-05 17:54:00,555 [INFO] [77/300] loss 151.725 | compact 6.79783 | spectral 19.0272 | recons_loss: 0.216731 | sparse_loss: 1.03932 | 
2025-09-05 17:54:00,555 [INFO] [Iter 77] LR: 0.00000153
2025-09-05 17:54:00,556 [INFO] Saving best model at iteration 77
2025-09-05 17:54:00,832 [INFO] [78/300] loss 151.725 | compact 6.79782 | spectral 19.0272 | recons_loss: 0.21673 | sparse_loss: 1.03932 | 
2025-09-05 17:54:00,833 [INFO] [Iter 78] LR: 0.00000153
2025-09-05 17:54:00,834 [INFO] Saving best model at iteration 78
2025-09-05 17:54:01,099 [INFO] [79/300] loss 151.725 | compact 6.7978 | spectral 19.0273 | recons_loss: 0.21673 | sparse_loss: 1.03932 | 
2025-09-05 17:54:01,099 [INFO] [Iter 79] LR: 0.00000153
2025-09-05 17:54:01,100 [INFO] Saving best model at iteration 79
2025-09-05 17:54:01,388 [INFO] [80/300] loss 151.725 | compact 6.79779 | spectral 19.0273 | recons_loss: 0.216729 | sparse_loss: 1.03932 | 
2025-09-05 17:54:01,388 [INFO] [Iter 80] LR: 0.00000076
2025-09-05 17:54:01,393 [INFO] Saving best model at iteration 80
2025-09-05 17:54:01,658 [INFO] [81/300] loss 151.725 | compact 6.79778 | spectral 19.0273 | recons_loss: 0.216729 | sparse_loss: 1.03932 | 
2025-09-05 17:54:01,659 [INFO] [Iter 81] LR: 0.00000076
2025-09-05 17:54:01,660 [INFO] Saving best model at iteration 81
2025-09-05 17:54:01,929 [INFO] [82/300] loss 151.724 | compact 6.79777 | spectral 19.0273 | recons_loss: 0.216729 | sparse_loss: 1.03932 | 
2025-09-05 17:54:01,930 [INFO] [Iter 82] LR: 0.00000076
2025-09-05 17:54:01,931 [INFO] Saving best model at iteration 82
2025-09-05 17:54:02,200 [INFO] [83/300] loss 151.724 | compact 6.79777 | spectral 19.0273 | recons_loss: 0.216728 | sparse_loss: 1.03932 | 
2025-09-05 17:54:02,200 [INFO] [Iter 83] LR: 0.00000038
2025-09-05 17:54:02,201 [INFO] Saving best model at iteration 83
2025-09-05 17:54:02,468 [INFO] [84/300] loss 151.724 | compact 6.79776 | spectral 19.0273 | recons_loss: 0.216728 | sparse_loss: 1.03932 | 
2025-09-05 17:54:02,468 [INFO] [Iter 84] LR: 0.00000038
2025-09-05 17:54:02,470 [INFO] Saving best model at iteration 84
2025-09-05 17:54:02,733 [INFO] [85/300] loss 151.724 | compact 6.79775 | spectral 19.0273 | recons_loss: 0.216728 | sparse_loss: 1.03932 | 
2025-09-05 17:54:02,734 [INFO] [Iter 85] LR: 0.00000038
2025-09-05 17:54:02,736 [INFO] Saving best model at iteration 85
2025-09-05 17:54:02,996 [INFO] [86/300] loss 151.724 | compact 6.79775 | spectral 19.0273 | recons_loss: 0.216727 | sparse_loss: 1.03932 | 
2025-09-05 17:54:02,997 [INFO] [Iter 86] LR: 0.00000019
2025-09-05 17:54:02,998 [INFO] No improvement: current loss 151.723967, best loss 151.724063
2025-09-05 17:54:03,257 [INFO] [87/300] loss 151.724 | compact 6.79774 | spectral 19.0273 | recons_loss: 0.216727 | sparse_loss: 1.03932 | 
2025-09-05 17:54:03,257 [INFO] [Iter 87] LR: 0.00000019
2025-09-05 17:54:03,259 [INFO] Saving best model at iteration 87
2025-09-05 17:54:03,532 [INFO] [88/300] loss 151.724 | compact 6.79774 | spectral 19.0273 | recons_loss: 0.216727 | sparse_loss: 1.03932 | 
2025-09-05 17:54:03,533 [INFO] [Iter 88] LR: 0.00000019
2025-09-05 17:54:03,534 [INFO] No improvement: current loss 151.723802, best loss 151.723880
2025-09-05 17:54:03,791 [INFO] [89/300] loss 151.724 | compact 6.79773 | spectral 19.0273 | recons_loss: 0.216727 | sparse_loss: 1.03932 | 
2025-09-05 17:54:03,792 [INFO] [Iter 89] LR: 0.00000010
2025-09-05 17:54:03,793 [INFO] Saving best model at iteration 89
2025-09-05 17:54:04,051 [INFO] [90/300] loss 151.724 | compact 6.79773 | spectral 19.0273 | recons_loss: 0.216727 | sparse_loss: 1.03932 | 
2025-09-05 17:54:04,051 [INFO] [Iter 90] LR: 0.00000010
2025-09-05 17:54:04,052 [INFO] No improvement: current loss 151.723668, best loss 151.723732
2025-09-05 17:54:04,313 [INFO] [91/300] loss 151.724 | compact 6.79773 | spectral 19.0273 | recons_loss: 0.216726 | sparse_loss: 1.03932 | 
2025-09-05 17:54:04,314 [INFO] [Iter 91] LR: 0.00000010
2025-09-05 17:54:04,315 [INFO] Saving best model at iteration 91
2025-09-05 17:54:04,580 [INFO] [92/300] loss 151.724 | compact 6.79772 | spectral 19.0273 | recons_loss: 0.216726 | sparse_loss: 1.03932 | 
2025-09-05 17:54:04,580 [INFO] [Iter 92] LR: 0.00000005
2025-09-05 17:54:04,581 [INFO] No improvement: current loss 151.723560, best loss 151.723611
2025-09-05 17:54:04,848 [INFO] [93/300] loss 151.724 | compact 6.79772 | spectral 19.0273 | recons_loss: 0.216726 | sparse_loss: 1.03932 | 
2025-09-05 17:54:04,849 [INFO] [Iter 93] LR: 0.00000005
2025-09-05 17:54:04,851 [INFO] No improvement: current loss 151.723514, best loss 151.723611
2025-09-05 17:54:05,125 [INFO] [94/300] loss 151.723 | compact 6.79772 | spectral 19.0273 | recons_loss: 0.216726 | sparse_loss: 1.03932 | 
2025-09-05 17:54:05,126 [INFO] [Iter 94] LR: 0.00000005
2025-09-05 17:54:05,127 [INFO] Saving best model at iteration 94
2025-09-05 17:54:05,388 [INFO] [95/300] loss 151.723 | compact 6.79772 | spectral 19.0273 | recons_loss: 0.216726 | sparse_loss: 1.03932 | 
2025-09-05 17:54:05,389 [INFO] [Iter 95] LR: 0.00000002
2025-09-05 17:54:05,390 [INFO] No improvement: current loss 151.723435, best loss 151.723472
2025-09-05 17:54:05,681 [INFO] [96/300] loss 151.723 | compact 6.79771 | spectral 19.0273 | recons_loss: 0.216726 | sparse_loss: 1.03932 | 
2025-09-05 17:54:05,681 [INFO] [Iter 96] LR: 0.00000002
2025-09-05 17:54:05,682 [INFO] No improvement: current loss 151.723401, best loss 151.723472
2025-09-05 17:54:05,984 [INFO] [97/300] loss 151.723 | compact 6.79771 | spectral 19.0273 | recons_loss: 0.216726 | sparse_loss: 1.03932 | 
2025-09-05 17:54:05,984 [INFO] [Iter 97] LR: 0.00000002
2025-09-05 17:54:05,986 [INFO] Saving best model at iteration 97
2025-09-05 17:54:06,251 [INFO] [98/300] loss 151.723 | compact 6.79771 | spectral 19.0273 | recons_loss: 0.216726 | sparse_loss: 1.03932 | 
2025-09-05 17:54:06,251 [INFO] [Iter 98] LR: 0.00000001
2025-09-05 17:54:06,252 [INFO] No improvement: current loss 151.723344, best loss 151.723371
2025-09-05 17:54:06,526 [INFO] [99/300] loss 151.723 | compact 6.79771 | spectral 19.0273 | recons_loss: 0.216726 | sparse_loss: 1.03932 | 
2025-09-05 17:54:06,526 [INFO] [Iter 99] LR: 0.00000001
2025-09-05 17:54:06,528 [INFO] No improvement: current loss 151.723319, best loss 151.723371
2025-09-05 17:54:06,616 [INFO] H: 160, W: 150
2025-09-05 17:54:07,160 [INFO] [0 1 2 3 4 5 6]
2025-09-05 17:54:07,306 [INFO] y_target: [1 2 3 4 5 6 7]
2025-09-05 17:54:07,306 [INFO] y_predict: [0 1 2 3 4 5 6]
2025-09-05 17:54:07,457 [INFO] Epoch = 100 OA = 0.8215 Kappa = 0.7888 NMI = 0.7290
2025-09-05 17:54:07,669 [INFO] [100/300] loss 151.723 | compact 6.79771 | spectral 19.0273 | recons_loss: 0.216726 | sparse_loss: 1.03932 | 
2025-09-05 17:54:07,669 [INFO] [Iter 100] LR: 0.00000001
2025-09-05 17:54:07,670 [INFO] No improvement: current loss 151.723297, best loss 151.723371
2025-09-05 17:54:07,929 [INFO] [101/300] loss 151.723 | compact 6.79771 | spectral 19.0273 | recons_loss: 0.216726 | sparse_loss: 1.03932 | 
2025-09-05 17:54:07,930 [INFO] [Iter 101] LR: 0.00000001
2025-09-05 17:54:07,931 [INFO] No improvement: current loss 151.723277, best loss 151.723371
2025-09-05 17:54:08,202 [INFO] [102/300] loss 151.723 | compact 6.79771 | spectral 19.0273 | recons_loss: 0.216726 | sparse_loss: 1.03932 | 
2025-09-05 17:54:08,202 [INFO] [Iter 102] LR: 0.00000001
2025-09-05 17:54:08,204 [INFO] Saving best model at iteration 102
2025-09-05 17:54:08,472 [INFO] [103/300] loss 151.723 | compact 6.79771 | spectral 19.0273 | recons_loss: 0.216726 | sparse_loss: 1.03932 | 
2025-09-05 17:54:08,473 [INFO] [Iter 103] LR: 0.00000001
2025-09-05 17:54:08,474 [INFO] No improvement: current loss 151.723244, best loss 151.723260
2025-09-05 17:54:08,741 [INFO] [104/300] loss 151.723 | compact 6.7977 | spectral 19.0273 | recons_loss: 0.216725 | sparse_loss: 1.03932 | 
2025-09-05 17:54:08,741 [INFO] [Iter 104] LR: 0.00000001
2025-09-05 17:54:08,742 [INFO] No improvement: current loss 151.723229, best loss 151.723260
2025-09-05 17:54:09,010 [INFO] [105/300] loss 151.723 | compact 6.7977 | spectral 19.0273 | recons_loss: 0.216725 | sparse_loss: 1.03932 | 
2025-09-05 17:54:09,010 [INFO] [Iter 105] LR: 0.00000001
2025-09-05 17:54:09,013 [INFO] No improvement: current loss 151.723216, best loss 151.723260
2025-09-05 17:54:09,287 [INFO] [106/300] loss 151.723 | compact 6.7977 | spectral 19.0273 | recons_loss: 0.216725 | sparse_loss: 1.03932 | 
2025-09-05 17:54:09,287 [INFO] [Iter 106] LR: 0.00000001
2025-09-05 17:54:09,288 [INFO] No improvement: current loss 151.723204, best loss 151.723260
2025-09-05 17:54:09,566 [INFO] [107/300] loss 151.723 | compact 6.7977 | spectral 19.0273 | recons_loss: 0.216725 | sparse_loss: 1.03932 | 
2025-09-05 17:54:09,567 [INFO] [Iter 107] LR: 0.00000001
2025-09-05 17:54:09,569 [INFO] No improvement: current loss 151.723194, best loss 151.723260
2025-09-05 17:54:09,833 [INFO] [108/300] loss 151.723 | compact 6.7977 | spectral 19.0273 | recons_loss: 0.216725 | sparse_loss: 1.03932 | 
2025-09-05 17:54:09,833 [INFO] [Iter 108] LR: 0.00000001
2025-09-05 17:54:09,835 [INFO] No improvement: current loss 151.723184, best loss 151.723260
2025-09-05 17:54:10,101 [INFO] [109/300] loss 151.723 | compact 6.7977 | spectral 19.0273 | recons_loss: 0.216725 | sparse_loss: 1.03932 | 
2025-09-05 17:54:10,101 [INFO] [Iter 109] LR: 0.00000001
2025-09-05 17:54:10,103 [INFO] No improvement: current loss 151.723176, best loss 151.723260
2025-09-05 17:54:10,371 [INFO] [110/300] loss 151.723 | compact 6.7977 | spectral 19.0273 | recons_loss: 0.216725 | sparse_loss: 1.03932 | 
2025-09-05 17:54:10,371 [INFO] [Iter 110] LR: 0.00000001
2025-09-05 17:54:10,373 [INFO] No improvement: current loss 151.723168, best loss 151.723260
2025-09-05 17:54:10,652 [INFO] [111/300] loss 151.723 | compact 6.7977 | spectral 19.0273 | recons_loss: 0.216725 | sparse_loss: 1.03932 | 
2025-09-05 17:54:10,652 [INFO] [Iter 111] LR: 0.00000001
2025-09-05 17:54:10,653 [INFO] No improvement: current loss 151.723161, best loss 151.723260
2025-09-05 17:54:10,921 [INFO] [112/300] loss 151.723 | compact 6.7977 | spectral 19.0273 | recons_loss: 0.216725 | sparse_loss: 1.03932 | 
2025-09-05 17:54:10,922 [INFO] [Iter 112] LR: 0.00000001
2025-09-05 17:54:10,923 [INFO] Saving best model at iteration 112
2025-09-05 17:54:11,198 [INFO] [113/300] loss 151.723 | compact 6.7977 | spectral 19.0273 | recons_loss: 0.216725 | sparse_loss: 1.03932 | 
2025-09-05 17:54:11,199 [INFO] [Iter 113] LR: 0.00000001
2025-09-05 17:54:11,201 [INFO] No improvement: current loss 151.723149, best loss 151.723155
2025-09-05 17:54:11,472 [INFO] [114/300] loss 151.723 | compact 6.7977 | spectral 19.0273 | recons_loss: 0.216725 | sparse_loss: 1.03932 | 
2025-09-05 17:54:11,473 [INFO] [Iter 114] LR: 0.00000001
2025-09-05 17:54:11,474 [INFO] No improvement: current loss 151.723144, best loss 151.723155
2025-09-05 17:54:11,741 [INFO] [115/300] loss 151.723 | compact 6.7977 | spectral 19.0273 | recons_loss: 0.216725 | sparse_loss: 1.03932 | 
2025-09-05 17:54:11,741 [INFO] [Iter 115] LR: 0.00000001
2025-09-05 17:54:11,744 [INFO] No improvement: current loss 151.723140, best loss 151.723155
2025-09-05 17:54:12,006 [INFO] [116/300] loss 151.723 | compact 6.7977 | spectral 19.0273 | recons_loss: 0.216725 | sparse_loss: 1.03932 | 
2025-09-05 17:54:12,007 [INFO] [Iter 116] LR: 0.00000001
2025-09-05 17:54:12,008 [INFO] No improvement: current loss 151.723136, best loss 151.723155
2025-09-05 17:54:12,271 [INFO] [117/300] loss 151.723 | compact 6.7977 | spectral 19.0273 | recons_loss: 0.216725 | sparse_loss: 1.03932 | 
2025-09-05 17:54:12,272 [INFO] [Iter 117] LR: 0.00000001
2025-09-05 17:54:12,274 [INFO] No improvement: current loss 151.723132, best loss 151.723155
2025-09-05 17:54:12,547 [INFO] [118/300] loss 151.723 | compact 6.7977 | spectral 19.0273 | recons_loss: 0.216725 | sparse_loss: 1.03932 | 
2025-09-05 17:54:12,547 [INFO] [Iter 118] LR: 0.00000001
2025-09-05 17:54:12,548 [INFO] No improvement: current loss 151.723129, best loss 151.723155
2025-09-05 17:54:12,812 [INFO] [119/300] loss 151.723 | compact 6.7977 | spectral 19.0273 | recons_loss: 0.216725 | sparse_loss: 1.03932 | 
2025-09-05 17:54:12,813 [INFO] [Iter 119] LR: 0.00000001
2025-09-05 17:54:12,814 [INFO] No improvement: current loss 151.723126, best loss 151.723155
2025-09-05 17:54:13,089 [INFO] [120/300] loss 151.723 | compact 6.7977 | spectral 19.0273 | recons_loss: 0.216725 | sparse_loss: 1.03932 | 
2025-09-05 17:54:13,089 [INFO] [Iter 120] LR: 0.00000001
2025-09-05 17:54:13,091 [INFO] No improvement: current loss 151.723123, best loss 151.723155
2025-09-05 17:54:13,360 [INFO] [121/300] loss 151.723 | compact 6.7977 | spectral 19.0273 | recons_loss: 0.216725 | sparse_loss: 1.03932 | 
2025-09-05 17:54:13,360 [INFO] [Iter 121] LR: 0.00000001
2025-09-05 17:54:13,362 [INFO] No improvement: current loss 151.723120, best loss 151.723155
2025-09-05 17:54:13,631 [INFO] [122/300] loss 151.723 | compact 6.7977 | spectral 19.0273 | recons_loss: 0.216725 | sparse_loss: 1.03932 | 
2025-09-05 17:54:13,632 [INFO] [Iter 122] LR: 0.00000001
2025-09-05 17:54:13,633 [INFO] No improvement: current loss 151.723118, best loss 151.723155
2025-09-05 17:54:13,911 [INFO] [123/300] loss 151.723 | compact 6.7977 | spectral 19.0273 | recons_loss: 0.216725 | sparse_loss: 1.03932 | 
2025-09-05 17:54:13,912 [INFO] [Iter 123] LR: 0.00000001
2025-09-05 17:54:13,914 [INFO] No improvement: current loss 151.723116, best loss 151.723155
2025-09-05 17:54:14,187 [INFO] [124/300] loss 151.723 | compact 6.7977 | spectral 19.0273 | recons_loss: 0.216725 | sparse_loss: 1.03932 | 
2025-09-05 17:54:14,187 [INFO] [Iter 124] LR: 0.00000001
2025-09-05 17:54:14,188 [INFO] No improvement: current loss 151.723115, best loss 151.723155
2025-09-05 17:54:14,459 [INFO] [125/300] loss 151.723 | compact 6.7977 | spectral 19.0273 | recons_loss: 0.216725 | sparse_loss: 1.03932 | 
2025-09-05 17:54:14,459 [INFO] [Iter 125] LR: 0.00000001
2025-09-05 17:54:14,460 [INFO] No improvement: current loss 151.723113, best loss 151.723155
2025-09-05 17:54:14,735 [INFO] [126/300] loss 151.723 | compact 6.7977 | spectral 19.0273 | recons_loss: 0.216725 | sparse_loss: 1.03932 | 
2025-09-05 17:54:14,735 [INFO] [Iter 126] LR: 0.00000001
2025-09-05 17:54:14,736 [INFO] No improvement: current loss 151.723112, best loss 151.723155
2025-09-05 17:54:15,027 [INFO] [127/300] loss 151.723 | compact 6.7977 | spectral 19.0273 | recons_loss: 0.216725 | sparse_loss: 1.03932 | 
2025-09-05 17:54:15,027 [INFO] [Iter 127] LR: 0.00000001
2025-09-05 17:54:15,029 [INFO] No improvement: current loss 151.723110, best loss 151.723155
2025-09-05 17:54:15,292 [INFO] [128/300] loss 151.723 | compact 6.7977 | spectral 19.0273 | recons_loss: 0.216725 | sparse_loss: 1.03932 | 
2025-09-05 17:54:15,293 [INFO] [Iter 128] LR: 0.00000001
2025-09-05 17:54:15,295 [INFO] No improvement: current loss 151.723109, best loss 151.723155
2025-09-05 17:54:15,557 [INFO] [129/300] loss 151.723 | compact 6.7977 | spectral 19.0273 | recons_loss: 0.216725 | sparse_loss: 1.03932 | 
2025-09-05 17:54:15,557 [INFO] [Iter 129] LR: 0.00000001
2025-09-05 17:54:15,559 [INFO] No improvement: current loss 151.723108, best loss 151.723155
2025-09-05 17:54:15,829 [INFO] [130/300] loss 151.723 | compact 6.7977 | spectral 19.0273 | recons_loss: 0.216725 | sparse_loss: 1.03932 | 
2025-09-05 17:54:15,829 [INFO] [Iter 130] LR: 0.00000001
2025-09-05 17:54:15,831 [INFO] No improvement: current loss 151.723107, best loss 151.723155
2025-09-05 17:54:16,102 [INFO] [131/300] loss 151.723 | compact 6.7977 | spectral 19.0273 | recons_loss: 0.216725 | sparse_loss: 1.03932 | 
2025-09-05 17:54:16,103 [INFO] [Iter 131] LR: 0.00000001
2025-09-05 17:54:16,104 [INFO] No improvement: current loss 151.723106, best loss 151.723155
2025-09-05 17:54:16,364 [INFO] [132/300] loss 151.723 | compact 6.7977 | spectral 19.0273 | recons_loss: 0.216725 | sparse_loss: 1.03932 | 
2025-09-05 17:54:16,365 [INFO] [Iter 132] LR: 0.00000001
2025-09-05 17:54:16,366 [INFO] No improvement: current loss 151.723106, best loss 151.723155
2025-09-05 17:54:16,634 [INFO] [133/300] loss 151.723 | compact 6.7977 | spectral 19.0273 | recons_loss: 0.216725 | sparse_loss: 1.03932 | 
2025-09-05 17:54:16,637 [INFO] [Iter 133] LR: 0.00000001
2025-09-05 17:54:16,640 [INFO] No improvement: current loss 151.723105, best loss 151.723155
2025-09-05 17:54:16,910 [INFO] [134/300] loss 151.723 | compact 6.7977 | spectral 19.0273 | recons_loss: 0.216725 | sparse_loss: 1.03932 | 
2025-09-05 17:54:16,910 [INFO] [Iter 134] LR: 0.00000001
2025-09-05 17:54:16,911 [INFO] No improvement: current loss 151.723104, best loss 151.723155
2025-09-05 17:54:17,168 [INFO] [135/300] loss 151.723 | compact 6.7977 | spectral 19.0273 | recons_loss: 0.216725 | sparse_loss: 1.03932 | 
2025-09-05 17:54:17,169 [INFO] [Iter 135] LR: 0.00000001
2025-09-05 17:54:17,170 [INFO] No improvement: current loss 151.723104, best loss 151.723155
2025-09-05 17:54:17,432 [INFO] [136/300] loss 151.723 | compact 6.7977 | spectral 19.0273 | recons_loss: 0.216725 | sparse_loss: 1.03932 | 
2025-09-05 17:54:17,432 [INFO] [Iter 136] LR: 0.00000001
2025-09-05 17:54:17,434 [INFO] No improvement: current loss 151.723103, best loss 151.723155
2025-09-05 17:54:17,713 [INFO] [137/300] loss 151.723 | compact 6.7977 | spectral 19.0273 | recons_loss: 0.216725 | sparse_loss: 1.03932 | 
2025-09-05 17:54:17,713 [INFO] [Iter 137] LR: 0.00000001
2025-09-05 17:54:17,717 [INFO] No improvement: current loss 151.723103, best loss 151.723155
2025-09-05 17:54:17,984 [INFO] [138/300] loss 151.723 | compact 6.7977 | spectral 19.0273 | recons_loss: 0.216725 | sparse_loss: 1.03932 | 
2025-09-05 17:54:17,984 [INFO] [Iter 138] LR: 0.00000001
2025-09-05 17:54:17,986 [INFO] No improvement: current loss 151.723102, best loss 151.723155
2025-09-05 17:54:18,269 [INFO] [139/300] loss 151.723 | compact 6.7977 | spectral 19.0273 | recons_loss: 0.216725 | sparse_loss: 1.03932 | 
2025-09-05 17:54:18,269 [INFO] [Iter 139] LR: 0.00000001
2025-09-05 17:54:18,271 [INFO] No improvement: current loss 151.723102, best loss 151.723155
2025-09-05 17:54:18,536 [INFO] [140/300] loss 151.723 | compact 6.7977 | spectral 19.0273 | recons_loss: 0.216725 | sparse_loss: 1.03932 | 
2025-09-05 17:54:18,537 [INFO] [Iter 140] LR: 0.00000001
2025-09-05 17:54:18,539 [INFO] No improvement: current loss 151.723102, best loss 151.723155
2025-09-05 17:54:18,806 [INFO] [141/300] loss 151.723 | compact 6.7977 | spectral 19.0273 | recons_loss: 0.216725 | sparse_loss: 1.03932 | 
2025-09-05 17:54:18,806 [INFO] [Iter 141] LR: 0.00000001
2025-09-05 17:54:18,807 [INFO] No improvement: current loss 151.723101, best loss 151.723155
2025-09-05 17:54:19,076 [INFO] [142/300] loss 151.723 | compact 6.7977 | spectral 19.0273 | recons_loss: 0.216725 | sparse_loss: 1.03932 | 
2025-09-05 17:54:19,077 [INFO] [Iter 142] LR: 0.00000001
2025-09-05 17:54:19,078 [INFO] No improvement: current loss 151.723101, best loss 151.723155
2025-09-05 17:54:19,350 [INFO] [143/300] loss 151.723 | compact 6.7977 | spectral 19.0273 | recons_loss: 0.216725 | sparse_loss: 1.03932 | 
2025-09-05 17:54:19,350 [INFO] [Iter 143] LR: 0.00000001
2025-09-05 17:54:19,352 [INFO] No improvement: current loss 151.723101, best loss 151.723155
2025-09-05 17:54:19,633 [INFO] [144/300] loss 151.723 | compact 6.7977 | spectral 19.0273 | recons_loss: 0.216725 | sparse_loss: 1.03932 | 
2025-09-05 17:54:19,634 [INFO] [Iter 144] LR: 0.00000001
2025-09-05 17:54:19,635 [INFO] No improvement: current loss 151.723101, best loss 151.723155
2025-09-05 17:54:19,905 [INFO] [145/300] loss 151.723 | compact 6.7977 | spectral 19.0273 | recons_loss: 0.216725 | sparse_loss: 1.03932 | 
2025-09-05 17:54:19,906 [INFO] [Iter 145] LR: 0.00000001
2025-09-05 17:54:19,908 [INFO] No improvement: current loss 151.723100, best loss 151.723155
2025-09-05 17:54:20,174 [INFO] [146/300] loss 151.723 | compact 6.7977 | spectral 19.0273 | recons_loss: 0.216725 | sparse_loss: 1.03932 | 
2025-09-05 17:54:20,175 [INFO] [Iter 146] LR: 0.00000001
2025-09-05 17:54:20,176 [INFO] No improvement: current loss 151.723100, best loss 151.723155
2025-09-05 17:54:20,444 [INFO] [147/300] loss 151.723 | compact 6.7977 | spectral 19.0273 | recons_loss: 0.216725 | sparse_loss: 1.03932 | 
2025-09-05 17:54:20,445 [INFO] [Iter 147] LR: 0.00000001
2025-09-05 17:54:20,446 [INFO] No improvement: current loss 151.723100, best loss 151.723155
2025-09-05 17:54:20,705 [INFO] [148/300] loss 151.723 | compact 6.7977 | spectral 19.0273 | recons_loss: 0.216725 | sparse_loss: 1.03932 | 
2025-09-05 17:54:20,705 [INFO] [Iter 148] LR: 0.00000001
2025-09-05 17:54:20,706 [INFO] No improvement: current loss 151.723100, best loss 151.723155
2025-09-05 17:54:20,969 [INFO] [149/300] loss 151.723 | compact 6.7977 | spectral 19.0273 | recons_loss: 0.216725 | sparse_loss: 1.03932 | 
2025-09-05 17:54:20,970 [INFO] [Iter 149] LR: 0.00000001
2025-09-05 17:54:20,973 [INFO] No improvement: current loss 151.723100, best loss 151.723155
2025-09-05 17:54:21,058 [INFO] H: 160, W: 150
2025-09-05 17:54:21,812 [INFO] [0 1 2 3 4 5 6]
2025-09-05 17:54:21,999 [INFO] y_target: [1 2 3 4 5 6 7]
2025-09-05 17:54:22,000 [INFO] y_predict: [0 1 2 3 4 5 6]
2025-09-05 17:54:22,169 [INFO] Epoch = 150 OA = 0.8215 Kappa = 0.7888 NMI = 0.7290
2025-09-05 17:54:22,382 [INFO] [150/300] loss 151.723 | compact 6.7977 | spectral 19.0273 | recons_loss: 0.216725 | sparse_loss: 1.03932 | 
2025-09-05 17:54:22,382 [INFO] [Iter 150] LR: 0.00000001
2025-09-05 17:54:22,384 [INFO] No improvement: current loss 151.723100, best loss 151.723155
2025-09-05 17:54:22,652 [INFO] [151/300] loss 151.723 | compact 6.7977 | spectral 19.0273 | recons_loss: 0.216725 | sparse_loss: 1.03932 | 
2025-09-05 17:54:22,653 [INFO] [Iter 151] LR: 0.00000001
2025-09-05 17:54:22,655 [INFO] No improvement: current loss 151.723100, best loss 151.723155
2025-09-05 17:54:22,931 [INFO] [152/300] loss 151.723 | compact 6.7977 | spectral 19.0273 | recons_loss: 0.216725 | sparse_loss: 1.03932 | 
2025-09-05 17:54:22,932 [INFO] [Iter 152] LR: 0.00000001
2025-09-05 17:54:22,934 [INFO] No improvement: current loss 151.723100, best loss 151.723155
2025-09-05 17:54:23,196 [INFO] [153/300] loss 151.723 | compact 6.7977 | spectral 19.0273 | recons_loss: 0.216725 | sparse_loss: 1.03932 | 
2025-09-05 17:54:23,196 [INFO] [Iter 153] LR: 0.00000001
2025-09-05 17:54:23,198 [INFO] No improvement: current loss 151.723100, best loss 151.723155
2025-09-05 17:54:23,473 [INFO] [154/300] loss 151.723 | compact 6.7977 | spectral 19.0273 | recons_loss: 0.216725 | sparse_loss: 1.03932 | 
2025-09-05 17:54:23,473 [INFO] [Iter 154] LR: 0.00000001
2025-09-05 17:54:23,475 [INFO] No improvement: current loss 151.723099, best loss 151.723155
2025-09-05 17:54:23,740 [INFO] [155/300] loss 151.723 | compact 6.7977 | spectral 19.0273 | recons_loss: 0.216725 | sparse_loss: 1.03932 | 
2025-09-05 17:54:23,741 [INFO] [Iter 155] LR: 0.00000001
2025-09-05 17:54:23,743 [INFO] No improvement: current loss 151.723099, best loss 151.723155
2025-09-05 17:54:24,018 [INFO] [156/300] loss 151.723 | compact 6.7977 | spectral 19.0273 | recons_loss: 0.216725 | sparse_loss: 1.03932 | 
2025-09-05 17:54:24,018 [INFO] [Iter 156] LR: 0.00000001
2025-09-05 17:54:24,019 [INFO] No improvement: current loss 151.723099, best loss 151.723155
2025-09-05 17:54:24,280 [INFO] [157/300] loss 151.723 | compact 6.7977 | spectral 19.0273 | recons_loss: 0.216725 | sparse_loss: 1.03932 | 
2025-09-05 17:54:24,281 [INFO] [Iter 157] LR: 0.00000001
2025-09-05 17:54:24,282 [INFO] No improvement: current loss 151.723099, best loss 151.723155
2025-09-05 17:54:24,539 [INFO] [158/300] loss 151.723 | compact 6.7977 | spectral 19.0273 | recons_loss: 0.216725 | sparse_loss: 1.03932 | 
2025-09-05 17:54:24,540 [INFO] [Iter 158] LR: 0.00000001
2025-09-05 17:54:24,541 [INFO] No improvement: current loss 151.723099, best loss 151.723155
2025-09-05 17:54:24,797 [INFO] [159/300] loss 151.723 | compact 6.7977 | spectral 19.0273 | recons_loss: 0.216725 | sparse_loss: 1.03932 | 
2025-09-05 17:54:24,798 [INFO] [Iter 159] LR: 0.00000001
2025-09-05 17:54:24,799 [INFO] No improvement: current loss 151.723099, best loss 151.723155
2025-09-05 17:54:25,055 [INFO] [160/300] loss 151.723 | compact 6.7977 | spectral 19.0273 | recons_loss: 0.216725 | sparse_loss: 1.03932 | 
2025-09-05 17:54:25,055 [INFO] [Iter 160] LR: 0.00000001
2025-09-05 17:54:25,057 [INFO] No improvement: current loss 151.723099, best loss 151.723155
2025-09-05 17:54:25,313 [INFO] [161/300] loss 151.723 | compact 6.7977 | spectral 19.0273 | recons_loss: 0.216725 | sparse_loss: 1.03932 | 
2025-09-05 17:54:25,314 [INFO] [Iter 161] LR: 0.00000001
2025-09-05 17:54:25,315 [INFO] No improvement: current loss 151.723099, best loss 151.723155
2025-09-05 17:54:25,575 [INFO] [162/300] loss 151.723 | compact 6.7977 | spectral 19.0273 | recons_loss: 0.216725 | sparse_loss: 1.03932 | 
2025-09-05 17:54:25,576 [INFO] [Iter 162] LR: 0.00000001
2025-09-05 17:54:25,578 [INFO] No improvement: current loss 151.723099, best loss 151.723155
2025-09-05 17:54:25,836 [INFO] [163/300] loss 151.723 | compact 6.7977 | spectral 19.0273 | recons_loss: 0.216725 | sparse_loss: 1.03932 | 
2025-09-05 17:54:25,837 [INFO] [Iter 163] LR: 0.00000001
2025-09-05 17:54:25,838 [INFO] No improvement: current loss 151.723099, best loss 151.723155
2025-09-05 17:54:26,096 [INFO] [164/300] loss 151.723 | compact 6.7977 | spectral 19.0273 | recons_loss: 0.216725 | sparse_loss: 1.03932 | 
2025-09-05 17:54:26,097 [INFO] [Iter 164] LR: 0.00000001
2025-09-05 17:54:26,098 [INFO] No improvement: current loss 151.723099, best loss 151.723155
2025-09-05 17:54:26,364 [INFO] [165/300] loss 151.723 | compact 6.7977 | spectral 19.0273 | recons_loss: 0.216725 | sparse_loss: 1.03932 | 
2025-09-05 17:54:26,364 [INFO] [Iter 165] LR: 0.00000001
2025-09-05 17:54:26,366 [INFO] No improvement: current loss 151.723099, best loss 151.723155
2025-09-05 17:54:26,642 [INFO] [166/300] loss 151.723 | compact 6.7977 | spectral 19.0273 | recons_loss: 0.216725 | sparse_loss: 1.03932 | 
2025-09-05 17:54:26,643 [INFO] [Iter 166] LR: 0.00000001
2025-09-05 17:54:26,645 [INFO] No improvement: current loss 151.723099, best loss 151.723155
2025-09-05 17:54:26,920 [INFO] [167/300] loss 151.723 | compact 6.7977 | spectral 19.0273 | recons_loss: 0.216725 | sparse_loss: 1.03932 | 
2025-09-05 17:54:26,921 [INFO] [Iter 167] LR: 0.00000001
2025-09-05 17:54:26,924 [INFO] No improvement: current loss 151.723099, best loss 151.723155
2025-09-05 17:54:27,232 [INFO] [168/300] loss 151.723 | compact 6.7977 | spectral 19.0273 | recons_loss: 0.216725 | sparse_loss: 1.03932 | 
2025-09-05 17:54:27,233 [INFO] [Iter 168] LR: 0.00000001
2025-09-05 17:54:27,235 [INFO] No improvement: current loss 151.723099, best loss 151.723155
2025-09-05 17:54:27,499 [INFO] [169/300] loss 151.723 | compact 6.7977 | spectral 19.0273 | recons_loss: 0.216725 | sparse_loss: 1.03932 | 
2025-09-05 17:54:27,500 [INFO] [Iter 169] LR: 0.00000001
2025-09-05 17:54:27,501 [INFO] No improvement: current loss 151.723099, best loss 151.723155
2025-09-05 17:54:27,762 [INFO] [170/300] loss 151.723 | compact 6.7977 | spectral 19.0273 | recons_loss: 0.216725 | sparse_loss: 1.03932 | 
2025-09-05 17:54:27,763 [INFO] [Iter 170] LR: 0.00000001
2025-09-05 17:54:27,764 [INFO] No improvement: current loss 151.723099, best loss 151.723155
2025-09-05 17:54:28,021 [INFO] [171/300] loss 151.723 | compact 6.7977 | spectral 19.0273 | recons_loss: 0.216725 | sparse_loss: 1.03932 | 
2025-09-05 17:54:28,022 [INFO] [Iter 171] LR: 0.00000001
2025-09-05 17:54:28,023 [INFO] No improvement: current loss 151.723099, best loss 151.723155
2025-09-05 17:54:28,295 [INFO] [172/300] loss 151.723 | compact 6.7977 | spectral 19.0273 | recons_loss: 0.216725 | sparse_loss: 1.03932 | 
2025-09-05 17:54:28,295 [INFO] [Iter 172] LR: 0.00000001
2025-09-05 17:54:28,297 [INFO] No improvement: current loss 151.723099, best loss 151.723155
2025-09-05 17:54:28,557 [INFO] [173/300] loss 151.723 | compact 6.7977 | spectral 19.0273 | recons_loss: 0.216725 | sparse_loss: 1.03932 | 
2025-09-05 17:54:28,558 [INFO] [Iter 173] LR: 0.00000001
2025-09-05 17:54:28,559 [INFO] No improvement: current loss 151.723099, best loss 151.723155
2025-09-05 17:54:28,820 [INFO] [174/300] loss 151.723 | compact 6.7977 | spectral 19.0273 | recons_loss: 0.216725 | sparse_loss: 1.03932 | 
2025-09-05 17:54:28,820 [INFO] [Iter 174] LR: 0.00000001
2025-09-05 17:54:28,823 [INFO] No improvement: current loss 151.723099, best loss 151.723155
2025-09-05 17:54:29,088 [INFO] [175/300] loss 151.723 | compact 6.7977 | spectral 19.0273 | recons_loss: 0.216725 | sparse_loss: 1.03932 | 
2025-09-05 17:54:29,089 [INFO] [Iter 175] LR: 0.00000001
2025-09-05 17:54:29,091 [INFO] No improvement: current loss 151.723099, best loss 151.723155
2025-09-05 17:54:29,354 [INFO] [176/300] loss 151.723 | compact 6.7977 | spectral 19.0273 | recons_loss: 0.216725 | sparse_loss: 1.03932 | 
2025-09-05 17:54:29,355 [INFO] [Iter 176] LR: 0.00000001
2025-09-05 17:54:29,356 [INFO] No improvement: current loss 151.723099, best loss 151.723155
2025-09-05 17:54:29,619 [INFO] [177/300] loss 151.723 | compact 6.7977 | spectral 19.0273 | recons_loss: 0.216725 | sparse_loss: 1.03932 | 
2025-09-05 17:54:29,619 [INFO] [Iter 177] LR: 0.00000001
2025-09-05 17:54:29,621 [INFO] No improvement: current loss 151.723099, best loss 151.723155
2025-09-05 17:54:29,878 [INFO] [178/300] loss 151.723 | compact 6.7977 | spectral 19.0273 | recons_loss: 0.216725 | sparse_loss: 1.03932 | 
2025-09-05 17:54:29,879 [INFO] [Iter 178] LR: 0.00000001
2025-09-05 17:54:29,881 [INFO] No improvement: current loss 151.723099, best loss 151.723155
2025-09-05 17:54:30,154 [INFO] [179/300] loss 151.723 | compact 6.7977 | spectral 19.0273 | recons_loss: 0.216725 | sparse_loss: 1.03932 | 
2025-09-05 17:54:30,154 [INFO] [Iter 179] LR: 0.00000001
2025-09-05 17:54:30,156 [INFO] No improvement: current loss 151.723099, best loss 151.723155
2025-09-05 17:54:30,424 [INFO] [180/300] loss 151.723 | compact 6.7977 | spectral 19.0273 | recons_loss: 0.216725 | sparse_loss: 1.03932 | 
2025-09-05 17:54:30,425 [INFO] [Iter 180] LR: 0.00000001
2025-09-05 17:54:30,426 [INFO] No improvement: current loss 151.723099, best loss 151.723155
2025-09-05 17:54:30,699 [INFO] [181/300] loss 151.723 | compact 6.7977 | spectral 19.0273 | recons_loss: 0.216725 | sparse_loss: 1.03932 | 
2025-09-05 17:54:30,699 [INFO] [Iter 181] LR: 0.00000001
2025-09-05 17:54:30,702 [INFO] No improvement: current loss 151.723099, best loss 151.723155
2025-09-05 17:54:30,959 [INFO] [182/300] loss 151.723 | compact 6.7977 | spectral 19.0273 | recons_loss: 0.216725 | sparse_loss: 1.03932 | 
2025-09-05 17:54:30,960 [INFO] [Iter 182] LR: 0.00000001
2025-09-05 17:54:30,962 [INFO] No improvement: current loss 151.723099, best loss 151.723155
2025-09-05 17:54:31,235 [INFO] [183/300] loss 151.723 | compact 6.7977 | spectral 19.0273 | recons_loss: 0.216725 | sparse_loss: 1.03932 | 
2025-09-05 17:54:31,236 [INFO] [Iter 183] LR: 0.00000001
2025-09-05 17:54:31,238 [INFO] No improvement: current loss 151.723099, best loss 151.723155
2025-09-05 17:54:31,495 [INFO] [184/300] loss 151.723 | compact 6.7977 | spectral 19.0273 | recons_loss: 0.216725 | sparse_loss: 1.03932 | 
2025-09-05 17:54:31,496 [INFO] [Iter 184] LR: 0.00000001
2025-09-05 17:54:31,497 [INFO] No improvement: current loss 151.723099, best loss 151.723155
2025-09-05 17:54:31,754 [INFO] [185/300] loss 151.723 | compact 6.7977 | spectral 19.0273 | recons_loss: 0.216725 | sparse_loss: 1.03932 | 
2025-09-05 17:54:31,755 [INFO] [Iter 185] LR: 0.00000001
2025-09-05 17:54:31,758 [INFO] No improvement: current loss 151.723099, best loss 151.723155
2025-09-05 17:54:32,054 [INFO] [186/300] loss 151.723 | compact 6.7977 | spectral 19.0273 | recons_loss: 0.216725 | sparse_loss: 1.03932 | 
2025-09-05 17:54:32,054 [INFO] [Iter 186] LR: 0.00000001
2025-09-05 17:54:32,056 [INFO] No improvement: current loss 151.723099, best loss 151.723155
2025-09-05 17:54:32,320 [INFO] [187/300] loss 151.723 | compact 6.7977 | spectral 19.0273 | recons_loss: 0.216725 | sparse_loss: 1.03932 | 
2025-09-05 17:54:32,321 [INFO] [Iter 187] LR: 0.00000001
2025-09-05 17:54:32,322 [INFO] No improvement: current loss 151.723099, best loss 151.723155
2025-09-05 17:54:32,582 [INFO] [188/300] loss 151.723 | compact 6.7977 | spectral 19.0273 | recons_loss: 0.216725 | sparse_loss: 1.03932 | 
2025-09-05 17:54:32,582 [INFO] [Iter 188] LR: 0.00000001
2025-09-05 17:54:32,585 [INFO] No improvement: current loss 151.723099, best loss 151.723155
2025-09-05 17:54:32,844 [INFO] [189/300] loss 151.723 | compact 6.7977 | spectral 19.0273 | recons_loss: 0.216725 | sparse_loss: 1.03932 | 
2025-09-05 17:54:32,844 [INFO] [Iter 189] LR: 0.00000001
2025-09-05 17:54:32,845 [INFO] No improvement: current loss 151.723099, best loss 151.723155
2025-09-05 17:54:33,106 [INFO] [190/300] loss 151.723 | compact 6.7977 | spectral 19.0273 | recons_loss: 0.216725 | sparse_loss: 1.03932 | 
2025-09-05 17:54:33,107 [INFO] [Iter 190] LR: 0.00000001
2025-09-05 17:54:33,109 [INFO] No improvement: current loss 151.723099, best loss 151.723155
2025-09-05 17:54:33,388 [INFO] [191/300] loss 151.723 | compact 6.7977 | spectral 19.0273 | recons_loss: 0.216725 | sparse_loss: 1.03932 | 
2025-09-05 17:54:33,389 [INFO] [Iter 191] LR: 0.00000001
2025-09-05 17:54:33,390 [INFO] No improvement: current loss 151.723099, best loss 151.723155
2025-09-05 17:54:33,647 [INFO] [192/300] loss 151.723 | compact 6.7977 | spectral 19.0273 | recons_loss: 0.216725 | sparse_loss: 1.03932 | 
2025-09-05 17:54:33,648 [INFO] [Iter 192] LR: 0.00000001
2025-09-05 17:54:33,649 [INFO] No improvement: current loss 151.723099, best loss 151.723155
2025-09-05 17:54:33,908 [INFO] [193/300] loss 151.723 | compact 6.7977 | spectral 19.0273 | recons_loss: 0.216725 | sparse_loss: 1.03932 | 
2025-09-05 17:54:33,909 [INFO] [Iter 193] LR: 0.00000001
2025-09-05 17:54:33,911 [INFO] No improvement: current loss 151.723099, best loss 151.723155
2025-09-05 17:54:34,174 [INFO] [194/300] loss 151.723 | compact 6.7977 | spectral 19.0273 | recons_loss: 0.216725 | sparse_loss: 1.03932 | 
2025-09-05 17:54:34,174 [INFO] [Iter 194] LR: 0.00000001
2025-09-05 17:54:34,175 [INFO] No improvement: current loss 151.723099, best loss 151.723155
2025-09-05 17:54:34,433 [INFO] [195/300] loss 151.723 | compact 6.7977 | spectral 19.0273 | recons_loss: 0.216725 | sparse_loss: 1.03932 | 
2025-09-05 17:54:34,434 [INFO] [Iter 195] LR: 0.00000001
2025-09-05 17:54:34,436 [INFO] No improvement: current loss 151.723099, best loss 151.723155
2025-09-05 17:54:34,705 [INFO] [196/300] loss 151.723 | compact 6.7977 | spectral 19.0273 | recons_loss: 0.216725 | sparse_loss: 1.03932 | 
2025-09-05 17:54:34,705 [INFO] [Iter 196] LR: 0.00000001
2025-09-05 17:54:34,706 [INFO] No improvement: current loss 151.723099, best loss 151.723155
2025-09-05 17:54:34,963 [INFO] [197/300] loss 151.723 | compact 6.7977 | spectral 19.0273 | recons_loss: 0.216725 | sparse_loss: 1.03932 | 
2025-09-05 17:54:34,963 [INFO] [Iter 197] LR: 0.00000001
2025-09-05 17:54:34,965 [INFO] No improvement: current loss 151.723099, best loss 151.723155
2025-09-05 17:54:35,231 [INFO] [198/300] loss 151.723 | compact 6.7977 | spectral 19.0273 | recons_loss: 0.216725 | sparse_loss: 1.03932 | 
2025-09-05 17:54:35,231 [INFO] [Iter 198] LR: 0.00000001
2025-09-05 17:54:35,233 [INFO] No improvement: current loss 151.723099, best loss 151.723155
2025-09-05 17:54:35,490 [INFO] [199/300] loss 151.723 | compact 6.7977 | spectral 19.0273 | recons_loss: 0.216725 | sparse_loss: 1.03932 | 
2025-09-05 17:54:35,490 [INFO] [Iter 199] LR: 0.00000001
2025-09-05 17:54:35,492 [INFO] No improvement: current loss 151.723099, best loss 151.723155
2025-09-05 17:54:35,553 [INFO] H: 160, W: 150
2025-09-05 17:54:35,659 [INFO] [0 1 2 3 4 5 6]
2025-09-05 17:54:35,820 [INFO] y_target: [1 2 3 4 5 6 7]
2025-09-05 17:54:35,820 [INFO] y_predict: [0 1 2 3 4 5 6]
2025-09-05 17:54:35,985 [INFO] Epoch = 200 OA = 0.8215 Kappa = 0.7888 NMI = 0.7290
2025-09-05 17:54:36,196 [INFO] [200/300] loss 151.723 | compact 6.7977 | spectral 19.0273 | recons_loss: 0.216725 | sparse_loss: 1.03932 | 
2025-09-05 17:54:36,197 [INFO] [Iter 200] LR: 0.00000001
2025-09-05 17:54:36,200 [INFO] No improvement: current loss 151.723099, best loss 151.723155
2025-09-05 17:54:36,462 [INFO] [201/300] loss 151.723 | compact 6.7977 | spectral 19.0273 | recons_loss: 0.216725 | sparse_loss: 1.03932 | 
2025-09-05 17:54:36,463 [INFO] [Iter 201] LR: 0.00000001
2025-09-05 17:54:36,464 [INFO] No improvement: current loss 151.723099, best loss 151.723155
2025-09-05 17:54:36,722 [INFO] [202/300] loss 151.723 | compact 6.7977 | spectral 19.0273 | recons_loss: 0.216725 | sparse_loss: 1.03932 | 
2025-09-05 17:54:36,722 [INFO] [Iter 202] LR: 0.00000001
2025-09-05 17:54:36,724 [INFO] No improvement: current loss 151.723099, best loss 151.723155
2025-09-05 17:54:36,995 [INFO] [203/300] loss 151.723 | compact 6.7977 | spectral 19.0273 | recons_loss: 0.216725 | sparse_loss: 1.03932 | 
2025-09-05 17:54:36,995 [INFO] [Iter 203] LR: 0.00000001
2025-09-05 17:54:36,997 [INFO] No improvement: current loss 151.723099, best loss 151.723155
2025-09-05 17:54:37,254 [INFO] [204/300] loss 151.723 | compact 6.7977 | spectral 19.0273 | recons_loss: 0.216725 | sparse_loss: 1.03932 | 
2025-09-05 17:54:37,255 [INFO] [Iter 204] LR: 0.00000001
2025-09-05 17:54:37,256 [INFO] No improvement: current loss 151.723099, best loss 151.723155
2025-09-05 17:54:37,512 [INFO] [205/300] loss 151.723 | compact 6.7977 | spectral 19.0273 | recons_loss: 0.216725 | sparse_loss: 1.03932 | 
2025-09-05 17:54:37,513 [INFO] [Iter 205] LR: 0.00000001
2025-09-05 17:54:37,517 [INFO] No improvement: current loss 151.723099, best loss 151.723155
2025-09-05 17:54:37,775 [INFO] [206/300] loss 151.723 | compact 6.7977 | spectral 19.0273 | recons_loss: 0.216725 | sparse_loss: 1.03932 | 
2025-09-05 17:54:37,775 [INFO] [Iter 206] LR: 0.00000001
2025-09-05 17:54:37,776 [INFO] No improvement: current loss 151.723099, best loss 151.723155
2025-09-05 17:54:38,035 [INFO] [207/300] loss 151.723 | compact 6.7977 | spectral 19.0273 | recons_loss: 0.216725 | sparse_loss: 1.03932 | 
2025-09-05 17:54:38,036 [INFO] [Iter 207] LR: 0.00000001
2025-09-05 17:54:38,038 [INFO] No improvement: current loss 151.723099, best loss 151.723155
2025-09-05 17:54:38,307 [INFO] [208/300] loss 151.723 | compact 6.7977 | spectral 19.0273 | recons_loss: 0.216725 | sparse_loss: 1.03932 | 
2025-09-05 17:54:38,307 [INFO] [Iter 208] LR: 0.00000001
2025-09-05 17:54:38,309 [INFO] No improvement: current loss 151.723099, best loss 151.723155
2025-09-05 17:54:38,575 [INFO] [209/300] loss 151.723 | compact 6.7977 | spectral 19.0273 | recons_loss: 0.216725 | sparse_loss: 1.03932 | 
2025-09-05 17:54:38,575 [INFO] [Iter 209] LR: 0.00000001
2025-09-05 17:54:38,577 [INFO] No improvement: current loss 151.723099, best loss 151.723155
2025-09-05 17:54:38,837 [INFO] [210/300] loss 151.723 | compact 6.7977 | spectral 19.0273 | recons_loss: 0.216725 | sparse_loss: 1.03932 | 
2025-09-05 17:54:38,837 [INFO] [Iter 210] LR: 0.00000001
2025-09-05 17:54:38,838 [INFO] No improvement: current loss 151.723099, best loss 151.723155
2025-09-05 17:54:39,096 [INFO] [211/300] loss 151.723 | compact 6.7977 | spectral 19.0273 | recons_loss: 0.216725 | sparse_loss: 1.03932 | 
2025-09-05 17:54:39,097 [INFO] [Iter 211] LR: 0.00000001
2025-09-05 17:54:39,098 [INFO] No improvement: current loss 151.723099, best loss 151.723155
2025-09-05 17:54:39,355 [INFO] [212/300] loss 151.723 | compact 6.7977 | spectral 19.0273 | recons_loss: 0.216725 | sparse_loss: 1.03932 | 
2025-09-05 17:54:39,356 [INFO] [Iter 212] LR: 0.00000001
2025-09-05 17:54:39,357 [INFO] No improvement: current loss 151.723099, best loss 151.723155
2025-09-05 17:54:39,614 [INFO] [213/300] loss 151.723 | compact 6.7977 | spectral 19.0273 | recons_loss: 0.216725 | sparse_loss: 1.03932 | 
2025-09-05 17:54:39,614 [INFO] [Iter 213] LR: 0.00000001
2025-09-05 17:54:39,616 [INFO] No improvement: current loss 151.723099, best loss 151.723155
2025-09-05 17:54:39,872 [INFO] [214/300] loss 151.723 | compact 6.7977 | spectral 19.0273 | recons_loss: 0.216725 | sparse_loss: 1.03932 | 
2025-09-05 17:54:39,873 [INFO] [Iter 214] LR: 0.00000001
2025-09-05 17:54:39,875 [INFO] No improvement: current loss 151.723099, best loss 151.723155
2025-09-05 17:54:40,147 [INFO] [215/300] loss 151.723 | compact 6.7977 | spectral 19.0273 | recons_loss: 0.216725 | sparse_loss: 1.03932 | 
2025-09-05 17:54:40,147 [INFO] [Iter 215] LR: 0.00000001
2025-09-05 17:54:40,148 [INFO] No improvement: current loss 151.723099, best loss 151.723155
2025-09-05 17:54:40,407 [INFO] [216/300] loss 151.723 | compact 6.7977 | spectral 19.0273 | recons_loss: 0.216725 | sparse_loss: 1.03932 | 
2025-09-05 17:54:40,408 [INFO] [Iter 216] LR: 0.00000001
2025-09-05 17:54:40,409 [INFO] No improvement: current loss 151.723099, best loss 151.723155
2025-09-05 17:54:40,666 [INFO] [217/300] loss 151.723 | compact 6.7977 | spectral 19.0273 | recons_loss: 0.216725 | sparse_loss: 1.03932 | 
2025-09-05 17:54:40,667 [INFO] [Iter 217] LR: 0.00000001
2025-09-05 17:54:40,669 [INFO] No improvement: current loss 151.723099, best loss 151.723155
2025-09-05 17:54:40,929 [INFO] [218/300] loss 151.723 | compact 6.7977 | spectral 19.0273 | recons_loss: 0.216725 | sparse_loss: 1.03932 | 
2025-09-05 17:54:40,929 [INFO] [Iter 218] LR: 0.00000001
2025-09-05 17:54:40,930 [INFO] No improvement: current loss 151.723099, best loss 151.723155
2025-09-05 17:54:41,188 [INFO] [219/300] loss 151.723 | compact 6.7977 | spectral 19.0273 | recons_loss: 0.216725 | sparse_loss: 1.03932 | 
2025-09-05 17:54:41,189 [INFO] [Iter 219] LR: 0.00000001
2025-09-05 17:54:41,191 [INFO] No improvement: current loss 151.723099, best loss 151.723155
2025-09-05 17:54:41,448 [INFO] [220/300] loss 151.723 | compact 6.7977 | spectral 19.0273 | recons_loss: 0.216725 | sparse_loss: 1.03932 | 
2025-09-05 17:54:41,448 [INFO] [Iter 220] LR: 0.00000001
2025-09-05 17:54:41,449 [INFO] No improvement: current loss 151.723099, best loss 151.723155
2025-09-05 17:54:41,708 [INFO] [221/300] loss 151.723 | compact 6.7977 | spectral 19.0273 | recons_loss: 0.216725 | sparse_loss: 1.03932 | 
2025-09-05 17:54:41,709 [INFO] [Iter 221] LR: 0.00000001
2025-09-05 17:54:41,712 [INFO] No improvement: current loss 151.723099, best loss 151.723155
2025-09-05 17:54:41,972 [INFO] [222/300] loss 151.723 | compact 6.7977 | spectral 19.0273 | recons_loss: 0.216725 | sparse_loss: 1.03932 | 
2025-09-05 17:54:41,972 [INFO] [Iter 222] LR: 0.00000001
2025-09-05 17:54:41,973 [INFO] No improvement: current loss 151.723099, best loss 151.723155
2025-09-05 17:54:42,235 [INFO] [223/300] loss 151.723 | compact 6.7977 | spectral 19.0273 | recons_loss: 0.216725 | sparse_loss: 1.03932 | 
2025-09-05 17:54:42,236 [INFO] [Iter 223] LR: 0.00000001
2025-09-05 17:54:42,237 [INFO] No improvement: current loss 151.723099, best loss 151.723155
2025-09-05 17:54:42,495 [INFO] [224/300] loss 151.723 | compact 6.7977 | spectral 19.0273 | recons_loss: 0.216725 | sparse_loss: 1.03932 | 
2025-09-05 17:54:42,495 [INFO] [Iter 224] LR: 0.00000001
2025-09-05 17:54:42,496 [INFO] No improvement: current loss 151.723099, best loss 151.723155
2025-09-05 17:54:42,752 [INFO] [225/300] loss 151.723 | compact 6.7977 | spectral 19.0273 | recons_loss: 0.216725 | sparse_loss: 1.03932 | 
2025-09-05 17:54:42,753 [INFO] [Iter 225] LR: 0.00000001
2025-09-05 17:54:42,754 [INFO] No improvement: current loss 151.723099, best loss 151.723155
2025-09-05 17:54:43,012 [INFO] [226/300] loss 151.723 | compact 6.7977 | spectral 19.0273 | recons_loss: 0.216725 | sparse_loss: 1.03932 | 
2025-09-05 17:54:43,012 [INFO] [Iter 226] LR: 0.00000001
2025-09-05 17:54:43,015 [INFO] No improvement: current loss 151.723099, best loss 151.723155
2025-09-05 17:54:43,294 [INFO] [227/300] loss 151.723 | compact 6.7977 | spectral 19.0273 | recons_loss: 0.216725 | sparse_loss: 1.03932 | 
2025-09-05 17:54:43,294 [INFO] [Iter 227] LR: 0.00000001
2025-09-05 17:54:43,296 [INFO] No improvement: current loss 151.723099, best loss 151.723155
2025-09-05 17:54:43,556 [INFO] [228/300] loss 151.723 | compact 6.7977 | spectral 19.0273 | recons_loss: 0.216725 | sparse_loss: 1.03932 | 
2025-09-05 17:54:43,556 [INFO] [Iter 228] LR: 0.00000001
2025-09-05 17:54:43,558 [INFO] No improvement: current loss 151.723099, best loss 151.723155
2025-09-05 17:54:43,828 [INFO] [229/300] loss 151.723 | compact 6.7977 | spectral 19.0273 | recons_loss: 0.216725 | sparse_loss: 1.03932 | 
2025-09-05 17:54:43,828 [INFO] [Iter 229] LR: 0.00000001
2025-09-05 17:54:43,829 [INFO] No improvement: current loss 151.723099, best loss 151.723155
2025-09-05 17:54:44,086 [INFO] [230/300] loss 151.723 | compact 6.7977 | spectral 19.0273 | recons_loss: 0.216725 | sparse_loss: 1.03932 | 
2025-09-05 17:54:44,087 [INFO] [Iter 230] LR: 0.00000001
2025-09-05 17:54:44,088 [INFO] No improvement: current loss 151.723099, best loss 151.723155
2025-09-05 17:54:44,346 [INFO] [231/300] loss 151.723 | compact 6.7977 | spectral 19.0273 | recons_loss: 0.216725 | sparse_loss: 1.03932 | 
2025-09-05 17:54:44,347 [INFO] [Iter 231] LR: 0.00000001
2025-09-05 17:54:44,349 [INFO] No improvement: current loss 151.723099, best loss 151.723155
2025-09-05 17:54:44,607 [INFO] [232/300] loss 151.723 | compact 6.7977 | spectral 19.0273 | recons_loss: 0.216725 | sparse_loss: 1.03932 | 
2025-09-05 17:54:44,608 [INFO] [Iter 232] LR: 0.00000001
2025-09-05 17:54:44,610 [INFO] No improvement: current loss 151.723099, best loss 151.723155
2025-09-05 17:54:44,871 [INFO] [233/300] loss 151.723 | compact 6.7977 | spectral 19.0273 | recons_loss: 0.216725 | sparse_loss: 1.03932 | 
2025-09-05 17:54:44,871 [INFO] [Iter 233] LR: 0.00000001
2025-09-05 17:54:44,873 [INFO] No improvement: current loss 151.723099, best loss 151.723155
2025-09-05 17:54:45,149 [INFO] [234/300] loss 151.723 | compact 6.7977 | spectral 19.0273 | recons_loss: 0.216725 | sparse_loss: 1.03932 | 
2025-09-05 17:54:45,150 [INFO] [Iter 234] LR: 0.00000001
2025-09-05 17:54:45,151 [INFO] No improvement: current loss 151.723099, best loss 151.723155
2025-09-05 17:54:45,414 [INFO] [235/300] loss 151.723 | compact 6.7977 | spectral 19.0273 | recons_loss: 0.216725 | sparse_loss: 1.03932 | 
2025-09-05 17:54:45,415 [INFO] [Iter 235] LR: 0.00000001
2025-09-05 17:54:45,417 [INFO] No improvement: current loss 151.723099, best loss 151.723155
2025-09-05 17:54:45,691 [INFO] [236/300] loss 151.723 | compact 6.7977 | spectral 19.0273 | recons_loss: 0.216725 | sparse_loss: 1.03932 | 
2025-09-05 17:54:45,691 [INFO] [Iter 236] LR: 0.00000001
2025-09-05 17:54:45,693 [INFO] No improvement: current loss 151.723099, best loss 151.723155
2025-09-05 17:54:45,951 [INFO] [237/300] loss 151.723 | compact 6.7977 | spectral 19.0273 | recons_loss: 0.216725 | sparse_loss: 1.03932 | 
2025-09-05 17:54:45,952 [INFO] [Iter 237] LR: 0.00000001
2025-09-05 17:54:45,954 [INFO] No improvement: current loss 151.723099, best loss 151.723155
2025-09-05 17:54:46,224 [INFO] [238/300] loss 151.723 | compact 6.7977 | spectral 19.0273 | recons_loss: 0.216725 | sparse_loss: 1.03932 | 
2025-09-05 17:54:46,224 [INFO] [Iter 238] LR: 0.00000001
2025-09-05 17:54:46,226 [INFO] No improvement: current loss 151.723099, best loss 151.723155
2025-09-05 17:54:46,495 [INFO] [239/300] loss 151.723 | compact 6.7977 | spectral 19.0273 | recons_loss: 0.216725 | sparse_loss: 1.03932 | 
2025-09-05 17:54:46,495 [INFO] [Iter 239] LR: 0.00000001
2025-09-05 17:54:46,496 [INFO] No improvement: current loss 151.723099, best loss 151.723155
2025-09-05 17:54:46,765 [INFO] [240/300] loss 151.723 | compact 6.7977 | spectral 19.0273 | recons_loss: 0.216725 | sparse_loss: 1.03932 | 
2025-09-05 17:54:46,766 [INFO] [Iter 240] LR: 0.00000001
2025-09-05 17:54:46,768 [INFO] No improvement: current loss 151.723099, best loss 151.723155
2025-09-05 17:54:47,030 [INFO] [241/300] loss 151.723 | compact 6.7977 | spectral 19.0273 | recons_loss: 0.216725 | sparse_loss: 1.03932 | 
2025-09-05 17:54:47,030 [INFO] [Iter 241] LR: 0.00000001
2025-09-05 17:54:47,031 [INFO] No improvement: current loss 151.723099, best loss 151.723155
2025-09-05 17:54:47,291 [INFO] [242/300] loss 151.723 | compact 6.7977 | spectral 19.0273 | recons_loss: 0.216725 | sparse_loss: 1.03932 | 
2025-09-05 17:54:47,291 [INFO] [Iter 242] LR: 0.00000001
2025-09-05 17:54:47,293 [INFO] No improvement: current loss 151.723099, best loss 151.723155
2025-09-05 17:54:47,556 [INFO] [243/300] loss 151.723 | compact 6.7977 | spectral 19.0273 | recons_loss: 0.216725 | sparse_loss: 1.03932 | 
2025-09-05 17:54:47,556 [INFO] [Iter 243] LR: 0.00000001
2025-09-05 17:54:47,558 [INFO] No improvement: current loss 151.723099, best loss 151.723155
2025-09-05 17:54:47,819 [INFO] [244/300] loss 151.723 | compact 6.7977 | spectral 19.0273 | recons_loss: 0.216725 | sparse_loss: 1.03932 | 
2025-09-05 17:54:47,820 [INFO] [Iter 244] LR: 0.00000001
2025-09-05 17:54:47,822 [INFO] No improvement: current loss 151.723099, best loss 151.723155
2025-09-05 17:54:48,100 [INFO] [245/300] loss 151.723 | compact 6.7977 | spectral 19.0273 | recons_loss: 0.216725 | sparse_loss: 1.03932 | 
2025-09-05 17:54:48,100 [INFO] [Iter 245] LR: 0.00000001
2025-09-05 17:54:48,101 [INFO] No improvement: current loss 151.723099, best loss 151.723155
2025-09-05 17:54:48,364 [INFO] [246/300] loss 151.723 | compact 6.7977 | spectral 19.0273 | recons_loss: 0.216725 | sparse_loss: 1.03932 | 
2025-09-05 17:54:48,364 [INFO] [Iter 246] LR: 0.00000001
2025-09-05 17:54:48,367 [INFO] No improvement: current loss 151.723099, best loss 151.723155
2025-09-05 17:54:48,627 [INFO] [247/300] loss 151.723 | compact 6.7977 | spectral 19.0273 | recons_loss: 0.216725 | sparse_loss: 1.03932 | 
2025-09-05 17:54:48,628 [INFO] [Iter 247] LR: 0.00000001
2025-09-05 17:54:48,630 [INFO] No improvement: current loss 151.723099, best loss 151.723155
2025-09-05 17:54:48,888 [INFO] [248/300] loss 151.723 | compact 6.7977 | spectral 19.0273 | recons_loss: 0.216725 | sparse_loss: 1.03932 | 
2025-09-05 17:54:48,888 [INFO] [Iter 248] LR: 0.00000001
2025-09-05 17:54:48,890 [INFO] No improvement: current loss 151.723099, best loss 151.723155
2025-09-05 17:54:49,148 [INFO] [249/300] loss 151.723 | compact 6.7977 | spectral 19.0273 | recons_loss: 0.216725 | sparse_loss: 1.03932 | 
2025-09-05 17:54:49,149 [INFO] [Iter 249] LR: 0.00000001
2025-09-05 17:54:49,150 [INFO] No improvement: current loss 151.723099, best loss 151.723155
2025-09-05 17:54:49,216 [INFO] H: 160, W: 150
2025-09-05 17:54:49,323 [INFO] [0 1 2 3 4 5 6]
2025-09-05 17:54:49,507 [INFO] y_target: [1 2 3 4 5 6 7]
2025-09-05 17:54:49,507 [INFO] y_predict: [0 1 2 3 4 5 6]
2025-09-05 17:54:49,687 [INFO] Epoch = 250 OA = 0.8215 Kappa = 0.7888 NMI = 0.7290
2025-09-05 17:54:49,898 [INFO] [250/300] loss 151.723 | compact 6.7977 | spectral 19.0273 | recons_loss: 0.216725 | sparse_loss: 1.03932 | 
2025-09-05 17:54:49,899 [INFO] [Iter 250] LR: 0.00000001
2025-09-05 17:54:49,900 [INFO] No improvement: current loss 151.723099, best loss 151.723155
2025-09-05 17:54:50,167 [INFO] [251/300] loss 151.723 | compact 6.7977 | spectral 19.0273 | recons_loss: 0.216725 | sparse_loss: 1.03932 | 
2025-09-05 17:54:50,167 [INFO] [Iter 251] LR: 0.00000001
2025-09-05 17:54:50,168 [INFO] No improvement: current loss 151.723099, best loss 151.723155
2025-09-05 17:54:50,432 [INFO] [252/300] loss 151.723 | compact 6.7977 | spectral 19.0273 | recons_loss: 0.216725 | sparse_loss: 1.03932 | 
2025-09-05 17:54:50,433 [INFO] [Iter 252] LR: 0.00000001
2025-09-05 17:54:50,435 [INFO] No improvement: current loss 151.723099, best loss 151.723155
2025-09-05 17:54:50,694 [INFO] [253/300] loss 151.723 | compact 6.7977 | spectral 19.0273 | recons_loss: 0.216725 | sparse_loss: 1.03932 | 
2025-09-05 17:54:50,695 [INFO] [Iter 253] LR: 0.00000001
2025-09-05 17:54:50,696 [INFO] No improvement: current loss 151.723099, best loss 151.723155
2025-09-05 17:54:50,959 [INFO] [254/300] loss 151.723 | compact 6.7977 | spectral 19.0273 | recons_loss: 0.216725 | sparse_loss: 1.03932 | 
2025-09-05 17:54:50,959 [INFO] [Iter 254] LR: 0.00000001
2025-09-05 17:54:50,960 [INFO] No improvement: current loss 151.723099, best loss 151.723155
2025-09-05 17:54:51,227 [INFO] [255/300] loss 151.723 | compact 6.7977 | spectral 19.0273 | recons_loss: 0.216725 | sparse_loss: 1.03932 | 
2025-09-05 17:54:51,227 [INFO] [Iter 255] LR: 0.00000001
2025-09-05 17:54:51,228 [INFO] No improvement: current loss 151.723099, best loss 151.723155
2025-09-05 17:54:51,489 [INFO] [256/300] loss 151.723 | compact 6.7977 | spectral 19.0273 | recons_loss: 0.216725 | sparse_loss: 1.03932 | 
2025-09-05 17:54:51,489 [INFO] [Iter 256] LR: 0.00000001
2025-09-05 17:54:51,490 [INFO] No improvement: current loss 151.723099, best loss 151.723155
2025-09-05 17:54:51,755 [INFO] [257/300] loss 151.723 | compact 6.7977 | spectral 19.0273 | recons_loss: 0.216725 | sparse_loss: 1.03932 | 
2025-09-05 17:54:51,756 [INFO] [Iter 257] LR: 0.00000001
2025-09-05 17:54:51,757 [INFO] No improvement: current loss 151.723099, best loss 151.723155
2025-09-05 17:54:52,018 [INFO] [258/300] loss 151.723 | compact 6.7977 | spectral 19.0273 | recons_loss: 0.216725 | sparse_loss: 1.03932 | 
2025-09-05 17:54:52,019 [INFO] [Iter 258] LR: 0.00000001
2025-09-05 17:54:52,020 [INFO] No improvement: current loss 151.723099, best loss 151.723155
2025-09-05 17:54:52,283 [INFO] [259/300] loss 151.723 | compact 6.7977 | spectral 19.0273 | recons_loss: 0.216725 | sparse_loss: 1.03932 | 
2025-09-05 17:54:52,284 [INFO] [Iter 259] LR: 0.00000001
2025-09-05 17:54:52,285 [INFO] No improvement: current loss 151.723099, best loss 151.723155
2025-09-05 17:54:52,558 [INFO] [260/300] loss 151.723 | compact 6.7977 | spectral 19.0273 | recons_loss: 0.216725 | sparse_loss: 1.03932 | 
2025-09-05 17:54:52,558 [INFO] [Iter 260] LR: 0.00000001
2025-09-05 17:54:52,559 [INFO] No improvement: current loss 151.723099, best loss 151.723155
2025-09-05 17:54:52,834 [INFO] [261/300] loss 151.723 | compact 6.7977 | spectral 19.0273 | recons_loss: 0.216725 | sparse_loss: 1.03932 | 
2025-09-05 17:54:52,834 [INFO] [Iter 261] LR: 0.00000001
2025-09-05 17:54:52,836 [INFO] No improvement: current loss 151.723099, best loss 151.723155
2025-09-05 17:54:53,099 [INFO] [262/300] loss 151.723 | compact 6.7977 | spectral 19.0273 | recons_loss: 0.216725 | sparse_loss: 1.03932 | 
2025-09-05 17:54:53,099 [INFO] [Iter 262] LR: 0.00000001
2025-09-05 17:54:53,102 [INFO] No improvement: current loss 151.723099, best loss 151.723155
2025-09-05 17:54:53,364 [INFO] [263/300] loss 151.723 | compact 6.7977 | spectral 19.0273 | recons_loss: 0.216725 | sparse_loss: 1.03932 | 
2025-09-05 17:54:53,364 [INFO] [Iter 263] LR: 0.00000001
2025-09-05 17:54:53,367 [INFO] No improvement: current loss 151.723099, best loss 151.723155
2025-09-05 17:54:53,642 [INFO] [264/300] loss 151.723 | compact 6.7977 | spectral 19.0273 | recons_loss: 0.216725 | sparse_loss: 1.03932 | 
2025-09-05 17:54:53,643 [INFO] [Iter 264] LR: 0.00000001
2025-09-05 17:54:53,645 [INFO] No improvement: current loss 151.723099, best loss 151.723155
2025-09-05 17:54:53,911 [INFO] [265/300] loss 151.723 | compact 6.7977 | spectral 19.0273 | recons_loss: 0.216725 | sparse_loss: 1.03932 | 
2025-09-05 17:54:53,912 [INFO] [Iter 265] LR: 0.00000001
2025-09-05 17:54:53,913 [INFO] No improvement: current loss 151.723099, best loss 151.723155
2025-09-05 17:54:54,174 [INFO] [266/300] loss 151.723 | compact 6.7977 | spectral 19.0273 | recons_loss: 0.216725 | sparse_loss: 1.03932 | 
2025-09-05 17:54:54,176 [INFO] [Iter 266] LR: 0.00000001
2025-09-05 17:54:54,178 [INFO] No improvement: current loss 151.723099, best loss 151.723155
2025-09-05 17:54:54,437 [INFO] [267/300] loss 151.723 | compact 6.7977 | spectral 19.0273 | recons_loss: 0.216725 | sparse_loss: 1.03932 | 
2025-09-05 17:54:54,438 [INFO] [Iter 267] LR: 0.00000001
2025-09-05 17:54:54,440 [INFO] No improvement: current loss 151.723099, best loss 151.723155
2025-09-05 17:54:54,703 [INFO] [268/300] loss 151.723 | compact 6.7977 | spectral 19.0273 | recons_loss: 0.216725 | sparse_loss: 1.03932 | 
2025-09-05 17:54:54,703 [INFO] [Iter 268] LR: 0.00000001
2025-09-05 17:54:54,704 [INFO] No improvement: current loss 151.723099, best loss 151.723155
2025-09-05 17:54:54,966 [INFO] [269/300] loss 151.723 | compact 6.7977 | spectral 19.0273 | recons_loss: 0.216725 | sparse_loss: 1.03932 | 
2025-09-05 17:54:54,966 [INFO] [Iter 269] LR: 0.00000001
2025-09-05 17:54:54,969 [INFO] No improvement: current loss 151.723099, best loss 151.723155
2025-09-05 17:54:55,227 [INFO] [270/300] loss 151.723 | compact 6.7977 | spectral 19.0273 | recons_loss: 0.216725 | sparse_loss: 1.03932 | 
2025-09-05 17:54:55,227 [INFO] [Iter 270] LR: 0.00000001
2025-09-05 17:54:55,228 [INFO] No improvement: current loss 151.723099, best loss 151.723155
2025-09-05 17:54:55,490 [INFO] [271/300] loss 151.723 | compact 6.7977 | spectral 19.0273 | recons_loss: 0.216725 | sparse_loss: 1.03932 | 
2025-09-05 17:54:55,491 [INFO] [Iter 271] LR: 0.00000001
2025-09-05 17:54:55,492 [INFO] No improvement: current loss 151.723099, best loss 151.723155
2025-09-05 17:54:55,756 [INFO] [272/300] loss 151.723 | compact 6.7977 | spectral 19.0273 | recons_loss: 0.216725 | sparse_loss: 1.03932 | 
2025-09-05 17:54:55,756 [INFO] [Iter 272] LR: 0.00000001
2025-09-05 17:54:55,758 [INFO] No improvement: current loss 151.723099, best loss 151.723155
2025-09-05 17:54:56,016 [INFO] [273/300] loss 151.723 | compact 6.7977 | spectral 19.0273 | recons_loss: 0.216725 | sparse_loss: 1.03932 | 
2025-09-05 17:54:56,017 [INFO] [Iter 273] LR: 0.00000001
2025-09-05 17:54:56,019 [INFO] No improvement: current loss 151.723099, best loss 151.723155
2025-09-05 17:54:56,299 [INFO] [274/300] loss 151.723 | compact 6.7977 | spectral 19.0273 | recons_loss: 0.216725 | sparse_loss: 1.03932 | 
2025-09-05 17:54:56,300 [INFO] [Iter 274] LR: 0.00000001
2025-09-05 17:54:56,302 [INFO] No improvement: current loss 151.723099, best loss 151.723155
2025-09-05 17:54:56,565 [INFO] [275/300] loss 151.723 | compact 6.7977 | spectral 19.0273 | recons_loss: 0.216725 | sparse_loss: 1.03932 | 
2025-09-05 17:54:56,565 [INFO] [Iter 275] LR: 0.00000001
2025-09-05 17:54:56,566 [INFO] No improvement: current loss 151.723099, best loss 151.723155
2025-09-05 17:54:56,831 [INFO] [276/300] loss 151.723 | compact 6.7977 | spectral 19.0273 | recons_loss: 0.216725 | sparse_loss: 1.03932 | 
2025-09-05 17:54:56,831 [INFO] [Iter 276] LR: 0.00000001
2025-09-05 17:54:56,832 [INFO] No improvement: current loss 151.723099, best loss 151.723155
2025-09-05 17:54:57,094 [INFO] [277/300] loss 151.723 | compact 6.7977 | spectral 19.0273 | recons_loss: 0.216725 | sparse_loss: 1.03932 | 
2025-09-05 17:54:57,094 [INFO] [Iter 277] LR: 0.00000001
2025-09-05 17:54:57,095 [INFO] No improvement: current loss 151.723099, best loss 151.723155
2025-09-05 17:54:57,358 [INFO] [278/300] loss 151.723 | compact 6.7977 | spectral 19.0273 | recons_loss: 0.216725 | sparse_loss: 1.03932 | 
2025-09-05 17:54:57,359 [INFO] [Iter 278] LR: 0.00000001
2025-09-05 17:54:57,361 [INFO] No improvement: current loss 151.723099, best loss 151.723155
2025-09-05 17:54:57,645 [INFO] [279/300] loss 151.723 | compact 6.7977 | spectral 19.0273 | recons_loss: 0.216725 | sparse_loss: 1.03932 | 
2025-09-05 17:54:57,645 [INFO] [Iter 279] LR: 0.00000001
2025-09-05 17:54:57,647 [INFO] No improvement: current loss 151.723099, best loss 151.723155
2025-09-05 17:54:57,909 [INFO] [280/300] loss 151.723 | compact 6.7977 | spectral 19.0273 | recons_loss: 0.216725 | sparse_loss: 1.03932 | 
2025-09-05 17:54:57,910 [INFO] [Iter 280] LR: 0.00000001
2025-09-05 17:54:57,911 [INFO] No improvement: current loss 151.723099, best loss 151.723155
2025-09-05 17:54:58,183 [INFO] [281/300] loss 151.723 | compact 6.7977 | spectral 19.0273 | recons_loss: 0.216725 | sparse_loss: 1.03932 | 
2025-09-05 17:54:58,184 [INFO] [Iter 281] LR: 0.00000001
2025-09-05 17:54:58,185 [INFO] No improvement: current loss 151.723099, best loss 151.723155
2025-09-05 17:54:58,448 [INFO] [282/300] loss 151.723 | compact 6.7977 | spectral 19.0273 | recons_loss: 0.216725 | sparse_loss: 1.03932 | 
2025-09-05 17:54:58,449 [INFO] [Iter 282] LR: 0.00000001
2025-09-05 17:54:58,450 [INFO] No improvement: current loss 151.723099, best loss 151.723155
2025-09-05 17:54:58,708 [INFO] [283/300] loss 151.723 | compact 6.7977 | spectral 19.0273 | recons_loss: 0.216725 | sparse_loss: 1.03932 | 
2025-09-05 17:54:58,708 [INFO] [Iter 283] LR: 0.00000001
2025-09-05 17:54:58,710 [INFO] No improvement: current loss 151.723099, best loss 151.723155
2025-09-05 17:54:58,979 [INFO] [284/300] loss 151.723 | compact 6.7977 | spectral 19.0273 | recons_loss: 0.216725 | sparse_loss: 1.03932 | 
2025-09-05 17:54:58,979 [INFO] [Iter 284] LR: 0.00000001
2025-09-05 17:54:58,981 [INFO] No improvement: current loss 151.723099, best loss 151.723155
2025-09-05 17:54:59,249 [INFO] [285/300] loss 151.723 | compact 6.7977 | spectral 19.0273 | recons_loss: 0.216725 | sparse_loss: 1.03932 | 
2025-09-05 17:54:59,249 [INFO] [Iter 285] LR: 0.00000001
2025-09-05 17:54:59,251 [INFO] No improvement: current loss 151.723099, best loss 151.723155
2025-09-05 17:54:59,533 [INFO] [286/300] loss 151.723 | compact 6.7977 | spectral 19.0273 | recons_loss: 0.216725 | sparse_loss: 1.03932 | 
2025-09-05 17:54:59,533 [INFO] [Iter 286] LR: 0.00000001
2025-09-05 17:54:59,534 [INFO] No improvement: current loss 151.723099, best loss 151.723155
2025-09-05 17:54:59,808 [INFO] [287/300] loss 151.723 | compact 6.7977 | spectral 19.0273 | recons_loss: 0.216725 | sparse_loss: 1.03932 | 
2025-09-05 17:54:59,809 [INFO] [Iter 287] LR: 0.00000001
2025-09-05 17:54:59,810 [INFO] No improvement: current loss 151.723099, best loss 151.723155
2025-09-05 17:55:00,094 [INFO] [288/300] loss 151.723 | compact 6.7977 | spectral 19.0273 | recons_loss: 0.216725 | sparse_loss: 1.03932 | 
2025-09-05 17:55:00,094 [INFO] [Iter 288] LR: 0.00000001
2025-09-05 17:55:00,096 [INFO] No improvement: current loss 151.723099, best loss 151.723155
2025-09-05 17:55:00,356 [INFO] [289/300] loss 151.723 | compact 6.7977 | spectral 19.0273 | recons_loss: 0.216725 | sparse_loss: 1.03932 | 
2025-09-05 17:55:00,357 [INFO] [Iter 289] LR: 0.00000001
2025-09-05 17:55:00,358 [INFO] No improvement: current loss 151.723099, best loss 151.723155
2025-09-05 17:55:00,629 [INFO] [290/300] loss 151.723 | compact 6.7977 | spectral 19.0273 | recons_loss: 0.216725 | sparse_loss: 1.03932 | 
2025-09-05 17:55:00,629 [INFO] [Iter 290] LR: 0.00000001
2025-09-05 17:55:00,630 [INFO] No improvement: current loss 151.723099, best loss 151.723155
2025-09-05 17:55:00,889 [INFO] [291/300] loss 151.723 | compact 6.7977 | spectral 19.0273 | recons_loss: 0.216725 | sparse_loss: 1.03932 | 
2025-09-05 17:55:00,889 [INFO] [Iter 291] LR: 0.00000001
2025-09-05 17:55:00,890 [INFO] No improvement: current loss 151.723099, best loss 151.723155
2025-09-05 17:55:01,150 [INFO] [292/300] loss 151.723 | compact 6.7977 | spectral 19.0273 | recons_loss: 0.216725 | sparse_loss: 1.03932 | 
2025-09-05 17:55:01,150 [INFO] [Iter 292] LR: 0.00000001
2025-09-05 17:55:01,152 [INFO] No improvement: current loss 151.723099, best loss 151.723155
2025-09-05 17:55:01,420 [INFO] [293/300] loss 151.723 | compact 6.7977 | spectral 19.0273 | recons_loss: 0.216725 | sparse_loss: 1.03932 | 
2025-09-05 17:55:01,420 [INFO] [Iter 293] LR: 0.00000001
2025-09-05 17:55:01,422 [INFO] No improvement: current loss 151.723099, best loss 151.723155
2025-09-05 17:55:01,682 [INFO] [294/300] loss 151.723 | compact 6.7977 | spectral 19.0273 | recons_loss: 0.216725 | sparse_loss: 1.03932 | 
2025-09-05 17:55:01,683 [INFO] [Iter 294] LR: 0.00000001
2025-09-05 17:55:01,686 [INFO] No improvement: current loss 151.723099, best loss 151.723155
2025-09-05 17:55:01,951 [INFO] [295/300] loss 151.723 | compact 6.7977 | spectral 19.0273 | recons_loss: 0.216725 | sparse_loss: 1.03932 | 
2025-09-05 17:55:01,951 [INFO] [Iter 295] LR: 0.00000001
2025-09-05 17:55:01,953 [INFO] No improvement: current loss 151.723099, best loss 151.723155
2025-09-05 17:55:02,214 [INFO] [296/300] loss 151.723 | compact 6.7977 | spectral 19.0273 | recons_loss: 0.216725 | sparse_loss: 1.03932 | 
2025-09-05 17:55:02,215 [INFO] [Iter 296] LR: 0.00000001
2025-09-05 17:55:02,218 [INFO] No improvement: current loss 151.723099, best loss 151.723155
2025-09-05 17:55:02,477 [INFO] [297/300] loss 151.723 | compact 6.7977 | spectral 19.0273 | recons_loss: 0.216725 | sparse_loss: 1.03932 | 
2025-09-05 17:55:02,478 [INFO] [Iter 297] LR: 0.00000001
2025-09-05 17:55:02,479 [INFO] No improvement: current loss 151.723099, best loss 151.723155
2025-09-05 17:55:02,757 [INFO] [298/300] loss 151.723 | compact 6.7977 | spectral 19.0273 | recons_loss: 0.216725 | sparse_loss: 1.03932 | 
2025-09-05 17:55:02,757 [INFO] [Iter 298] LR: 0.00000001
2025-09-05 17:55:02,758 [INFO] No improvement: current loss 151.723099, best loss 151.723155
2025-09-05 17:55:02,820 [INFO] H: 160, W: 150
2025-09-05 17:55:02,927 [INFO] [0 1 2 3 4 5 6]
2025-09-05 17:55:03,082 [INFO] y_target: [1 2 3 4 5 6 7]
2025-09-05 17:55:03,082 [INFO] y_predict: [0 1 2 3 4 5 6]
2025-09-05 17:55:03,265 [INFO] Epoch = 299 OA = 0.8215 Kappa = 0.7888 NMI = 0.7290
2025-09-05 17:55:03,475 [INFO] [299/300] loss 151.723 | compact 6.7977 | spectral 19.0273 | recons_loss: 0.216725 | sparse_loss: 1.03932 | 
2025-09-05 17:55:03,475 [INFO] [Iter 299] LR: 0.00000001
2025-09-05 17:55:03,476 [INFO] No improvement: current loss 151.723099, best loss 151.723155
2025-09-05 17:55:03,476 [INFO] Training finished. Best model loaded.
