2025-09-05 18:17:00,536 [INFO] ========== Training Configuration ==========
2025-09-05 18:17:00,536 [INFO] out_dir: ./log
2025-09-05 18:17:00,536 [INFO] lr: 0.1
2025-09-05 18:17:00,537 [INFO] train_iter: 300
2025-09-05 18:17:00,537 [INFO] niter: 5
2025-09-05 18:17:00,537 [INFO] nspix: 300
2025-09-05 18:17:00,537 [INFO] weight: weight
2025-09-05 18:17:00,537 [INFO] weight_representation: 70.0
2025-09-05 18:17:00,537 [INFO] weight_noise: 50.0
2025-09-05 18:17:00,537 [INFO] dataset: urban
2025-09-05 18:17:00,537 [INFO] device: cuda:0
2025-09-05 18:17:00,537 [INFO] log: urban1
2025-09-05 18:17:00,537 [INFO] ============================================
2025-09-05 18:17:22,308 [INFO] H: 160, W: 150
2025-09-05 18:17:23,413 [INFO] [0 1 2 3 4 5 6]
2025-09-05 18:17:25,425 [INFO] y_target: [1 2 3 4 5 6 7]
2025-09-05 18:17:25,426 [INFO] y_predict: [0 1 2 3 4 5 6]
2025-09-05 18:17:25,617 [INFO] Epoch = 0 OA = 0.8095 Kappa = 0.7746 NMI = 0.7239
2025-09-05 18:17:26,244 [INFO] [0/300] loss 482.823 | compact 6.9117 | spectral 19.6366 | recons_loss: 0.235515 | sparse_loss: 1.04431 | 
2025-09-05 18:17:26,245 [INFO] [Iter 0] LR: 0.10000000
2025-09-05 18:17:26,248 [INFO] Saving best model at iteration 0
2025-09-05 18:17:26,505 [INFO] [1/300] loss 482.641 | compact 6.91196 | spectral 19.6159 | recons_loss: 0.234584 | sparse_loss: 1.04427 | 
2025-09-05 18:17:26,505 [INFO] [Iter 1] LR: 0.10000000
2025-09-05 18:17:26,507 [INFO] Saving best model at iteration 1
2025-09-05 18:17:26,772 [INFO] [2/300] loss 482.345 | compact 6.91169 | spectral 19.584 | recons_loss: 0.232991 | sparse_loss: 1.04409 | 
2025-09-05 18:17:26,772 [INFO] [Iter 2] LR: 0.10000000
2025-09-05 18:17:26,775 [INFO] Saving best model at iteration 2
2025-09-05 18:17:27,043 [INFO] [3/300] loss 482.003 | compact 6.90928 | spectral 19.5466 | recons_loss: 0.230918 | sparse_loss: 1.04379 | 
2025-09-05 18:17:27,043 [INFO] [Iter 3] LR: 0.10000000
2025-09-05 18:17:27,045 [INFO] Saving best model at iteration 3
2025-09-05 18:17:27,304 [INFO] [4/300] loss 481.637 | compact 6.90759 | spectral 19.5021 | recons_loss: 0.228542 | sparse_loss: 1.04344 | 
2025-09-05 18:17:27,305 [INFO] [Iter 4] LR: 0.10000000
2025-09-05 18:17:27,308 [INFO] Saving best model at iteration 4
2025-09-05 18:17:27,569 [INFO] [5/300] loss 481.263 | compact 6.90403 | spectral 19.4515 | recons_loss: 0.225957 | sparse_loss: 1.04308 | 
2025-09-05 18:17:27,569 [INFO] [Iter 5] LR: 0.10000000
2025-09-05 18:17:27,571 [INFO] Saving best model at iteration 5
2025-09-05 18:17:27,830 [INFO] [6/300] loss 480.898 | compact 6.8972 | spectral 19.3996 | recons_loss: 0.223263 | sparse_loss: 1.04274 | 
2025-09-05 18:17:27,830 [INFO] [Iter 6] LR: 0.10000000
2025-09-05 18:17:27,832 [INFO] Saving best model at iteration 6
2025-09-05 18:17:28,097 [INFO] [7/300] loss 480.554 | compact 6.89125 | spectral 19.3469 | recons_loss: 0.2206 | sparse_loss: 1.0424 | 
2025-09-05 18:17:28,097 [INFO] [Iter 7] LR: 0.10000000
2025-09-05 18:17:28,098 [INFO] Saving best model at iteration 7
2025-09-05 18:17:28,361 [INFO] [8/300] loss 480.227 | compact 6.88548 | spectral 19.303 | recons_loss: 0.217977 | sparse_loss: 1.04205 | 
2025-09-05 18:17:28,361 [INFO] [Iter 8] LR: 0.10000000
2025-09-05 18:17:28,363 [INFO] Saving best model at iteration 8
2025-09-05 18:17:28,622 [INFO] [9/300] loss 479.923 | compact 6.88074 | spectral 19.2644 | recons_loss: 0.215464 | sparse_loss: 1.04169 | 
2025-09-05 18:17:28,623 [INFO] [Iter 9] LR: 0.10000000
2025-09-05 18:17:28,624 [INFO] Saving best model at iteration 9
2025-09-05 18:17:28,908 [INFO] [10/300] loss 479.641 | compact 6.8766 | spectral 19.2337 | recons_loss: 0.213076 | sparse_loss: 1.04131 | 
2025-09-05 18:17:28,908 [INFO] [Iter 10] LR: 0.10000000
2025-09-05 18:17:28,910 [INFO] Saving best model at iteration 10
2025-09-05 18:17:29,178 [INFO] [11/300] loss 479.385 | compact 6.87296 | spectral 19.211 | recons_loss: 0.210877 | sparse_loss: 1.04095 | 
2025-09-05 18:17:29,178 [INFO] [Iter 11] LR: 0.10000000
2025-09-05 18:17:29,179 [INFO] Saving best model at iteration 11
2025-09-05 18:17:29,450 [INFO] [12/300] loss 479.144 | compact 6.86771 | spectral 19.1957 | recons_loss: 0.208847 | sparse_loss: 1.0406 | 
2025-09-05 18:17:29,454 [INFO] [Iter 12] LR: 0.10000000
2025-09-05 18:17:29,456 [INFO] Saving best model at iteration 12
2025-09-05 18:17:29,730 [INFO] [13/300] loss 478.912 | compact 6.86234 | spectral 19.1789 | recons_loss: 0.206976 | sparse_loss: 1.0403 | 
2025-09-05 18:17:29,730 [INFO] [Iter 13] LR: 0.10000000
2025-09-05 18:17:29,731 [INFO] Saving best model at iteration 13
2025-09-05 18:17:29,995 [INFO] [14/300] loss 478.685 | compact 6.85949 | spectral 19.1596 | recons_loss: 0.205248 | sparse_loss: 1.04002 | 
2025-09-05 18:17:30,000 [INFO] [Iter 14] LR: 0.10000000
2025-09-05 18:17:30,001 [INFO] Saving best model at iteration 14
2025-09-05 18:17:30,279 [INFO] [15/300] loss 478.473 | compact 6.85598 | spectral 19.1463 | recons_loss: 0.203668 | sparse_loss: 1.03975 | 
2025-09-05 18:17:30,280 [INFO] [Iter 15] LR: 0.10000000
2025-09-05 18:17:30,281 [INFO] Saving best model at iteration 15
2025-09-05 18:17:30,550 [INFO] [16/300] loss 478.274 | compact 6.8524 | spectral 19.1395 | recons_loss: 0.202233 | sparse_loss: 1.0395 | 
2025-09-05 18:17:30,550 [INFO] [Iter 16] LR: 0.10000000
2025-09-05 18:17:30,552 [INFO] Saving best model at iteration 16
2025-09-05 18:17:30,818 [INFO] [17/300] loss 478.085 | compact 6.85081 | spectral 19.1337 | recons_loss: 0.200934 | sparse_loss: 1.03927 | 
2025-09-05 18:17:30,818 [INFO] [Iter 17] LR: 0.10000000
2025-09-05 18:17:30,820 [INFO] Saving best model at iteration 17
2025-09-05 18:17:31,091 [INFO] [18/300] loss 477.906 | compact 6.85047 | spectral 19.1283 | recons_loss: 0.199749 | sparse_loss: 1.03904 | 
2025-09-05 18:17:31,092 [INFO] [Iter 18] LR: 0.10000000
2025-09-05 18:17:31,094 [INFO] Saving best model at iteration 18
2025-09-05 18:17:31,360 [INFO] [19/300] loss 477.737 | compact 6.84886 | spectral 19.1281 | recons_loss: 0.198673 | sparse_loss: 1.03883 | 
2025-09-05 18:17:31,361 [INFO] [Iter 19] LR: 0.10000000
2025-09-05 18:17:31,362 [INFO] Saving best model at iteration 19
2025-09-05 18:17:31,627 [INFO] [20/300] loss 477.583 | compact 6.84712 | spectral 19.1283 | recons_loss: 0.197719 | sparse_loss: 1.03864 | 
2025-09-05 18:17:31,628 [INFO] [Iter 20] LR: 0.10000000
2025-09-05 18:17:31,630 [INFO] Saving best model at iteration 20
2025-09-05 18:17:31,902 [INFO] [21/300] loss 477.445 | compact 6.84555 | spectral 19.1318 | recons_loss: 0.196863 | sparse_loss: 1.03847 | 
2025-09-05 18:17:31,902 [INFO] [Iter 21] LR: 0.10000000
2025-09-05 18:17:31,904 [INFO] Saving best model at iteration 21
2025-09-05 18:17:32,160 [INFO] [22/300] loss 477.307 | compact 6.84434 | spectral 19.1329 | recons_loss: 0.196092 | sparse_loss: 1.0383 | 
2025-09-05 18:17:32,161 [INFO] [Iter 22] LR: 0.10000000
2025-09-05 18:17:32,164 [INFO] Saving best model at iteration 22
2025-09-05 18:17:32,425 [INFO] [23/300] loss 477.177 | compact 6.84415 | spectral 19.1351 | recons_loss: 0.195419 | sparse_loss: 1.03813 | 
2025-09-05 18:17:32,426 [INFO] [Iter 23] LR: 0.10000000
2025-09-05 18:17:32,427 [INFO] Saving best model at iteration 23
2025-09-05 18:17:32,693 [INFO] [24/300] loss 477.053 | compact 6.84512 | spectral 19.1387 | recons_loss: 0.1948 | sparse_loss: 1.03796 | 
2025-09-05 18:17:32,694 [INFO] [Iter 24] LR: 0.10000000
2025-09-05 18:17:32,695 [INFO] Saving best model at iteration 24
2025-09-05 18:17:32,961 [INFO] [25/300] loss 476.943 | compact 6.84435 | spectral 19.1456 | recons_loss: 0.194248 | sparse_loss: 1.03781 | 
2025-09-05 18:17:32,961 [INFO] [Iter 25] LR: 0.10000000
2025-09-05 18:17:32,963 [INFO] Saving best model at iteration 25
2025-09-05 18:17:33,228 [INFO] [26/300] loss 476.846 | compact 6.8427 | spectral 19.1555 | recons_loss: 0.193747 | sparse_loss: 1.03768 | 
2025-09-05 18:17:33,228 [INFO] [Iter 26] LR: 0.10000000
2025-09-05 18:17:33,230 [INFO] Saving best model at iteration 26
2025-09-05 18:17:33,496 [INFO] [27/300] loss 476.753 | compact 6.84147 | spectral 19.1655 | recons_loss: 0.193275 | sparse_loss: 1.03755 | 
2025-09-05 18:17:33,497 [INFO] [Iter 27] LR: 0.05000000
2025-09-05 18:17:33,498 [INFO] Saving best model at iteration 27
2025-09-05 18:17:33,759 [INFO] [28/300] loss 476.666 | compact 6.84103 | spectral 19.1755 | recons_loss: 0.19284 | sparse_loss: 1.03743 | 
2025-09-05 18:17:33,759 [INFO] [Iter 28] LR: 0.05000000
2025-09-05 18:17:33,761 [INFO] Saving best model at iteration 28
2025-09-05 18:17:34,018 [INFO] [29/300] loss 476.586 | compact 6.84022 | spectral 19.1861 | recons_loss: 0.192443 | sparse_loss: 1.03732 | 
2025-09-05 18:17:34,019 [INFO] [Iter 29] LR: 0.05000000
2025-09-05 18:17:34,020 [INFO] Saving best model at iteration 29
2025-09-05 18:17:34,278 [INFO] [30/300] loss 476.512 | compact 6.83822 | spectral 19.1997 | recons_loss: 0.192075 | sparse_loss: 1.03722 | 
2025-09-05 18:17:34,278 [INFO] [Iter 30] LR: 0.05000000
2025-09-05 18:17:34,280 [INFO] Saving best model at iteration 30
2025-09-05 18:17:34,540 [INFO] [31/300] loss 476.435 | compact 6.83742 | spectral 19.2085 | recons_loss: 0.19173 | sparse_loss: 1.03712 | 
2025-09-05 18:17:34,540 [INFO] [Iter 31] LR: 0.05000000
2025-09-05 18:17:34,542 [INFO] Saving best model at iteration 31
2025-09-05 18:17:34,803 [INFO] [32/300] loss 476.361 | compact 6.8372 | spectral 19.2152 | recons_loss: 0.191414 | sparse_loss: 1.03703 | 
2025-09-05 18:17:34,804 [INFO] [Iter 32] LR: 0.05000000
2025-09-05 18:17:34,805 [INFO] Saving best model at iteration 32
2025-09-05 18:17:35,065 [INFO] [33/300] loss 476.292 | compact 6.83741 | spectral 19.2229 | recons_loss: 0.191123 | sparse_loss: 1.03695 | 
2025-09-05 18:17:35,066 [INFO] [Iter 33] LR: 0.05000000
2025-09-05 18:17:35,068 [INFO] Saving best model at iteration 33
2025-09-05 18:17:35,332 [INFO] [34/300] loss 476.223 | compact 6.83839 | spectral 19.23 | recons_loss: 0.190835 | sparse_loss: 1.03687 | 
2025-09-05 18:17:35,333 [INFO] [Iter 34] LR: 0.05000000
2025-09-05 18:17:35,335 [INFO] Saving best model at iteration 34
2025-09-05 18:17:35,603 [INFO] [35/300] loss 476.153 | compact 6.83954 | spectral 19.235 | recons_loss: 0.190568 | sparse_loss: 1.03679 | 
2025-09-05 18:17:35,603 [INFO] [Iter 35] LR: 0.05000000
2025-09-05 18:17:35,605 [INFO] Saving best model at iteration 35
2025-09-05 18:17:35,882 [INFO] [36/300] loss 476.085 | compact 6.84122 | spectral 19.239 | recons_loss: 0.190314 | sparse_loss: 1.03672 | 
2025-09-05 18:17:35,882 [INFO] [Iter 36] LR: 0.05000000
2025-09-05 18:17:35,885 [INFO] Saving best model at iteration 36
2025-09-05 18:17:36,146 [INFO] [37/300] loss 476.017 | compact 6.84309 | spectral 19.2411 | recons_loss: 0.190077 | sparse_loss: 1.03666 | 
2025-09-05 18:17:36,147 [INFO] [Iter 37] LR: 0.05000000
2025-09-05 18:17:36,148 [INFO] Saving best model at iteration 37
2025-09-05 18:17:36,420 [INFO] [38/300] loss 475.948 | compact 6.84514 | spectral 19.2409 | recons_loss: 0.189856 | sparse_loss: 1.03659 | 
2025-09-05 18:17:36,420 [INFO] [Iter 38] LR: 0.05000000
2025-09-05 18:17:36,421 [INFO] Saving best model at iteration 38
2025-09-05 18:17:36,682 [INFO] [39/300] loss 475.88 | compact 6.84754 | spectral 19.2391 | recons_loss: 0.189646 | sparse_loss: 1.03654 | 
2025-09-05 18:17:36,682 [INFO] [Iter 39] LR: 0.05000000
2025-09-05 18:17:36,684 [INFO] Saving best model at iteration 39
2025-09-05 18:17:36,944 [INFO] [40/300] loss 475.818 | compact 6.84897 | spectral 19.2384 | recons_loss: 0.189455 | sparse_loss: 1.03648 | 
2025-09-05 18:17:36,944 [INFO] [Iter 40] LR: 0.05000000
2025-09-05 18:17:36,946 [INFO] Saving best model at iteration 40
2025-09-05 18:17:37,221 [INFO] [41/300] loss 475.758 | compact 6.8499 | spectral 19.2399 | recons_loss: 0.189275 | sparse_loss: 1.03643 | 
2025-09-05 18:17:37,221 [INFO] [Iter 41] LR: 0.05000000
2025-09-05 18:17:37,223 [INFO] Saving best model at iteration 41
2025-09-05 18:17:37,484 [INFO] [42/300] loss 475.701 | compact 6.85052 | spectral 19.2413 | recons_loss: 0.189106 | sparse_loss: 1.03637 | 
2025-09-05 18:17:37,484 [INFO] [Iter 42] LR: 0.05000000
2025-09-05 18:17:37,487 [INFO] Saving best model at iteration 42
2025-09-05 18:17:37,753 [INFO] [43/300] loss 475.647 | compact 6.84993 | spectral 19.2447 | recons_loss: 0.18895 | sparse_loss: 1.03632 | 
2025-09-05 18:17:37,753 [INFO] [Iter 43] LR: 0.05000000
2025-09-05 18:17:37,755 [INFO] Saving best model at iteration 43
2025-09-05 18:17:38,011 [INFO] [44/300] loss 475.593 | compact 6.84987 | spectral 19.2459 | recons_loss: 0.18879 | sparse_loss: 1.03626 | 
2025-09-05 18:17:38,011 [INFO] [Iter 44] LR: 0.05000000
2025-09-05 18:17:38,013 [INFO] Saving best model at iteration 44
2025-09-05 18:17:38,274 [INFO] [45/300] loss 475.54 | compact 6.85017 | spectral 19.2467 | recons_loss: 0.188638 | sparse_loss: 1.03621 | 
2025-09-05 18:17:38,274 [INFO] [Iter 45] LR: 0.05000000
2025-09-05 18:17:38,275 [INFO] Saving best model at iteration 45
2025-09-05 18:17:38,536 [INFO] [46/300] loss 475.489 | compact 6.85037 | spectral 19.2483 | recons_loss: 0.188495 | sparse_loss: 1.03616 | 
2025-09-05 18:17:38,537 [INFO] [Iter 46] LR: 0.05000000
2025-09-05 18:17:38,538 [INFO] Saving best model at iteration 46
2025-09-05 18:17:38,806 [INFO] [47/300] loss 475.441 | compact 6.85036 | spectral 19.2491 | recons_loss: 0.188355 | sparse_loss: 1.03611 | 
2025-09-05 18:17:38,806 [INFO] [Iter 47] LR: 0.05000000
2025-09-05 18:17:38,807 [INFO] Saving best model at iteration 47
2025-09-05 18:17:39,064 [INFO] [48/300] loss 475.394 | compact 6.85058 | spectral 19.2502 | recons_loss: 0.188222 | sparse_loss: 1.03607 | 
2025-09-05 18:17:39,064 [INFO] [Iter 48] LR: 0.05000000
2025-09-05 18:17:39,065 [INFO] Saving best model at iteration 48
2025-09-05 18:17:39,329 [INFO] [49/300] loss 475.351 | compact 6.85023 | spectral 19.2523 | recons_loss: 0.188093 | sparse_loss: 1.03603 | 
2025-09-05 18:17:39,329 [INFO] [Iter 49] LR: 0.05000000
2025-09-05 18:17:39,331 [INFO] Saving best model at iteration 49
2025-09-05 18:17:39,392 [INFO] H: 160, W: 150
2025-09-05 18:17:39,547 [INFO] [0 1 2 3 4 5 6]
2025-09-05 18:17:39,814 [INFO] y_target: [1 2 3 4 5 6 7]
2025-09-05 18:17:39,814 [INFO] y_predict: [0 1 2 3 4 5 6]
2025-09-05 18:17:40,196 [INFO] Epoch = 50 OA = 0.8445 Kappa = 0.8165 NMI = 0.7507
2025-09-05 18:17:40,411 [INFO] [50/300] loss 475.308 | compact 6.85047 | spectral 19.2544 | recons_loss: 0.187972 | sparse_loss: 1.03599 | 
2025-09-05 18:17:40,412 [INFO] [Iter 50] LR: 0.05000000
2025-09-05 18:17:40,413 [INFO] Saving best model at iteration 50
2025-09-05 18:17:40,678 [INFO] [51/300] loss 475.268 | compact 6.85027 | spectral 19.2569 | recons_loss: 0.187856 | sparse_loss: 1.03596 | 
2025-09-05 18:17:40,678 [INFO] [Iter 51] LR: 0.05000000
2025-09-05 18:17:40,679 [INFO] Saving best model at iteration 51
2025-09-05 18:17:40,942 [INFO] [52/300] loss 475.231 | compact 6.84964 | spectral 19.2599 | recons_loss: 0.187751 | sparse_loss: 1.03593 | 
2025-09-05 18:17:40,943 [INFO] [Iter 52] LR: 0.05000000
2025-09-05 18:17:40,945 [INFO] Saving best model at iteration 52
2025-09-05 18:17:41,206 [INFO] [53/300] loss 475.199 | compact 6.84822 | spectral 19.2655 | recons_loss: 0.187656 | sparse_loss: 1.0359 | 
2025-09-05 18:17:41,206 [INFO] [Iter 53] LR: 0.02500000
2025-09-05 18:17:41,207 [INFO] Saving best model at iteration 53
2025-09-05 18:17:41,464 [INFO] [54/300] loss 475.176 | compact 6.84944 | spectral 19.2743 | recons_loss: 0.187557 | sparse_loss: 1.03587 | 
2025-09-05 18:17:41,465 [INFO] [Iter 54] LR: 0.02500000
2025-09-05 18:17:41,467 [INFO] Saving best model at iteration 54
2025-09-05 18:17:41,747 [INFO] [55/300] loss 475.155 | compact 6.85019 | spectral 19.2823 | recons_loss: 0.187466 | sparse_loss: 1.03585 | 
2025-09-05 18:17:41,747 [INFO] [Iter 55] LR: 0.02500000
2025-09-05 18:17:41,749 [INFO] Saving best model at iteration 55
2025-09-05 18:17:42,009 [INFO] [56/300] loss 475.135 | compact 6.85122 | spectral 19.2892 | recons_loss: 0.187375 | sparse_loss: 1.03583 | 
2025-09-05 18:17:42,009 [INFO] [Iter 56] LR: 0.01250000
2025-09-05 18:17:42,010 [INFO] Saving best model at iteration 56
2025-09-05 18:17:42,279 [INFO] [57/300] loss 475.115 | compact 6.85095 | spectral 19.2977 | recons_loss: 0.187286 | sparse_loss: 1.03581 | 
2025-09-05 18:17:42,279 [INFO] [Iter 57] LR: 0.01250000
2025-09-05 18:17:42,281 [INFO] Saving best model at iteration 57
2025-09-05 18:17:42,545 [INFO] [58/300] loss 475.096 | compact 6.85071 | spectral 19.3055 | recons_loss: 0.187206 | sparse_loss: 1.03579 | 
2025-09-05 18:17:42,545 [INFO] [Iter 58] LR: 0.01250000
2025-09-05 18:17:42,547 [INFO] Saving best model at iteration 58
2025-09-05 18:17:42,828 [INFO] [59/300] loss 475.077 | compact 6.85016 | spectral 19.312 | recons_loss: 0.187133 | sparse_loss: 1.03577 | 
2025-09-05 18:17:42,828 [INFO] [Iter 59] LR: 0.00625000
2025-09-05 18:17:42,829 [INFO] Saving best model at iteration 59
2025-09-05 18:17:43,102 [INFO] [60/300] loss 475.058 | compact 6.8497 | spectral 19.3176 | recons_loss: 0.187065 | sparse_loss: 1.03575 | 
2025-09-05 18:17:43,103 [INFO] [Iter 60] LR: 0.00625000
2025-09-05 18:17:43,104 [INFO] Saving best model at iteration 60
2025-09-05 18:17:43,368 [INFO] [61/300] loss 475.04 | compact 6.84929 | spectral 19.3226 | recons_loss: 0.187003 | sparse_loss: 1.03574 | 
2025-09-05 18:17:43,368 [INFO] [Iter 61] LR: 0.00625000
2025-09-05 18:17:43,370 [INFO] Saving best model at iteration 61
2025-09-05 18:17:43,636 [INFO] [62/300] loss 475.023 | compact 6.84892 | spectral 19.3276 | recons_loss: 0.186946 | sparse_loss: 1.03572 | 
2025-09-05 18:17:43,637 [INFO] [Iter 62] LR: 0.00625000
2025-09-05 18:17:43,639 [INFO] Saving best model at iteration 62
2025-09-05 18:17:43,908 [INFO] [63/300] loss 475.007 | compact 6.84862 | spectral 19.3321 | recons_loss: 0.186895 | sparse_loss: 1.0357 | 
2025-09-05 18:17:43,909 [INFO] [Iter 63] LR: 0.00625000
2025-09-05 18:17:43,911 [INFO] Saving best model at iteration 63
2025-09-05 18:17:44,190 [INFO] [64/300] loss 474.991 | compact 6.84861 | spectral 19.3358 | recons_loss: 0.186847 | sparse_loss: 1.03569 | 
2025-09-05 18:17:44,191 [INFO] [Iter 64] LR: 0.00312500
2025-09-05 18:17:44,193 [INFO] Saving best model at iteration 64
2025-09-05 18:17:44,456 [INFO] [65/300] loss 474.977 | compact 6.84877 | spectral 19.3382 | recons_loss: 0.186806 | sparse_loss: 1.03567 | 
2025-09-05 18:17:44,457 [INFO] [Iter 65] LR: 0.00312500
2025-09-05 18:17:44,458 [INFO] Saving best model at iteration 65
2025-09-05 18:17:44,724 [INFO] [66/300] loss 474.965 | compact 6.8489 | spectral 19.3405 | recons_loss: 0.186769 | sparse_loss: 1.03565 | 
2025-09-05 18:17:44,725 [INFO] [Iter 66] LR: 0.00312500
2025-09-05 18:17:44,726 [INFO] Saving best model at iteration 66
2025-09-05 18:17:44,984 [INFO] [67/300] loss 474.953 | compact 6.84912 | spectral 19.3425 | recons_loss: 0.186735 | sparse_loss: 1.03564 | 
2025-09-05 18:17:44,984 [INFO] [Iter 67] LR: 0.00156250
2025-09-05 18:17:44,986 [INFO] Saving best model at iteration 67
2025-09-05 18:17:45,250 [INFO] [68/300] loss 474.941 | compact 6.84934 | spectral 19.3442 | recons_loss: 0.186704 | sparse_loss: 1.03562 | 
2025-09-05 18:17:45,251 [INFO] [Iter 68] LR: 0.00156250
2025-09-05 18:17:45,252 [INFO] Saving best model at iteration 68
2025-09-05 18:17:45,512 [INFO] [69/300] loss 474.931 | compact 6.84954 | spectral 19.3458 | recons_loss: 0.186676 | sparse_loss: 1.03561 | 
2025-09-05 18:17:45,513 [INFO] [Iter 69] LR: 0.00156250
2025-09-05 18:17:45,515 [INFO] Saving best model at iteration 69
2025-09-05 18:17:45,777 [INFO] [70/300] loss 474.921 | compact 6.84981 | spectral 19.3471 | recons_loss: 0.186651 | sparse_loss: 1.0356 | 
2025-09-05 18:17:45,777 [INFO] [Iter 70] LR: 0.00078125
2025-09-05 18:17:45,779 [INFO] Saving best model at iteration 70
2025-09-05 18:17:46,040 [INFO] [71/300] loss 474.912 | compact 6.84997 | spectral 19.3485 | recons_loss: 0.186627 | sparse_loss: 1.03559 | 
2025-09-05 18:17:46,040 [INFO] [Iter 71] LR: 0.00078125
2025-09-05 18:17:46,042 [INFO] Saving best model at iteration 71
2025-09-05 18:17:46,317 [INFO] [72/300] loss 474.904 | compact 6.85011 | spectral 19.3498 | recons_loss: 0.186606 | sparse_loss: 1.03558 | 
2025-09-05 18:17:46,318 [INFO] [Iter 72] LR: 0.00078125
2025-09-05 18:17:46,320 [INFO] Saving best model at iteration 72
2025-09-05 18:17:46,580 [INFO] [73/300] loss 474.897 | compact 6.85024 | spectral 19.3509 | recons_loss: 0.186587 | sparse_loss: 1.03557 | 
2025-09-05 18:17:46,580 [INFO] [Iter 73] LR: 0.00078125
2025-09-05 18:17:46,582 [INFO] Saving best model at iteration 73
2025-09-05 18:17:46,841 [INFO] [74/300] loss 474.89 | compact 6.85036 | spectral 19.3519 | recons_loss: 0.18657 | sparse_loss: 1.03556 | 
2025-09-05 18:17:46,841 [INFO] [Iter 74] LR: 0.00078125
2025-09-05 18:17:46,842 [INFO] Saving best model at iteration 74
2025-09-05 18:17:47,102 [INFO] [75/300] loss 474.883 | compact 6.85038 | spectral 19.3531 | recons_loss: 0.186554 | sparse_loss: 1.03555 | 
2025-09-05 18:17:47,103 [INFO] [Iter 75] LR: 0.00078125
2025-09-05 18:17:47,104 [INFO] Saving best model at iteration 75
2025-09-05 18:17:47,369 [INFO] [76/300] loss 474.878 | compact 6.85061 | spectral 19.3537 | recons_loss: 0.186541 | sparse_loss: 1.03555 | 
2025-09-05 18:17:47,369 [INFO] [Iter 76] LR: 0.00039063
2025-09-05 18:17:47,370 [INFO] Saving best model at iteration 76
2025-09-05 18:17:47,649 [INFO] [77/300] loss 474.872 | compact 6.85082 | spectral 19.3543 | recons_loss: 0.186529 | sparse_loss: 1.03554 | 
2025-09-05 18:17:47,649 [INFO] [Iter 77] LR: 0.00039063
2025-09-05 18:17:47,650 [INFO] Saving best model at iteration 77
2025-09-05 18:17:47,910 [INFO] [78/300] loss 474.867 | compact 6.85101 | spectral 19.3548 | recons_loss: 0.186518 | sparse_loss: 1.03553 | 
2025-09-05 18:17:47,910 [INFO] [Iter 78] LR: 0.00039063
2025-09-05 18:17:47,912 [INFO] Saving best model at iteration 78
2025-09-05 18:17:48,175 [INFO] [79/300] loss 474.863 | compact 6.85118 | spectral 19.3553 | recons_loss: 0.186508 | sparse_loss: 1.03553 | 
2025-09-05 18:17:48,176 [INFO] [Iter 79] LR: 0.00019531
2025-09-05 18:17:48,178 [INFO] Saving best model at iteration 79
2025-09-05 18:17:48,463 [INFO] [80/300] loss 474.859 | compact 6.85133 | spectral 19.3557 | recons_loss: 0.186499 | sparse_loss: 1.03552 | 
2025-09-05 18:17:48,463 [INFO] [Iter 80] LR: 0.00019531
2025-09-05 18:17:48,464 [INFO] Saving best model at iteration 80
2025-09-05 18:17:48,736 [INFO] [81/300] loss 474.855 | compact 6.85149 | spectral 19.3561 | recons_loss: 0.186491 | sparse_loss: 1.03552 | 
2025-09-05 18:17:48,736 [INFO] [Iter 81] LR: 0.00019531
2025-09-05 18:17:48,738 [INFO] Saving best model at iteration 81
2025-09-05 18:17:49,001 [INFO] [82/300] loss 474.852 | compact 6.85164 | spectral 19.3565 | recons_loss: 0.186484 | sparse_loss: 1.03551 | 
2025-09-05 18:17:49,001 [INFO] [Iter 82] LR: 0.00009766
2025-09-05 18:17:49,003 [INFO] Saving best model at iteration 82
2025-09-05 18:17:49,278 [INFO] [83/300] loss 474.848 | compact 6.85177 | spectral 19.3568 | recons_loss: 0.186477 | sparse_loss: 1.03551 | 
2025-09-05 18:17:49,278 [INFO] [Iter 83] LR: 0.00009766
2025-09-05 18:17:49,279 [INFO] Saving best model at iteration 83
2025-09-05 18:17:49,543 [INFO] [84/300] loss 474.846 | compact 6.85189 | spectral 19.3571 | recons_loss: 0.186471 | sparse_loss: 1.03551 | 
2025-09-05 18:17:49,543 [INFO] [Iter 84] LR: 0.00009766
2025-09-05 18:17:49,545 [INFO] Saving best model at iteration 84
2025-09-05 18:17:49,812 [INFO] [85/300] loss 474.843 | compact 6.852 | spectral 19.3574 | recons_loss: 0.186466 | sparse_loss: 1.0355 | 
2025-09-05 18:17:49,813 [INFO] [Iter 85] LR: 0.00004883
2025-09-05 18:17:49,814 [INFO] Saving best model at iteration 85
2025-09-05 18:17:50,083 [INFO] [86/300] loss 474.841 | compact 6.8521 | spectral 19.3577 | recons_loss: 0.186461 | sparse_loss: 1.0355 | 
2025-09-05 18:17:50,084 [INFO] [Iter 86] LR: 0.00004883
2025-09-05 18:17:50,085 [INFO] Saving best model at iteration 86
2025-09-05 18:17:50,346 [INFO] [87/300] loss 474.839 | compact 6.85218 | spectral 19.3579 | recons_loss: 0.186457 | sparse_loss: 1.0355 | 
2025-09-05 18:17:50,346 [INFO] [Iter 87] LR: 0.00004883
2025-09-05 18:17:50,347 [INFO] Saving best model at iteration 87
2025-09-05 18:17:50,609 [INFO] [88/300] loss 474.837 | compact 6.85226 | spectral 19.3581 | recons_loss: 0.186453 | sparse_loss: 1.03549 | 
2025-09-05 18:17:50,609 [INFO] [Iter 88] LR: 0.00002441
2025-09-05 18:17:50,612 [INFO] Saving best model at iteration 88
2025-09-05 18:17:50,876 [INFO] [89/300] loss 474.835 | compact 6.85233 | spectral 19.3582 | recons_loss: 0.18645 | sparse_loss: 1.03549 | 
2025-09-05 18:17:50,876 [INFO] [Iter 89] LR: 0.00002441
2025-09-05 18:17:50,878 [INFO] Saving best model at iteration 89
2025-09-05 18:17:51,144 [INFO] [90/300] loss 474.833 | compact 6.8524 | spectral 19.3584 | recons_loss: 0.186446 | sparse_loss: 1.03549 | 
2025-09-05 18:17:51,144 [INFO] [Iter 90] LR: 0.00002441
2025-09-05 18:17:51,145 [INFO] Saving best model at iteration 90
2025-09-05 18:17:51,429 [INFO] [91/300] loss 474.832 | compact 6.85245 | spectral 19.3586 | recons_loss: 0.186444 | sparse_loss: 1.03549 | 
2025-09-05 18:17:51,429 [INFO] [Iter 91] LR: 0.00001221
2025-09-05 18:17:51,432 [INFO] Saving best model at iteration 91
2025-09-05 18:17:51,702 [INFO] [92/300] loss 474.83 | compact 6.85251 | spectral 19.3587 | recons_loss: 0.186441 | sparse_loss: 1.03549 | 
2025-09-05 18:17:51,702 [INFO] [Iter 92] LR: 0.00001221
2025-09-05 18:17:51,704 [INFO] Saving best model at iteration 92
2025-09-05 18:17:51,972 [INFO] [93/300] loss 474.829 | compact 6.85255 | spectral 19.3588 | recons_loss: 0.186439 | sparse_loss: 1.03549 | 
2025-09-05 18:17:51,972 [INFO] [Iter 93] LR: 0.00001221
2025-09-05 18:17:51,975 [INFO] Saving best model at iteration 93
2025-09-05 18:17:52,241 [INFO] [94/300] loss 474.828 | compact 6.85259 | spectral 19.3589 | recons_loss: 0.186437 | sparse_loss: 1.03548 | 
2025-09-05 18:17:52,242 [INFO] [Iter 94] LR: 0.00000610
2025-09-05 18:17:52,243 [INFO] Saving best model at iteration 94
2025-09-05 18:17:52,527 [INFO] [95/300] loss 474.827 | compact 6.85263 | spectral 19.359 | recons_loss: 0.186435 | sparse_loss: 1.03548 | 
2025-09-05 18:17:52,528 [INFO] [Iter 95] LR: 0.00000610
2025-09-05 18:17:52,529 [INFO] Saving best model at iteration 95
2025-09-05 18:17:52,811 [INFO] [96/300] loss 474.826 | compact 6.85266 | spectral 19.3591 | recons_loss: 0.186433 | sparse_loss: 1.03548 | 
2025-09-05 18:17:52,812 [INFO] [Iter 96] LR: 0.00000610
2025-09-05 18:17:52,813 [INFO] Saving best model at iteration 96
2025-09-05 18:17:53,078 [INFO] [97/300] loss 474.826 | compact 6.85269 | spectral 19.3592 | recons_loss: 0.186432 | sparse_loss: 1.03548 | 
2025-09-05 18:17:53,079 [INFO] [Iter 97] LR: 0.00000305
2025-09-05 18:17:53,081 [INFO] Saving best model at iteration 97
2025-09-05 18:17:53,345 [INFO] [98/300] loss 474.825 | compact 6.85272 | spectral 19.3592 | recons_loss: 0.18643 | sparse_loss: 1.03548 | 
2025-09-05 18:17:53,345 [INFO] [Iter 98] LR: 0.00000305
2025-09-05 18:17:53,347 [INFO] Saving best model at iteration 98
2025-09-05 18:17:53,629 [INFO] [99/300] loss 474.824 | compact 6.85275 | spectral 19.3593 | recons_loss: 0.186429 | sparse_loss: 1.03548 | 
2025-09-05 18:17:53,630 [INFO] [Iter 99] LR: 0.00000305
2025-09-05 18:17:53,635 [INFO] Saving best model at iteration 99
2025-09-05 18:17:53,734 [INFO] H: 160, W: 150
2025-09-05 18:17:55,644 [INFO] [0 1 2 3 4 5 6]
2025-09-05 18:17:55,875 [INFO] y_target: [1 2 3 4 5 6 7]
2025-09-05 18:17:55,875 [INFO] y_predict: [0 1 2 3 4 5 6]
2025-09-05 18:17:56,053 [INFO] Epoch = 100 OA = 0.8452 Kappa = 0.8173 NMI = 0.7517
2025-09-05 18:17:56,288 [INFO] [100/300] loss 474.824 | compact 6.85277 | spectral 19.3593 | recons_loss: 0.186428 | sparse_loss: 1.03548 | 
2025-09-05 18:17:56,289 [INFO] [Iter 100] LR: 0.00000153
2025-09-05 18:17:56,290 [INFO] Saving best model at iteration 100
2025-09-05 18:17:56,568 [INFO] [101/300] loss 474.823 | compact 6.85279 | spectral 19.3594 | recons_loss: 0.186427 | sparse_loss: 1.03548 | 
2025-09-05 18:17:56,569 [INFO] [Iter 101] LR: 0.00000153
2025-09-05 18:17:56,570 [INFO] Saving best model at iteration 101
2025-09-05 18:17:56,830 [INFO] [102/300] loss 474.823 | compact 6.85281 | spectral 19.3594 | recons_loss: 0.186426 | sparse_loss: 1.03548 | 
2025-09-05 18:17:56,830 [INFO] [Iter 102] LR: 0.00000153
2025-09-05 18:17:56,832 [INFO] Saving best model at iteration 102
2025-09-05 18:17:57,105 [INFO] [103/300] loss 474.822 | compact 6.85282 | spectral 19.3595 | recons_loss: 0.186425 | sparse_loss: 1.03548 | 
2025-09-05 18:17:57,106 [INFO] [Iter 103] LR: 0.00000076
2025-09-05 18:17:57,107 [INFO] Saving best model at iteration 103
2025-09-05 18:17:57,376 [INFO] [104/300] loss 474.822 | compact 6.85284 | spectral 19.3595 | recons_loss: 0.186425 | sparse_loss: 1.03548 | 
2025-09-05 18:17:57,381 [INFO] [Iter 104] LR: 0.00000076
2025-09-05 18:17:57,383 [INFO] Saving best model at iteration 104
2025-09-05 18:17:57,710 [INFO] [105/300] loss 474.821 | compact 6.85285 | spectral 19.3595 | recons_loss: 0.186424 | sparse_loss: 1.03548 | 
2025-09-05 18:17:57,710 [INFO] [Iter 105] LR: 0.00000076
2025-09-05 18:17:57,712 [INFO] Saving best model at iteration 105
2025-09-05 18:17:57,978 [INFO] [106/300] loss 474.821 | compact 6.85286 | spectral 19.3596 | recons_loss: 0.186424 | sparse_loss: 1.03547 | 
2025-09-05 18:17:57,979 [INFO] [Iter 106] LR: 0.00000038
2025-09-05 18:17:57,980 [INFO] Saving best model at iteration 106
2025-09-05 18:17:58,248 [INFO] [107/300] loss 474.821 | compact 6.85287 | spectral 19.3596 | recons_loss: 0.186423 | sparse_loss: 1.03547 | 
2025-09-05 18:17:58,248 [INFO] [Iter 107] LR: 0.00000038
2025-09-05 18:17:58,249 [INFO] Saving best model at iteration 107
2025-09-05 18:17:58,515 [INFO] [108/300] loss 474.821 | compact 6.85288 | spectral 19.3596 | recons_loss: 0.186423 | sparse_loss: 1.03547 | 
2025-09-05 18:17:58,516 [INFO] [Iter 108] LR: 0.00000038
2025-09-05 18:17:58,518 [INFO] Saving best model at iteration 108
2025-09-05 18:17:58,799 [INFO] [109/300] loss 474.82 | compact 6.85289 | spectral 19.3597 | recons_loss: 0.186422 | sparse_loss: 1.03547 | 
2025-09-05 18:17:58,800 [INFO] [Iter 109] LR: 0.00000019
2025-09-05 18:17:58,801 [INFO] Saving best model at iteration 109
2025-09-05 18:17:59,081 [INFO] [110/300] loss 474.82 | compact 6.8529 | spectral 19.3597 | recons_loss: 0.186422 | sparse_loss: 1.03547 | 
2025-09-05 18:17:59,082 [INFO] [Iter 110] LR: 0.00000019
2025-09-05 18:17:59,083 [INFO] Saving best model at iteration 110
2025-09-05 18:17:59,343 [INFO] [111/300] loss 474.82 | compact 6.85291 | spectral 19.3597 | recons_loss: 0.186421 | sparse_loss: 1.03547 | 
2025-09-05 18:17:59,343 [INFO] [Iter 111] LR: 0.00000019
2025-09-05 18:17:59,344 [INFO] Saving best model at iteration 111
2025-09-05 18:17:59,619 [INFO] [112/300] loss 474.82 | compact 6.85291 | spectral 19.3597 | recons_loss: 0.186421 | sparse_loss: 1.03547 | 
2025-09-05 18:17:59,620 [INFO] [Iter 112] LR: 0.00000010
2025-09-05 18:17:59,621 [INFO] Saving best model at iteration 112
2025-09-05 18:17:59,901 [INFO] [113/300] loss 474.82 | compact 6.85292 | spectral 19.3597 | recons_loss: 0.186421 | sparse_loss: 1.03547 | 
2025-09-05 18:17:59,902 [INFO] [Iter 113] LR: 0.00000010
2025-09-05 18:17:59,904 [INFO] Saving best model at iteration 113
2025-09-05 18:18:00,166 [INFO] [114/300] loss 474.82 | compact 6.85292 | spectral 19.3597 | recons_loss: 0.186421 | sparse_loss: 1.03547 | 
2025-09-05 18:18:00,166 [INFO] [Iter 114] LR: 0.00000010
2025-09-05 18:18:00,167 [INFO] Saving best model at iteration 114
2025-09-05 18:18:00,481 [INFO] [115/300] loss 474.819 | compact 6.85293 | spectral 19.3597 | recons_loss: 0.18642 | sparse_loss: 1.03547 | 
2025-09-05 18:18:00,481 [INFO] [Iter 115] LR: 0.00000005
2025-09-05 18:18:00,483 [INFO] Saving best model at iteration 115
2025-09-05 18:18:00,762 [INFO] [116/300] loss 474.819 | compact 6.85293 | spectral 19.3598 | recons_loss: 0.18642 | sparse_loss: 1.03547 | 
2025-09-05 18:18:00,763 [INFO] [Iter 116] LR: 0.00000005
2025-09-05 18:18:00,765 [INFO] Saving best model at iteration 116
2025-09-05 18:18:01,026 [INFO] [117/300] loss 474.819 | compact 6.85293 | spectral 19.3598 | recons_loss: 0.18642 | sparse_loss: 1.03547 | 
2025-09-05 18:18:01,026 [INFO] [Iter 117] LR: 0.00000005
2025-09-05 18:18:01,027 [INFO] No improvement: current loss 474.819267, best loss 474.819365
2025-09-05 18:18:01,293 [INFO] [118/300] loss 474.819 | compact 6.85294 | spectral 19.3598 | recons_loss: 0.18642 | sparse_loss: 1.03547 | 
2025-09-05 18:18:01,293 [INFO] [Iter 118] LR: 0.00000002
2025-09-05 18:18:01,294 [INFO] Saving best model at iteration 118
2025-09-05 18:18:01,551 [INFO] [119/300] loss 474.819 | compact 6.85294 | spectral 19.3598 | recons_loss: 0.18642 | sparse_loss: 1.03547 | 
2025-09-05 18:18:01,551 [INFO] [Iter 119] LR: 0.00000002
2025-09-05 18:18:01,553 [INFO] No improvement: current loss 474.819100, best loss 474.819179
2025-09-05 18:18:01,820 [INFO] [120/300] loss 474.819 | compact 6.85294 | spectral 19.3598 | recons_loss: 0.18642 | sparse_loss: 1.03547 | 
2025-09-05 18:18:01,820 [INFO] [Iter 120] LR: 0.00000002
2025-09-05 18:18:01,822 [INFO] Saving best model at iteration 120
2025-09-05 18:18:02,096 [INFO] [121/300] loss 474.819 | compact 6.85295 | spectral 19.3598 | recons_loss: 0.186419 | sparse_loss: 1.03547 | 
2025-09-05 18:18:02,097 [INFO] [Iter 121] LR: 0.00000001
2025-09-05 18:18:02,102 [INFO] No improvement: current loss 474.818965, best loss 474.819029
2025-09-05 18:18:02,377 [INFO] [122/300] loss 474.819 | compact 6.85295 | spectral 19.3598 | recons_loss: 0.186419 | sparse_loss: 1.03547 | 
2025-09-05 18:18:02,378 [INFO] [Iter 122] LR: 0.00000001
2025-09-05 18:18:02,379 [INFO] Saving best model at iteration 122
2025-09-05 18:18:02,653 [INFO] [123/300] loss 474.819 | compact 6.85295 | spectral 19.3598 | recons_loss: 0.186419 | sparse_loss: 1.03547 | 
2025-09-05 18:18:02,654 [INFO] [Iter 123] LR: 0.00000001
2025-09-05 18:18:02,655 [INFO] No improvement: current loss 474.818856, best loss 474.818908
2025-09-05 18:18:02,910 [INFO] [124/300] loss 474.819 | compact 6.85295 | spectral 19.3598 | recons_loss: 0.186419 | sparse_loss: 1.03547 | 
2025-09-05 18:18:02,910 [INFO] [Iter 124] LR: 0.00000001
2025-09-05 18:18:02,911 [INFO] No improvement: current loss 474.818809, best loss 474.818908
2025-09-05 18:18:03,171 [INFO] [125/300] loss 474.819 | compact 6.85295 | spectral 19.3598 | recons_loss: 0.186419 | sparse_loss: 1.03547 | 
2025-09-05 18:18:03,172 [INFO] [Iter 125] LR: 0.00000001
2025-09-05 18:18:03,174 [INFO] Saving best model at iteration 125
2025-09-05 18:18:03,432 [INFO] [126/300] loss 474.819 | compact 6.85295 | spectral 19.3598 | recons_loss: 0.186419 | sparse_loss: 1.03547 | 
2025-09-05 18:18:03,432 [INFO] [Iter 126] LR: 0.00000001
2025-09-05 18:18:03,434 [INFO] No improvement: current loss 474.818730, best loss 474.818767
2025-09-05 18:18:03,690 [INFO] [127/300] loss 474.819 | compact 6.85296 | spectral 19.3598 | recons_loss: 0.186419 | sparse_loss: 1.03547 | 
2025-09-05 18:18:03,691 [INFO] [Iter 127] LR: 0.00000001
2025-09-05 18:18:03,693 [INFO] No improvement: current loss 474.818696, best loss 474.818767
2025-09-05 18:18:03,951 [INFO] [128/300] loss 474.819 | compact 6.85296 | spectral 19.3598 | recons_loss: 0.186419 | sparse_loss: 1.03547 | 
2025-09-05 18:18:03,951 [INFO] [Iter 128] LR: 0.00000001
2025-09-05 18:18:03,952 [INFO] Saving best model at iteration 128
2025-09-05 18:18:04,222 [INFO] [129/300] loss 474.819 | compact 6.85296 | spectral 19.3598 | recons_loss: 0.186419 | sparse_loss: 1.03547 | 
2025-09-05 18:18:04,222 [INFO] [Iter 129] LR: 0.00000001
2025-09-05 18:18:04,227 [INFO] No improvement: current loss 474.818638, best loss 474.818665
2025-09-05 18:18:04,507 [INFO] [130/300] loss 474.819 | compact 6.85296 | spectral 19.3598 | recons_loss: 0.186419 | sparse_loss: 1.03547 | 
2025-09-05 18:18:04,508 [INFO] [Iter 130] LR: 0.00000001
2025-09-05 18:18:04,510 [INFO] No improvement: current loss 474.818613, best loss 474.818665
2025-09-05 18:18:04,767 [INFO] [131/300] loss 474.819 | compact 6.85296 | spectral 19.3598 | recons_loss: 0.186419 | sparse_loss: 1.03547 | 
2025-09-05 18:18:04,768 [INFO] [Iter 131] LR: 0.00000001
2025-09-05 18:18:04,769 [INFO] No improvement: current loss 474.818591, best loss 474.818665
2025-09-05 18:18:05,036 [INFO] [132/300] loss 474.819 | compact 6.85296 | spectral 19.3598 | recons_loss: 0.186419 | sparse_loss: 1.03547 | 
2025-09-05 18:18:05,037 [INFO] [Iter 132] LR: 0.00000001
2025-09-05 18:18:05,039 [INFO] No improvement: current loss 474.818570, best loss 474.818665
2025-09-05 18:18:05,310 [INFO] [133/300] loss 474.819 | compact 6.85296 | spectral 19.3598 | recons_loss: 0.186419 | sparse_loss: 1.03547 | 
2025-09-05 18:18:05,310 [INFO] [Iter 133] LR: 0.00000001
2025-09-05 18:18:05,311 [INFO] Saving best model at iteration 133
2025-09-05 18:18:05,573 [INFO] [134/300] loss 474.819 | compact 6.85296 | spectral 19.3598 | recons_loss: 0.186419 | sparse_loss: 1.03547 | 
2025-09-05 18:18:05,573 [INFO] [Iter 134] LR: 0.00000001
2025-09-05 18:18:05,574 [INFO] No improvement: current loss 474.818536, best loss 474.818552
2025-09-05 18:18:05,839 [INFO] [135/300] loss 474.819 | compact 6.85296 | spectral 19.3598 | recons_loss: 0.186419 | sparse_loss: 1.03547 | 
2025-09-05 18:18:05,840 [INFO] [Iter 135] LR: 0.00000001
2025-09-05 18:18:05,842 [INFO] No improvement: current loss 474.818522, best loss 474.818552
2025-09-05 18:18:06,110 [INFO] [136/300] loss 474.819 | compact 6.85296 | spectral 19.3598 | recons_loss: 0.186419 | sparse_loss: 1.03547 | 
2025-09-05 18:18:06,110 [INFO] [Iter 136] LR: 0.00000001
2025-09-05 18:18:06,111 [INFO] No improvement: current loss 474.818508, best loss 474.818552
2025-09-05 18:18:06,367 [INFO] [137/300] loss 474.818 | compact 6.85296 | spectral 19.3598 | recons_loss: 0.186419 | sparse_loss: 1.03547 | 
2025-09-05 18:18:06,367 [INFO] [Iter 137] LR: 0.00000001
2025-09-05 18:18:06,368 [INFO] No improvement: current loss 474.818497, best loss 474.818552
2025-09-05 18:18:06,629 [INFO] [138/300] loss 474.818 | compact 6.85296 | spectral 19.3598 | recons_loss: 0.186419 | sparse_loss: 1.03547 | 
2025-09-05 18:18:06,629 [INFO] [Iter 138] LR: 0.00000001
2025-09-05 18:18:06,630 [INFO] No improvement: current loss 474.818486, best loss 474.818552
2025-09-05 18:18:06,896 [INFO] [139/300] loss 474.818 | compact 6.85296 | spectral 19.3598 | recons_loss: 0.186419 | sparse_loss: 1.03547 | 
2025-09-05 18:18:06,897 [INFO] [Iter 139] LR: 0.00000001
2025-09-05 18:18:06,899 [INFO] No improvement: current loss 474.818476, best loss 474.818552
2025-09-05 18:18:07,159 [INFO] [140/300] loss 474.818 | compact 6.85296 | spectral 19.3598 | recons_loss: 0.186418 | sparse_loss: 1.03547 | 
2025-09-05 18:18:07,159 [INFO] [Iter 140] LR: 0.00000001
2025-09-05 18:18:07,161 [INFO] No improvement: current loss 474.818468, best loss 474.818552
2025-09-05 18:18:07,439 [INFO] [141/300] loss 474.818 | compact 6.85296 | spectral 19.3598 | recons_loss: 0.186418 | sparse_loss: 1.03547 | 
2025-09-05 18:18:07,440 [INFO] [Iter 141] LR: 0.00000001
2025-09-05 18:18:07,441 [INFO] No improvement: current loss 474.818460, best loss 474.818552
2025-09-05 18:18:07,749 [INFO] [142/300] loss 474.818 | compact 6.85297 | spectral 19.3598 | recons_loss: 0.186418 | sparse_loss: 1.03547 | 
2025-09-05 18:18:07,749 [INFO] [Iter 142] LR: 0.00000001
2025-09-05 18:18:07,751 [INFO] No improvement: current loss 474.818453, best loss 474.818552
2025-09-05 18:18:08,012 [INFO] [143/300] loss 474.818 | compact 6.85297 | spectral 19.3598 | recons_loss: 0.186418 | sparse_loss: 1.03547 | 
2025-09-05 18:18:08,012 [INFO] [Iter 143] LR: 0.00000001
2025-09-05 18:18:08,013 [INFO] Saving best model at iteration 143
2025-09-05 18:18:08,271 [INFO] [144/300] loss 474.818 | compact 6.85297 | spectral 19.3598 | recons_loss: 0.186418 | sparse_loss: 1.03547 | 
2025-09-05 18:18:08,272 [INFO] [Iter 144] LR: 0.00000001
2025-09-05 18:18:08,274 [INFO] No improvement: current loss 474.818441, best loss 474.818447
2025-09-05 18:18:08,533 [INFO] [145/300] loss 474.818 | compact 6.85297 | spectral 19.3598 | recons_loss: 0.186418 | sparse_loss: 1.03547 | 
2025-09-05 18:18:08,533 [INFO] [Iter 145] LR: 0.00000001
2025-09-05 18:18:08,534 [INFO] No improvement: current loss 474.818436, best loss 474.818447
2025-09-05 18:18:08,793 [INFO] [146/300] loss 474.818 | compact 6.85297 | spectral 19.3598 | recons_loss: 0.186418 | sparse_loss: 1.03547 | 
2025-09-05 18:18:08,793 [INFO] [Iter 146] LR: 0.00000001
2025-09-05 18:18:08,795 [INFO] No improvement: current loss 474.818431, best loss 474.818447
2025-09-05 18:18:09,055 [INFO] [147/300] loss 474.818 | compact 6.85297 | spectral 19.3598 | recons_loss: 0.186418 | sparse_loss: 1.03547 | 
2025-09-05 18:18:09,055 [INFO] [Iter 147] LR: 0.00000001
2025-09-05 18:18:09,056 [INFO] No improvement: current loss 474.818427, best loss 474.818447
2025-09-05 18:18:09,314 [INFO] [148/300] loss 474.818 | compact 6.85297 | spectral 19.3598 | recons_loss: 0.186418 | sparse_loss: 1.03547 | 
2025-09-05 18:18:09,315 [INFO] [Iter 148] LR: 0.00000001
2025-09-05 18:18:09,317 [INFO] No improvement: current loss 474.818423, best loss 474.818447
2025-09-05 18:18:09,593 [INFO] [149/300] loss 474.818 | compact 6.85297 | spectral 19.3598 | recons_loss: 0.186418 | sparse_loss: 1.03547 | 
2025-09-05 18:18:09,593 [INFO] [Iter 149] LR: 0.00000001
2025-09-05 18:18:09,595 [INFO] No improvement: current loss 474.818420, best loss 474.818447
2025-09-05 18:18:09,668 [INFO] H: 160, W: 150
2025-09-05 18:18:09,786 [INFO] [0 1 2 3 4 5 6]
2025-09-05 18:18:09,951 [INFO] y_target: [1 2 3 4 5 6 7]
2025-09-05 18:18:09,951 [INFO] y_predict: [0 1 2 3 4 5 6]
2025-09-05 18:18:10,116 [INFO] Epoch = 150 OA = 0.8452 Kappa = 0.8173 NMI = 0.7517
2025-09-05 18:18:10,327 [INFO] [150/300] loss 474.818 | compact 6.85297 | spectral 19.3598 | recons_loss: 0.186418 | sparse_loss: 1.03547 | 
2025-09-05 18:18:10,328 [INFO] [Iter 150] LR: 0.00000001
2025-09-05 18:18:10,330 [INFO] No improvement: current loss 474.818417, best loss 474.818447
2025-09-05 18:18:10,592 [INFO] [151/300] loss 474.818 | compact 6.85297 | spectral 19.3598 | recons_loss: 0.186418 | sparse_loss: 1.03547 | 
2025-09-05 18:18:10,593 [INFO] [Iter 151] LR: 0.00000001
2025-09-05 18:18:10,595 [INFO] No improvement: current loss 474.818414, best loss 474.818447
2025-09-05 18:18:10,861 [INFO] [152/300] loss 474.818 | compact 6.85297 | spectral 19.3598 | recons_loss: 0.186418 | sparse_loss: 1.03547 | 
2025-09-05 18:18:10,861 [INFO] [Iter 152] LR: 0.00000001
2025-09-05 18:18:10,864 [INFO] No improvement: current loss 474.818412, best loss 474.818447
2025-09-05 18:18:11,122 [INFO] [153/300] loss 474.818 | compact 6.85297 | spectral 19.3598 | recons_loss: 0.186418 | sparse_loss: 1.03547 | 
2025-09-05 18:18:11,122 [INFO] [Iter 153] LR: 0.00000001
2025-09-05 18:18:11,124 [INFO] No improvement: current loss 474.818410, best loss 474.818447
2025-09-05 18:18:11,381 [INFO] [154/300] loss 474.818 | compact 6.85297 | spectral 19.3598 | recons_loss: 0.186418 | sparse_loss: 1.03547 | 
2025-09-05 18:18:11,382 [INFO] [Iter 154] LR: 0.00000001
2025-09-05 18:18:11,384 [INFO] No improvement: current loss 474.818408, best loss 474.818447
2025-09-05 18:18:11,643 [INFO] [155/300] loss 474.818 | compact 6.85297 | spectral 19.3598 | recons_loss: 0.186418 | sparse_loss: 1.03547 | 
2025-09-05 18:18:11,643 [INFO] [Iter 155] LR: 0.00000001
2025-09-05 18:18:11,645 [INFO] No improvement: current loss 474.818406, best loss 474.818447
2025-09-05 18:18:11,907 [INFO] [156/300] loss 474.818 | compact 6.85297 | spectral 19.3598 | recons_loss: 0.186418 | sparse_loss: 1.03547 | 
2025-09-05 18:18:11,907 [INFO] [Iter 156] LR: 0.00000001
2025-09-05 18:18:11,909 [INFO] No improvement: current loss 474.818404, best loss 474.818447
2025-09-05 18:18:12,178 [INFO] [157/300] loss 474.818 | compact 6.85297 | spectral 19.3598 | recons_loss: 0.186418 | sparse_loss: 1.03547 | 
2025-09-05 18:18:12,179 [INFO] [Iter 157] LR: 0.00000001
2025-09-05 18:18:12,181 [INFO] No improvement: current loss 474.818403, best loss 474.818447
2025-09-05 18:18:12,439 [INFO] [158/300] loss 474.818 | compact 6.85297 | spectral 19.3598 | recons_loss: 0.186418 | sparse_loss: 1.03547 | 
2025-09-05 18:18:12,440 [INFO] [Iter 158] LR: 0.00000001
2025-09-05 18:18:12,441 [INFO] No improvement: current loss 474.818402, best loss 474.818447
2025-09-05 18:18:12,699 [INFO] [159/300] loss 474.818 | compact 6.85297 | spectral 19.3598 | recons_loss: 0.186418 | sparse_loss: 1.03547 | 
2025-09-05 18:18:12,699 [INFO] [Iter 159] LR: 0.00000001
2025-09-05 18:18:12,700 [INFO] No improvement: current loss 474.818400, best loss 474.818447
2025-09-05 18:18:12,963 [INFO] [160/300] loss 474.818 | compact 6.85297 | spectral 19.3598 | recons_loss: 0.186418 | sparse_loss: 1.03547 | 
2025-09-05 18:18:12,963 [INFO] [Iter 160] LR: 0.00000001
2025-09-05 18:18:12,965 [INFO] No improvement: current loss 474.818399, best loss 474.818447
2025-09-05 18:18:13,223 [INFO] [161/300] loss 474.818 | compact 6.85297 | spectral 19.3598 | recons_loss: 0.186418 | sparse_loss: 1.03547 | 
2025-09-05 18:18:13,223 [INFO] [Iter 161] LR: 0.00000001
2025-09-05 18:18:13,225 [INFO] No improvement: current loss 474.818398, best loss 474.818447
2025-09-05 18:18:13,490 [INFO] [162/300] loss 474.818 | compact 6.85297 | spectral 19.3598 | recons_loss: 0.186418 | sparse_loss: 1.03547 | 
2025-09-05 18:18:13,491 [INFO] [Iter 162] LR: 0.00000001
2025-09-05 18:18:13,493 [INFO] No improvement: current loss 474.818398, best loss 474.818447
2025-09-05 18:18:13,751 [INFO] [163/300] loss 474.818 | compact 6.85297 | spectral 19.3598 | recons_loss: 0.186418 | sparse_loss: 1.03547 | 
2025-09-05 18:18:13,752 [INFO] [Iter 163] LR: 0.00000001
2025-09-05 18:18:13,753 [INFO] No improvement: current loss 474.818397, best loss 474.818447
2025-09-05 18:18:14,029 [INFO] [164/300] loss 474.818 | compact 6.85297 | spectral 19.3598 | recons_loss: 0.186418 | sparse_loss: 1.03547 | 
2025-09-05 18:18:14,030 [INFO] [Iter 164] LR: 0.00000001
2025-09-05 18:18:14,032 [INFO] No improvement: current loss 474.818396, best loss 474.818447
2025-09-05 18:18:14,292 [INFO] [165/300] loss 474.818 | compact 6.85297 | spectral 19.3598 | recons_loss: 0.186418 | sparse_loss: 1.03547 | 
2025-09-05 18:18:14,292 [INFO] [Iter 165] LR: 0.00000001
2025-09-05 18:18:14,294 [INFO] No improvement: current loss 474.818395, best loss 474.818447
2025-09-05 18:18:14,553 [INFO] [166/300] loss 474.818 | compact 6.85297 | spectral 19.3598 | recons_loss: 0.186418 | sparse_loss: 1.03547 | 
2025-09-05 18:18:14,553 [INFO] [Iter 166] LR: 0.00000001
2025-09-05 18:18:14,555 [INFO] No improvement: current loss 474.818395, best loss 474.818447
2025-09-05 18:18:14,812 [INFO] [167/300] loss 474.818 | compact 6.85297 | spectral 19.3598 | recons_loss: 0.186418 | sparse_loss: 1.03547 | 
2025-09-05 18:18:14,813 [INFO] [Iter 167] LR: 0.00000001
2025-09-05 18:18:14,815 [INFO] No improvement: current loss 474.818394, best loss 474.818447
2025-09-05 18:18:15,076 [INFO] [168/300] loss 474.818 | compact 6.85297 | spectral 19.3598 | recons_loss: 0.186418 | sparse_loss: 1.03547 | 
2025-09-05 18:18:15,077 [INFO] [Iter 168] LR: 0.00000001
2025-09-05 18:18:15,079 [INFO] No improvement: current loss 474.818394, best loss 474.818447
2025-09-05 18:18:15,339 [INFO] [169/300] loss 474.818 | compact 6.85297 | spectral 19.3598 | recons_loss: 0.186418 | sparse_loss: 1.03547 | 
2025-09-05 18:18:15,340 [INFO] [Iter 169] LR: 0.00000001
2025-09-05 18:18:15,341 [INFO] No improvement: current loss 474.818394, best loss 474.818447
2025-09-05 18:18:15,598 [INFO] [170/300] loss 474.818 | compact 6.85297 | spectral 19.3598 | recons_loss: 0.186418 | sparse_loss: 1.03547 | 
2025-09-05 18:18:15,599 [INFO] [Iter 170] LR: 0.00000001
2025-09-05 18:18:15,600 [INFO] No improvement: current loss 474.818393, best loss 474.818447
2025-09-05 18:18:15,858 [INFO] [171/300] loss 474.818 | compact 6.85297 | spectral 19.3598 | recons_loss: 0.186418 | sparse_loss: 1.03547 | 
2025-09-05 18:18:15,858 [INFO] [Iter 171] LR: 0.00000001
2025-09-05 18:18:15,859 [INFO] No improvement: current loss 474.818393, best loss 474.818447
2025-09-05 18:18:16,125 [INFO] [172/300] loss 474.818 | compact 6.85297 | spectral 19.3598 | recons_loss: 0.186418 | sparse_loss: 1.03547 | 
2025-09-05 18:18:16,125 [INFO] [Iter 172] LR: 0.00000001
2025-09-05 18:18:16,126 [INFO] No improvement: current loss 474.818393, best loss 474.818447
2025-09-05 18:18:16,384 [INFO] [173/300] loss 474.818 | compact 6.85297 | spectral 19.3598 | recons_loss: 0.186418 | sparse_loss: 1.03547 | 
2025-09-05 18:18:16,384 [INFO] [Iter 173] LR: 0.00000001
2025-09-05 18:18:16,386 [INFO] No improvement: current loss 474.818392, best loss 474.818447
2025-09-05 18:18:16,644 [INFO] [174/300] loss 474.818 | compact 6.85297 | spectral 19.3598 | recons_loss: 0.186418 | sparse_loss: 1.03547 | 
2025-09-05 18:18:16,644 [INFO] [Iter 174] LR: 0.00000001
2025-09-05 18:18:16,645 [INFO] No improvement: current loss 474.818392, best loss 474.818447
2025-09-05 18:18:16,925 [INFO] [175/300] loss 474.818 | compact 6.85297 | spectral 19.3598 | recons_loss: 0.186418 | sparse_loss: 1.03547 | 
2025-09-05 18:18:16,925 [INFO] [Iter 175] LR: 0.00000001
2025-09-05 18:18:16,927 [INFO] No improvement: current loss 474.818392, best loss 474.818447
2025-09-05 18:18:17,188 [INFO] [176/300] loss 474.818 | compact 6.85297 | spectral 19.3598 | recons_loss: 0.186418 | sparse_loss: 1.03547 | 
2025-09-05 18:18:17,188 [INFO] [Iter 176] LR: 0.00000001
2025-09-05 18:18:17,189 [INFO] No improvement: current loss 474.818392, best loss 474.818447
2025-09-05 18:18:17,448 [INFO] [177/300] loss 474.818 | compact 6.85297 | spectral 19.3598 | recons_loss: 0.186418 | sparse_loss: 1.03547 | 
2025-09-05 18:18:17,450 [INFO] [Iter 177] LR: 0.00000001
2025-09-05 18:18:17,452 [INFO] No improvement: current loss 474.818391, best loss 474.818447
2025-09-05 18:18:17,710 [INFO] [178/300] loss 474.818 | compact 6.85297 | spectral 19.3598 | recons_loss: 0.186418 | sparse_loss: 1.03547 | 
2025-09-05 18:18:17,710 [INFO] [Iter 178] LR: 0.00000001
2025-09-05 18:18:17,711 [INFO] No improvement: current loss 474.818391, best loss 474.818447
2025-09-05 18:18:17,970 [INFO] [179/300] loss 474.818 | compact 6.85297 | spectral 19.3598 | recons_loss: 0.186418 | sparse_loss: 1.03547 | 
2025-09-05 18:18:17,971 [INFO] [Iter 179] LR: 0.00000001
2025-09-05 18:18:17,972 [INFO] No improvement: current loss 474.818391, best loss 474.818447
2025-09-05 18:18:18,230 [INFO] [180/300] loss 474.818 | compact 6.85297 | spectral 19.3598 | recons_loss: 0.186418 | sparse_loss: 1.03547 | 
2025-09-05 18:18:18,230 [INFO] [Iter 180] LR: 0.00000001
2025-09-05 18:18:18,231 [INFO] No improvement: current loss 474.818391, best loss 474.818447
2025-09-05 18:18:18,500 [INFO] [181/300] loss 474.818 | compact 6.85297 | spectral 19.3598 | recons_loss: 0.186418 | sparse_loss: 1.03547 | 
2025-09-05 18:18:18,500 [INFO] [Iter 181] LR: 0.00000001
2025-09-05 18:18:18,503 [INFO] No improvement: current loss 474.818391, best loss 474.818447
2025-09-05 18:18:18,760 [INFO] [182/300] loss 474.818 | compact 6.85297 | spectral 19.3598 | recons_loss: 0.186418 | sparse_loss: 1.03547 | 
2025-09-05 18:18:18,761 [INFO] [Iter 182] LR: 0.00000001
2025-09-05 18:18:18,764 [INFO] No improvement: current loss 474.818391, best loss 474.818447
2025-09-05 18:18:19,034 [INFO] [183/300] loss 474.818 | compact 6.85297 | spectral 19.3598 | recons_loss: 0.186418 | sparse_loss: 1.03547 | 
2025-09-05 18:18:19,035 [INFO] [Iter 183] LR: 0.00000001
2025-09-05 18:18:19,037 [INFO] No improvement: current loss 474.818394, best loss 474.818447
2025-09-05 18:18:19,303 [INFO] [184/300] loss 474.818 | compact 6.85297 | spectral 19.3598 | recons_loss: 0.186418 | sparse_loss: 1.03547 | 
2025-09-05 18:18:19,305 [INFO] [Iter 184] LR: 0.00000001
2025-09-05 18:18:19,307 [INFO] No improvement: current loss 474.818393, best loss 474.818447
2025-09-05 18:18:19,570 [INFO] [185/300] loss 474.818 | compact 6.85297 | spectral 19.3598 | recons_loss: 0.186418 | sparse_loss: 1.03547 | 
2025-09-05 18:18:19,570 [INFO] [Iter 185] LR: 0.00000001
2025-09-05 18:18:19,572 [INFO] No improvement: current loss 474.818393, best loss 474.818447
2025-09-05 18:18:19,829 [INFO] [186/300] loss 474.818 | compact 6.85297 | spectral 19.3598 | recons_loss: 0.186418 | sparse_loss: 1.03547 | 
2025-09-05 18:18:19,830 [INFO] [Iter 186] LR: 0.00000001
2025-09-05 18:18:19,831 [INFO] No improvement: current loss 474.818393, best loss 474.818447
2025-09-05 18:18:20,089 [INFO] [187/300] loss 474.818 | compact 6.85297 | spectral 19.3598 | recons_loss: 0.186418 | sparse_loss: 1.03547 | 
2025-09-05 18:18:20,089 [INFO] [Iter 187] LR: 0.00000001
2025-09-05 18:18:20,091 [INFO] No improvement: current loss 474.818392, best loss 474.818447
2025-09-05 18:18:20,349 [INFO] [188/300] loss 474.818 | compact 6.85297 | spectral 19.3598 | recons_loss: 0.186418 | sparse_loss: 1.03547 | 
2025-09-05 18:18:20,349 [INFO] [Iter 188] LR: 0.00000001
2025-09-05 18:18:20,350 [INFO] No improvement: current loss 474.818392, best loss 474.818447
2025-09-05 18:18:20,608 [INFO] [189/300] loss 474.818 | compact 6.85297 | spectral 19.3598 | recons_loss: 0.186418 | sparse_loss: 1.03547 | 
2025-09-05 18:18:20,608 [INFO] [Iter 189] LR: 0.00000001
2025-09-05 18:18:20,609 [INFO] No improvement: current loss 474.818395, best loss 474.818447
2025-09-05 18:18:20,866 [INFO] [190/300] loss 474.818 | compact 6.85297 | spectral 19.3598 | recons_loss: 0.186418 | sparse_loss: 1.03547 | 
2025-09-05 18:18:20,867 [INFO] [Iter 190] LR: 0.00000001
2025-09-05 18:18:20,868 [INFO] No improvement: current loss 474.818394, best loss 474.818447
2025-09-05 18:18:21,142 [INFO] [191/300] loss 474.818 | compact 6.85297 | spectral 19.3598 | recons_loss: 0.186418 | sparse_loss: 1.03547 | 
2025-09-05 18:18:21,143 [INFO] [Iter 191] LR: 0.00000001
2025-09-05 18:18:21,146 [INFO] No improvement: current loss 474.818394, best loss 474.818447
2025-09-05 18:18:21,413 [INFO] [192/300] loss 474.818 | compact 6.85297 | spectral 19.3598 | recons_loss: 0.186418 | sparse_loss: 1.03547 | 
2025-09-05 18:18:21,413 [INFO] [Iter 192] LR: 0.00000001
2025-09-05 18:18:21,414 [INFO] No improvement: current loss 474.818394, best loss 474.818447
2025-09-05 18:18:21,676 [INFO] [193/300] loss 474.818 | compact 6.85297 | spectral 19.3598 | recons_loss: 0.186418 | sparse_loss: 1.03547 | 
2025-09-05 18:18:21,677 [INFO] [Iter 193] LR: 0.00000001
2025-09-05 18:18:21,678 [INFO] No improvement: current loss 474.818393, best loss 474.818447
2025-09-05 18:18:21,941 [INFO] [194/300] loss 474.818 | compact 6.85297 | spectral 19.3598 | recons_loss: 0.186418 | sparse_loss: 1.03547 | 
2025-09-05 18:18:21,942 [INFO] [Iter 194] LR: 0.00000001
2025-09-05 18:18:21,943 [INFO] No improvement: current loss 474.818393, best loss 474.818447
2025-09-05 18:18:22,211 [INFO] [195/300] loss 474.818 | compact 6.85297 | spectral 19.3598 | recons_loss: 0.186418 | sparse_loss: 1.03547 | 
2025-09-05 18:18:22,212 [INFO] [Iter 195] LR: 0.00000001
2025-09-05 18:18:22,214 [INFO] No improvement: current loss 474.818393, best loss 474.818447
2025-09-05 18:18:22,474 [INFO] [196/300] loss 474.818 | compact 6.85297 | spectral 19.3598 | recons_loss: 0.186418 | sparse_loss: 1.03547 | 
2025-09-05 18:18:22,474 [INFO] [Iter 196] LR: 0.00000001
2025-09-05 18:18:22,476 [INFO] No improvement: current loss 474.818392, best loss 474.818447
2025-09-05 18:18:22,734 [INFO] [197/300] loss 474.818 | compact 6.85297 | spectral 19.3598 | recons_loss: 0.186418 | sparse_loss: 1.03547 | 
2025-09-05 18:18:22,735 [INFO] [Iter 197] LR: 0.00000001
2025-09-05 18:18:22,737 [INFO] No improvement: current loss 474.818392, best loss 474.818447
2025-09-05 18:18:23,008 [INFO] [198/300] loss 474.818 | compact 6.85297 | spectral 19.3598 | recons_loss: 0.186418 | sparse_loss: 1.03547 | 
2025-09-05 18:18:23,009 [INFO] [Iter 198] LR: 0.00000001
2025-09-05 18:18:23,010 [INFO] No improvement: current loss 474.818392, best loss 474.818447
2025-09-05 18:18:23,292 [INFO] [199/300] loss 474.818 | compact 6.85297 | spectral 19.3598 | recons_loss: 0.186418 | sparse_loss: 1.03547 | 
2025-09-05 18:18:23,292 [INFO] [Iter 199] LR: 0.00000001
2025-09-05 18:18:23,294 [INFO] No improvement: current loss 474.818392, best loss 474.818447
2025-09-05 18:18:23,376 [INFO] H: 160, W: 150
2025-09-05 18:18:23,478 [INFO] [0 1 2 3 4 5 6]
2025-09-05 18:18:23,637 [INFO] y_target: [1 2 3 4 5 6 7]
2025-09-05 18:18:23,638 [INFO] y_predict: [0 1 2 3 4 5 6]
2025-09-05 18:18:23,794 [INFO] Epoch = 200 OA = 0.8452 Kappa = 0.8173 NMI = 0.7517
2025-09-05 18:18:24,005 [INFO] [200/300] loss 474.818 | compact 6.85297 | spectral 19.3598 | recons_loss: 0.186418 | sparse_loss: 1.03547 | 
2025-09-05 18:18:24,005 [INFO] [Iter 200] LR: 0.00000001
2025-09-05 18:18:24,007 [INFO] No improvement: current loss 474.818391, best loss 474.818447
2025-09-05 18:18:24,279 [INFO] [201/300] loss 474.818 | compact 6.85297 | spectral 19.3598 | recons_loss: 0.186418 | sparse_loss: 1.03547 | 
2025-09-05 18:18:24,279 [INFO] [Iter 201] LR: 0.00000001
2025-09-05 18:18:24,281 [INFO] No improvement: current loss 474.818391, best loss 474.818447
2025-09-05 18:18:24,539 [INFO] [202/300] loss 474.818 | compact 6.85297 | spectral 19.3598 | recons_loss: 0.186418 | sparse_loss: 1.03547 | 
2025-09-05 18:18:24,540 [INFO] [Iter 202] LR: 0.00000001
2025-09-05 18:18:24,543 [INFO] No improvement: current loss 474.818391, best loss 474.818447
2025-09-05 18:18:24,800 [INFO] [203/300] loss 474.818 | compact 6.85297 | spectral 19.3598 | recons_loss: 0.186418 | sparse_loss: 1.03547 | 
2025-09-05 18:18:24,800 [INFO] [Iter 203] LR: 0.00000001
2025-09-05 18:18:24,801 [INFO] No improvement: current loss 474.818391, best loss 474.818447
2025-09-05 18:18:25,058 [INFO] [204/300] loss 474.818 | compact 6.85297 | spectral 19.3598 | recons_loss: 0.186418 | sparse_loss: 1.03547 | 
2025-09-05 18:18:25,059 [INFO] [Iter 204] LR: 0.00000001
2025-09-05 18:18:25,062 [INFO] No improvement: current loss 474.818391, best loss 474.818447
2025-09-05 18:18:25,325 [INFO] [205/300] loss 474.818 | compact 6.85297 | spectral 19.3598 | recons_loss: 0.186418 | sparse_loss: 1.03547 | 
2025-09-05 18:18:25,326 [INFO] [Iter 205] LR: 0.00000001
2025-09-05 18:18:25,329 [INFO] No improvement: current loss 474.818391, best loss 474.818447
2025-09-05 18:18:25,586 [INFO] [206/300] loss 474.818 | compact 6.85297 | spectral 19.3598 | recons_loss: 0.186418 | sparse_loss: 1.03547 | 
2025-09-05 18:18:25,586 [INFO] [Iter 206] LR: 0.00000001
2025-09-05 18:18:25,588 [INFO] No improvement: current loss 474.818391, best loss 474.818447
2025-09-05 18:18:25,848 [INFO] [207/300] loss 474.818 | compact 6.85297 | spectral 19.3598 | recons_loss: 0.186418 | sparse_loss: 1.03547 | 
2025-09-05 18:18:25,848 [INFO] [Iter 207] LR: 0.00000001
2025-09-05 18:18:25,850 [INFO] No improvement: current loss 474.818391, best loss 474.818447
2025-09-05 18:18:26,110 [INFO] [208/300] loss 474.818 | compact 6.85297 | spectral 19.3598 | recons_loss: 0.186418 | sparse_loss: 1.03547 | 
2025-09-05 18:18:26,111 [INFO] [Iter 208] LR: 0.00000001
2025-09-05 18:18:26,112 [INFO] No improvement: current loss 474.818391, best loss 474.818447
2025-09-05 18:18:26,366 [INFO] [209/300] loss 474.818 | compact 6.85297 | spectral 19.3598 | recons_loss: 0.186418 | sparse_loss: 1.03547 | 
2025-09-05 18:18:26,367 [INFO] [Iter 209] LR: 0.00000001
2025-09-05 18:18:26,367 [INFO] No improvement: current loss 474.818391, best loss 474.818447
2025-09-05 18:18:26,624 [INFO] [210/300] loss 474.818 | compact 6.85297 | spectral 19.3598 | recons_loss: 0.186418 | sparse_loss: 1.03547 | 
2025-09-05 18:18:26,624 [INFO] [Iter 210] LR: 0.00000001
2025-09-05 18:18:26,625 [INFO] No improvement: current loss 474.818390, best loss 474.818447
2025-09-05 18:18:26,882 [INFO] [211/300] loss 474.818 | compact 6.85297 | spectral 19.3598 | recons_loss: 0.186418 | sparse_loss: 1.03547 | 
2025-09-05 18:18:26,882 [INFO] [Iter 211] LR: 0.00000001
2025-09-05 18:18:26,884 [INFO] No improvement: current loss 474.818390, best loss 474.818447
2025-09-05 18:18:27,142 [INFO] [212/300] loss 474.818 | compact 6.85297 | spectral 19.3598 | recons_loss: 0.186418 | sparse_loss: 1.03547 | 
2025-09-05 18:18:27,143 [INFO] [Iter 212] LR: 0.00000001
2025-09-05 18:18:27,145 [INFO] No improvement: current loss 474.818390, best loss 474.818447
2025-09-05 18:18:27,401 [INFO] [213/300] loss 474.818 | compact 6.85297 | spectral 19.3598 | recons_loss: 0.186418 | sparse_loss: 1.03547 | 
2025-09-05 18:18:27,402 [INFO] [Iter 213] LR: 0.00000001
2025-09-05 18:18:27,403 [INFO] No improvement: current loss 474.818390, best loss 474.818447
2025-09-05 18:18:27,671 [INFO] [214/300] loss 474.818 | compact 6.85297 | spectral 19.3598 | recons_loss: 0.186418 | sparse_loss: 1.03547 | 
2025-09-05 18:18:27,672 [INFO] [Iter 214] LR: 0.00000001
2025-09-05 18:18:27,673 [INFO] No improvement: current loss 474.818390, best loss 474.818447
2025-09-05 18:18:27,936 [INFO] [215/300] loss 474.818 | compact 6.85297 | spectral 19.3598 | recons_loss: 0.186418 | sparse_loss: 1.03547 | 
2025-09-05 18:18:27,937 [INFO] [Iter 215] LR: 0.00000001
2025-09-05 18:18:27,938 [INFO] No improvement: current loss 474.818390, best loss 474.818447
2025-09-05 18:18:28,202 [INFO] [216/300] loss 474.818 | compact 6.85297 | spectral 19.3598 | recons_loss: 0.186418 | sparse_loss: 1.03547 | 
2025-09-05 18:18:28,202 [INFO] [Iter 216] LR: 0.00000001
2025-09-05 18:18:28,203 [INFO] No improvement: current loss 474.818390, best loss 474.818447
2025-09-05 18:18:28,468 [INFO] [217/300] loss 474.818 | compact 6.85297 | spectral 19.3598 | recons_loss: 0.186418 | sparse_loss: 1.03547 | 
2025-09-05 18:18:28,468 [INFO] [Iter 217] LR: 0.00000001
2025-09-05 18:18:28,470 [INFO] No improvement: current loss 474.818390, best loss 474.818447
2025-09-05 18:18:28,739 [INFO] [218/300] loss 474.818 | compact 6.85297 | spectral 19.3598 | recons_loss: 0.186418 | sparse_loss: 1.03547 | 
2025-09-05 18:18:28,740 [INFO] [Iter 218] LR: 0.00000001
2025-09-05 18:18:28,742 [INFO] No improvement: current loss 474.818390, best loss 474.818447
2025-09-05 18:18:29,041 [INFO] [219/300] loss 474.818 | compact 6.85297 | spectral 19.3598 | recons_loss: 0.186418 | sparse_loss: 1.03547 | 
2025-09-05 18:18:29,041 [INFO] [Iter 219] LR: 0.00000001
2025-09-05 18:18:29,042 [INFO] No improvement: current loss 474.818390, best loss 474.818447
2025-09-05 18:18:29,311 [INFO] [220/300] loss 474.818 | compact 6.85297 | spectral 19.3598 | recons_loss: 0.186418 | sparse_loss: 1.03547 | 
2025-09-05 18:18:29,312 [INFO] [Iter 220] LR: 0.00000001
2025-09-05 18:18:29,313 [INFO] No improvement: current loss 474.818390, best loss 474.818447
2025-09-05 18:18:29,583 [INFO] [221/300] loss 474.818 | compact 6.85297 | spectral 19.3598 | recons_loss: 0.186418 | sparse_loss: 1.03547 | 
2025-09-05 18:18:29,583 [INFO] [Iter 221] LR: 0.00000001
2025-09-05 18:18:29,584 [INFO] No improvement: current loss 474.818390, best loss 474.818447
2025-09-05 18:18:29,849 [INFO] [222/300] loss 474.818 | compact 6.85297 | spectral 19.3598 | recons_loss: 0.186418 | sparse_loss: 1.03547 | 
2025-09-05 18:18:29,858 [INFO] [Iter 222] LR: 0.00000001
2025-09-05 18:18:29,860 [INFO] No improvement: current loss 474.818390, best loss 474.818447
2025-09-05 18:18:30,246 [INFO] [223/300] loss 474.818 | compact 6.85297 | spectral 19.3598 | recons_loss: 0.186418 | sparse_loss: 1.03547 | 
2025-09-05 18:18:30,246 [INFO] [Iter 223] LR: 0.00000001
2025-09-05 18:18:30,247 [INFO] No improvement: current loss 474.818390, best loss 474.818447
2025-09-05 18:18:30,517 [INFO] [224/300] loss 474.818 | compact 6.85297 | spectral 19.3598 | recons_loss: 0.186418 | sparse_loss: 1.03547 | 
2025-09-05 18:18:30,522 [INFO] [Iter 224] LR: 0.00000001
2025-09-05 18:18:30,526 [INFO] No improvement: current loss 474.818390, best loss 474.818447
2025-09-05 18:18:30,814 [INFO] [225/300] loss 474.818 | compact 6.85297 | spectral 19.3598 | recons_loss: 0.186418 | sparse_loss: 1.03547 | 
2025-09-05 18:18:30,815 [INFO] [Iter 225] LR: 0.00000001
2025-09-05 18:18:30,819 [INFO] No improvement: current loss 474.818390, best loss 474.818447
2025-09-05 18:18:31,106 [INFO] [226/300] loss 474.818 | compact 6.85297 | spectral 19.3598 | recons_loss: 0.186418 | sparse_loss: 1.03547 | 
2025-09-05 18:18:31,107 [INFO] [Iter 226] LR: 0.00000001
2025-09-05 18:18:31,108 [INFO] No improvement: current loss 474.818390, best loss 474.818447
2025-09-05 18:18:31,382 [INFO] [227/300] loss 474.818 | compact 6.85297 | spectral 19.3598 | recons_loss: 0.186418 | sparse_loss: 1.03547 | 
2025-09-05 18:18:31,385 [INFO] [Iter 227] LR: 0.00000001
2025-09-05 18:18:31,388 [INFO] No improvement: current loss 474.818387, best loss 474.818447
2025-09-05 18:18:31,682 [INFO] [228/300] loss 474.818 | compact 6.85297 | spectral 19.3598 | recons_loss: 0.186418 | sparse_loss: 1.03547 | 
2025-09-05 18:18:31,682 [INFO] [Iter 228] LR: 0.00000001
2025-09-05 18:18:31,684 [INFO] No improvement: current loss 474.818387, best loss 474.818447
2025-09-05 18:18:31,952 [INFO] [229/300] loss 474.818 | compact 6.85297 | spectral 19.3598 | recons_loss: 0.186418 | sparse_loss: 1.03547 | 
2025-09-05 18:18:31,952 [INFO] [Iter 229] LR: 0.00000001
2025-09-05 18:18:31,953 [INFO] No improvement: current loss 474.818387, best loss 474.818447
2025-09-05 18:18:32,231 [INFO] [230/300] loss 474.818 | compact 6.85297 | spectral 19.3598 | recons_loss: 0.186418 | sparse_loss: 1.03547 | 
2025-09-05 18:18:32,232 [INFO] [Iter 230] LR: 0.00000001
2025-09-05 18:18:32,233 [INFO] No improvement: current loss 474.818388, best loss 474.818447
2025-09-05 18:18:32,503 [INFO] [231/300] loss 474.818 | compact 6.85297 | spectral 19.3598 | recons_loss: 0.186418 | sparse_loss: 1.03547 | 
2025-09-05 18:18:32,503 [INFO] [Iter 231] LR: 0.00000001
2025-09-05 18:18:32,504 [INFO] No improvement: current loss 474.818388, best loss 474.818447
2025-09-05 18:18:32,771 [INFO] [232/300] loss 474.818 | compact 6.85297 | spectral 19.3598 | recons_loss: 0.186418 | sparse_loss: 1.03547 | 
2025-09-05 18:18:32,772 [INFO] [Iter 232] LR: 0.00000001
2025-09-05 18:18:32,774 [INFO] No improvement: current loss 474.818388, best loss 474.818447
2025-09-05 18:18:33,046 [INFO] [233/300] loss 474.818 | compact 6.85297 | spectral 19.3598 | recons_loss: 0.186418 | sparse_loss: 1.03547 | 
2025-09-05 18:18:33,047 [INFO] [Iter 233] LR: 0.00000001
2025-09-05 18:18:33,048 [INFO] No improvement: current loss 474.818388, best loss 474.818447
2025-09-05 18:18:33,359 [INFO] [234/300] loss 474.818 | compact 6.85297 | spectral 19.3598 | recons_loss: 0.186418 | sparse_loss: 1.03547 | 
2025-09-05 18:18:33,359 [INFO] [Iter 234] LR: 0.00000001
2025-09-05 18:18:33,361 [INFO] No improvement: current loss 474.818388, best loss 474.818447
2025-09-05 18:18:33,637 [INFO] [235/300] loss 474.818 | compact 6.85297 | spectral 19.3598 | recons_loss: 0.186418 | sparse_loss: 1.03547 | 
2025-09-05 18:18:33,637 [INFO] [Iter 235] LR: 0.00000001
2025-09-05 18:18:33,638 [INFO] No improvement: current loss 474.818389, best loss 474.818447
2025-09-05 18:18:33,933 [INFO] [236/300] loss 474.818 | compact 6.85297 | spectral 19.3598 | recons_loss: 0.186418 | sparse_loss: 1.03547 | 
2025-09-05 18:18:33,934 [INFO] [Iter 236] LR: 0.00000001
2025-09-05 18:18:33,935 [INFO] No improvement: current loss 474.818389, best loss 474.818447
2025-09-05 18:18:34,203 [INFO] [237/300] loss 474.818 | compact 6.85297 | spectral 19.3598 | recons_loss: 0.186418 | sparse_loss: 1.03547 | 
2025-09-05 18:18:34,203 [INFO] [Iter 237] LR: 0.00000001
2025-09-05 18:18:34,204 [INFO] No improvement: current loss 474.818389, best loss 474.818447
2025-09-05 18:18:34,468 [INFO] [238/300] loss 474.818 | compact 6.85297 | spectral 19.3598 | recons_loss: 0.186418 | sparse_loss: 1.03547 | 
2025-09-05 18:18:34,468 [INFO] [Iter 238] LR: 0.00000001
2025-09-05 18:18:34,469 [INFO] No improvement: current loss 474.818389, best loss 474.818447
2025-09-05 18:18:34,731 [INFO] [239/300] loss 474.818 | compact 6.85297 | spectral 19.3598 | recons_loss: 0.186418 | sparse_loss: 1.03547 | 
2025-09-05 18:18:34,732 [INFO] [Iter 239] LR: 0.00000001
2025-09-05 18:18:34,735 [INFO] No improvement: current loss 474.818389, best loss 474.818447
2025-09-05 18:18:35,002 [INFO] [240/300] loss 474.818 | compact 6.85297 | spectral 19.3598 | recons_loss: 0.186418 | sparse_loss: 1.03547 | 
2025-09-05 18:18:35,002 [INFO] [Iter 240] LR: 0.00000001
2025-09-05 18:18:35,005 [INFO] No improvement: current loss 474.818389, best loss 474.818447
2025-09-05 18:18:35,270 [INFO] [241/300] loss 474.818 | compact 6.85297 | spectral 19.3598 | recons_loss: 0.186418 | sparse_loss: 1.03547 | 
2025-09-05 18:18:35,270 [INFO] [Iter 241] LR: 0.00000001
2025-09-05 18:18:35,271 [INFO] No improvement: current loss 474.818389, best loss 474.818447
2025-09-05 18:18:35,542 [INFO] [242/300] loss 474.818 | compact 6.85297 | spectral 19.3598 | recons_loss: 0.186418 | sparse_loss: 1.03547 | 
2025-09-05 18:18:35,543 [INFO] [Iter 242] LR: 0.00000001
2025-09-05 18:18:35,545 [INFO] No improvement: current loss 474.818389, best loss 474.818447
2025-09-05 18:18:35,836 [INFO] [243/300] loss 474.818 | compact 6.85297 | spectral 19.3598 | recons_loss: 0.186418 | sparse_loss: 1.03547 | 
2025-09-05 18:18:35,837 [INFO] [Iter 243] LR: 0.00000001
2025-09-05 18:18:35,839 [INFO] No improvement: current loss 474.818389, best loss 474.818447
2025-09-05 18:18:36,105 [INFO] [244/300] loss 474.818 | compact 6.85297 | spectral 19.3598 | recons_loss: 0.186418 | sparse_loss: 1.03547 | 
2025-09-05 18:18:36,106 [INFO] [Iter 244] LR: 0.00000001
2025-09-05 18:18:36,107 [INFO] No improvement: current loss 474.818389, best loss 474.818447
2025-09-05 18:18:36,372 [INFO] [245/300] loss 474.818 | compact 6.85297 | spectral 19.3598 | recons_loss: 0.186418 | sparse_loss: 1.03547 | 
2025-09-05 18:18:36,372 [INFO] [Iter 245] LR: 0.00000001
2025-09-05 18:18:36,373 [INFO] No improvement: current loss 474.818389, best loss 474.818447
2025-09-05 18:18:36,633 [INFO] [246/300] loss 474.818 | compact 6.85297 | spectral 19.3598 | recons_loss: 0.186418 | sparse_loss: 1.03547 | 
2025-09-05 18:18:36,634 [INFO] [Iter 246] LR: 0.00000001
2025-09-05 18:18:36,637 [INFO] No improvement: current loss 474.818389, best loss 474.818447
2025-09-05 18:18:36,905 [INFO] [247/300] loss 474.818 | compact 6.85297 | spectral 19.3598 | recons_loss: 0.186418 | sparse_loss: 1.03547 | 
2025-09-05 18:18:36,906 [INFO] [Iter 247] LR: 0.00000001
2025-09-05 18:18:36,907 [INFO] No improvement: current loss 474.818390, best loss 474.818447
2025-09-05 18:18:37,176 [INFO] [248/300] loss 474.818 | compact 6.85297 | spectral 19.3598 | recons_loss: 0.186418 | sparse_loss: 1.03547 | 
2025-09-05 18:18:37,177 [INFO] [Iter 248] LR: 0.00000001
2025-09-05 18:18:37,178 [INFO] No improvement: current loss 474.818390, best loss 474.818447
2025-09-05 18:18:37,439 [INFO] [249/300] loss 474.818 | compact 6.85297 | spectral 19.3598 | recons_loss: 0.186418 | sparse_loss: 1.03547 | 
2025-09-05 18:18:37,439 [INFO] [Iter 249] LR: 0.00000001
2025-09-05 18:18:37,442 [INFO] No improvement: current loss 474.818390, best loss 474.818447
2025-09-05 18:18:37,525 [INFO] H: 160, W: 150
2025-09-05 18:18:37,634 [INFO] [0 1 2 3 4 5 6]
2025-09-05 18:18:37,821 [INFO] y_target: [1 2 3 4 5 6 7]
2025-09-05 18:18:37,821 [INFO] y_predict: [0 1 2 3 4 5 6]
2025-09-05 18:18:37,988 [INFO] Epoch = 250 OA = 0.8452 Kappa = 0.8173 NMI = 0.7517
2025-09-05 18:18:38,200 [INFO] [250/300] loss 474.818 | compact 6.85297 | spectral 19.3598 | recons_loss: 0.186418 | sparse_loss: 1.03547 | 
2025-09-05 18:18:38,200 [INFO] [Iter 250] LR: 0.00000001
2025-09-05 18:18:38,202 [INFO] No improvement: current loss 474.818390, best loss 474.818447
2025-09-05 18:18:38,470 [INFO] [251/300] loss 474.818 | compact 6.85297 | spectral 19.3598 | recons_loss: 0.186418 | sparse_loss: 1.03547 | 
2025-09-05 18:18:38,471 [INFO] [Iter 251] LR: 0.00000001
2025-09-05 18:18:38,472 [INFO] No improvement: current loss 474.818390, best loss 474.818447
2025-09-05 18:18:38,734 [INFO] [252/300] loss 474.818 | compact 6.85297 | spectral 19.3598 | recons_loss: 0.186418 | sparse_loss: 1.03547 | 
2025-09-05 18:18:38,734 [INFO] [Iter 252] LR: 0.00000001
2025-09-05 18:18:38,736 [INFO] No improvement: current loss 474.818390, best loss 474.818447
2025-09-05 18:18:39,007 [INFO] [253/300] loss 474.818 | compact 6.85297 | spectral 19.3598 | recons_loss: 0.186418 | sparse_loss: 1.03547 | 
2025-09-05 18:18:39,008 [INFO] [Iter 253] LR: 0.00000001
2025-09-05 18:18:39,009 [INFO] No improvement: current loss 474.818390, best loss 474.818447
2025-09-05 18:18:39,268 [INFO] [254/300] loss 474.818 | compact 6.85297 | spectral 19.3598 | recons_loss: 0.186418 | sparse_loss: 1.03547 | 
2025-09-05 18:18:39,269 [INFO] [Iter 254] LR: 0.00000001
2025-09-05 18:18:39,271 [INFO] No improvement: current loss 474.818390, best loss 474.818447
2025-09-05 18:18:39,554 [INFO] [255/300] loss 474.818 | compact 6.85297 | spectral 19.3598 | recons_loss: 0.186418 | sparse_loss: 1.03547 | 
2025-09-05 18:18:39,554 [INFO] [Iter 255] LR: 0.00000001
2025-09-05 18:18:39,555 [INFO] No improvement: current loss 474.818390, best loss 474.818447
2025-09-05 18:18:39,825 [INFO] [256/300] loss 474.818 | compact 6.85297 | spectral 19.3598 | recons_loss: 0.186418 | sparse_loss: 1.03547 | 
2025-09-05 18:18:39,825 [INFO] [Iter 256] LR: 0.00000001
2025-09-05 18:18:39,826 [INFO] No improvement: current loss 474.818390, best loss 474.818447
2025-09-05 18:18:40,092 [INFO] [257/300] loss 474.818 | compact 6.85297 | spectral 19.3598 | recons_loss: 0.186418 | sparse_loss: 1.03547 | 
2025-09-05 18:18:40,092 [INFO] [Iter 257] LR: 0.00000001
2025-09-05 18:18:40,094 [INFO] No improvement: current loss 474.818390, best loss 474.818447
2025-09-05 18:18:40,358 [INFO] [258/300] loss 474.818 | compact 6.85297 | spectral 19.3598 | recons_loss: 0.186418 | sparse_loss: 1.03547 | 
2025-09-05 18:18:40,359 [INFO] [Iter 258] LR: 0.00000001
2025-09-05 18:18:40,364 [INFO] No improvement: current loss 474.818390, best loss 474.818447
2025-09-05 18:18:40,638 [INFO] [259/300] loss 474.818 | compact 6.85297 | spectral 19.3598 | recons_loss: 0.186418 | sparse_loss: 1.03547 | 
2025-09-05 18:18:40,639 [INFO] [Iter 259] LR: 0.00000001
2025-09-05 18:18:40,641 [INFO] No improvement: current loss 474.818390, best loss 474.818447
2025-09-05 18:18:40,914 [INFO] [260/300] loss 474.818 | compact 6.85297 | spectral 19.3598 | recons_loss: 0.186418 | sparse_loss: 1.03547 | 
2025-09-05 18:18:40,914 [INFO] [Iter 260] LR: 0.00000001
2025-09-05 18:18:40,916 [INFO] No improvement: current loss 474.818390, best loss 474.818447
2025-09-05 18:18:41,197 [INFO] [261/300] loss 474.818 | compact 6.85297 | spectral 19.3598 | recons_loss: 0.186418 | sparse_loss: 1.03547 | 
2025-09-05 18:18:41,197 [INFO] [Iter 261] LR: 0.00000001
2025-09-05 18:18:41,199 [INFO] No improvement: current loss 474.818390, best loss 474.818447
2025-09-05 18:18:41,467 [INFO] [262/300] loss 474.818 | compact 6.85297 | spectral 19.3598 | recons_loss: 0.186418 | sparse_loss: 1.03547 | 
2025-09-05 18:18:41,468 [INFO] [Iter 262] LR: 0.00000001
2025-09-05 18:18:41,469 [INFO] No improvement: current loss 474.818390, best loss 474.818447
2025-09-05 18:18:41,734 [INFO] [263/300] loss 474.818 | compact 6.85297 | spectral 19.3598 | recons_loss: 0.186418 | sparse_loss: 1.03547 | 
2025-09-05 18:18:41,735 [INFO] [Iter 263] LR: 0.00000001
2025-09-05 18:18:41,738 [INFO] No improvement: current loss 474.818390, best loss 474.818447
2025-09-05 18:18:42,054 [INFO] [264/300] loss 474.818 | compact 6.85297 | spectral 19.3598 | recons_loss: 0.186418 | sparse_loss: 1.03547 | 
2025-09-05 18:18:42,054 [INFO] [Iter 264] LR: 0.00000001
2025-09-05 18:18:42,056 [INFO] No improvement: current loss 474.818390, best loss 474.818447
2025-09-05 18:18:42,319 [INFO] [265/300] loss 474.818 | compact 6.85297 | spectral 19.3598 | recons_loss: 0.186418 | sparse_loss: 1.03547 | 
2025-09-05 18:18:42,320 [INFO] [Iter 265] LR: 0.00000001
2025-09-05 18:18:42,322 [INFO] No improvement: current loss 474.818390, best loss 474.818447
2025-09-05 18:18:42,582 [INFO] [266/300] loss 474.818 | compact 6.85297 | spectral 19.3598 | recons_loss: 0.186418 | sparse_loss: 1.03547 | 
2025-09-05 18:18:42,583 [INFO] [Iter 266] LR: 0.00000001
2025-09-05 18:18:42,586 [INFO] No improvement: current loss 474.818390, best loss 474.818447
2025-09-05 18:18:42,879 [INFO] [267/300] loss 474.818 | compact 6.85297 | spectral 19.3598 | recons_loss: 0.186418 | sparse_loss: 1.03547 | 
2025-09-05 18:18:42,879 [INFO] [Iter 267] LR: 0.00000001
2025-09-05 18:18:42,880 [INFO] No improvement: current loss 474.818390, best loss 474.818447
2025-09-05 18:18:43,144 [INFO] [268/300] loss 474.818 | compact 6.85297 | spectral 19.3598 | recons_loss: 0.186418 | sparse_loss: 1.03547 | 
2025-09-05 18:18:43,144 [INFO] [Iter 268] LR: 0.00000001
2025-09-05 18:18:43,146 [INFO] No improvement: current loss 474.818390, best loss 474.818447
2025-09-05 18:18:43,420 [INFO] [269/300] loss 474.818 | compact 6.85297 | spectral 19.3598 | recons_loss: 0.186418 | sparse_loss: 1.03547 | 
2025-09-05 18:18:43,420 [INFO] [Iter 269] LR: 0.00000001
2025-09-05 18:18:43,422 [INFO] No improvement: current loss 474.818390, best loss 474.818447
2025-09-05 18:18:43,692 [INFO] [270/300] loss 474.818 | compact 6.85297 | spectral 19.3598 | recons_loss: 0.186418 | sparse_loss: 1.03547 | 
2025-09-05 18:18:43,692 [INFO] [Iter 270] LR: 0.00000001
2025-09-05 18:18:43,694 [INFO] No improvement: current loss 474.818390, best loss 474.818447
2025-09-05 18:18:43,964 [INFO] [271/300] loss 474.818 | compact 6.85297 | spectral 19.3598 | recons_loss: 0.186418 | sparse_loss: 1.03547 | 
2025-09-05 18:18:43,965 [INFO] [Iter 271] LR: 0.00000001
2025-09-05 18:18:43,966 [INFO] No improvement: current loss 474.818390, best loss 474.818447
2025-09-05 18:18:44,227 [INFO] [272/300] loss 474.818 | compact 6.85297 | spectral 19.3598 | recons_loss: 0.186418 | sparse_loss: 1.03547 | 
2025-09-05 18:18:44,228 [INFO] [Iter 272] LR: 0.00000001
2025-09-05 18:18:44,230 [INFO] No improvement: current loss 474.818390, best loss 474.818447
2025-09-05 18:18:44,502 [INFO] [273/300] loss 474.818 | compact 6.85297 | spectral 19.3598 | recons_loss: 0.186418 | sparse_loss: 1.03547 | 
2025-09-05 18:18:44,502 [INFO] [Iter 273] LR: 0.00000001
2025-09-05 18:18:44,504 [INFO] No improvement: current loss 474.818390, best loss 474.818447
2025-09-05 18:18:44,775 [INFO] [274/300] loss 474.818 | compact 6.85297 | spectral 19.3598 | recons_loss: 0.186418 | sparse_loss: 1.03547 | 
2025-09-05 18:18:44,775 [INFO] [Iter 274] LR: 0.00000001
2025-09-05 18:18:44,777 [INFO] No improvement: current loss 474.818390, best loss 474.818447
2025-09-05 18:18:45,039 [INFO] [275/300] loss 474.818 | compact 6.85297 | spectral 19.3598 | recons_loss: 0.186418 | sparse_loss: 1.03547 | 
2025-09-05 18:18:45,039 [INFO] [Iter 275] LR: 0.00000001
2025-09-05 18:18:45,041 [INFO] No improvement: current loss 474.818390, best loss 474.818447
2025-09-05 18:18:45,303 [INFO] [276/300] loss 474.818 | compact 6.85297 | spectral 19.3598 | recons_loss: 0.186418 | sparse_loss: 1.03547 | 
2025-09-05 18:18:45,303 [INFO] [Iter 276] LR: 0.00000001
2025-09-05 18:18:45,306 [INFO] No improvement: current loss 474.818390, best loss 474.818447
2025-09-05 18:18:45,569 [INFO] [277/300] loss 474.818 | compact 6.85297 | spectral 19.3598 | recons_loss: 0.186418 | sparse_loss: 1.03547 | 
2025-09-05 18:18:45,570 [INFO] [Iter 277] LR: 0.00000001
2025-09-05 18:18:45,572 [INFO] No improvement: current loss 474.818390, best loss 474.818447
2025-09-05 18:18:45,845 [INFO] [278/300] loss 474.818 | compact 6.85297 | spectral 19.3598 | recons_loss: 0.186418 | sparse_loss: 1.03547 | 
2025-09-05 18:18:45,845 [INFO] [Iter 278] LR: 0.00000001
2025-09-05 18:18:45,846 [INFO] No improvement: current loss 474.818390, best loss 474.818447
2025-09-05 18:18:46,119 [INFO] [279/300] loss 474.818 | compact 6.85297 | spectral 19.3598 | recons_loss: 0.186418 | sparse_loss: 1.03547 | 
2025-09-05 18:18:46,120 [INFO] [Iter 279] LR: 0.00000001
2025-09-05 18:18:46,122 [INFO] No improvement: current loss 474.818390, best loss 474.818447
2025-09-05 18:18:46,394 [INFO] [280/300] loss 474.818 | compact 6.85297 | spectral 19.3598 | recons_loss: 0.186418 | sparse_loss: 1.03547 | 
2025-09-05 18:18:46,394 [INFO] [Iter 280] LR: 0.00000001
2025-09-05 18:18:46,396 [INFO] No improvement: current loss 474.818390, best loss 474.818447
2025-09-05 18:18:46,665 [INFO] [281/300] loss 474.818 | compact 6.85297 | spectral 19.3598 | recons_loss: 0.186418 | sparse_loss: 1.03547 | 
2025-09-05 18:18:46,666 [INFO] [Iter 281] LR: 0.00000001
2025-09-05 18:18:46,667 [INFO] No improvement: current loss 474.818390, best loss 474.818447
2025-09-05 18:18:46,928 [INFO] [282/300] loss 474.818 | compact 6.85297 | spectral 19.3598 | recons_loss: 0.186418 | sparse_loss: 1.03547 | 
2025-09-05 18:18:46,928 [INFO] [Iter 282] LR: 0.00000001
2025-09-05 18:18:46,931 [INFO] No improvement: current loss 474.818390, best loss 474.818447
2025-09-05 18:18:47,192 [INFO] [283/300] loss 474.818 | compact 6.85297 | spectral 19.3598 | recons_loss: 0.186418 | sparse_loss: 1.03547 | 
2025-09-05 18:18:47,193 [INFO] [Iter 283] LR: 0.00000001
2025-09-05 18:18:47,195 [INFO] No improvement: current loss 474.818393, best loss 474.818447
2025-09-05 18:18:47,463 [INFO] [284/300] loss 474.818 | compact 6.85297 | spectral 19.3598 | recons_loss: 0.186418 | sparse_loss: 1.03547 | 
2025-09-05 18:18:47,464 [INFO] [Iter 284] LR: 0.00000001
2025-09-05 18:18:47,465 [INFO] No improvement: current loss 474.818393, best loss 474.818447
2025-09-05 18:18:47,727 [INFO] [285/300] loss 474.818 | compact 6.85297 | spectral 19.3598 | recons_loss: 0.186418 | sparse_loss: 1.03547 | 
2025-09-05 18:18:47,728 [INFO] [Iter 285] LR: 0.00000001
2025-09-05 18:18:47,729 [INFO] No improvement: current loss 474.818392, best loss 474.818447
2025-09-05 18:18:47,989 [INFO] [286/300] loss 474.818 | compact 6.85297 | spectral 19.3598 | recons_loss: 0.186418 | sparse_loss: 1.03547 | 
2025-09-05 18:18:47,991 [INFO] [Iter 286] LR: 0.00000001
2025-09-05 18:18:47,993 [INFO] No improvement: current loss 474.818392, best loss 474.818447
2025-09-05 18:18:48,254 [INFO] [287/300] loss 474.818 | compact 6.85297 | spectral 19.3598 | recons_loss: 0.186418 | sparse_loss: 1.03547 | 
2025-09-05 18:18:48,254 [INFO] [Iter 287] LR: 0.00000001
2025-09-05 18:18:48,255 [INFO] No improvement: current loss 474.818392, best loss 474.818447
2025-09-05 18:18:48,519 [INFO] [288/300] loss 474.818 | compact 6.85297 | spectral 19.3598 | recons_loss: 0.186418 | sparse_loss: 1.03547 | 
2025-09-05 18:18:48,520 [INFO] [Iter 288] LR: 0.00000001
2025-09-05 18:18:48,521 [INFO] No improvement: current loss 474.818392, best loss 474.818447
2025-09-05 18:18:48,781 [INFO] [289/300] loss 474.818 | compact 6.85297 | spectral 19.3598 | recons_loss: 0.186418 | sparse_loss: 1.03547 | 
2025-09-05 18:18:48,781 [INFO] [Iter 289] LR: 0.00000001
2025-09-05 18:18:48,783 [INFO] No improvement: current loss 474.818392, best loss 474.818447
2025-09-05 18:18:49,044 [INFO] [290/300] loss 474.818 | compact 6.85297 | spectral 19.3598 | recons_loss: 0.186418 | sparse_loss: 1.03547 | 
2025-09-05 18:18:49,044 [INFO] [Iter 290] LR: 0.00000001
2025-09-05 18:18:49,045 [INFO] No improvement: current loss 474.818391, best loss 474.818447
2025-09-05 18:18:49,305 [INFO] [291/300] loss 474.818 | compact 6.85297 | spectral 19.3598 | recons_loss: 0.186418 | sparse_loss: 1.03547 | 
2025-09-05 18:18:49,306 [INFO] [Iter 291] LR: 0.00000001
2025-09-05 18:18:49,307 [INFO] No improvement: current loss 474.818391, best loss 474.818447
2025-09-05 18:18:49,569 [INFO] [292/300] loss 474.818 | compact 6.85297 | spectral 19.3598 | recons_loss: 0.186418 | sparse_loss: 1.03547 | 
2025-09-05 18:18:49,569 [INFO] [Iter 292] LR: 0.00000001
2025-09-05 18:18:49,571 [INFO] No improvement: current loss 474.818391, best loss 474.818447
2025-09-05 18:18:49,829 [INFO] [293/300] loss 474.818 | compact 6.85297 | spectral 19.3598 | recons_loss: 0.186418 | sparse_loss: 1.03547 | 
2025-09-05 18:18:49,830 [INFO] [Iter 293] LR: 0.00000001
2025-09-05 18:18:49,831 [INFO] No improvement: current loss 474.818391, best loss 474.818447
2025-09-05 18:18:50,104 [INFO] [294/300] loss 474.818 | compact 6.85297 | spectral 19.3598 | recons_loss: 0.186418 | sparse_loss: 1.03547 | 
2025-09-05 18:18:50,105 [INFO] [Iter 294] LR: 0.00000001
2025-09-05 18:18:50,106 [INFO] No improvement: current loss 474.818391, best loss 474.818447
2025-09-05 18:18:50,370 [INFO] [295/300] loss 474.818 | compact 6.85297 | spectral 19.3598 | recons_loss: 0.186418 | sparse_loss: 1.03547 | 
2025-09-05 18:18:50,370 [INFO] [Iter 295] LR: 0.00000001
2025-09-05 18:18:50,372 [INFO] No improvement: current loss 474.818391, best loss 474.818447
2025-09-05 18:18:50,638 [INFO] [296/300] loss 474.818 | compact 6.85297 | spectral 19.3598 | recons_loss: 0.186418 | sparse_loss: 1.03547 | 
2025-09-05 18:18:50,638 [INFO] [Iter 296] LR: 0.00000001
2025-09-05 18:18:50,639 [INFO] No improvement: current loss 474.818391, best loss 474.818447
2025-09-05 18:18:50,906 [INFO] [297/300] loss 474.818 | compact 6.85297 | spectral 19.3598 | recons_loss: 0.186418 | sparse_loss: 1.03547 | 
2025-09-05 18:18:50,906 [INFO] [Iter 297] LR: 0.00000001
2025-09-05 18:18:50,907 [INFO] No improvement: current loss 474.818391, best loss 474.818447
2025-09-05 18:18:51,178 [INFO] [298/300] loss 474.818 | compact 6.85297 | spectral 19.3598 | recons_loss: 0.186418 | sparse_loss: 1.03547 | 
2025-09-05 18:18:51,178 [INFO] [Iter 298] LR: 0.00000001
2025-09-05 18:18:51,180 [INFO] No improvement: current loss 474.818391, best loss 474.818447
2025-09-05 18:18:51,255 [INFO] H: 160, W: 150
2025-09-05 18:18:51,381 [INFO] [0 1 2 3 4 5 6]
2025-09-05 18:18:51,579 [INFO] y_target: [1 2 3 4 5 6 7]
2025-09-05 18:18:51,580 [INFO] y_predict: [0 1 2 3 4 5 6]
2025-09-05 18:18:51,733 [INFO] Epoch = 299 OA = 0.8452 Kappa = 0.8173 NMI = 0.7517
2025-09-05 18:18:51,946 [INFO] [299/300] loss 474.818 | compact 6.85297 | spectral 19.3598 | recons_loss: 0.186418 | sparse_loss: 1.03547 | 
2025-09-05 18:18:51,947 [INFO] [Iter 299] LR: 0.00000001
2025-09-05 18:18:51,950 [INFO] No improvement: current loss 474.818390, best loss 474.818447
2025-09-05 18:18:51,950 [INFO] Training finished. Best model loaded.
