2025-09-05 18:47:48,946 [INFO] ========== Training Configuration ==========
2025-09-05 18:47:48,947 [INFO] out_dir: ./log
2025-09-05 18:47:48,947 [INFO] lr: 0.1
2025-09-05 18:47:48,947 [INFO] train_iter: 300
2025-09-05 18:47:48,947 [INFO] niter: 5
2025-09-05 18:47:48,947 [INFO] nspix: 300
2025-09-05 18:47:48,947 [INFO] weight: weight
2025-09-05 18:47:48,947 [INFO] weight_representation: 135.0
2025-09-05 18:47:48,947 [INFO] weight_noise: 50.0
2025-09-05 18:47:48,947 [INFO] dataset: urban
2025-09-05 18:47:48,947 [INFO] device: cuda:0
2025-09-05 18:47:48,947 [INFO] log: urban1
2025-09-05 18:47:48,947 [INFO] ============================================
2025-09-05 18:48:09,287 [INFO] H: 160, W: 150
2025-09-05 18:48:09,455 [INFO] [0 1 2 3 4 5 6]
2025-09-05 18:48:11,361 [INFO] y_target: [1 2 3 4 5 6 7]
2025-09-05 18:48:11,361 [INFO] y_predict: [0 1 2 3 4 5 6]
2025-09-05 18:48:11,546 [INFO] Epoch = 0 OA = 0.8095 Kappa = 0.7746 NMI = 0.7239
2025-09-05 18:48:12,153 [INFO] [0/300] loss 911.852 | compact 6.9117 | spectral 19.6366 | recons_loss: 0.235515 | sparse_loss: 1.04431 | 
2025-09-05 18:48:12,154 [INFO] [Iter 0] LR: 0.10000000
2025-09-05 18:48:12,157 [INFO] Saving best model at iteration 0
2025-09-05 18:48:12,412 [INFO] [1/300] loss 911.477 | compact 6.91325 | spectral 19.6241 | recons_loss: 0.234584 | sparse_loss: 1.04427 | 
2025-09-05 18:48:12,412 [INFO] [Iter 1] LR: 0.10000000
2025-09-05 18:48:12,414 [INFO] Saving best model at iteration 1
2025-09-05 18:48:12,671 [INFO] [2/300] loss 910.828 | compact 6.91524 | spectral 19.6005 | recons_loss: 0.232935 | sparse_loss: 1.0441 | 
2025-09-05 18:48:12,671 [INFO] [Iter 2] LR: 0.10000000
2025-09-05 18:48:12,673 [INFO] Saving best model at iteration 2
2025-09-05 18:48:12,929 [INFO] [3/300] loss 909.994 | compact 6.91804 | spectral 19.5725 | recons_loss: 0.230779 | sparse_loss: 1.04379 | 
2025-09-05 18:48:12,929 [INFO] [Iter 3] LR: 0.10000000
2025-09-05 18:48:12,930 [INFO] Saving best model at iteration 3
2025-09-05 18:48:13,187 [INFO] [4/300] loss 909.055 | compact 6.91713 | spectral 19.5449 | recons_loss: 0.228229 | sparse_loss: 1.04343 | 
2025-09-05 18:48:13,187 [INFO] [Iter 4] LR: 0.10000000
2025-09-05 18:48:13,188 [INFO] Saving best model at iteration 4
2025-09-05 18:48:13,445 [INFO] [5/300] loss 908.078 | compact 6.9176 | spectral 19.5122 | recons_loss: 0.225404 | sparse_loss: 1.04309 | 
2025-09-05 18:48:13,445 [INFO] [Iter 5] LR: 0.10000000
2025-09-05 18:48:13,446 [INFO] Saving best model at iteration 5
2025-09-05 18:48:13,702 [INFO] [6/300] loss 907.079 | compact 6.91754 | spectral 19.4787 | recons_loss: 0.222382 | sparse_loss: 1.04275 | 
2025-09-05 18:48:13,703 [INFO] [Iter 6] LR: 0.10000000
2025-09-05 18:48:13,704 [INFO] Saving best model at iteration 6
2025-09-05 18:48:13,960 [INFO] [7/300] loss 906.1 | compact 6.91619 | spectral 19.4319 | recons_loss: 0.219266 | sparse_loss: 1.04242 | 
2025-09-05 18:48:13,961 [INFO] [Iter 7] LR: 0.10000000
2025-09-05 18:48:13,962 [INFO] Saving best model at iteration 7
2025-09-05 18:48:14,223 [INFO] [8/300] loss 905.134 | compact 6.91565 | spectral 19.3848 | recons_loss: 0.216117 | sparse_loss: 1.04206 | 
2025-09-05 18:48:14,223 [INFO] [Iter 8] LR: 0.10000000
2025-09-05 18:48:14,224 [INFO] Saving best model at iteration 8
2025-09-05 18:48:14,483 [INFO] [9/300] loss 904.197 | compact 6.91283 | spectral 19.3423 | recons_loss: 0.213003 | sparse_loss: 1.04168 | 
2025-09-05 18:48:14,484 [INFO] [Iter 9] LR: 0.10000000
2025-09-05 18:48:14,485 [INFO] Saving best model at iteration 9
2025-09-05 18:48:14,739 [INFO] [10/300] loss 903.301 | compact 6.91181 | spectral 19.3029 | recons_loss: 0.209949 | sparse_loss: 1.04129 | 
2025-09-05 18:48:14,740 [INFO] [Iter 10] LR: 0.10000000
2025-09-05 18:48:14,742 [INFO] Saving best model at iteration 10
2025-09-05 18:48:15,000 [INFO] [11/300] loss 902.45 | compact 6.91194 | spectral 19.2668 | recons_loss: 0.207005 | sparse_loss: 1.04091 | 
2025-09-05 18:48:15,000 [INFO] [Iter 11] LR: 0.10000000
2025-09-05 18:48:15,002 [INFO] Saving best model at iteration 11
2025-09-05 18:48:15,260 [INFO] [12/300] loss 901.662 | compact 6.9126 | spectral 19.2381 | recons_loss: 0.204176 | sparse_loss: 1.04056 | 
2025-09-05 18:48:15,260 [INFO] [Iter 12] LR: 0.10000000
2025-09-05 18:48:15,262 [INFO] Saving best model at iteration 12
2025-09-05 18:48:15,531 [INFO] [13/300] loss 900.909 | compact 6.91103 | spectral 19.2147 | recons_loss: 0.201479 | sparse_loss: 1.04024 | 
2025-09-05 18:48:15,531 [INFO] [Iter 13] LR: 0.10000000
2025-09-05 18:48:15,533 [INFO] Saving best model at iteration 13
2025-09-05 18:48:15,794 [INFO] [14/300] loss 900.197 | compact 6.91169 | spectral 19.1896 | recons_loss: 0.198932 | sparse_loss: 1.03994 | 
2025-09-05 18:48:15,797 [INFO] [Iter 14] LR: 0.10000000
2025-09-05 18:48:15,798 [INFO] Saving best model at iteration 14
2025-09-05 18:48:16,057 [INFO] [15/300] loss 899.527 | compact 6.91233 | spectral 19.1667 | recons_loss: 0.196539 | sparse_loss: 1.03965 | 
2025-09-05 18:48:16,057 [INFO] [Iter 15] LR: 0.10000000
2025-09-05 18:48:16,059 [INFO] Saving best model at iteration 15
2025-09-05 18:48:16,326 [INFO] [16/300] loss 898.893 | compact 6.91326 | spectral 19.1451 | recons_loss: 0.19431 | sparse_loss: 1.03936 | 
2025-09-05 18:48:16,327 [INFO] [Iter 16] LR: 0.10000000
2025-09-05 18:48:16,328 [INFO] Saving best model at iteration 16
2025-09-05 18:48:16,591 [INFO] [17/300] loss 898.29 | compact 6.91516 | spectral 19.1237 | recons_loss: 0.192233 | sparse_loss: 1.03908 | 
2025-09-05 18:48:16,592 [INFO] [Iter 17] LR: 0.10000000
2025-09-05 18:48:16,594 [INFO] Saving best model at iteration 17
2025-09-05 18:48:16,862 [INFO] [18/300] loss 897.734 | compact 6.91538 | spectral 19.1088 | recons_loss: 0.190309 | sparse_loss: 1.03881 | 
2025-09-05 18:48:16,862 [INFO] [Iter 18] LR: 0.10000000
2025-09-05 18:48:16,865 [INFO] Saving best model at iteration 18
2025-09-05 18:48:17,131 [INFO] [19/300] loss 897.209 | compact 6.91795 | spectral 19.0926 | recons_loss: 0.188515 | sparse_loss: 1.03855 | 
2025-09-05 18:48:17,132 [INFO] [Iter 19] LR: 0.10000000
2025-09-05 18:48:17,134 [INFO] Saving best model at iteration 19
2025-09-05 18:48:17,391 [INFO] [20/300] loss 896.724 | compact 6.91871 | spectral 19.0876 | recons_loss: 0.186891 | sparse_loss: 1.03831 | 
2025-09-05 18:48:17,391 [INFO] [Iter 20] LR: 0.10000000
2025-09-05 18:48:17,393 [INFO] Saving best model at iteration 20
2025-09-05 18:48:17,649 [INFO] [21/300] loss 896.269 | compact 6.91767 | spectral 19.0919 | recons_loss: 0.185402 | sparse_loss: 1.03809 | 
2025-09-05 18:48:17,649 [INFO] [Iter 21] LR: 0.10000000
2025-09-05 18:48:17,650 [INFO] Saving best model at iteration 21
2025-09-05 18:48:17,905 [INFO] [22/300] loss 895.857 | compact 6.91799 | spectral 19.1086 | recons_loss: 0.184036 | sparse_loss: 1.03791 | 
2025-09-05 18:48:17,906 [INFO] [Iter 22] LR: 0.10000000
2025-09-05 18:48:17,909 [INFO] Saving best model at iteration 22
2025-09-05 18:48:18,194 [INFO] [23/300] loss 895.464 | compact 6.91802 | spectral 19.113 | recons_loss: 0.182781 | sparse_loss: 1.03773 | 
2025-09-05 18:48:18,194 [INFO] [Iter 23] LR: 0.10000000
2025-09-05 18:48:18,195 [INFO] Saving best model at iteration 23
2025-09-05 18:48:18,459 [INFO] [24/300] loss 895.091 | compact 6.91777 | spectral 19.1175 | recons_loss: 0.181635 | sparse_loss: 1.03757 | 
2025-09-05 18:48:18,460 [INFO] [Iter 24] LR: 0.10000000
2025-09-05 18:48:18,461 [INFO] Saving best model at iteration 24
2025-09-05 18:48:18,727 [INFO] [25/300] loss 894.735 | compact 6.91629 | spectral 19.1215 | recons_loss: 0.1806 | sparse_loss: 1.03741 | 
2025-09-05 18:48:18,727 [INFO] [Iter 25] LR: 0.10000000
2025-09-05 18:48:18,728 [INFO] Saving best model at iteration 25
2025-09-05 18:48:18,989 [INFO] [26/300] loss 894.392 | compact 6.91511 | spectral 19.1241 | recons_loss: 0.179636 | sparse_loss: 1.03726 | 
2025-09-05 18:48:18,990 [INFO] [Iter 26] LR: 0.10000000
2025-09-05 18:48:18,991 [INFO] Saving best model at iteration 26
2025-09-05 18:48:19,250 [INFO] [27/300] loss 894.065 | compact 6.91519 | spectral 19.1264 | recons_loss: 0.178754 | sparse_loss: 1.03712 | 
2025-09-05 18:48:19,250 [INFO] [Iter 27] LR: 0.10000000
2025-09-05 18:48:19,251 [INFO] Saving best model at iteration 27
2025-09-05 18:48:19,518 [INFO] [28/300] loss 893.769 | compact 6.91496 | spectral 19.1348 | recons_loss: 0.177965 | sparse_loss: 1.03701 | 
2025-09-05 18:48:19,518 [INFO] [Iter 28] LR: 0.10000000
2025-09-05 18:48:19,520 [INFO] Saving best model at iteration 28
2025-09-05 18:48:19,774 [INFO] [29/300] loss 893.513 | compact 6.91527 | spectral 19.153 | recons_loss: 0.177267 | sparse_loss: 1.03691 | 
2025-09-05 18:48:19,775 [INFO] [Iter 29] LR: 0.10000000
2025-09-05 18:48:19,776 [INFO] Saving best model at iteration 29
2025-09-05 18:48:20,034 [INFO] [30/300] loss 893.257 | compact 6.91649 | spectral 19.1652 | recons_loss: 0.176622 | sparse_loss: 1.03681 | 
2025-09-05 18:48:20,034 [INFO] [Iter 30] LR: 0.10000000
2025-09-05 18:48:20,037 [INFO] Saving best model at iteration 30
2025-09-05 18:48:20,303 [INFO] [31/300] loss 893.019 | compact 6.91696 | spectral 19.1812 | recons_loss: 0.176007 | sparse_loss: 1.03674 | 
2025-09-05 18:48:20,304 [INFO] [Iter 31] LR: 0.10000000
2025-09-05 18:48:20,305 [INFO] Saving best model at iteration 31
2025-09-05 18:48:20,563 [INFO] [32/300] loss 892.79 | compact 6.91887 | spectral 19.2005 | recons_loss: 0.17542 | sparse_loss: 1.03667 | 
2025-09-05 18:48:20,563 [INFO] [Iter 32] LR: 0.10000000
2025-09-05 18:48:20,564 [INFO] Saving best model at iteration 32
2025-09-05 18:48:20,821 [INFO] [33/300] loss 892.568 | compact 6.91978 | spectral 19.2195 | recons_loss: 0.174877 | sparse_loss: 1.03658 | 
2025-09-05 18:48:20,821 [INFO] [Iter 33] LR: 0.10000000
2025-09-05 18:48:20,822 [INFO] Saving best model at iteration 33
2025-09-05 18:48:21,082 [INFO] [34/300] loss 892.364 | compact 6.92115 | spectral 19.235 | recons_loss: 0.174381 | sparse_loss: 1.03651 | 
2025-09-05 18:48:21,082 [INFO] [Iter 34] LR: 0.10000000
2025-09-05 18:48:21,084 [INFO] Saving best model at iteration 34
2025-09-05 18:48:21,340 [INFO] [35/300] loss 892.174 | compact 6.922 | spectral 19.2495 | recons_loss: 0.173927 | sparse_loss: 1.03643 | 
2025-09-05 18:48:21,340 [INFO] [Iter 35] LR: 0.10000000
2025-09-05 18:48:21,342 [INFO] Saving best model at iteration 35
2025-09-05 18:48:21,608 [INFO] [36/300] loss 891.998 | compact 6.92149 | spectral 19.2668 | recons_loss: 0.173511 | sparse_loss: 1.03636 | 
2025-09-05 18:48:21,609 [INFO] [Iter 36] LR: 0.10000000
2025-09-05 18:48:21,611 [INFO] Saving best model at iteration 36
2025-09-05 18:48:21,869 [INFO] [37/300] loss 891.821 | compact 6.92104 | spectral 19.2776 | recons_loss: 0.173103 | sparse_loss: 1.0363 | 
2025-09-05 18:48:21,869 [INFO] [Iter 37] LR: 0.10000000
2025-09-05 18:48:21,870 [INFO] Saving best model at iteration 37
2025-09-05 18:48:22,128 [INFO] [38/300] loss 891.661 | compact 6.9198 | spectral 19.2863 | recons_loss: 0.172718 | sparse_loss: 1.03626 | 
2025-09-05 18:48:22,129 [INFO] [Iter 38] LR: 0.10000000
2025-09-05 18:48:22,130 [INFO] Saving best model at iteration 38
2025-09-05 18:48:22,384 [INFO] [39/300] loss 891.504 | compact 6.91852 | spectral 19.2965 | recons_loss: 0.172356 | sparse_loss: 1.0362 | 
2025-09-05 18:48:22,384 [INFO] [Iter 39] LR: 0.10000000
2025-09-05 18:48:22,385 [INFO] Saving best model at iteration 39
2025-09-05 18:48:22,641 [INFO] [40/300] loss 891.356 | compact 6.91698 | spectral 19.3096 | recons_loss: 0.172023 | sparse_loss: 1.03614 | 
2025-09-05 18:48:22,641 [INFO] [Iter 40] LR: 0.10000000
2025-09-05 18:48:22,643 [INFO] Saving best model at iteration 40
2025-09-05 18:48:22,899 [INFO] [41/300] loss 891.21 | compact 6.9163 | spectral 19.3238 | recons_loss: 0.171715 | sparse_loss: 1.03606 | 
2025-09-05 18:48:22,900 [INFO] [Iter 41] LR: 0.10000000
2025-09-05 18:48:22,902 [INFO] Saving best model at iteration 41
2025-09-05 18:48:23,163 [INFO] [42/300] loss 891.068 | compact 6.91616 | spectral 19.3374 | recons_loss: 0.171423 | sparse_loss: 1.03598 | 
2025-09-05 18:48:23,163 [INFO] [Iter 42] LR: 0.10000000
2025-09-05 18:48:23,165 [INFO] Saving best model at iteration 42
2025-09-05 18:48:23,433 [INFO] [43/300] loss 890.927 | compact 6.91654 | spectral 19.3497 | recons_loss: 0.171128 | sparse_loss: 1.03591 | 
2025-09-05 18:48:23,433 [INFO] [Iter 43] LR: 0.10000000
2025-09-05 18:48:23,434 [INFO] Saving best model at iteration 43
2025-09-05 18:48:23,693 [INFO] [44/300] loss 890.788 | compact 6.91655 | spectral 19.3651 | recons_loss: 0.17084 | sparse_loss: 1.03584 | 
2025-09-05 18:48:23,693 [INFO] [Iter 44] LR: 0.10000000
2025-09-05 18:48:23,694 [INFO] Saving best model at iteration 44
2025-09-05 18:48:23,962 [INFO] [45/300] loss 890.657 | compact 6.91687 | spectral 19.3817 | recons_loss: 0.170565 | sparse_loss: 1.03578 | 
2025-09-05 18:48:23,962 [INFO] [Iter 45] LR: 0.10000000
2025-09-05 18:48:23,964 [INFO] Saving best model at iteration 45
2025-09-05 18:48:24,222 [INFO] [46/300] loss 890.524 | compact 6.91788 | spectral 19.397 | recons_loss: 0.170307 | sparse_loss: 1.0357 | 
2025-09-05 18:48:24,222 [INFO] [Iter 46] LR: 0.10000000
2025-09-05 18:48:24,223 [INFO] Saving best model at iteration 46
2025-09-05 18:48:24,480 [INFO] [47/300] loss 890.398 | compact 6.91859 | spectral 19.4139 | recons_loss: 0.170061 | sparse_loss: 1.03562 | 
2025-09-05 18:48:24,481 [INFO] [Iter 47] LR: 0.10000000
2025-09-05 18:48:24,483 [INFO] Saving best model at iteration 47
2025-09-05 18:48:24,741 [INFO] [48/300] loss 890.281 | compact 6.91851 | spectral 19.4285 | recons_loss: 0.169814 | sparse_loss: 1.03554 | 
2025-09-05 18:48:24,741 [INFO] [Iter 48] LR: 0.10000000
2025-09-05 18:48:24,742 [INFO] Saving best model at iteration 48
2025-09-05 18:48:24,998 [INFO] [49/300] loss 890.156 | compact 6.92009 | spectral 19.4424 | recons_loss: 0.16956 | sparse_loss: 1.03547 | 
2025-09-05 18:48:24,998 [INFO] [Iter 49] LR: 0.10000000
2025-09-05 18:48:25,001 [INFO] Saving best model at iteration 49
2025-09-05 18:48:25,069 [INFO] H: 160, W: 150
2025-09-05 18:48:25,176 [INFO] [0 1 2 3 4 5 6]
2025-09-05 18:48:25,458 [INFO] y_target: [1 2 3 4 5 6 7]
2025-09-05 18:48:25,458 [INFO] y_predict: [0 1 2 3 4 5 6]
2025-09-05 18:48:25,820 [INFO] Epoch = 50 OA = 0.8410 Kappa = 0.8124 NMI = 0.7430
2025-09-05 18:48:26,029 [INFO] [50/300] loss 890.041 | compact 6.92164 | spectral 19.4572 | recons_loss: 0.169323 | sparse_loss: 1.03539 | 
2025-09-05 18:48:26,029 [INFO] [Iter 50] LR: 0.10000000
2025-09-05 18:48:26,031 [INFO] Saving best model at iteration 50
2025-09-05 18:48:26,285 [INFO] [51/300] loss 889.937 | compact 6.92253 | spectral 19.4763 | recons_loss: 0.169094 | sparse_loss: 1.03533 | 
2025-09-05 18:48:26,285 [INFO] [Iter 51] LR: 0.10000000
2025-09-05 18:48:26,286 [INFO] Saving best model at iteration 51
2025-09-05 18:48:26,541 [INFO] [52/300] loss 889.826 | compact 6.92343 | spectral 19.4918 | recons_loss: 0.168869 | sparse_loss: 1.03526 | 
2025-09-05 18:48:26,542 [INFO] [Iter 52] LR: 0.10000000
2025-09-05 18:48:26,544 [INFO] Saving best model at iteration 52
2025-09-05 18:48:26,801 [INFO] [53/300] loss 889.723 | compact 6.92442 | spectral 19.5082 | recons_loss: 0.168643 | sparse_loss: 1.03519 | 
2025-09-05 18:48:26,802 [INFO] [Iter 53] LR: 0.10000000
2025-09-05 18:48:26,805 [INFO] Saving best model at iteration 53
2025-09-05 18:48:27,061 [INFO] [54/300] loss 889.628 | compact 6.92532 | spectral 19.5261 | recons_loss: 0.168432 | sparse_loss: 1.03513 | 
2025-09-05 18:48:27,062 [INFO] [Iter 54] LR: 0.10000000
2025-09-05 18:48:27,064 [INFO] Saving best model at iteration 54
2025-09-05 18:48:27,320 [INFO] [55/300] loss 889.538 | compact 6.92629 | spectral 19.544 | recons_loss: 0.168227 | sparse_loss: 1.03507 | 
2025-09-05 18:48:27,321 [INFO] [Iter 55] LR: 0.10000000
2025-09-05 18:48:27,322 [INFO] Saving best model at iteration 55
2025-09-05 18:48:27,577 [INFO] [56/300] loss 889.456 | compact 6.92745 | spectral 19.5633 | recons_loss: 0.168027 | sparse_loss: 1.03502 | 
2025-09-05 18:48:27,577 [INFO] [Iter 56] LR: 0.10000000
2025-09-05 18:48:27,578 [INFO] Saving best model at iteration 56
2025-09-05 18:48:27,835 [INFO] [57/300] loss 889.379 | compact 6.92985 | spectral 19.5813 | recons_loss: 0.167836 | sparse_loss: 1.03497 | 
2025-09-05 18:48:27,835 [INFO] [Iter 57] LR: 0.10000000
2025-09-05 18:48:27,836 [INFO] Saving best model at iteration 57
2025-09-05 18:48:28,091 [INFO] [58/300] loss 889.301 | compact 6.93067 | spectral 19.5978 | recons_loss: 0.167655 | sparse_loss: 1.03493 | 
2025-09-05 18:48:28,092 [INFO] [Iter 58] LR: 0.10000000
2025-09-05 18:48:28,093 [INFO] Saving best model at iteration 58
2025-09-05 18:48:28,351 [INFO] [59/300] loss 889.198 | compact 6.93105 | spectral 19.6087 | recons_loss: 0.167451 | sparse_loss: 1.03487 | 
2025-09-05 18:48:28,352 [INFO] [Iter 59] LR: 0.10000000
2025-09-05 18:48:28,353 [INFO] Saving best model at iteration 59
2025-09-05 18:48:28,629 [INFO] [60/300] loss 889.097 | compact 6.93224 | spectral 19.6199 | recons_loss: 0.16725 | sparse_loss: 1.03482 | 
2025-09-05 18:48:28,630 [INFO] [Iter 60] LR: 0.10000000
2025-09-05 18:48:28,633 [INFO] Saving best model at iteration 60
2025-09-05 18:48:28,888 [INFO] [61/300] loss 889.01 | compact 6.93274 | spectral 19.6314 | recons_loss: 0.167065 | sparse_loss: 1.03477 | 
2025-09-05 18:48:28,888 [INFO] [Iter 61] LR: 0.10000000
2025-09-05 18:48:28,889 [INFO] Saving best model at iteration 61
2025-09-05 18:48:29,144 [INFO] [62/300] loss 888.926 | compact 6.93363 | spectral 19.645 | recons_loss: 0.166891 | sparse_loss: 1.03472 | 
2025-09-05 18:48:29,145 [INFO] [Iter 62] LR: 0.10000000
2025-09-05 18:48:29,147 [INFO] Saving best model at iteration 62
2025-09-05 18:48:29,403 [INFO] [63/300] loss 888.85 | compact 6.93527 | spectral 19.6561 | recons_loss: 0.166721 | sparse_loss: 1.03467 | 
2025-09-05 18:48:29,403 [INFO] [Iter 63] LR: 0.05000000
2025-09-05 18:48:29,404 [INFO] Saving best model at iteration 63
2025-09-05 18:48:29,660 [INFO] [64/300] loss 888.779 | compact 6.93651 | spectral 19.6693 | recons_loss: 0.166556 | sparse_loss: 1.03462 | 
2025-09-05 18:48:29,661 [INFO] [Iter 64] LR: 0.05000000
2025-09-05 18:48:29,662 [INFO] Saving best model at iteration 64
2025-09-05 18:48:29,920 [INFO] [65/300] loss 888.703 | compact 6.93707 | spectral 19.6816 | recons_loss: 0.166394 | sparse_loss: 1.03457 | 
2025-09-05 18:48:29,920 [INFO] [Iter 65] LR: 0.05000000
2025-09-05 18:48:29,921 [INFO] Saving best model at iteration 65
2025-09-05 18:48:30,180 [INFO] [66/300] loss 888.634 | compact 6.93775 | spectral 19.6945 | recons_loss: 0.166234 | sparse_loss: 1.03453 | 
2025-09-05 18:48:30,180 [INFO] [Iter 66] LR: 0.05000000
2025-09-05 18:48:30,183 [INFO] Saving best model at iteration 66
2025-09-05 18:48:30,444 [INFO] [67/300] loss 888.577 | compact 6.93844 | spectral 19.7095 | recons_loss: 0.166096 | sparse_loss: 1.03449 | 
2025-09-05 18:48:30,444 [INFO] [Iter 67] LR: 0.05000000
2025-09-05 18:48:30,445 [INFO] Saving best model at iteration 67
2025-09-05 18:48:30,706 [INFO] [68/300] loss 888.512 | compact 6.93849 | spectral 19.7234 | recons_loss: 0.165952 | sparse_loss: 1.03445 | 
2025-09-05 18:48:30,707 [INFO] [Iter 68] LR: 0.02500000
2025-09-05 18:48:30,709 [INFO] Saving best model at iteration 68
2025-09-05 18:48:30,965 [INFO] [69/300] loss 888.448 | compact 6.93903 | spectral 19.7357 | recons_loss: 0.165817 | sparse_loss: 1.03441 | 
2025-09-05 18:48:30,966 [INFO] [Iter 69] LR: 0.02500000
2025-09-05 18:48:30,968 [INFO] Saving best model at iteration 69
2025-09-05 18:48:31,226 [INFO] [70/300] loss 888.384 | compact 6.93957 | spectral 19.7459 | recons_loss: 0.165691 | sparse_loss: 1.03436 | 
2025-09-05 18:48:31,226 [INFO] [Iter 70] LR: 0.02500000
2025-09-05 18:48:31,227 [INFO] Saving best model at iteration 70
2025-09-05 18:48:31,484 [INFO] [71/300] loss 888.317 | compact 6.93959 | spectral 19.7545 | recons_loss: 0.165576 | sparse_loss: 1.03432 | 
2025-09-05 18:48:31,484 [INFO] [Iter 71] LR: 0.02500000
2025-09-05 18:48:31,486 [INFO] Saving best model at iteration 71
2025-09-05 18:48:31,752 [INFO] [72/300] loss 888.253 | compact 6.93933 | spectral 19.7631 | recons_loss: 0.165468 | sparse_loss: 1.03427 | 
2025-09-05 18:48:31,753 [INFO] [Iter 72] LR: 0.02500000
2025-09-05 18:48:31,754 [INFO] Saving best model at iteration 72
2025-09-05 18:48:32,010 [INFO] [73/300] loss 888.178 | compact 6.93936 | spectral 19.769 | recons_loss: 0.165357 | sparse_loss: 1.03421 | 
2025-09-05 18:48:32,011 [INFO] [Iter 73] LR: 0.02500000
2025-09-05 18:48:32,012 [INFO] Saving best model at iteration 73
2025-09-05 18:48:32,275 [INFO] [74/300] loss 888.112 | compact 6.93967 | spectral 19.7794 | recons_loss: 0.165257 | sparse_loss: 1.03415 | 
2025-09-05 18:48:32,275 [INFO] [Iter 74] LR: 0.02500000
2025-09-05 18:48:32,277 [INFO] Saving best model at iteration 74
2025-09-05 18:48:32,539 [INFO] [75/300] loss 888.046 | compact 6.93987 | spectral 19.7878 | recons_loss: 0.165153 | sparse_loss: 1.0341 | 
2025-09-05 18:48:32,540 [INFO] [Iter 75] LR: 0.02500000
2025-09-05 18:48:32,541 [INFO] Saving best model at iteration 75
2025-09-05 18:48:32,805 [INFO] [76/300] loss 887.982 | compact 6.94055 | spectral 19.7949 | recons_loss: 0.165064 | sparse_loss: 1.03406 | 
2025-09-05 18:48:32,805 [INFO] [Iter 76] LR: 0.02500000
2025-09-05 18:48:32,806 [INFO] Saving best model at iteration 76
2025-09-05 18:48:33,061 [INFO] [77/300] loss 887.929 | compact 6.94113 | spectral 19.8027 | recons_loss: 0.164989 | sparse_loss: 1.03402 | 
2025-09-05 18:48:33,061 [INFO] [Iter 77] LR: 0.02500000
2025-09-05 18:48:33,064 [INFO] Saving best model at iteration 77
2025-09-05 18:48:33,320 [INFO] [78/300] loss 887.872 | compact 6.94153 | spectral 19.8059 | recons_loss: 0.164914 | sparse_loss: 1.03399 | 
2025-09-05 18:48:33,320 [INFO] [Iter 78] LR: 0.02500000
2025-09-05 18:48:33,321 [INFO] Saving best model at iteration 78
2025-09-05 18:48:33,577 [INFO] [79/300] loss 887.818 | compact 6.94191 | spectral 19.8095 | recons_loss: 0.164843 | sparse_loss: 1.03396 | 
2025-09-05 18:48:33,578 [INFO] [Iter 79] LR: 0.01250000
2025-09-05 18:48:33,580 [INFO] Saving best model at iteration 79
2025-09-05 18:48:33,836 [INFO] [80/300] loss 887.764 | compact 6.94232 | spectral 19.8127 | recons_loss: 0.164774 | sparse_loss: 1.03394 | 
2025-09-05 18:48:33,836 [INFO] [Iter 80] LR: 0.01250000
2025-09-05 18:48:33,838 [INFO] Saving best model at iteration 80
2025-09-05 18:48:34,093 [INFO] [81/300] loss 887.714 | compact 6.94265 | spectral 19.8158 | recons_loss: 0.164709 | sparse_loss: 1.03391 | 
2025-09-05 18:48:34,093 [INFO] [Iter 81] LR: 0.01250000
2025-09-05 18:48:34,095 [INFO] Saving best model at iteration 81
2025-09-05 18:48:34,353 [INFO] [82/300] loss 887.664 | compact 6.94296 | spectral 19.8186 | recons_loss: 0.164646 | sparse_loss: 1.03389 | 
2025-09-05 18:48:34,353 [INFO] [Iter 82] LR: 0.01250000
2025-09-05 18:48:34,355 [INFO] Saving best model at iteration 82
2025-09-05 18:48:34,610 [INFO] [83/300] loss 887.617 | compact 6.94334 | spectral 19.8213 | recons_loss: 0.164586 | sparse_loss: 1.03386 | 
2025-09-05 18:48:34,610 [INFO] [Iter 83] LR: 0.01250000
2025-09-05 18:48:34,611 [INFO] Saving best model at iteration 83
2025-09-05 18:48:34,868 [INFO] [84/300] loss 887.572 | compact 6.94346 | spectral 19.824 | recons_loss: 0.16453 | sparse_loss: 1.03384 | 
2025-09-05 18:48:34,868 [INFO] [Iter 84] LR: 0.01250000
2025-09-05 18:48:34,869 [INFO] Saving best model at iteration 84
2025-09-05 18:48:35,127 [INFO] [85/300] loss 887.528 | compact 6.94361 | spectral 19.8268 | recons_loss: 0.164478 | sparse_loss: 1.03382 | 
2025-09-05 18:48:35,127 [INFO] [Iter 85] LR: 0.01250000
2025-09-05 18:48:35,129 [INFO] Saving best model at iteration 85
2025-09-05 18:48:35,393 [INFO] [86/300] loss 887.486 | compact 6.94386 | spectral 19.8295 | recons_loss: 0.164429 | sparse_loss: 1.03379 | 
2025-09-05 18:48:35,393 [INFO] [Iter 86] LR: 0.00625000
2025-09-05 18:48:35,395 [INFO] Saving best model at iteration 86
2025-09-05 18:48:35,655 [INFO] [87/300] loss 887.446 | compact 6.94405 | spectral 19.8329 | recons_loss: 0.164384 | sparse_loss: 1.03377 | 
2025-09-05 18:48:35,656 [INFO] [Iter 87] LR: 0.00625000
2025-09-05 18:48:35,657 [INFO] Saving best model at iteration 87
2025-09-05 18:48:35,916 [INFO] [88/300] loss 887.408 | compact 6.94423 | spectral 19.8355 | recons_loss: 0.164342 | sparse_loss: 1.03375 | 
2025-09-05 18:48:35,916 [INFO] [Iter 88] LR: 0.00625000
2025-09-05 18:48:35,917 [INFO] Saving best model at iteration 88
2025-09-05 18:48:36,176 [INFO] [89/300] loss 887.372 | compact 6.94441 | spectral 19.838 | recons_loss: 0.164305 | sparse_loss: 1.03373 | 
2025-09-05 18:48:36,176 [INFO] [Iter 89] LR: 0.00625000
2025-09-05 18:48:36,178 [INFO] Saving best model at iteration 89
2025-09-05 18:48:36,434 [INFO] [90/300] loss 887.338 | compact 6.94461 | spectral 19.8395 | recons_loss: 0.164268 | sparse_loss: 1.03371 | 
2025-09-05 18:48:36,434 [INFO] [Iter 90] LR: 0.00312500
2025-09-05 18:48:36,435 [INFO] Saving best model at iteration 90
2025-09-05 18:48:36,712 [INFO] [91/300] loss 887.305 | compact 6.94481 | spectral 19.8409 | recons_loss: 0.164235 | sparse_loss: 1.03369 | 
2025-09-05 18:48:36,712 [INFO] [Iter 91] LR: 0.00312500
2025-09-05 18:48:36,715 [INFO] Saving best model at iteration 91
2025-09-05 18:48:36,980 [INFO] [92/300] loss 887.276 | compact 6.94491 | spectral 19.8428 | recons_loss: 0.164204 | sparse_loss: 1.03367 | 
2025-09-05 18:48:36,981 [INFO] [Iter 92] LR: 0.00312500
2025-09-05 18:48:36,982 [INFO] Saving best model at iteration 92
2025-09-05 18:48:37,238 [INFO] [93/300] loss 887.248 | compact 6.94505 | spectral 19.8445 | recons_loss: 0.164175 | sparse_loss: 1.03365 | 
2025-09-05 18:48:37,239 [INFO] [Iter 93] LR: 0.00312500
2025-09-05 18:48:37,240 [INFO] Saving best model at iteration 93
2025-09-05 18:48:37,495 [INFO] [94/300] loss 887.222 | compact 6.94525 | spectral 19.846 | recons_loss: 0.164149 | sparse_loss: 1.03364 | 
2025-09-05 18:48:37,495 [INFO] [Iter 94] LR: 0.00312500
2025-09-05 18:48:37,496 [INFO] Saving best model at iteration 94
2025-09-05 18:48:37,759 [INFO] [95/300] loss 887.197 | compact 6.94544 | spectral 19.8473 | recons_loss: 0.164126 | sparse_loss: 1.03362 | 
2025-09-05 18:48:37,760 [INFO] [Iter 95] LR: 0.00312500
2025-09-05 18:48:37,761 [INFO] Saving best model at iteration 95
2025-09-05 18:48:38,015 [INFO] [96/300] loss 887.174 | compact 6.94548 | spectral 19.8487 | recons_loss: 0.164104 | sparse_loss: 1.03361 | 
2025-09-05 18:48:38,015 [INFO] [Iter 96] LR: 0.00156250
2025-09-05 18:48:38,017 [INFO] Saving best model at iteration 96
2025-09-05 18:48:38,274 [INFO] [97/300] loss 887.153 | compact 6.94552 | spectral 19.8499 | recons_loss: 0.164085 | sparse_loss: 1.0336 | 
2025-09-05 18:48:38,275 [INFO] [Iter 97] LR: 0.00156250
2025-09-05 18:48:38,276 [INFO] Saving best model at iteration 97
2025-09-05 18:48:38,534 [INFO] [98/300] loss 887.133 | compact 6.94569 | spectral 19.8509 | recons_loss: 0.164067 | sparse_loss: 1.03358 | 
2025-09-05 18:48:38,535 [INFO] [Iter 98] LR: 0.00156250
2025-09-05 18:48:38,537 [INFO] Saving best model at iteration 98
2025-09-05 18:48:38,808 [INFO] [99/300] loss 887.115 | compact 6.94576 | spectral 19.8523 | recons_loss: 0.164051 | sparse_loss: 1.03357 | 
2025-09-05 18:48:38,808 [INFO] [Iter 99] LR: 0.00078125
2025-09-05 18:48:38,810 [INFO] Saving best model at iteration 99
2025-09-05 18:48:38,876 [INFO] H: 160, W: 150
2025-09-05 18:48:38,985 [INFO] [0 1 2 3 4 5 6]
2025-09-05 18:48:39,126 [INFO] y_target: [1 2 3 4 5 6 7]
2025-09-05 18:48:39,127 [INFO] y_predict: [0 1 2 3 4 5 6]
2025-09-05 18:48:39,292 [INFO] Epoch = 100 OA = 0.8427 Kappa = 0.8145 NMI = 0.7446
2025-09-05 18:48:39,503 [INFO] [100/300] loss 887.098 | compact 6.94582 | spectral 19.8536 | recons_loss: 0.164036 | sparse_loss: 1.03356 | 
2025-09-05 18:48:39,504 [INFO] [Iter 100] LR: 0.00078125
2025-09-05 18:48:39,505 [INFO] Saving best model at iteration 100
2025-09-05 18:48:39,760 [INFO] [101/300] loss 887.083 | compact 6.94588 | spectral 19.8547 | recons_loss: 0.164022 | sparse_loss: 1.03355 | 
2025-09-05 18:48:39,760 [INFO] [Iter 101] LR: 0.00078125
2025-09-05 18:48:39,761 [INFO] Saving best model at iteration 101
2025-09-05 18:48:40,019 [INFO] [102/300] loss 887.068 | compact 6.946 | spectral 19.8555 | recons_loss: 0.16401 | sparse_loss: 1.03354 | 
2025-09-05 18:48:40,019 [INFO] [Iter 102] LR: 0.00039063
2025-09-05 18:48:40,020 [INFO] Saving best model at iteration 102
2025-09-05 18:48:40,287 [INFO] [103/300] loss 887.055 | compact 6.94581 | spectral 19.8565 | recons_loss: 0.163998 | sparse_loss: 1.03353 | 
2025-09-05 18:48:40,288 [INFO] [Iter 103] LR: 0.00039063
2025-09-05 18:48:40,289 [INFO] Saving best model at iteration 103
2025-09-05 18:48:40,543 [INFO] [104/300] loss 887.043 | compact 6.94563 | spectral 19.8574 | recons_loss: 0.163988 | sparse_loss: 1.03352 | 
2025-09-05 18:48:40,544 [INFO] [Iter 104] LR: 0.00039063
2025-09-05 18:48:40,545 [INFO] Saving best model at iteration 104
2025-09-05 18:48:40,800 [INFO] [105/300] loss 887.032 | compact 6.94547 | spectral 19.8583 | recons_loss: 0.163978 | sparse_loss: 1.03351 | 
2025-09-05 18:48:40,801 [INFO] [Iter 105] LR: 0.00019531
2025-09-05 18:48:40,802 [INFO] Saving best model at iteration 105
2025-09-05 18:48:41,061 [INFO] [106/300] loss 887.022 | compact 6.94533 | spectral 19.859 | recons_loss: 0.163969 | sparse_loss: 1.03351 | 
2025-09-05 18:48:41,062 [INFO] [Iter 106] LR: 0.00019531
2025-09-05 18:48:41,063 [INFO] Saving best model at iteration 106
2025-09-05 18:48:41,324 [INFO] [107/300] loss 887.013 | compact 6.9452 | spectral 19.8597 | recons_loss: 0.163962 | sparse_loss: 1.0335 | 
2025-09-05 18:48:41,325 [INFO] [Iter 107] LR: 0.00019531
2025-09-05 18:48:41,326 [INFO] Saving best model at iteration 107
2025-09-05 18:48:41,584 [INFO] [108/300] loss 887.005 | compact 6.94508 | spectral 19.8603 | recons_loss: 0.163955 | sparse_loss: 1.0335 | 
2025-09-05 18:48:41,585 [INFO] [Iter 108] LR: 0.00009766
2025-09-05 18:48:41,586 [INFO] Saving best model at iteration 108
2025-09-05 18:48:41,849 [INFO] [109/300] loss 886.997 | compact 6.94497 | spectral 19.8608 | recons_loss: 0.163948 | sparse_loss: 1.03349 | 
2025-09-05 18:48:41,850 [INFO] [Iter 109] LR: 0.00009766
2025-09-05 18:48:41,851 [INFO] Saving best model at iteration 109
2025-09-05 18:48:42,110 [INFO] [110/300] loss 886.991 | compact 6.94488 | spectral 19.8613 | recons_loss: 0.163942 | sparse_loss: 1.03349 | 
2025-09-05 18:48:42,111 [INFO] [Iter 110] LR: 0.00009766
2025-09-05 18:48:42,112 [INFO] Saving best model at iteration 110
2025-09-05 18:48:42,369 [INFO] [111/300] loss 886.984 | compact 6.9448 | spectral 19.8617 | recons_loss: 0.163937 | sparse_loss: 1.03348 | 
2025-09-05 18:48:42,370 [INFO] [Iter 111] LR: 0.00004883
2025-09-05 18:48:42,371 [INFO] Saving best model at iteration 111
2025-09-05 18:48:42,629 [INFO] [112/300] loss 886.979 | compact 6.94472 | spectral 19.8621 | recons_loss: 0.163933 | sparse_loss: 1.03348 | 
2025-09-05 18:48:42,630 [INFO] [Iter 112] LR: 0.00004883
2025-09-05 18:48:42,631 [INFO] Saving best model at iteration 112
2025-09-05 18:48:42,887 [INFO] [113/300] loss 886.974 | compact 6.94465 | spectral 19.8625 | recons_loss: 0.163928 | sparse_loss: 1.03347 | 
2025-09-05 18:48:42,887 [INFO] [Iter 113] LR: 0.00004883
2025-09-05 18:48:42,889 [INFO] Saving best model at iteration 113
2025-09-05 18:48:43,148 [INFO] [114/300] loss 886.969 | compact 6.94459 | spectral 19.8628 | recons_loss: 0.163925 | sparse_loss: 1.03347 | 
2025-09-05 18:48:43,148 [INFO] [Iter 114] LR: 0.00002441
2025-09-05 18:48:43,149 [INFO] Saving best model at iteration 114
2025-09-05 18:48:43,407 [INFO] [115/300] loss 886.965 | compact 6.94453 | spectral 19.8631 | recons_loss: 0.163921 | sparse_loss: 1.03347 | 
2025-09-05 18:48:43,407 [INFO] [Iter 115] LR: 0.00002441
2025-09-05 18:48:43,408 [INFO] Saving best model at iteration 115
2025-09-05 18:48:43,664 [INFO] [116/300] loss 886.961 | compact 6.94448 | spectral 19.8633 | recons_loss: 0.163918 | sparse_loss: 1.03346 | 
2025-09-05 18:48:43,664 [INFO] [Iter 116] LR: 0.00002441
2025-09-05 18:48:43,665 [INFO] Saving best model at iteration 116
2025-09-05 18:48:43,920 [INFO] [117/300] loss 886.958 | compact 6.94444 | spectral 19.8636 | recons_loss: 0.163915 | sparse_loss: 1.03346 | 
2025-09-05 18:48:43,920 [INFO] [Iter 117] LR: 0.00001221
2025-09-05 18:48:43,921 [INFO] Saving best model at iteration 117
2025-09-05 18:48:44,179 [INFO] [118/300] loss 886.955 | compact 6.9444 | spectral 19.8638 | recons_loss: 0.163913 | sparse_loss: 1.03346 | 
2025-09-05 18:48:44,179 [INFO] [Iter 118] LR: 0.00001221
2025-09-05 18:48:44,181 [INFO] Saving best model at iteration 118
2025-09-05 18:48:44,440 [INFO] [119/300] loss 886.952 | compact 6.94436 | spectral 19.864 | recons_loss: 0.163911 | sparse_loss: 1.03346 | 
2025-09-05 18:48:44,441 [INFO] [Iter 119] LR: 0.00001221
2025-09-05 18:48:44,443 [INFO] Saving best model at iteration 119
2025-09-05 18:48:44,702 [INFO] [120/300] loss 886.95 | compact 6.94433 | spectral 19.8641 | recons_loss: 0.163908 | sparse_loss: 1.03346 | 
2025-09-05 18:48:44,702 [INFO] [Iter 120] LR: 0.00000610
2025-09-05 18:48:44,705 [INFO] Saving best model at iteration 120
2025-09-05 18:48:44,964 [INFO] [121/300] loss 886.948 | compact 6.9443 | spectral 19.8643 | recons_loss: 0.163907 | sparse_loss: 1.03345 | 
2025-09-05 18:48:44,965 [INFO] [Iter 121] LR: 0.00000610
2025-09-05 18:48:44,966 [INFO] Saving best model at iteration 121
2025-09-05 18:48:45,222 [INFO] [122/300] loss 886.946 | compact 6.94427 | spectral 19.8644 | recons_loss: 0.163905 | sparse_loss: 1.03345 | 
2025-09-05 18:48:45,222 [INFO] [Iter 122] LR: 0.00000610
2025-09-05 18:48:45,224 [INFO] Saving best model at iteration 122
2025-09-05 18:48:45,479 [INFO] [123/300] loss 886.944 | compact 6.94425 | spectral 19.8646 | recons_loss: 0.163904 | sparse_loss: 1.03345 | 
2025-09-05 18:48:45,480 [INFO] [Iter 123] LR: 0.00000305
2025-09-05 18:48:45,481 [INFO] Saving best model at iteration 123
2025-09-05 18:48:45,744 [INFO] [124/300] loss 886.942 | compact 6.94423 | spectral 19.8647 | recons_loss: 0.163902 | sparse_loss: 1.03345 | 
2025-09-05 18:48:45,745 [INFO] [Iter 124] LR: 0.00000305
2025-09-05 18:48:45,746 [INFO] Saving best model at iteration 124
2025-09-05 18:48:46,011 [INFO] [125/300] loss 886.941 | compact 6.94421 | spectral 19.8648 | recons_loss: 0.163901 | sparse_loss: 1.03345 | 
2025-09-05 18:48:46,011 [INFO] [Iter 125] LR: 0.00000305
2025-09-05 18:48:46,013 [INFO] Saving best model at iteration 125
2025-09-05 18:48:46,282 [INFO] [126/300] loss 886.939 | compact 6.94419 | spectral 19.8649 | recons_loss: 0.1639 | sparse_loss: 1.03345 | 
2025-09-05 18:48:46,283 [INFO] [Iter 126] LR: 0.00000153
2025-09-05 18:48:46,285 [INFO] Saving best model at iteration 126
2025-09-05 18:48:46,550 [INFO] [127/300] loss 886.938 | compact 6.94417 | spectral 19.8649 | recons_loss: 0.163899 | sparse_loss: 1.03345 | 
2025-09-05 18:48:46,550 [INFO] [Iter 127] LR: 0.00000153
2025-09-05 18:48:46,552 [INFO] Saving best model at iteration 127
2025-09-05 18:48:46,810 [INFO] [128/300] loss 886.937 | compact 6.94416 | spectral 19.865 | recons_loss: 0.163898 | sparse_loss: 1.03345 | 
2025-09-05 18:48:46,810 [INFO] [Iter 128] LR: 0.00000153
2025-09-05 18:48:46,811 [INFO] Saving best model at iteration 128
2025-09-05 18:48:47,070 [INFO] [129/300] loss 886.936 | compact 6.94415 | spectral 19.8651 | recons_loss: 0.163897 | sparse_loss: 1.03345 | 
2025-09-05 18:48:47,071 [INFO] [Iter 129] LR: 0.00000076
2025-09-05 18:48:47,072 [INFO] Saving best model at iteration 129
2025-09-05 18:48:47,330 [INFO] [130/300] loss 886.935 | compact 6.94413 | spectral 19.8651 | recons_loss: 0.163897 | sparse_loss: 1.03345 | 
2025-09-05 18:48:47,330 [INFO] [Iter 130] LR: 0.00000076
2025-09-05 18:48:47,332 [INFO] Saving best model at iteration 130
2025-09-05 18:48:47,589 [INFO] [131/300] loss 886.934 | compact 6.94412 | spectral 19.8652 | recons_loss: 0.163896 | sparse_loss: 1.03345 | 
2025-09-05 18:48:47,590 [INFO] [Iter 131] LR: 0.00000076
2025-09-05 18:48:47,592 [INFO] Saving best model at iteration 131
2025-09-05 18:48:47,857 [INFO] [132/300] loss 886.934 | compact 6.94412 | spectral 19.8652 | recons_loss: 0.163895 | sparse_loss: 1.03344 | 
2025-09-05 18:48:47,857 [INFO] [Iter 132] LR: 0.00000038
2025-09-05 18:48:47,858 [INFO] Saving best model at iteration 132
2025-09-05 18:48:48,114 [INFO] [133/300] loss 886.933 | compact 6.94411 | spectral 19.8653 | recons_loss: 0.163895 | sparse_loss: 1.03344 | 
2025-09-05 18:48:48,115 [INFO] [Iter 133] LR: 0.00000038
2025-09-05 18:48:48,116 [INFO] Saving best model at iteration 133
2025-09-05 18:48:48,383 [INFO] [134/300] loss 886.932 | compact 6.9441 | spectral 19.8653 | recons_loss: 0.163894 | sparse_loss: 1.03344 | 
2025-09-05 18:48:48,383 [INFO] [Iter 134] LR: 0.00000038
2025-09-05 18:48:48,384 [INFO] Saving best model at iteration 134
2025-09-05 18:48:48,639 [INFO] [135/300] loss 886.932 | compact 6.94409 | spectral 19.8654 | recons_loss: 0.163894 | sparse_loss: 1.03344 | 
2025-09-05 18:48:48,640 [INFO] [Iter 135] LR: 0.00000019
2025-09-05 18:48:48,642 [INFO] Saving best model at iteration 135
2025-09-05 18:48:48,921 [INFO] [136/300] loss 886.931 | compact 6.94409 | spectral 19.8654 | recons_loss: 0.163894 | sparse_loss: 1.03344 | 
2025-09-05 18:48:48,921 [INFO] [Iter 136] LR: 0.00000019
2025-09-05 18:48:48,922 [INFO] Saving best model at iteration 136
2025-09-05 18:48:49,177 [INFO] [137/300] loss 886.931 | compact 6.94408 | spectral 19.8654 | recons_loss: 0.163893 | sparse_loss: 1.03344 | 
2025-09-05 18:48:49,178 [INFO] [Iter 137] LR: 0.00000019
2025-09-05 18:48:49,179 [INFO] Saving best model at iteration 137
2025-09-05 18:48:49,444 [INFO] [138/300] loss 886.931 | compact 6.94408 | spectral 19.8654 | recons_loss: 0.163893 | sparse_loss: 1.03344 | 
2025-09-05 18:48:49,444 [INFO] [Iter 138] LR: 0.00000010
2025-09-05 18:48:49,445 [INFO] Saving best model at iteration 138
2025-09-05 18:48:49,700 [INFO] [139/300] loss 886.93 | compact 6.94407 | spectral 19.8655 | recons_loss: 0.163893 | sparse_loss: 1.03344 | 
2025-09-05 18:48:49,701 [INFO] [Iter 139] LR: 0.00000010
2025-09-05 18:48:49,703 [INFO] Saving best model at iteration 139
2025-09-05 18:48:49,972 [INFO] [140/300] loss 886.93 | compact 6.94407 | spectral 19.8655 | recons_loss: 0.163892 | sparse_loss: 1.03344 | 
2025-09-05 18:48:49,973 [INFO] [Iter 140] LR: 0.00000010
2025-09-05 18:48:49,974 [INFO] Saving best model at iteration 140
2025-09-05 18:48:50,231 [INFO] [141/300] loss 886.93 | compact 6.94406 | spectral 19.8655 | recons_loss: 0.163892 | sparse_loss: 1.03344 | 
2025-09-05 18:48:50,232 [INFO] [Iter 141] LR: 0.00000005
2025-09-05 18:48:50,235 [INFO] Saving best model at iteration 141
2025-09-05 18:48:50,492 [INFO] [142/300] loss 886.929 | compact 6.94406 | spectral 19.8655 | recons_loss: 0.163892 | sparse_loss: 1.03344 | 
2025-09-05 18:48:50,493 [INFO] [Iter 142] LR: 0.00000005
2025-09-05 18:48:50,494 [INFO] Saving best model at iteration 142
2025-09-05 18:48:50,771 [INFO] [143/300] loss 886.929 | compact 6.94406 | spectral 19.8655 | recons_loss: 0.163892 | sparse_loss: 1.03344 | 
2025-09-05 18:48:50,772 [INFO] [Iter 143] LR: 0.00000005
2025-09-05 18:48:50,773 [INFO] Saving best model at iteration 143
2025-09-05 18:48:51,035 [INFO] [144/300] loss 886.929 | compact 6.94406 | spectral 19.8656 | recons_loss: 0.163892 | sparse_loss: 1.03344 | 
2025-09-05 18:48:51,036 [INFO] [Iter 144] LR: 0.00000002
2025-09-05 18:48:51,037 [INFO] Saving best model at iteration 144
2025-09-05 18:48:51,298 [INFO] [145/300] loss 886.929 | compact 6.94405 | spectral 19.8656 | recons_loss: 0.163892 | sparse_loss: 1.03344 | 
2025-09-05 18:48:51,299 [INFO] [Iter 145] LR: 0.00000002
2025-09-05 18:48:51,301 [INFO] Saving best model at iteration 145
2025-09-05 18:48:51,558 [INFO] [146/300] loss 886.929 | compact 6.94405 | spectral 19.8656 | recons_loss: 0.163891 | sparse_loss: 1.03344 | 
2025-09-05 18:48:51,559 [INFO] [Iter 146] LR: 0.00000002
2025-09-05 18:48:51,560 [INFO] Saving best model at iteration 146
2025-09-05 18:48:51,815 [INFO] [147/300] loss 886.928 | compact 6.94405 | spectral 19.8656 | recons_loss: 0.163891 | sparse_loss: 1.03344 | 
2025-09-05 18:48:51,815 [INFO] [Iter 147] LR: 0.00000001
2025-09-05 18:48:51,816 [INFO] Saving best model at iteration 147
2025-09-05 18:48:52,075 [INFO] [148/300] loss 886.928 | compact 6.94405 | spectral 19.8656 | recons_loss: 0.163891 | sparse_loss: 1.03344 | 
2025-09-05 18:48:52,076 [INFO] [Iter 148] LR: 0.00000001
2025-09-05 18:48:52,077 [INFO] Saving best model at iteration 148
2025-09-05 18:48:52,332 [INFO] [149/300] loss 886.928 | compact 6.94405 | spectral 19.8656 | recons_loss: 0.163891 | sparse_loss: 1.03344 | 
2025-09-05 18:48:52,332 [INFO] [Iter 149] LR: 0.00000001
2025-09-05 18:48:52,333 [INFO] Saving best model at iteration 149
2025-09-05 18:48:52,393 [INFO] H: 160, W: 150
2025-09-05 18:48:52,509 [INFO] [0 1 2 3 4 5 6]
2025-09-05 18:48:52,649 [INFO] y_target: [1 2 3 4 5 6 7]
2025-09-05 18:48:52,649 [INFO] y_predict: [0 1 2 3 4 5 6]
2025-09-05 18:48:52,802 [INFO] Epoch = 150 OA = 0.8427 Kappa = 0.8145 NMI = 0.7446
2025-09-05 18:48:53,013 [INFO] [150/300] loss 886.928 | compact 6.94404 | spectral 19.8656 | recons_loss: 0.163891 | sparse_loss: 1.03344 | 
2025-09-05 18:48:53,013 [INFO] [Iter 150] LR: 0.00000001
2025-09-05 18:48:53,016 [INFO] Saving best model at iteration 150
2025-09-05 18:48:53,276 [INFO] [151/300] loss 886.928 | compact 6.94404 | spectral 19.8656 | recons_loss: 0.163891 | sparse_loss: 1.03344 | 
2025-09-05 18:48:53,276 [INFO] [Iter 151] LR: 0.00000001
2025-09-05 18:48:53,278 [INFO] No improvement: current loss 886.928043, best loss 886.928138
2025-09-05 18:48:53,536 [INFO] [152/300] loss 886.928 | compact 6.94404 | spectral 19.8656 | recons_loss: 0.163891 | sparse_loss: 1.03344 | 
2025-09-05 18:48:53,536 [INFO] [Iter 152] LR: 0.00000001
2025-09-05 18:48:53,538 [INFO] Saving best model at iteration 152
2025-09-05 18:48:53,792 [INFO] [153/300] loss 886.928 | compact 6.94404 | spectral 19.8656 | recons_loss: 0.163891 | sparse_loss: 1.03344 | 
2025-09-05 18:48:53,792 [INFO] [Iter 153] LR: 0.00000001
2025-09-05 18:48:53,794 [INFO] No improvement: current loss 886.927880, best loss 886.927957
2025-09-05 18:48:54,049 [INFO] [154/300] loss 886.928 | compact 6.94404 | spectral 19.8656 | recons_loss: 0.163891 | sparse_loss: 1.03344 | 
2025-09-05 18:48:54,050 [INFO] [Iter 154] LR: 0.00000001
2025-09-05 18:48:54,051 [INFO] Saving best model at iteration 154
2025-09-05 18:48:54,306 [INFO] [155/300] loss 886.928 | compact 6.94404 | spectral 19.8656 | recons_loss: 0.163891 | sparse_loss: 1.03344 | 
2025-09-05 18:48:54,307 [INFO] [Iter 155] LR: 0.00000001
2025-09-05 18:48:54,308 [INFO] No improvement: current loss 886.927742, best loss 886.927811
2025-09-05 18:48:54,564 [INFO] [156/300] loss 886.928 | compact 6.94404 | spectral 19.8656 | recons_loss: 0.163891 | sparse_loss: 1.03344 | 
2025-09-05 18:48:54,564 [INFO] [Iter 156] LR: 0.00000001
2025-09-05 18:48:54,565 [INFO] Saving best model at iteration 156
2025-09-05 18:48:54,822 [INFO] [157/300] loss 886.928 | compact 6.94404 | spectral 19.8656 | recons_loss: 0.163891 | sparse_loss: 1.03344 | 
2025-09-05 18:48:54,823 [INFO] [Iter 157] LR: 0.00000001
2025-09-05 18:48:54,825 [INFO] No improvement: current loss 886.927636, best loss 886.927686
2025-09-05 18:48:55,083 [INFO] [158/300] loss 886.928 | compact 6.94404 | spectral 19.8656 | recons_loss: 0.163891 | sparse_loss: 1.03344 | 
2025-09-05 18:48:55,084 [INFO] [Iter 158] LR: 0.00000001
2025-09-05 18:48:55,086 [INFO] No improvement: current loss 886.927591, best loss 886.927686
2025-09-05 18:48:55,341 [INFO] [159/300] loss 886.928 | compact 6.94404 | spectral 19.8656 | recons_loss: 0.163891 | sparse_loss: 1.03344 | 
2025-09-05 18:48:55,341 [INFO] [Iter 159] LR: 0.00000001
2025-09-05 18:48:55,342 [INFO] Saving best model at iteration 159
2025-09-05 18:48:55,608 [INFO] [160/300] loss 886.928 | compact 6.94404 | spectral 19.8657 | recons_loss: 0.163891 | sparse_loss: 1.03344 | 
2025-09-05 18:48:55,608 [INFO] [Iter 160] LR: 0.00000001
2025-09-05 18:48:55,610 [INFO] No improvement: current loss 886.927514, best loss 886.927550
2025-09-05 18:48:55,883 [INFO] [161/300] loss 886.927 | compact 6.94404 | spectral 19.8657 | recons_loss: 0.16389 | sparse_loss: 1.03344 | 
2025-09-05 18:48:55,883 [INFO] [Iter 161] LR: 0.00000001
2025-09-05 18:48:55,885 [INFO] No improvement: current loss 886.927481, best loss 886.927550
2025-09-05 18:48:56,151 [INFO] [162/300] loss 886.927 | compact 6.94404 | spectral 19.8657 | recons_loss: 0.16389 | sparse_loss: 1.03344 | 
2025-09-05 18:48:56,151 [INFO] [Iter 162] LR: 0.00000001
2025-09-05 18:48:56,153 [INFO] No improvement: current loss 886.927451, best loss 886.927550
2025-09-05 18:48:56,408 [INFO] [163/300] loss 886.927 | compact 6.94403 | spectral 19.8657 | recons_loss: 0.16389 | sparse_loss: 1.03344 | 
2025-09-05 18:48:56,408 [INFO] [Iter 163] LR: 0.00000001
2025-09-05 18:48:56,410 [INFO] Saving best model at iteration 163
2025-09-05 18:48:56,664 [INFO] [164/300] loss 886.927 | compact 6.94403 | spectral 19.8657 | recons_loss: 0.16389 | sparse_loss: 1.03344 | 
2025-09-05 18:48:56,665 [INFO] [Iter 164] LR: 0.00000001
2025-09-05 18:48:56,667 [INFO] No improvement: current loss 886.927401, best loss 886.927425
2025-09-05 18:48:56,925 [INFO] [165/300] loss 886.927 | compact 6.94403 | spectral 19.8657 | recons_loss: 0.16389 | sparse_loss: 1.03344 | 
2025-09-05 18:48:56,925 [INFO] [Iter 165] LR: 0.00000001
2025-09-05 18:48:56,928 [INFO] No improvement: current loss 886.927379, best loss 886.927425
2025-09-05 18:48:57,183 [INFO] [166/300] loss 886.927 | compact 6.94403 | spectral 19.8657 | recons_loss: 0.16389 | sparse_loss: 1.03344 | 
2025-09-05 18:48:57,184 [INFO] [Iter 166] LR: 0.00000001
2025-09-05 18:48:57,185 [INFO] No improvement: current loss 886.927360, best loss 886.927425
2025-09-05 18:48:57,440 [INFO] [167/300] loss 886.927 | compact 6.94403 | spectral 19.8657 | recons_loss: 0.16389 | sparse_loss: 1.03344 | 
2025-09-05 18:48:57,440 [INFO] [Iter 167] LR: 0.00000001
2025-09-05 18:48:57,441 [INFO] No improvement: current loss 886.927342, best loss 886.927425
2025-09-05 18:48:57,697 [INFO] [168/300] loss 886.927 | compact 6.94403 | spectral 19.8657 | recons_loss: 0.16389 | sparse_loss: 1.03344 | 
2025-09-05 18:48:57,697 [INFO] [Iter 168] LR: 0.00000001
2025-09-05 18:48:57,699 [INFO] No improvement: current loss 886.927327, best loss 886.927425
2025-09-05 18:48:57,954 [INFO] [169/300] loss 886.927 | compact 6.94403 | spectral 19.8657 | recons_loss: 0.16389 | sparse_loss: 1.03344 | 
2025-09-05 18:48:57,954 [INFO] [Iter 169] LR: 0.00000001
2025-09-05 18:48:57,955 [INFO] Saving best model at iteration 169
2025-09-05 18:48:58,211 [INFO] [170/300] loss 886.927 | compact 6.94403 | spectral 19.8657 | recons_loss: 0.16389 | sparse_loss: 1.03344 | 
2025-09-05 18:48:58,211 [INFO] [Iter 170] LR: 0.00000001
2025-09-05 18:48:58,212 [INFO] No improvement: current loss 886.927300, best loss 886.927312
2025-09-05 18:48:58,469 [INFO] [171/300] loss 886.927 | compact 6.94403 | spectral 19.8657 | recons_loss: 0.16389 | sparse_loss: 1.03344 | 
2025-09-05 18:48:58,469 [INFO] [Iter 171] LR: 0.00000001
2025-09-05 18:48:58,471 [INFO] No improvement: current loss 886.927288, best loss 886.927312
2025-09-05 18:48:58,726 [INFO] [172/300] loss 886.927 | compact 6.94403 | spectral 19.8657 | recons_loss: 0.16389 | sparse_loss: 1.03344 | 
2025-09-05 18:48:58,726 [INFO] [Iter 172] LR: 0.00000001
2025-09-05 18:48:58,728 [INFO] No improvement: current loss 886.927278, best loss 886.927312
2025-09-05 18:48:58,982 [INFO] [173/300] loss 886.927 | compact 6.94403 | spectral 19.8657 | recons_loss: 0.16389 | sparse_loss: 1.03344 | 
2025-09-05 18:48:58,983 [INFO] [Iter 173] LR: 0.00000001
2025-09-05 18:48:58,984 [INFO] No improvement: current loss 886.927269, best loss 886.927312
2025-09-05 18:48:59,240 [INFO] [174/300] loss 886.927 | compact 6.94403 | spectral 19.8657 | recons_loss: 0.16389 | sparse_loss: 1.03344 | 
2025-09-05 18:48:59,240 [INFO] [Iter 174] LR: 0.00000001
2025-09-05 18:48:59,242 [INFO] No improvement: current loss 886.927260, best loss 886.927312
2025-09-05 18:48:59,501 [INFO] [175/300] loss 886.927 | compact 6.94403 | spectral 19.8657 | recons_loss: 0.16389 | sparse_loss: 1.03344 | 
2025-09-05 18:48:59,502 [INFO] [Iter 175] LR: 0.00000001
2025-09-05 18:48:59,504 [INFO] No improvement: current loss 886.927247, best loss 886.927312
2025-09-05 18:48:59,761 [INFO] [176/300] loss 886.927 | compact 6.94403 | spectral 19.8657 | recons_loss: 0.16389 | sparse_loss: 1.03344 | 
2025-09-05 18:48:59,761 [INFO] [Iter 176] LR: 0.00000001
2025-09-05 18:48:59,762 [INFO] No improvement: current loss 886.927240, best loss 886.927312
2025-09-05 18:49:00,029 [INFO] [177/300] loss 886.927 | compact 6.94403 | spectral 19.8657 | recons_loss: 0.16389 | sparse_loss: 1.03344 | 
2025-09-05 18:49:00,029 [INFO] [Iter 177] LR: 0.00000001
2025-09-05 18:49:00,030 [INFO] No improvement: current loss 886.927235, best loss 886.927312
2025-09-05 18:49:00,294 [INFO] [178/300] loss 886.927 | compact 6.94403 | spectral 19.8657 | recons_loss: 0.16389 | sparse_loss: 1.03344 | 
2025-09-05 18:49:00,294 [INFO] [Iter 178] LR: 0.00000001
2025-09-05 18:49:00,296 [INFO] No improvement: current loss 886.927230, best loss 886.927312
2025-09-05 18:49:00,558 [INFO] [179/300] loss 886.927 | compact 6.94403 | spectral 19.8657 | recons_loss: 0.16389 | sparse_loss: 1.03344 | 
2025-09-05 18:49:00,558 [INFO] [Iter 179] LR: 0.00000001
2025-09-05 18:49:00,561 [INFO] No improvement: current loss 886.927225, best loss 886.927312
2025-09-05 18:49:00,824 [INFO] [180/300] loss 886.927 | compact 6.94403 | spectral 19.8657 | recons_loss: 0.16389 | sparse_loss: 1.03344 | 
2025-09-05 18:49:00,825 [INFO] [Iter 180] LR: 0.00000001
2025-09-05 18:49:00,826 [INFO] No improvement: current loss 886.927221, best loss 886.927312
2025-09-05 18:49:01,084 [INFO] [181/300] loss 886.927 | compact 6.94403 | spectral 19.8657 | recons_loss: 0.16389 | sparse_loss: 1.03344 | 
2025-09-05 18:49:01,084 [INFO] [Iter 181] LR: 0.00000001
2025-09-05 18:49:01,085 [INFO] No improvement: current loss 886.927218, best loss 886.927312
2025-09-05 18:49:01,357 [INFO] [182/300] loss 886.927 | compact 6.94403 | spectral 19.8657 | recons_loss: 0.16389 | sparse_loss: 1.03344 | 
2025-09-05 18:49:01,357 [INFO] [Iter 182] LR: 0.00000001
2025-09-05 18:49:01,359 [INFO] No improvement: current loss 886.927215, best loss 886.927312
2025-09-05 18:49:01,615 [INFO] [183/300] loss 886.927 | compact 6.94403 | spectral 19.8657 | recons_loss: 0.16389 | sparse_loss: 1.03344 | 
2025-09-05 18:49:01,616 [INFO] [Iter 183] LR: 0.00000001
2025-09-05 18:49:01,617 [INFO] Saving best model at iteration 183
2025-09-05 18:49:01,875 [INFO] [184/300] loss 886.927 | compact 6.94403 | spectral 19.8657 | recons_loss: 0.16389 | sparse_loss: 1.03344 | 
2025-09-05 18:49:01,876 [INFO] [Iter 184] LR: 0.00000001
2025-09-05 18:49:01,878 [INFO] No improvement: current loss 886.927209, best loss 886.927212
2025-09-05 18:49:02,140 [INFO] [185/300] loss 886.927 | compact 6.94403 | spectral 19.8657 | recons_loss: 0.16389 | sparse_loss: 1.03344 | 
2025-09-05 18:49:02,140 [INFO] [Iter 185] LR: 0.00000001
2025-09-05 18:49:02,142 [INFO] No improvement: current loss 886.927207, best loss 886.927212
2025-09-05 18:49:02,416 [INFO] [186/300] loss 886.927 | compact 6.94403 | spectral 19.8657 | recons_loss: 0.16389 | sparse_loss: 1.03344 | 
2025-09-05 18:49:02,416 [INFO] [Iter 186] LR: 0.00000001
2025-09-05 18:49:02,418 [INFO] No improvement: current loss 886.927204, best loss 886.927212
2025-09-05 18:49:02,676 [INFO] [187/300] loss 886.927 | compact 6.94403 | spectral 19.8657 | recons_loss: 0.16389 | sparse_loss: 1.03344 | 
2025-09-05 18:49:02,677 [INFO] [Iter 187] LR: 0.00000001
2025-09-05 18:49:02,679 [INFO] No improvement: current loss 886.927202, best loss 886.927212
2025-09-05 18:49:02,935 [INFO] [188/300] loss 886.927 | compact 6.94403 | spectral 19.8657 | recons_loss: 0.16389 | sparse_loss: 1.03344 | 
2025-09-05 18:49:02,935 [INFO] [Iter 188] LR: 0.00000001
2025-09-05 18:49:02,936 [INFO] No improvement: current loss 886.927195, best loss 886.927212
2025-09-05 18:49:03,192 [INFO] [189/300] loss 886.927 | compact 6.94403 | spectral 19.8657 | recons_loss: 0.16389 | sparse_loss: 1.03344 | 
2025-09-05 18:49:03,193 [INFO] [Iter 189] LR: 0.00000001
2025-09-05 18:49:03,194 [INFO] No improvement: current loss 886.927194, best loss 886.927212
2025-09-05 18:49:03,450 [INFO] [190/300] loss 886.927 | compact 6.94403 | spectral 19.8657 | recons_loss: 0.16389 | sparse_loss: 1.03344 | 
2025-09-05 18:49:03,451 [INFO] [Iter 190] LR: 0.00000001
2025-09-05 18:49:03,452 [INFO] No improvement: current loss 886.927193, best loss 886.927212
2025-09-05 18:49:03,722 [INFO] [191/300] loss 886.927 | compact 6.94403 | spectral 19.8657 | recons_loss: 0.16389 | sparse_loss: 1.03344 | 
2025-09-05 18:49:03,723 [INFO] [Iter 191] LR: 0.00000001
2025-09-05 18:49:03,725 [INFO] No improvement: current loss 886.927192, best loss 886.927212
2025-09-05 18:49:03,997 [INFO] [192/300] loss 886.927 | compact 6.94403 | spectral 19.8657 | recons_loss: 0.16389 | sparse_loss: 1.03344 | 
2025-09-05 18:49:03,997 [INFO] [Iter 192] LR: 0.00000001
2025-09-05 18:49:03,999 [INFO] No improvement: current loss 886.927191, best loss 886.927212
2025-09-05 18:49:04,260 [INFO] [193/300] loss 886.927 | compact 6.94403 | spectral 19.8657 | recons_loss: 0.16389 | sparse_loss: 1.03344 | 
2025-09-05 18:49:04,260 [INFO] [Iter 193] LR: 0.00000001
2025-09-05 18:49:04,262 [INFO] No improvement: current loss 886.927191, best loss 886.927212
2025-09-05 18:49:04,519 [INFO] [194/300] loss 886.927 | compact 6.94403 | spectral 19.8657 | recons_loss: 0.16389 | sparse_loss: 1.03344 | 
2025-09-05 18:49:04,519 [INFO] [Iter 194] LR: 0.00000001
2025-09-05 18:49:04,522 [INFO] No improvement: current loss 886.927190, best loss 886.927212
2025-09-05 18:49:04,778 [INFO] [195/300] loss 886.927 | compact 6.94403 | spectral 19.8657 | recons_loss: 0.16389 | sparse_loss: 1.03344 | 
2025-09-05 18:49:04,779 [INFO] [Iter 195] LR: 0.00000001
2025-09-05 18:49:04,780 [INFO] No improvement: current loss 886.927190, best loss 886.927212
2025-09-05 18:49:05,035 [INFO] [196/300] loss 886.927 | compact 6.94403 | spectral 19.8657 | recons_loss: 0.16389 | sparse_loss: 1.03344 | 
2025-09-05 18:49:05,036 [INFO] [Iter 196] LR: 0.00000001
2025-09-05 18:49:05,037 [INFO] No improvement: current loss 886.927189, best loss 886.927212
2025-09-05 18:49:05,293 [INFO] [197/300] loss 886.927 | compact 6.94403 | spectral 19.8657 | recons_loss: 0.16389 | sparse_loss: 1.03344 | 
2025-09-05 18:49:05,294 [INFO] [Iter 197] LR: 0.00000001
2025-09-05 18:49:05,295 [INFO] No improvement: current loss 886.927189, best loss 886.927212
2025-09-05 18:49:05,552 [INFO] [198/300] loss 886.927 | compact 6.94403 | spectral 19.8657 | recons_loss: 0.16389 | sparse_loss: 1.03344 | 
2025-09-05 18:49:05,553 [INFO] [Iter 198] LR: 0.00000001
2025-09-05 18:49:05,555 [INFO] No improvement: current loss 886.927188, best loss 886.927212
2025-09-05 18:49:05,813 [INFO] [199/300] loss 886.927 | compact 6.94403 | spectral 19.8657 | recons_loss: 0.16389 | sparse_loss: 1.03344 | 
2025-09-05 18:49:05,813 [INFO] [Iter 199] LR: 0.00000001
2025-09-05 18:49:05,814 [INFO] No improvement: current loss 886.927188, best loss 886.927212
2025-09-05 18:49:05,877 [INFO] H: 160, W: 150
2025-09-05 18:49:05,968 [INFO] [0 1 2 3 4 5 6]
2025-09-05 18:49:06,112 [INFO] y_target: [1 2 3 4 5 6 7]
2025-09-05 18:49:06,112 [INFO] y_predict: [0 1 2 3 4 5 6]
2025-09-05 18:49:06,261 [INFO] Epoch = 200 OA = 0.8427 Kappa = 0.8145 NMI = 0.7446
2025-09-05 18:49:06,470 [INFO] [200/300] loss 886.927 | compact 6.94403 | spectral 19.8657 | recons_loss: 0.16389 | sparse_loss: 1.03344 | 
2025-09-05 18:49:06,470 [INFO] [Iter 200] LR: 0.00000001
2025-09-05 18:49:06,472 [INFO] No improvement: current loss 886.927188, best loss 886.927212
2025-09-05 18:49:06,727 [INFO] [201/300] loss 886.927 | compact 6.94403 | spectral 19.8657 | recons_loss: 0.16389 | sparse_loss: 1.03344 | 
2025-09-05 18:49:06,728 [INFO] [Iter 201] LR: 0.00000001
2025-09-05 18:49:06,729 [INFO] No improvement: current loss 886.927187, best loss 886.927212
2025-09-05 18:49:06,984 [INFO] [202/300] loss 886.927 | compact 6.94403 | spectral 19.8657 | recons_loss: 0.16389 | sparse_loss: 1.03344 | 
2025-09-05 18:49:06,984 [INFO] [Iter 202] LR: 0.00000001
2025-09-05 18:49:06,985 [INFO] No improvement: current loss 886.927187, best loss 886.927212
2025-09-05 18:49:07,261 [INFO] [203/300] loss 886.927 | compact 6.94403 | spectral 19.8657 | recons_loss: 0.16389 | sparse_loss: 1.03344 | 
2025-09-05 18:49:07,262 [INFO] [Iter 203] LR: 0.00000001
2025-09-05 18:49:07,263 [INFO] No improvement: current loss 886.927187, best loss 886.927212
2025-09-05 18:49:07,518 [INFO] [204/300] loss 886.927 | compact 6.94403 | spectral 19.8657 | recons_loss: 0.16389 | sparse_loss: 1.03344 | 
2025-09-05 18:49:07,520 [INFO] [Iter 204] LR: 0.00000001
2025-09-05 18:49:07,522 [INFO] No improvement: current loss 886.927187, best loss 886.927212
2025-09-05 18:49:07,795 [INFO] [205/300] loss 886.927 | compact 6.94403 | spectral 19.8657 | recons_loss: 0.16389 | sparse_loss: 1.03344 | 
2025-09-05 18:49:07,796 [INFO] [Iter 205] LR: 0.00000001
2025-09-05 18:49:07,797 [INFO] No improvement: current loss 886.927187, best loss 886.927212
2025-09-05 18:49:08,052 [INFO] [206/300] loss 886.927 | compact 6.94403 | spectral 19.8657 | recons_loss: 0.16389 | sparse_loss: 1.03344 | 
2025-09-05 18:49:08,052 [INFO] [Iter 206] LR: 0.00000001
2025-09-05 18:49:08,054 [INFO] No improvement: current loss 886.927186, best loss 886.927212
2025-09-05 18:49:08,310 [INFO] [207/300] loss 886.927 | compact 6.94403 | spectral 19.8657 | recons_loss: 0.16389 | sparse_loss: 1.03344 | 
2025-09-05 18:49:08,310 [INFO] [Iter 207] LR: 0.00000001
2025-09-05 18:49:08,311 [INFO] No improvement: current loss 886.927186, best loss 886.927212
2025-09-05 18:49:08,580 [INFO] [208/300] loss 886.927 | compact 6.94403 | spectral 19.8657 | recons_loss: 0.16389 | sparse_loss: 1.03344 | 
2025-09-05 18:49:08,580 [INFO] [Iter 208] LR: 0.00000001
2025-09-05 18:49:08,581 [INFO] No improvement: current loss 886.927186, best loss 886.927212
2025-09-05 18:49:08,845 [INFO] [209/300] loss 886.927 | compact 6.94403 | spectral 19.8657 | recons_loss: 0.16389 | sparse_loss: 1.03344 | 
2025-09-05 18:49:08,845 [INFO] [Iter 209] LR: 0.00000001
2025-09-05 18:49:08,847 [INFO] No improvement: current loss 886.927186, best loss 886.927212
2025-09-05 18:49:09,107 [INFO] [210/300] loss 886.927 | compact 6.94403 | spectral 19.8657 | recons_loss: 0.16389 | sparse_loss: 1.03344 | 
2025-09-05 18:49:09,107 [INFO] [Iter 210] LR: 0.00000001
2025-09-05 18:49:09,108 [INFO] No improvement: current loss 886.927186, best loss 886.927212
2025-09-05 18:49:09,363 [INFO] [211/300] loss 886.927 | compact 6.94403 | spectral 19.8657 | recons_loss: 0.16389 | sparse_loss: 1.03344 | 
2025-09-05 18:49:09,364 [INFO] [Iter 211] LR: 0.00000001
2025-09-05 18:49:09,367 [INFO] No improvement: current loss 886.927186, best loss 886.927212
2025-09-05 18:49:09,636 [INFO] [212/300] loss 886.927 | compact 6.94403 | spectral 19.8657 | recons_loss: 0.16389 | sparse_loss: 1.03344 | 
2025-09-05 18:49:09,637 [INFO] [Iter 212] LR: 0.00000001
2025-09-05 18:49:09,638 [INFO] No improvement: current loss 886.927186, best loss 886.927212
2025-09-05 18:49:09,895 [INFO] [213/300] loss 886.927 | compact 6.94403 | spectral 19.8657 | recons_loss: 0.16389 | sparse_loss: 1.03344 | 
2025-09-05 18:49:09,896 [INFO] [Iter 213] LR: 0.00000001
2025-09-05 18:49:09,898 [INFO] No improvement: current loss 886.927180, best loss 886.927212
2025-09-05 18:49:10,153 [INFO] [214/300] loss 886.927 | compact 6.94403 | spectral 19.8657 | recons_loss: 0.16389 | sparse_loss: 1.03344 | 
2025-09-05 18:49:10,153 [INFO] [Iter 214] LR: 0.00000001
2025-09-05 18:49:10,156 [INFO] No improvement: current loss 886.927180, best loss 886.927212
2025-09-05 18:49:10,412 [INFO] [215/300] loss 886.927 | compact 6.94403 | spectral 19.8657 | recons_loss: 0.16389 | sparse_loss: 1.03344 | 
2025-09-05 18:49:10,412 [INFO] [Iter 215] LR: 0.00000001
2025-09-05 18:49:10,413 [INFO] No improvement: current loss 886.927181, best loss 886.927212
2025-09-05 18:49:10,668 [INFO] [216/300] loss 886.927 | compact 6.94403 | spectral 19.8657 | recons_loss: 0.16389 | sparse_loss: 1.03344 | 
2025-09-05 18:49:10,669 [INFO] [Iter 216] LR: 0.00000001
2025-09-05 18:49:10,671 [INFO] No improvement: current loss 886.927181, best loss 886.927212
2025-09-05 18:49:10,931 [INFO] [217/300] loss 886.927 | compact 6.94403 | spectral 19.8657 | recons_loss: 0.16389 | sparse_loss: 1.03344 | 
2025-09-05 18:49:10,931 [INFO] [Iter 217] LR: 0.00000001
2025-09-05 18:49:10,932 [INFO] No improvement: current loss 886.927182, best loss 886.927212
2025-09-05 18:49:11,187 [INFO] [218/300] loss 886.927 | compact 6.94403 | spectral 19.8657 | recons_loss: 0.16389 | sparse_loss: 1.03344 | 
2025-09-05 18:49:11,188 [INFO] [Iter 218] LR: 0.00000001
2025-09-05 18:49:11,190 [INFO] No improvement: current loss 886.927182, best loss 886.927212
2025-09-05 18:49:11,444 [INFO] [219/300] loss 886.927 | compact 6.94403 | spectral 19.8657 | recons_loss: 0.16389 | sparse_loss: 1.03344 | 
2025-09-05 18:49:11,444 [INFO] [Iter 219] LR: 0.00000001
2025-09-05 18:49:11,446 [INFO] No improvement: current loss 886.927182, best loss 886.927212
2025-09-05 18:49:11,701 [INFO] [220/300] loss 886.927 | compact 6.94403 | spectral 19.8657 | recons_loss: 0.16389 | sparse_loss: 1.03344 | 
2025-09-05 18:49:11,702 [INFO] [Iter 220] LR: 0.00000001
2025-09-05 18:49:11,704 [INFO] No improvement: current loss 886.927182, best loss 886.927212
2025-09-05 18:49:11,959 [INFO] [221/300] loss 886.927 | compact 6.94403 | spectral 19.8657 | recons_loss: 0.16389 | sparse_loss: 1.03344 | 
2025-09-05 18:49:11,959 [INFO] [Iter 221] LR: 0.00000001
2025-09-05 18:49:11,960 [INFO] No improvement: current loss 886.927183, best loss 886.927212
2025-09-05 18:49:12,227 [INFO] [222/300] loss 886.927 | compact 6.94403 | spectral 19.8657 | recons_loss: 0.16389 | sparse_loss: 1.03344 | 
2025-09-05 18:49:12,227 [INFO] [Iter 222] LR: 0.00000001
2025-09-05 18:49:12,229 [INFO] No improvement: current loss 886.927183, best loss 886.927212
2025-09-05 18:49:12,483 [INFO] [223/300] loss 886.927 | compact 6.94403 | spectral 19.8657 | recons_loss: 0.16389 | sparse_loss: 1.03344 | 
2025-09-05 18:49:12,483 [INFO] [Iter 223] LR: 0.00000001
2025-09-05 18:49:12,486 [INFO] No improvement: current loss 886.927183, best loss 886.927212
2025-09-05 18:49:12,744 [INFO] [224/300] loss 886.927 | compact 6.94403 | spectral 19.8657 | recons_loss: 0.16389 | sparse_loss: 1.03344 | 
2025-09-05 18:49:12,744 [INFO] [Iter 224] LR: 0.00000001
2025-09-05 18:49:12,745 [INFO] No improvement: current loss 886.927183, best loss 886.927212
2025-09-05 18:49:13,000 [INFO] [225/300] loss 886.927 | compact 6.94403 | spectral 19.8657 | recons_loss: 0.16389 | sparse_loss: 1.03344 | 
2025-09-05 18:49:13,001 [INFO] [Iter 225] LR: 0.00000001
2025-09-05 18:49:13,002 [INFO] No improvement: current loss 886.927184, best loss 886.927212
2025-09-05 18:49:13,259 [INFO] [226/300] loss 886.927 | compact 6.94403 | spectral 19.8657 | recons_loss: 0.16389 | sparse_loss: 1.03344 | 
2025-09-05 18:49:13,260 [INFO] [Iter 226] LR: 0.00000001
2025-09-05 18:49:13,261 [INFO] No improvement: current loss 886.927184, best loss 886.927212
2025-09-05 18:49:13,520 [INFO] [227/300] loss 886.927 | compact 6.94403 | spectral 19.8657 | recons_loss: 0.16389 | sparse_loss: 1.03344 | 
2025-09-05 18:49:13,521 [INFO] [Iter 227] LR: 0.00000001
2025-09-05 18:49:13,522 [INFO] No improvement: current loss 886.927184, best loss 886.927212
2025-09-05 18:49:13,781 [INFO] [228/300] loss 886.927 | compact 6.94403 | spectral 19.8657 | recons_loss: 0.16389 | sparse_loss: 1.03344 | 
2025-09-05 18:49:13,782 [INFO] [Iter 228] LR: 0.00000001
2025-09-05 18:49:13,783 [INFO] No improvement: current loss 886.927178, best loss 886.927212
2025-09-05 18:49:14,045 [INFO] [229/300] loss 886.927 | compact 6.94403 | spectral 19.8657 | recons_loss: 0.16389 | sparse_loss: 1.03344 | 
2025-09-05 18:49:14,046 [INFO] [Iter 229] LR: 0.00000001
2025-09-05 18:49:14,047 [INFO] No improvement: current loss 886.927179, best loss 886.927212
2025-09-05 18:49:14,303 [INFO] [230/300] loss 886.927 | compact 6.94403 | spectral 19.8657 | recons_loss: 0.16389 | sparse_loss: 1.03344 | 
2025-09-05 18:49:14,304 [INFO] [Iter 230] LR: 0.00000001
2025-09-05 18:49:14,305 [INFO] No improvement: current loss 886.927179, best loss 886.927212
2025-09-05 18:49:14,582 [INFO] [231/300] loss 886.927 | compact 6.94403 | spectral 19.8657 | recons_loss: 0.16389 | sparse_loss: 1.03344 | 
2025-09-05 18:49:14,582 [INFO] [Iter 231] LR: 0.00000001
2025-09-05 18:49:14,584 [INFO] No improvement: current loss 886.927180, best loss 886.927212
2025-09-05 18:49:14,849 [INFO] [232/300] loss 886.927 | compact 6.94403 | spectral 19.8657 | recons_loss: 0.16389 | sparse_loss: 1.03344 | 
2025-09-05 18:49:14,850 [INFO] [Iter 232] LR: 0.00000001
2025-09-05 18:49:14,851 [INFO] No improvement: current loss 886.927180, best loss 886.927212
2025-09-05 18:49:15,115 [INFO] [233/300] loss 886.927 | compact 6.94403 | spectral 19.8657 | recons_loss: 0.16389 | sparse_loss: 1.03344 | 
2025-09-05 18:49:15,116 [INFO] [Iter 233] LR: 0.00000001
2025-09-05 18:49:15,117 [INFO] No improvement: current loss 886.927181, best loss 886.927212
2025-09-05 18:49:15,391 [INFO] [234/300] loss 886.927 | compact 6.94403 | spectral 19.8657 | recons_loss: 0.16389 | sparse_loss: 1.03344 | 
2025-09-05 18:49:15,392 [INFO] [Iter 234] LR: 0.00000001
2025-09-05 18:49:15,393 [INFO] No improvement: current loss 886.927181, best loss 886.927212
2025-09-05 18:49:15,656 [INFO] [235/300] loss 886.927 | compact 6.94403 | spectral 19.8657 | recons_loss: 0.16389 | sparse_loss: 1.03344 | 
2025-09-05 18:49:15,656 [INFO] [Iter 235] LR: 0.00000001
2025-09-05 18:49:15,658 [INFO] No improvement: current loss 886.927182, best loss 886.927212
2025-09-05 18:49:15,923 [INFO] [236/300] loss 886.927 | compact 6.94403 | spectral 19.8657 | recons_loss: 0.16389 | sparse_loss: 1.03344 | 
2025-09-05 18:49:15,923 [INFO] [Iter 236] LR: 0.00000001
2025-09-05 18:49:15,924 [INFO] No improvement: current loss 886.927182, best loss 886.927212
2025-09-05 18:49:16,188 [INFO] [237/300] loss 886.927 | compact 6.94403 | spectral 19.8657 | recons_loss: 0.16389 | sparse_loss: 1.03344 | 
2025-09-05 18:49:16,188 [INFO] [Iter 237] LR: 0.00000001
2025-09-05 18:49:16,190 [INFO] No improvement: current loss 886.927182, best loss 886.927212
2025-09-05 18:49:16,483 [INFO] [238/300] loss 886.927 | compact 6.94403 | spectral 19.8657 | recons_loss: 0.16389 | sparse_loss: 1.03344 | 
2025-09-05 18:49:16,484 [INFO] [Iter 238] LR: 0.00000001
2025-09-05 18:49:16,485 [INFO] No improvement: current loss 886.927183, best loss 886.927212
2025-09-05 18:49:16,758 [INFO] [239/300] loss 886.927 | compact 6.94403 | spectral 19.8657 | recons_loss: 0.16389 | sparse_loss: 1.03344 | 
2025-09-05 18:49:16,758 [INFO] [Iter 239] LR: 0.00000001
2025-09-05 18:49:16,759 [INFO] No improvement: current loss 886.927183, best loss 886.927212
2025-09-05 18:49:17,029 [INFO] [240/300] loss 886.927 | compact 6.94403 | spectral 19.8657 | recons_loss: 0.16389 | sparse_loss: 1.03344 | 
2025-09-05 18:49:17,029 [INFO] [Iter 240] LR: 0.00000001
2025-09-05 18:49:17,033 [INFO] No improvement: current loss 886.927183, best loss 886.927212
2025-09-05 18:49:17,300 [INFO] [241/300] loss 886.927 | compact 6.94403 | spectral 19.8657 | recons_loss: 0.16389 | sparse_loss: 1.03344 | 
2025-09-05 18:49:17,301 [INFO] [Iter 241] LR: 0.00000001
2025-09-05 18:49:17,303 [INFO] No improvement: current loss 886.927183, best loss 886.927212
2025-09-05 18:49:17,574 [INFO] [242/300] loss 886.927 | compact 6.94403 | spectral 19.8657 | recons_loss: 0.16389 | sparse_loss: 1.03344 | 
2025-09-05 18:49:17,575 [INFO] [Iter 242] LR: 0.00000001
2025-09-05 18:49:17,576 [INFO] No improvement: current loss 886.927183, best loss 886.927212
2025-09-05 18:49:17,902 [INFO] [243/300] loss 886.927 | compact 6.94403 | spectral 19.8657 | recons_loss: 0.16389 | sparse_loss: 1.03344 | 
2025-09-05 18:49:17,902 [INFO] [Iter 243] LR: 0.00000001
2025-09-05 18:49:17,904 [INFO] No improvement: current loss 886.927184, best loss 886.927212
2025-09-05 18:49:18,174 [INFO] [244/300] loss 886.927 | compact 6.94403 | spectral 19.8657 | recons_loss: 0.16389 | sparse_loss: 1.03344 | 
2025-09-05 18:49:18,174 [INFO] [Iter 244] LR: 0.00000001
2025-09-05 18:49:18,177 [INFO] No improvement: current loss 886.927184, best loss 886.927212
2025-09-05 18:49:18,440 [INFO] [245/300] loss 886.927 | compact 6.94403 | spectral 19.8657 | recons_loss: 0.16389 | sparse_loss: 1.03344 | 
2025-09-05 18:49:18,440 [INFO] [Iter 245] LR: 0.00000001
2025-09-05 18:49:18,441 [INFO] No improvement: current loss 886.927184, best loss 886.927212
2025-09-05 18:49:18,698 [INFO] [246/300] loss 886.927 | compact 6.94403 | spectral 19.8657 | recons_loss: 0.16389 | sparse_loss: 1.03344 | 
2025-09-05 18:49:18,699 [INFO] [Iter 246] LR: 0.00000001
2025-09-05 18:49:18,700 [INFO] No improvement: current loss 886.927184, best loss 886.927212
2025-09-05 18:49:18,962 [INFO] [247/300] loss 886.927 | compact 6.94403 | spectral 19.8657 | recons_loss: 0.16389 | sparse_loss: 1.03344 | 
2025-09-05 18:49:18,962 [INFO] [Iter 247] LR: 0.00000001
2025-09-05 18:49:18,965 [INFO] No improvement: current loss 886.927184, best loss 886.927212
2025-09-05 18:49:19,236 [INFO] [248/300] loss 886.927 | compact 6.94403 | spectral 19.8657 | recons_loss: 0.16389 | sparse_loss: 1.03344 | 
2025-09-05 18:49:19,237 [INFO] [Iter 248] LR: 0.00000001
2025-09-05 18:49:19,239 [INFO] No improvement: current loss 886.927184, best loss 886.927212
2025-09-05 18:49:19,509 [INFO] [249/300] loss 886.927 | compact 6.94403 | spectral 19.8657 | recons_loss: 0.16389 | sparse_loss: 1.03344 | 
2025-09-05 18:49:19,509 [INFO] [Iter 249] LR: 0.00000001
2025-09-05 18:49:19,510 [INFO] No improvement: current loss 886.927184, best loss 886.927212
2025-09-05 18:49:19,596 [INFO] H: 160, W: 150
2025-09-05 18:49:19,831 [INFO] [0 1 2 3 4 5 6]
2025-09-05 18:49:20,006 [INFO] y_target: [1 2 3 4 5 6 7]
2025-09-05 18:49:20,006 [INFO] y_predict: [0 1 2 3 4 5 6]
2025-09-05 18:49:20,165 [INFO] Epoch = 250 OA = 0.8427 Kappa = 0.8145 NMI = 0.7446
2025-09-05 18:49:20,377 [INFO] [250/300] loss 886.927 | compact 6.94403 | spectral 19.8657 | recons_loss: 0.16389 | sparse_loss: 1.03344 | 
2025-09-05 18:49:20,378 [INFO] [Iter 250] LR: 0.00000001
2025-09-05 18:49:20,379 [INFO] No improvement: current loss 886.927184, best loss 886.927212
2025-09-05 18:49:20,646 [INFO] [251/300] loss 886.927 | compact 6.94403 | spectral 19.8657 | recons_loss: 0.16389 | sparse_loss: 1.03344 | 
2025-09-05 18:49:20,646 [INFO] [Iter 251] LR: 0.00000001
2025-09-05 18:49:20,647 [INFO] No improvement: current loss 886.927184, best loss 886.927212
2025-09-05 18:49:20,902 [INFO] [252/300] loss 886.927 | compact 6.94403 | spectral 19.8657 | recons_loss: 0.16389 | sparse_loss: 1.03344 | 
2025-09-05 18:49:20,903 [INFO] [Iter 252] LR: 0.00000001
2025-09-05 18:49:20,904 [INFO] No improvement: current loss 886.927184, best loss 886.927212
2025-09-05 18:49:21,166 [INFO] [253/300] loss 886.927 | compact 6.94403 | spectral 19.8657 | recons_loss: 0.16389 | sparse_loss: 1.03344 | 
2025-09-05 18:49:21,166 [INFO] [Iter 253] LR: 0.00000001
2025-09-05 18:49:21,167 [INFO] No improvement: current loss 886.927185, best loss 886.927212
2025-09-05 18:49:21,434 [INFO] [254/300] loss 886.927 | compact 6.94403 | spectral 19.8657 | recons_loss: 0.16389 | sparse_loss: 1.03344 | 
2025-09-05 18:49:21,435 [INFO] [Iter 254] LR: 0.00000001
2025-09-05 18:49:21,436 [INFO] No improvement: current loss 886.927185, best loss 886.927212
2025-09-05 18:49:21,700 [INFO] [255/300] loss 886.927 | compact 6.94403 | spectral 19.8657 | recons_loss: 0.16389 | sparse_loss: 1.03344 | 
2025-09-05 18:49:21,700 [INFO] [Iter 255] LR: 0.00000001
2025-09-05 18:49:21,701 [INFO] No improvement: current loss 886.927185, best loss 886.927212
2025-09-05 18:49:21,970 [INFO] [256/300] loss 886.927 | compact 6.94403 | spectral 19.8657 | recons_loss: 0.16389 | sparse_loss: 1.03344 | 
2025-09-05 18:49:21,971 [INFO] [Iter 256] LR: 0.00000001
2025-09-05 18:49:21,972 [INFO] No improvement: current loss 886.927185, best loss 886.927212
2025-09-05 18:49:22,240 [INFO] [257/300] loss 886.927 | compact 6.94403 | spectral 19.8657 | recons_loss: 0.16389 | sparse_loss: 1.03344 | 
2025-09-05 18:49:22,240 [INFO] [Iter 257] LR: 0.00000001
2025-09-05 18:49:22,242 [INFO] No improvement: current loss 886.927185, best loss 886.927212
2025-09-05 18:49:22,499 [INFO] [258/300] loss 886.927 | compact 6.94403 | spectral 19.8657 | recons_loss: 0.16389 | sparse_loss: 1.03344 | 
2025-09-05 18:49:22,500 [INFO] [Iter 258] LR: 0.00000001
2025-09-05 18:49:22,501 [INFO] No improvement: current loss 886.927185, best loss 886.927212
2025-09-05 18:49:22,778 [INFO] [259/300] loss 886.927 | compact 6.94403 | spectral 19.8657 | recons_loss: 0.16389 | sparse_loss: 1.03344 | 
2025-09-05 18:49:22,778 [INFO] [Iter 259] LR: 0.00000001
2025-09-05 18:49:22,779 [INFO] No improvement: current loss 886.927185, best loss 886.927212
2025-09-05 18:49:23,050 [INFO] [260/300] loss 886.927 | compact 6.94403 | spectral 19.8657 | recons_loss: 0.16389 | sparse_loss: 1.03344 | 
2025-09-05 18:49:23,050 [INFO] [Iter 260] LR: 0.00000001
2025-09-05 18:49:23,052 [INFO] No improvement: current loss 886.927185, best loss 886.927212
2025-09-05 18:49:23,322 [INFO] [261/300] loss 886.927 | compact 6.94403 | spectral 19.8657 | recons_loss: 0.16389 | sparse_loss: 1.03344 | 
2025-09-05 18:49:23,323 [INFO] [Iter 261] LR: 0.00000001
2025-09-05 18:49:23,324 [INFO] No improvement: current loss 886.927185, best loss 886.927212
2025-09-05 18:49:23,580 [INFO] [262/300] loss 886.927 | compact 6.94403 | spectral 19.8657 | recons_loss: 0.16389 | sparse_loss: 1.03344 | 
2025-09-05 18:49:23,581 [INFO] [Iter 262] LR: 0.00000001
2025-09-05 18:49:23,582 [INFO] No improvement: current loss 886.927185, best loss 886.927212
2025-09-05 18:49:23,838 [INFO] [263/300] loss 886.927 | compact 6.94403 | spectral 19.8657 | recons_loss: 0.16389 | sparse_loss: 1.03344 | 
2025-09-05 18:49:23,839 [INFO] [Iter 263] LR: 0.00000001
2025-09-05 18:49:23,840 [INFO] No improvement: current loss 886.927185, best loss 886.927212
2025-09-05 18:49:24,095 [INFO] [264/300] loss 886.927 | compact 6.94403 | spectral 19.8657 | recons_loss: 0.16389 | sparse_loss: 1.03344 | 
2025-09-05 18:49:24,096 [INFO] [Iter 264] LR: 0.00000001
2025-09-05 18:49:24,097 [INFO] No improvement: current loss 886.927179, best loss 886.927212
2025-09-05 18:49:24,357 [INFO] [265/300] loss 886.927 | compact 6.94403 | spectral 19.8657 | recons_loss: 0.16389 | sparse_loss: 1.03344 | 
2025-09-05 18:49:24,357 [INFO] [Iter 265] LR: 0.00000001
2025-09-05 18:49:24,358 [INFO] No improvement: current loss 886.927179, best loss 886.927212
2025-09-05 18:49:24,626 [INFO] [266/300] loss 886.927 | compact 6.94403 | spectral 19.8657 | recons_loss: 0.16389 | sparse_loss: 1.03344 | 
2025-09-05 18:49:24,626 [INFO] [Iter 266] LR: 0.00000001
2025-09-05 18:49:24,629 [INFO] No improvement: current loss 886.927180, best loss 886.927212
2025-09-05 18:49:24,895 [INFO] [267/300] loss 886.927 | compact 6.94403 | spectral 19.8657 | recons_loss: 0.16389 | sparse_loss: 1.03344 | 
2025-09-05 18:49:24,896 [INFO] [Iter 267] LR: 0.00000001
2025-09-05 18:49:24,897 [INFO] No improvement: current loss 886.927180, best loss 886.927212
2025-09-05 18:49:25,158 [INFO] [268/300] loss 886.927 | compact 6.94403 | spectral 19.8657 | recons_loss: 0.16389 | sparse_loss: 1.03344 | 
2025-09-05 18:49:25,159 [INFO] [Iter 268] LR: 0.00000001
2025-09-05 18:49:25,161 [INFO] No improvement: current loss 886.927181, best loss 886.927212
2025-09-05 18:49:25,419 [INFO] [269/300] loss 886.927 | compact 6.94403 | spectral 19.8657 | recons_loss: 0.16389 | sparse_loss: 1.03344 | 
2025-09-05 18:49:25,419 [INFO] [Iter 269] LR: 0.00000001
2025-09-05 18:49:25,421 [INFO] No improvement: current loss 886.927181, best loss 886.927212
2025-09-05 18:49:25,684 [INFO] [270/300] loss 886.927 | compact 6.94403 | spectral 19.8657 | recons_loss: 0.16389 | sparse_loss: 1.03344 | 
2025-09-05 18:49:25,685 [INFO] [Iter 270] LR: 0.00000001
2025-09-05 18:49:25,686 [INFO] No improvement: current loss 886.927182, best loss 886.927212
2025-09-05 18:49:25,950 [INFO] [271/300] loss 886.927 | compact 6.94403 | spectral 19.8657 | recons_loss: 0.16389 | sparse_loss: 1.03344 | 
2025-09-05 18:49:25,951 [INFO] [Iter 271] LR: 0.00000001
2025-09-05 18:49:25,952 [INFO] No improvement: current loss 886.927182, best loss 886.927212
2025-09-05 18:49:26,209 [INFO] [272/300] loss 886.927 | compact 6.94403 | spectral 19.8657 | recons_loss: 0.16389 | sparse_loss: 1.03344 | 
2025-09-05 18:49:26,210 [INFO] [Iter 272] LR: 0.00000001
2025-09-05 18:49:26,213 [INFO] No improvement: current loss 886.927182, best loss 886.927212
2025-09-05 18:49:26,473 [INFO] [273/300] loss 886.927 | compact 6.94403 | spectral 19.8657 | recons_loss: 0.16389 | sparse_loss: 1.03344 | 
2025-09-05 18:49:26,474 [INFO] [Iter 273] LR: 0.00000001
2025-09-05 18:49:26,475 [INFO] No improvement: current loss 886.927183, best loss 886.927212
2025-09-05 18:49:26,744 [INFO] [274/300] loss 886.927 | compact 6.94403 | spectral 19.8657 | recons_loss: 0.16389 | sparse_loss: 1.03344 | 
2025-09-05 18:49:26,745 [INFO] [Iter 274] LR: 0.00000001
2025-09-05 18:49:26,746 [INFO] No improvement: current loss 886.927183, best loss 886.927212
2025-09-05 18:49:27,002 [INFO] [275/300] loss 886.927 | compact 6.94403 | spectral 19.8657 | recons_loss: 0.16389 | sparse_loss: 1.03344 | 
2025-09-05 18:49:27,002 [INFO] [Iter 275] LR: 0.00000001
2025-09-05 18:49:27,005 [INFO] No improvement: current loss 886.927183, best loss 886.927212
2025-09-05 18:49:27,261 [INFO] [276/300] loss 886.927 | compact 6.94403 | spectral 19.8657 | recons_loss: 0.16389 | sparse_loss: 1.03344 | 
2025-09-05 18:49:27,261 [INFO] [Iter 276] LR: 0.00000001
2025-09-05 18:49:27,262 [INFO] No improvement: current loss 886.927183, best loss 886.927212
2025-09-05 18:49:27,518 [INFO] [277/300] loss 886.927 | compact 6.94403 | spectral 19.8657 | recons_loss: 0.16389 | sparse_loss: 1.03344 | 
2025-09-05 18:49:27,518 [INFO] [Iter 277] LR: 0.00000001
2025-09-05 18:49:27,521 [INFO] No improvement: current loss 886.927183, best loss 886.927212
2025-09-05 18:49:27,777 [INFO] [278/300] loss 886.927 | compact 6.94403 | spectral 19.8657 | recons_loss: 0.16389 | sparse_loss: 1.03344 | 
2025-09-05 18:49:27,777 [INFO] [Iter 278] LR: 0.00000001
2025-09-05 18:49:27,778 [INFO] No improvement: current loss 886.927184, best loss 886.927212
2025-09-05 18:49:28,045 [INFO] [279/300] loss 886.927 | compact 6.94403 | spectral 19.8657 | recons_loss: 0.16389 | sparse_loss: 1.03344 | 
2025-09-05 18:49:28,046 [INFO] [Iter 279] LR: 0.00000001
2025-09-05 18:49:28,047 [INFO] No improvement: current loss 886.927184, best loss 886.927212
2025-09-05 18:49:28,323 [INFO] [280/300] loss 886.927 | compact 6.94403 | spectral 19.8657 | recons_loss: 0.16389 | sparse_loss: 1.03344 | 
2025-09-05 18:49:28,323 [INFO] [Iter 280] LR: 0.00000001
2025-09-05 18:49:28,324 [INFO] No improvement: current loss 886.927184, best loss 886.927212
2025-09-05 18:49:28,584 [INFO] [281/300] loss 886.927 | compact 6.94403 | spectral 19.8657 | recons_loss: 0.16389 | sparse_loss: 1.03344 | 
2025-09-05 18:49:28,584 [INFO] [Iter 281] LR: 0.00000001
2025-09-05 18:49:28,586 [INFO] No improvement: current loss 886.927184, best loss 886.927212
2025-09-05 18:49:28,852 [INFO] [282/300] loss 886.927 | compact 6.94403 | spectral 19.8657 | recons_loss: 0.16389 | sparse_loss: 1.03344 | 
2025-09-05 18:49:28,852 [INFO] [Iter 282] LR: 0.00000001
2025-09-05 18:49:28,853 [INFO] No improvement: current loss 886.927184, best loss 886.927212
2025-09-05 18:49:29,113 [INFO] [283/300] loss 886.927 | compact 6.94403 | spectral 19.8657 | recons_loss: 0.16389 | sparse_loss: 1.03344 | 
2025-09-05 18:49:29,113 [INFO] [Iter 283] LR: 0.00000001
2025-09-05 18:49:29,115 [INFO] No improvement: current loss 886.927184, best loss 886.927212
2025-09-05 18:49:29,390 [INFO] [284/300] loss 886.927 | compact 6.94403 | spectral 19.8657 | recons_loss: 0.16389 | sparse_loss: 1.03344 | 
2025-09-05 18:49:29,391 [INFO] [Iter 284] LR: 0.00000001
2025-09-05 18:49:29,392 [INFO] No improvement: current loss 886.927184, best loss 886.927212
2025-09-05 18:49:29,673 [INFO] [285/300] loss 886.927 | compact 6.94403 | spectral 19.8657 | recons_loss: 0.16389 | sparse_loss: 1.03344 | 
2025-09-05 18:49:29,673 [INFO] [Iter 285] LR: 0.00000001
2025-09-05 18:49:29,674 [INFO] No improvement: current loss 886.927184, best loss 886.927212
2025-09-05 18:49:29,940 [INFO] [286/300] loss 886.927 | compact 6.94403 | spectral 19.8657 | recons_loss: 0.16389 | sparse_loss: 1.03344 | 
2025-09-05 18:49:29,941 [INFO] [Iter 286] LR: 0.00000001
2025-09-05 18:49:29,942 [INFO] No improvement: current loss 886.927184, best loss 886.927212
2025-09-05 18:49:30,205 [INFO] [287/300] loss 886.927 | compact 6.94403 | spectral 19.8657 | recons_loss: 0.16389 | sparse_loss: 1.03344 | 
2025-09-05 18:49:30,205 [INFO] [Iter 287] LR: 0.00000001
2025-09-05 18:49:30,206 [INFO] No improvement: current loss 886.927185, best loss 886.927212
2025-09-05 18:49:30,468 [INFO] [288/300] loss 886.927 | compact 6.94403 | spectral 19.8657 | recons_loss: 0.16389 | sparse_loss: 1.03344 | 
2025-09-05 18:49:30,468 [INFO] [Iter 288] LR: 0.00000001
2025-09-05 18:49:30,469 [INFO] No improvement: current loss 886.927185, best loss 886.927212
2025-09-05 18:49:30,737 [INFO] [289/300] loss 886.927 | compact 6.94403 | spectral 19.8657 | recons_loss: 0.16389 | sparse_loss: 1.03344 | 
2025-09-05 18:49:30,737 [INFO] [Iter 289] LR: 0.00000001
2025-09-05 18:49:30,738 [INFO] No improvement: current loss 886.927185, best loss 886.927212
2025-09-05 18:49:30,995 [INFO] [290/300] loss 886.927 | compact 6.94403 | spectral 19.8657 | recons_loss: 0.16389 | sparse_loss: 1.03344 | 
2025-09-05 18:49:30,996 [INFO] [Iter 290] LR: 0.00000001
2025-09-05 18:49:30,997 [INFO] No improvement: current loss 886.927185, best loss 886.927212
2025-09-05 18:49:31,257 [INFO] [291/300] loss 886.927 | compact 6.94403 | spectral 19.8657 | recons_loss: 0.16389 | sparse_loss: 1.03344 | 
2025-09-05 18:49:31,258 [INFO] [Iter 291] LR: 0.00000001
2025-09-05 18:49:31,261 [INFO] No improvement: current loss 886.927185, best loss 886.927212
2025-09-05 18:49:31,520 [INFO] [292/300] loss 886.927 | compact 6.94403 | spectral 19.8657 | recons_loss: 0.16389 | sparse_loss: 1.03344 | 
2025-09-05 18:49:31,520 [INFO] [Iter 292] LR: 0.00000001
2025-09-05 18:49:31,522 [INFO] No improvement: current loss 886.927185, best loss 886.927212
2025-09-05 18:49:31,784 [INFO] [293/300] loss 886.927 | compact 6.94403 | spectral 19.8657 | recons_loss: 0.16389 | sparse_loss: 1.03344 | 
2025-09-05 18:49:31,785 [INFO] [Iter 293] LR: 0.00000001
2025-09-05 18:49:31,786 [INFO] No improvement: current loss 886.927185, best loss 886.927212
2025-09-05 18:49:32,042 [INFO] [294/300] loss 886.927 | compact 6.94403 | spectral 19.8657 | recons_loss: 0.16389 | sparse_loss: 1.03344 | 
2025-09-05 18:49:32,042 [INFO] [Iter 294] LR: 0.00000001
2025-09-05 18:49:32,044 [INFO] No improvement: current loss 886.927185, best loss 886.927212
2025-09-05 18:49:32,314 [INFO] [295/300] loss 886.927 | compact 6.94403 | spectral 19.8657 | recons_loss: 0.16389 | sparse_loss: 1.03344 | 
2025-09-05 18:49:32,314 [INFO] [Iter 295] LR: 0.00000001
2025-09-05 18:49:32,315 [INFO] No improvement: current loss 886.927185, best loss 886.927212
2025-09-05 18:49:32,571 [INFO] [296/300] loss 886.927 | compact 6.94403 | spectral 19.8657 | recons_loss: 0.16389 | sparse_loss: 1.03344 | 
2025-09-05 18:49:32,571 [INFO] [Iter 296] LR: 0.00000001
2025-09-05 18:49:32,572 [INFO] No improvement: current loss 886.927185, best loss 886.927212
2025-09-05 18:49:32,837 [INFO] [297/300] loss 886.927 | compact 6.94403 | spectral 19.8657 | recons_loss: 0.16389 | sparse_loss: 1.03344 | 
2025-09-05 18:49:32,838 [INFO] [Iter 297] LR: 0.00000001
2025-09-05 18:49:32,839 [INFO] No improvement: current loss 886.927185, best loss 886.927212
2025-09-05 18:49:33,097 [INFO] [298/300] loss 886.927 | compact 6.94403 | spectral 19.8657 | recons_loss: 0.16389 | sparse_loss: 1.03344 | 
2025-09-05 18:49:33,097 [INFO] [Iter 298] LR: 0.00000001
2025-09-05 18:49:33,100 [INFO] No improvement: current loss 886.927185, best loss 886.927212
2025-09-05 18:49:33,175 [INFO] H: 160, W: 150
2025-09-05 18:49:33,282 [INFO] [0 1 2 3 4 5 6]
2025-09-05 18:49:33,474 [INFO] y_target: [1 2 3 4 5 6 7]
2025-09-05 18:49:33,474 [INFO] y_predict: [0 1 2 3 4 5 6]
2025-09-05 18:49:33,644 [INFO] Epoch = 299 OA = 0.8427 Kappa = 0.8145 NMI = 0.7446
2025-09-05 18:49:33,855 [INFO] [299/300] loss 886.927 | compact 6.94403 | spectral 19.8657 | recons_loss: 0.16389 | sparse_loss: 1.03344 | 
2025-09-05 18:49:33,856 [INFO] [Iter 299] LR: 0.00000001
2025-09-05 18:49:33,859 [INFO] No improvement: current loss 886.927185, best loss 886.927212
2025-09-05 18:49:33,859 [INFO] Training finished. Best model loaded.
