2025-09-05 19:02:00,608 [INFO] ========== Training Configuration ==========
2025-09-05 19:02:00,608 [INFO] out_dir: ./log
2025-09-05 19:02:00,608 [INFO] lr: 0.1
2025-09-05 19:02:00,608 [INFO] train_iter: 300
2025-09-05 19:02:00,608 [INFO] niter: 5
2025-09-05 19:02:00,608 [INFO] nspix: 300
2025-09-05 19:02:00,608 [INFO] weight: weight
2025-09-05 19:02:00,609 [INFO] weight_representation: 165.0
2025-09-05 19:02:00,609 [INFO] weight_noise: 50.0
2025-09-05 19:02:00,609 [INFO] dataset: urban
2025-09-05 19:02:00,609 [INFO] device: cuda:0
2025-09-05 19:02:00,609 [INFO] log: urban1
2025-09-05 19:02:00,609 [INFO] ============================================
2025-09-05 19:02:20,260 [INFO] H: 160, W: 150
2025-09-05 19:02:20,492 [INFO] [0 1 2 3 4 5 6]
2025-09-05 19:02:22,625 [INFO] y_target: [1 2 3 4 5 6 7]
2025-09-05 19:02:22,625 [INFO] y_predict: [0 1 2 3 4 5 6]
2025-09-05 19:02:22,808 [INFO] Epoch = 0 OA = 0.8095 Kappa = 0.7746 NMI = 0.7239
2025-09-05 19:02:23,436 [INFO] [0/300] loss 1109.87 | compact 6.9117 | spectral 19.6366 | recons_loss: 0.235515 | sparse_loss: 1.04431 | 
2025-09-05 19:02:23,437 [INFO] [Iter 0] LR: 0.10000000
2025-09-05 19:02:23,440 [INFO] Saving best model at iteration 0
2025-09-05 19:02:23,703 [INFO] [1/300] loss 1109.4 | compact 6.91359 | spectral 19.6257 | recons_loss: 0.234583 | sparse_loss: 1.04427 | 
2025-09-05 19:02:23,703 [INFO] [Iter 1] LR: 0.10000000
2025-09-05 19:02:23,704 [INFO] Saving best model at iteration 1
2025-09-05 19:02:23,970 [INFO] [2/300] loss 1108.57 | compact 6.91683 | spectral 19.6045 | recons_loss: 0.232932 | sparse_loss: 1.04409 | 
2025-09-05 19:02:23,970 [INFO] [Iter 2] LR: 0.10000000
2025-09-05 19:02:23,972 [INFO] Saving best model at iteration 2
2025-09-05 19:02:24,242 [INFO] [3/300] loss 1107.51 | compact 6.91938 | spectral 19.5767 | recons_loss: 0.230767 | sparse_loss: 1.04379 | 
2025-09-05 19:02:24,242 [INFO] [Iter 3] LR: 0.10000000
2025-09-05 19:02:24,244 [INFO] Saving best model at iteration 3
2025-09-05 19:02:24,514 [INFO] [4/300] loss 1106.32 | compact 6.91502 | spectral 19.5592 | recons_loss: 0.228207 | sparse_loss: 1.04344 | 
2025-09-05 19:02:24,515 [INFO] [Iter 4] LR: 0.10000000
2025-09-05 19:02:24,517 [INFO] Saving best model at iteration 4
2025-09-05 19:02:24,785 [INFO] [5/300] loss 1105.03 | compact 6.91197 | spectral 19.5292 | recons_loss: 0.225355 | sparse_loss: 1.04309 | 
2025-09-05 19:02:24,786 [INFO] [Iter 5] LR: 0.10000000
2025-09-05 19:02:24,788 [INFO] Saving best model at iteration 5
2025-09-05 19:02:25,057 [INFO] [6/300] loss 1103.74 | compact 6.91017 | spectral 19.4992 | recons_loss: 0.222341 | sparse_loss: 1.04276 | 
2025-09-05 19:02:25,058 [INFO] [Iter 6] LR: 0.10000000
2025-09-05 19:02:25,060 [INFO] Saving best model at iteration 6
2025-09-05 19:02:25,323 [INFO] [7/300] loss 1102.44 | compact 6.91127 | spectral 19.4663 | recons_loss: 0.219248 | sparse_loss: 1.0424 | 
2025-09-05 19:02:25,323 [INFO] [Iter 7] LR: 0.10000000
2025-09-05 19:02:25,324 [INFO] Saving best model at iteration 7
2025-09-05 19:02:25,585 [INFO] [8/300] loss 1101.16 | compact 6.91321 | spectral 19.4351 | recons_loss: 0.216144 | sparse_loss: 1.04202 | 
2025-09-05 19:02:25,586 [INFO] [Iter 8] LR: 0.10000000
2025-09-05 19:02:25,587 [INFO] Saving best model at iteration 8
2025-09-05 19:02:25,856 [INFO] [9/300] loss 1099.92 | compact 6.91736 | spectral 19.4025 | recons_loss: 0.213015 | sparse_loss: 1.04161 | 
2025-09-05 19:02:25,856 [INFO] [Iter 9] LR: 0.10000000
2025-09-05 19:02:25,857 [INFO] Saving best model at iteration 9
2025-09-05 19:02:26,135 [INFO] [10/300] loss 1098.73 | compact 6.92155 | spectral 19.368 | recons_loss: 0.209924 | sparse_loss: 1.04121 | 
2025-09-05 19:02:26,135 [INFO] [Iter 10] LR: 0.10000000
2025-09-05 19:02:26,137 [INFO] Saving best model at iteration 10
2025-09-05 19:02:26,397 [INFO] [11/300] loss 1097.62 | compact 6.92515 | spectral 19.3428 | recons_loss: 0.206903 | sparse_loss: 1.04083 | 
2025-09-05 19:02:26,397 [INFO] [Iter 11] LR: 0.10000000
2025-09-05 19:02:26,398 [INFO] Saving best model at iteration 11
2025-09-05 19:02:26,658 [INFO] [12/300] loss 1096.54 | compact 6.92814 | spectral 19.3183 | recons_loss: 0.203956 | sparse_loss: 1.04048 | 
2025-09-05 19:02:26,659 [INFO] [Iter 12] LR: 0.10000000
2025-09-05 19:02:26,660 [INFO] Saving best model at iteration 12
2025-09-05 19:02:26,930 [INFO] [13/300] loss 1095.52 | compact 6.92898 | spectral 19.2915 | recons_loss: 0.201128 | sparse_loss: 1.04017 | 
2025-09-05 19:02:26,930 [INFO] [Iter 13] LR: 0.10000000
2025-09-05 19:02:26,932 [INFO] Saving best model at iteration 13
2025-09-05 19:02:27,209 [INFO] [14/300] loss 1094.55 | compact 6.92657 | spectral 19.2751 | recons_loss: 0.198455 | sparse_loss: 1.03988 | 
2025-09-05 19:02:27,210 [INFO] [Iter 14] LR: 0.10000000
2025-09-05 19:02:27,211 [INFO] Saving best model at iteration 14
2025-09-05 19:02:27,482 [INFO] [15/300] loss 1093.63 | compact 6.92745 | spectral 19.2586 | recons_loss: 0.195904 | sparse_loss: 1.0396 | 
2025-09-05 19:02:27,483 [INFO] [Iter 15] LR: 0.10000000
2025-09-05 19:02:27,485 [INFO] Saving best model at iteration 15
2025-09-05 19:02:27,754 [INFO] [16/300] loss 1092.75 | compact 6.92842 | spectral 19.2377 | recons_loss: 0.193488 | sparse_loss: 1.03932 | 
2025-09-05 19:02:27,755 [INFO] [Iter 16] LR: 0.10000000
2025-09-05 19:02:27,756 [INFO] Saving best model at iteration 16
2025-09-05 19:02:28,034 [INFO] [17/300] loss 1091.91 | compact 6.92991 | spectral 19.2139 | recons_loss: 0.191238 | sparse_loss: 1.03905 | 
2025-09-05 19:02:28,035 [INFO] [Iter 17] LR: 0.10000000
2025-09-05 19:02:28,037 [INFO] Saving best model at iteration 17
2025-09-05 19:02:28,299 [INFO] [18/300] loss 1091.09 | compact 6.93203 | spectral 19.1845 | recons_loss: 0.189102 | sparse_loss: 1.03878 | 
2025-09-05 19:02:28,300 [INFO] [Iter 18] LR: 0.10000000
2025-09-05 19:02:28,301 [INFO] Saving best model at iteration 18
2025-09-05 19:02:28,577 [INFO] [19/300] loss 1090.35 | compact 6.93274 | spectral 19.1657 | recons_loss: 0.18712 | sparse_loss: 1.03853 | 
2025-09-05 19:02:28,577 [INFO] [Iter 19] LR: 0.10000000
2025-09-05 19:02:28,579 [INFO] Saving best model at iteration 19
2025-09-05 19:02:28,845 [INFO] [20/300] loss 1089.64 | compact 6.9337 | spectral 19.15 | recons_loss: 0.185276 | sparse_loss: 1.0383 | 
2025-09-05 19:02:28,846 [INFO] [Iter 20] LR: 0.10000000
2025-09-05 19:02:28,848 [INFO] Saving best model at iteration 20
2025-09-05 19:02:29,114 [INFO] [21/300] loss 1088.97 | compact 6.93435 | spectral 19.1392 | recons_loss: 0.183541 | sparse_loss: 1.03809 | 
2025-09-05 19:02:29,114 [INFO] [Iter 21] LR: 0.10000000
2025-09-05 19:02:29,116 [INFO] Saving best model at iteration 21
2025-09-05 19:02:29,375 [INFO] [22/300] loss 1088.34 | compact 6.93305 | spectral 19.1379 | recons_loss: 0.181916 | sparse_loss: 1.03791 | 
2025-09-05 19:02:29,375 [INFO] [Iter 22] LR: 0.10000000
2025-09-05 19:02:29,377 [INFO] Saving best model at iteration 22
2025-09-05 19:02:29,641 [INFO] [23/300] loss 1087.74 | compact 6.93111 | spectral 19.1368 | recons_loss: 0.180423 | sparse_loss: 1.03772 | 
2025-09-05 19:02:29,642 [INFO] [Iter 23] LR: 0.10000000
2025-09-05 19:02:29,643 [INFO] Saving best model at iteration 23
2025-09-05 19:02:29,918 [INFO] [24/300] loss 1087.18 | compact 6.93024 | spectral 19.1374 | recons_loss: 0.179055 | sparse_loss: 1.03756 | 
2025-09-05 19:02:29,918 [INFO] [Iter 24] LR: 0.10000000
2025-09-05 19:02:29,920 [INFO] Saving best model at iteration 24
2025-09-05 19:02:30,189 [INFO] [25/300] loss 1086.66 | compact 6.92781 | spectral 19.1419 | recons_loss: 0.177817 | sparse_loss: 1.03739 | 
2025-09-05 19:02:30,189 [INFO] [Iter 25] LR: 0.10000000
2025-09-05 19:02:30,191 [INFO] Saving best model at iteration 25
2025-09-05 19:02:30,462 [INFO] [26/300] loss 1086.18 | compact 6.92581 | spectral 19.1502 | recons_loss: 0.17668 | sparse_loss: 1.03723 | 
2025-09-05 19:02:30,463 [INFO] [Iter 26] LR: 0.10000000
2025-09-05 19:02:30,465 [INFO] Saving best model at iteration 26
2025-09-05 19:02:30,738 [INFO] [27/300] loss 1085.71 | compact 6.92555 | spectral 19.1591 | recons_loss: 0.175629 | sparse_loss: 1.03707 | 
2025-09-05 19:02:30,738 [INFO] [Iter 27] LR: 0.10000000
2025-09-05 19:02:30,739 [INFO] Saving best model at iteration 27
2025-09-05 19:02:31,007 [INFO] [28/300] loss 1085.27 | compact 6.92447 | spectral 19.1688 | recons_loss: 0.174657 | sparse_loss: 1.03693 | 
2025-09-05 19:02:31,008 [INFO] [Iter 28] LR: 0.10000000
2025-09-05 19:02:31,009 [INFO] Saving best model at iteration 28
2025-09-05 19:02:31,287 [INFO] [29/300] loss 1084.86 | compact 6.92331 | spectral 19.1795 | recons_loss: 0.173756 | sparse_loss: 1.03682 | 
2025-09-05 19:02:31,287 [INFO] [Iter 29] LR: 0.10000000
2025-09-05 19:02:31,289 [INFO] Saving best model at iteration 29
2025-09-05 19:02:31,551 [INFO] [30/300] loss 1084.51 | compact 6.92259 | spectral 19.2025 | recons_loss: 0.172926 | sparse_loss: 1.03673 | 
2025-09-05 19:02:31,551 [INFO] [Iter 30] LR: 0.10000000
2025-09-05 19:02:31,552 [INFO] Saving best model at iteration 30
2025-09-05 19:02:31,813 [INFO] [31/300] loss 1084.18 | compact 6.9233 | spectral 19.2238 | recons_loss: 0.172151 | sparse_loss: 1.03665 | 
2025-09-05 19:02:31,814 [INFO] [Iter 31] LR: 0.10000000
2025-09-05 19:02:31,816 [INFO] Saving best model at iteration 31
2025-09-05 19:02:32,075 [INFO] [32/300] loss 1083.83 | compact 6.92494 | spectral 19.2339 | recons_loss: 0.17143 | sparse_loss: 1.03655 | 
2025-09-05 19:02:32,076 [INFO] [Iter 32] LR: 0.10000000
2025-09-05 19:02:32,077 [INFO] Saving best model at iteration 32
2025-09-05 19:02:32,337 [INFO] [33/300] loss 1083.48 | compact 6.92547 | spectral 19.2406 | recons_loss: 0.170763 | sparse_loss: 1.03644 | 
2025-09-05 19:02:32,338 [INFO] [Iter 33] LR: 0.10000000
2025-09-05 19:02:32,340 [INFO] Saving best model at iteration 33
2025-09-05 19:02:32,606 [INFO] [34/300] loss 1083.13 | compact 6.92762 | spectral 19.2451 | recons_loss: 0.17014 | sparse_loss: 1.03633 | 
2025-09-05 19:02:32,606 [INFO] [Iter 34] LR: 0.10000000
2025-09-05 19:02:32,608 [INFO] Saving best model at iteration 34
2025-09-05 19:02:32,870 [INFO] [35/300] loss 1082.81 | compact 6.92997 | spectral 19.2485 | recons_loss: 0.169566 | sparse_loss: 1.03623 | 
2025-09-05 19:02:32,871 [INFO] [Iter 35] LR: 0.10000000
2025-09-05 19:02:32,872 [INFO] Saving best model at iteration 35
2025-09-05 19:02:33,133 [INFO] [36/300] loss 1082.51 | compact 6.93204 | spectral 19.2554 | recons_loss: 0.169038 | sparse_loss: 1.03614 | 
2025-09-05 19:02:33,133 [INFO] [Iter 36] LR: 0.10000000
2025-09-05 19:02:33,134 [INFO] Saving best model at iteration 36
2025-09-05 19:02:33,398 [INFO] [37/300] loss 1082.22 | compact 6.9345 | spectral 19.2616 | recons_loss: 0.168554 | sparse_loss: 1.03604 | 
2025-09-05 19:02:33,398 [INFO] [Iter 37] LR: 0.10000000
2025-09-05 19:02:33,399 [INFO] Saving best model at iteration 37
2025-09-05 19:02:33,658 [INFO] [38/300] loss 1081.94 | compact 6.93743 | spectral 19.2686 | recons_loss: 0.1681 | sparse_loss: 1.03595 | 
2025-09-05 19:02:33,659 [INFO] [Iter 38] LR: 0.10000000
2025-09-05 19:02:33,660 [INFO] Saving best model at iteration 38
2025-09-05 19:02:33,925 [INFO] [39/300] loss 1081.67 | compact 6.94214 | spectral 19.2749 | recons_loss: 0.167676 | sparse_loss: 1.03585 | 
2025-09-05 19:02:33,925 [INFO] [Iter 39] LR: 0.10000000
2025-09-05 19:02:33,927 [INFO] Saving best model at iteration 39
2025-09-05 19:02:34,196 [INFO] [40/300] loss 1081.4 | compact 6.9474 | spectral 19.2825 | recons_loss: 0.167278 | sparse_loss: 1.03575 | 
2025-09-05 19:02:34,197 [INFO] [Iter 40] LR: 0.10000000
2025-09-05 19:02:34,198 [INFO] Saving best model at iteration 40
2025-09-05 19:02:34,475 [INFO] [41/300] loss 1081.15 | compact 6.94893 | spectral 19.2928 | recons_loss: 0.166915 | sparse_loss: 1.03566 | 
2025-09-05 19:02:34,476 [INFO] [Iter 41] LR: 0.10000000
2025-09-05 19:02:34,477 [INFO] Saving best model at iteration 41
2025-09-05 19:02:34,740 [INFO] [42/300] loss 1080.9 | compact 6.95184 | spectral 19.3024 | recons_loss: 0.166561 | sparse_loss: 1.03556 | 
2025-09-05 19:02:34,741 [INFO] [Iter 42] LR: 0.10000000
2025-09-05 19:02:34,742 [INFO] Saving best model at iteration 42
2025-09-05 19:02:35,005 [INFO] [43/300] loss 1080.68 | compact 6.95529 | spectral 19.3122 | recons_loss: 0.166229 | sparse_loss: 1.0355 | 
2025-09-05 19:02:35,006 [INFO] [Iter 43] LR: 0.10000000
2025-09-05 19:02:35,008 [INFO] Saving best model at iteration 43
2025-09-05 19:02:35,287 [INFO] [44/300] loss 1080.47 | compact 6.95756 | spectral 19.3218 | recons_loss: 0.16593 | sparse_loss: 1.03544 | 
2025-09-05 19:02:35,287 [INFO] [Iter 44] LR: 0.10000000
2025-09-05 19:02:35,288 [INFO] Saving best model at iteration 44
2025-09-05 19:02:35,547 [INFO] [45/300] loss 1080.26 | compact 6.95792 | spectral 19.3344 | recons_loss: 0.165649 | sparse_loss: 1.03536 | 
2025-09-05 19:02:35,547 [INFO] [Iter 45] LR: 0.10000000
2025-09-05 19:02:35,549 [INFO] Saving best model at iteration 45
2025-09-05 19:02:35,808 [INFO] [46/300] loss 1080.07 | compact 6.95923 | spectral 19.348 | recons_loss: 0.165367 | sparse_loss: 1.03529 | 
2025-09-05 19:02:35,809 [INFO] [Iter 46] LR: 0.10000000
2025-09-05 19:02:35,811 [INFO] Saving best model at iteration 46
2025-09-05 19:02:36,075 [INFO] [47/300] loss 1079.88 | compact 6.9586 | spectral 19.3608 | recons_loss: 0.165097 | sparse_loss: 1.03523 | 
2025-09-05 19:02:36,075 [INFO] [Iter 47] LR: 0.10000000
2025-09-05 19:02:36,078 [INFO] Saving best model at iteration 47
2025-09-05 19:02:36,352 [INFO] [48/300] loss 1079.69 | compact 6.96091 | spectral 19.3713 | recons_loss: 0.164834 | sparse_loss: 1.03517 | 
2025-09-05 19:02:36,352 [INFO] [Iter 48] LR: 0.10000000
2025-09-05 19:02:36,353 [INFO] Saving best model at iteration 48
2025-09-05 19:02:36,619 [INFO] [49/300] loss 1079.52 | compact 6.96216 | spectral 19.3864 | recons_loss: 0.164589 | sparse_loss: 1.03511 | 
2025-09-05 19:02:36,619 [INFO] [Iter 49] LR: 0.10000000
2025-09-05 19:02:36,620 [INFO] Saving best model at iteration 49
2025-09-05 19:02:36,693 [INFO] H: 160, W: 150
2025-09-05 19:02:36,817 [INFO] [0 1 2 3 4 5 6]
2025-09-05 19:02:37,085 [INFO] y_target: [1 2 3 4 5 6 7]
2025-09-05 19:02:37,085 [INFO] y_predict: [0 1 2 3 4 5 6]
2025-09-05 19:02:37,453 [INFO] Epoch = 50 OA = 0.7944 Kappa = 0.7572 NMI = 0.7224
2025-09-05 19:02:37,666 [INFO] [50/300] loss 1079.38 | compact 6.96169 | spectral 19.4031 | recons_loss: 0.164352 | sparse_loss: 1.03506 | 
2025-09-05 19:02:37,667 [INFO] [Iter 50] LR: 0.10000000
2025-09-05 19:02:37,669 [INFO] Saving best model at iteration 50
2025-09-05 19:02:37,957 [INFO] [51/300] loss 1079.22 | compact 6.96093 | spectral 19.4195 | recons_loss: 0.164122 | sparse_loss: 1.03501 | 
2025-09-05 19:02:37,957 [INFO] [Iter 51] LR: 0.10000000
2025-09-05 19:02:37,958 [INFO] Saving best model at iteration 51
2025-09-05 19:02:38,225 [INFO] [52/300] loss 1079.08 | compact 6.95983 | spectral 19.4361 | recons_loss: 0.163902 | sparse_loss: 1.03496 | 
2025-09-05 19:02:38,226 [INFO] [Iter 52] LR: 0.10000000
2025-09-05 19:02:38,227 [INFO] Saving best model at iteration 52
2025-09-05 19:02:38,495 [INFO] [53/300] loss 1078.95 | compact 6.95878 | spectral 19.4549 | recons_loss: 0.163688 | sparse_loss: 1.03493 | 
2025-09-05 19:02:38,497 [INFO] [Iter 53] LR: 0.10000000
2025-09-05 19:02:38,498 [INFO] Saving best model at iteration 53
2025-09-05 19:02:38,757 [INFO] [54/300] loss 1078.84 | compact 6.95812 | spectral 19.4733 | recons_loss: 0.163472 | sparse_loss: 1.03489 | 
2025-09-05 19:02:38,758 [INFO] [Iter 54] LR: 0.05000000
2025-09-05 19:02:38,759 [INFO] Saving best model at iteration 54
2025-09-05 19:02:39,028 [INFO] [55/300] loss 1078.73 | compact 6.95634 | spectral 19.4909 | recons_loss: 0.163243 | sparse_loss: 1.03485 | 
2025-09-05 19:02:39,028 [INFO] [Iter 55] LR: 0.05000000
2025-09-05 19:02:39,029 [INFO] Saving best model at iteration 55
2025-09-05 19:02:39,297 [INFO] [56/300] loss 1078.63 | compact 6.95533 | spectral 19.5055 | recons_loss: 0.163039 | sparse_loss: 1.03481 | 
2025-09-05 19:02:39,297 [INFO] [Iter 56] LR: 0.05000000
2025-09-05 19:02:39,299 [INFO] Saving best model at iteration 56
2025-09-05 19:02:39,563 [INFO] [57/300] loss 1078.52 | compact 6.95611 | spectral 19.5188 | recons_loss: 0.162841 | sparse_loss: 1.03476 | 
2025-09-05 19:02:39,563 [INFO] [Iter 57] LR: 0.05000000
2025-09-05 19:02:39,565 [INFO] Saving best model at iteration 57
2025-09-05 19:02:39,831 [INFO] [58/300] loss 1078.41 | compact 6.95567 | spectral 19.5277 | recons_loss: 0.162641 | sparse_loss: 1.03471 | 
2025-09-05 19:02:39,832 [INFO] [Iter 58] LR: 0.05000000
2025-09-05 19:02:39,833 [INFO] Saving best model at iteration 58
2025-09-05 19:02:40,097 [INFO] [59/300] loss 1078.3 | compact 6.95558 | spectral 19.5365 | recons_loss: 0.162453 | sparse_loss: 1.03466 | 
2025-09-05 19:02:40,098 [INFO] [Iter 59] LR: 0.05000000
2025-09-05 19:02:40,099 [INFO] Saving best model at iteration 59
2025-09-05 19:02:40,356 [INFO] [60/300] loss 1078.19 | compact 6.95633 | spectral 19.5448 | recons_loss: 0.162278 | sparse_loss: 1.0346 | 
2025-09-05 19:02:40,357 [INFO] [Iter 60] LR: 0.05000000
2025-09-05 19:02:40,358 [INFO] Saving best model at iteration 60
2025-09-05 19:02:40,616 [INFO] [61/300] loss 1078.1 | compact 6.95763 | spectral 19.5527 | recons_loss: 0.162108 | sparse_loss: 1.03455 | 
2025-09-05 19:02:40,617 [INFO] [Iter 61] LR: 0.05000000
2025-09-05 19:02:40,619 [INFO] Saving best model at iteration 61
2025-09-05 19:02:40,885 [INFO] [62/300] loss 1078 | compact 6.95837 | spectral 19.5584 | recons_loss: 0.161949 | sparse_loss: 1.03449 | 
2025-09-05 19:02:40,886 [INFO] [Iter 62] LR: 0.05000000
2025-09-05 19:02:40,888 [INFO] Saving best model at iteration 62
2025-09-05 19:02:41,151 [INFO] [63/300] loss 1077.91 | compact 6.96005 | spectral 19.5677 | recons_loss: 0.1618 | sparse_loss: 1.03444 | 
2025-09-05 19:02:41,152 [INFO] [Iter 63] LR: 0.05000000
2025-09-05 19:02:41,154 [INFO] Saving best model at iteration 63
2025-09-05 19:02:41,413 [INFO] [64/300] loss 1077.82 | compact 6.96197 | spectral 19.5766 | recons_loss: 0.161659 | sparse_loss: 1.03438 | 
2025-09-05 19:02:41,414 [INFO] [Iter 64] LR: 0.05000000
2025-09-05 19:02:41,417 [INFO] Saving best model at iteration 64
2025-09-05 19:02:41,674 [INFO] [65/300] loss 1077.72 | compact 6.96397 | spectral 19.5821 | recons_loss: 0.161524 | sparse_loss: 1.03433 | 
2025-09-05 19:02:41,675 [INFO] [Iter 65] LR: 0.05000000
2025-09-05 19:02:41,676 [INFO] Saving best model at iteration 65
2025-09-05 19:02:41,933 [INFO] [66/300] loss 1077.63 | compact 6.96551 | spectral 19.5867 | recons_loss: 0.161389 | sparse_loss: 1.03427 | 
2025-09-05 19:02:41,933 [INFO] [Iter 66] LR: 0.05000000
2025-09-05 19:02:41,935 [INFO] Saving best model at iteration 66
2025-09-05 19:02:42,201 [INFO] [67/300] loss 1077.56 | compact 6.96668 | spectral 19.5955 | recons_loss: 0.161279 | sparse_loss: 1.03423 | 
2025-09-05 19:02:42,201 [INFO] [Iter 67] LR: 0.05000000
2025-09-05 19:02:42,203 [INFO] Saving best model at iteration 67
2025-09-05 19:02:42,478 [INFO] [68/300] loss 1077.49 | compact 6.96792 | spectral 19.6027 | recons_loss: 0.161181 | sparse_loss: 1.03418 | 
2025-09-05 19:02:42,479 [INFO] [Iter 68] LR: 0.02500000
2025-09-05 19:02:42,480 [INFO] Saving best model at iteration 68
2025-09-05 19:02:42,742 [INFO] [69/300] loss 1077.41 | compact 6.96903 | spectral 19.609 | recons_loss: 0.161085 | sparse_loss: 1.03413 | 
2025-09-05 19:02:42,742 [INFO] [Iter 69] LR: 0.02500000
2025-09-05 19:02:42,744 [INFO] Saving best model at iteration 69
2025-09-05 19:02:43,029 [INFO] [70/300] loss 1077.33 | compact 6.9704 | spectral 19.6139 | recons_loss: 0.160991 | sparse_loss: 1.03408 | 
2025-09-05 19:02:43,029 [INFO] [Iter 70] LR: 0.02500000
2025-09-05 19:02:43,030 [INFO] Saving best model at iteration 70
2025-09-05 19:02:43,290 [INFO] [71/300] loss 1077.26 | compact 6.97142 | spectral 19.619 | recons_loss: 0.160902 | sparse_loss: 1.03403 | 
2025-09-05 19:02:43,291 [INFO] [Iter 71] LR: 0.02500000
2025-09-05 19:02:43,292 [INFO] Saving best model at iteration 71
2025-09-05 19:02:43,549 [INFO] [72/300] loss 1077.18 | compact 6.97295 | spectral 19.622 | recons_loss: 0.160819 | sparse_loss: 1.03398 | 
2025-09-05 19:02:43,550 [INFO] [Iter 72] LR: 0.02500000
2025-09-05 19:02:43,551 [INFO] Saving best model at iteration 72
2025-09-05 19:02:43,810 [INFO] [73/300] loss 1077.1 | compact 6.9749 | spectral 19.6225 | recons_loss: 0.16074 | sparse_loss: 1.03394 | 
2025-09-05 19:02:43,810 [INFO] [Iter 73] LR: 0.02500000
2025-09-05 19:02:43,813 [INFO] Saving best model at iteration 73
2025-09-05 19:02:44,083 [INFO] [74/300] loss 1077.02 | compact 6.97652 | spectral 19.6235 | recons_loss: 0.160662 | sparse_loss: 1.0339 | 
2025-09-05 19:02:44,083 [INFO] [Iter 74] LR: 0.02500000
2025-09-05 19:02:44,084 [INFO] Saving best model at iteration 74
2025-09-05 19:02:44,350 [INFO] [75/300] loss 1076.95 | compact 6.97724 | spectral 19.6263 | recons_loss: 0.16059 | sparse_loss: 1.03386 | 
2025-09-05 19:02:44,351 [INFO] [Iter 75] LR: 0.02500000
2025-09-05 19:02:44,354 [INFO] Saving best model at iteration 75
2025-09-05 19:02:44,616 [INFO] [76/300] loss 1076.87 | compact 6.97812 | spectral 19.6288 | recons_loss: 0.160522 | sparse_loss: 1.03382 | 
2025-09-05 19:02:44,616 [INFO] [Iter 76] LR: 0.02500000
2025-09-05 19:02:44,617 [INFO] Saving best model at iteration 76
2025-09-05 19:02:44,885 [INFO] [77/300] loss 1076.8 | compact 6.97859 | spectral 19.6318 | recons_loss: 0.160456 | sparse_loss: 1.03378 | 
2025-09-05 19:02:44,885 [INFO] [Iter 77] LR: 0.02500000
2025-09-05 19:02:44,886 [INFO] Saving best model at iteration 77
2025-09-05 19:02:45,167 [INFO] [78/300] loss 1076.74 | compact 6.97942 | spectral 19.6341 | recons_loss: 0.160391 | sparse_loss: 1.03374 | 
2025-09-05 19:02:45,167 [INFO] [Iter 78] LR: 0.02500000
2025-09-05 19:02:45,168 [INFO] Saving best model at iteration 78
2025-09-05 19:02:45,454 [INFO] [79/300] loss 1076.67 | compact 6.98054 | spectral 19.6362 | recons_loss: 0.160328 | sparse_loss: 1.0337 | 
2025-09-05 19:02:45,454 [INFO] [Iter 79] LR: 0.02500000
2025-09-05 19:02:45,455 [INFO] Saving best model at iteration 79
2025-09-05 19:02:45,717 [INFO] [80/300] loss 1076.6 | compact 6.98155 | spectral 19.637 | recons_loss: 0.160266 | sparse_loss: 1.03366 | 
2025-09-05 19:02:45,717 [INFO] [Iter 80] LR: 0.02500000
2025-09-05 19:02:45,719 [INFO] Saving best model at iteration 80
2025-09-05 19:02:45,980 [INFO] [81/300] loss 1076.54 | compact 6.98266 | spectral 19.6373 | recons_loss: 0.160206 | sparse_loss: 1.03362 | 
2025-09-05 19:02:45,981 [INFO] [Iter 81] LR: 0.02500000
2025-09-05 19:02:45,985 [INFO] Saving best model at iteration 81
2025-09-05 19:02:46,254 [INFO] [82/300] loss 1076.47 | compact 6.98364 | spectral 19.6384 | recons_loss: 0.160144 | sparse_loss: 1.03359 | 
2025-09-05 19:02:46,254 [INFO] [Iter 82] LR: 0.02500000
2025-09-05 19:02:46,256 [INFO] Saving best model at iteration 82
2025-09-05 19:02:46,531 [INFO] [83/300] loss 1076.41 | compact 6.98428 | spectral 19.6401 | recons_loss: 0.160086 | sparse_loss: 1.03355 | 
2025-09-05 19:02:46,531 [INFO] [Iter 83] LR: 0.02500000
2025-09-05 19:02:46,533 [INFO] Saving best model at iteration 83
2025-09-05 19:02:46,800 [INFO] [84/300] loss 1076.35 | compact 6.98503 | spectral 19.6418 | recons_loss: 0.160032 | sparse_loss: 1.03352 | 
2025-09-05 19:02:46,800 [INFO] [Iter 84] LR: 0.02500000
2025-09-05 19:02:46,801 [INFO] Saving best model at iteration 84
2025-09-05 19:02:47,070 [INFO] [85/300] loss 1076.29 | compact 6.98551 | spectral 19.6434 | recons_loss: 0.159979 | sparse_loss: 1.03349 | 
2025-09-05 19:02:47,070 [INFO] [Iter 85] LR: 0.02500000
2025-09-05 19:02:47,071 [INFO] Saving best model at iteration 85
2025-09-05 19:02:47,337 [INFO] [86/300] loss 1076.23 | compact 6.98605 | spectral 19.6445 | recons_loss: 0.159931 | sparse_loss: 1.03346 | 
2025-09-05 19:02:47,338 [INFO] [Iter 86] LR: 0.02500000
2025-09-05 19:02:47,340 [INFO] Saving best model at iteration 86
2025-09-05 19:02:47,599 [INFO] [87/300] loss 1076.17 | compact 6.987 | spectral 19.6446 | recons_loss: 0.15988 | sparse_loss: 1.03342 | 
2025-09-05 19:02:47,599 [INFO] [Iter 87] LR: 0.02500000
2025-09-05 19:02:47,601 [INFO] Saving best model at iteration 87
2025-09-05 19:02:47,877 [INFO] [88/300] loss 1076.11 | compact 6.98732 | spectral 19.6444 | recons_loss: 0.159834 | sparse_loss: 1.03339 | 
2025-09-05 19:02:47,877 [INFO] [Iter 88] LR: 0.02500000
2025-09-05 19:02:47,879 [INFO] Saving best model at iteration 88
2025-09-05 19:02:48,139 [INFO] [89/300] loss 1076.05 | compact 6.98779 | spectral 19.6446 | recons_loss: 0.159786 | sparse_loss: 1.03336 | 
2025-09-05 19:02:48,140 [INFO] [Iter 89] LR: 0.02500000
2025-09-05 19:02:48,141 [INFO] Saving best model at iteration 89
2025-09-05 19:02:48,399 [INFO] [90/300] loss 1075.99 | compact 6.98794 | spectral 19.6445 | recons_loss: 0.15974 | sparse_loss: 1.03333 | 
2025-09-05 19:02:48,399 [INFO] [Iter 90] LR: 0.02500000
2025-09-05 19:02:48,402 [INFO] Saving best model at iteration 90
2025-09-05 19:02:48,669 [INFO] [91/300] loss 1075.94 | compact 6.98796 | spectral 19.6446 | recons_loss: 0.159695 | sparse_loss: 1.0333 | 
2025-09-05 19:02:48,669 [INFO] [Iter 91] LR: 0.01250000
2025-09-05 19:02:48,671 [INFO] Saving best model at iteration 91
2025-09-05 19:02:48,933 [INFO] [92/300] loss 1075.89 | compact 6.98812 | spectral 19.644 | recons_loss: 0.159651 | sparse_loss: 1.03328 | 
2025-09-05 19:02:48,934 [INFO] [Iter 92] LR: 0.01250000
2025-09-05 19:02:48,936 [INFO] Saving best model at iteration 92
2025-09-05 19:02:49,204 [INFO] [93/300] loss 1075.84 | compact 6.98838 | spectral 19.6433 | recons_loss: 0.159609 | sparse_loss: 1.03325 | 
2025-09-05 19:02:49,204 [INFO] [Iter 93] LR: 0.01250000
2025-09-05 19:02:49,206 [INFO] Saving best model at iteration 93
2025-09-05 19:02:49,468 [INFO] [94/300] loss 1075.79 | compact 6.98858 | spectral 19.6427 | recons_loss: 0.159571 | sparse_loss: 1.03323 | 
2025-09-05 19:02:49,468 [INFO] [Iter 94] LR: 0.01250000
2025-09-05 19:02:49,469 [INFO] Saving best model at iteration 94
2025-09-05 19:02:49,740 [INFO] [95/300] loss 1075.74 | compact 6.98895 | spectral 19.6423 | recons_loss: 0.159535 | sparse_loss: 1.0332 | 
2025-09-05 19:02:49,740 [INFO] [Iter 95] LR: 0.00625000
2025-09-05 19:02:49,742 [INFO] Saving best model at iteration 95
2025-09-05 19:02:50,003 [INFO] [96/300] loss 1075.7 | compact 6.98921 | spectral 19.642 | recons_loss: 0.159501 | sparse_loss: 1.03318 | 
2025-09-05 19:02:50,003 [INFO] [Iter 96] LR: 0.00625000
2025-09-05 19:02:50,006 [INFO] Saving best model at iteration 96
2025-09-05 19:02:50,278 [INFO] [97/300] loss 1075.66 | compact 6.98944 | spectral 19.6418 | recons_loss: 0.159469 | sparse_loss: 1.03316 | 
2025-09-05 19:02:50,278 [INFO] [Iter 97] LR: 0.00625000
2025-09-05 19:02:50,280 [INFO] Saving best model at iteration 97
2025-09-05 19:02:50,538 [INFO] [98/300] loss 1075.62 | compact 6.98964 | spectral 19.6416 | recons_loss: 0.15944 | sparse_loss: 1.03314 | 
2025-09-05 19:02:50,539 [INFO] [Iter 98] LR: 0.00625000
2025-09-05 19:02:50,541 [INFO] Saving best model at iteration 98
2025-09-05 19:02:50,799 [INFO] [99/300] loss 1075.59 | compact 6.98963 | spectral 19.6415 | recons_loss: 0.159413 | sparse_loss: 1.03312 | 
2025-09-05 19:02:50,799 [INFO] [Iter 99] LR: 0.00312500
2025-09-05 19:02:50,801 [INFO] Saving best model at iteration 99
2025-09-05 19:02:50,868 [INFO] H: 160, W: 150
2025-09-05 19:02:51,014 [INFO] [0 1 2 3 4 5 6]
2025-09-05 19:02:51,180 [INFO] y_target: [1 2 3 4 5 6 7]
2025-09-05 19:02:51,180 [INFO] y_predict: [0 1 2 3 4 5 6]
2025-09-05 19:02:51,345 [INFO] Epoch = 100 OA = 0.7937 Kappa = 0.7565 NMI = 0.7202
2025-09-05 19:02:51,557 [INFO] [100/300] loss 1075.55 | compact 6.98962 | spectral 19.6415 | recons_loss: 0.159388 | sparse_loss: 1.0331 | 
2025-09-05 19:02:51,558 [INFO] [Iter 100] LR: 0.00312500
2025-09-05 19:02:51,560 [INFO] Saving best model at iteration 100
2025-09-05 19:02:51,818 [INFO] [101/300] loss 1075.52 | compact 6.9897 | spectral 19.6414 | recons_loss: 0.159365 | sparse_loss: 1.03309 | 
2025-09-05 19:02:51,818 [INFO] [Iter 101] LR: 0.00312500
2025-09-05 19:02:51,820 [INFO] Saving best model at iteration 101
2025-09-05 19:02:52,080 [INFO] [102/300] loss 1075.49 | compact 6.98977 | spectral 19.6413 | recons_loss: 0.159343 | sparse_loss: 1.03307 | 
2025-09-05 19:02:52,081 [INFO] [Iter 102] LR: 0.00156250
2025-09-05 19:02:52,082 [INFO] Saving best model at iteration 102
2025-09-05 19:02:52,344 [INFO] [103/300] loss 1075.47 | compact 6.98983 | spectral 19.6413 | recons_loss: 0.159323 | sparse_loss: 1.03306 | 
2025-09-05 19:02:52,345 [INFO] [Iter 103] LR: 0.00156250
2025-09-05 19:02:52,346 [INFO] Saving best model at iteration 103
2025-09-05 19:02:52,602 [INFO] [104/300] loss 1075.44 | compact 6.98989 | spectral 19.6412 | recons_loss: 0.159305 | sparse_loss: 1.03304 | 
2025-09-05 19:02:52,603 [INFO] [Iter 104] LR: 0.00156250
2025-09-05 19:02:52,606 [INFO] Saving best model at iteration 104
2025-09-05 19:02:52,868 [INFO] [105/300] loss 1075.42 | compact 6.98995 | spectral 19.6412 | recons_loss: 0.159288 | sparse_loss: 1.03303 | 
2025-09-05 19:02:52,868 [INFO] [Iter 105] LR: 0.00078125
2025-09-05 19:02:52,870 [INFO] Saving best model at iteration 105
2025-09-05 19:02:53,127 [INFO] [106/300] loss 1075.4 | compact 6.98999 | spectral 19.6411 | recons_loss: 0.159273 | sparse_loss: 1.03302 | 
2025-09-05 19:02:53,128 [INFO] [Iter 106] LR: 0.00078125
2025-09-05 19:02:53,130 [INFO] Saving best model at iteration 106
2025-09-05 19:02:53,410 [INFO] [107/300] loss 1075.38 | compact 6.99003 | spectral 19.6411 | recons_loss: 0.159259 | sparse_loss: 1.03301 | 
2025-09-05 19:02:53,410 [INFO] [Iter 107] LR: 0.00078125
2025-09-05 19:02:53,411 [INFO] Saving best model at iteration 107
2025-09-05 19:02:53,680 [INFO] [108/300] loss 1075.36 | compact 6.99007 | spectral 19.641 | recons_loss: 0.159247 | sparse_loss: 1.033 | 
2025-09-05 19:02:53,681 [INFO] [Iter 108] LR: 0.00039063
2025-09-05 19:02:53,683 [INFO] Saving best model at iteration 108
2025-09-05 19:02:53,949 [INFO] [109/300] loss 1075.34 | compact 6.99011 | spectral 19.641 | recons_loss: 0.159235 | sparse_loss: 1.03299 | 
2025-09-05 19:02:53,949 [INFO] [Iter 109] LR: 0.00039063
2025-09-05 19:02:53,950 [INFO] Saving best model at iteration 109
2025-09-05 19:02:54,209 [INFO] [110/300] loss 1075.33 | compact 6.99014 | spectral 19.641 | recons_loss: 0.159225 | sparse_loss: 1.03299 | 
2025-09-05 19:02:54,209 [INFO] [Iter 110] LR: 0.00039063
2025-09-05 19:02:54,212 [INFO] Saving best model at iteration 110
2025-09-05 19:02:54,478 [INFO] [111/300] loss 1075.32 | compact 6.99017 | spectral 19.641 | recons_loss: 0.159216 | sparse_loss: 1.03298 | 
2025-09-05 19:02:54,478 [INFO] [Iter 111] LR: 0.00039063
2025-09-05 19:02:54,481 [INFO] Saving best model at iteration 111
2025-09-05 19:02:54,745 [INFO] [112/300] loss 1075.3 | compact 6.99021 | spectral 19.6409 | recons_loss: 0.159207 | sparse_loss: 1.03297 | 
2025-09-05 19:02:54,746 [INFO] [Iter 112] LR: 0.00019531
2025-09-05 19:02:54,747 [INFO] Saving best model at iteration 112
2025-09-05 19:02:55,004 [INFO] [113/300] loss 1075.29 | compact 6.99024 | spectral 19.6409 | recons_loss: 0.159199 | sparse_loss: 1.03297 | 
2025-09-05 19:02:55,004 [INFO] [Iter 113] LR: 0.00019531
2025-09-05 19:02:55,005 [INFO] Saving best model at iteration 113
2025-09-05 19:02:55,266 [INFO] [114/300] loss 1075.28 | compact 6.99027 | spectral 19.6409 | recons_loss: 0.159192 | sparse_loss: 1.03296 | 
2025-09-05 19:02:55,266 [INFO] [Iter 114] LR: 0.00019531
2025-09-05 19:02:55,268 [INFO] Saving best model at iteration 114
2025-09-05 19:02:55,537 [INFO] [115/300] loss 1075.27 | compact 6.9903 | spectral 19.6409 | recons_loss: 0.159186 | sparse_loss: 1.03295 | 
2025-09-05 19:02:55,538 [INFO] [Iter 115] LR: 0.00009766
2025-09-05 19:02:55,539 [INFO] Saving best model at iteration 115
2025-09-05 19:02:55,809 [INFO] [116/300] loss 1075.27 | compact 6.99032 | spectral 19.6409 | recons_loss: 0.15918 | sparse_loss: 1.03295 | 
2025-09-05 19:02:55,809 [INFO] [Iter 116] LR: 0.00009766
2025-09-05 19:02:55,811 [INFO] Saving best model at iteration 116
2025-09-05 19:02:56,069 [INFO] [117/300] loss 1075.26 | compact 6.99035 | spectral 19.6408 | recons_loss: 0.159175 | sparse_loss: 1.03295 | 
2025-09-05 19:02:56,069 [INFO] [Iter 117] LR: 0.00009766
2025-09-05 19:02:56,070 [INFO] Saving best model at iteration 117
2025-09-05 19:02:56,327 [INFO] [118/300] loss 1075.25 | compact 6.99037 | spectral 19.6408 | recons_loss: 0.15917 | sparse_loss: 1.03294 | 
2025-09-05 19:02:56,328 [INFO] [Iter 118] LR: 0.00004883
2025-09-05 19:02:56,329 [INFO] Saving best model at iteration 118
2025-09-05 19:02:56,587 [INFO] [119/300] loss 1075.25 | compact 6.9904 | spectral 19.6408 | recons_loss: 0.159166 | sparse_loss: 1.03294 | 
2025-09-05 19:02:56,587 [INFO] [Iter 119] LR: 0.00004883
2025-09-05 19:02:56,590 [INFO] Saving best model at iteration 119
2025-09-05 19:02:56,852 [INFO] [120/300] loss 1075.24 | compact 6.99042 | spectral 19.6408 | recons_loss: 0.159162 | sparse_loss: 1.03294 | 
2025-09-05 19:02:56,852 [INFO] [Iter 120] LR: 0.00004883
2025-09-05 19:02:56,853 [INFO] Saving best model at iteration 120
2025-09-05 19:02:57,111 [INFO] [121/300] loss 1075.23 | compact 6.99044 | spectral 19.6408 | recons_loss: 0.159159 | sparse_loss: 1.03293 | 
2025-09-05 19:02:57,112 [INFO] [Iter 121] LR: 0.00002441
2025-09-05 19:02:57,114 [INFO] Saving best model at iteration 121
2025-09-05 19:02:57,375 [INFO] [122/300] loss 1075.23 | compact 6.99046 | spectral 19.6408 | recons_loss: 0.159156 | sparse_loss: 1.03293 | 
2025-09-05 19:02:57,375 [INFO] [Iter 122] LR: 0.00002441
2025-09-05 19:02:57,376 [INFO] Saving best model at iteration 122
2025-09-05 19:02:57,634 [INFO] [123/300] loss 1075.23 | compact 6.99048 | spectral 19.6408 | recons_loss: 0.159153 | sparse_loss: 1.03293 | 
2025-09-05 19:02:57,634 [INFO] [Iter 123] LR: 0.00002441
2025-09-05 19:02:57,636 [INFO] Saving best model at iteration 123
2025-09-05 19:02:57,894 [INFO] [124/300] loss 1075.22 | compact 6.9905 | spectral 19.6407 | recons_loss: 0.15915 | sparse_loss: 1.03293 | 
2025-09-05 19:02:57,895 [INFO] [Iter 124] LR: 0.00001221
2025-09-05 19:02:57,896 [INFO] Saving best model at iteration 124
2025-09-05 19:02:58,154 [INFO] [125/300] loss 1075.22 | compact 6.99051 | spectral 19.6407 | recons_loss: 0.159148 | sparse_loss: 1.03292 | 
2025-09-05 19:02:58,154 [INFO] [Iter 125] LR: 0.00001221
2025-09-05 19:02:58,156 [INFO] Saving best model at iteration 125
2025-09-05 19:02:58,416 [INFO] [126/300] loss 1075.22 | compact 6.99052 | spectral 19.6407 | recons_loss: 0.159146 | sparse_loss: 1.03292 | 
2025-09-05 19:02:58,417 [INFO] [Iter 126] LR: 0.00001221
2025-09-05 19:02:58,418 [INFO] Saving best model at iteration 126
2025-09-05 19:02:58,681 [INFO] [127/300] loss 1075.21 | compact 6.99054 | spectral 19.6407 | recons_loss: 0.159144 | sparse_loss: 1.03292 | 
2025-09-05 19:02:58,682 [INFO] [Iter 127] LR: 0.00000610
2025-09-05 19:02:58,684 [INFO] Saving best model at iteration 127
2025-09-05 19:02:58,962 [INFO] [128/300] loss 1075.21 | compact 6.99055 | spectral 19.6407 | recons_loss: 0.159143 | sparse_loss: 1.03292 | 
2025-09-05 19:02:58,962 [INFO] [Iter 128] LR: 0.00000610
2025-09-05 19:02:58,964 [INFO] Saving best model at iteration 128
2025-09-05 19:02:59,223 [INFO] [129/300] loss 1075.21 | compact 6.99056 | spectral 19.6407 | recons_loss: 0.159141 | sparse_loss: 1.03292 | 
2025-09-05 19:02:59,224 [INFO] [Iter 129] LR: 0.00000610
2025-09-05 19:02:59,226 [INFO] Saving best model at iteration 129
2025-09-05 19:02:59,499 [INFO] [130/300] loss 1075.21 | compact 6.99056 | spectral 19.6407 | recons_loss: 0.15914 | sparse_loss: 1.03292 | 
2025-09-05 19:02:59,500 [INFO] [Iter 130] LR: 0.00000305
2025-09-05 19:02:59,501 [INFO] Saving best model at iteration 130
2025-09-05 19:02:59,759 [INFO] [131/300] loss 1075.2 | compact 6.99057 | spectral 19.6407 | recons_loss: 0.159138 | sparse_loss: 1.03292 | 
2025-09-05 19:02:59,760 [INFO] [Iter 131] LR: 0.00000305
2025-09-05 19:02:59,761 [INFO] Saving best model at iteration 131
2025-09-05 19:03:00,025 [INFO] [132/300] loss 1075.2 | compact 6.99058 | spectral 19.6407 | recons_loss: 0.159137 | sparse_loss: 1.03292 | 
2025-09-05 19:03:00,025 [INFO] [Iter 132] LR: 0.00000305
2025-09-05 19:03:00,027 [INFO] Saving best model at iteration 132
2025-09-05 19:03:00,288 [INFO] [133/300] loss 1075.2 | compact 6.99059 | spectral 19.6407 | recons_loss: 0.159136 | sparse_loss: 1.03291 | 
2025-09-05 19:03:00,289 [INFO] [Iter 133] LR: 0.00000153
2025-09-05 19:03:00,291 [INFO] Saving best model at iteration 133
2025-09-05 19:03:00,567 [INFO] [134/300] loss 1075.2 | compact 6.99059 | spectral 19.6407 | recons_loss: 0.159135 | sparse_loss: 1.03291 | 
2025-09-05 19:03:00,567 [INFO] [Iter 134] LR: 0.00000153
2025-09-05 19:03:00,568 [INFO] Saving best model at iteration 134
2025-09-05 19:03:00,834 [INFO] [135/300] loss 1075.2 | compact 6.9906 | spectral 19.6407 | recons_loss: 0.159135 | sparse_loss: 1.03291 | 
2025-09-05 19:03:00,835 [INFO] [Iter 135] LR: 0.00000153
2025-09-05 19:03:00,837 [INFO] Saving best model at iteration 135
2025-09-05 19:03:01,096 [INFO] [136/300] loss 1075.2 | compact 6.9906 | spectral 19.6407 | recons_loss: 0.159134 | sparse_loss: 1.03291 | 
2025-09-05 19:03:01,097 [INFO] [Iter 136] LR: 0.00000076
2025-09-05 19:03:01,099 [INFO] Saving best model at iteration 136
2025-09-05 19:03:01,360 [INFO] [137/300] loss 1075.2 | compact 6.99061 | spectral 19.6407 | recons_loss: 0.159133 | sparse_loss: 1.03291 | 
2025-09-05 19:03:01,361 [INFO] [Iter 137] LR: 0.00000076
2025-09-05 19:03:01,363 [INFO] Saving best model at iteration 137
2025-09-05 19:03:01,621 [INFO] [138/300] loss 1075.2 | compact 6.99061 | spectral 19.6407 | recons_loss: 0.159133 | sparse_loss: 1.03291 | 
2025-09-05 19:03:01,621 [INFO] [Iter 138] LR: 0.00000076
2025-09-05 19:03:01,623 [INFO] Saving best model at iteration 138
2025-09-05 19:03:01,880 [INFO] [139/300] loss 1075.19 | compact 6.99061 | spectral 19.6407 | recons_loss: 0.159132 | sparse_loss: 1.03291 | 
2025-09-05 19:03:01,881 [INFO] [Iter 139] LR: 0.00000038
2025-09-05 19:03:01,882 [INFO] Saving best model at iteration 139
2025-09-05 19:03:02,141 [INFO] [140/300] loss 1075.19 | compact 6.99062 | spectral 19.6407 | recons_loss: 0.159132 | sparse_loss: 1.03291 | 
2025-09-05 19:03:02,141 [INFO] [Iter 140] LR: 0.00000038
2025-09-05 19:03:02,142 [INFO] Saving best model at iteration 140
2025-09-05 19:03:02,399 [INFO] [141/300] loss 1075.19 | compact 6.99062 | spectral 19.6407 | recons_loss: 0.159131 | sparse_loss: 1.03291 | 
2025-09-05 19:03:02,400 [INFO] [Iter 141] LR: 0.00000038
2025-09-05 19:03:02,401 [INFO] Saving best model at iteration 141
2025-09-05 19:03:02,659 [INFO] [142/300] loss 1075.19 | compact 6.99062 | spectral 19.6407 | recons_loss: 0.159131 | sparse_loss: 1.03291 | 
2025-09-05 19:03:02,659 [INFO] [Iter 142] LR: 0.00000019
2025-09-05 19:03:02,661 [INFO] Saving best model at iteration 142
2025-09-05 19:03:02,919 [INFO] [143/300] loss 1075.19 | compact 6.99062 | spectral 19.6407 | recons_loss: 0.159131 | sparse_loss: 1.03291 | 
2025-09-05 19:03:02,919 [INFO] [Iter 143] LR: 0.00000019
2025-09-05 19:03:02,920 [INFO] Saving best model at iteration 143
2025-09-05 19:03:03,177 [INFO] [144/300] loss 1075.19 | compact 6.99062 | spectral 19.6407 | recons_loss: 0.15913 | sparse_loss: 1.03291 | 
2025-09-05 19:03:03,177 [INFO] [Iter 144] LR: 0.00000019
2025-09-05 19:03:03,179 [INFO] Saving best model at iteration 144
2025-09-05 19:03:03,448 [INFO] [145/300] loss 1075.19 | compact 6.99063 | spectral 19.6407 | recons_loss: 0.15913 | sparse_loss: 1.03291 | 
2025-09-05 19:03:03,449 [INFO] [Iter 145] LR: 0.00000010
2025-09-05 19:03:03,451 [INFO] Saving best model at iteration 145
2025-09-05 19:03:03,708 [INFO] [146/300] loss 1075.19 | compact 6.99063 | spectral 19.6407 | recons_loss: 0.15913 | sparse_loss: 1.03291 | 
2025-09-05 19:03:03,708 [INFO] [Iter 146] LR: 0.00000010
2025-09-05 19:03:03,711 [INFO] Saving best model at iteration 146
2025-09-05 19:03:03,973 [INFO] [147/300] loss 1075.19 | compact 6.99063 | spectral 19.6407 | recons_loss: 0.15913 | sparse_loss: 1.03291 | 
2025-09-05 19:03:03,974 [INFO] [Iter 147] LR: 0.00000010
2025-09-05 19:03:03,975 [INFO] Saving best model at iteration 147
2025-09-05 19:03:04,232 [INFO] [148/300] loss 1075.19 | compact 6.99063 | spectral 19.6407 | recons_loss: 0.159129 | sparse_loss: 1.03291 | 
2025-09-05 19:03:04,232 [INFO] [Iter 148] LR: 0.00000005
2025-09-05 19:03:04,233 [INFO] Saving best model at iteration 148
2025-09-05 19:03:04,499 [INFO] [149/300] loss 1075.19 | compact 6.99063 | spectral 19.6407 | recons_loss: 0.159129 | sparse_loss: 1.03291 | 
2025-09-05 19:03:04,500 [INFO] [Iter 149] LR: 0.00000005
2025-09-05 19:03:04,501 [INFO] Saving best model at iteration 149
2025-09-05 19:03:04,582 [INFO] H: 160, W: 150
2025-09-05 19:03:04,989 [INFO] [0 1 2 3 4 5 6]
2025-09-05 19:03:05,186 [INFO] y_target: [1 2 3 4 5 6 7]
2025-09-05 19:03:05,188 [INFO] y_predict: [0 1 2 3 4 5 6]
2025-09-05 19:03:05,365 [INFO] Epoch = 150 OA = 0.7937 Kappa = 0.7565 NMI = 0.7202
2025-09-05 19:03:05,586 [INFO] [150/300] loss 1075.19 | compact 6.99063 | spectral 19.6407 | recons_loss: 0.159129 | sparse_loss: 1.03291 | 
2025-09-05 19:03:05,586 [INFO] [Iter 150] LR: 0.00000005
2025-09-05 19:03:05,587 [INFO] Saving best model at iteration 150
2025-09-05 19:03:05,867 [INFO] [151/300] loss 1075.19 | compact 6.99063 | spectral 19.6407 | recons_loss: 0.159129 | sparse_loss: 1.03291 | 
2025-09-05 19:03:05,868 [INFO] [Iter 151] LR: 0.00000002
2025-09-05 19:03:05,869 [INFO] Saving best model at iteration 151
2025-09-05 19:03:06,135 [INFO] [152/300] loss 1075.19 | compact 6.99063 | spectral 19.6407 | recons_loss: 0.159129 | sparse_loss: 1.03291 | 
2025-09-05 19:03:06,136 [INFO] [Iter 152] LR: 0.00000002
2025-09-05 19:03:06,137 [INFO] Saving best model at iteration 152
2025-09-05 19:03:06,396 [INFO] [153/300] loss 1075.19 | compact 6.99064 | spectral 19.6407 | recons_loss: 0.159129 | sparse_loss: 1.03291 | 
2025-09-05 19:03:06,397 [INFO] [Iter 153] LR: 0.00000002
2025-09-05 19:03:06,400 [INFO] Saving best model at iteration 153
2025-09-05 19:03:06,684 [INFO] [154/300] loss 1075.19 | compact 6.99064 | spectral 19.6407 | recons_loss: 0.159128 | sparse_loss: 1.03291 | 
2025-09-05 19:03:06,684 [INFO] [Iter 154] LR: 0.00000001
2025-09-05 19:03:06,686 [INFO] Saving best model at iteration 154
2025-09-05 19:03:06,949 [INFO] [155/300] loss 1075.19 | compact 6.99064 | spectral 19.6407 | recons_loss: 0.159128 | sparse_loss: 1.03291 | 
2025-09-05 19:03:06,950 [INFO] [Iter 155] LR: 0.00000001
2025-09-05 19:03:06,951 [INFO] Saving best model at iteration 155
2025-09-05 19:03:07,247 [INFO] [156/300] loss 1075.19 | compact 6.99064 | spectral 19.6407 | recons_loss: 0.159128 | sparse_loss: 1.03291 | 
2025-09-05 19:03:07,247 [INFO] [Iter 156] LR: 0.00000001
2025-09-05 19:03:07,249 [INFO] Saving best model at iteration 156
2025-09-05 19:03:07,516 [INFO] [157/300] loss 1075.19 | compact 6.99064 | spectral 19.6407 | recons_loss: 0.159128 | sparse_loss: 1.03291 | 
2025-09-05 19:03:07,516 [INFO] [Iter 157] LR: 0.00000001
2025-09-05 19:03:07,519 [INFO] Saving best model at iteration 157
2025-09-05 19:03:07,786 [INFO] [158/300] loss 1075.19 | compact 6.99064 | spectral 19.6407 | recons_loss: 0.159128 | sparse_loss: 1.03291 | 
2025-09-05 19:03:07,786 [INFO] [Iter 158] LR: 0.00000001
2025-09-05 19:03:07,787 [INFO] Saving best model at iteration 158
2025-09-05 19:03:08,062 [INFO] [159/300] loss 1075.19 | compact 6.99064 | spectral 19.6407 | recons_loss: 0.159128 | sparse_loss: 1.03291 | 
2025-09-05 19:03:08,062 [INFO] [Iter 159] LR: 0.00000001
2025-09-05 19:03:08,071 [INFO] No improvement: current loss 1075.188732, best loss 1075.188828
2025-09-05 19:03:08,349 [INFO] [160/300] loss 1075.19 | compact 6.99064 | spectral 19.6407 | recons_loss: 0.159128 | sparse_loss: 1.03291 | 
2025-09-05 19:03:08,351 [INFO] [Iter 160] LR: 0.00000001
2025-09-05 19:03:08,353 [INFO] Saving best model at iteration 160
2025-09-05 19:03:08,616 [INFO] [161/300] loss 1075.19 | compact 6.99064 | spectral 19.6407 | recons_loss: 0.159128 | sparse_loss: 1.03291 | 
2025-09-05 19:03:08,618 [INFO] [Iter 161] LR: 0.00000001
2025-09-05 19:03:08,620 [INFO] No improvement: current loss 1075.188567, best loss 1075.188645
2025-09-05 19:03:08,920 [INFO] [162/300] loss 1075.19 | compact 6.99064 | spectral 19.6407 | recons_loss: 0.159128 | sparse_loss: 1.03291 | 
2025-09-05 19:03:08,920 [INFO] [Iter 162] LR: 0.00000001
2025-09-05 19:03:08,922 [INFO] Saving best model at iteration 162
2025-09-05 19:03:09,191 [INFO] [163/300] loss 1075.19 | compact 6.99064 | spectral 19.6407 | recons_loss: 0.159128 | sparse_loss: 1.03291 | 
2025-09-05 19:03:09,191 [INFO] [Iter 163] LR: 0.00000001
2025-09-05 19:03:09,193 [INFO] No improvement: current loss 1075.188434, best loss 1075.188497
2025-09-05 19:03:09,457 [INFO] [164/300] loss 1075.19 | compact 6.99064 | spectral 19.6407 | recons_loss: 0.159128 | sparse_loss: 1.03291 | 
2025-09-05 19:03:09,457 [INFO] [Iter 164] LR: 0.00000001
2025-09-05 19:03:09,459 [INFO] Saving best model at iteration 164
2025-09-05 19:03:09,716 [INFO] [165/300] loss 1075.19 | compact 6.99064 | spectral 19.6407 | recons_loss: 0.159128 | sparse_loss: 1.03291 | 
2025-09-05 19:03:09,717 [INFO] [Iter 165] LR: 0.00000001
2025-09-05 19:03:09,718 [INFO] No improvement: current loss 1075.188326, best loss 1075.188377
2025-09-05 19:03:09,987 [INFO] [166/300] loss 1075.19 | compact 6.99064 | spectral 19.6407 | recons_loss: 0.159128 | sparse_loss: 1.03291 | 
2025-09-05 19:03:09,988 [INFO] [Iter 166] LR: 0.00000001
2025-09-05 19:03:09,989 [INFO] No improvement: current loss 1075.188280, best loss 1075.188377
2025-09-05 19:03:10,257 [INFO] [167/300] loss 1075.19 | compact 6.99064 | spectral 19.6407 | recons_loss: 0.159128 | sparse_loss: 1.03291 | 
2025-09-05 19:03:10,257 [INFO] [Iter 167] LR: 0.00000001
2025-09-05 19:03:10,258 [INFO] Saving best model at iteration 167
2025-09-05 19:03:10,526 [INFO] [168/300] loss 1075.19 | compact 6.99064 | spectral 19.6407 | recons_loss: 0.159128 | sparse_loss: 1.03291 | 
2025-09-05 19:03:10,526 [INFO] [Iter 168] LR: 0.00000001
2025-09-05 19:03:10,527 [INFO] No improvement: current loss 1075.188202, best loss 1075.188239
2025-09-05 19:03:10,796 [INFO] [169/300] loss 1075.19 | compact 6.99064 | spectral 19.6407 | recons_loss: 0.159128 | sparse_loss: 1.03291 | 
2025-09-05 19:03:10,796 [INFO] [Iter 169] LR: 0.00000001
2025-09-05 19:03:10,798 [INFO] No improvement: current loss 1075.188168, best loss 1075.188239
2025-09-05 19:03:11,063 [INFO] [170/300] loss 1075.19 | compact 6.99064 | spectral 19.6407 | recons_loss: 0.159128 | sparse_loss: 1.03291 | 
2025-09-05 19:03:11,064 [INFO] [Iter 170] LR: 0.00000001
2025-09-05 19:03:11,065 [INFO] Saving best model at iteration 170
2025-09-05 19:03:11,333 [INFO] [171/300] loss 1075.19 | compact 6.99064 | spectral 19.6407 | recons_loss: 0.159128 | sparse_loss: 1.03291 | 
2025-09-05 19:03:11,334 [INFO] [Iter 171] LR: 0.00000001
2025-09-05 19:03:11,336 [INFO] No improvement: current loss 1075.188111, best loss 1075.188138
2025-09-05 19:03:11,612 [INFO] [172/300] loss 1075.19 | compact 6.99064 | spectral 19.6407 | recons_loss: 0.159128 | sparse_loss: 1.03291 | 
2025-09-05 19:03:11,612 [INFO] [Iter 172] LR: 0.00000001
2025-09-05 19:03:11,613 [INFO] No improvement: current loss 1075.188086, best loss 1075.188138
2025-09-05 19:03:11,875 [INFO] [173/300] loss 1075.19 | compact 6.99064 | spectral 19.6407 | recons_loss: 0.159128 | sparse_loss: 1.03291 | 
2025-09-05 19:03:11,875 [INFO] [Iter 173] LR: 0.00000001
2025-09-05 19:03:11,876 [INFO] No improvement: current loss 1075.188064, best loss 1075.188138
2025-09-05 19:03:12,158 [INFO] [174/300] loss 1075.19 | compact 6.99064 | spectral 19.6407 | recons_loss: 0.159128 | sparse_loss: 1.03291 | 
2025-09-05 19:03:12,159 [INFO] [Iter 174] LR: 0.00000001
2025-09-05 19:03:12,160 [INFO] No improvement: current loss 1075.188044, best loss 1075.188138
2025-09-05 19:03:12,424 [INFO] [175/300] loss 1075.19 | compact 6.99064 | spectral 19.6407 | recons_loss: 0.159128 | sparse_loss: 1.03291 | 
2025-09-05 19:03:12,424 [INFO] [Iter 175] LR: 0.00000001
2025-09-05 19:03:12,425 [INFO] Saving best model at iteration 175
2025-09-05 19:03:12,688 [INFO] [176/300] loss 1075.19 | compact 6.99064 | spectral 19.6407 | recons_loss: 0.159128 | sparse_loss: 1.03291 | 
2025-09-05 19:03:12,689 [INFO] [Iter 176] LR: 0.00000001
2025-09-05 19:03:12,691 [INFO] No improvement: current loss 1075.188011, best loss 1075.188027
2025-09-05 19:03:12,956 [INFO] [177/300] loss 1075.19 | compact 6.99064 | spectral 19.6407 | recons_loss: 0.159128 | sparse_loss: 1.03291 | 
2025-09-05 19:03:12,956 [INFO] [Iter 177] LR: 0.00000001
2025-09-05 19:03:12,959 [INFO] No improvement: current loss 1075.187996, best loss 1075.188027
2025-09-05 19:03:13,234 [INFO] [178/300] loss 1075.19 | compact 6.99064 | spectral 19.6407 | recons_loss: 0.159128 | sparse_loss: 1.03291 | 
2025-09-05 19:03:13,234 [INFO] [Iter 178] LR: 0.00000001
2025-09-05 19:03:13,236 [INFO] No improvement: current loss 1075.187983, best loss 1075.188027
2025-09-05 19:03:13,499 [INFO] [179/300] loss 1075.19 | compact 6.99064 | spectral 19.6407 | recons_loss: 0.159128 | sparse_loss: 1.03291 | 
2025-09-05 19:03:13,500 [INFO] [Iter 179] LR: 0.00000001
2025-09-05 19:03:13,501 [INFO] No improvement: current loss 1075.187971, best loss 1075.188027
2025-09-05 19:03:13,762 [INFO] [180/300] loss 1075.19 | compact 6.99064 | spectral 19.6407 | recons_loss: 0.159128 | sparse_loss: 1.03291 | 
2025-09-05 19:03:13,763 [INFO] [Iter 180] LR: 0.00000001
2025-09-05 19:03:13,764 [INFO] No improvement: current loss 1075.187961, best loss 1075.188027
2025-09-05 19:03:14,024 [INFO] [181/300] loss 1075.19 | compact 6.99064 | spectral 19.6407 | recons_loss: 0.159128 | sparse_loss: 1.03291 | 
2025-09-05 19:03:14,025 [INFO] [Iter 181] LR: 0.00000001
2025-09-05 19:03:14,027 [INFO] No improvement: current loss 1075.187951, best loss 1075.188027
2025-09-05 19:03:14,291 [INFO] [182/300] loss 1075.19 | compact 6.99064 | spectral 19.6407 | recons_loss: 0.159128 | sparse_loss: 1.03291 | 
2025-09-05 19:03:14,291 [INFO] [Iter 182] LR: 0.00000001
2025-09-05 19:03:14,293 [INFO] No improvement: current loss 1075.187943, best loss 1075.188027
2025-09-05 19:03:14,557 [INFO] [183/300] loss 1075.19 | compact 6.99064 | spectral 19.6407 | recons_loss: 0.159128 | sparse_loss: 1.03291 | 
2025-09-05 19:03:14,558 [INFO] [Iter 183] LR: 0.00000001
2025-09-05 19:03:14,560 [INFO] No improvement: current loss 1075.187935, best loss 1075.188027
2025-09-05 19:03:14,832 [INFO] [184/300] loss 1075.19 | compact 6.99064 | spectral 19.6407 | recons_loss: 0.159128 | sparse_loss: 1.03291 | 
2025-09-05 19:03:14,832 [INFO] [Iter 184] LR: 0.00000001
2025-09-05 19:03:14,833 [INFO] No improvement: current loss 1075.187928, best loss 1075.188027
2025-09-05 19:03:15,096 [INFO] [185/300] loss 1075.19 | compact 6.99064 | spectral 19.6407 | recons_loss: 0.159128 | sparse_loss: 1.03291 | 
2025-09-05 19:03:15,096 [INFO] [Iter 185] LR: 0.00000001
2025-09-05 19:03:15,098 [INFO] Saving best model at iteration 185
2025-09-05 19:03:15,361 [INFO] [186/300] loss 1075.19 | compact 6.99064 | spectral 19.6407 | recons_loss: 0.159128 | sparse_loss: 1.03291 | 
2025-09-05 19:03:15,361 [INFO] [Iter 186] LR: 0.00000001
2025-09-05 19:03:15,363 [INFO] No improvement: current loss 1075.187917, best loss 1075.187922
2025-09-05 19:03:15,630 [INFO] [187/300] loss 1075.19 | compact 6.99064 | spectral 19.6407 | recons_loss: 0.159128 | sparse_loss: 1.03291 | 
2025-09-05 19:03:15,630 [INFO] [Iter 187] LR: 0.00000001
2025-09-05 19:03:15,632 [INFO] No improvement: current loss 1075.187912, best loss 1075.187922
2025-09-05 19:03:15,900 [INFO] [188/300] loss 1075.19 | compact 6.99064 | spectral 19.6407 | recons_loss: 0.159128 | sparse_loss: 1.03291 | 
2025-09-05 19:03:15,900 [INFO] [Iter 188] LR: 0.00000001
2025-09-05 19:03:15,901 [INFO] No improvement: current loss 1075.187907, best loss 1075.187922
2025-09-05 19:03:16,173 [INFO] [189/300] loss 1075.19 | compact 6.99064 | spectral 19.6407 | recons_loss: 0.159128 | sparse_loss: 1.03291 | 
2025-09-05 19:03:16,174 [INFO] [Iter 189] LR: 0.00000001
2025-09-05 19:03:16,175 [INFO] No improvement: current loss 1075.187903, best loss 1075.187922
2025-09-05 19:03:16,438 [INFO] [190/300] loss 1075.19 | compact 6.99064 | spectral 19.6407 | recons_loss: 0.159128 | sparse_loss: 1.03291 | 
2025-09-05 19:03:16,439 [INFO] [Iter 190] LR: 0.00000001
2025-09-05 19:03:16,442 [INFO] No improvement: current loss 1075.187899, best loss 1075.187922
2025-09-05 19:03:16,705 [INFO] [191/300] loss 1075.19 | compact 6.99064 | spectral 19.6407 | recons_loss: 0.159128 | sparse_loss: 1.03291 | 
2025-09-05 19:03:16,706 [INFO] [Iter 191] LR: 0.00000001
2025-09-05 19:03:16,708 [INFO] No improvement: current loss 1075.187896, best loss 1075.187922
2025-09-05 19:03:16,982 [INFO] [192/300] loss 1075.19 | compact 6.99064 | spectral 19.6407 | recons_loss: 0.159128 | sparse_loss: 1.03291 | 
2025-09-05 19:03:16,982 [INFO] [Iter 192] LR: 0.00000001
2025-09-05 19:03:16,984 [INFO] No improvement: current loss 1075.187893, best loss 1075.187922
2025-09-05 19:03:17,246 [INFO] [193/300] loss 1075.19 | compact 6.99064 | spectral 19.6407 | recons_loss: 0.159128 | sparse_loss: 1.03291 | 
2025-09-05 19:03:17,246 [INFO] [Iter 193] LR: 0.00000001
2025-09-05 19:03:17,248 [INFO] No improvement: current loss 1075.187890, best loss 1075.187922
2025-09-05 19:03:17,512 [INFO] [194/300] loss 1075.19 | compact 6.99064 | spectral 19.6407 | recons_loss: 0.159128 | sparse_loss: 1.03291 | 
2025-09-05 19:03:17,512 [INFO] [Iter 194] LR: 0.00000001
2025-09-05 19:03:17,513 [INFO] No improvement: current loss 1075.187888, best loss 1075.187922
2025-09-05 19:03:17,785 [INFO] [195/300] loss 1075.19 | compact 6.99064 | spectral 19.6407 | recons_loss: 0.159128 | sparse_loss: 1.03291 | 
2025-09-05 19:03:17,786 [INFO] [Iter 195] LR: 0.00000001
2025-09-05 19:03:17,787 [INFO] No improvement: current loss 1075.187886, best loss 1075.187922
2025-09-05 19:03:18,048 [INFO] [196/300] loss 1075.19 | compact 6.99064 | spectral 19.6407 | recons_loss: 0.159128 | sparse_loss: 1.03291 | 
2025-09-05 19:03:18,048 [INFO] [Iter 196] LR: 0.00000001
2025-09-05 19:03:18,049 [INFO] No improvement: current loss 1075.187884, best loss 1075.187922
2025-09-05 19:03:18,316 [INFO] [197/300] loss 1075.19 | compact 6.99064 | spectral 19.6407 | recons_loss: 0.159128 | sparse_loss: 1.03291 | 
2025-09-05 19:03:18,316 [INFO] [Iter 197] LR: 0.00000001
2025-09-05 19:03:18,318 [INFO] No improvement: current loss 1075.187882, best loss 1075.187922
2025-09-05 19:03:18,578 [INFO] [198/300] loss 1075.19 | compact 6.99064 | spectral 19.6407 | recons_loss: 0.159128 | sparse_loss: 1.03291 | 
2025-09-05 19:03:18,578 [INFO] [Iter 198] LR: 0.00000001
2025-09-05 19:03:18,580 [INFO] No improvement: current loss 1075.187880, best loss 1075.187922
2025-09-05 19:03:18,856 [INFO] [199/300] loss 1075.19 | compact 6.99064 | spectral 19.6407 | recons_loss: 0.159128 | sparse_loss: 1.03291 | 
2025-09-05 19:03:18,857 [INFO] [Iter 199] LR: 0.00000001
2025-09-05 19:03:18,859 [INFO] No improvement: current loss 1075.187879, best loss 1075.187922
2025-09-05 19:03:18,936 [INFO] H: 160, W: 150
2025-09-05 19:03:19,070 [INFO] [0 1 2 3 4 5 6]
2025-09-05 19:03:19,220 [INFO] y_target: [1 2 3 4 5 6 7]
2025-09-05 19:03:19,221 [INFO] y_predict: [0 1 2 3 4 5 6]
2025-09-05 19:03:19,404 [INFO] Epoch = 200 OA = 0.7937 Kappa = 0.7565 NMI = 0.7202
2025-09-05 19:03:19,620 [INFO] [200/300] loss 1075.19 | compact 6.99064 | spectral 19.6407 | recons_loss: 0.159128 | sparse_loss: 1.03291 | 
2025-09-05 19:03:19,620 [INFO] [Iter 200] LR: 0.00000001
2025-09-05 19:03:19,621 [INFO] No improvement: current loss 1075.187878, best loss 1075.187922
2025-09-05 19:03:19,880 [INFO] [201/300] loss 1075.19 | compact 6.99064 | spectral 19.6407 | recons_loss: 0.159128 | sparse_loss: 1.03291 | 
2025-09-05 19:03:19,880 [INFO] [Iter 201] LR: 0.00000001
2025-09-05 19:03:19,881 [INFO] No improvement: current loss 1075.187877, best loss 1075.187922
2025-09-05 19:03:20,143 [INFO] [202/300] loss 1075.19 | compact 6.99064 | spectral 19.6407 | recons_loss: 0.159128 | sparse_loss: 1.03291 | 
2025-09-05 19:03:20,143 [INFO] [Iter 202] LR: 0.00000001
2025-09-05 19:03:20,146 [INFO] No improvement: current loss 1075.187876, best loss 1075.187922
2025-09-05 19:03:20,407 [INFO] [203/300] loss 1075.19 | compact 6.99064 | spectral 19.6407 | recons_loss: 0.159128 | sparse_loss: 1.03291 | 
2025-09-05 19:03:20,408 [INFO] [Iter 203] LR: 0.00000001
2025-09-05 19:03:20,410 [INFO] No improvement: current loss 1075.187875, best loss 1075.187922
2025-09-05 19:03:20,677 [INFO] [204/300] loss 1075.19 | compact 6.99064 | spectral 19.6407 | recons_loss: 0.159128 | sparse_loss: 1.03291 | 
2025-09-05 19:03:20,678 [INFO] [Iter 204] LR: 0.00000001
2025-09-05 19:03:20,681 [INFO] No improvement: current loss 1075.187874, best loss 1075.187922
2025-09-05 19:03:20,944 [INFO] [205/300] loss 1075.19 | compact 6.99064 | spectral 19.6407 | recons_loss: 0.159128 | sparse_loss: 1.03291 | 
2025-09-05 19:03:20,944 [INFO] [Iter 205] LR: 0.00000001
2025-09-05 19:03:20,946 [INFO] No improvement: current loss 1075.187873, best loss 1075.187922
2025-09-05 19:03:21,211 [INFO] [206/300] loss 1075.19 | compact 6.99064 | spectral 19.6407 | recons_loss: 0.159128 | sparse_loss: 1.03291 | 
2025-09-05 19:03:21,212 [INFO] [Iter 206] LR: 0.00000001
2025-09-05 19:03:21,213 [INFO] No improvement: current loss 1075.187872, best loss 1075.187922
2025-09-05 19:03:21,479 [INFO] [207/300] loss 1075.19 | compact 6.99064 | spectral 19.6407 | recons_loss: 0.159128 | sparse_loss: 1.03291 | 
2025-09-05 19:03:21,479 [INFO] [Iter 207] LR: 0.00000001
2025-09-05 19:03:21,481 [INFO] No improvement: current loss 1075.187872, best loss 1075.187922
2025-09-05 19:03:21,741 [INFO] [208/300] loss 1075.19 | compact 6.99064 | spectral 19.6407 | recons_loss: 0.159128 | sparse_loss: 1.03291 | 
2025-09-05 19:03:21,741 [INFO] [Iter 208] LR: 0.00000001
2025-09-05 19:03:21,742 [INFO] No improvement: current loss 1075.187871, best loss 1075.187922
2025-09-05 19:03:22,003 [INFO] [209/300] loss 1075.19 | compact 6.99064 | spectral 19.6407 | recons_loss: 0.159128 | sparse_loss: 1.03291 | 
2025-09-05 19:03:22,003 [INFO] [Iter 209] LR: 0.00000001
2025-09-05 19:03:22,004 [INFO] No improvement: current loss 1075.187871, best loss 1075.187922
2025-09-05 19:03:22,274 [INFO] [210/300] loss 1075.19 | compact 6.99064 | spectral 19.6407 | recons_loss: 0.159128 | sparse_loss: 1.03291 | 
2025-09-05 19:03:22,274 [INFO] [Iter 210] LR: 0.00000001
2025-09-05 19:03:22,276 [INFO] No improvement: current loss 1075.187870, best loss 1075.187922
2025-09-05 19:03:22,548 [INFO] [211/300] loss 1075.19 | compact 6.99064 | spectral 19.6407 | recons_loss: 0.159128 | sparse_loss: 1.03291 | 
2025-09-05 19:03:22,549 [INFO] [Iter 211] LR: 0.00000001
2025-09-05 19:03:22,551 [INFO] No improvement: current loss 1075.187870, best loss 1075.187922
2025-09-05 19:03:22,814 [INFO] [212/300] loss 1075.19 | compact 6.99064 | spectral 19.6407 | recons_loss: 0.159128 | sparse_loss: 1.03291 | 
2025-09-05 19:03:22,814 [INFO] [Iter 212] LR: 0.00000001
2025-09-05 19:03:22,816 [INFO] No improvement: current loss 1075.187869, best loss 1075.187922
2025-09-05 19:03:23,074 [INFO] [213/300] loss 1075.19 | compact 6.99064 | spectral 19.6407 | recons_loss: 0.159128 | sparse_loss: 1.03291 | 
2025-09-05 19:03:23,074 [INFO] [Iter 213] LR: 0.00000001
2025-09-05 19:03:23,076 [INFO] No improvement: current loss 1075.187869, best loss 1075.187922
2025-09-05 19:03:23,336 [INFO] [214/300] loss 1075.19 | compact 6.99064 | spectral 19.6407 | recons_loss: 0.159128 | sparse_loss: 1.03291 | 
2025-09-05 19:03:23,337 [INFO] [Iter 214] LR: 0.00000001
2025-09-05 19:03:23,338 [INFO] No improvement: current loss 1075.187869, best loss 1075.187922
2025-09-05 19:03:23,600 [INFO] [215/300] loss 1075.19 | compact 6.99064 | spectral 19.6407 | recons_loss: 0.159128 | sparse_loss: 1.03291 | 
2025-09-05 19:03:23,601 [INFO] [Iter 215] LR: 0.00000001
2025-09-05 19:03:23,603 [INFO] No improvement: current loss 1075.187869, best loss 1075.187922
2025-09-05 19:03:23,872 [INFO] [216/300] loss 1075.19 | compact 6.99064 | spectral 19.6407 | recons_loss: 0.159128 | sparse_loss: 1.03291 | 
2025-09-05 19:03:23,872 [INFO] [Iter 216] LR: 0.00000001
2025-09-05 19:03:23,873 [INFO] No improvement: current loss 1075.187868, best loss 1075.187922
2025-09-05 19:03:24,135 [INFO] [217/300] loss 1075.19 | compact 6.99064 | spectral 19.6407 | recons_loss: 0.159128 | sparse_loss: 1.03291 | 
2025-09-05 19:03:24,135 [INFO] [Iter 217] LR: 0.00000001
2025-09-05 19:03:24,137 [INFO] No improvement: current loss 1075.187868, best loss 1075.187922
2025-09-05 19:03:24,404 [INFO] [218/300] loss 1075.19 | compact 6.99064 | spectral 19.6407 | recons_loss: 0.159128 | sparse_loss: 1.03291 | 
2025-09-05 19:03:24,404 [INFO] [Iter 218] LR: 0.00000001
2025-09-05 19:03:24,406 [INFO] No improvement: current loss 1075.187868, best loss 1075.187922
2025-09-05 19:03:24,668 [INFO] [219/300] loss 1075.19 | compact 6.99064 | spectral 19.6407 | recons_loss: 0.159128 | sparse_loss: 1.03291 | 
2025-09-05 19:03:24,668 [INFO] [Iter 219] LR: 0.00000001
2025-09-05 19:03:24,669 [INFO] No improvement: current loss 1075.187868, best loss 1075.187922
2025-09-05 19:03:24,940 [INFO] [220/300] loss 1075.19 | compact 6.99064 | spectral 19.6407 | recons_loss: 0.159128 | sparse_loss: 1.03291 | 
2025-09-05 19:03:24,941 [INFO] [Iter 220] LR: 0.00000001
2025-09-05 19:03:24,942 [INFO] No improvement: current loss 1075.187868, best loss 1075.187922
2025-09-05 19:03:25,207 [INFO] [221/300] loss 1075.19 | compact 6.99064 | spectral 19.6407 | recons_loss: 0.159128 | sparse_loss: 1.03291 | 
2025-09-05 19:03:25,207 [INFO] [Iter 221] LR: 0.00000001
2025-09-05 19:03:25,209 [INFO] No improvement: current loss 1075.187867, best loss 1075.187922
2025-09-05 19:03:25,478 [INFO] [222/300] loss 1075.19 | compact 6.99064 | spectral 19.6407 | recons_loss: 0.159128 | sparse_loss: 1.03291 | 
2025-09-05 19:03:25,479 [INFO] [Iter 222] LR: 0.00000001
2025-09-05 19:03:25,480 [INFO] No improvement: current loss 1075.187867, best loss 1075.187922
2025-09-05 19:03:25,750 [INFO] [223/300] loss 1075.19 | compact 6.99064 | spectral 19.6407 | recons_loss: 0.159128 | sparse_loss: 1.03291 | 
2025-09-05 19:03:25,750 [INFO] [Iter 223] LR: 0.00000001
2025-09-05 19:03:25,752 [INFO] No improvement: current loss 1075.187867, best loss 1075.187922
2025-09-05 19:03:26,025 [INFO] [224/300] loss 1075.19 | compact 6.99064 | spectral 19.6407 | recons_loss: 0.159128 | sparse_loss: 1.03291 | 
2025-09-05 19:03:26,026 [INFO] [Iter 224] LR: 0.00000001
2025-09-05 19:03:26,027 [INFO] No improvement: current loss 1075.187867, best loss 1075.187922
2025-09-05 19:03:26,288 [INFO] [225/300] loss 1075.19 | compact 6.99064 | spectral 19.6407 | recons_loss: 0.159128 | sparse_loss: 1.03291 | 
2025-09-05 19:03:26,288 [INFO] [Iter 225] LR: 0.00000001
2025-09-05 19:03:26,290 [INFO] No improvement: current loss 1075.187867, best loss 1075.187922
2025-09-05 19:03:26,552 [INFO] [226/300] loss 1075.19 | compact 6.99064 | spectral 19.6407 | recons_loss: 0.159128 | sparse_loss: 1.03291 | 
2025-09-05 19:03:26,552 [INFO] [Iter 226] LR: 0.00000001
2025-09-05 19:03:26,553 [INFO] No improvement: current loss 1075.187867, best loss 1075.187922
2025-09-05 19:03:26,817 [INFO] [227/300] loss 1075.19 | compact 6.99064 | spectral 19.6407 | recons_loss: 0.159128 | sparse_loss: 1.03291 | 
2025-09-05 19:03:26,819 [INFO] [Iter 227] LR: 0.00000001
2025-09-05 19:03:26,821 [INFO] No improvement: current loss 1075.187867, best loss 1075.187922
2025-09-05 19:03:27,081 [INFO] [228/300] loss 1075.19 | compact 6.99064 | spectral 19.6407 | recons_loss: 0.159128 | sparse_loss: 1.03291 | 
2025-09-05 19:03:27,081 [INFO] [Iter 228] LR: 0.00000001
2025-09-05 19:03:27,082 [INFO] No improvement: current loss 1075.187867, best loss 1075.187922
2025-09-05 19:03:27,352 [INFO] [229/300] loss 1075.19 | compact 6.99064 | spectral 19.6407 | recons_loss: 0.159128 | sparse_loss: 1.03291 | 
2025-09-05 19:03:27,353 [INFO] [Iter 229] LR: 0.00000001
2025-09-05 19:03:27,356 [INFO] No improvement: current loss 1075.187867, best loss 1075.187922
2025-09-05 19:03:27,623 [INFO] [230/300] loss 1075.19 | compact 6.99064 | spectral 19.6407 | recons_loss: 0.159128 | sparse_loss: 1.03291 | 
2025-09-05 19:03:27,624 [INFO] [Iter 230] LR: 0.00000001
2025-09-05 19:03:27,625 [INFO] No improvement: current loss 1075.187867, best loss 1075.187922
2025-09-05 19:03:27,891 [INFO] [231/300] loss 1075.19 | compact 6.99064 | spectral 19.6407 | recons_loss: 0.159128 | sparse_loss: 1.03291 | 
2025-09-05 19:03:27,891 [INFO] [Iter 231] LR: 0.00000001
2025-09-05 19:03:27,893 [INFO] No improvement: current loss 1075.187867, best loss 1075.187922
2025-09-05 19:03:28,158 [INFO] [232/300] loss 1075.19 | compact 6.99064 | spectral 19.6407 | recons_loss: 0.159128 | sparse_loss: 1.03291 | 
2025-09-05 19:03:28,158 [INFO] [Iter 232] LR: 0.00000001
2025-09-05 19:03:28,160 [INFO] No improvement: current loss 1075.187867, best loss 1075.187922
2025-09-05 19:03:28,420 [INFO] [233/300] loss 1075.19 | compact 6.99064 | spectral 19.6407 | recons_loss: 0.159128 | sparse_loss: 1.03291 | 
2025-09-05 19:03:28,420 [INFO] [Iter 233] LR: 0.00000001
2025-09-05 19:03:28,421 [INFO] No improvement: current loss 1075.187867, best loss 1075.187922
2025-09-05 19:03:28,683 [INFO] [234/300] loss 1075.19 | compact 6.99064 | spectral 19.6407 | recons_loss: 0.159128 | sparse_loss: 1.03291 | 
2025-09-05 19:03:28,684 [INFO] [Iter 234] LR: 0.00000001
2025-09-05 19:03:28,686 [INFO] No improvement: current loss 1075.187867, best loss 1075.187922
2025-09-05 19:03:28,952 [INFO] [235/300] loss 1075.19 | compact 6.99064 | spectral 19.6407 | recons_loss: 0.159128 | sparse_loss: 1.03291 | 
2025-09-05 19:03:28,952 [INFO] [Iter 235] LR: 0.00000001
2025-09-05 19:03:28,953 [INFO] No improvement: current loss 1075.187866, best loss 1075.187922
2025-09-05 19:03:29,220 [INFO] [236/300] loss 1075.19 | compact 6.99064 | spectral 19.6407 | recons_loss: 0.159128 | sparse_loss: 1.03291 | 
2025-09-05 19:03:29,221 [INFO] [Iter 236] LR: 0.00000001
2025-09-05 19:03:29,223 [INFO] No improvement: current loss 1075.187866, best loss 1075.187922
2025-09-05 19:03:29,488 [INFO] [237/300] loss 1075.19 | compact 6.99064 | spectral 19.6407 | recons_loss: 0.159128 | sparse_loss: 1.03291 | 
2025-09-05 19:03:29,488 [INFO] [Iter 237] LR: 0.00000001
2025-09-05 19:03:29,490 [INFO] No improvement: current loss 1075.187866, best loss 1075.187922
2025-09-05 19:03:29,749 [INFO] [238/300] loss 1075.19 | compact 6.99064 | spectral 19.6407 | recons_loss: 0.159128 | sparse_loss: 1.03291 | 
2025-09-05 19:03:29,749 [INFO] [Iter 238] LR: 0.00000001
2025-09-05 19:03:29,750 [INFO] No improvement: current loss 1075.187866, best loss 1075.187922
2025-09-05 19:03:30,017 [INFO] [239/300] loss 1075.19 | compact 6.99064 | spectral 19.6407 | recons_loss: 0.159128 | sparse_loss: 1.03291 | 
2025-09-05 19:03:30,018 [INFO] [Iter 239] LR: 0.00000001
2025-09-05 19:03:30,020 [INFO] No improvement: current loss 1075.187866, best loss 1075.187922
2025-09-05 19:03:30,284 [INFO] [240/300] loss 1075.19 | compact 6.99064 | spectral 19.6407 | recons_loss: 0.159128 | sparse_loss: 1.03291 | 
2025-09-05 19:03:30,285 [INFO] [Iter 240] LR: 0.00000001
2025-09-05 19:03:30,287 [INFO] No improvement: current loss 1075.187866, best loss 1075.187922
2025-09-05 19:03:30,566 [INFO] [241/300] loss 1075.19 | compact 6.99064 | spectral 19.6407 | recons_loss: 0.159128 | sparse_loss: 1.03291 | 
2025-09-05 19:03:30,568 [INFO] [Iter 241] LR: 0.00000001
2025-09-05 19:03:30,570 [INFO] No improvement: current loss 1075.187866, best loss 1075.187922
2025-09-05 19:03:30,842 [INFO] [242/300] loss 1075.19 | compact 6.99064 | spectral 19.6407 | recons_loss: 0.159128 | sparse_loss: 1.03291 | 
2025-09-05 19:03:30,842 [INFO] [Iter 242] LR: 0.00000001
2025-09-05 19:03:30,844 [INFO] No improvement: current loss 1075.187866, best loss 1075.187922
2025-09-05 19:03:31,110 [INFO] [243/300] loss 1075.19 | compact 6.99064 | spectral 19.6407 | recons_loss: 0.159128 | sparse_loss: 1.03291 | 
2025-09-05 19:03:31,111 [INFO] [Iter 243] LR: 0.00000001
2025-09-05 19:03:31,112 [INFO] No improvement: current loss 1075.187866, best loss 1075.187922
2025-09-05 19:03:31,379 [INFO] [244/300] loss 1075.19 | compact 6.99064 | spectral 19.6407 | recons_loss: 0.159128 | sparse_loss: 1.03291 | 
2025-09-05 19:03:31,379 [INFO] [Iter 244] LR: 0.00000001
2025-09-05 19:03:31,380 [INFO] No improvement: current loss 1075.187866, best loss 1075.187922
2025-09-05 19:03:31,643 [INFO] [245/300] loss 1075.19 | compact 6.99064 | spectral 19.6407 | recons_loss: 0.159128 | sparse_loss: 1.03291 | 
2025-09-05 19:03:31,643 [INFO] [Iter 245] LR: 0.00000001
2025-09-05 19:03:31,644 [INFO] No improvement: current loss 1075.187866, best loss 1075.187922
2025-09-05 19:03:31,907 [INFO] [246/300] loss 1075.19 | compact 6.99064 | spectral 19.6407 | recons_loss: 0.159128 | sparse_loss: 1.03291 | 
2025-09-05 19:03:31,907 [INFO] [Iter 246] LR: 0.00000001
2025-09-05 19:03:31,909 [INFO] No improvement: current loss 1075.187866, best loss 1075.187922
2025-09-05 19:03:32,174 [INFO] [247/300] loss 1075.19 | compact 6.99064 | spectral 19.6407 | recons_loss: 0.159128 | sparse_loss: 1.03291 | 
2025-09-05 19:03:32,174 [INFO] [Iter 247] LR: 0.00000001
2025-09-05 19:03:32,175 [INFO] No improvement: current loss 1075.187866, best loss 1075.187922
2025-09-05 19:03:32,449 [INFO] [248/300] loss 1075.19 | compact 6.99064 | spectral 19.6407 | recons_loss: 0.159128 | sparse_loss: 1.03291 | 
2025-09-05 19:03:32,449 [INFO] [Iter 248] LR: 0.00000001
2025-09-05 19:03:32,451 [INFO] No improvement: current loss 1075.187866, best loss 1075.187922
2025-09-05 19:03:32,728 [INFO] [249/300] loss 1075.19 | compact 6.99064 | spectral 19.6407 | recons_loss: 0.159128 | sparse_loss: 1.03291 | 
2025-09-05 19:03:32,728 [INFO] [Iter 249] LR: 0.00000001
2025-09-05 19:03:32,730 [INFO] No improvement: current loss 1075.187866, best loss 1075.187922
2025-09-05 19:03:32,796 [INFO] H: 160, W: 150
2025-09-05 19:03:32,913 [INFO] [0 1 2 3 4 5 6]
2025-09-05 19:03:33,090 [INFO] y_target: [1 2 3 4 5 6 7]
2025-09-05 19:03:33,091 [INFO] y_predict: [0 1 2 3 4 5 6]
2025-09-05 19:03:33,275 [INFO] Epoch = 250 OA = 0.7937 Kappa = 0.7565 NMI = 0.7202
2025-09-05 19:03:33,487 [INFO] [250/300] loss 1075.19 | compact 6.99064 | spectral 19.6407 | recons_loss: 0.159128 | sparse_loss: 1.03291 | 
2025-09-05 19:03:33,488 [INFO] [Iter 250] LR: 0.00000001
2025-09-05 19:03:33,489 [INFO] No improvement: current loss 1075.187866, best loss 1075.187922
2025-09-05 19:03:33,765 [INFO] [251/300] loss 1075.19 | compact 6.99064 | spectral 19.6407 | recons_loss: 0.159128 | sparse_loss: 1.03291 | 
2025-09-05 19:03:33,765 [INFO] [Iter 251] LR: 0.00000001
2025-09-05 19:03:33,766 [INFO] No improvement: current loss 1075.187866, best loss 1075.187922
2025-09-05 19:03:34,031 [INFO] [252/300] loss 1075.19 | compact 6.99064 | spectral 19.6407 | recons_loss: 0.159128 | sparse_loss: 1.03291 | 
2025-09-05 19:03:34,031 [INFO] [Iter 252] LR: 0.00000001
2025-09-05 19:03:34,034 [INFO] No improvement: current loss 1075.187866, best loss 1075.187922
2025-09-05 19:03:34,300 [INFO] [253/300] loss 1075.19 | compact 6.99064 | spectral 19.6407 | recons_loss: 0.159128 | sparse_loss: 1.03291 | 
2025-09-05 19:03:34,300 [INFO] [Iter 253] LR: 0.00000001
2025-09-05 19:03:34,302 [INFO] No improvement: current loss 1075.187866, best loss 1075.187922
2025-09-05 19:03:34,572 [INFO] [254/300] loss 1075.19 | compact 6.99064 | spectral 19.6407 | recons_loss: 0.159128 | sparse_loss: 1.03291 | 
2025-09-05 19:03:34,573 [INFO] [Iter 254] LR: 0.00000001
2025-09-05 19:03:34,575 [INFO] No improvement: current loss 1075.187866, best loss 1075.187922
2025-09-05 19:03:34,840 [INFO] [255/300] loss 1075.19 | compact 6.99064 | spectral 19.6407 | recons_loss: 0.159128 | sparse_loss: 1.03291 | 
2025-09-05 19:03:34,840 [INFO] [Iter 255] LR: 0.00000001
2025-09-05 19:03:34,841 [INFO] No improvement: current loss 1075.187866, best loss 1075.187922
2025-09-05 19:03:35,109 [INFO] [256/300] loss 1075.19 | compact 6.99064 | spectral 19.6407 | recons_loss: 0.159128 | sparse_loss: 1.03291 | 
2025-09-05 19:03:35,110 [INFO] [Iter 256] LR: 0.00000001
2025-09-05 19:03:35,112 [INFO] No improvement: current loss 1075.187866, best loss 1075.187922
2025-09-05 19:03:35,386 [INFO] [257/300] loss 1075.19 | compact 6.99064 | spectral 19.6407 | recons_loss: 0.159128 | sparse_loss: 1.03291 | 
2025-09-05 19:03:35,386 [INFO] [Iter 257] LR: 0.00000001
2025-09-05 19:03:35,388 [INFO] No improvement: current loss 1075.187866, best loss 1075.187922
2025-09-05 19:03:35,665 [INFO] [258/300] loss 1075.19 | compact 6.99064 | spectral 19.6407 | recons_loss: 0.159128 | sparse_loss: 1.03291 | 
2025-09-05 19:03:35,665 [INFO] [Iter 258] LR: 0.00000001
2025-09-05 19:03:35,667 [INFO] No improvement: current loss 1075.187866, best loss 1075.187922
2025-09-05 19:03:35,931 [INFO] [259/300] loss 1075.19 | compact 6.99064 | spectral 19.6407 | recons_loss: 0.159128 | sparse_loss: 1.03291 | 
2025-09-05 19:03:35,932 [INFO] [Iter 259] LR: 0.00000001
2025-09-05 19:03:35,934 [INFO] No improvement: current loss 1075.187866, best loss 1075.187922
2025-09-05 19:03:36,199 [INFO] [260/300] loss 1075.19 | compact 6.99064 | spectral 19.6407 | recons_loss: 0.159128 | sparse_loss: 1.03291 | 
2025-09-05 19:03:36,199 [INFO] [Iter 260] LR: 0.00000001
2025-09-05 19:03:36,200 [INFO] No improvement: current loss 1075.187866, best loss 1075.187922
2025-09-05 19:03:36,470 [INFO] [261/300] loss 1075.19 | compact 6.99064 | spectral 19.6407 | recons_loss: 0.159128 | sparse_loss: 1.03291 | 
2025-09-05 19:03:36,471 [INFO] [Iter 261] LR: 0.00000001
2025-09-05 19:03:36,473 [INFO] No improvement: current loss 1075.187866, best loss 1075.187922
2025-09-05 19:03:36,745 [INFO] [262/300] loss 1075.19 | compact 6.99064 | spectral 19.6407 | recons_loss: 0.159128 | sparse_loss: 1.03291 | 
2025-09-05 19:03:36,745 [INFO] [Iter 262] LR: 0.00000001
2025-09-05 19:03:36,747 [INFO] No improvement: current loss 1075.187866, best loss 1075.187922
2025-09-05 19:03:37,013 [INFO] [263/300] loss 1075.19 | compact 6.99064 | spectral 19.6407 | recons_loss: 0.159128 | sparse_loss: 1.03291 | 
2025-09-05 19:03:37,014 [INFO] [Iter 263] LR: 0.00000001
2025-09-05 19:03:37,015 [INFO] No improvement: current loss 1075.187866, best loss 1075.187922
2025-09-05 19:03:37,280 [INFO] [264/300] loss 1075.19 | compact 6.99064 | spectral 19.6407 | recons_loss: 0.159128 | sparse_loss: 1.03291 | 
2025-09-05 19:03:37,280 [INFO] [Iter 264] LR: 0.00000001
2025-09-05 19:03:37,282 [INFO] No improvement: current loss 1075.187866, best loss 1075.187922
2025-09-05 19:03:37,550 [INFO] [265/300] loss 1075.19 | compact 6.99064 | spectral 19.6407 | recons_loss: 0.159128 | sparse_loss: 1.03291 | 
2025-09-05 19:03:37,550 [INFO] [Iter 265] LR: 0.00000001
2025-09-05 19:03:37,552 [INFO] No improvement: current loss 1075.187866, best loss 1075.187922
2025-09-05 19:03:37,818 [INFO] [266/300] loss 1075.19 | compact 6.99064 | spectral 19.6407 | recons_loss: 0.159128 | sparse_loss: 1.03291 | 
2025-09-05 19:03:37,818 [INFO] [Iter 266] LR: 0.00000001
2025-09-05 19:03:37,820 [INFO] No improvement: current loss 1075.187866, best loss 1075.187922
2025-09-05 19:03:38,098 [INFO] [267/300] loss 1075.19 | compact 6.99064 | spectral 19.6407 | recons_loss: 0.159128 | sparse_loss: 1.03291 | 
2025-09-05 19:03:38,098 [INFO] [Iter 267] LR: 0.00000001
2025-09-05 19:03:38,100 [INFO] No improvement: current loss 1075.187866, best loss 1075.187922
2025-09-05 19:03:38,371 [INFO] [268/300] loss 1075.19 | compact 6.99064 | spectral 19.6407 | recons_loss: 0.159128 | sparse_loss: 1.03291 | 
2025-09-05 19:03:38,373 [INFO] [Iter 268] LR: 0.00000001
2025-09-05 19:03:38,376 [INFO] No improvement: current loss 1075.187866, best loss 1075.187922
2025-09-05 19:03:38,651 [INFO] [269/300] loss 1075.19 | compact 6.99064 | spectral 19.6407 | recons_loss: 0.159128 | sparse_loss: 1.03291 | 
2025-09-05 19:03:38,652 [INFO] [Iter 269] LR: 0.00000001
2025-09-05 19:03:38,653 [INFO] No improvement: current loss 1075.187866, best loss 1075.187922
2025-09-05 19:03:38,924 [INFO] [270/300] loss 1075.19 | compact 6.99064 | spectral 19.6407 | recons_loss: 0.159128 | sparse_loss: 1.03291 | 
2025-09-05 19:03:38,925 [INFO] [Iter 270] LR: 0.00000001
2025-09-05 19:03:38,926 [INFO] No improvement: current loss 1075.187866, best loss 1075.187922
2025-09-05 19:03:39,199 [INFO] [271/300] loss 1075.19 | compact 6.99064 | spectral 19.6407 | recons_loss: 0.159128 | sparse_loss: 1.03291 | 
2025-09-05 19:03:39,199 [INFO] [Iter 271] LR: 0.00000001
2025-09-05 19:03:39,200 [INFO] No improvement: current loss 1075.187866, best loss 1075.187922
2025-09-05 19:03:39,523 [INFO] [272/300] loss 1075.19 | compact 6.99064 | spectral 19.6407 | recons_loss: 0.159128 | sparse_loss: 1.03291 | 
2025-09-05 19:03:39,523 [INFO] [Iter 272] LR: 0.00000001
2025-09-05 19:03:39,524 [INFO] No improvement: current loss 1075.187866, best loss 1075.187922
2025-09-05 19:03:39,787 [INFO] [273/300] loss 1075.19 | compact 6.99064 | spectral 19.6407 | recons_loss: 0.159128 | sparse_loss: 1.03291 | 
2025-09-05 19:03:39,787 [INFO] [Iter 273] LR: 0.00000001
2025-09-05 19:03:39,789 [INFO] No improvement: current loss 1075.187866, best loss 1075.187922
2025-09-05 19:03:40,065 [INFO] [274/300] loss 1075.19 | compact 6.99064 | spectral 19.6407 | recons_loss: 0.159128 | sparse_loss: 1.03291 | 
2025-09-05 19:03:40,065 [INFO] [Iter 274] LR: 0.00000001
2025-09-05 19:03:40,066 [INFO] No improvement: current loss 1075.187866, best loss 1075.187922
2025-09-05 19:03:40,325 [INFO] [275/300] loss 1075.19 | compact 6.99064 | spectral 19.6407 | recons_loss: 0.159128 | sparse_loss: 1.03291 | 
2025-09-05 19:03:40,326 [INFO] [Iter 275] LR: 0.00000001
2025-09-05 19:03:40,328 [INFO] No improvement: current loss 1075.187866, best loss 1075.187922
2025-09-05 19:03:40,600 [INFO] [276/300] loss 1075.19 | compact 6.99064 | spectral 19.6407 | recons_loss: 0.159128 | sparse_loss: 1.03291 | 
2025-09-05 19:03:40,601 [INFO] [Iter 276] LR: 0.00000001
2025-09-05 19:03:40,603 [INFO] No improvement: current loss 1075.187866, best loss 1075.187922
2025-09-05 19:03:40,863 [INFO] [277/300] loss 1075.19 | compact 6.99064 | spectral 19.6407 | recons_loss: 0.159128 | sparse_loss: 1.03291 | 
2025-09-05 19:03:40,864 [INFO] [Iter 277] LR: 0.00000001
2025-09-05 19:03:40,865 [INFO] No improvement: current loss 1075.187866, best loss 1075.187922
2025-09-05 19:03:41,123 [INFO] [278/300] loss 1075.19 | compact 6.99064 | spectral 19.6407 | recons_loss: 0.159128 | sparse_loss: 1.03291 | 
2025-09-05 19:03:41,123 [INFO] [Iter 278] LR: 0.00000001
2025-09-05 19:03:41,125 [INFO] No improvement: current loss 1075.187866, best loss 1075.187922
2025-09-05 19:03:41,390 [INFO] [279/300] loss 1075.19 | compact 6.99064 | spectral 19.6407 | recons_loss: 0.159128 | sparse_loss: 1.03291 | 
2025-09-05 19:03:41,390 [INFO] [Iter 279] LR: 0.00000001
2025-09-05 19:03:41,391 [INFO] No improvement: current loss 1075.187866, best loss 1075.187922
2025-09-05 19:03:41,650 [INFO] [280/300] loss 1075.19 | compact 6.99064 | spectral 19.6407 | recons_loss: 0.159128 | sparse_loss: 1.03291 | 
2025-09-05 19:03:41,650 [INFO] [Iter 280] LR: 0.00000001
2025-09-05 19:03:41,652 [INFO] No improvement: current loss 1075.187866, best loss 1075.187922
2025-09-05 19:03:41,909 [INFO] [281/300] loss 1075.19 | compact 6.99064 | spectral 19.6407 | recons_loss: 0.159128 | sparse_loss: 1.03291 | 
2025-09-05 19:03:41,910 [INFO] [Iter 281] LR: 0.00000001
2025-09-05 19:03:41,912 [INFO] No improvement: current loss 1075.187866, best loss 1075.187922
2025-09-05 19:03:42,174 [INFO] [282/300] loss 1075.19 | compact 6.99064 | spectral 19.6407 | recons_loss: 0.159128 | sparse_loss: 1.03291 | 
2025-09-05 19:03:42,175 [INFO] [Iter 282] LR: 0.00000001
2025-09-05 19:03:42,176 [INFO] No improvement: current loss 1075.187866, best loss 1075.187922
2025-09-05 19:03:42,435 [INFO] [283/300] loss 1075.19 | compact 6.99064 | spectral 19.6407 | recons_loss: 0.159128 | sparse_loss: 1.03291 | 
2025-09-05 19:03:42,435 [INFO] [Iter 283] LR: 0.00000001
2025-09-05 19:03:42,437 [INFO] No improvement: current loss 1075.187866, best loss 1075.187922
2025-09-05 19:03:42,697 [INFO] [284/300] loss 1075.19 | compact 6.99064 | spectral 19.6407 | recons_loss: 0.159128 | sparse_loss: 1.03291 | 
2025-09-05 19:03:42,698 [INFO] [Iter 284] LR: 0.00000001
2025-09-05 19:03:42,700 [INFO] No improvement: current loss 1075.187866, best loss 1075.187922
2025-09-05 19:03:42,962 [INFO] [285/300] loss 1075.19 | compact 6.99064 | spectral 19.6407 | recons_loss: 0.159128 | sparse_loss: 1.03291 | 
2025-09-05 19:03:42,962 [INFO] [Iter 285] LR: 0.00000001
2025-09-05 19:03:42,963 [INFO] No improvement: current loss 1075.187866, best loss 1075.187922
2025-09-05 19:03:43,227 [INFO] [286/300] loss 1075.19 | compact 6.99064 | spectral 19.6407 | recons_loss: 0.159128 | sparse_loss: 1.03291 | 
2025-09-05 19:03:43,228 [INFO] [Iter 286] LR: 0.00000001
2025-09-05 19:03:43,229 [INFO] No improvement: current loss 1075.187866, best loss 1075.187922
2025-09-05 19:03:43,488 [INFO] [287/300] loss 1075.19 | compact 6.99064 | spectral 19.6407 | recons_loss: 0.159128 | sparse_loss: 1.03291 | 
2025-09-05 19:03:43,488 [INFO] [Iter 287] LR: 0.00000001
2025-09-05 19:03:43,490 [INFO] No improvement: current loss 1075.187866, best loss 1075.187922
2025-09-05 19:03:43,768 [INFO] [288/300] loss 1075.19 | compact 6.99064 | spectral 19.6407 | recons_loss: 0.159128 | sparse_loss: 1.03291 | 
2025-09-05 19:03:43,769 [INFO] [Iter 288] LR: 0.00000001
2025-09-05 19:03:43,770 [INFO] No improvement: current loss 1075.187866, best loss 1075.187922
2025-09-05 19:03:44,035 [INFO] [289/300] loss 1075.19 | compact 6.99064 | spectral 19.6407 | recons_loss: 0.159128 | sparse_loss: 1.03291 | 
2025-09-05 19:03:44,036 [INFO] [Iter 289] LR: 0.00000001
2025-09-05 19:03:44,037 [INFO] No improvement: current loss 1075.187866, best loss 1075.187922
2025-09-05 19:03:44,309 [INFO] [290/300] loss 1075.19 | compact 6.99064 | spectral 19.6407 | recons_loss: 0.159128 | sparse_loss: 1.03291 | 
2025-09-05 19:03:44,310 [INFO] [Iter 290] LR: 0.00000001
2025-09-05 19:03:44,311 [INFO] No improvement: current loss 1075.187866, best loss 1075.187922
2025-09-05 19:03:44,590 [INFO] [291/300] loss 1075.19 | compact 6.99064 | spectral 19.6407 | recons_loss: 0.159128 | sparse_loss: 1.03291 | 
2025-09-05 19:03:44,590 [INFO] [Iter 291] LR: 0.00000001
2025-09-05 19:03:44,592 [INFO] No improvement: current loss 1075.187866, best loss 1075.187922
2025-09-05 19:03:44,860 [INFO] [292/300] loss 1075.19 | compact 6.99064 | spectral 19.6407 | recons_loss: 0.159128 | sparse_loss: 1.03291 | 
2025-09-05 19:03:44,861 [INFO] [Iter 292] LR: 0.00000001
2025-09-05 19:03:44,862 [INFO] No improvement: current loss 1075.187866, best loss 1075.187922
2025-09-05 19:03:45,132 [INFO] [293/300] loss 1075.19 | compact 6.99064 | spectral 19.6407 | recons_loss: 0.159128 | sparse_loss: 1.03291 | 
2025-09-05 19:03:45,133 [INFO] [Iter 293] LR: 0.00000001
2025-09-05 19:03:45,135 [INFO] No improvement: current loss 1075.187866, best loss 1075.187922
2025-09-05 19:03:45,409 [INFO] [294/300] loss 1075.19 | compact 6.99064 | spectral 19.6407 | recons_loss: 0.159128 | sparse_loss: 1.03291 | 
2025-09-05 19:03:45,410 [INFO] [Iter 294] LR: 0.00000001
2025-09-05 19:03:45,411 [INFO] No improvement: current loss 1075.187866, best loss 1075.187922
2025-09-05 19:03:45,684 [INFO] [295/300] loss 1075.19 | compact 6.99064 | spectral 19.6407 | recons_loss: 0.159128 | sparse_loss: 1.03291 | 
2025-09-05 19:03:45,684 [INFO] [Iter 295] LR: 0.00000001
2025-09-05 19:03:45,686 [INFO] No improvement: current loss 1075.187866, best loss 1075.187922
2025-09-05 19:03:45,958 [INFO] [296/300] loss 1075.19 | compact 6.99064 | spectral 19.6407 | recons_loss: 0.159128 | sparse_loss: 1.03291 | 
2025-09-05 19:03:45,959 [INFO] [Iter 296] LR: 0.00000001
2025-09-05 19:03:45,960 [INFO] No improvement: current loss 1075.187866, best loss 1075.187922
2025-09-05 19:03:46,224 [INFO] [297/300] loss 1075.19 | compact 6.99064 | spectral 19.6407 | recons_loss: 0.159128 | sparse_loss: 1.03291 | 
2025-09-05 19:03:46,224 [INFO] [Iter 297] LR: 0.00000001
2025-09-05 19:03:46,225 [INFO] No improvement: current loss 1075.187866, best loss 1075.187922
2025-09-05 19:03:46,488 [INFO] [298/300] loss 1075.19 | compact 6.99064 | spectral 19.6407 | recons_loss: 0.159128 | sparse_loss: 1.03291 | 
2025-09-05 19:03:46,488 [INFO] [Iter 298] LR: 0.00000001
2025-09-05 19:03:46,489 [INFO] No improvement: current loss 1075.187866, best loss 1075.187922
2025-09-05 19:03:46,558 [INFO] H: 160, W: 150
2025-09-05 19:03:46,663 [INFO] [0 1 2 3 4 5 6]
2025-09-05 19:03:46,835 [INFO] y_target: [1 2 3 4 5 6 7]
2025-09-05 19:03:46,835 [INFO] y_predict: [0 1 2 3 4 5 6]
2025-09-05 19:03:47,006 [INFO] Epoch = 299 OA = 0.7937 Kappa = 0.7565 NMI = 0.7202
2025-09-05 19:03:47,220 [INFO] [299/300] loss 1075.19 | compact 6.99064 | spectral 19.6407 | recons_loss: 0.159128 | sparse_loss: 1.03291 | 
2025-09-05 19:03:47,221 [INFO] [Iter 299] LR: 0.00000001
2025-09-05 19:03:47,222 [INFO] No improvement: current loss 1075.187866, best loss 1075.187922
2025-09-05 19:03:47,222 [INFO] Training finished. Best model loaded.
