2025-09-05 18:14:38,386 [INFO] ========== Training Configuration ==========
2025-09-05 18:14:38,387 [INFO] out_dir: ./log
2025-09-05 18:14:38,387 [INFO] lr: 0.1
2025-09-05 18:14:38,387 [INFO] train_iter: 300
2025-09-05 18:14:38,387 [INFO] niter: 5
2025-09-05 18:14:38,387 [INFO] nspix: 300
2025-09-05 18:14:38,387 [INFO] weight: weight
2025-09-05 18:14:38,387 [INFO] weight_representation: 65.0
2025-09-05 18:14:38,387 [INFO] weight_noise: 50.0
2025-09-05 18:14:38,387 [INFO] dataset: urban
2025-09-05 18:14:38,387 [INFO] device: cuda:0
2025-09-05 18:14:38,388 [INFO] log: urban1
2025-09-05 18:14:38,388 [INFO] ============================================
2025-09-05 18:14:58,493 [INFO] H: 160, W: 150
2025-09-05 18:14:58,677 [INFO] [0 1 2 3 4 5 6]
2025-09-05 18:15:00,728 [INFO] y_target: [1 2 3 4 5 6 7]
2025-09-05 18:15:00,728 [INFO] y_predict: [0 1 2 3 4 5 6]
2025-09-05 18:15:00,941 [INFO] Epoch = 0 OA = 0.8095 Kappa = 0.7746 NMI = 0.7239
2025-09-05 18:15:01,571 [INFO] [0/300] loss 449.821 | compact 6.9117 | spectral 19.6366 | recons_loss: 0.235515 | sparse_loss: 1.04431 | 
2025-09-05 18:15:01,571 [INFO] [Iter 0] LR: 0.10000000
2025-09-05 18:15:01,573 [INFO] Saving best model at iteration 0
2025-09-05 18:15:01,843 [INFO] [1/300] loss 449.654 | compact 6.91152 | spectral 19.6154 | recons_loss: 0.234589 | sparse_loss: 1.04427 | 
2025-09-05 18:15:01,843 [INFO] [Iter 1] LR: 0.10000000
2025-09-05 18:15:01,844 [INFO] Saving best model at iteration 1
2025-09-05 18:15:02,115 [INFO] [2/300] loss 449.384 | compact 6.91127 | spectral 19.5824 | recons_loss: 0.233013 | sparse_loss: 1.04408 | 
2025-09-05 18:15:02,115 [INFO] [Iter 2] LR: 0.10000000
2025-09-05 18:15:02,117 [INFO] Saving best model at iteration 2
2025-09-05 18:15:02,373 [INFO] [3/300] loss 449.065 | compact 6.91172 | spectral 19.5326 | recons_loss: 0.230959 | sparse_loss: 1.04379 | 
2025-09-05 18:15:02,373 [INFO] [Iter 3] LR: 0.10000000
2025-09-05 18:15:02,374 [INFO] Saving best model at iteration 3
2025-09-05 18:15:02,635 [INFO] [4/300] loss 448.731 | compact 6.91315 | spectral 19.4795 | recons_loss: 0.228599 | sparse_loss: 1.04344 | 
2025-09-05 18:15:02,636 [INFO] [Iter 4] LR: 0.10000000
2025-09-05 18:15:02,637 [INFO] Saving best model at iteration 4
2025-09-05 18:15:02,902 [INFO] [5/300] loss 448.41 | compact 6.91043 | spectral 19.4344 | recons_loss: 0.226062 | sparse_loss: 1.04309 | 
2025-09-05 18:15:02,902 [INFO] [Iter 5] LR: 0.10000000
2025-09-05 18:15:02,904 [INFO] Saving best model at iteration 5
2025-09-05 18:15:03,168 [INFO] [6/300] loss 448.102 | compact 6.90515 | spectral 19.3911 | recons_loss: 0.223456 | sparse_loss: 1.04275 | 
2025-09-05 18:15:03,168 [INFO] [Iter 6] LR: 0.10000000
2025-09-05 18:15:03,169 [INFO] Saving best model at iteration 6
2025-09-05 18:15:03,425 [INFO] [7/300] loss 447.801 | compact 6.90148 | spectral 19.3428 | recons_loss: 0.220854 | sparse_loss: 1.04243 | 
2025-09-05 18:15:03,426 [INFO] [Iter 7] LR: 0.10000000
2025-09-05 18:15:03,427 [INFO] Saving best model at iteration 7
2025-09-05 18:15:03,690 [INFO] [8/300] loss 447.52 | compact 6.89799 | spectral 19.3044 | recons_loss: 0.218322 | sparse_loss: 1.04209 | 
2025-09-05 18:15:03,690 [INFO] [Iter 8] LR: 0.10000000
2025-09-05 18:15:03,691 [INFO] Saving best model at iteration 8
2025-09-05 18:15:03,957 [INFO] [9/300] loss 447.233 | compact 6.89454 | spectral 19.2641 | recons_loss: 0.2159 | sparse_loss: 1.04173 | 
2025-09-05 18:15:03,957 [INFO] [Iter 9] LR: 0.10000000
2025-09-05 18:15:03,958 [INFO] Saving best model at iteration 9
2025-09-05 18:15:04,225 [INFO] [10/300] loss 446.957 | compact 6.89281 | spectral 19.2298 | recons_loss: 0.213596 | sparse_loss: 1.04133 | 
2025-09-05 18:15:04,225 [INFO] [Iter 10] LR: 0.10000000
2025-09-05 18:15:04,226 [INFO] Saving best model at iteration 10
2025-09-05 18:15:04,498 [INFO] [11/300] loss 446.698 | compact 6.89108 | spectral 19.2015 | recons_loss: 0.211462 | sparse_loss: 1.04094 | 
2025-09-05 18:15:04,498 [INFO] [Iter 11] LR: 0.10000000
2025-09-05 18:15:04,500 [INFO] Saving best model at iteration 11
2025-09-05 18:15:04,757 [INFO] [12/300] loss 446.456 | compact 6.88846 | spectral 19.18 | recons_loss: 0.209498 | sparse_loss: 1.04058 | 
2025-09-05 18:15:04,758 [INFO] [Iter 12] LR: 0.10000000
2025-09-05 18:15:04,759 [INFO] Saving best model at iteration 12
2025-09-05 18:15:05,016 [INFO] [13/300] loss 446.246 | compact 6.88671 | spectral 19.1626 | recons_loss: 0.207741 | sparse_loss: 1.04024 | 
2025-09-05 18:15:05,016 [INFO] [Iter 13] LR: 0.10000000
2025-09-05 18:15:05,017 [INFO] Saving best model at iteration 13
2025-09-05 18:15:05,274 [INFO] [14/300] loss 446.05 | compact 6.88555 | spectral 19.1487 | recons_loss: 0.206149 | sparse_loss: 1.03995 | 
2025-09-05 18:15:05,275 [INFO] [Iter 14] LR: 0.10000000
2025-09-05 18:15:05,276 [INFO] Saving best model at iteration 14
2025-09-05 18:15:05,533 [INFO] [15/300] loss 445.87 | compact 6.88486 | spectral 19.1395 | recons_loss: 0.204714 | sparse_loss: 1.0397 | 
2025-09-05 18:15:05,533 [INFO] [Iter 15] LR: 0.05000000
2025-09-05 18:15:05,534 [INFO] Saving best model at iteration 15
2025-09-05 18:15:05,792 [INFO] [16/300] loss 445.716 | compact 6.88297 | spectral 19.1434 | recons_loss: 0.203442 | sparse_loss: 1.03946 | 
2025-09-05 18:15:05,792 [INFO] [Iter 16] LR: 0.05000000
2025-09-05 18:15:05,794 [INFO] Saving best model at iteration 16
2025-09-05 18:15:06,051 [INFO] [17/300] loss 445.567 | compact 6.8809 | spectral 19.1478 | recons_loss: 0.20229 | sparse_loss: 1.03922 | 
2025-09-05 18:15:06,051 [INFO] [Iter 17] LR: 0.05000000
2025-09-05 18:15:06,053 [INFO] Saving best model at iteration 17
2025-09-05 18:15:06,313 [INFO] [18/300] loss 445.424 | compact 6.87792 | spectral 19.1526 | recons_loss: 0.201265 | sparse_loss: 1.03899 | 
2025-09-05 18:15:06,314 [INFO] [Iter 18] LR: 0.05000000
2025-09-05 18:15:06,315 [INFO] Saving best model at iteration 18
2025-09-05 18:15:06,585 [INFO] [19/300] loss 445.277 | compact 6.87412 | spectral 19.1504 | recons_loss: 0.200307 | sparse_loss: 1.03876 | 
2025-09-05 18:15:06,585 [INFO] [Iter 19] LR: 0.05000000
2025-09-05 18:15:06,586 [INFO] Saving best model at iteration 19
2025-09-05 18:15:06,843 [INFO] [20/300] loss 445.134 | compact 6.87161 | spectral 19.1477 | recons_loss: 0.199436 | sparse_loss: 1.03854 | 
2025-09-05 18:15:06,844 [INFO] [Iter 20] LR: 0.05000000
2025-09-05 18:15:06,845 [INFO] Saving best model at iteration 20
2025-09-05 18:15:07,102 [INFO] [21/300] loss 445.004 | compact 6.86852 | spectral 19.1464 | recons_loss: 0.198661 | sparse_loss: 1.03834 | 
2025-09-05 18:15:07,103 [INFO] [Iter 21] LR: 0.05000000
2025-09-05 18:15:07,104 [INFO] Saving best model at iteration 21
2025-09-05 18:15:07,360 [INFO] [22/300] loss 444.877 | compact 6.86647 | spectral 19.1446 | recons_loss: 0.197952 | sparse_loss: 1.03815 | 
2025-09-05 18:15:07,361 [INFO] [Iter 22] LR: 0.05000000
2025-09-05 18:15:07,364 [INFO] Saving best model at iteration 22
2025-09-05 18:15:07,623 [INFO] [23/300] loss 444.757 | compact 6.8637 | spectral 19.1462 | recons_loss: 0.197301 | sparse_loss: 1.03798 | 
2025-09-05 18:15:07,623 [INFO] [Iter 23] LR: 0.05000000
2025-09-05 18:15:07,624 [INFO] Saving best model at iteration 23
2025-09-05 18:15:07,882 [INFO] [24/300] loss 444.643 | compact 6.86166 | spectral 19.1471 | recons_loss: 0.196705 | sparse_loss: 1.03784 | 
2025-09-05 18:15:07,882 [INFO] [Iter 24] LR: 0.05000000
2025-09-05 18:15:07,883 [INFO] Saving best model at iteration 24
2025-09-05 18:15:08,146 [INFO] [25/300] loss 444.534 | compact 6.85982 | spectral 19.1486 | recons_loss: 0.196166 | sparse_loss: 1.03771 | 
2025-09-05 18:15:08,146 [INFO] [Iter 25] LR: 0.05000000
2025-09-05 18:15:08,148 [INFO] Saving best model at iteration 25
2025-09-05 18:15:08,411 [INFO] [26/300] loss 444.433 | compact 6.85745 | spectral 19.1511 | recons_loss: 0.195678 | sparse_loss: 1.03759 | 
2025-09-05 18:15:08,412 [INFO] [Iter 26] LR: 0.05000000
2025-09-05 18:15:08,413 [INFO] Saving best model at iteration 26
2025-09-05 18:15:08,678 [INFO] [27/300] loss 444.337 | compact 6.85602 | spectral 19.1536 | recons_loss: 0.195232 | sparse_loss: 1.03748 | 
2025-09-05 18:15:08,679 [INFO] [Iter 27] LR: 0.05000000
2025-09-05 18:15:08,680 [INFO] Saving best model at iteration 27
2025-09-05 18:15:08,938 [INFO] [28/300] loss 444.245 | compact 6.85459 | spectral 19.1558 | recons_loss: 0.19483 | sparse_loss: 1.03738 | 
2025-09-05 18:15:08,939 [INFO] [Iter 28] LR: 0.05000000
2025-09-05 18:15:08,940 [INFO] Saving best model at iteration 28
2025-09-05 18:15:09,212 [INFO] [29/300] loss 444.153 | compact 6.85477 | spectral 19.1553 | recons_loss: 0.194457 | sparse_loss: 1.03727 | 
2025-09-05 18:15:09,212 [INFO] [Iter 29] LR: 0.05000000
2025-09-05 18:15:09,213 [INFO] Saving best model at iteration 29
2025-09-05 18:15:09,472 [INFO] [30/300] loss 444.068 | compact 6.85459 | spectral 19.1556 | recons_loss: 0.194117 | sparse_loss: 1.03718 | 
2025-09-05 18:15:09,472 [INFO] [Iter 30] LR: 0.05000000
2025-09-05 18:15:09,474 [INFO] Saving best model at iteration 30
2025-09-05 18:15:09,752 [INFO] [31/300] loss 443.991 | compact 6.85393 | spectral 19.1561 | recons_loss: 0.193822 | sparse_loss: 1.03709 | 
2025-09-05 18:15:09,753 [INFO] [Iter 31] LR: 0.05000000
2025-09-05 18:15:09,754 [INFO] Saving best model at iteration 31
2025-09-05 18:15:10,012 [INFO] [32/300] loss 443.92 | compact 6.85371 | spectral 19.158 | recons_loss: 0.193548 | sparse_loss: 1.03702 | 
2025-09-05 18:15:10,012 [INFO] [Iter 32] LR: 0.05000000
2025-09-05 18:15:10,013 [INFO] Saving best model at iteration 32
2025-09-05 18:15:10,270 [INFO] [33/300] loss 443.852 | compact 6.85411 | spectral 19.1589 | recons_loss: 0.193302 | sparse_loss: 1.03694 | 
2025-09-05 18:15:10,270 [INFO] [Iter 33] LR: 0.05000000
2025-09-05 18:15:10,272 [INFO] Saving best model at iteration 33
2025-09-05 18:15:10,530 [INFO] [34/300] loss 443.788 | compact 6.85453 | spectral 19.16 | recons_loss: 0.193079 | sparse_loss: 1.03687 | 
2025-09-05 18:15:10,530 [INFO] [Iter 34] LR: 0.05000000
2025-09-05 18:15:10,532 [INFO] Saving best model at iteration 34
2025-09-05 18:15:10,798 [INFO] [35/300] loss 443.731 | compact 6.85465 | spectral 19.1626 | recons_loss: 0.192871 | sparse_loss: 1.03681 | 
2025-09-05 18:15:10,799 [INFO] [Iter 35] LR: 0.05000000
2025-09-05 18:15:10,801 [INFO] Saving best model at iteration 35
2025-09-05 18:15:11,072 [INFO] [36/300] loss 443.674 | compact 6.85505 | spectral 19.1644 | recons_loss: 0.19267 | sparse_loss: 1.03675 | 
2025-09-05 18:15:11,072 [INFO] [Iter 36] LR: 0.05000000
2025-09-05 18:15:11,074 [INFO] Saving best model at iteration 36
2025-09-05 18:15:11,345 [INFO] [37/300] loss 443.62 | compact 6.8559 | spectral 19.1651 | recons_loss: 0.19249 | sparse_loss: 1.03669 | 
2025-09-05 18:15:11,346 [INFO] [Iter 37] LR: 0.05000000
2025-09-05 18:15:11,347 [INFO] Saving best model at iteration 37
2025-09-05 18:15:11,604 [INFO] [38/300] loss 443.569 | compact 6.85707 | spectral 19.1661 | recons_loss: 0.192317 | sparse_loss: 1.03664 | 
2025-09-05 18:15:11,604 [INFO] [Iter 38] LR: 0.05000000
2025-09-05 18:15:11,605 [INFO] Saving best model at iteration 38
2025-09-05 18:15:11,865 [INFO] [39/300] loss 443.521 | compact 6.85731 | spectral 19.1682 | recons_loss: 0.192157 | sparse_loss: 1.03659 | 
2025-09-05 18:15:11,865 [INFO] [Iter 39] LR: 0.05000000
2025-09-05 18:15:11,866 [INFO] Saving best model at iteration 39
2025-09-05 18:15:12,123 [INFO] [40/300] loss 443.474 | compact 6.85819 | spectral 19.1687 | recons_loss: 0.192014 | sparse_loss: 1.03654 | 
2025-09-05 18:15:12,123 [INFO] [Iter 40] LR: 0.05000000
2025-09-05 18:15:12,126 [INFO] Saving best model at iteration 40
2025-09-05 18:15:12,391 [INFO] [41/300] loss 443.431 | compact 6.85968 | spectral 19.1714 | recons_loss: 0.191866 | sparse_loss: 1.0365 | 
2025-09-05 18:15:12,391 [INFO] [Iter 41] LR: 0.05000000
2025-09-05 18:15:12,393 [INFO] Saving best model at iteration 41
2025-09-05 18:15:12,657 [INFO] [42/300] loss 443.388 | compact 6.8606 | spectral 19.1756 | recons_loss: 0.191717 | sparse_loss: 1.03646 | 
2025-09-05 18:15:12,657 [INFO] [Iter 42] LR: 0.05000000
2025-09-05 18:15:12,658 [INFO] Saving best model at iteration 42
2025-09-05 18:15:12,915 [INFO] [43/300] loss 443.356 | compact 6.86004 | spectral 19.1831 | recons_loss: 0.191605 | sparse_loss: 1.03643 | 
2025-09-05 18:15:12,915 [INFO] [Iter 43] LR: 0.05000000
2025-09-05 18:15:12,916 [INFO] Saving best model at iteration 43
2025-09-05 18:15:13,182 [INFO] [44/300] loss 443.318 | compact 6.86015 | spectral 19.1858 | recons_loss: 0.191505 | sparse_loss: 1.03639 | 
2025-09-05 18:15:13,182 [INFO] [Iter 44] LR: 0.05000000
2025-09-05 18:15:13,183 [INFO] Saving best model at iteration 44
2025-09-05 18:15:13,440 [INFO] [45/300] loss 443.279 | compact 6.85995 | spectral 19.1867 | recons_loss: 0.191413 | sparse_loss: 1.03635 | 
2025-09-05 18:15:13,440 [INFO] [Iter 45] LR: 0.05000000
2025-09-05 18:15:13,442 [INFO] Saving best model at iteration 45
2025-09-05 18:15:13,704 [INFO] [46/300] loss 443.243 | compact 6.85984 | spectral 19.1883 | recons_loss: 0.191322 | sparse_loss: 1.03631 | 
2025-09-05 18:15:13,704 [INFO] [Iter 46] LR: 0.05000000
2025-09-05 18:15:13,705 [INFO] Saving best model at iteration 46
2025-09-05 18:15:13,964 [INFO] [47/300] loss 443.208 | compact 6.86029 | spectral 19.1889 | recons_loss: 0.191224 | sparse_loss: 1.03626 | 
2025-09-05 18:15:13,965 [INFO] [Iter 47] LR: 0.05000000
2025-09-05 18:15:13,967 [INFO] Saving best model at iteration 47
2025-09-05 18:15:14,227 [INFO] [48/300] loss 443.173 | compact 6.8609 | spectral 19.1899 | recons_loss: 0.191128 | sparse_loss: 1.03622 | 
2025-09-05 18:15:14,228 [INFO] [Iter 48] LR: 0.05000000
2025-09-05 18:15:14,230 [INFO] Saving best model at iteration 48
2025-09-05 18:15:14,491 [INFO] [49/300] loss 443.14 | compact 6.86161 | spectral 19.1918 | recons_loss: 0.191033 | sparse_loss: 1.03619 | 
2025-09-05 18:15:14,491 [INFO] [Iter 49] LR: 0.05000000
2025-09-05 18:15:14,493 [INFO] Saving best model at iteration 49
2025-09-05 18:15:14,579 [INFO] H: 160, W: 150
2025-09-05 18:15:14,693 [INFO] [0 1 2 3 4 5 6]
2025-09-05 18:15:15,004 [INFO] y_target: [1 2 3 4 5 6 7]
2025-09-05 18:15:15,004 [INFO] y_predict: [0 1 2 3 4 5 6]
2025-09-05 18:15:15,377 [INFO] Epoch = 50 OA = 0.8374 Kappa = 0.8078 NMI = 0.7420
2025-09-05 18:15:15,587 [INFO] [50/300] loss 443.108 | compact 6.86179 | spectral 19.194 | recons_loss: 0.190936 | sparse_loss: 1.03615 | 
2025-09-05 18:15:15,588 [INFO] [Iter 50] LR: 0.05000000
2025-09-05 18:15:15,591 [INFO] Saving best model at iteration 50
2025-09-05 18:15:15,849 [INFO] [51/300] loss 443.08 | compact 6.86181 | spectral 19.197 | recons_loss: 0.190837 | sparse_loss: 1.03611 | 
2025-09-05 18:15:15,849 [INFO] [Iter 51] LR: 0.02500000
2025-09-05 18:15:15,850 [INFO] Saving best model at iteration 51
2025-09-05 18:15:16,106 [INFO] [52/300] loss 443.055 | compact 6.86216 | spectral 19.2 | recons_loss: 0.190741 | sparse_loss: 1.03608 | 
2025-09-05 18:15:16,107 [INFO] [Iter 52] LR: 0.02500000
2025-09-05 18:15:16,108 [INFO] Saving best model at iteration 52
2025-09-05 18:15:16,365 [INFO] [53/300] loss 443.031 | compact 6.86301 | spectral 19.2024 | recons_loss: 0.190646 | sparse_loss: 1.03605 | 
2025-09-05 18:15:16,365 [INFO] [Iter 53] LR: 0.02500000
2025-09-05 18:15:16,367 [INFO] Saving best model at iteration 53
2025-09-05 18:15:16,625 [INFO] [54/300] loss 443.007 | compact 6.86357 | spectral 19.2045 | recons_loss: 0.190556 | sparse_loss: 1.03601 | 
2025-09-05 18:15:16,626 [INFO] [Iter 54] LR: 0.02500000
2025-09-05 18:15:16,627 [INFO] Saving best model at iteration 54
2025-09-05 18:15:16,891 [INFO] [55/300] loss 442.983 | compact 6.86416 | spectral 19.2063 | recons_loss: 0.190474 | sparse_loss: 1.03598 | 
2025-09-05 18:15:16,891 [INFO] [Iter 55] LR: 0.02500000
2025-09-05 18:15:16,893 [INFO] Saving best model at iteration 55
2025-09-05 18:15:17,150 [INFO] [56/300] loss 442.96 | compact 6.86464 | spectral 19.2089 | recons_loss: 0.190394 | sparse_loss: 1.03595 | 
2025-09-05 18:15:17,151 [INFO] [Iter 56] LR: 0.02500000
2025-09-05 18:15:17,152 [INFO] Saving best model at iteration 56
2025-09-05 18:15:17,413 [INFO] [57/300] loss 442.94 | compact 6.86552 | spectral 19.2101 | recons_loss: 0.190324 | sparse_loss: 1.03593 | 
2025-09-05 18:15:17,414 [INFO] [Iter 57] LR: 0.02500000
2025-09-05 18:15:17,416 [INFO] Saving best model at iteration 57
2025-09-05 18:15:17,674 [INFO] [58/300] loss 442.92 | compact 6.86645 | spectral 19.2112 | recons_loss: 0.190256 | sparse_loss: 1.03591 | 
2025-09-05 18:15:17,675 [INFO] [Iter 58] LR: 0.01250000
2025-09-05 18:15:17,677 [INFO] Saving best model at iteration 58
2025-09-05 18:15:17,951 [INFO] [59/300] loss 442.9 | compact 6.86748 | spectral 19.2118 | recons_loss: 0.19019 | sparse_loss: 1.03589 | 
2025-09-05 18:15:17,951 [INFO] [Iter 59] LR: 0.01250000
2025-09-05 18:15:17,952 [INFO] Saving best model at iteration 59
2025-09-05 18:15:18,210 [INFO] [60/300] loss 442.881 | compact 6.86822 | spectral 19.2127 | recons_loss: 0.190128 | sparse_loss: 1.03587 | 
2025-09-05 18:15:18,211 [INFO] [Iter 60] LR: 0.01250000
2025-09-05 18:15:18,212 [INFO] Saving best model at iteration 60
2025-09-05 18:15:18,473 [INFO] [61/300] loss 442.863 | compact 6.86893 | spectral 19.2133 | recons_loss: 0.19007 | sparse_loss: 1.03585 | 
2025-09-05 18:15:18,474 [INFO] [Iter 61] LR: 0.01250000
2025-09-05 18:15:18,477 [INFO] Saving best model at iteration 61
2025-09-05 18:15:18,741 [INFO] [62/300] loss 442.845 | compact 6.86963 | spectral 19.2137 | recons_loss: 0.190016 | sparse_loss: 1.03584 | 
2025-09-05 18:15:18,742 [INFO] [Iter 62] LR: 0.01250000
2025-09-05 18:15:18,743 [INFO] Saving best model at iteration 62
2025-09-05 18:15:19,005 [INFO] [63/300] loss 442.827 | compact 6.87019 | spectral 19.2141 | recons_loss: 0.189965 | sparse_loss: 1.03582 | 
2025-09-05 18:15:19,005 [INFO] [Iter 63] LR: 0.00625000
2025-09-05 18:15:19,007 [INFO] Saving best model at iteration 63
2025-09-05 18:15:19,265 [INFO] [64/300] loss 442.81 | compact 6.87089 | spectral 19.2142 | recons_loss: 0.189917 | sparse_loss: 1.03581 | 
2025-09-05 18:15:19,266 [INFO] [Iter 64] LR: 0.00625000
2025-09-05 18:15:19,268 [INFO] Saving best model at iteration 64
2025-09-05 18:15:19,529 [INFO] [65/300] loss 442.794 | compact 6.87155 | spectral 19.2142 | recons_loss: 0.189874 | sparse_loss: 1.03579 | 
2025-09-05 18:15:19,529 [INFO] [Iter 65] LR: 0.00625000
2025-09-05 18:15:19,530 [INFO] Saving best model at iteration 65
2025-09-05 18:15:19,796 [INFO] [66/300] loss 442.779 | compact 6.87216 | spectral 19.2141 | recons_loss: 0.189835 | sparse_loss: 1.03578 | 
2025-09-05 18:15:19,796 [INFO] [Iter 66] LR: 0.00625000
2025-09-05 18:15:19,798 [INFO] Saving best model at iteration 66
2025-09-05 18:15:20,054 [INFO] [67/300] loss 442.764 | compact 6.87267 | spectral 19.2141 | recons_loss: 0.189798 | sparse_loss: 1.03577 | 
2025-09-05 18:15:20,055 [INFO] [Iter 67] LR: 0.00312500
2025-09-05 18:15:20,057 [INFO] Saving best model at iteration 67
2025-09-05 18:15:20,318 [INFO] [68/300] loss 442.751 | compact 6.87336 | spectral 19.2137 | recons_loss: 0.189766 | sparse_loss: 1.03576 | 
2025-09-05 18:15:20,318 [INFO] [Iter 68] LR: 0.00312500
2025-09-05 18:15:20,320 [INFO] Saving best model at iteration 68
2025-09-05 18:15:20,578 [INFO] [69/300] loss 442.737 | compact 6.87411 | spectral 19.2129 | recons_loss: 0.189736 | sparse_loss: 1.03574 | 
2025-09-05 18:15:20,578 [INFO] [Iter 69] LR: 0.00312500
2025-09-05 18:15:20,579 [INFO] Saving best model at iteration 69
2025-09-05 18:15:20,836 [INFO] [70/300] loss 442.725 | compact 6.87451 | spectral 19.2126 | recons_loss: 0.189708 | sparse_loss: 1.03573 | 
2025-09-05 18:15:20,837 [INFO] [Iter 70] LR: 0.00156250
2025-09-05 18:15:20,838 [INFO] Saving best model at iteration 70
2025-09-05 18:15:21,095 [INFO] [71/300] loss 442.714 | compact 6.87494 | spectral 19.2124 | recons_loss: 0.189682 | sparse_loss: 1.03572 | 
2025-09-05 18:15:21,095 [INFO] [Iter 71] LR: 0.00156250
2025-09-05 18:15:21,096 [INFO] Saving best model at iteration 71
2025-09-05 18:15:21,357 [INFO] [72/300] loss 442.704 | compact 6.87532 | spectral 19.2122 | recons_loss: 0.18966 | sparse_loss: 1.03571 | 
2025-09-05 18:15:21,359 [INFO] [Iter 72] LR: 0.00156250
2025-09-05 18:15:21,361 [INFO] Saving best model at iteration 72
2025-09-05 18:15:21,619 [INFO] [73/300] loss 442.694 | compact 6.87561 | spectral 19.212 | recons_loss: 0.189638 | sparse_loss: 1.0357 | 
2025-09-05 18:15:21,619 [INFO] [Iter 73] LR: 0.00156250
2025-09-05 18:15:21,620 [INFO] Saving best model at iteration 73
2025-09-05 18:15:21,878 [INFO] [74/300] loss 442.685 | compact 6.87593 | spectral 19.2117 | recons_loss: 0.189618 | sparse_loss: 1.03569 | 
2025-09-05 18:15:21,879 [INFO] [Iter 74] LR: 0.00156250
2025-09-05 18:15:21,881 [INFO] Saving best model at iteration 74
2025-09-05 18:15:22,146 [INFO] [75/300] loss 442.676 | compact 6.87623 | spectral 19.2114 | recons_loss: 0.189601 | sparse_loss: 1.03568 | 
2025-09-05 18:15:22,146 [INFO] [Iter 75] LR: 0.00156250
2025-09-05 18:15:22,147 [INFO] Saving best model at iteration 75
2025-09-05 18:15:22,406 [INFO] [76/300] loss 442.668 | compact 6.87653 | spectral 19.2111 | recons_loss: 0.189584 | sparse_loss: 1.03567 | 
2025-09-05 18:15:22,407 [INFO] [Iter 76] LR: 0.00078125
2025-09-05 18:15:22,408 [INFO] Saving best model at iteration 76
2025-09-05 18:15:22,668 [INFO] [77/300] loss 442.661 | compact 6.87679 | spectral 19.2108 | recons_loss: 0.18957 | sparse_loss: 1.03567 | 
2025-09-05 18:15:22,668 [INFO] [Iter 77] LR: 0.00078125
2025-09-05 18:15:22,670 [INFO] Saving best model at iteration 77
2025-09-05 18:15:22,934 [INFO] [78/300] loss 442.654 | compact 6.87703 | spectral 19.2106 | recons_loss: 0.189557 | sparse_loss: 1.03566 | 
2025-09-05 18:15:22,934 [INFO] [Iter 78] LR: 0.00078125
2025-09-05 18:15:22,936 [INFO] Saving best model at iteration 78
2025-09-05 18:15:23,209 [INFO] [79/300] loss 442.648 | compact 6.87725 | spectral 19.2104 | recons_loss: 0.189545 | sparse_loss: 1.03565 | 
2025-09-05 18:15:23,209 [INFO] [Iter 79] LR: 0.00039063
2025-09-05 18:15:23,210 [INFO] Saving best model at iteration 79
2025-09-05 18:15:23,476 [INFO] [80/300] loss 442.642 | compact 6.87744 | spectral 19.2102 | recons_loss: 0.189534 | sparse_loss: 1.03565 | 
2025-09-05 18:15:23,477 [INFO] [Iter 80] LR: 0.00039063
2025-09-05 18:15:23,478 [INFO] Saving best model at iteration 80
2025-09-05 18:15:23,740 [INFO] [81/300] loss 442.637 | compact 6.87762 | spectral 19.2101 | recons_loss: 0.189524 | sparse_loss: 1.03564 | 
2025-09-05 18:15:23,740 [INFO] [Iter 81] LR: 0.00039063
2025-09-05 18:15:23,742 [INFO] Saving best model at iteration 81
2025-09-05 18:15:24,010 [INFO] [82/300] loss 442.632 | compact 6.87777 | spectral 19.2099 | recons_loss: 0.189516 | sparse_loss: 1.03563 | 
2025-09-05 18:15:24,010 [INFO] [Iter 82] LR: 0.00019531
2025-09-05 18:15:24,012 [INFO] Saving best model at iteration 82
2025-09-05 18:15:24,275 [INFO] [83/300] loss 442.628 | compact 6.87792 | spectral 19.2098 | recons_loss: 0.189507 | sparse_loss: 1.03563 | 
2025-09-05 18:15:24,275 [INFO] [Iter 83] LR: 0.00019531
2025-09-05 18:15:24,276 [INFO] Saving best model at iteration 83
2025-09-05 18:15:24,556 [INFO] [84/300] loss 442.624 | compact 6.87804 | spectral 19.2097 | recons_loss: 0.189499 | sparse_loss: 1.03563 | 
2025-09-05 18:15:24,556 [INFO] [Iter 84] LR: 0.00019531
2025-09-05 18:15:24,557 [INFO] Saving best model at iteration 84
2025-09-05 18:15:24,825 [INFO] [85/300] loss 442.621 | compact 6.87816 | spectral 19.2097 | recons_loss: 0.189492 | sparse_loss: 1.03562 | 
2025-09-05 18:15:24,827 [INFO] [Iter 85] LR: 0.00009766
2025-09-05 18:15:24,828 [INFO] Saving best model at iteration 85
2025-09-05 18:15:25,094 [INFO] [86/300] loss 442.618 | compact 6.87826 | spectral 19.2096 | recons_loss: 0.189486 | sparse_loss: 1.03562 | 
2025-09-05 18:15:25,094 [INFO] [Iter 86] LR: 0.00009766
2025-09-05 18:15:25,096 [INFO] Saving best model at iteration 86
2025-09-05 18:15:25,368 [INFO] [87/300] loss 442.615 | compact 6.87836 | spectral 19.2095 | recons_loss: 0.18948 | sparse_loss: 1.03562 | 
2025-09-05 18:15:25,369 [INFO] [Iter 87] LR: 0.00009766
2025-09-05 18:15:25,371 [INFO] Saving best model at iteration 87
2025-09-05 18:15:25,631 [INFO] [88/300] loss 442.612 | compact 6.87844 | spectral 19.2095 | recons_loss: 0.189475 | sparse_loss: 1.03562 | 
2025-09-05 18:15:25,631 [INFO] [Iter 88] LR: 0.00004883
2025-09-05 18:15:25,633 [INFO] Saving best model at iteration 88
2025-09-05 18:15:25,915 [INFO] [89/300] loss 442.61 | compact 6.87852 | spectral 19.2094 | recons_loss: 0.18947 | sparse_loss: 1.03561 | 
2025-09-05 18:15:25,915 [INFO] [Iter 89] LR: 0.00004883
2025-09-05 18:15:25,917 [INFO] Saving best model at iteration 89
2025-09-05 18:15:26,202 [INFO] [90/300] loss 442.608 | compact 6.87859 | spectral 19.2094 | recons_loss: 0.189466 | sparse_loss: 1.03561 | 
2025-09-05 18:15:26,202 [INFO] [Iter 90] LR: 0.00004883
2025-09-05 18:15:26,204 [INFO] Saving best model at iteration 90
2025-09-05 18:15:26,466 [INFO] [91/300] loss 442.606 | compact 6.87865 | spectral 19.2094 | recons_loss: 0.189462 | sparse_loss: 1.03561 | 
2025-09-05 18:15:26,466 [INFO] [Iter 91] LR: 0.00002441
2025-09-05 18:15:26,468 [INFO] Saving best model at iteration 91
2025-09-05 18:15:26,734 [INFO] [92/300] loss 442.604 | compact 6.8787 | spectral 19.2093 | recons_loss: 0.189459 | sparse_loss: 1.03561 | 
2025-09-05 18:15:26,735 [INFO] [Iter 92] LR: 0.00002441
2025-09-05 18:15:26,737 [INFO] Saving best model at iteration 92
2025-09-05 18:15:27,003 [INFO] [93/300] loss 442.602 | compact 6.87875 | spectral 19.2093 | recons_loss: 0.189456 | sparse_loss: 1.03561 | 
2025-09-05 18:15:27,004 [INFO] [Iter 93] LR: 0.00002441
2025-09-05 18:15:27,005 [INFO] Saving best model at iteration 93
2025-09-05 18:15:27,269 [INFO] [94/300] loss 442.601 | compact 6.8788 | spectral 19.2092 | recons_loss: 0.189454 | sparse_loss: 1.0356 | 
2025-09-05 18:15:27,269 [INFO] [Iter 94] LR: 0.00001221
2025-09-05 18:15:27,272 [INFO] Saving best model at iteration 94
2025-09-05 18:15:27,532 [INFO] [95/300] loss 442.599 | compact 6.87884 | spectral 19.2092 | recons_loss: 0.189451 | sparse_loss: 1.0356 | 
2025-09-05 18:15:27,532 [INFO] [Iter 95] LR: 0.00001221
2025-09-05 18:15:27,534 [INFO] Saving best model at iteration 95
2025-09-05 18:15:27,791 [INFO] [96/300] loss 442.598 | compact 6.87887 | spectral 19.2092 | recons_loss: 0.189449 | sparse_loss: 1.0356 | 
2025-09-05 18:15:27,792 [INFO] [Iter 96] LR: 0.00001221
2025-09-05 18:15:27,793 [INFO] Saving best model at iteration 96
2025-09-05 18:15:28,051 [INFO] [97/300] loss 442.597 | compact 6.87891 | spectral 19.2092 | recons_loss: 0.189447 | sparse_loss: 1.0356 | 
2025-09-05 18:15:28,051 [INFO] [Iter 97] LR: 0.00000610
2025-09-05 18:15:28,053 [INFO] Saving best model at iteration 97
2025-09-05 18:15:28,317 [INFO] [98/300] loss 442.596 | compact 6.87894 | spectral 19.2092 | recons_loss: 0.189445 | sparse_loss: 1.0356 | 
2025-09-05 18:15:28,317 [INFO] [Iter 98] LR: 0.00000610
2025-09-05 18:15:28,318 [INFO] Saving best model at iteration 98
2025-09-05 18:15:28,575 [INFO] [99/300] loss 442.595 | compact 6.87896 | spectral 19.2091 | recons_loss: 0.189443 | sparse_loss: 1.0356 | 
2025-09-05 18:15:28,576 [INFO] [Iter 99] LR: 0.00000610
2025-09-05 18:15:28,578 [INFO] Saving best model at iteration 99
2025-09-05 18:15:28,643 [INFO] H: 160, W: 150
2025-09-05 18:15:28,792 [INFO] [0 1 2 3 4 5 6]
2025-09-05 18:15:28,946 [INFO] y_target: [1 2 3 4 5 6 7]
2025-09-05 18:15:28,947 [INFO] y_predict: [0 1 2 3 4 5 6]
2025-09-05 18:15:29,120 [INFO] Epoch = 100 OA = 0.8493 Kappa = 0.8221 NMI = 0.7572
2025-09-05 18:15:29,329 [INFO] [100/300] loss 442.595 | compact 6.87899 | spectral 19.2091 | recons_loss: 0.189442 | sparse_loss: 1.0356 | 
2025-09-05 18:15:29,330 [INFO] [Iter 100] LR: 0.00000305
2025-09-05 18:15:29,331 [INFO] Saving best model at iteration 100
2025-09-05 18:15:29,590 [INFO] [101/300] loss 442.594 | compact 6.87901 | spectral 19.2091 | recons_loss: 0.189441 | sparse_loss: 1.0356 | 
2025-09-05 18:15:29,590 [INFO] [Iter 101] LR: 0.00000305
2025-09-05 18:15:29,591 [INFO] Saving best model at iteration 101
2025-09-05 18:15:29,852 [INFO] [102/300] loss 442.593 | compact 6.87903 | spectral 19.2091 | recons_loss: 0.189439 | sparse_loss: 1.0356 | 
2025-09-05 18:15:29,853 [INFO] [Iter 102] LR: 0.00000305
2025-09-05 18:15:29,854 [INFO] Saving best model at iteration 102
2025-09-05 18:15:30,111 [INFO] [103/300] loss 442.593 | compact 6.87904 | spectral 19.2091 | recons_loss: 0.189438 | sparse_loss: 1.0356 | 
2025-09-05 18:15:30,111 [INFO] [Iter 103] LR: 0.00000153
2025-09-05 18:15:30,113 [INFO] Saving best model at iteration 103
2025-09-05 18:15:30,370 [INFO] [104/300] loss 442.592 | compact 6.87906 | spectral 19.2091 | recons_loss: 0.189437 | sparse_loss: 1.0356 | 
2025-09-05 18:15:30,371 [INFO] [Iter 104] LR: 0.00000153
2025-09-05 18:15:30,372 [INFO] Saving best model at iteration 104
2025-09-05 18:15:30,637 [INFO] [105/300] loss 442.592 | compact 6.87907 | spectral 19.2091 | recons_loss: 0.189436 | sparse_loss: 1.0356 | 
2025-09-05 18:15:30,637 [INFO] [Iter 105] LR: 0.00000153
2025-09-05 18:15:30,639 [INFO] Saving best model at iteration 105
2025-09-05 18:15:30,906 [INFO] [106/300] loss 442.591 | compact 6.87909 | spectral 19.2091 | recons_loss: 0.189436 | sparse_loss: 1.0356 | 
2025-09-05 18:15:30,907 [INFO] [Iter 106] LR: 0.00000076
2025-09-05 18:15:30,909 [INFO] Saving best model at iteration 106
2025-09-05 18:15:31,173 [INFO] [107/300] loss 442.591 | compact 6.8791 | spectral 19.2091 | recons_loss: 0.189435 | sparse_loss: 1.0356 | 
2025-09-05 18:15:31,173 [INFO] [Iter 107] LR: 0.00000076
2025-09-05 18:15:31,174 [INFO] Saving best model at iteration 107
2025-09-05 18:15:31,453 [INFO] [108/300] loss 442.591 | compact 6.87911 | spectral 19.2091 | recons_loss: 0.189434 | sparse_loss: 1.03559 | 
2025-09-05 18:15:31,459 [INFO] [Iter 108] LR: 0.00000076
2025-09-05 18:15:31,461 [INFO] Saving best model at iteration 108
2025-09-05 18:15:31,776 [INFO] [109/300] loss 442.59 | compact 6.87912 | spectral 19.2091 | recons_loss: 0.189434 | sparse_loss: 1.03559 | 
2025-09-05 18:15:31,776 [INFO] [Iter 109] LR: 0.00000038
2025-09-05 18:15:31,777 [INFO] Saving best model at iteration 109
2025-09-05 18:15:32,035 [INFO] [110/300] loss 442.59 | compact 6.87913 | spectral 19.2091 | recons_loss: 0.189433 | sparse_loss: 1.03559 | 
2025-09-05 18:15:32,036 [INFO] [Iter 110] LR: 0.00000038
2025-09-05 18:15:32,038 [INFO] Saving best model at iteration 110
2025-09-05 18:15:32,302 [INFO] [111/300] loss 442.59 | compact 6.87913 | spectral 19.2091 | recons_loss: 0.189433 | sparse_loss: 1.03559 | 
2025-09-05 18:15:32,303 [INFO] [Iter 111] LR: 0.00000038
2025-09-05 18:15:32,304 [INFO] Saving best model at iteration 111
2025-09-05 18:15:32,563 [INFO] [112/300] loss 442.59 | compact 6.87914 | spectral 19.2091 | recons_loss: 0.189432 | sparse_loss: 1.03559 | 
2025-09-05 18:15:32,564 [INFO] [Iter 112] LR: 0.00000019
2025-09-05 18:15:32,565 [INFO] Saving best model at iteration 112
2025-09-05 18:15:32,822 [INFO] [113/300] loss 442.589 | compact 6.87915 | spectral 19.2091 | recons_loss: 0.189432 | sparse_loss: 1.03559 | 
2025-09-05 18:15:32,822 [INFO] [Iter 113] LR: 0.00000019
2025-09-05 18:15:32,824 [INFO] Saving best model at iteration 113
2025-09-05 18:15:33,080 [INFO] [114/300] loss 442.589 | compact 6.87915 | spectral 19.209 | recons_loss: 0.189432 | sparse_loss: 1.03559 | 
2025-09-05 18:15:33,081 [INFO] [Iter 114] LR: 0.00000019
2025-09-05 18:15:33,082 [INFO] Saving best model at iteration 114
2025-09-05 18:15:33,349 [INFO] [115/300] loss 442.589 | compact 6.87916 | spectral 19.209 | recons_loss: 0.189431 | sparse_loss: 1.03559 | 
2025-09-05 18:15:33,349 [INFO] [Iter 115] LR: 0.00000010
2025-09-05 18:15:33,350 [INFO] Saving best model at iteration 115
2025-09-05 18:15:33,611 [INFO] [116/300] loss 442.589 | compact 6.87916 | spectral 19.209 | recons_loss: 0.189431 | sparse_loss: 1.03559 | 
2025-09-05 18:15:33,612 [INFO] [Iter 116] LR: 0.00000010
2025-09-05 18:15:33,614 [INFO] Saving best model at iteration 116
2025-09-05 18:15:33,884 [INFO] [117/300] loss 442.589 | compact 6.87916 | spectral 19.209 | recons_loss: 0.189431 | sparse_loss: 1.03559 | 
2025-09-05 18:15:33,884 [INFO] [Iter 117] LR: 0.00000010
2025-09-05 18:15:33,886 [INFO] Saving best model at iteration 117
2025-09-05 18:15:34,161 [INFO] [118/300] loss 442.589 | compact 6.87917 | spectral 19.209 | recons_loss: 0.189431 | sparse_loss: 1.03559 | 
2025-09-05 18:15:34,161 [INFO] [Iter 118] LR: 0.00000005
2025-09-05 18:15:34,162 [INFO] Saving best model at iteration 118
2025-09-05 18:15:34,423 [INFO] [119/300] loss 442.588 | compact 6.87917 | spectral 19.209 | recons_loss: 0.18943 | sparse_loss: 1.03559 | 
2025-09-05 18:15:34,424 [INFO] [Iter 119] LR: 0.00000005
2025-09-05 18:15:34,426 [INFO] Saving best model at iteration 119
2025-09-05 18:15:34,689 [INFO] [120/300] loss 442.588 | compact 6.87917 | spectral 19.209 | recons_loss: 0.18943 | sparse_loss: 1.03559 | 
2025-09-05 18:15:34,689 [INFO] [Iter 120] LR: 0.00000005
2025-09-05 18:15:34,690 [INFO] No improvement: current loss 442.588377, best loss 442.588476
2025-09-05 18:15:34,952 [INFO] [121/300] loss 442.588 | compact 6.87918 | spectral 19.209 | recons_loss: 0.18943 | sparse_loss: 1.03559 | 
2025-09-05 18:15:34,952 [INFO] [Iter 121] LR: 0.00000002
2025-09-05 18:15:34,955 [INFO] Saving best model at iteration 121
2025-09-05 18:15:35,221 [INFO] [122/300] loss 442.588 | compact 6.87918 | spectral 19.209 | recons_loss: 0.18943 | sparse_loss: 1.03559 | 
2025-09-05 18:15:35,221 [INFO] [Iter 122] LR: 0.00000002
2025-09-05 18:15:35,223 [INFO] No improvement: current loss 442.588215, best loss 442.588292
2025-09-05 18:15:35,494 [INFO] [123/300] loss 442.588 | compact 6.87918 | spectral 19.209 | recons_loss: 0.18943 | sparse_loss: 1.03559 | 
2025-09-05 18:15:35,494 [INFO] [Iter 123] LR: 0.00000002
2025-09-05 18:15:35,496 [INFO] Saving best model at iteration 123
2025-09-05 18:15:35,755 [INFO] [124/300] loss 442.588 | compact 6.87918 | spectral 19.209 | recons_loss: 0.18943 | sparse_loss: 1.03559 | 
2025-09-05 18:15:35,756 [INFO] [Iter 124] LR: 0.00000001
2025-09-05 18:15:35,757 [INFO] No improvement: current loss 442.588078, best loss 442.588143
2025-09-05 18:15:36,021 [INFO] [125/300] loss 442.588 | compact 6.87919 | spectral 19.209 | recons_loss: 0.18943 | sparse_loss: 1.03559 | 
2025-09-05 18:15:36,022 [INFO] [Iter 125] LR: 0.00000001
2025-09-05 18:15:36,023 [INFO] Saving best model at iteration 125
2025-09-05 18:15:36,286 [INFO] [126/300] loss 442.588 | compact 6.87919 | spectral 19.209 | recons_loss: 0.189429 | sparse_loss: 1.03559 | 
2025-09-05 18:15:36,286 [INFO] [Iter 126] LR: 0.00000001
2025-09-05 18:15:36,288 [INFO] No improvement: current loss 442.587970, best loss 442.588023
2025-09-05 18:15:36,549 [INFO] [127/300] loss 442.588 | compact 6.87919 | spectral 19.209 | recons_loss: 0.189429 | sparse_loss: 1.03559 | 
2025-09-05 18:15:36,550 [INFO] [Iter 127] LR: 0.00000001
2025-09-05 18:15:36,551 [INFO] No improvement: current loss 442.587925, best loss 442.588023
2025-09-05 18:15:36,809 [INFO] [128/300] loss 442.588 | compact 6.87919 | spectral 19.209 | recons_loss: 0.189429 | sparse_loss: 1.03559 | 
2025-09-05 18:15:36,809 [INFO] [Iter 128] LR: 0.00000001
2025-09-05 18:15:36,812 [INFO] Saving best model at iteration 128
2025-09-05 18:15:37,069 [INFO] [129/300] loss 442.588 | compact 6.87919 | spectral 19.209 | recons_loss: 0.189429 | sparse_loss: 1.03559 | 
2025-09-05 18:15:37,070 [INFO] [Iter 129] LR: 0.00000001
2025-09-05 18:15:37,072 [INFO] No improvement: current loss 442.587846, best loss 442.587885
2025-09-05 18:15:37,344 [INFO] [130/300] loss 442.588 | compact 6.87919 | spectral 19.209 | recons_loss: 0.189429 | sparse_loss: 1.03559 | 
2025-09-05 18:15:37,344 [INFO] [Iter 130] LR: 0.00000001
2025-09-05 18:15:37,346 [INFO] No improvement: current loss 442.587814, best loss 442.587885
2025-09-05 18:15:37,602 [INFO] [131/300] loss 442.588 | compact 6.87919 | spectral 19.209 | recons_loss: 0.189429 | sparse_loss: 1.03559 | 
2025-09-05 18:15:37,603 [INFO] [Iter 131] LR: 0.00000001
2025-09-05 18:15:37,604 [INFO] Saving best model at iteration 131
2025-09-05 18:15:37,876 [INFO] [132/300] loss 442.588 | compact 6.87919 | spectral 19.209 | recons_loss: 0.189429 | sparse_loss: 1.03559 | 
2025-09-05 18:15:37,876 [INFO] [Iter 132] LR: 0.00000001
2025-09-05 18:15:37,878 [INFO] No improvement: current loss 442.587759, best loss 442.587785
2025-09-05 18:15:38,139 [INFO] [133/300] loss 442.588 | compact 6.87919 | spectral 19.209 | recons_loss: 0.189429 | sparse_loss: 1.03559 | 
2025-09-05 18:15:38,139 [INFO] [Iter 133] LR: 0.00000001
2025-09-05 18:15:38,140 [INFO] No improvement: current loss 442.587732, best loss 442.587785
2025-09-05 18:15:38,408 [INFO] [134/300] loss 442.588 | compact 6.87919 | spectral 19.209 | recons_loss: 0.189429 | sparse_loss: 1.03559 | 
2025-09-05 18:15:38,408 [INFO] [Iter 134] LR: 0.00000001
2025-09-05 18:15:38,410 [INFO] No improvement: current loss 442.587709, best loss 442.587785
2025-09-05 18:15:38,670 [INFO] [135/300] loss 442.588 | compact 6.8792 | spectral 19.209 | recons_loss: 0.189429 | sparse_loss: 1.03559 | 
2025-09-05 18:15:38,670 [INFO] [Iter 135] LR: 0.00000001
2025-09-05 18:15:38,672 [INFO] No improvement: current loss 442.587690, best loss 442.587785
2025-09-05 18:15:38,935 [INFO] [136/300] loss 442.588 | compact 6.8792 | spectral 19.209 | recons_loss: 0.189429 | sparse_loss: 1.03559 | 
2025-09-05 18:15:38,936 [INFO] [Iter 136] LR: 0.00000001
2025-09-05 18:15:38,937 [INFO] Saving best model at iteration 136
2025-09-05 18:15:39,204 [INFO] [137/300] loss 442.588 | compact 6.8792 | spectral 19.209 | recons_loss: 0.189429 | sparse_loss: 1.03559 | 
2025-09-05 18:15:39,205 [INFO] [Iter 137] LR: 0.00000001
2025-09-05 18:15:39,207 [INFO] No improvement: current loss 442.587656, best loss 442.587671
2025-09-05 18:15:39,468 [INFO] [138/300] loss 442.588 | compact 6.8792 | spectral 19.209 | recons_loss: 0.189429 | sparse_loss: 1.03559 | 
2025-09-05 18:15:39,468 [INFO] [Iter 138] LR: 0.00000001
2025-09-05 18:15:39,470 [INFO] No improvement: current loss 442.587643, best loss 442.587671
2025-09-05 18:15:39,737 [INFO] [139/300] loss 442.588 | compact 6.8792 | spectral 19.209 | recons_loss: 0.189429 | sparse_loss: 1.03559 | 
2025-09-05 18:15:39,737 [INFO] [Iter 139] LR: 0.00000001
2025-09-05 18:15:39,739 [INFO] No improvement: current loss 442.587631, best loss 442.587671
2025-09-05 18:15:40,010 [INFO] [140/300] loss 442.588 | compact 6.8792 | spectral 19.209 | recons_loss: 0.189429 | sparse_loss: 1.03559 | 
2025-09-05 18:15:40,010 [INFO] [Iter 140] LR: 0.00000001
2025-09-05 18:15:40,011 [INFO] No improvement: current loss 442.587620, best loss 442.587671
2025-09-05 18:15:40,269 [INFO] [141/300] loss 442.588 | compact 6.8792 | spectral 19.209 | recons_loss: 0.189429 | sparse_loss: 1.03559 | 
2025-09-05 18:15:40,269 [INFO] [Iter 141] LR: 0.00000001
2025-09-05 18:15:40,271 [INFO] No improvement: current loss 442.587608, best loss 442.587671
2025-09-05 18:15:40,531 [INFO] [142/300] loss 442.588 | compact 6.8792 | spectral 19.209 | recons_loss: 0.189429 | sparse_loss: 1.03559 | 
2025-09-05 18:15:40,531 [INFO] [Iter 142] LR: 0.00000001
2025-09-05 18:15:40,532 [INFO] No improvement: current loss 442.587596, best loss 442.587671
2025-09-05 18:15:40,790 [INFO] [143/300] loss 442.588 | compact 6.8792 | spectral 19.209 | recons_loss: 0.189429 | sparse_loss: 1.03559 | 
2025-09-05 18:15:40,791 [INFO] [Iter 143] LR: 0.00000001
2025-09-05 18:15:40,793 [INFO] No improvement: current loss 442.587589, best loss 442.587671
2025-09-05 18:15:41,072 [INFO] [144/300] loss 442.588 | compact 6.8792 | spectral 19.209 | recons_loss: 0.189429 | sparse_loss: 1.03559 | 
2025-09-05 18:15:41,072 [INFO] [Iter 144] LR: 0.00000001
2025-09-05 18:15:41,074 [INFO] No improvement: current loss 442.587583, best loss 442.587671
2025-09-05 18:15:41,338 [INFO] [145/300] loss 442.588 | compact 6.8792 | spectral 19.209 | recons_loss: 0.189429 | sparse_loss: 1.03559 | 
2025-09-05 18:15:41,338 [INFO] [Iter 145] LR: 0.00000001
2025-09-05 18:15:41,340 [INFO] No improvement: current loss 442.587577, best loss 442.587671
2025-09-05 18:15:41,606 [INFO] [146/300] loss 442.588 | compact 6.8792 | spectral 19.209 | recons_loss: 0.189429 | sparse_loss: 1.03559 | 
2025-09-05 18:15:41,607 [INFO] [Iter 146] LR: 0.00000001
2025-09-05 18:15:41,609 [INFO] No improvement: current loss 442.587572, best loss 442.587671
2025-09-05 18:15:41,876 [INFO] [147/300] loss 442.588 | compact 6.8792 | spectral 19.209 | recons_loss: 0.189429 | sparse_loss: 1.03559 | 
2025-09-05 18:15:41,876 [INFO] [Iter 147] LR: 0.00000001
2025-09-05 18:15:41,877 [INFO] Saving best model at iteration 147
2025-09-05 18:15:42,152 [INFO] [148/300] loss 442.588 | compact 6.8792 | spectral 19.209 | recons_loss: 0.189429 | sparse_loss: 1.03559 | 
2025-09-05 18:15:42,153 [INFO] [Iter 148] LR: 0.00000001
2025-09-05 18:15:42,155 [INFO] No improvement: current loss 442.587563, best loss 442.587567
2025-09-05 18:15:42,419 [INFO] [149/300] loss 442.588 | compact 6.8792 | spectral 19.209 | recons_loss: 0.189429 | sparse_loss: 1.03559 | 
2025-09-05 18:15:42,420 [INFO] [Iter 149] LR: 0.00000001
2025-09-05 18:15:42,422 [INFO] No improvement: current loss 442.587559, best loss 442.587567
2025-09-05 18:15:42,500 [INFO] H: 160, W: 150
2025-09-05 18:15:42,625 [INFO] [0 1 2 3 4 5 6]
2025-09-05 18:15:42,804 [INFO] y_target: [1 2 3 4 5 6 7]
2025-09-05 18:15:42,804 [INFO] y_predict: [0 1 2 3 4 5 6]
2025-09-05 18:15:42,972 [INFO] Epoch = 150 OA = 0.8493 Kappa = 0.8221 NMI = 0.7572
2025-09-05 18:15:43,182 [INFO] [150/300] loss 442.588 | compact 6.8792 | spectral 19.209 | recons_loss: 0.189429 | sparse_loss: 1.03559 | 
2025-09-05 18:15:43,182 [INFO] [Iter 150] LR: 0.00000001
2025-09-05 18:15:43,185 [INFO] No improvement: current loss 442.587555, best loss 442.587567
2025-09-05 18:15:43,449 [INFO] [151/300] loss 442.588 | compact 6.8792 | spectral 19.209 | recons_loss: 0.189429 | sparse_loss: 1.03559 | 
2025-09-05 18:15:43,450 [INFO] [Iter 151] LR: 0.00000001
2025-09-05 18:15:43,451 [INFO] No improvement: current loss 442.587552, best loss 442.587567
2025-09-05 18:15:43,715 [INFO] [152/300] loss 442.588 | compact 6.8792 | spectral 19.209 | recons_loss: 0.189429 | sparse_loss: 1.03559 | 
2025-09-05 18:15:43,716 [INFO] [Iter 152] LR: 0.00000001
2025-09-05 18:15:43,717 [INFO] No improvement: current loss 442.587549, best loss 442.587567
2025-09-05 18:15:43,974 [INFO] [153/300] loss 442.588 | compact 6.8792 | spectral 19.209 | recons_loss: 0.189429 | sparse_loss: 1.03559 | 
2025-09-05 18:15:43,975 [INFO] [Iter 153] LR: 0.00000001
2025-09-05 18:15:43,976 [INFO] No improvement: current loss 442.587547, best loss 442.587567
2025-09-05 18:15:44,239 [INFO] [154/300] loss 442.588 | compact 6.8792 | spectral 19.209 | recons_loss: 0.189429 | sparse_loss: 1.03559 | 
2025-09-05 18:15:44,239 [INFO] [Iter 154] LR: 0.00000001
2025-09-05 18:15:44,240 [INFO] No improvement: current loss 442.587542, best loss 442.587567
2025-09-05 18:15:44,514 [INFO] [155/300] loss 442.588 | compact 6.8792 | spectral 19.209 | recons_loss: 0.189429 | sparse_loss: 1.03559 | 
2025-09-05 18:15:44,514 [INFO] [Iter 155] LR: 0.00000001
2025-09-05 18:15:44,515 [INFO] No improvement: current loss 442.587540, best loss 442.587567
2025-09-05 18:15:44,777 [INFO] [156/300] loss 442.588 | compact 6.8792 | spectral 19.209 | recons_loss: 0.189429 | sparse_loss: 1.03559 | 
2025-09-05 18:15:44,778 [INFO] [Iter 156] LR: 0.00000001
2025-09-05 18:15:44,779 [INFO] No improvement: current loss 442.587538, best loss 442.587567
2025-09-05 18:15:45,049 [INFO] [157/300] loss 442.588 | compact 6.8792 | spectral 19.209 | recons_loss: 0.189429 | sparse_loss: 1.03559 | 
2025-09-05 18:15:45,050 [INFO] [Iter 157] LR: 0.00000001
2025-09-05 18:15:45,052 [INFO] No improvement: current loss 442.587534, best loss 442.587567
2025-09-05 18:15:45,318 [INFO] [158/300] loss 442.588 | compact 6.8792 | spectral 19.209 | recons_loss: 0.189429 | sparse_loss: 1.03559 | 
2025-09-05 18:15:45,319 [INFO] [Iter 158] LR: 0.00000001
2025-09-05 18:15:45,320 [INFO] No improvement: current loss 442.587530, best loss 442.587567
2025-09-05 18:15:45,589 [INFO] [159/300] loss 442.588 | compact 6.8792 | spectral 19.209 | recons_loss: 0.189429 | sparse_loss: 1.03559 | 
2025-09-05 18:15:45,589 [INFO] [Iter 159] LR: 0.00000001
2025-09-05 18:15:45,591 [INFO] No improvement: current loss 442.587529, best loss 442.587567
2025-09-05 18:15:45,855 [INFO] [160/300] loss 442.588 | compact 6.8792 | spectral 19.209 | recons_loss: 0.189429 | sparse_loss: 1.03559 | 
2025-09-05 18:15:45,856 [INFO] [Iter 160] LR: 0.00000001
2025-09-05 18:15:45,859 [INFO] No improvement: current loss 442.587526, best loss 442.587567
2025-09-05 18:15:46,135 [INFO] [161/300] loss 442.588 | compact 6.8792 | spectral 19.209 | recons_loss: 0.189429 | sparse_loss: 1.03559 | 
2025-09-05 18:15:46,135 [INFO] [Iter 161] LR: 0.00000001
2025-09-05 18:15:46,137 [INFO] No improvement: current loss 442.587523, best loss 442.587567
2025-09-05 18:15:46,398 [INFO] [162/300] loss 442.588 | compact 6.8792 | spectral 19.209 | recons_loss: 0.189429 | sparse_loss: 1.03559 | 
2025-09-05 18:15:46,399 [INFO] [Iter 162] LR: 0.00000001
2025-09-05 18:15:46,401 [INFO] No improvement: current loss 442.587523, best loss 442.587567
2025-09-05 18:15:46,678 [INFO] [163/300] loss 442.588 | compact 6.8792 | spectral 19.209 | recons_loss: 0.189429 | sparse_loss: 1.03559 | 
2025-09-05 18:15:46,678 [INFO] [Iter 163] LR: 0.00000001
2025-09-05 18:15:46,679 [INFO] No improvement: current loss 442.587523, best loss 442.587567
2025-09-05 18:15:46,941 [INFO] [164/300] loss 442.588 | compact 6.8792 | spectral 19.209 | recons_loss: 0.189429 | sparse_loss: 1.03559 | 
2025-09-05 18:15:46,941 [INFO] [Iter 164] LR: 0.00000001
2025-09-05 18:15:46,943 [INFO] No improvement: current loss 442.587523, best loss 442.587567
2025-09-05 18:15:47,202 [INFO] [165/300] loss 442.588 | compact 6.8792 | spectral 19.209 | recons_loss: 0.189429 | sparse_loss: 1.03559 | 
2025-09-05 18:15:47,202 [INFO] [Iter 165] LR: 0.00000001
2025-09-05 18:15:47,204 [INFO] No improvement: current loss 442.587520, best loss 442.587567
2025-09-05 18:15:47,466 [INFO] [166/300] loss 442.588 | compact 6.8792 | spectral 19.209 | recons_loss: 0.189429 | sparse_loss: 1.03559 | 
2025-09-05 18:15:47,467 [INFO] [Iter 166] LR: 0.00000001
2025-09-05 18:15:47,469 [INFO] No improvement: current loss 442.587518, best loss 442.587567
2025-09-05 18:15:47,728 [INFO] [167/300] loss 442.588 | compact 6.8792 | spectral 19.209 | recons_loss: 0.189429 | sparse_loss: 1.03559 | 
2025-09-05 18:15:47,729 [INFO] [Iter 167] LR: 0.00000001
2025-09-05 18:15:47,730 [INFO] No improvement: current loss 442.587518, best loss 442.587567
2025-09-05 18:15:47,987 [INFO] [168/300] loss 442.588 | compact 6.8792 | spectral 19.209 | recons_loss: 0.189429 | sparse_loss: 1.03559 | 
2025-09-05 18:15:47,988 [INFO] [Iter 168] LR: 0.00000001
2025-09-05 18:15:47,989 [INFO] No improvement: current loss 442.587519, best loss 442.587567
2025-09-05 18:15:48,262 [INFO] [169/300] loss 442.588 | compact 6.8792 | spectral 19.209 | recons_loss: 0.189429 | sparse_loss: 1.03559 | 
2025-09-05 18:15:48,263 [INFO] [Iter 169] LR: 0.00000001
2025-09-05 18:15:48,264 [INFO] No improvement: current loss 442.587516, best loss 442.587567
2025-09-05 18:15:48,520 [INFO] [170/300] loss 442.588 | compact 6.8792 | spectral 19.209 | recons_loss: 0.189429 | sparse_loss: 1.03559 | 
2025-09-05 18:15:48,521 [INFO] [Iter 170] LR: 0.00000001
2025-09-05 18:15:48,523 [INFO] No improvement: current loss 442.587517, best loss 442.587567
2025-09-05 18:15:48,784 [INFO] [171/300] loss 442.588 | compact 6.8792 | spectral 19.209 | recons_loss: 0.189429 | sparse_loss: 1.03559 | 
2025-09-05 18:15:48,784 [INFO] [Iter 171] LR: 0.00000001
2025-09-05 18:15:48,785 [INFO] No improvement: current loss 442.587515, best loss 442.587567
2025-09-05 18:15:49,050 [INFO] [172/300] loss 442.588 | compact 6.8792 | spectral 19.209 | recons_loss: 0.189429 | sparse_loss: 1.03559 | 
2025-09-05 18:15:49,050 [INFO] [Iter 172] LR: 0.00000001
2025-09-05 18:15:49,051 [INFO] No improvement: current loss 442.587513, best loss 442.587567
2025-09-05 18:15:49,308 [INFO] [173/300] loss 442.588 | compact 6.8792 | spectral 19.209 | recons_loss: 0.189429 | sparse_loss: 1.03559 | 
2025-09-05 18:15:49,308 [INFO] [Iter 173] LR: 0.00000001
2025-09-05 18:15:49,309 [INFO] No improvement: current loss 442.587511, best loss 442.587567
2025-09-05 18:15:49,569 [INFO] [174/300] loss 442.588 | compact 6.8792 | spectral 19.209 | recons_loss: 0.189429 | sparse_loss: 1.03559 | 
2025-09-05 18:15:49,569 [INFO] [Iter 174] LR: 0.00000001
2025-09-05 18:15:49,571 [INFO] No improvement: current loss 442.587509, best loss 442.587567
2025-09-05 18:15:49,837 [INFO] [175/300] loss 442.588 | compact 6.8792 | spectral 19.209 | recons_loss: 0.189429 | sparse_loss: 1.03559 | 
2025-09-05 18:15:49,838 [INFO] [Iter 175] LR: 0.00000001
2025-09-05 18:15:49,840 [INFO] No improvement: current loss 442.587508, best loss 442.587567
2025-09-05 18:15:50,096 [INFO] [176/300] loss 442.588 | compact 6.8792 | spectral 19.209 | recons_loss: 0.189429 | sparse_loss: 1.03559 | 
2025-09-05 18:15:50,097 [INFO] [Iter 176] LR: 0.00000001
2025-09-05 18:15:50,099 [INFO] No improvement: current loss 442.587506, best loss 442.587567
2025-09-05 18:15:50,356 [INFO] [177/300] loss 442.588 | compact 6.8792 | spectral 19.209 | recons_loss: 0.189429 | sparse_loss: 1.03559 | 
2025-09-05 18:15:50,357 [INFO] [Iter 177] LR: 0.00000001
2025-09-05 18:15:50,358 [INFO] No improvement: current loss 442.587508, best loss 442.587567
2025-09-05 18:15:50,625 [INFO] [178/300] loss 442.588 | compact 6.8792 | spectral 19.209 | recons_loss: 0.189429 | sparse_loss: 1.03559 | 
2025-09-05 18:15:50,625 [INFO] [Iter 178] LR: 0.00000001
2025-09-05 18:15:50,626 [INFO] No improvement: current loss 442.587507, best loss 442.587567
2025-09-05 18:15:50,887 [INFO] [179/300] loss 442.588 | compact 6.8792 | spectral 19.209 | recons_loss: 0.189429 | sparse_loss: 1.03559 | 
2025-09-05 18:15:50,887 [INFO] [Iter 179] LR: 0.00000001
2025-09-05 18:15:50,888 [INFO] No improvement: current loss 442.587505, best loss 442.587567
2025-09-05 18:15:51,149 [INFO] [180/300] loss 442.588 | compact 6.8792 | spectral 19.209 | recons_loss: 0.189429 | sparse_loss: 1.03559 | 
2025-09-05 18:15:51,149 [INFO] [Iter 180] LR: 0.00000001
2025-09-05 18:15:51,150 [INFO] No improvement: current loss 442.587507, best loss 442.587567
2025-09-05 18:15:51,411 [INFO] [181/300] loss 442.588 | compact 6.8792 | spectral 19.209 | recons_loss: 0.189429 | sparse_loss: 1.03559 | 
2025-09-05 18:15:51,412 [INFO] [Iter 181] LR: 0.00000001
2025-09-05 18:15:51,414 [INFO] No improvement: current loss 442.587509, best loss 442.587567
2025-09-05 18:15:51,679 [INFO] [182/300] loss 442.588 | compact 6.8792 | spectral 19.209 | recons_loss: 0.189429 | sparse_loss: 1.03559 | 
2025-09-05 18:15:51,679 [INFO] [Iter 182] LR: 0.00000001
2025-09-05 18:15:51,682 [INFO] No improvement: current loss 442.587511, best loss 442.587567
2025-09-05 18:15:51,943 [INFO] [183/300] loss 442.588 | compact 6.8792 | spectral 19.209 | recons_loss: 0.189429 | sparse_loss: 1.03559 | 
2025-09-05 18:15:51,943 [INFO] [Iter 183] LR: 0.00000001
2025-09-05 18:15:51,945 [INFO] No improvement: current loss 442.587512, best loss 442.587567
2025-09-05 18:15:52,205 [INFO] [184/300] loss 442.588 | compact 6.8792 | spectral 19.209 | recons_loss: 0.189429 | sparse_loss: 1.03559 | 
2025-09-05 18:15:52,205 [INFO] [Iter 184] LR: 0.00000001
2025-09-05 18:15:52,206 [INFO] No improvement: current loss 442.587510, best loss 442.587567
2025-09-05 18:15:52,463 [INFO] [185/300] loss 442.588 | compact 6.8792 | spectral 19.209 | recons_loss: 0.189429 | sparse_loss: 1.03559 | 
2025-09-05 18:15:52,464 [INFO] [Iter 185] LR: 0.00000001
2025-09-05 18:15:52,465 [INFO] No improvement: current loss 442.587512, best loss 442.587567
2025-09-05 18:15:52,739 [INFO] [186/300] loss 442.588 | compact 6.8792 | spectral 19.209 | recons_loss: 0.189429 | sparse_loss: 1.03559 | 
2025-09-05 18:15:52,739 [INFO] [Iter 186] LR: 0.00000001
2025-09-05 18:15:52,741 [INFO] No improvement: current loss 442.587513, best loss 442.587567
2025-09-05 18:15:52,999 [INFO] [187/300] loss 442.588 | compact 6.8792 | spectral 19.209 | recons_loss: 0.189429 | sparse_loss: 1.03559 | 
2025-09-05 18:15:52,999 [INFO] [Iter 187] LR: 0.00000001
2025-09-05 18:15:53,002 [INFO] No improvement: current loss 442.587514, best loss 442.587567
2025-09-05 18:15:53,266 [INFO] [188/300] loss 442.588 | compact 6.8792 | spectral 19.209 | recons_loss: 0.189429 | sparse_loss: 1.03559 | 
2025-09-05 18:15:53,267 [INFO] [Iter 188] LR: 0.00000001
2025-09-05 18:15:53,269 [INFO] No improvement: current loss 442.587515, best loss 442.587567
2025-09-05 18:15:53,527 [INFO] [189/300] loss 442.588 | compact 6.8792 | spectral 19.209 | recons_loss: 0.189429 | sparse_loss: 1.03559 | 
2025-09-05 18:15:53,528 [INFO] [Iter 189] LR: 0.00000001
2025-09-05 18:15:53,529 [INFO] No improvement: current loss 442.587513, best loss 442.587567
2025-09-05 18:15:53,788 [INFO] [190/300] loss 442.588 | compact 6.8792 | spectral 19.209 | recons_loss: 0.189429 | sparse_loss: 1.03559 | 
2025-09-05 18:15:53,789 [INFO] [Iter 190] LR: 0.00000001
2025-09-05 18:15:53,791 [INFO] No improvement: current loss 442.587511, best loss 442.587567
2025-09-05 18:15:54,051 [INFO] [191/300] loss 442.588 | compact 6.8792 | spectral 19.209 | recons_loss: 0.189429 | sparse_loss: 1.03559 | 
2025-09-05 18:15:54,051 [INFO] [Iter 191] LR: 0.00000001
2025-09-05 18:15:54,053 [INFO] No improvement: current loss 442.587509, best loss 442.587567
2025-09-05 18:15:54,316 [INFO] [192/300] loss 442.588 | compact 6.8792 | spectral 19.209 | recons_loss: 0.189429 | sparse_loss: 1.03559 | 
2025-09-05 18:15:54,317 [INFO] [Iter 192] LR: 0.00000001
2025-09-05 18:15:54,319 [INFO] No improvement: current loss 442.587511, best loss 442.587567
2025-09-05 18:15:54,589 [INFO] [193/300] loss 442.588 | compact 6.8792 | spectral 19.209 | recons_loss: 0.189429 | sparse_loss: 1.03559 | 
2025-09-05 18:15:54,589 [INFO] [Iter 193] LR: 0.00000001
2025-09-05 18:15:54,590 [INFO] No improvement: current loss 442.587512, best loss 442.587567
2025-09-05 18:15:54,854 [INFO] [194/300] loss 442.588 | compact 6.8792 | spectral 19.209 | recons_loss: 0.189429 | sparse_loss: 1.03559 | 
2025-09-05 18:15:54,854 [INFO] [Iter 194] LR: 0.00000001
2025-09-05 18:15:54,856 [INFO] No improvement: current loss 442.587513, best loss 442.587567
2025-09-05 18:15:55,118 [INFO] [195/300] loss 442.588 | compact 6.8792 | spectral 19.209 | recons_loss: 0.189429 | sparse_loss: 1.03559 | 
2025-09-05 18:15:55,118 [INFO] [Iter 195] LR: 0.00000001
2025-09-05 18:15:55,120 [INFO] No improvement: current loss 442.587511, best loss 442.587567
2025-09-05 18:15:55,381 [INFO] [196/300] loss 442.588 | compact 6.8792 | spectral 19.209 | recons_loss: 0.189429 | sparse_loss: 1.03559 | 
2025-09-05 18:15:55,381 [INFO] [Iter 196] LR: 0.00000001
2025-09-05 18:15:55,382 [INFO] No improvement: current loss 442.587510, best loss 442.587567
2025-09-05 18:15:55,641 [INFO] [197/300] loss 442.588 | compact 6.8792 | spectral 19.209 | recons_loss: 0.189429 | sparse_loss: 1.03559 | 
2025-09-05 18:15:55,642 [INFO] [Iter 197] LR: 0.00000001
2025-09-05 18:15:55,643 [INFO] No improvement: current loss 442.587508, best loss 442.587567
2025-09-05 18:15:55,910 [INFO] [198/300] loss 442.588 | compact 6.8792 | spectral 19.209 | recons_loss: 0.189429 | sparse_loss: 1.03559 | 
2025-09-05 18:15:55,910 [INFO] [Iter 198] LR: 0.00000001
2025-09-05 18:15:55,911 [INFO] No improvement: current loss 442.587510, best loss 442.587567
2025-09-05 18:15:56,178 [INFO] [199/300] loss 442.588 | compact 6.8792 | spectral 19.209 | recons_loss: 0.189429 | sparse_loss: 1.03559 | 
2025-09-05 18:15:56,179 [INFO] [Iter 199] LR: 0.00000001
2025-09-05 18:15:56,181 [INFO] No improvement: current loss 442.587511, best loss 442.587567
2025-09-05 18:15:56,280 [INFO] H: 160, W: 150
2025-09-05 18:15:56,428 [INFO] [0 1 2 3 4 5 6]
2025-09-05 18:15:56,585 [INFO] y_target: [1 2 3 4 5 6 7]
2025-09-05 18:15:56,585 [INFO] y_predict: [0 1 2 3 4 5 6]
2025-09-05 18:15:56,751 [INFO] Epoch = 200 OA = 0.8493 Kappa = 0.8221 NMI = 0.7572
2025-09-05 18:15:56,961 [INFO] [200/300] loss 442.588 | compact 6.8792 | spectral 19.209 | recons_loss: 0.189429 | sparse_loss: 1.03559 | 
2025-09-05 18:15:56,962 [INFO] [Iter 200] LR: 0.00000001
2025-09-05 18:15:56,963 [INFO] No improvement: current loss 442.587509, best loss 442.587567
2025-09-05 18:15:57,225 [INFO] [201/300] loss 442.588 | compact 6.8792 | spectral 19.209 | recons_loss: 0.189429 | sparse_loss: 1.03559 | 
2025-09-05 18:15:57,225 [INFO] [Iter 201] LR: 0.00000001
2025-09-05 18:15:57,226 [INFO] No improvement: current loss 442.587508, best loss 442.587567
2025-09-05 18:15:57,486 [INFO] [202/300] loss 442.588 | compact 6.8792 | spectral 19.209 | recons_loss: 0.189429 | sparse_loss: 1.03559 | 
2025-09-05 18:15:57,486 [INFO] [Iter 202] LR: 0.00000001
2025-09-05 18:15:57,487 [INFO] No improvement: current loss 442.587510, best loss 442.587567
2025-09-05 18:15:57,750 [INFO] [203/300] loss 442.588 | compact 6.8792 | spectral 19.209 | recons_loss: 0.189429 | sparse_loss: 1.03559 | 
2025-09-05 18:15:57,750 [INFO] [Iter 203] LR: 0.00000001
2025-09-05 18:15:57,752 [INFO] No improvement: current loss 442.587511, best loss 442.587567
2025-09-05 18:15:58,009 [INFO] [204/300] loss 442.588 | compact 6.8792 | spectral 19.209 | recons_loss: 0.189429 | sparse_loss: 1.03559 | 
2025-09-05 18:15:58,009 [INFO] [Iter 204] LR: 0.00000001
2025-09-05 18:15:58,011 [INFO] No improvement: current loss 442.587509, best loss 442.587567
2025-09-05 18:15:58,279 [INFO] [205/300] loss 442.588 | compact 6.8792 | spectral 19.209 | recons_loss: 0.189429 | sparse_loss: 1.03559 | 
2025-09-05 18:15:58,279 [INFO] [Iter 205] LR: 0.00000001
2025-09-05 18:15:58,281 [INFO] No improvement: current loss 442.587508, best loss 442.587567
2025-09-05 18:15:58,627 [INFO] [206/300] loss 442.588 | compact 6.8792 | spectral 19.209 | recons_loss: 0.189429 | sparse_loss: 1.03559 | 
2025-09-05 18:15:58,628 [INFO] [Iter 206] LR: 0.00000001
2025-09-05 18:15:58,630 [INFO] No improvement: current loss 442.587506, best loss 442.587567
2025-09-05 18:15:58,897 [INFO] [207/300] loss 442.588 | compact 6.8792 | spectral 19.209 | recons_loss: 0.189429 | sparse_loss: 1.03559 | 
2025-09-05 18:15:58,897 [INFO] [Iter 207] LR: 0.00000001
2025-09-05 18:15:58,900 [INFO] No improvement: current loss 442.587505, best loss 442.587567
2025-09-05 18:15:59,171 [INFO] [208/300] loss 442.588 | compact 6.8792 | spectral 19.209 | recons_loss: 0.189429 | sparse_loss: 1.03559 | 
2025-09-05 18:15:59,171 [INFO] [Iter 208] LR: 0.00000001
2025-09-05 18:15:59,173 [INFO] No improvement: current loss 442.587504, best loss 442.587567
2025-09-05 18:15:59,461 [INFO] [209/300] loss 442.588 | compact 6.8792 | spectral 19.209 | recons_loss: 0.189429 | sparse_loss: 1.03559 | 
2025-09-05 18:15:59,461 [INFO] [Iter 209] LR: 0.00000001
2025-09-05 18:15:59,462 [INFO] No improvement: current loss 442.587503, best loss 442.587567
2025-09-05 18:15:59,730 [INFO] [210/300] loss 442.588 | compact 6.8792 | spectral 19.209 | recons_loss: 0.189429 | sparse_loss: 1.03559 | 
2025-09-05 18:15:59,730 [INFO] [Iter 210] LR: 0.00000001
2025-09-05 18:15:59,732 [INFO] No improvement: current loss 442.587502, best loss 442.587567
2025-09-05 18:16:00,003 [INFO] [211/300] loss 442.588 | compact 6.8792 | spectral 19.209 | recons_loss: 0.189429 | sparse_loss: 1.03559 | 
2025-09-05 18:16:00,003 [INFO] [Iter 211] LR: 0.00000001
2025-09-05 18:16:00,004 [INFO] No improvement: current loss 442.587501, best loss 442.587567
2025-09-05 18:16:00,332 [INFO] [212/300] loss 442.588 | compact 6.8792 | spectral 19.209 | recons_loss: 0.189429 | sparse_loss: 1.03559 | 
2025-09-05 18:16:00,333 [INFO] [Iter 212] LR: 0.00000001
2025-09-05 18:16:00,334 [INFO] No improvement: current loss 442.587501, best loss 442.587567
2025-09-05 18:16:00,602 [INFO] [213/300] loss 442.588 | compact 6.8792 | spectral 19.209 | recons_loss: 0.189429 | sparse_loss: 1.03559 | 
2025-09-05 18:16:00,602 [INFO] [Iter 213] LR: 0.00000001
2025-09-05 18:16:00,604 [INFO] No improvement: current loss 442.587503, best loss 442.587567
2025-09-05 18:16:00,871 [INFO] [214/300] loss 442.588 | compact 6.8792 | spectral 19.209 | recons_loss: 0.189429 | sparse_loss: 1.03559 | 
2025-09-05 18:16:00,871 [INFO] [Iter 214] LR: 0.00000001
2025-09-05 18:16:00,873 [INFO] No improvement: current loss 442.587502, best loss 442.587567
2025-09-05 18:16:01,135 [INFO] [215/300] loss 442.588 | compact 6.8792 | spectral 19.209 | recons_loss: 0.189429 | sparse_loss: 1.03559 | 
2025-09-05 18:16:01,136 [INFO] [Iter 215] LR: 0.00000001
2025-09-05 18:16:01,137 [INFO] No improvement: current loss 442.587501, best loss 442.587567
2025-09-05 18:16:01,416 [INFO] [216/300] loss 442.588 | compact 6.8792 | spectral 19.209 | recons_loss: 0.189429 | sparse_loss: 1.03559 | 
2025-09-05 18:16:01,417 [INFO] [Iter 216] LR: 0.00000001
2025-09-05 18:16:01,418 [INFO] No improvement: current loss 442.587500, best loss 442.587567
2025-09-05 18:16:01,682 [INFO] [217/300] loss 442.587 | compact 6.8792 | spectral 19.209 | recons_loss: 0.189429 | sparse_loss: 1.03559 | 
2025-09-05 18:16:01,682 [INFO] [Iter 217] LR: 0.00000001
2025-09-05 18:16:01,684 [INFO] No improvement: current loss 442.587500, best loss 442.587567
2025-09-05 18:16:01,951 [INFO] [218/300] loss 442.587 | compact 6.8792 | spectral 19.209 | recons_loss: 0.189429 | sparse_loss: 1.03559 | 
2025-09-05 18:16:01,951 [INFO] [Iter 218] LR: 0.00000001
2025-09-05 18:16:01,953 [INFO] No improvement: current loss 442.587499, best loss 442.587567
2025-09-05 18:16:02,223 [INFO] [219/300] loss 442.588 | compact 6.8792 | spectral 19.209 | recons_loss: 0.189429 | sparse_loss: 1.03559 | 
2025-09-05 18:16:02,223 [INFO] [Iter 219] LR: 0.00000001
2025-09-05 18:16:02,225 [INFO] No improvement: current loss 442.587502, best loss 442.587567
2025-09-05 18:16:02,490 [INFO] [220/300] loss 442.588 | compact 6.8792 | spectral 19.209 | recons_loss: 0.189429 | sparse_loss: 1.03559 | 
2025-09-05 18:16:02,490 [INFO] [Iter 220] LR: 0.00000001
2025-09-05 18:16:02,491 [INFO] No improvement: current loss 442.587501, best loss 442.587567
2025-09-05 18:16:02,754 [INFO] [221/300] loss 442.588 | compact 6.8792 | spectral 19.209 | recons_loss: 0.189429 | sparse_loss: 1.03559 | 
2025-09-05 18:16:02,755 [INFO] [Iter 221] LR: 0.00000001
2025-09-05 18:16:02,757 [INFO] No improvement: current loss 442.587500, best loss 442.587567
2025-09-05 18:16:03,023 [INFO] [222/300] loss 442.588 | compact 6.8792 | spectral 19.209 | recons_loss: 0.189429 | sparse_loss: 1.03559 | 
2025-09-05 18:16:03,024 [INFO] [Iter 222] LR: 0.00000001
2025-09-05 18:16:03,025 [INFO] No improvement: current loss 442.587503, best loss 442.587567
2025-09-05 18:16:03,290 [INFO] [223/300] loss 442.588 | compact 6.8792 | spectral 19.209 | recons_loss: 0.189429 | sparse_loss: 1.03559 | 
2025-09-05 18:16:03,290 [INFO] [Iter 223] LR: 0.00000001
2025-09-05 18:16:03,292 [INFO] No improvement: current loss 442.587505, best loss 442.587567
2025-09-05 18:16:03,558 [INFO] [224/300] loss 442.588 | compact 6.8792 | spectral 19.209 | recons_loss: 0.189429 | sparse_loss: 1.03559 | 
2025-09-05 18:16:03,559 [INFO] [Iter 224] LR: 0.00000001
2025-09-05 18:16:03,560 [INFO] No improvement: current loss 442.587507, best loss 442.587567
2025-09-05 18:16:03,831 [INFO] [225/300] loss 442.588 | compact 6.8792 | spectral 19.209 | recons_loss: 0.189429 | sparse_loss: 1.03559 | 
2025-09-05 18:16:03,831 [INFO] [Iter 225] LR: 0.00000001
2025-09-05 18:16:03,832 [INFO] No improvement: current loss 442.587509, best loss 442.587567
2025-09-05 18:16:04,102 [INFO] [226/300] loss 442.588 | compact 6.8792 | spectral 19.209 | recons_loss: 0.189429 | sparse_loss: 1.03559 | 
2025-09-05 18:16:04,102 [INFO] [Iter 226] LR: 0.00000001
2025-09-05 18:16:04,105 [INFO] No improvement: current loss 442.587510, best loss 442.587567
2025-09-05 18:16:04,374 [INFO] [227/300] loss 442.588 | compact 6.8792 | spectral 19.209 | recons_loss: 0.189429 | sparse_loss: 1.03559 | 
2025-09-05 18:16:04,374 [INFO] [Iter 227] LR: 0.00000001
2025-09-05 18:16:04,375 [INFO] No improvement: current loss 442.587512, best loss 442.587567
2025-09-05 18:16:04,639 [INFO] [228/300] loss 442.588 | compact 6.8792 | spectral 19.209 | recons_loss: 0.189429 | sparse_loss: 1.03559 | 
2025-09-05 18:16:04,640 [INFO] [Iter 228] LR: 0.00000001
2025-09-05 18:16:04,641 [INFO] No improvement: current loss 442.587510, best loss 442.587567
2025-09-05 18:16:04,898 [INFO] [229/300] loss 442.588 | compact 6.8792 | spectral 19.209 | recons_loss: 0.189429 | sparse_loss: 1.03559 | 
2025-09-05 18:16:04,898 [INFO] [Iter 229] LR: 0.00000001
2025-09-05 18:16:04,900 [INFO] No improvement: current loss 442.587511, best loss 442.587567
2025-09-05 18:16:05,160 [INFO] [230/300] loss 442.588 | compact 6.8792 | spectral 19.209 | recons_loss: 0.189429 | sparse_loss: 1.03559 | 
2025-09-05 18:16:05,162 [INFO] [Iter 230] LR: 0.00000001
2025-09-05 18:16:05,164 [INFO] No improvement: current loss 442.587510, best loss 442.587567
2025-09-05 18:16:05,434 [INFO] [231/300] loss 442.588 | compact 6.8792 | spectral 19.209 | recons_loss: 0.189429 | sparse_loss: 1.03559 | 
2025-09-05 18:16:05,435 [INFO] [Iter 231] LR: 0.00000001
2025-09-05 18:16:05,436 [INFO] No improvement: current loss 442.587508, best loss 442.587567
2025-09-05 18:16:05,702 [INFO] [232/300] loss 442.588 | compact 6.8792 | spectral 19.209 | recons_loss: 0.189429 | sparse_loss: 1.03559 | 
2025-09-05 18:16:05,703 [INFO] [Iter 232] LR: 0.00000001
2025-09-05 18:16:05,704 [INFO] No improvement: current loss 442.587510, best loss 442.587567
2025-09-05 18:16:05,975 [INFO] [233/300] loss 442.588 | compact 6.8792 | spectral 19.209 | recons_loss: 0.189429 | sparse_loss: 1.03559 | 
2025-09-05 18:16:05,975 [INFO] [Iter 233] LR: 0.00000001
2025-09-05 18:16:05,978 [INFO] No improvement: current loss 442.587508, best loss 442.587567
2025-09-05 18:16:06,252 [INFO] [234/300] loss 442.588 | compact 6.8792 | spectral 19.209 | recons_loss: 0.189429 | sparse_loss: 1.03559 | 
2025-09-05 18:16:06,252 [INFO] [Iter 234] LR: 0.00000001
2025-09-05 18:16:06,254 [INFO] No improvement: current loss 442.587510, best loss 442.587567
2025-09-05 18:16:06,524 [INFO] [235/300] loss 442.588 | compact 6.8792 | spectral 19.209 | recons_loss: 0.189429 | sparse_loss: 1.03559 | 
2025-09-05 18:16:06,524 [INFO] [Iter 235] LR: 0.00000001
2025-09-05 18:16:06,526 [INFO] No improvement: current loss 442.587511, best loss 442.587567
2025-09-05 18:16:06,809 [INFO] [236/300] loss 442.588 | compact 6.8792 | spectral 19.209 | recons_loss: 0.189429 | sparse_loss: 1.03559 | 
2025-09-05 18:16:06,809 [INFO] [Iter 236] LR: 0.00000001
2025-09-05 18:16:06,810 [INFO] No improvement: current loss 442.587509, best loss 442.587567
2025-09-05 18:16:07,077 [INFO] [237/300] loss 442.588 | compact 6.8792 | spectral 19.209 | recons_loss: 0.189429 | sparse_loss: 1.03559 | 
2025-09-05 18:16:07,078 [INFO] [Iter 237] LR: 0.00000001
2025-09-05 18:16:07,079 [INFO] No improvement: current loss 442.587511, best loss 442.587567
2025-09-05 18:16:07,344 [INFO] [238/300] loss 442.588 | compact 6.8792 | spectral 19.209 | recons_loss: 0.189429 | sparse_loss: 1.03559 | 
2025-09-05 18:16:07,344 [INFO] [Iter 238] LR: 0.00000001
2025-09-05 18:16:07,346 [INFO] No improvement: current loss 442.587509, best loss 442.587567
2025-09-05 18:16:07,611 [INFO] [239/300] loss 442.588 | compact 6.8792 | spectral 19.209 | recons_loss: 0.189429 | sparse_loss: 1.03559 | 
2025-09-05 18:16:07,611 [INFO] [Iter 239] LR: 0.00000001
2025-09-05 18:16:07,612 [INFO] No improvement: current loss 442.587508, best loss 442.587567
2025-09-05 18:16:07,914 [INFO] [240/300] loss 442.588 | compact 6.8792 | spectral 19.209 | recons_loss: 0.189429 | sparse_loss: 1.03559 | 
2025-09-05 18:16:07,914 [INFO] [Iter 240] LR: 0.00000001
2025-09-05 18:16:07,916 [INFO] No improvement: current loss 442.587509, best loss 442.587567
2025-09-05 18:16:08,180 [INFO] [241/300] loss 442.588 | compact 6.8792 | spectral 19.209 | recons_loss: 0.189429 | sparse_loss: 1.03559 | 
2025-09-05 18:16:08,180 [INFO] [Iter 241] LR: 0.00000001
2025-09-05 18:16:08,182 [INFO] No improvement: current loss 442.587508, best loss 442.587567
2025-09-05 18:16:08,455 [INFO] [242/300] loss 442.588 | compact 6.8792 | spectral 19.209 | recons_loss: 0.189429 | sparse_loss: 1.03559 | 
2025-09-05 18:16:08,455 [INFO] [Iter 242] LR: 0.00000001
2025-09-05 18:16:08,457 [INFO] No improvement: current loss 442.587509, best loss 442.587567
2025-09-05 18:16:08,717 [INFO] [243/300] loss 442.588 | compact 6.8792 | spectral 19.209 | recons_loss: 0.189429 | sparse_loss: 1.03559 | 
2025-09-05 18:16:08,718 [INFO] [Iter 243] LR: 0.00000001
2025-09-05 18:16:08,720 [INFO] No improvement: current loss 442.587508, best loss 442.587567
2025-09-05 18:16:08,988 [INFO] [244/300] loss 442.588 | compact 6.8792 | spectral 19.209 | recons_loss: 0.189429 | sparse_loss: 1.03559 | 
2025-09-05 18:16:08,989 [INFO] [Iter 244] LR: 0.00000001
2025-09-05 18:16:08,990 [INFO] No improvement: current loss 442.587510, best loss 442.587567
2025-09-05 18:16:09,246 [INFO] [245/300] loss 442.588 | compact 6.8792 | spectral 19.209 | recons_loss: 0.189429 | sparse_loss: 1.03559 | 
2025-09-05 18:16:09,247 [INFO] [Iter 245] LR: 0.00000001
2025-09-05 18:16:09,249 [INFO] No improvement: current loss 442.587508, best loss 442.587567
2025-09-05 18:16:09,518 [INFO] [246/300] loss 442.588 | compact 6.8792 | spectral 19.209 | recons_loss: 0.189429 | sparse_loss: 1.03559 | 
2025-09-05 18:16:09,519 [INFO] [Iter 246] LR: 0.00000001
2025-09-05 18:16:09,521 [INFO] No improvement: current loss 442.587510, best loss 442.587567
2025-09-05 18:16:09,778 [INFO] [247/300] loss 442.588 | compact 6.8792 | spectral 19.209 | recons_loss: 0.189429 | sparse_loss: 1.03559 | 
2025-09-05 18:16:09,779 [INFO] [Iter 247] LR: 0.00000001
2025-09-05 18:16:09,780 [INFO] No improvement: current loss 442.587511, best loss 442.587567
2025-09-05 18:16:10,039 [INFO] [248/300] loss 442.588 | compact 6.8792 | spectral 19.209 | recons_loss: 0.189429 | sparse_loss: 1.03559 | 
2025-09-05 18:16:10,039 [INFO] [Iter 248] LR: 0.00000001
2025-09-05 18:16:10,040 [INFO] No improvement: current loss 442.587509, best loss 442.587567
2025-09-05 18:16:10,313 [INFO] [249/300] loss 442.588 | compact 6.8792 | spectral 19.209 | recons_loss: 0.189429 | sparse_loss: 1.03559 | 
2025-09-05 18:16:10,314 [INFO] [Iter 249] LR: 0.00000001
2025-09-05 18:16:10,316 [INFO] No improvement: current loss 442.587511, best loss 442.587567
2025-09-05 18:16:10,385 [INFO] H: 160, W: 150
2025-09-05 18:16:10,494 [INFO] [0 1 2 3 4 5 6]
2025-09-05 18:16:10,646 [INFO] y_target: [1 2 3 4 5 6 7]
2025-09-05 18:16:10,647 [INFO] y_predict: [0 1 2 3 4 5 6]
2025-09-05 18:16:10,805 [INFO] Epoch = 250 OA = 0.8493 Kappa = 0.8221 NMI = 0.7572
2025-09-05 18:16:11,015 [INFO] [250/300] loss 442.588 | compact 6.8792 | spectral 19.209 | recons_loss: 0.189429 | sparse_loss: 1.03559 | 
2025-09-05 18:16:11,016 [INFO] [Iter 250] LR: 0.00000001
2025-09-05 18:16:11,017 [INFO] No improvement: current loss 442.587509, best loss 442.587567
2025-09-05 18:16:11,276 [INFO] [251/300] loss 442.588 | compact 6.8792 | spectral 19.209 | recons_loss: 0.189429 | sparse_loss: 1.03559 | 
2025-09-05 18:16:11,276 [INFO] [Iter 251] LR: 0.00000001
2025-09-05 18:16:11,278 [INFO] No improvement: current loss 442.587511, best loss 442.587567
2025-09-05 18:16:11,538 [INFO] [252/300] loss 442.588 | compact 6.8792 | spectral 19.209 | recons_loss: 0.189429 | sparse_loss: 1.03559 | 
2025-09-05 18:16:11,539 [INFO] [Iter 252] LR: 0.00000001
2025-09-05 18:16:11,541 [INFO] No improvement: current loss 442.587512, best loss 442.587567
2025-09-05 18:16:11,806 [INFO] [253/300] loss 442.588 | compact 6.8792 | spectral 19.209 | recons_loss: 0.189429 | sparse_loss: 1.03559 | 
2025-09-05 18:16:11,807 [INFO] [Iter 253] LR: 0.00000001
2025-09-05 18:16:11,808 [INFO] No improvement: current loss 442.587513, best loss 442.587567
2025-09-05 18:16:12,069 [INFO] [254/300] loss 442.588 | compact 6.8792 | spectral 19.209 | recons_loss: 0.189429 | sparse_loss: 1.03559 | 
2025-09-05 18:16:12,070 [INFO] [Iter 254] LR: 0.00000001
2025-09-05 18:16:12,071 [INFO] No improvement: current loss 442.587514, best loss 442.587567
2025-09-05 18:16:12,342 [INFO] [255/300] loss 442.588 | compact 6.8792 | spectral 19.209 | recons_loss: 0.189429 | sparse_loss: 1.03559 | 
2025-09-05 18:16:12,342 [INFO] [Iter 255] LR: 0.00000001
2025-09-05 18:16:12,344 [INFO] No improvement: current loss 442.587512, best loss 442.587567
2025-09-05 18:16:12,611 [INFO] [256/300] loss 442.588 | compact 6.8792 | spectral 19.209 | recons_loss: 0.189429 | sparse_loss: 1.03559 | 
2025-09-05 18:16:12,611 [INFO] [Iter 256] LR: 0.00000001
2025-09-05 18:16:12,612 [INFO] No improvement: current loss 442.587511, best loss 442.587567
2025-09-05 18:16:12,869 [INFO] [257/300] loss 442.588 | compact 6.8792 | spectral 19.209 | recons_loss: 0.189429 | sparse_loss: 1.03559 | 
2025-09-05 18:16:12,870 [INFO] [Iter 257] LR: 0.00000001
2025-09-05 18:16:12,872 [INFO] No improvement: current loss 442.587509, best loss 442.587567
2025-09-05 18:16:13,134 [INFO] [258/300] loss 442.588 | compact 6.8792 | spectral 19.209 | recons_loss: 0.189429 | sparse_loss: 1.03559 | 
2025-09-05 18:16:13,135 [INFO] [Iter 258] LR: 0.00000001
2025-09-05 18:16:13,137 [INFO] No improvement: current loss 442.587510, best loss 442.587567
2025-09-05 18:16:13,398 [INFO] [259/300] loss 442.588 | compact 6.8792 | spectral 19.209 | recons_loss: 0.189429 | sparse_loss: 1.03559 | 
2025-09-05 18:16:13,399 [INFO] [Iter 259] LR: 0.00000001
2025-09-05 18:16:13,401 [INFO] No improvement: current loss 442.587512, best loss 442.587567
2025-09-05 18:16:13,678 [INFO] [260/300] loss 442.588 | compact 6.8792 | spectral 19.209 | recons_loss: 0.189429 | sparse_loss: 1.03559 | 
2025-09-05 18:16:13,678 [INFO] [Iter 260] LR: 0.00000001
2025-09-05 18:16:13,681 [INFO] No improvement: current loss 442.587510, best loss 442.587567
2025-09-05 18:16:13,941 [INFO] [261/300] loss 442.588 | compact 6.8792 | spectral 19.209 | recons_loss: 0.189429 | sparse_loss: 1.03559 | 
2025-09-05 18:16:13,942 [INFO] [Iter 261] LR: 0.00000001
2025-09-05 18:16:13,943 [INFO] No improvement: current loss 442.587511, best loss 442.587567
2025-09-05 18:16:14,204 [INFO] [262/300] loss 442.588 | compact 6.8792 | spectral 19.209 | recons_loss: 0.189429 | sparse_loss: 1.03559 | 
2025-09-05 18:16:14,205 [INFO] [Iter 262] LR: 0.00000001
2025-09-05 18:16:14,206 [INFO] No improvement: current loss 442.587510, best loss 442.587567
2025-09-05 18:16:14,477 [INFO] [263/300] loss 442.588 | compact 6.8792 | spectral 19.209 | recons_loss: 0.189429 | sparse_loss: 1.03559 | 
2025-09-05 18:16:14,477 [INFO] [Iter 263] LR: 0.00000001
2025-09-05 18:16:14,478 [INFO] No improvement: current loss 442.587511, best loss 442.587567
2025-09-05 18:16:14,735 [INFO] [264/300] loss 442.588 | compact 6.8792 | spectral 19.209 | recons_loss: 0.189429 | sparse_loss: 1.03559 | 
2025-09-05 18:16:14,736 [INFO] [Iter 264] LR: 0.00000001
2025-09-05 18:16:14,737 [INFO] No improvement: current loss 442.587509, best loss 442.587567
2025-09-05 18:16:14,994 [INFO] [265/300] loss 442.588 | compact 6.8792 | spectral 19.209 | recons_loss: 0.189429 | sparse_loss: 1.03559 | 
2025-09-05 18:16:14,994 [INFO] [Iter 265] LR: 0.00000001
2025-09-05 18:16:14,995 [INFO] No improvement: current loss 442.587508, best loss 442.587567
2025-09-05 18:16:15,255 [INFO] [266/300] loss 442.588 | compact 6.8792 | spectral 19.209 | recons_loss: 0.189429 | sparse_loss: 1.03559 | 
2025-09-05 18:16:15,256 [INFO] [Iter 266] LR: 0.00000001
2025-09-05 18:16:15,258 [INFO] No improvement: current loss 442.587506, best loss 442.587567
2025-09-05 18:16:15,528 [INFO] [267/300] loss 442.588 | compact 6.8792 | spectral 19.209 | recons_loss: 0.189429 | sparse_loss: 1.03559 | 
2025-09-05 18:16:15,529 [INFO] [Iter 267] LR: 0.00000001
2025-09-05 18:16:15,530 [INFO] No improvement: current loss 442.587508, best loss 442.587567
2025-09-05 18:16:15,786 [INFO] [268/300] loss 442.588 | compact 6.8792 | spectral 19.209 | recons_loss: 0.189429 | sparse_loss: 1.03559 | 
2025-09-05 18:16:15,787 [INFO] [Iter 268] LR: 0.00000001
2025-09-05 18:16:15,788 [INFO] No improvement: current loss 442.587507, best loss 442.587567
2025-09-05 18:16:16,049 [INFO] [269/300] loss 442.588 | compact 6.8792 | spectral 19.209 | recons_loss: 0.189429 | sparse_loss: 1.03559 | 
2025-09-05 18:16:16,049 [INFO] [Iter 269] LR: 0.00000001
2025-09-05 18:16:16,050 [INFO] No improvement: current loss 442.587506, best loss 442.587567
2025-09-05 18:16:16,318 [INFO] [270/300] loss 442.588 | compact 6.8792 | spectral 19.209 | recons_loss: 0.189429 | sparse_loss: 1.03559 | 
2025-09-05 18:16:16,318 [INFO] [Iter 270] LR: 0.00000001
2025-09-05 18:16:16,319 [INFO] No improvement: current loss 442.587504, best loss 442.587567
2025-09-05 18:16:16,575 [INFO] [271/300] loss 442.588 | compact 6.8792 | spectral 19.209 | recons_loss: 0.189429 | sparse_loss: 1.03559 | 
2025-09-05 18:16:16,575 [INFO] [Iter 271] LR: 0.00000001
2025-09-05 18:16:16,577 [INFO] No improvement: current loss 442.587503, best loss 442.587567
2025-09-05 18:16:16,833 [INFO] [272/300] loss 442.588 | compact 6.8792 | spectral 19.209 | recons_loss: 0.189429 | sparse_loss: 1.03559 | 
2025-09-05 18:16:16,833 [INFO] [Iter 272] LR: 0.00000001
2025-09-05 18:16:16,834 [INFO] No improvement: current loss 442.587505, best loss 442.587567
2025-09-05 18:16:17,090 [INFO] [273/300] loss 442.588 | compact 6.8792 | spectral 19.209 | recons_loss: 0.189429 | sparse_loss: 1.03559 | 
2025-09-05 18:16:17,091 [INFO] [Iter 273] LR: 0.00000001
2025-09-05 18:16:17,092 [INFO] No improvement: current loss 442.587507, best loss 442.587567
2025-09-05 18:16:17,348 [INFO] [274/300] loss 442.588 | compact 6.8792 | spectral 19.209 | recons_loss: 0.189429 | sparse_loss: 1.03559 | 
2025-09-05 18:16:17,348 [INFO] [Iter 274] LR: 0.00000001
2025-09-05 18:16:17,349 [INFO] No improvement: current loss 442.587509, best loss 442.587567
2025-09-05 18:16:17,607 [INFO] [275/300] loss 442.588 | compact 6.8792 | spectral 19.209 | recons_loss: 0.189429 | sparse_loss: 1.03559 | 
2025-09-05 18:16:17,608 [INFO] [Iter 275] LR: 0.00000001
2025-09-05 18:16:17,609 [INFO] No improvement: current loss 442.587511, best loss 442.587567
2025-09-05 18:16:17,875 [INFO] [276/300] loss 442.588 | compact 6.8792 | spectral 19.209 | recons_loss: 0.189429 | sparse_loss: 1.03559 | 
2025-09-05 18:16:17,875 [INFO] [Iter 276] LR: 0.00000001
2025-09-05 18:16:17,876 [INFO] No improvement: current loss 442.587512, best loss 442.587567
2025-09-05 18:16:18,139 [INFO] [277/300] loss 442.588 | compact 6.8792 | spectral 19.209 | recons_loss: 0.189429 | sparse_loss: 1.03559 | 
2025-09-05 18:16:18,140 [INFO] [Iter 277] LR: 0.00000001
2025-09-05 18:16:18,142 [INFO] No improvement: current loss 442.587510, best loss 442.587567
2025-09-05 18:16:18,405 [INFO] [278/300] loss 442.588 | compact 6.8792 | spectral 19.209 | recons_loss: 0.189429 | sparse_loss: 1.03559 | 
2025-09-05 18:16:18,405 [INFO] [Iter 278] LR: 0.00000001
2025-09-05 18:16:18,406 [INFO] No improvement: current loss 442.587509, best loss 442.587567
2025-09-05 18:16:18,681 [INFO] [279/300] loss 442.588 | compact 6.8792 | spectral 19.209 | recons_loss: 0.189429 | sparse_loss: 1.03559 | 
2025-09-05 18:16:18,682 [INFO] [Iter 279] LR: 0.00000001
2025-09-05 18:16:18,683 [INFO] No improvement: current loss 442.587507, best loss 442.587567
2025-09-05 18:16:18,941 [INFO] [280/300] loss 442.588 | compact 6.8792 | spectral 19.209 | recons_loss: 0.189429 | sparse_loss: 1.03559 | 
2025-09-05 18:16:18,942 [INFO] [Iter 280] LR: 0.00000001
2025-09-05 18:16:18,943 [INFO] No improvement: current loss 442.587506, best loss 442.587567
2025-09-05 18:16:19,203 [INFO] [281/300] loss 442.588 | compact 6.8792 | spectral 19.209 | recons_loss: 0.189429 | sparse_loss: 1.03559 | 
2025-09-05 18:16:19,203 [INFO] [Iter 281] LR: 0.00000001
2025-09-05 18:16:19,204 [INFO] No improvement: current loss 442.587505, best loss 442.587567
2025-09-05 18:16:19,478 [INFO] [282/300] loss 442.588 | compact 6.8792 | spectral 19.209 | recons_loss: 0.189429 | sparse_loss: 1.03559 | 
2025-09-05 18:16:19,479 [INFO] [Iter 282] LR: 0.00000001
2025-09-05 18:16:19,481 [INFO] No improvement: current loss 442.587507, best loss 442.587567
2025-09-05 18:16:19,749 [INFO] [283/300] loss 442.588 | compact 6.8792 | spectral 19.209 | recons_loss: 0.189429 | sparse_loss: 1.03559 | 
2025-09-05 18:16:19,750 [INFO] [Iter 283] LR: 0.00000001
2025-09-05 18:16:19,751 [INFO] No improvement: current loss 442.587508, best loss 442.587567
2025-09-05 18:16:20,007 [INFO] [284/300] loss 442.588 | compact 6.8792 | spectral 19.209 | recons_loss: 0.189429 | sparse_loss: 1.03559 | 
2025-09-05 18:16:20,008 [INFO] [Iter 284] LR: 0.00000001
2025-09-05 18:16:20,009 [INFO] No improvement: current loss 442.587507, best loss 442.587567
2025-09-05 18:16:20,266 [INFO] [285/300] loss 442.588 | compact 6.8792 | spectral 19.209 | recons_loss: 0.189429 | sparse_loss: 1.03559 | 
2025-09-05 18:16:20,266 [INFO] [Iter 285] LR: 0.00000001
2025-09-05 18:16:20,267 [INFO] No improvement: current loss 442.587509, best loss 442.587567
2025-09-05 18:16:20,524 [INFO] [286/300] loss 442.588 | compact 6.8792 | spectral 19.209 | recons_loss: 0.189429 | sparse_loss: 1.03559 | 
2025-09-05 18:16:20,524 [INFO] [Iter 286] LR: 0.00000001
2025-09-05 18:16:20,526 [INFO] No improvement: current loss 442.587507, best loss 442.587567
2025-09-05 18:16:20,783 [INFO] [287/300] loss 442.588 | compact 6.8792 | spectral 19.209 | recons_loss: 0.189429 | sparse_loss: 1.03559 | 
2025-09-05 18:16:20,783 [INFO] [Iter 287] LR: 0.00000001
2025-09-05 18:16:20,785 [INFO] No improvement: current loss 442.587506, best loss 442.587567
2025-09-05 18:16:21,048 [INFO] [288/300] loss 442.588 | compact 6.8792 | spectral 19.209 | recons_loss: 0.189429 | sparse_loss: 1.03559 | 
2025-09-05 18:16:21,048 [INFO] [Iter 288] LR: 0.00000001
2025-09-05 18:16:21,049 [INFO] No improvement: current loss 442.587508, best loss 442.587567
2025-09-05 18:16:21,309 [INFO] [289/300] loss 442.588 | compact 6.8792 | spectral 19.209 | recons_loss: 0.189429 | sparse_loss: 1.03559 | 
2025-09-05 18:16:21,310 [INFO] [Iter 289] LR: 0.00000001
2025-09-05 18:16:21,311 [INFO] No improvement: current loss 442.587509, best loss 442.587567
2025-09-05 18:16:21,569 [INFO] [290/300] loss 442.588 | compact 6.8792 | spectral 19.209 | recons_loss: 0.189429 | sparse_loss: 1.03559 | 
2025-09-05 18:16:21,569 [INFO] [Iter 290] LR: 0.00000001
2025-09-05 18:16:21,570 [INFO] No improvement: current loss 442.587511, best loss 442.587567
2025-09-05 18:16:21,827 [INFO] [291/300] loss 442.588 | compact 6.8792 | spectral 19.209 | recons_loss: 0.189429 | sparse_loss: 1.03559 | 
2025-09-05 18:16:21,828 [INFO] [Iter 291] LR: 0.00000001
2025-09-05 18:16:21,830 [INFO] No improvement: current loss 442.587509, best loss 442.587567
2025-09-05 18:16:22,103 [INFO] [292/300] loss 442.588 | compact 6.8792 | spectral 19.209 | recons_loss: 0.189429 | sparse_loss: 1.03559 | 
2025-09-05 18:16:22,103 [INFO] [Iter 292] LR: 0.00000001
2025-09-05 18:16:22,104 [INFO] No improvement: current loss 442.587508, best loss 442.587567
2025-09-05 18:16:22,370 [INFO] [293/300] loss 442.588 | compact 6.8792 | spectral 19.209 | recons_loss: 0.189429 | sparse_loss: 1.03559 | 
2025-09-05 18:16:22,370 [INFO] [Iter 293] LR: 0.00000001
2025-09-05 18:16:22,372 [INFO] No improvement: current loss 442.587509, best loss 442.587567
2025-09-05 18:16:22,630 [INFO] [294/300] loss 442.588 | compact 6.8792 | spectral 19.209 | recons_loss: 0.189429 | sparse_loss: 1.03559 | 
2025-09-05 18:16:22,630 [INFO] [Iter 294] LR: 0.00000001
2025-09-05 18:16:22,632 [INFO] No improvement: current loss 442.587511, best loss 442.587567
2025-09-05 18:16:22,892 [INFO] [295/300] loss 442.588 | compact 6.8792 | spectral 19.209 | recons_loss: 0.189429 | sparse_loss: 1.03559 | 
2025-09-05 18:16:22,892 [INFO] [Iter 295] LR: 0.00000001
2025-09-05 18:16:22,893 [INFO] No improvement: current loss 442.587512, best loss 442.587567
2025-09-05 18:16:23,159 [INFO] [296/300] loss 442.588 | compact 6.8792 | spectral 19.209 | recons_loss: 0.189429 | sparse_loss: 1.03559 | 
2025-09-05 18:16:23,160 [INFO] [Iter 296] LR: 0.00000001
2025-09-05 18:16:23,161 [INFO] No improvement: current loss 442.587510, best loss 442.587567
2025-09-05 18:16:23,430 [INFO] [297/300] loss 442.588 | compact 6.8792 | spectral 19.209 | recons_loss: 0.189429 | sparse_loss: 1.03559 | 
2025-09-05 18:16:23,431 [INFO] [Iter 297] LR: 0.00000001
2025-09-05 18:16:23,432 [INFO] No improvement: current loss 442.587512, best loss 442.587567
2025-09-05 18:16:23,688 [INFO] [298/300] loss 442.588 | compact 6.8792 | spectral 19.209 | recons_loss: 0.189429 | sparse_loss: 1.03559 | 
2025-09-05 18:16:23,689 [INFO] [Iter 298] LR: 0.00000001
2025-09-05 18:16:23,691 [INFO] No improvement: current loss 442.587513, best loss 442.587567
2025-09-05 18:16:23,755 [INFO] H: 160, W: 150
2025-09-05 18:16:23,858 [INFO] [0 1 2 3 4 5 6]
2025-09-05 18:16:24,054 [INFO] y_target: [1 2 3 4 5 6 7]
2025-09-05 18:16:24,054 [INFO] y_predict: [0 1 2 3 4 5 6]
2025-09-05 18:16:24,235 [INFO] Epoch = 299 OA = 0.8493 Kappa = 0.8221 NMI = 0.7572
2025-09-05 18:16:24,447 [INFO] [299/300] loss 442.588 | compact 6.8792 | spectral 19.209 | recons_loss: 0.189429 | sparse_loss: 1.03559 | 
2025-09-05 18:16:24,447 [INFO] [Iter 299] LR: 0.00000001
2025-09-05 18:16:24,449 [INFO] No improvement: current loss 442.587514, best loss 442.587567
2025-09-05 18:16:24,450 [INFO] Training finished. Best model loaded.
