2025-09-05 18:43:08,163 [INFO] ========== Training Configuration ==========
2025-09-05 18:43:08,164 [INFO] out_dir: ./log
2025-09-05 18:43:08,165 [INFO] lr: 0.1
2025-09-05 18:43:08,165 [INFO] train_iter: 300
2025-09-05 18:43:08,165 [INFO] niter: 5
2025-09-05 18:43:08,165 [INFO] nspix: 300
2025-09-05 18:43:08,165 [INFO] weight: weight
2025-09-05 18:43:08,165 [INFO] weight_representation: 125.0
2025-09-05 18:43:08,165 [INFO] weight_noise: 50.0
2025-09-05 18:43:08,165 [INFO] dataset: urban
2025-09-05 18:43:08,165 [INFO] device: cuda:0
2025-09-05 18:43:08,165 [INFO] log: urban1
2025-09-05 18:43:08,165 [INFO] ============================================
2025-09-05 18:43:27,733 [INFO] H: 160, W: 150
2025-09-05 18:43:27,903 [INFO] [0 1 2 3 4 5 6]
2025-09-05 18:43:29,940 [INFO] y_target: [1 2 3 4 5 6 7]
2025-09-05 18:43:29,941 [INFO] y_predict: [0 1 2 3 4 5 6]
2025-09-05 18:43:30,128 [INFO] Epoch = 0 OA = 0.8095 Kappa = 0.7746 NMI = 0.7239
2025-09-05 18:43:30,741 [INFO] [0/300] loss 845.848 | compact 6.9117 | spectral 19.6366 | recons_loss: 0.235515 | sparse_loss: 1.04431 | 
2025-09-05 18:43:30,742 [INFO] [Iter 0] LR: 0.10000000
2025-09-05 18:43:30,745 [INFO] Saving best model at iteration 0
2025-09-05 18:43:31,002 [INFO] [1/300] loss 845.502 | compact 6.91315 | spectral 19.6232 | recons_loss: 0.234584 | sparse_loss: 1.04427 | 
2025-09-05 18:43:31,003 [INFO] [Iter 1] LR: 0.10000000
2025-09-05 18:43:31,005 [INFO] Saving best model at iteration 1
2025-09-05 18:43:31,262 [INFO] [2/300] loss 844.906 | compact 6.91511 | spectral 19.5986 | recons_loss: 0.232951 | sparse_loss: 1.0441 | 
2025-09-05 18:43:31,262 [INFO] [Iter 2] LR: 0.10000000
2025-09-05 18:43:31,264 [INFO] Saving best model at iteration 2
2025-09-05 18:43:31,521 [INFO] [3/300] loss 844.144 | compact 6.91493 | spectral 19.5687 | recons_loss: 0.230811 | sparse_loss: 1.04379 | 
2025-09-05 18:43:31,521 [INFO] [Iter 3] LR: 0.10000000
2025-09-05 18:43:31,523 [INFO] Saving best model at iteration 3
2025-09-05 18:43:31,780 [INFO] [4/300] loss 843.301 | compact 6.91383 | spectral 19.5348 | recons_loss: 0.228285 | sparse_loss: 1.04346 | 
2025-09-05 18:43:31,781 [INFO] [Iter 4] LR: 0.10000000
2025-09-05 18:43:31,782 [INFO] Saving best model at iteration 4
2025-09-05 18:43:32,052 [INFO] [5/300] loss 842.414 | compact 6.90939 | spectral 19.5031 | recons_loss: 0.225471 | sparse_loss: 1.04311 | 
2025-09-05 18:43:32,052 [INFO] [Iter 5] LR: 0.10000000
2025-09-05 18:43:32,053 [INFO] Saving best model at iteration 5
2025-09-05 18:43:32,324 [INFO] [6/300] loss 841.521 | compact 6.90654 | spectral 19.4678 | recons_loss: 0.222483 | sparse_loss: 1.04277 | 
2025-09-05 18:43:32,324 [INFO] [Iter 6] LR: 0.10000000
2025-09-05 18:43:32,326 [INFO] Saving best model at iteration 6
2025-09-05 18:43:32,580 [INFO] [7/300] loss 840.593 | compact 6.90453 | spectral 19.4204 | recons_loss: 0.219346 | sparse_loss: 1.04242 | 
2025-09-05 18:43:32,581 [INFO] [Iter 7] LR: 0.10000000
2025-09-05 18:43:32,582 [INFO] Saving best model at iteration 7
2025-09-05 18:43:32,846 [INFO] [8/300] loss 839.686 | compact 6.90304 | spectral 19.3724 | recons_loss: 0.216204 | sparse_loss: 1.04203 | 
2025-09-05 18:43:32,847 [INFO] [Iter 8] LR: 0.10000000
2025-09-05 18:43:32,848 [INFO] Saving best model at iteration 8
2025-09-05 18:43:33,119 [INFO] [9/300] loss 838.869 | compact 6.90163 | spectral 19.3318 | recons_loss: 0.213144 | sparse_loss: 1.04166 | 
2025-09-05 18:43:33,120 [INFO] [Iter 9] LR: 0.10000000
2025-09-05 18:43:33,121 [INFO] Saving best model at iteration 9
2025-09-05 18:43:33,380 [INFO] [10/300] loss 838.088 | compact 6.8994 | spectral 19.2928 | recons_loss: 0.210177 | sparse_loss: 1.04128 | 
2025-09-05 18:43:33,381 [INFO] [Iter 10] LR: 0.10000000
2025-09-05 18:43:33,383 [INFO] Saving best model at iteration 10
2025-09-05 18:43:33,643 [INFO] [11/300] loss 837.339 | compact 6.89731 | spectral 19.258 | recons_loss: 0.207291 | sparse_loss: 1.04091 | 
2025-09-05 18:43:33,643 [INFO] [Iter 11] LR: 0.10000000
2025-09-05 18:43:33,644 [INFO] Saving best model at iteration 11
2025-09-05 18:43:33,906 [INFO] [12/300] loss 836.64 | compact 6.89583 | spectral 19.2248 | recons_loss: 0.204536 | sparse_loss: 1.04057 | 
2025-09-05 18:43:33,907 [INFO] [Iter 12] LR: 0.10000000
2025-09-05 18:43:33,908 [INFO] Saving best model at iteration 12
2025-09-05 18:43:34,166 [INFO] [13/300] loss 835.979 | compact 6.89428 | spectral 19.1969 | recons_loss: 0.201929 | sparse_loss: 1.04024 | 
2025-09-05 18:43:34,166 [INFO] [Iter 13] LR: 0.10000000
2025-09-05 18:43:34,168 [INFO] Saving best model at iteration 13
2025-09-05 18:43:34,426 [INFO] [14/300] loss 835.389 | compact 6.89179 | spectral 19.1835 | recons_loss: 0.199506 | sparse_loss: 1.03994 | 
2025-09-05 18:43:34,427 [INFO] [Iter 14] LR: 0.10000000
2025-09-05 18:43:34,428 [INFO] Saving best model at iteration 14
2025-09-05 18:43:34,686 [INFO] [15/300] loss 834.823 | compact 6.88948 | spectral 19.1732 | recons_loss: 0.197268 | sparse_loss: 1.03966 | 
2025-09-05 18:43:34,686 [INFO] [Iter 15] LR: 0.10000000
2025-09-05 18:43:34,689 [INFO] Saving best model at iteration 15
2025-09-05 18:43:34,948 [INFO] [16/300] loss 834.275 | compact 6.88662 | spectral 19.1519 | recons_loss: 0.195181 | sparse_loss: 1.03938 | 
2025-09-05 18:43:34,949 [INFO] [Iter 16] LR: 0.10000000
2025-09-05 18:43:34,950 [INFO] Saving best model at iteration 16
2025-09-05 18:43:35,208 [INFO] [17/300] loss 833.757 | compact 6.88459 | spectral 19.1363 | recons_loss: 0.193242 | sparse_loss: 1.03911 | 
2025-09-05 18:43:35,208 [INFO] [Iter 17] LR: 0.10000000
2025-09-05 18:43:35,209 [INFO] Saving best model at iteration 17
2025-09-05 18:43:35,471 [INFO] [18/300] loss 833.263 | compact 6.88154 | spectral 19.1303 | recons_loss: 0.191437 | sparse_loss: 1.03884 | 
2025-09-05 18:43:35,472 [INFO] [Iter 18] LR: 0.10000000
2025-09-05 18:43:35,474 [INFO] Saving best model at iteration 18
2025-09-05 18:43:35,732 [INFO] [19/300] loss 832.807 | compact 6.87945 | spectral 19.1328 | recons_loss: 0.189766 | sparse_loss: 1.03859 | 
2025-09-05 18:43:35,732 [INFO] [Iter 19] LR: 0.10000000
2025-09-05 18:43:35,733 [INFO] Saving best model at iteration 19
2025-09-05 18:43:35,990 [INFO] [20/300] loss 832.366 | compact 6.87721 | spectral 19.1295 | recons_loss: 0.188223 | sparse_loss: 1.03835 | 
2025-09-05 18:43:35,991 [INFO] [Iter 20] LR: 0.10000000
2025-09-05 18:43:35,993 [INFO] Saving best model at iteration 20
2025-09-05 18:43:36,250 [INFO] [21/300] loss 831.962 | compact 6.87543 | spectral 19.1328 | recons_loss: 0.186804 | sparse_loss: 1.03814 | 
2025-09-05 18:43:36,251 [INFO] [Iter 21] LR: 0.10000000
2025-09-05 18:43:36,252 [INFO] Saving best model at iteration 21
2025-09-05 18:43:36,509 [INFO] [22/300] loss 831.604 | compact 6.87216 | spectral 19.1405 | recons_loss: 0.185526 | sparse_loss: 1.03796 | 
2025-09-05 18:43:36,510 [INFO] [Iter 22] LR: 0.10000000
2025-09-05 18:43:36,511 [INFO] Saving best model at iteration 22
2025-09-05 18:43:36,770 [INFO] [23/300] loss 831.259 | compact 6.87023 | spectral 19.1459 | recons_loss: 0.184349 | sparse_loss: 1.03781 | 
2025-09-05 18:43:36,771 [INFO] [Iter 23] LR: 0.10000000
2025-09-05 18:43:36,772 [INFO] Saving best model at iteration 23
2025-09-05 18:43:37,036 [INFO] [24/300] loss 830.912 | compact 6.86965 | spectral 19.1404 | recons_loss: 0.183243 | sparse_loss: 1.03766 | 
2025-09-05 18:43:37,036 [INFO] [Iter 24] LR: 0.10000000
2025-09-05 18:43:37,039 [INFO] Saving best model at iteration 24
2025-09-05 18:43:37,307 [INFO] [25/300] loss 830.592 | compact 6.87082 | spectral 19.1408 | recons_loss: 0.182238 | sparse_loss: 1.03752 | 
2025-09-05 18:43:37,307 [INFO] [Iter 25] LR: 0.10000000
2025-09-05 18:43:37,309 [INFO] Saving best model at iteration 25
2025-09-05 18:43:37,584 [INFO] [26/300] loss 830.296 | compact 6.8708 | spectral 19.1442 | recons_loss: 0.181338 | sparse_loss: 1.03738 | 
2025-09-05 18:43:37,584 [INFO] [Iter 26] LR: 0.10000000
2025-09-05 18:43:37,585 [INFO] Saving best model at iteration 26
2025-09-05 18:43:37,850 [INFO] [27/300] loss 830.016 | compact 6.86972 | spectral 19.1478 | recons_loss: 0.180492 | sparse_loss: 1.03726 | 
2025-09-05 18:43:37,850 [INFO] [Iter 27] LR: 0.10000000
2025-09-05 18:43:37,853 [INFO] Saving best model at iteration 27
2025-09-05 18:43:38,111 [INFO] [28/300] loss 829.768 | compact 6.86846 | spectral 19.1564 | recons_loss: 0.179747 | sparse_loss: 1.03717 | 
2025-09-05 18:43:38,111 [INFO] [Iter 28] LR: 0.10000000
2025-09-05 18:43:38,112 [INFO] Saving best model at iteration 28
2025-09-05 18:43:38,370 [INFO] [29/300] loss 829.533 | compact 6.86927 | spectral 19.1616 | recons_loss: 0.179072 | sparse_loss: 1.03709 | 
2025-09-05 18:43:38,370 [INFO] [Iter 29] LR: 0.10000000
2025-09-05 18:43:38,372 [INFO] Saving best model at iteration 29
2025-09-05 18:43:38,629 [INFO] [30/300] loss 829.311 | compact 6.86826 | spectral 19.1706 | recons_loss: 0.178447 | sparse_loss: 1.037 | 
2025-09-05 18:43:38,629 [INFO] [Iter 30] LR: 0.10000000
2025-09-05 18:43:38,630 [INFO] Saving best model at iteration 30
2025-09-05 18:43:38,884 [INFO] [31/300] loss 829.101 | compact 6.86633 | spectral 19.1818 | recons_loss: 0.17788 | sparse_loss: 1.03692 | 
2025-09-05 18:43:38,884 [INFO] [Iter 31] LR: 0.10000000
2025-09-05 18:43:38,886 [INFO] Saving best model at iteration 31
2025-09-05 18:43:39,146 [INFO] [32/300] loss 828.894 | compact 6.86503 | spectral 19.1923 | recons_loss: 0.177346 | sparse_loss: 1.03683 | 
2025-09-05 18:43:39,146 [INFO] [Iter 32] LR: 0.10000000
2025-09-05 18:43:39,148 [INFO] Saving best model at iteration 32
2025-09-05 18:43:39,408 [INFO] [33/300] loss 828.701 | compact 6.86588 | spectral 19.2091 | recons_loss: 0.176851 | sparse_loss: 1.03675 | 
2025-09-05 18:43:39,408 [INFO] [Iter 33] LR: 0.10000000
2025-09-05 18:43:39,410 [INFO] Saving best model at iteration 33
2025-09-05 18:43:39,665 [INFO] [34/300] loss 828.516 | compact 6.86499 | spectral 19.2282 | recons_loss: 0.176394 | sparse_loss: 1.03667 | 
2025-09-05 18:43:39,665 [INFO] [Iter 34] LR: 0.10000000
2025-09-05 18:43:39,666 [INFO] Saving best model at iteration 34
2025-09-05 18:43:39,920 [INFO] [35/300] loss 828.342 | compact 6.86554 | spectral 19.2489 | recons_loss: 0.175965 | sparse_loss: 1.03659 | 
2025-09-05 18:43:39,921 [INFO] [Iter 35] LR: 0.10000000
2025-09-05 18:43:39,923 [INFO] Saving best model at iteration 35
2025-09-05 18:43:40,185 [INFO] [36/300] loss 828.18 | compact 6.86715 | spectral 19.2691 | recons_loss: 0.175542 | sparse_loss: 1.03651 | 
2025-09-05 18:43:40,185 [INFO] [Iter 36] LR: 0.10000000
2025-09-05 18:43:40,186 [INFO] Saving best model at iteration 36
2025-09-05 18:43:40,454 [INFO] [37/300] loss 828.035 | compact 6.86705 | spectral 19.294 | recons_loss: 0.175155 | sparse_loss: 1.03642 | 
2025-09-05 18:43:40,455 [INFO] [Iter 37] LR: 0.10000000
2025-09-05 18:43:40,456 [INFO] Saving best model at iteration 37
2025-09-05 18:43:40,734 [INFO] [38/300] loss 827.891 | compact 6.86732 | spectral 19.3143 | recons_loss: 0.174798 | sparse_loss: 1.03633 | 
2025-09-05 18:43:40,735 [INFO] [Iter 38] LR: 0.10000000
2025-09-05 18:43:40,736 [INFO] Saving best model at iteration 38
2025-09-05 18:43:40,997 [INFO] [39/300] loss 827.743 | compact 6.86859 | spectral 19.3291 | recons_loss: 0.174461 | sparse_loss: 1.03622 | 
2025-09-05 18:43:40,998 [INFO] [Iter 39] LR: 0.10000000
2025-09-05 18:43:40,999 [INFO] Saving best model at iteration 39
2025-09-05 18:43:41,257 [INFO] [40/300] loss 827.605 | compact 6.86538 | spectral 19.3405 | recons_loss: 0.174156 | sparse_loss: 1.03613 | 
2025-09-05 18:43:41,257 [INFO] [Iter 40] LR: 0.10000000
2025-09-05 18:43:41,259 [INFO] Saving best model at iteration 40
2025-09-05 18:43:41,516 [INFO] [41/300] loss 827.464 | compact 6.86253 | spectral 19.3479 | recons_loss: 0.17385 | sparse_loss: 1.03604 | 
2025-09-05 18:43:41,516 [INFO] [Iter 41] LR: 0.10000000
2025-09-05 18:43:41,518 [INFO] Saving best model at iteration 41
2025-09-05 18:43:41,774 [INFO] [42/300] loss 827.336 | compact 6.85899 | spectral 19.3577 | recons_loss: 0.173575 | sparse_loss: 1.03595 | 
2025-09-05 18:43:41,774 [INFO] [Iter 42] LR: 0.10000000
2025-09-05 18:43:41,775 [INFO] Saving best model at iteration 42
2025-09-05 18:43:42,052 [INFO] [43/300] loss 827.228 | compact 6.85536 | spectral 19.3739 | recons_loss: 0.173308 | sparse_loss: 1.03587 | 
2025-09-05 18:43:42,052 [INFO] [Iter 43] LR: 0.10000000
2025-09-05 18:43:42,055 [INFO] Saving best model at iteration 43
2025-09-05 18:43:42,323 [INFO] [44/300] loss 827.116 | compact 6.8528 | spectral 19.3869 | recons_loss: 0.173034 | sparse_loss: 1.03578 | 
2025-09-05 18:43:42,323 [INFO] [Iter 44] LR: 0.10000000
2025-09-05 18:43:42,324 [INFO] Saving best model at iteration 44
2025-09-05 18:43:42,578 [INFO] [45/300] loss 827.006 | compact 6.85006 | spectral 19.401 | recons_loss: 0.172759 | sparse_loss: 1.03569 | 
2025-09-05 18:43:42,578 [INFO] [Iter 45] LR: 0.10000000
2025-09-05 18:43:42,580 [INFO] Saving best model at iteration 45
2025-09-05 18:43:42,851 [INFO] [46/300] loss 826.899 | compact 6.84767 | spectral 19.4148 | recons_loss: 0.172487 | sparse_loss: 1.03561 | 
2025-09-05 18:43:42,851 [INFO] [Iter 46] LR: 0.10000000
2025-09-05 18:43:42,852 [INFO] Saving best model at iteration 46
2025-09-05 18:43:43,109 [INFO] [47/300] loss 826.812 | compact 6.84525 | spectral 19.4362 | recons_loss: 0.172238 | sparse_loss: 1.03554 | 
2025-09-05 18:43:43,110 [INFO] [Iter 47] LR: 0.10000000
2025-09-05 18:43:43,113 [INFO] Saving best model at iteration 47
2025-09-05 18:43:43,369 [INFO] [48/300] loss 826.733 | compact 6.8416 | spectral 19.4586 | recons_loss: 0.172005 | sparse_loss: 1.03547 | 
2025-09-05 18:43:43,369 [INFO] [Iter 48] LR: 0.05000000
2025-09-05 18:43:43,370 [INFO] Saving best model at iteration 48
2025-09-05 18:43:43,626 [INFO] [49/300] loss 826.64 | compact 6.83958 | spectral 19.4688 | recons_loss: 0.171757 | sparse_loss: 1.03541 | 
2025-09-05 18:43:43,626 [INFO] [Iter 49] LR: 0.05000000
2025-09-05 18:43:43,627 [INFO] Saving best model at iteration 49
2025-09-05 18:43:43,691 [INFO] H: 160, W: 150
2025-09-05 18:43:43,827 [INFO] [0 1 2 3 4 5 6]
2025-09-05 18:43:44,066 [INFO] y_target: [1 2 3 4 5 6 7]
2025-09-05 18:43:44,067 [INFO] y_predict: [0 1 2 3 4 5 6]
2025-09-05 18:43:44,437 [INFO] Epoch = 50 OA = 0.8289 Kappa = 0.7980 NMI = 0.7390
2025-09-05 18:43:44,646 [INFO] [50/300] loss 826.548 | compact 6.83887 | spectral 19.4767 | recons_loss: 0.171529 | sparse_loss: 1.03535 | 
2025-09-05 18:43:44,647 [INFO] [Iter 50] LR: 0.05000000
2025-09-05 18:43:44,648 [INFO] Saving best model at iteration 50
2025-09-05 18:43:44,903 [INFO] [51/300] loss 826.463 | compact 6.838 | spectral 19.4871 | recons_loss: 0.171316 | sparse_loss: 1.03529 | 
2025-09-05 18:43:44,903 [INFO] [Iter 51] LR: 0.05000000
2025-09-05 18:43:44,905 [INFO] Saving best model at iteration 51
2025-09-05 18:43:45,159 [INFO] [52/300] loss 826.378 | compact 6.83578 | spectral 19.5017 | recons_loss: 0.171115 | sparse_loss: 1.03523 | 
2025-09-05 18:43:45,160 [INFO] [Iter 52] LR: 0.05000000
2025-09-05 18:43:45,162 [INFO] Saving best model at iteration 52
2025-09-05 18:43:45,420 [INFO] [53/300] loss 826.293 | compact 6.83334 | spectral 19.5166 | recons_loss: 0.170919 | sparse_loss: 1.03517 | 
2025-09-05 18:43:45,420 [INFO] [Iter 53] LR: 0.05000000
2025-09-05 18:43:45,422 [INFO] Saving best model at iteration 53
2025-09-05 18:43:45,689 [INFO] [54/300] loss 826.214 | compact 6.83026 | spectral 19.5334 | recons_loss: 0.170734 | sparse_loss: 1.03511 | 
2025-09-05 18:43:45,690 [INFO] [Iter 54] LR: 0.05000000
2025-09-05 18:43:45,691 [INFO] Saving best model at iteration 54
2025-09-05 18:43:45,945 [INFO] [55/300] loss 826.134 | compact 6.82781 | spectral 19.5484 | recons_loss: 0.170558 | sparse_loss: 1.03505 | 
2025-09-05 18:43:45,945 [INFO] [Iter 55] LR: 0.05000000
2025-09-05 18:43:45,946 [INFO] Saving best model at iteration 55
2025-09-05 18:43:46,203 [INFO] [56/300] loss 826.059 | compact 6.82412 | spectral 19.5651 | recons_loss: 0.170385 | sparse_loss: 1.035 | 
2025-09-05 18:43:46,203 [INFO] [Iter 56] LR: 0.05000000
2025-09-05 18:43:46,204 [INFO] Saving best model at iteration 56
2025-09-05 18:43:46,458 [INFO] [57/300] loss 825.989 | compact 6.82125 | spectral 19.5819 | recons_loss: 0.170227 | sparse_loss: 1.03495 | 
2025-09-05 18:43:46,459 [INFO] [Iter 57] LR: 0.05000000
2025-09-05 18:43:46,460 [INFO] Saving best model at iteration 57
2025-09-05 18:43:46,729 [INFO] [58/300] loss 825.93 | compact 6.81826 | spectral 19.6031 | recons_loss: 0.170109 | sparse_loss: 1.03489 | 
2025-09-05 18:43:46,730 [INFO] [Iter 58] LR: 0.02500000
2025-09-05 18:43:46,731 [INFO] Saving best model at iteration 58
2025-09-05 18:43:46,986 [INFO] [59/300] loss 825.871 | compact 6.81578 | spectral 19.624 | recons_loss: 0.169996 | sparse_loss: 1.03484 | 
2025-09-05 18:43:46,986 [INFO] [Iter 59] LR: 0.02500000
2025-09-05 18:43:46,987 [INFO] Saving best model at iteration 59
2025-09-05 18:43:47,244 [INFO] [60/300] loss 825.813 | compact 6.81338 | spectral 19.6426 | recons_loss: 0.169889 | sparse_loss: 1.03479 | 
2025-09-05 18:43:47,245 [INFO] [Iter 60] LR: 0.02500000
2025-09-05 18:43:47,248 [INFO] Saving best model at iteration 60
2025-09-05 18:43:47,505 [INFO] [61/300] loss 825.756 | compact 6.81126 | spectral 19.6598 | recons_loss: 0.169789 | sparse_loss: 1.03474 | 
2025-09-05 18:43:47,505 [INFO] [Iter 61] LR: 0.02500000
2025-09-05 18:43:47,507 [INFO] Saving best model at iteration 61
2025-09-05 18:43:47,763 [INFO] [62/300] loss 825.698 | compact 6.80943 | spectral 19.6746 | recons_loss: 0.169695 | sparse_loss: 1.03469 | 
2025-09-05 18:43:47,764 [INFO] [Iter 62] LR: 0.02500000
2025-09-05 18:43:47,766 [INFO] Saving best model at iteration 62
2025-09-05 18:43:48,023 [INFO] [63/300] loss 825.639 | compact 6.80806 | spectral 19.6876 | recons_loss: 0.169606 | sparse_loss: 1.03464 | 
2025-09-05 18:43:48,024 [INFO] [Iter 63] LR: 0.02500000
2025-09-05 18:43:48,025 [INFO] Saving best model at iteration 63
2025-09-05 18:43:48,280 [INFO] [64/300] loss 825.58 | compact 6.80668 | spectral 19.6992 | recons_loss: 0.169523 | sparse_loss: 1.03459 | 
2025-09-05 18:43:48,281 [INFO] [Iter 64] LR: 0.02500000
2025-09-05 18:43:48,282 [INFO] Saving best model at iteration 64
2025-09-05 18:43:48,536 [INFO] [65/300] loss 825.523 | compact 6.80539 | spectral 19.7097 | recons_loss: 0.169445 | sparse_loss: 1.03454 | 
2025-09-05 18:43:48,536 [INFO] [Iter 65] LR: 0.02500000
2025-09-05 18:43:48,538 [INFO] Saving best model at iteration 65
2025-09-05 18:43:48,807 [INFO] [66/300] loss 825.466 | compact 6.80475 | spectral 19.7189 | recons_loss: 0.169373 | sparse_loss: 1.0345 | 
2025-09-05 18:43:48,808 [INFO] [Iter 66] LR: 0.02500000
2025-09-05 18:43:48,809 [INFO] Saving best model at iteration 66
2025-09-05 18:43:49,063 [INFO] [67/300] loss 825.41 | compact 6.80363 | spectral 19.7271 | recons_loss: 0.169306 | sparse_loss: 1.03445 | 
2025-09-05 18:43:49,063 [INFO] [Iter 67] LR: 0.02500000
2025-09-05 18:43:49,064 [INFO] Saving best model at iteration 67
2025-09-05 18:43:49,320 [INFO] [68/300] loss 825.357 | compact 6.80232 | spectral 19.7347 | recons_loss: 0.169245 | sparse_loss: 1.03441 | 
2025-09-05 18:43:49,321 [INFO] [Iter 68] LR: 0.02500000
2025-09-05 18:43:49,322 [INFO] Saving best model at iteration 68
2025-09-05 18:43:49,578 [INFO] [69/300] loss 825.305 | compact 6.80096 | spectral 19.7415 | recons_loss: 0.169188 | sparse_loss: 1.03437 | 
2025-09-05 18:43:49,579 [INFO] [Iter 69] LR: 0.02500000
2025-09-05 18:43:49,580 [INFO] Saving best model at iteration 69
2025-09-05 18:43:49,837 [INFO] [70/300] loss 825.253 | compact 6.79979 | spectral 19.7475 | recons_loss: 0.169134 | sparse_loss: 1.03432 | 
2025-09-05 18:43:49,838 [INFO] [Iter 70] LR: 0.02500000
2025-09-05 18:43:49,839 [INFO] Saving best model at iteration 70
2025-09-05 18:43:50,093 [INFO] [71/300] loss 825.203 | compact 6.79848 | spectral 19.7533 | recons_loss: 0.169083 | sparse_loss: 1.03429 | 
2025-09-05 18:43:50,094 [INFO] [Iter 71] LR: 0.02500000
2025-09-05 18:43:50,095 [INFO] Saving best model at iteration 71
2025-09-05 18:43:50,350 [INFO] [72/300] loss 825.155 | compact 6.79751 | spectral 19.758 | recons_loss: 0.169036 | sparse_loss: 1.03425 | 
2025-09-05 18:43:50,351 [INFO] [Iter 72] LR: 0.02500000
2025-09-05 18:43:50,352 [INFO] Saving best model at iteration 72
2025-09-05 18:43:50,608 [INFO] [73/300] loss 825.106 | compact 6.79685 | spectral 19.7619 | recons_loss: 0.168989 | sparse_loss: 1.03421 | 
2025-09-05 18:43:50,609 [INFO] [Iter 73] LR: 0.02500000
2025-09-05 18:43:50,610 [INFO] Saving best model at iteration 73
2025-09-05 18:43:50,865 [INFO] [74/300] loss 825.058 | compact 6.79613 | spectral 19.7656 | recons_loss: 0.168945 | sparse_loss: 1.03418 | 
2025-09-05 18:43:50,866 [INFO] [Iter 74] LR: 0.02500000
2025-09-05 18:43:50,867 [INFO] Saving best model at iteration 74
2025-09-05 18:43:51,122 [INFO] [75/300] loss 825.013 | compact 6.79551 | spectral 19.7692 | recons_loss: 0.168904 | sparse_loss: 1.03414 | 
2025-09-05 18:43:51,122 [INFO] [Iter 75] LR: 0.02500000
2025-09-05 18:43:51,124 [INFO] Saving best model at iteration 75
2025-09-05 18:43:51,390 [INFO] [76/300] loss 824.967 | compact 6.79502 | spectral 19.7682 | recons_loss: 0.168871 | sparse_loss: 1.03412 | 
2025-09-05 18:43:51,390 [INFO] [Iter 76] LR: 0.02500000
2025-09-05 18:43:51,391 [INFO] Saving best model at iteration 76
2025-09-05 18:43:51,646 [INFO] [77/300] loss 824.923 | compact 6.7941 | spectral 19.7679 | recons_loss: 0.168841 | sparse_loss: 1.03409 | 
2025-09-05 18:43:51,646 [INFO] [Iter 77] LR: 0.02500000
2025-09-05 18:43:51,648 [INFO] Saving best model at iteration 77
2025-09-05 18:43:51,904 [INFO] [78/300] loss 824.881 | compact 6.79356 | spectral 19.7679 | recons_loss: 0.168812 | sparse_loss: 1.03407 | 
2025-09-05 18:43:51,904 [INFO] [Iter 78] LR: 0.02500000
2025-09-05 18:43:51,905 [INFO] Saving best model at iteration 78
2025-09-05 18:43:52,161 [INFO] [79/300] loss 824.84 | compact 6.79285 | spectral 19.7676 | recons_loss: 0.168784 | sparse_loss: 1.03405 | 
2025-09-05 18:43:52,161 [INFO] [Iter 79] LR: 0.02500000
2025-09-05 18:43:52,162 [INFO] Saving best model at iteration 79
2025-09-05 18:43:52,420 [INFO] [80/300] loss 824.801 | compact 6.79218 | spectral 19.7676 | recons_loss: 0.168754 | sparse_loss: 1.03403 | 
2025-09-05 18:43:52,420 [INFO] [Iter 80] LR: 0.01250000
2025-09-05 18:43:52,422 [INFO] Saving best model at iteration 80
2025-09-05 18:43:52,683 [INFO] [81/300] loss 824.762 | compact 6.79162 | spectral 19.7675 | recons_loss: 0.168723 | sparse_loss: 1.03401 | 
2025-09-05 18:43:52,683 [INFO] [Iter 81] LR: 0.01250000
2025-09-05 18:43:52,684 [INFO] Saving best model at iteration 81
2025-09-05 18:43:52,940 [INFO] [82/300] loss 824.725 | compact 6.79119 | spectral 19.7673 | recons_loss: 0.168693 | sparse_loss: 1.03399 | 
2025-09-05 18:43:52,941 [INFO] [Iter 82] LR: 0.01250000
2025-09-05 18:43:52,942 [INFO] Saving best model at iteration 82
2025-09-05 18:43:53,200 [INFO] [83/300] loss 824.69 | compact 6.79078 | spectral 19.7671 | recons_loss: 0.168663 | sparse_loss: 1.03397 | 
2025-09-05 18:43:53,201 [INFO] [Iter 83] LR: 0.01250000
2025-09-05 18:43:53,202 [INFO] Saving best model at iteration 83
2025-09-05 18:43:53,458 [INFO] [84/300] loss 824.656 | compact 6.79032 | spectral 19.767 | recons_loss: 0.168634 | sparse_loss: 1.03396 | 
2025-09-05 18:43:53,459 [INFO] [Iter 84] LR: 0.00625000
2025-09-05 18:43:53,460 [INFO] Saving best model at iteration 84
2025-09-05 18:43:53,714 [INFO] [85/300] loss 824.624 | compact 6.78993 | spectral 19.7669 | recons_loss: 0.168606 | sparse_loss: 1.03394 | 
2025-09-05 18:43:53,715 [INFO] [Iter 85] LR: 0.00625000
2025-09-05 18:43:53,716 [INFO] Saving best model at iteration 85
2025-09-05 18:43:53,971 [INFO] [86/300] loss 824.594 | compact 6.78955 | spectral 19.7667 | recons_loss: 0.168579 | sparse_loss: 1.03393 | 
2025-09-05 18:43:53,971 [INFO] [Iter 86] LR: 0.00625000
2025-09-05 18:43:53,973 [INFO] Saving best model at iteration 86
2025-09-05 18:43:54,231 [INFO] [87/300] loss 824.566 | compact 6.7892 | spectral 19.7665 | recons_loss: 0.168555 | sparse_loss: 1.03391 | 
2025-09-05 18:43:54,232 [INFO] [Iter 87] LR: 0.00625000
2025-09-05 18:43:54,233 [INFO] Saving best model at iteration 87
2025-09-05 18:43:54,503 [INFO] [88/300] loss 824.54 | compact 6.78892 | spectral 19.7664 | recons_loss: 0.168532 | sparse_loss: 1.0339 | 
2025-09-05 18:43:54,503 [INFO] [Iter 88] LR: 0.00625000
2025-09-05 18:43:54,505 [INFO] Saving best model at iteration 88
2025-09-05 18:43:54,778 [INFO] [89/300] loss 824.515 | compact 6.78867 | spectral 19.7663 | recons_loss: 0.16851 | sparse_loss: 1.03388 | 
2025-09-05 18:43:54,778 [INFO] [Iter 89] LR: 0.00312500
2025-09-05 18:43:54,780 [INFO] Saving best model at iteration 89
2025-09-05 18:43:55,036 [INFO] [90/300] loss 824.492 | compact 6.78852 | spectral 19.7661 | recons_loss: 0.16849 | sparse_loss: 1.03387 | 
2025-09-05 18:43:55,036 [INFO] [Iter 90] LR: 0.00312500
2025-09-05 18:43:55,038 [INFO] Saving best model at iteration 90
2025-09-05 18:43:55,294 [INFO] [91/300] loss 824.47 | compact 6.7884 | spectral 19.766 | recons_loss: 0.168471 | sparse_loss: 1.03386 | 
2025-09-05 18:43:55,295 [INFO] [Iter 91] LR: 0.00312500
2025-09-05 18:43:55,296 [INFO] Saving best model at iteration 91
2025-09-05 18:43:55,555 [INFO] [92/300] loss 824.45 | compact 6.7883 | spectral 19.7658 | recons_loss: 0.168454 | sparse_loss: 1.03384 | 
2025-09-05 18:43:55,555 [INFO] [Iter 92] LR: 0.00156250
2025-09-05 18:43:55,557 [INFO] Saving best model at iteration 92
2025-09-05 18:43:55,812 [INFO] [93/300] loss 824.432 | compact 6.7883 | spectral 19.7656 | recons_loss: 0.168438 | sparse_loss: 1.03383 | 
2025-09-05 18:43:55,812 [INFO] [Iter 93] LR: 0.00156250
2025-09-05 18:43:55,814 [INFO] Saving best model at iteration 93
2025-09-05 18:43:56,070 [INFO] [94/300] loss 824.415 | compact 6.78829 | spectral 19.7655 | recons_loss: 0.168423 | sparse_loss: 1.03382 | 
2025-09-05 18:43:56,070 [INFO] [Iter 94] LR: 0.00156250
2025-09-05 18:43:56,072 [INFO] Saving best model at iteration 94
2025-09-05 18:43:56,330 [INFO] [95/300] loss 824.399 | compact 6.78829 | spectral 19.7653 | recons_loss: 0.168409 | sparse_loss: 1.03381 | 
2025-09-05 18:43:56,331 [INFO] [Iter 95] LR: 0.00078125
2025-09-05 18:43:56,333 [INFO] Saving best model at iteration 95
2025-09-05 18:43:56,604 [INFO] [96/300] loss 824.385 | compact 6.78828 | spectral 19.7652 | recons_loss: 0.168397 | sparse_loss: 1.0338 | 
2025-09-05 18:43:56,604 [INFO] [Iter 96] LR: 0.00078125
2025-09-05 18:43:56,606 [INFO] Saving best model at iteration 96
2025-09-05 18:43:56,870 [INFO] [97/300] loss 824.371 | compact 6.78828 | spectral 19.7651 | recons_loss: 0.168385 | sparse_loss: 1.03379 | 
2025-09-05 18:43:56,871 [INFO] [Iter 97] LR: 0.00078125
2025-09-05 18:43:56,873 [INFO] Saving best model at iteration 97
2025-09-05 18:43:57,135 [INFO] [98/300] loss 824.359 | compact 6.78828 | spectral 19.765 | recons_loss: 0.168375 | sparse_loss: 1.03379 | 
2025-09-05 18:43:57,135 [INFO] [Iter 98] LR: 0.00039063
2025-09-05 18:43:57,137 [INFO] Saving best model at iteration 98
2025-09-05 18:43:57,396 [INFO] [99/300] loss 824.348 | compact 6.78827 | spectral 19.7649 | recons_loss: 0.168365 | sparse_loss: 1.03378 | 
2025-09-05 18:43:57,396 [INFO] [Iter 99] LR: 0.00039063
2025-09-05 18:43:57,397 [INFO] Saving best model at iteration 99
2025-09-05 18:43:57,456 [INFO] H: 160, W: 150
2025-09-05 18:43:57,576 [INFO] [0 1 2 3 4 5 6]
2025-09-05 18:43:57,721 [INFO] y_target: [1 2 3 4 5 6 7]
2025-09-05 18:43:57,721 [INFO] y_predict: [0 1 2 3 4 5 6]
2025-09-05 18:43:57,884 [INFO] Epoch = 100 OA = 0.8240 Kappa = 0.7921 NMI = 0.7366
2025-09-05 18:43:58,095 [INFO] [100/300] loss 824.338 | compact 6.78827 | spectral 19.7648 | recons_loss: 0.168357 | sparse_loss: 1.03377 | 
2025-09-05 18:43:58,095 [INFO] [Iter 100] LR: 0.00039063
2025-09-05 18:43:58,097 [INFO] Saving best model at iteration 100
2025-09-05 18:43:58,362 [INFO] [101/300] loss 824.329 | compact 6.78827 | spectral 19.7648 | recons_loss: 0.168349 | sparse_loss: 1.03377 | 
2025-09-05 18:43:58,363 [INFO] [Iter 101] LR: 0.00019531
2025-09-05 18:43:58,364 [INFO] Saving best model at iteration 101
2025-09-05 18:43:58,633 [INFO] [102/300] loss 824.321 | compact 6.78827 | spectral 19.7647 | recons_loss: 0.168342 | sparse_loss: 1.03376 | 
2025-09-05 18:43:58,633 [INFO] [Iter 102] LR: 0.00019531
2025-09-05 18:43:58,635 [INFO] Saving best model at iteration 102
2025-09-05 18:43:58,898 [INFO] [103/300] loss 824.313 | compact 6.78827 | spectral 19.7646 | recons_loss: 0.168335 | sparse_loss: 1.03376 | 
2025-09-05 18:43:58,898 [INFO] [Iter 103] LR: 0.00019531
2025-09-05 18:43:58,900 [INFO] Saving best model at iteration 103
2025-09-05 18:43:59,165 [INFO] [104/300] loss 824.306 | compact 6.78826 | spectral 19.7646 | recons_loss: 0.168329 | sparse_loss: 1.03375 | 
2025-09-05 18:43:59,166 [INFO] [Iter 104] LR: 0.00009766
2025-09-05 18:43:59,168 [INFO] Saving best model at iteration 104
2025-09-05 18:43:59,438 [INFO] [105/300] loss 824.3 | compact 6.78826 | spectral 19.7645 | recons_loss: 0.168324 | sparse_loss: 1.03375 | 
2025-09-05 18:43:59,438 [INFO] [Iter 105] LR: 0.00009766
2025-09-05 18:43:59,441 [INFO] Saving best model at iteration 105
2025-09-05 18:43:59,700 [INFO] [106/300] loss 824.295 | compact 6.78826 | spectral 19.7645 | recons_loss: 0.168319 | sparse_loss: 1.03375 | 
2025-09-05 18:43:59,700 [INFO] [Iter 106] LR: 0.00009766
2025-09-05 18:43:59,702 [INFO] Saving best model at iteration 106
2025-09-05 18:43:59,958 [INFO] [107/300] loss 824.29 | compact 6.78826 | spectral 19.7645 | recons_loss: 0.168315 | sparse_loss: 1.03374 | 
2025-09-05 18:43:59,958 [INFO] [Iter 107] LR: 0.00004883
2025-09-05 18:43:59,959 [INFO] Saving best model at iteration 107
2025-09-05 18:44:00,221 [INFO] [108/300] loss 824.285 | compact 6.78826 | spectral 19.7644 | recons_loss: 0.168311 | sparse_loss: 1.03374 | 
2025-09-05 18:44:00,222 [INFO] [Iter 108] LR: 0.00004883
2025-09-05 18:44:00,223 [INFO] Saving best model at iteration 108
2025-09-05 18:44:00,482 [INFO] [109/300] loss 824.281 | compact 6.78826 | spectral 19.7644 | recons_loss: 0.168307 | sparse_loss: 1.03374 | 
2025-09-05 18:44:00,482 [INFO] [Iter 109] LR: 0.00004883
2025-09-05 18:44:00,483 [INFO] Saving best model at iteration 109
2025-09-05 18:44:00,742 [INFO] [110/300] loss 824.277 | compact 6.78826 | spectral 19.7644 | recons_loss: 0.168304 | sparse_loss: 1.03374 | 
2025-09-05 18:44:00,742 [INFO] [Iter 110] LR: 0.00002441
2025-09-05 18:44:00,745 [INFO] Saving best model at iteration 110
2025-09-05 18:44:01,002 [INFO] [111/300] loss 824.274 | compact 6.78826 | spectral 19.7644 | recons_loss: 0.168301 | sparse_loss: 1.03373 | 
2025-09-05 18:44:01,002 [INFO] [Iter 111] LR: 0.00002441
2025-09-05 18:44:01,004 [INFO] Saving best model at iteration 111
2025-09-05 18:44:01,263 [INFO] [112/300] loss 824.27 | compact 6.78826 | spectral 19.7643 | recons_loss: 0.168299 | sparse_loss: 1.03373 | 
2025-09-05 18:44:01,263 [INFO] [Iter 112] LR: 0.00002441
2025-09-05 18:44:01,265 [INFO] Saving best model at iteration 112
2025-09-05 18:44:01,534 [INFO] [113/300] loss 824.268 | compact 6.78826 | spectral 19.7643 | recons_loss: 0.168296 | sparse_loss: 1.03373 | 
2025-09-05 18:44:01,534 [INFO] [Iter 113] LR: 0.00001221
2025-09-05 18:44:01,536 [INFO] Saving best model at iteration 113
2025-09-05 18:44:01,792 [INFO] [114/300] loss 824.265 | compact 6.78826 | spectral 19.7643 | recons_loss: 0.168294 | sparse_loss: 1.03373 | 
2025-09-05 18:44:01,792 [INFO] [Iter 114] LR: 0.00001221
2025-09-05 18:44:01,794 [INFO] Saving best model at iteration 114
2025-09-05 18:44:02,050 [INFO] [115/300] loss 824.263 | compact 6.78826 | spectral 19.7643 | recons_loss: 0.168292 | sparse_loss: 1.03373 | 
2025-09-05 18:44:02,051 [INFO] [Iter 115] LR: 0.00001221
2025-09-05 18:44:02,053 [INFO] Saving best model at iteration 115
2025-09-05 18:44:02,314 [INFO] [116/300] loss 824.261 | compact 6.78825 | spectral 19.7643 | recons_loss: 0.16829 | sparse_loss: 1.03373 | 
2025-09-05 18:44:02,314 [INFO] [Iter 116] LR: 0.00000610
2025-09-05 18:44:02,315 [INFO] Saving best model at iteration 116
2025-09-05 18:44:02,570 [INFO] [117/300] loss 824.259 | compact 6.78825 | spectral 19.7643 | recons_loss: 0.168289 | sparse_loss: 1.03372 | 
2025-09-05 18:44:02,571 [INFO] [Iter 117] LR: 0.00000610
2025-09-05 18:44:02,574 [INFO] Saving best model at iteration 117
2025-09-05 18:44:02,831 [INFO] [118/300] loss 824.257 | compact 6.78825 | spectral 19.7642 | recons_loss: 0.168288 | sparse_loss: 1.03372 | 
2025-09-05 18:44:02,832 [INFO] [Iter 118] LR: 0.00000610
2025-09-05 18:44:02,833 [INFO] Saving best model at iteration 118
2025-09-05 18:44:03,093 [INFO] [119/300] loss 824.256 | compact 6.78825 | spectral 19.7642 | recons_loss: 0.168286 | sparse_loss: 1.03372 | 
2025-09-05 18:44:03,093 [INFO] [Iter 119] LR: 0.00000305
2025-09-05 18:44:03,095 [INFO] Saving best model at iteration 119
2025-09-05 18:44:03,354 [INFO] [120/300] loss 824.255 | compact 6.78825 | spectral 19.7642 | recons_loss: 0.168285 | sparse_loss: 1.03372 | 
2025-09-05 18:44:03,354 [INFO] [Iter 120] LR: 0.00000305
2025-09-05 18:44:03,356 [INFO] Saving best model at iteration 120
2025-09-05 18:44:03,626 [INFO] [121/300] loss 824.253 | compact 6.78825 | spectral 19.7642 | recons_loss: 0.168284 | sparse_loss: 1.03372 | 
2025-09-05 18:44:03,626 [INFO] [Iter 121] LR: 0.00000305
2025-09-05 18:44:03,628 [INFO] Saving best model at iteration 121
2025-09-05 18:44:03,903 [INFO] [122/300] loss 824.252 | compact 6.78825 | spectral 19.7642 | recons_loss: 0.168283 | sparse_loss: 1.03372 | 
2025-09-05 18:44:03,904 [INFO] [Iter 122] LR: 0.00000305
2025-09-05 18:44:03,907 [INFO] Saving best model at iteration 122
2025-09-05 18:44:04,171 [INFO] [123/300] loss 824.251 | compact 6.78825 | spectral 19.7642 | recons_loss: 0.168282 | sparse_loss: 1.03372 | 
2025-09-05 18:44:04,171 [INFO] [Iter 123] LR: 0.00000305
2025-09-05 18:44:04,173 [INFO] Saving best model at iteration 123
2025-09-05 18:44:04,434 [INFO] [124/300] loss 824.25 | compact 6.78825 | spectral 19.7642 | recons_loss: 0.168282 | sparse_loss: 1.03372 | 
2025-09-05 18:44:04,434 [INFO] [Iter 124] LR: 0.00000153
2025-09-05 18:44:04,436 [INFO] Saving best model at iteration 124
2025-09-05 18:44:04,696 [INFO] [125/300] loss 824.25 | compact 6.78825 | spectral 19.7642 | recons_loss: 0.168281 | sparse_loss: 1.03372 | 
2025-09-05 18:44:04,697 [INFO] [Iter 125] LR: 0.00000153
2025-09-05 18:44:04,700 [INFO] Saving best model at iteration 125
2025-09-05 18:44:04,972 [INFO] [126/300] loss 824.249 | compact 6.78825 | spectral 19.7642 | recons_loss: 0.16828 | sparse_loss: 1.03372 | 
2025-09-05 18:44:04,973 [INFO] [Iter 126] LR: 0.00000153
2025-09-05 18:44:04,974 [INFO] Saving best model at iteration 126
2025-09-05 18:44:05,232 [INFO] [127/300] loss 824.248 | compact 6.78825 | spectral 19.7642 | recons_loss: 0.16828 | sparse_loss: 1.03372 | 
2025-09-05 18:44:05,233 [INFO] [Iter 127] LR: 0.00000076
2025-09-05 18:44:05,235 [INFO] Saving best model at iteration 127
2025-09-05 18:44:05,512 [INFO] [128/300] loss 824.248 | compact 6.78825 | spectral 19.7642 | recons_loss: 0.168279 | sparse_loss: 1.03372 | 
2025-09-05 18:44:05,512 [INFO] [Iter 128] LR: 0.00000076
2025-09-05 18:44:05,514 [INFO] Saving best model at iteration 128
2025-09-05 18:44:05,772 [INFO] [129/300] loss 824.247 | compact 6.78825 | spectral 19.7642 | recons_loss: 0.168279 | sparse_loss: 1.03372 | 
2025-09-05 18:44:05,772 [INFO] [Iter 129] LR: 0.00000076
2025-09-05 18:44:05,773 [INFO] Saving best model at iteration 129
2025-09-05 18:44:06,036 [INFO] [130/300] loss 824.247 | compact 6.78825 | spectral 19.7642 | recons_loss: 0.168279 | sparse_loss: 1.03372 | 
2025-09-05 18:44:06,036 [INFO] [Iter 130] LR: 0.00000038
2025-09-05 18:44:06,038 [INFO] Saving best model at iteration 130
2025-09-05 18:44:06,306 [INFO] [131/300] loss 824.246 | compact 6.78825 | spectral 19.7642 | recons_loss: 0.168278 | sparse_loss: 1.03372 | 
2025-09-05 18:44:06,307 [INFO] [Iter 131] LR: 0.00000038
2025-09-05 18:44:06,309 [INFO] Saving best model at iteration 131
2025-09-05 18:44:06,589 [INFO] [132/300] loss 824.246 | compact 6.78825 | spectral 19.7642 | recons_loss: 0.168278 | sparse_loss: 1.03372 | 
2025-09-05 18:44:06,590 [INFO] [Iter 132] LR: 0.00000038
2025-09-05 18:44:06,591 [INFO] Saving best model at iteration 132
2025-09-05 18:44:06,864 [INFO] [133/300] loss 824.245 | compact 6.78825 | spectral 19.7642 | recons_loss: 0.168278 | sparse_loss: 1.03372 | 
2025-09-05 18:44:06,864 [INFO] [Iter 133] LR: 0.00000019
2025-09-05 18:44:06,865 [INFO] Saving best model at iteration 133
2025-09-05 18:44:07,120 [INFO] [134/300] loss 824.245 | compact 6.78825 | spectral 19.7642 | recons_loss: 0.168277 | sparse_loss: 1.03372 | 
2025-09-05 18:44:07,120 [INFO] [Iter 134] LR: 0.00000019
2025-09-05 18:44:07,122 [INFO] Saving best model at iteration 134
2025-09-05 18:44:07,381 [INFO] [135/300] loss 824.245 | compact 6.78825 | spectral 19.7642 | recons_loss: 0.168277 | sparse_loss: 1.03372 | 
2025-09-05 18:44:07,382 [INFO] [Iter 135] LR: 0.00000019
2025-09-05 18:44:07,383 [INFO] Saving best model at iteration 135
2025-09-05 18:44:07,638 [INFO] [136/300] loss 824.245 | compact 6.78825 | spectral 19.7642 | recons_loss: 0.168277 | sparse_loss: 1.03372 | 
2025-09-05 18:44:07,638 [INFO] [Iter 136] LR: 0.00000010
2025-09-05 18:44:07,639 [INFO] Saving best model at iteration 136
2025-09-05 18:44:07,894 [INFO] [137/300] loss 824.244 | compact 6.78825 | spectral 19.7642 | recons_loss: 0.168277 | sparse_loss: 1.03372 | 
2025-09-05 18:44:07,895 [INFO] [Iter 137] LR: 0.00000010
2025-09-05 18:44:07,896 [INFO] Saving best model at iteration 137
2025-09-05 18:44:08,153 [INFO] [138/300] loss 824.244 | compact 6.78825 | spectral 19.7642 | recons_loss: 0.168276 | sparse_loss: 1.03371 | 
2025-09-05 18:44:08,153 [INFO] [Iter 138] LR: 0.00000010
2025-09-05 18:44:08,155 [INFO] Saving best model at iteration 138
2025-09-05 18:44:08,411 [INFO] [139/300] loss 824.244 | compact 6.78825 | spectral 19.7642 | recons_loss: 0.168276 | sparse_loss: 1.03371 | 
2025-09-05 18:44:08,412 [INFO] [Iter 139] LR: 0.00000005
2025-09-05 18:44:08,413 [INFO] Saving best model at iteration 139
2025-09-05 18:44:08,668 [INFO] [140/300] loss 824.244 | compact 6.78825 | spectral 19.7641 | recons_loss: 0.168276 | sparse_loss: 1.03371 | 
2025-09-05 18:44:08,668 [INFO] [Iter 140] LR: 0.00000005
2025-09-05 18:44:08,669 [INFO] Saving best model at iteration 140
2025-09-05 18:44:08,927 [INFO] [141/300] loss 824.244 | compact 6.78825 | spectral 19.7641 | recons_loss: 0.168276 | sparse_loss: 1.03371 | 
2025-09-05 18:44:08,928 [INFO] [Iter 141] LR: 0.00000005
2025-09-05 18:44:08,929 [INFO] Saving best model at iteration 141
2025-09-05 18:44:09,207 [INFO] [142/300] loss 824.243 | compact 6.78825 | spectral 19.7641 | recons_loss: 0.168276 | sparse_loss: 1.03371 | 
2025-09-05 18:44:09,207 [INFO] [Iter 142] LR: 0.00000002
2025-09-05 18:44:09,208 [INFO] Saving best model at iteration 142
2025-09-05 18:44:09,463 [INFO] [143/300] loss 824.243 | compact 6.78825 | spectral 19.7641 | recons_loss: 0.168276 | sparse_loss: 1.03371 | 
2025-09-05 18:44:09,463 [INFO] [Iter 143] LR: 0.00000002
2025-09-05 18:44:09,465 [INFO] Saving best model at iteration 143
2025-09-05 18:44:09,727 [INFO] [144/300] loss 824.243 | compact 6.78825 | spectral 19.7641 | recons_loss: 0.168276 | sparse_loss: 1.03371 | 
2025-09-05 18:44:09,727 [INFO] [Iter 144] LR: 0.00000002
2025-09-05 18:44:09,729 [INFO] Saving best model at iteration 144
2025-09-05 18:44:09,984 [INFO] [145/300] loss 824.243 | compact 6.78825 | spectral 19.7641 | recons_loss: 0.168276 | sparse_loss: 1.03371 | 
2025-09-05 18:44:09,984 [INFO] [Iter 145] LR: 0.00000001
2025-09-05 18:44:09,986 [INFO] Saving best model at iteration 145
2025-09-05 18:44:10,244 [INFO] [146/300] loss 824.243 | compact 6.78825 | spectral 19.7641 | recons_loss: 0.168276 | sparse_loss: 1.03371 | 
2025-09-05 18:44:10,245 [INFO] [Iter 146] LR: 0.00000001
2025-09-05 18:44:10,246 [INFO] No improvement: current loss 824.243024, best loss 824.243117
2025-09-05 18:44:10,501 [INFO] [147/300] loss 824.243 | compact 6.78825 | spectral 19.7641 | recons_loss: 0.168276 | sparse_loss: 1.03371 | 
2025-09-05 18:44:10,501 [INFO] [Iter 147] LR: 0.00000001
2025-09-05 18:44:10,503 [INFO] Saving best model at iteration 147
2025-09-05 18:44:10,757 [INFO] [148/300] loss 824.243 | compact 6.78825 | spectral 19.7641 | recons_loss: 0.168276 | sparse_loss: 1.03371 | 
2025-09-05 18:44:10,757 [INFO] [Iter 148] LR: 0.00000001
2025-09-05 18:44:10,759 [INFO] No improvement: current loss 824.242876, best loss 824.242953
2025-09-05 18:44:11,018 [INFO] [149/300] loss 824.243 | compact 6.78825 | spectral 19.7641 | recons_loss: 0.168275 | sparse_loss: 1.03371 | 
2025-09-05 18:44:11,019 [INFO] [Iter 149] LR: 0.00000001
2025-09-05 18:44:11,020 [INFO] Saving best model at iteration 149
2025-09-05 18:44:11,081 [INFO] H: 160, W: 150
2025-09-05 18:44:11,207 [INFO] [0 1 2 3 4 5 6]
2025-09-05 18:44:11,378 [INFO] y_target: [1 2 3 4 5 6 7]
2025-09-05 18:44:11,379 [INFO] y_predict: [0 1 2 3 4 5 6]
2025-09-05 18:44:11,552 [INFO] Epoch = 150 OA = 0.8240 Kappa = 0.7921 NMI = 0.7366
2025-09-05 18:44:11,765 [INFO] [150/300] loss 824.243 | compact 6.78825 | spectral 19.7641 | recons_loss: 0.168275 | sparse_loss: 1.03371 | 
2025-09-05 18:44:11,765 [INFO] [Iter 150] LR: 0.00000001
2025-09-05 18:44:11,766 [INFO] No improvement: current loss 824.242751, best loss 824.242813
2025-09-05 18:44:12,024 [INFO] [151/300] loss 824.243 | compact 6.78825 | spectral 19.7641 | recons_loss: 0.168275 | sparse_loss: 1.03371 | 
2025-09-05 18:44:12,025 [INFO] [Iter 151] LR: 0.00000001
2025-09-05 18:44:12,026 [INFO] Saving best model at iteration 151
2025-09-05 18:44:12,281 [INFO] [152/300] loss 824.243 | compact 6.78825 | spectral 19.7641 | recons_loss: 0.168275 | sparse_loss: 1.03371 | 
2025-09-05 18:44:12,282 [INFO] [Iter 152] LR: 0.00000001
2025-09-05 18:44:12,284 [INFO] No improvement: current loss 824.242644, best loss 824.242694
2025-09-05 18:44:12,539 [INFO] [153/300] loss 824.243 | compact 6.78825 | spectral 19.7641 | recons_loss: 0.168275 | sparse_loss: 1.03371 | 
2025-09-05 18:44:12,540 [INFO] [Iter 153] LR: 0.00000001
2025-09-05 18:44:12,541 [INFO] No improvement: current loss 824.242604, best loss 824.242694
2025-09-05 18:44:12,797 [INFO] [154/300] loss 824.243 | compact 6.78825 | spectral 19.7641 | recons_loss: 0.168275 | sparse_loss: 1.03371 | 
2025-09-05 18:44:12,797 [INFO] [Iter 154] LR: 0.00000001
2025-09-05 18:44:12,800 [INFO] Saving best model at iteration 154
2025-09-05 18:44:13,062 [INFO] [155/300] loss 824.243 | compact 6.78825 | spectral 19.7641 | recons_loss: 0.168275 | sparse_loss: 1.03371 | 
2025-09-05 18:44:13,063 [INFO] [Iter 155] LR: 0.00000001
2025-09-05 18:44:13,065 [INFO] No improvement: current loss 824.242525, best loss 824.242563
2025-09-05 18:44:13,327 [INFO] [156/300] loss 824.243 | compact 6.78825 | spectral 19.7641 | recons_loss: 0.168275 | sparse_loss: 1.03371 | 
2025-09-05 18:44:13,327 [INFO] [Iter 156] LR: 0.00000001
2025-09-05 18:44:13,329 [INFO] No improvement: current loss 824.242503, best loss 824.242563
2025-09-05 18:44:13,589 [INFO] [157/300] loss 824.242 | compact 6.78825 | spectral 19.7641 | recons_loss: 0.168275 | sparse_loss: 1.03371 | 
2025-09-05 18:44:13,590 [INFO] [Iter 157] LR: 0.00000001
2025-09-05 18:44:13,591 [INFO] No improvement: current loss 824.242472, best loss 824.242563
2025-09-05 18:44:13,847 [INFO] [158/300] loss 824.242 | compact 6.78825 | spectral 19.7641 | recons_loss: 0.168275 | sparse_loss: 1.03371 | 
2025-09-05 18:44:13,848 [INFO] [Iter 158] LR: 0.00000001
2025-09-05 18:44:13,849 [INFO] Saving best model at iteration 158
2025-09-05 18:44:14,104 [INFO] [159/300] loss 824.242 | compact 6.78825 | spectral 19.7641 | recons_loss: 0.168275 | sparse_loss: 1.03371 | 
2025-09-05 18:44:14,105 [INFO] [Iter 159] LR: 0.00000001
2025-09-05 18:44:14,106 [INFO] No improvement: current loss 824.242424, best loss 824.242443
2025-09-05 18:44:14,361 [INFO] [160/300] loss 824.242 | compact 6.78825 | spectral 19.7641 | recons_loss: 0.168275 | sparse_loss: 1.03371 | 
2025-09-05 18:44:14,362 [INFO] [Iter 160] LR: 0.00000001
2025-09-05 18:44:14,364 [INFO] No improvement: current loss 824.242400, best loss 824.242443
2025-09-05 18:44:14,620 [INFO] [161/300] loss 824.242 | compact 6.78825 | spectral 19.7641 | recons_loss: 0.168275 | sparse_loss: 1.03371 | 
2025-09-05 18:44:14,621 [INFO] [Iter 161] LR: 0.00000001
2025-09-05 18:44:14,622 [INFO] No improvement: current loss 824.242385, best loss 824.242443
2025-09-05 18:44:14,876 [INFO] [162/300] loss 824.242 | compact 6.78825 | spectral 19.7641 | recons_loss: 0.168275 | sparse_loss: 1.03371 | 
2025-09-05 18:44:14,877 [INFO] [Iter 162] LR: 0.00000001
2025-09-05 18:44:14,878 [INFO] No improvement: current loss 824.242371, best loss 824.242443
2025-09-05 18:44:15,133 [INFO] [163/300] loss 824.242 | compact 6.78825 | spectral 19.7641 | recons_loss: 0.168275 | sparse_loss: 1.03371 | 
2025-09-05 18:44:15,133 [INFO] [Iter 163] LR: 0.00000001
2025-09-05 18:44:15,134 [INFO] No improvement: current loss 824.242359, best loss 824.242443
2025-09-05 18:44:15,390 [INFO] [164/300] loss 824.242 | compact 6.78825 | spectral 19.7641 | recons_loss: 0.168275 | sparse_loss: 1.03371 | 
2025-09-05 18:44:15,390 [INFO] [Iter 164] LR: 0.00000001
2025-09-05 18:44:15,391 [INFO] Saving best model at iteration 164
2025-09-05 18:44:15,646 [INFO] [165/300] loss 824.242 | compact 6.78825 | spectral 19.7641 | recons_loss: 0.168275 | sparse_loss: 1.03371 | 
2025-09-05 18:44:15,646 [INFO] [Iter 165] LR: 0.00000001
2025-09-05 18:44:15,647 [INFO] No improvement: current loss 824.242327, best loss 824.242342
2025-09-05 18:44:15,903 [INFO] [166/300] loss 824.242 | compact 6.78825 | spectral 19.7641 | recons_loss: 0.168275 | sparse_loss: 1.03371 | 
2025-09-05 18:44:15,903 [INFO] [Iter 166] LR: 0.00000001
2025-09-05 18:44:15,906 [INFO] No improvement: current loss 824.242313, best loss 824.242342
2025-09-05 18:44:16,167 [INFO] [167/300] loss 824.242 | compact 6.78825 | spectral 19.7641 | recons_loss: 0.168275 | sparse_loss: 1.03371 | 
2025-09-05 18:44:16,167 [INFO] [Iter 167] LR: 0.00000001
2025-09-05 18:44:16,170 [INFO] No improvement: current loss 824.242306, best loss 824.242342
2025-09-05 18:44:16,428 [INFO] [168/300] loss 824.242 | compact 6.78825 | spectral 19.7641 | recons_loss: 0.168275 | sparse_loss: 1.03371 | 
2025-09-05 18:44:16,428 [INFO] [Iter 168] LR: 0.00000001
2025-09-05 18:44:16,430 [INFO] No improvement: current loss 824.242300, best loss 824.242342
2025-09-05 18:44:16,688 [INFO] [169/300] loss 824.242 | compact 6.78825 | spectral 19.7641 | recons_loss: 0.168275 | sparse_loss: 1.03371 | 
2025-09-05 18:44:16,689 [INFO] [Iter 169] LR: 0.00000001
2025-09-05 18:44:16,691 [INFO] No improvement: current loss 824.242295, best loss 824.242342
2025-09-05 18:44:16,953 [INFO] [170/300] loss 824.242 | compact 6.78825 | spectral 19.7641 | recons_loss: 0.168275 | sparse_loss: 1.03371 | 
2025-09-05 18:44:16,954 [INFO] [Iter 170] LR: 0.00000001
2025-09-05 18:44:16,956 [INFO] No improvement: current loss 824.242291, best loss 824.242342
2025-09-05 18:44:17,216 [INFO] [171/300] loss 824.242 | compact 6.78825 | spectral 19.7641 | recons_loss: 0.168275 | sparse_loss: 1.03371 | 
2025-09-05 18:44:17,217 [INFO] [Iter 171] LR: 0.00000001
2025-09-05 18:44:17,218 [INFO] No improvement: current loss 824.242280, best loss 824.242342
2025-09-05 18:44:17,475 [INFO] [172/300] loss 824.242 | compact 6.78825 | spectral 19.7641 | recons_loss: 0.168275 | sparse_loss: 1.03371 | 
2025-09-05 18:44:17,475 [INFO] [Iter 172] LR: 0.00000001
2025-09-05 18:44:17,476 [INFO] No improvement: current loss 824.242271, best loss 824.242342
2025-09-05 18:44:17,742 [INFO] [173/300] loss 824.242 | compact 6.78825 | spectral 19.7641 | recons_loss: 0.168275 | sparse_loss: 1.03371 | 
2025-09-05 18:44:17,743 [INFO] [Iter 173] LR: 0.00000001
2025-09-05 18:44:17,745 [INFO] No improvement: current loss 824.242263, best loss 824.242342
2025-09-05 18:44:18,002 [INFO] [174/300] loss 824.242 | compact 6.78825 | spectral 19.7641 | recons_loss: 0.168275 | sparse_loss: 1.03371 | 
2025-09-05 18:44:18,002 [INFO] [Iter 174] LR: 0.00000001
2025-09-05 18:44:18,004 [INFO] No improvement: current loss 824.242261, best loss 824.242342
2025-09-05 18:44:18,262 [INFO] [175/300] loss 824.242 | compact 6.78825 | spectral 19.7641 | recons_loss: 0.168275 | sparse_loss: 1.03371 | 
2025-09-05 18:44:18,262 [INFO] [Iter 175] LR: 0.00000001
2025-09-05 18:44:18,263 [INFO] No improvement: current loss 824.242260, best loss 824.242342
2025-09-05 18:44:18,523 [INFO] [176/300] loss 824.242 | compact 6.78825 | spectral 19.7641 | recons_loss: 0.168275 | sparse_loss: 1.03371 | 
2025-09-05 18:44:18,524 [INFO] [Iter 176] LR: 0.00000001
2025-09-05 18:44:18,526 [INFO] No improvement: current loss 824.242259, best loss 824.242342
2025-09-05 18:44:18,807 [INFO] [177/300] loss 824.242 | compact 6.78825 | spectral 19.7641 | recons_loss: 0.168275 | sparse_loss: 1.03371 | 
2025-09-05 18:44:18,808 [INFO] [Iter 177] LR: 0.00000001
2025-09-05 18:44:18,809 [INFO] No improvement: current loss 824.242258, best loss 824.242342
2025-09-05 18:44:19,067 [INFO] [178/300] loss 824.242 | compact 6.78825 | spectral 19.7641 | recons_loss: 0.168275 | sparse_loss: 1.03371 | 
2025-09-05 18:44:19,068 [INFO] [Iter 178] LR: 0.00000001
2025-09-05 18:44:19,069 [INFO] No improvement: current loss 824.242257, best loss 824.242342
2025-09-05 18:44:19,349 [INFO] [179/300] loss 824.242 | compact 6.78825 | spectral 19.7641 | recons_loss: 0.168275 | sparse_loss: 1.03371 | 
2025-09-05 18:44:19,350 [INFO] [Iter 179] LR: 0.00000001
2025-09-05 18:44:19,352 [INFO] No improvement: current loss 824.242256, best loss 824.242342
2025-09-05 18:44:19,610 [INFO] [180/300] loss 824.242 | compact 6.78825 | spectral 19.7641 | recons_loss: 0.168275 | sparse_loss: 1.03371 | 
2025-09-05 18:44:19,610 [INFO] [Iter 180] LR: 0.00000001
2025-09-05 18:44:19,612 [INFO] No improvement: current loss 824.242261, best loss 824.242342
2025-09-05 18:44:19,870 [INFO] [181/300] loss 824.242 | compact 6.78825 | spectral 19.7641 | recons_loss: 0.168275 | sparse_loss: 1.03371 | 
2025-09-05 18:44:19,870 [INFO] [Iter 181] LR: 0.00000001
2025-09-05 18:44:19,873 [INFO] No improvement: current loss 824.242254, best loss 824.242342
2025-09-05 18:44:20,132 [INFO] [182/300] loss 824.242 | compact 6.78825 | spectral 19.7641 | recons_loss: 0.168275 | sparse_loss: 1.03371 | 
2025-09-05 18:44:20,132 [INFO] [Iter 182] LR: 0.00000001
2025-09-05 18:44:20,134 [INFO] No improvement: current loss 824.242247, best loss 824.242342
2025-09-05 18:44:20,391 [INFO] [183/300] loss 824.242 | compact 6.78825 | spectral 19.7641 | recons_loss: 0.168275 | sparse_loss: 1.03371 | 
2025-09-05 18:44:20,391 [INFO] [Iter 183] LR: 0.00000001
2025-09-05 18:44:20,393 [INFO] No improvement: current loss 824.242247, best loss 824.242342
2025-09-05 18:44:20,652 [INFO] [184/300] loss 824.242 | compact 6.78825 | spectral 19.7641 | recons_loss: 0.168275 | sparse_loss: 1.03371 | 
2025-09-05 18:44:20,652 [INFO] [Iter 184] LR: 0.00000001
2025-09-05 18:44:20,653 [INFO] Saving best model at iteration 184
2025-09-05 18:44:20,911 [INFO] [185/300] loss 824.242 | compact 6.78825 | spectral 19.7641 | recons_loss: 0.168275 | sparse_loss: 1.03371 | 
2025-09-05 18:44:20,911 [INFO] [Iter 185] LR: 0.00000001
2025-09-05 18:44:20,913 [INFO] No improvement: current loss 824.242236, best loss 824.242241
2025-09-05 18:44:21,173 [INFO] [186/300] loss 824.242 | compact 6.78825 | spectral 19.7641 | recons_loss: 0.168275 | sparse_loss: 1.03371 | 
2025-09-05 18:44:21,173 [INFO] [Iter 186] LR: 0.00000001
2025-09-05 18:44:21,174 [INFO] No improvement: current loss 824.242231, best loss 824.242241
2025-09-05 18:44:21,433 [INFO] [187/300] loss 824.242 | compact 6.78825 | spectral 19.7641 | recons_loss: 0.168275 | sparse_loss: 1.03371 | 
2025-09-05 18:44:21,433 [INFO] [Iter 187] LR: 0.00000001
2025-09-05 18:44:21,434 [INFO] No improvement: current loss 824.242227, best loss 824.242241
2025-09-05 18:44:21,694 [INFO] [188/300] loss 824.242 | compact 6.78825 | spectral 19.7641 | recons_loss: 0.168275 | sparse_loss: 1.03371 | 
2025-09-05 18:44:21,694 [INFO] [Iter 188] LR: 0.00000001
2025-09-05 18:44:21,696 [INFO] No improvement: current loss 824.242229, best loss 824.242241
2025-09-05 18:44:21,963 [INFO] [189/300] loss 824.242 | compact 6.78825 | spectral 19.7641 | recons_loss: 0.168275 | sparse_loss: 1.03371 | 
2025-09-05 18:44:21,964 [INFO] [Iter 189] LR: 0.00000001
2025-09-05 18:44:21,966 [INFO] No improvement: current loss 824.242237, best loss 824.242241
2025-09-05 18:44:22,224 [INFO] [190/300] loss 824.242 | compact 6.78825 | spectral 19.7641 | recons_loss: 0.168275 | sparse_loss: 1.03371 | 
2025-09-05 18:44:22,224 [INFO] [Iter 190] LR: 0.00000001
2025-09-05 18:44:22,226 [INFO] No improvement: current loss 824.242232, best loss 824.242241
2025-09-05 18:44:22,495 [INFO] [191/300] loss 824.242 | compact 6.78825 | spectral 19.7641 | recons_loss: 0.168275 | sparse_loss: 1.03371 | 
2025-09-05 18:44:22,496 [INFO] [Iter 191] LR: 0.00000001
2025-09-05 18:44:22,497 [INFO] No improvement: current loss 824.242234, best loss 824.242241
2025-09-05 18:44:22,758 [INFO] [192/300] loss 824.242 | compact 6.78825 | spectral 19.7641 | recons_loss: 0.168275 | sparse_loss: 1.03371 | 
2025-09-05 18:44:22,759 [INFO] [Iter 192] LR: 0.00000001
2025-09-05 18:44:22,761 [INFO] No improvement: current loss 824.242235, best loss 824.242241
2025-09-05 18:44:23,019 [INFO] [193/300] loss 824.242 | compact 6.78825 | spectral 19.7641 | recons_loss: 0.168275 | sparse_loss: 1.03371 | 
2025-09-05 18:44:23,019 [INFO] [Iter 193] LR: 0.00000001
2025-09-05 18:44:23,020 [INFO] No improvement: current loss 824.242237, best loss 824.242241
2025-09-05 18:44:23,281 [INFO] [194/300] loss 824.242 | compact 6.78825 | spectral 19.7641 | recons_loss: 0.168275 | sparse_loss: 1.03371 | 
2025-09-05 18:44:23,282 [INFO] [Iter 194] LR: 0.00000001
2025-09-05 18:44:23,284 [INFO] No improvement: current loss 824.242232, best loss 824.242241
2025-09-05 18:44:23,541 [INFO] [195/300] loss 824.242 | compact 6.78825 | spectral 19.7641 | recons_loss: 0.168275 | sparse_loss: 1.03371 | 
2025-09-05 18:44:23,541 [INFO] [Iter 195] LR: 0.00000001
2025-09-05 18:44:23,542 [INFO] No improvement: current loss 824.242233, best loss 824.242241
2025-09-05 18:44:23,801 [INFO] [196/300] loss 824.242 | compact 6.78825 | spectral 19.7641 | recons_loss: 0.168275 | sparse_loss: 1.03371 | 
2025-09-05 18:44:23,801 [INFO] [Iter 196] LR: 0.00000001
2025-09-05 18:44:23,803 [INFO] No improvement: current loss 824.242241, best loss 824.242241
2025-09-05 18:44:24,061 [INFO] [197/300] loss 824.242 | compact 6.78825 | spectral 19.7641 | recons_loss: 0.168275 | sparse_loss: 1.03371 | 
2025-09-05 18:44:24,062 [INFO] [Iter 197] LR: 0.00000001
2025-09-05 18:44:24,064 [INFO] No improvement: current loss 824.242242, best loss 824.242241
2025-09-05 18:44:24,323 [INFO] [198/300] loss 824.242 | compact 6.78825 | spectral 19.7641 | recons_loss: 0.168275 | sparse_loss: 1.03371 | 
2025-09-05 18:44:24,323 [INFO] [Iter 198] LR: 0.00000001
2025-09-05 18:44:24,324 [INFO] No improvement: current loss 824.242249, best loss 824.242241
2025-09-05 18:44:24,592 [INFO] [199/300] loss 824.242 | compact 6.78825 | spectral 19.7641 | recons_loss: 0.168275 | sparse_loss: 1.03371 | 
2025-09-05 18:44:24,593 [INFO] [Iter 199] LR: 0.00000001
2025-09-05 18:44:24,594 [INFO] No improvement: current loss 824.242249, best loss 824.242241
2025-09-05 18:44:24,653 [INFO] H: 160, W: 150
2025-09-05 18:44:24,784 [INFO] [0 1 2 3 4 5 6]
2025-09-05 18:44:24,955 [INFO] y_target: [1 2 3 4 5 6 7]
2025-09-05 18:44:24,956 [INFO] y_predict: [0 1 2 3 4 5 6]
2025-09-05 18:44:25,126 [INFO] Epoch = 200 OA = 0.8240 Kappa = 0.7921 NMI = 0.7366
2025-09-05 18:44:25,339 [INFO] [200/300] loss 824.242 | compact 6.78825 | spectral 19.7641 | recons_loss: 0.168275 | sparse_loss: 1.03371 | 
2025-09-05 18:44:25,340 [INFO] [Iter 200] LR: 0.00000001
2025-09-05 18:44:25,341 [INFO] No improvement: current loss 824.242249, best loss 824.242241
2025-09-05 18:44:25,599 [INFO] [201/300] loss 824.242 | compact 6.78825 | spectral 19.7641 | recons_loss: 0.168275 | sparse_loss: 1.03371 | 
2025-09-05 18:44:25,600 [INFO] [Iter 201] LR: 0.00000001
2025-09-05 18:44:25,602 [INFO] No improvement: current loss 824.242242, best loss 824.242241
2025-09-05 18:44:25,872 [INFO] [202/300] loss 824.242 | compact 6.78825 | spectral 19.7641 | recons_loss: 0.168275 | sparse_loss: 1.03371 | 
2025-09-05 18:44:25,873 [INFO] [Iter 202] LR: 0.00000001
2025-09-05 18:44:25,874 [INFO] No improvement: current loss 824.242237, best loss 824.242241
2025-09-05 18:44:26,130 [INFO] [203/300] loss 824.242 | compact 6.78825 | spectral 19.7641 | recons_loss: 0.168275 | sparse_loss: 1.03371 | 
2025-09-05 18:44:26,131 [INFO] [Iter 203] LR: 0.00000001
2025-09-05 18:44:26,135 [INFO] No improvement: current loss 824.242238, best loss 824.242241
2025-09-05 18:44:26,401 [INFO] [204/300] loss 824.242 | compact 6.78825 | spectral 19.7641 | recons_loss: 0.168275 | sparse_loss: 1.03371 | 
2025-09-05 18:44:26,402 [INFO] [Iter 204] LR: 0.00000001
2025-09-05 18:44:26,403 [INFO] No improvement: current loss 824.242239, best loss 824.242241
2025-09-05 18:44:26,670 [INFO] [205/300] loss 824.242 | compact 6.78825 | spectral 19.7641 | recons_loss: 0.168275 | sparse_loss: 1.03371 | 
2025-09-05 18:44:26,671 [INFO] [Iter 205] LR: 0.00000001
2025-09-05 18:44:26,673 [INFO] No improvement: current loss 824.242234, best loss 824.242241
2025-09-05 18:44:26,960 [INFO] [206/300] loss 824.242 | compact 6.78825 | spectral 19.7641 | recons_loss: 0.168275 | sparse_loss: 1.03371 | 
2025-09-05 18:44:26,961 [INFO] [Iter 206] LR: 0.00000001
2025-09-05 18:44:26,962 [INFO] No improvement: current loss 824.242235, best loss 824.242241
2025-09-05 18:44:27,245 [INFO] [207/300] loss 824.242 | compact 6.78825 | spectral 19.7641 | recons_loss: 0.168275 | sparse_loss: 1.03371 | 
2025-09-05 18:44:27,246 [INFO] [Iter 207] LR: 0.00000001
2025-09-05 18:44:27,247 [INFO] No improvement: current loss 824.242231, best loss 824.242241
2025-09-05 18:44:27,517 [INFO] [208/300] loss 824.242 | compact 6.78825 | spectral 19.7641 | recons_loss: 0.168275 | sparse_loss: 1.03371 | 
2025-09-05 18:44:27,518 [INFO] [Iter 208] LR: 0.00000001
2025-09-05 18:44:27,519 [INFO] No improvement: current loss 824.242226, best loss 824.242241
2025-09-05 18:44:27,776 [INFO] [209/300] loss 824.242 | compact 6.78825 | spectral 19.7641 | recons_loss: 0.168275 | sparse_loss: 1.03371 | 
2025-09-05 18:44:27,776 [INFO] [Iter 209] LR: 0.00000001
2025-09-05 18:44:27,777 [INFO] No improvement: current loss 824.242229, best loss 824.242241
2025-09-05 18:44:28,034 [INFO] [210/300] loss 824.242 | compact 6.78825 | spectral 19.7641 | recons_loss: 0.168275 | sparse_loss: 1.03371 | 
2025-09-05 18:44:28,035 [INFO] [Iter 210] LR: 0.00000001
2025-09-05 18:44:28,036 [INFO] No improvement: current loss 824.242231, best loss 824.242241
2025-09-05 18:44:28,312 [INFO] [211/300] loss 824.242 | compact 6.78825 | spectral 19.7641 | recons_loss: 0.168275 | sparse_loss: 1.03371 | 
2025-09-05 18:44:28,312 [INFO] [Iter 211] LR: 0.00000001
2025-09-05 18:44:28,313 [INFO] No improvement: current loss 824.242232, best loss 824.242241
2025-09-05 18:44:28,586 [INFO] [212/300] loss 824.242 | compact 6.78825 | spectral 19.7641 | recons_loss: 0.168275 | sparse_loss: 1.03371 | 
2025-09-05 18:44:28,587 [INFO] [Iter 212] LR: 0.00000001
2025-09-05 18:44:28,590 [INFO] No improvement: current loss 824.242234, best loss 824.242241
2025-09-05 18:44:28,868 [INFO] [213/300] loss 824.242 | compact 6.78825 | spectral 19.7641 | recons_loss: 0.168275 | sparse_loss: 1.03371 | 
2025-09-05 18:44:28,868 [INFO] [Iter 213] LR: 0.00000001
2025-09-05 18:44:28,870 [INFO] No improvement: current loss 824.242229, best loss 824.242241
2025-09-05 18:44:29,144 [INFO] [214/300] loss 824.242 | compact 6.78825 | spectral 19.7641 | recons_loss: 0.168275 | sparse_loss: 1.03371 | 
2025-09-05 18:44:29,145 [INFO] [Iter 214] LR: 0.00000001
2025-09-05 18:44:29,147 [INFO] No improvement: current loss 824.242231, best loss 824.242241
2025-09-05 18:44:29,410 [INFO] [215/300] loss 824.242 | compact 6.78825 | spectral 19.7641 | recons_loss: 0.168275 | sparse_loss: 1.03371 | 
2025-09-05 18:44:29,410 [INFO] [Iter 215] LR: 0.00000001
2025-09-05 18:44:29,412 [INFO] No improvement: current loss 824.242227, best loss 824.242241
2025-09-05 18:44:29,682 [INFO] [216/300] loss 824.242 | compact 6.78825 | spectral 19.7641 | recons_loss: 0.168275 | sparse_loss: 1.03371 | 
2025-09-05 18:44:29,683 [INFO] [Iter 216] LR: 0.00000001
2025-09-05 18:44:29,684 [INFO] No improvement: current loss 824.242229, best loss 824.242241
2025-09-05 18:44:29,955 [INFO] [217/300] loss 824.242 | compact 6.78825 | spectral 19.7641 | recons_loss: 0.168275 | sparse_loss: 1.03371 | 
2025-09-05 18:44:29,955 [INFO] [Iter 217] LR: 0.00000001
2025-09-05 18:44:29,957 [INFO] No improvement: current loss 824.242231, best loss 824.242241
2025-09-05 18:44:30,217 [INFO] [218/300] loss 824.242 | compact 6.78825 | spectral 19.7641 | recons_loss: 0.168275 | sparse_loss: 1.03371 | 
2025-09-05 18:44:30,217 [INFO] [Iter 218] LR: 0.00000001
2025-09-05 18:44:30,218 [INFO] No improvement: current loss 824.242233, best loss 824.242241
2025-09-05 18:44:30,477 [INFO] [219/300] loss 824.242 | compact 6.78825 | spectral 19.7641 | recons_loss: 0.168275 | sparse_loss: 1.03371 | 
2025-09-05 18:44:30,478 [INFO] [Iter 219] LR: 0.00000001
2025-09-05 18:44:30,479 [INFO] No improvement: current loss 824.242234, best loss 824.242241
2025-09-05 18:44:30,738 [INFO] [220/300] loss 824.242 | compact 6.78825 | spectral 19.7641 | recons_loss: 0.168275 | sparse_loss: 1.03371 | 
2025-09-05 18:44:30,739 [INFO] [Iter 220] LR: 0.00000001
2025-09-05 18:44:30,740 [INFO] No improvement: current loss 824.242230, best loss 824.242241
2025-09-05 18:44:31,003 [INFO] [221/300] loss 824.242 | compact 6.78825 | spectral 19.7641 | recons_loss: 0.168275 | sparse_loss: 1.03371 | 
2025-09-05 18:44:31,004 [INFO] [Iter 221] LR: 0.00000001
2025-09-05 18:44:31,006 [INFO] No improvement: current loss 824.242232, best loss 824.242241
2025-09-05 18:44:31,276 [INFO] [222/300] loss 824.242 | compact 6.78825 | spectral 19.7641 | recons_loss: 0.168275 | sparse_loss: 1.03371 | 
2025-09-05 18:44:31,276 [INFO] [Iter 222] LR: 0.00000001
2025-09-05 18:44:31,277 [INFO] No improvement: current loss 824.242233, best loss 824.242241
2025-09-05 18:44:31,552 [INFO] [223/300] loss 824.242 | compact 6.78825 | spectral 19.7641 | recons_loss: 0.168275 | sparse_loss: 1.03371 | 
2025-09-05 18:44:31,553 [INFO] [Iter 223] LR: 0.00000001
2025-09-05 18:44:31,554 [INFO] No improvement: current loss 824.242229, best loss 824.242241
2025-09-05 18:44:31,815 [INFO] [224/300] loss 824.242 | compact 6.78825 | spectral 19.7641 | recons_loss: 0.168275 | sparse_loss: 1.03371 | 
2025-09-05 18:44:31,816 [INFO] [Iter 224] LR: 0.00000001
2025-09-05 18:44:31,819 [INFO] No improvement: current loss 824.242231, best loss 824.242241
2025-09-05 18:44:32,090 [INFO] [225/300] loss 824.242 | compact 6.78825 | spectral 19.7641 | recons_loss: 0.168275 | sparse_loss: 1.03371 | 
2025-09-05 18:44:32,090 [INFO] [Iter 225] LR: 0.00000001
2025-09-05 18:44:32,092 [INFO] No improvement: current loss 824.242232, best loss 824.242241
2025-09-05 18:44:32,397 [INFO] [226/300] loss 824.242 | compact 6.78825 | spectral 19.7641 | recons_loss: 0.168275 | sparse_loss: 1.03371 | 
2025-09-05 18:44:32,398 [INFO] [Iter 226] LR: 0.00000001
2025-09-05 18:44:32,399 [INFO] No improvement: current loss 824.242228, best loss 824.242241
2025-09-05 18:44:32,657 [INFO] [227/300] loss 824.242 | compact 6.78825 | spectral 19.7641 | recons_loss: 0.168275 | sparse_loss: 1.03371 | 
2025-09-05 18:44:32,657 [INFO] [Iter 227] LR: 0.00000001
2025-09-05 18:44:32,658 [INFO] No improvement: current loss 824.242230, best loss 824.242241
2025-09-05 18:44:32,924 [INFO] [228/300] loss 824.242 | compact 6.78825 | spectral 19.7641 | recons_loss: 0.168275 | sparse_loss: 1.03371 | 
2025-09-05 18:44:32,925 [INFO] [Iter 228] LR: 0.00000001
2025-09-05 18:44:32,926 [INFO] No improvement: current loss 824.242232, best loss 824.242241
2025-09-05 18:44:33,205 [INFO] [229/300] loss 824.242 | compact 6.78825 | spectral 19.7641 | recons_loss: 0.168275 | sparse_loss: 1.03371 | 
2025-09-05 18:44:33,205 [INFO] [Iter 229] LR: 0.00000001
2025-09-05 18:44:33,206 [INFO] No improvement: current loss 824.242234, best loss 824.242241
2025-09-05 18:44:33,464 [INFO] [230/300] loss 824.242 | compact 6.78825 | spectral 19.7641 | recons_loss: 0.168275 | sparse_loss: 1.03371 | 
2025-09-05 18:44:33,465 [INFO] [Iter 230] LR: 0.00000001
2025-09-05 18:44:33,467 [INFO] No improvement: current loss 824.242235, best loss 824.242241
2025-09-05 18:44:33,730 [INFO] [231/300] loss 824.242 | compact 6.78825 | spectral 19.7641 | recons_loss: 0.168275 | sparse_loss: 1.03371 | 
2025-09-05 18:44:33,730 [INFO] [Iter 231] LR: 0.00000001
2025-09-05 18:44:33,732 [INFO] No improvement: current loss 824.242236, best loss 824.242241
2025-09-05 18:44:33,999 [INFO] [232/300] loss 824.242 | compact 6.78825 | spectral 19.7641 | recons_loss: 0.168275 | sparse_loss: 1.03371 | 
2025-09-05 18:44:33,999 [INFO] [Iter 232] LR: 0.00000001
2025-09-05 18:44:34,000 [INFO] No improvement: current loss 824.242238, best loss 824.242241
2025-09-05 18:44:34,283 [INFO] [233/300] loss 824.242 | compact 6.78825 | spectral 19.7641 | recons_loss: 0.168275 | sparse_loss: 1.03371 | 
2025-09-05 18:44:34,284 [INFO] [Iter 233] LR: 0.00000001
2025-09-05 18:44:34,286 [INFO] No improvement: current loss 824.242233, best loss 824.242241
2025-09-05 18:44:34,551 [INFO] [234/300] loss 824.242 | compact 6.78825 | spectral 19.7641 | recons_loss: 0.168275 | sparse_loss: 1.03371 | 
2025-09-05 18:44:34,551 [INFO] [Iter 234] LR: 0.00000001
2025-09-05 18:44:34,552 [INFO] No improvement: current loss 824.242228, best loss 824.242241
2025-09-05 18:44:34,813 [INFO] [235/300] loss 824.242 | compact 6.78825 | spectral 19.7641 | recons_loss: 0.168275 | sparse_loss: 1.03371 | 
2025-09-05 18:44:34,814 [INFO] [Iter 235] LR: 0.00000001
2025-09-05 18:44:34,817 [INFO] No improvement: current loss 824.242224, best loss 824.242241
2025-09-05 18:44:35,080 [INFO] [236/300] loss 824.242 | compact 6.78825 | spectral 19.7641 | recons_loss: 0.168275 | sparse_loss: 1.03371 | 
2025-09-05 18:44:35,081 [INFO] [Iter 236] LR: 0.00000001
2025-09-05 18:44:35,082 [INFO] No improvement: current loss 824.242233, best loss 824.242241
2025-09-05 18:44:35,365 [INFO] [237/300] loss 824.242 | compact 6.78825 | spectral 19.7641 | recons_loss: 0.168275 | sparse_loss: 1.03371 | 
2025-09-05 18:44:35,365 [INFO] [Iter 237] LR: 0.00000001
2025-09-05 18:44:35,366 [INFO] No improvement: current loss 824.242240, best loss 824.242241
2025-09-05 18:44:35,626 [INFO] [238/300] loss 824.242 | compact 6.78825 | spectral 19.7641 | recons_loss: 0.168275 | sparse_loss: 1.03371 | 
2025-09-05 18:44:35,626 [INFO] [Iter 238] LR: 0.00000001
2025-09-05 18:44:35,627 [INFO] No improvement: current loss 824.242241, best loss 824.242241
2025-09-05 18:44:35,893 [INFO] [239/300] loss 824.242 | compact 6.78825 | spectral 19.7641 | recons_loss: 0.168275 | sparse_loss: 1.03371 | 
2025-09-05 18:44:35,893 [INFO] [Iter 239] LR: 0.00000001
2025-09-05 18:44:35,895 [INFO] No improvement: current loss 824.242242, best loss 824.242241
2025-09-05 18:44:36,159 [INFO] [240/300] loss 824.242 | compact 6.78825 | spectral 19.7641 | recons_loss: 0.168275 | sparse_loss: 1.03371 | 
2025-09-05 18:44:36,159 [INFO] [Iter 240] LR: 0.00000001
2025-09-05 18:44:36,162 [INFO] No improvement: current loss 824.242243, best loss 824.242241
2025-09-05 18:44:36,428 [INFO] [241/300] loss 824.242 | compact 6.78825 | spectral 19.7641 | recons_loss: 0.168275 | sparse_loss: 1.03371 | 
2025-09-05 18:44:36,428 [INFO] [Iter 241] LR: 0.00000001
2025-09-05 18:44:36,429 [INFO] No improvement: current loss 824.242243, best loss 824.242241
2025-09-05 18:44:36,689 [INFO] [242/300] loss 824.242 | compact 6.78825 | spectral 19.7641 | recons_loss: 0.168275 | sparse_loss: 1.03371 | 
2025-09-05 18:44:36,690 [INFO] [Iter 242] LR: 0.00000001
2025-09-05 18:44:36,691 [INFO] No improvement: current loss 824.242238, best loss 824.242241
2025-09-05 18:44:36,953 [INFO] [243/300] loss 824.242 | compact 6.78825 | spectral 19.7641 | recons_loss: 0.168275 | sparse_loss: 1.03371 | 
2025-09-05 18:44:36,953 [INFO] [Iter 243] LR: 0.00000001
2025-09-05 18:44:36,954 [INFO] No improvement: current loss 824.242233, best loss 824.242241
2025-09-05 18:44:37,210 [INFO] [244/300] loss 824.242 | compact 6.78825 | spectral 19.7641 | recons_loss: 0.168275 | sparse_loss: 1.03371 | 
2025-09-05 18:44:37,211 [INFO] [Iter 244] LR: 0.00000001
2025-09-05 18:44:37,213 [INFO] No improvement: current loss 824.242234, best loss 824.242241
2025-09-05 18:44:37,493 [INFO] [245/300] loss 824.242 | compact 6.78825 | spectral 19.7641 | recons_loss: 0.168275 | sparse_loss: 1.03371 | 
2025-09-05 18:44:37,493 [INFO] [Iter 245] LR: 0.00000001
2025-09-05 18:44:37,494 [INFO] No improvement: current loss 824.242229, best loss 824.242241
2025-09-05 18:44:37,754 [INFO] [246/300] loss 824.242 | compact 6.78825 | spectral 19.7641 | recons_loss: 0.168275 | sparse_loss: 1.03371 | 
2025-09-05 18:44:37,754 [INFO] [Iter 246] LR: 0.00000001
2025-09-05 18:44:37,755 [INFO] No improvement: current loss 824.242231, best loss 824.242241
2025-09-05 18:44:38,027 [INFO] [247/300] loss 824.242 | compact 6.78825 | spectral 19.7641 | recons_loss: 0.168275 | sparse_loss: 1.03371 | 
2025-09-05 18:44:38,028 [INFO] [Iter 247] LR: 0.00000001
2025-09-05 18:44:38,029 [INFO] No improvement: current loss 824.242227, best loss 824.242241
2025-09-05 18:44:38,295 [INFO] [248/300] loss 824.242 | compact 6.78825 | spectral 19.7641 | recons_loss: 0.168275 | sparse_loss: 1.03371 | 
2025-09-05 18:44:38,295 [INFO] [Iter 248] LR: 0.00000001
2025-09-05 18:44:38,296 [INFO] No improvement: current loss 824.242229, best loss 824.242241
2025-09-05 18:44:38,559 [INFO] [249/300] loss 824.242 | compact 6.78825 | spectral 19.7641 | recons_loss: 0.168275 | sparse_loss: 1.03371 | 
2025-09-05 18:44:38,560 [INFO] [Iter 249] LR: 0.00000001
2025-09-05 18:44:38,562 [INFO] No improvement: current loss 824.242231, best loss 824.242241
2025-09-05 18:44:38,625 [INFO] H: 160, W: 150
2025-09-05 18:44:38,751 [INFO] [0 1 2 3 4 5 6]
2025-09-05 18:44:38,991 [INFO] y_target: [1 2 3 4 5 6 7]
2025-09-05 18:44:38,992 [INFO] y_predict: [0 1 2 3 4 5 6]
2025-09-05 18:44:39,149 [INFO] Epoch = 250 OA = 0.8240 Kappa = 0.7921 NMI = 0.7366
2025-09-05 18:44:39,357 [INFO] [250/300] loss 824.242 | compact 6.78825 | spectral 19.7641 | recons_loss: 0.168275 | sparse_loss: 1.03371 | 
2025-09-05 18:44:39,358 [INFO] [Iter 250] LR: 0.00000001
2025-09-05 18:44:39,360 [INFO] No improvement: current loss 824.242227, best loss 824.242241
2025-09-05 18:44:39,629 [INFO] [251/300] loss 824.242 | compact 6.78825 | spectral 19.7641 | recons_loss: 0.168275 | sparse_loss: 1.03371 | 
2025-09-05 18:44:39,629 [INFO] [Iter 251] LR: 0.00000001
2025-09-05 18:44:39,630 [INFO] No improvement: current loss 824.242223, best loss 824.242241
2025-09-05 18:44:39,891 [INFO] [252/300] loss 824.242 | compact 6.78825 | spectral 19.7641 | recons_loss: 0.168275 | sparse_loss: 1.03371 | 
2025-09-05 18:44:39,891 [INFO] [Iter 252] LR: 0.00000001
2025-09-05 18:44:39,892 [INFO] No improvement: current loss 824.242219, best loss 824.242241
2025-09-05 18:44:40,149 [INFO] [253/300] loss 824.242 | compact 6.78825 | spectral 19.7641 | recons_loss: 0.168275 | sparse_loss: 1.03371 | 
2025-09-05 18:44:40,149 [INFO] [Iter 253] LR: 0.00000001
2025-09-05 18:44:40,152 [INFO] No improvement: current loss 824.242222, best loss 824.242241
2025-09-05 18:44:40,410 [INFO] [254/300] loss 824.242 | compact 6.78825 | spectral 19.7641 | recons_loss: 0.168275 | sparse_loss: 1.03371 | 
2025-09-05 18:44:40,410 [INFO] [Iter 254] LR: 0.00000001
2025-09-05 18:44:40,411 [INFO] No improvement: current loss 824.242225, best loss 824.242241
2025-09-05 18:44:40,667 [INFO] [255/300] loss 824.242 | compact 6.78825 | spectral 19.7641 | recons_loss: 0.168275 | sparse_loss: 1.03371 | 
2025-09-05 18:44:40,668 [INFO] [Iter 255] LR: 0.00000001
2025-09-05 18:44:40,670 [INFO] No improvement: current loss 824.242227, best loss 824.242241
2025-09-05 18:44:40,942 [INFO] [256/300] loss 824.242 | compact 6.78825 | spectral 19.7641 | recons_loss: 0.168275 | sparse_loss: 1.03371 | 
2025-09-05 18:44:40,942 [INFO] [Iter 256] LR: 0.00000001
2025-09-05 18:44:40,943 [INFO] No improvement: current loss 824.242229, best loss 824.242241
2025-09-05 18:44:41,204 [INFO] [257/300] loss 824.242 | compact 6.78825 | spectral 19.7641 | recons_loss: 0.168275 | sparse_loss: 1.03371 | 
2025-09-05 18:44:41,205 [INFO] [Iter 257] LR: 0.00000001
2025-09-05 18:44:41,206 [INFO] No improvement: current loss 824.242231, best loss 824.242241
2025-09-05 18:44:41,464 [INFO] [258/300] loss 824.242 | compact 6.78825 | spectral 19.7641 | recons_loss: 0.168275 | sparse_loss: 1.03371 | 
2025-09-05 18:44:41,464 [INFO] [Iter 258] LR: 0.00000001
2025-09-05 18:44:41,465 [INFO] No improvement: current loss 824.242227, best loss 824.242241
2025-09-05 18:44:41,729 [INFO] [259/300] loss 824.242 | compact 6.78825 | spectral 19.7641 | recons_loss: 0.168275 | sparse_loss: 1.03371 | 
2025-09-05 18:44:41,730 [INFO] [Iter 259] LR: 0.00000001
2025-09-05 18:44:41,731 [INFO] No improvement: current loss 824.242229, best loss 824.242241
2025-09-05 18:44:41,987 [INFO] [260/300] loss 824.242 | compact 6.78825 | spectral 19.7641 | recons_loss: 0.168275 | sparse_loss: 1.03371 | 
2025-09-05 18:44:41,988 [INFO] [Iter 260] LR: 0.00000001
2025-09-05 18:44:41,990 [INFO] No improvement: current loss 824.242225, best loss 824.242241
2025-09-05 18:44:42,254 [INFO] [261/300] loss 824.242 | compact 6.78825 | spectral 19.7641 | recons_loss: 0.168275 | sparse_loss: 1.03371 | 
2025-09-05 18:44:42,254 [INFO] [Iter 261] LR: 0.00000001
2025-09-05 18:44:42,255 [INFO] No improvement: current loss 824.242227, best loss 824.242241
2025-09-05 18:44:42,519 [INFO] [262/300] loss 824.242 | compact 6.78825 | spectral 19.7641 | recons_loss: 0.168275 | sparse_loss: 1.03371 | 
2025-09-05 18:44:42,520 [INFO] [Iter 262] LR: 0.00000001
2025-09-05 18:44:42,522 [INFO] No improvement: current loss 824.242229, best loss 824.242241
2025-09-05 18:44:42,800 [INFO] [263/300] loss 824.242 | compact 6.78825 | spectral 19.7641 | recons_loss: 0.168275 | sparse_loss: 1.03371 | 
2025-09-05 18:44:42,801 [INFO] [Iter 263] LR: 0.00000001
2025-09-05 18:44:42,802 [INFO] No improvement: current loss 824.242225, best loss 824.242241
2025-09-05 18:44:43,078 [INFO] [264/300] loss 824.242 | compact 6.78825 | spectral 19.7641 | recons_loss: 0.168275 | sparse_loss: 1.03371 | 
2025-09-05 18:44:43,079 [INFO] [Iter 264] LR: 0.00000001
2025-09-05 18:44:43,081 [INFO] No improvement: current loss 824.242221, best loss 824.242241
2025-09-05 18:44:43,353 [INFO] [265/300] loss 824.242 | compact 6.78825 | spectral 19.7641 | recons_loss: 0.168275 | sparse_loss: 1.03371 | 
2025-09-05 18:44:43,353 [INFO] [Iter 265] LR: 0.00000001
2025-09-05 18:44:43,354 [INFO] No improvement: current loss 824.242224, best loss 824.242241
2025-09-05 18:44:43,618 [INFO] [266/300] loss 824.242 | compact 6.78825 | spectral 19.7641 | recons_loss: 0.168275 | sparse_loss: 1.03371 | 
2025-09-05 18:44:43,618 [INFO] [Iter 266] LR: 0.00000001
2025-09-05 18:44:43,619 [INFO] No improvement: current loss 824.242220, best loss 824.242241
2025-09-05 18:44:43,893 [INFO] [267/300] loss 824.242 | compact 6.78825 | spectral 19.7641 | recons_loss: 0.168275 | sparse_loss: 1.03371 | 
2025-09-05 18:44:43,893 [INFO] [Iter 267] LR: 0.00000001
2025-09-05 18:44:43,896 [INFO] No improvement: current loss 824.242217, best loss 824.242241
2025-09-05 18:44:44,160 [INFO] [268/300] loss 824.242 | compact 6.78825 | spectral 19.7641 | recons_loss: 0.168275 | sparse_loss: 1.03371 | 
2025-09-05 18:44:44,161 [INFO] [Iter 268] LR: 0.00000001
2025-09-05 18:44:44,163 [INFO] No improvement: current loss 824.242220, best loss 824.242241
2025-09-05 18:44:44,425 [INFO] [269/300] loss 824.242 | compact 6.78825 | spectral 19.7641 | recons_loss: 0.168275 | sparse_loss: 1.03371 | 
2025-09-05 18:44:44,426 [INFO] [Iter 269] LR: 0.00000001
2025-09-05 18:44:44,428 [INFO] No improvement: current loss 824.242223, best loss 824.242241
2025-09-05 18:44:44,693 [INFO] [270/300] loss 824.242 | compact 6.78825 | spectral 19.7641 | recons_loss: 0.168275 | sparse_loss: 1.03371 | 
2025-09-05 18:44:44,693 [INFO] [Iter 270] LR: 0.00000001
2025-09-05 18:44:44,694 [INFO] No improvement: current loss 824.242232, best loss 824.242241
2025-09-05 18:44:44,955 [INFO] [271/300] loss 824.242 | compact 6.78825 | spectral 19.7641 | recons_loss: 0.168275 | sparse_loss: 1.03371 | 
2025-09-05 18:44:44,956 [INFO] [Iter 271] LR: 0.00000001
2025-09-05 18:44:44,958 [INFO] No improvement: current loss 824.242233, best loss 824.242241
2025-09-05 18:44:45,215 [INFO] [272/300] loss 824.242 | compact 6.78825 | spectral 19.7641 | recons_loss: 0.168275 | sparse_loss: 1.03371 | 
2025-09-05 18:44:45,216 [INFO] [Iter 272] LR: 0.00000001
2025-09-05 18:44:45,217 [INFO] No improvement: current loss 824.242229, best loss 824.242241
2025-09-05 18:44:45,485 [INFO] [273/300] loss 824.242 | compact 6.78825 | spectral 19.7641 | recons_loss: 0.168275 | sparse_loss: 1.03371 | 
2025-09-05 18:44:45,486 [INFO] [Iter 273] LR: 0.00000001
2025-09-05 18:44:45,488 [INFO] No improvement: current loss 824.242231, best loss 824.242241
2025-09-05 18:44:45,750 [INFO] [274/300] loss 824.242 | compact 6.78825 | spectral 19.7641 | recons_loss: 0.168275 | sparse_loss: 1.03371 | 
2025-09-05 18:44:45,751 [INFO] [Iter 274] LR: 0.00000001
2025-09-05 18:44:45,753 [INFO] No improvement: current loss 824.242233, best loss 824.242241
2025-09-05 18:44:46,015 [INFO] [275/300] loss 824.242 | compact 6.78825 | spectral 19.7641 | recons_loss: 0.168275 | sparse_loss: 1.03371 | 
2025-09-05 18:44:46,016 [INFO] [Iter 275] LR: 0.00000001
2025-09-05 18:44:46,017 [INFO] No improvement: current loss 824.242234, best loss 824.242241
2025-09-05 18:44:46,274 [INFO] [276/300] loss 824.242 | compact 6.78825 | spectral 19.7641 | recons_loss: 0.168275 | sparse_loss: 1.03371 | 
2025-09-05 18:44:46,275 [INFO] [Iter 276] LR: 0.00000001
2025-09-05 18:44:46,278 [INFO] No improvement: current loss 824.242236, best loss 824.242241
2025-09-05 18:44:46,539 [INFO] [277/300] loss 824.242 | compact 6.78825 | spectral 19.7641 | recons_loss: 0.168275 | sparse_loss: 1.03371 | 
2025-09-05 18:44:46,540 [INFO] [Iter 277] LR: 0.00000001
2025-09-05 18:44:46,541 [INFO] No improvement: current loss 824.242243, best loss 824.242241
2025-09-05 18:44:46,797 [INFO] [278/300] loss 824.242 | compact 6.78825 | spectral 19.7641 | recons_loss: 0.168275 | sparse_loss: 1.03371 | 
2025-09-05 18:44:46,797 [INFO] [Iter 278] LR: 0.00000001
2025-09-05 18:44:46,799 [INFO] No improvement: current loss 824.242244, best loss 824.242241
2025-09-05 18:44:47,053 [INFO] [279/300] loss 824.242 | compact 6.78825 | spectral 19.7641 | recons_loss: 0.168275 | sparse_loss: 1.03371 | 
2025-09-05 18:44:47,054 [INFO] [Iter 279] LR: 0.00000001
2025-09-05 18:44:47,055 [INFO] No improvement: current loss 824.242238, best loss 824.242241
2025-09-05 18:44:47,311 [INFO] [280/300] loss 824.242 | compact 6.78825 | spectral 19.7641 | recons_loss: 0.168275 | sparse_loss: 1.03371 | 
2025-09-05 18:44:47,312 [INFO] [Iter 280] LR: 0.00000001
2025-09-05 18:44:47,313 [INFO] No improvement: current loss 824.242233, best loss 824.242241
2025-09-05 18:44:47,570 [INFO] [281/300] loss 824.242 | compact 6.78825 | spectral 19.7641 | recons_loss: 0.168275 | sparse_loss: 1.03371 | 
2025-09-05 18:44:47,570 [INFO] [Iter 281] LR: 0.00000001
2025-09-05 18:44:47,571 [INFO] No improvement: current loss 824.242228, best loss 824.242241
2025-09-05 18:44:47,829 [INFO] [282/300] loss 824.242 | compact 6.78825 | spectral 19.7641 | recons_loss: 0.168275 | sparse_loss: 1.03371 | 
2025-09-05 18:44:47,830 [INFO] [Iter 282] LR: 0.00000001
2025-09-05 18:44:47,831 [INFO] No improvement: current loss 824.242230, best loss 824.242241
2025-09-05 18:44:48,087 [INFO] [283/300] loss 824.242 | compact 6.78825 | spectral 19.7641 | recons_loss: 0.168275 | sparse_loss: 1.03371 | 
2025-09-05 18:44:48,087 [INFO] [Iter 283] LR: 0.00000001
2025-09-05 18:44:48,089 [INFO] No improvement: current loss 824.242226, best loss 824.242241
2025-09-05 18:44:48,346 [INFO] [284/300] loss 824.242 | compact 6.78825 | spectral 19.7641 | recons_loss: 0.168275 | sparse_loss: 1.03371 | 
2025-09-05 18:44:48,346 [INFO] [Iter 284] LR: 0.00000001
2025-09-05 18:44:48,348 [INFO] No improvement: current loss 824.242228, best loss 824.242241
2025-09-05 18:44:48,620 [INFO] [285/300] loss 824.242 | compact 6.78825 | spectral 19.7641 | recons_loss: 0.168275 | sparse_loss: 1.03371 | 
2025-09-05 18:44:48,621 [INFO] [Iter 285] LR: 0.00000001
2025-09-05 18:44:48,623 [INFO] No improvement: current loss 824.242230, best loss 824.242241
2025-09-05 18:44:48,887 [INFO] [286/300] loss 824.242 | compact 6.78825 | spectral 19.7641 | recons_loss: 0.168275 | sparse_loss: 1.03371 | 
2025-09-05 18:44:48,888 [INFO] [Iter 286] LR: 0.00000001
2025-09-05 18:44:48,889 [INFO] No improvement: current loss 824.242238, best loss 824.242241
2025-09-05 18:44:49,151 [INFO] [287/300] loss 824.242 | compact 6.78825 | spectral 19.7641 | recons_loss: 0.168275 | sparse_loss: 1.03371 | 
2025-09-05 18:44:49,152 [INFO] [Iter 287] LR: 0.00000001
2025-09-05 18:44:49,154 [INFO] No improvement: current loss 824.242233, best loss 824.242241
2025-09-05 18:44:49,413 [INFO] [288/300] loss 824.242 | compact 6.78825 | spectral 19.7641 | recons_loss: 0.168275 | sparse_loss: 1.03371 | 
2025-09-05 18:44:49,413 [INFO] [Iter 288] LR: 0.00000001
2025-09-05 18:44:49,414 [INFO] No improvement: current loss 824.242229, best loss 824.242241
2025-09-05 18:44:49,674 [INFO] [289/300] loss 824.242 | compact 6.78825 | spectral 19.7641 | recons_loss: 0.168275 | sparse_loss: 1.03371 | 
2025-09-05 18:44:49,674 [INFO] [Iter 289] LR: 0.00000001
2025-09-05 18:44:49,677 [INFO] No improvement: current loss 824.242231, best loss 824.242241
2025-09-05 18:44:49,937 [INFO] [290/300] loss 824.242 | compact 6.78825 | spectral 19.7641 | recons_loss: 0.168275 | sparse_loss: 1.03371 | 
2025-09-05 18:44:49,937 [INFO] [Iter 290] LR: 0.00000001
2025-09-05 18:44:49,938 [INFO] No improvement: current loss 824.242232, best loss 824.242241
2025-09-05 18:44:50,194 [INFO] [291/300] loss 824.242 | compact 6.78825 | spectral 19.7641 | recons_loss: 0.168275 | sparse_loss: 1.03371 | 
2025-09-05 18:44:50,195 [INFO] [Iter 291] LR: 0.00000001
2025-09-05 18:44:50,196 [INFO] No improvement: current loss 824.242234, best loss 824.242241
2025-09-05 18:44:50,453 [INFO] [292/300] loss 824.242 | compact 6.78825 | spectral 19.7641 | recons_loss: 0.168275 | sparse_loss: 1.03371 | 
2025-09-05 18:44:50,454 [INFO] [Iter 292] LR: 0.00000001
2025-09-05 18:44:50,455 [INFO] No improvement: current loss 824.242229, best loss 824.242241
2025-09-05 18:44:50,715 [INFO] [293/300] loss 824.242 | compact 6.78825 | spectral 19.7641 | recons_loss: 0.168275 | sparse_loss: 1.03371 | 
2025-09-05 18:44:50,715 [INFO] [Iter 293] LR: 0.00000001
2025-09-05 18:44:50,716 [INFO] No improvement: current loss 824.242225, best loss 824.242241
2025-09-05 18:44:50,973 [INFO] [294/300] loss 824.242 | compact 6.78825 | spectral 19.7641 | recons_loss: 0.168275 | sparse_loss: 1.03371 | 
2025-09-05 18:44:50,974 [INFO] [Iter 294] LR: 0.00000001
2025-09-05 18:44:50,976 [INFO] No improvement: current loss 824.242221, best loss 824.242241
2025-09-05 18:44:51,242 [INFO] [295/300] loss 824.242 | compact 6.78825 | spectral 19.7641 | recons_loss: 0.168275 | sparse_loss: 1.03371 | 
2025-09-05 18:44:51,242 [INFO] [Iter 295] LR: 0.00000001
2025-09-05 18:44:51,244 [INFO] No improvement: current loss 824.242224, best loss 824.242241
2025-09-05 18:44:51,503 [INFO] [296/300] loss 824.242 | compact 6.78825 | spectral 19.7641 | recons_loss: 0.168275 | sparse_loss: 1.03371 | 
2025-09-05 18:44:51,504 [INFO] [Iter 296] LR: 0.00000001
2025-09-05 18:44:51,505 [INFO] No improvement: current loss 824.242227, best loss 824.242241
2025-09-05 18:44:51,762 [INFO] [297/300] loss 824.242 | compact 6.78825 | spectral 19.7641 | recons_loss: 0.168275 | sparse_loss: 1.03371 | 
2025-09-05 18:44:51,762 [INFO] [Iter 297] LR: 0.00000001
2025-09-05 18:44:51,763 [INFO] No improvement: current loss 824.242229, best loss 824.242241
2025-09-05 18:44:52,019 [INFO] [298/300] loss 824.242 | compact 6.78825 | spectral 19.7641 | recons_loss: 0.168275 | sparse_loss: 1.03371 | 
2025-09-05 18:44:52,020 [INFO] [Iter 298] LR: 0.00000001
2025-09-05 18:44:52,021 [INFO] No improvement: current loss 824.242231, best loss 824.242241
2025-09-05 18:44:52,081 [INFO] H: 160, W: 150
2025-09-05 18:44:52,191 [INFO] [0 1 2 3 4 5 6]
2025-09-05 18:44:52,337 [INFO] y_target: [1 2 3 4 5 6 7]
2025-09-05 18:44:52,338 [INFO] y_predict: [0 1 2 3 4 5 6]
2025-09-05 18:44:52,504 [INFO] Epoch = 299 OA = 0.8240 Kappa = 0.7921 NMI = 0.7366
2025-09-05 18:44:52,713 [INFO] [299/300] loss 824.242 | compact 6.78825 | spectral 19.7641 | recons_loss: 0.168275 | sparse_loss: 1.03371 | 
2025-09-05 18:44:52,713 [INFO] [Iter 299] LR: 0.00000001
2025-09-05 18:44:52,715 [INFO] No improvement: current loss 824.242233, best loss 824.242241
2025-09-05 18:44:52,715 [INFO] Training finished. Best model loaded.
