2025-09-05 18:33:50,491 [INFO] ========== Training Configuration ==========
2025-09-05 18:33:50,492 [INFO] out_dir: ./log
2025-09-05 18:33:50,492 [INFO] lr: 0.1
2025-09-05 18:33:50,492 [INFO] train_iter: 300
2025-09-05 18:33:50,492 [INFO] niter: 5
2025-09-05 18:33:50,492 [INFO] nspix: 300
2025-09-05 18:33:50,492 [INFO] weight: weight
2025-09-05 18:33:50,492 [INFO] weight_representation: 105.0
2025-09-05 18:33:50,492 [INFO] weight_noise: 50.0
2025-09-05 18:33:50,492 [INFO] dataset: urban
2025-09-05 18:33:50,492 [INFO] device: cuda:0
2025-09-05 18:33:50,493 [INFO] log: urban1
2025-09-05 18:33:50,493 [INFO] ============================================
2025-09-05 18:34:10,143 [INFO] H: 160, W: 150
2025-09-05 18:34:10,354 [INFO] [0 1 2 3 4 5 6]
2025-09-05 18:34:12,421 [INFO] y_target: [1 2 3 4 5 6 7]
2025-09-05 18:34:12,422 [INFO] y_predict: [0 1 2 3 4 5 6]
2025-09-05 18:34:12,615 [INFO] Epoch = 0 OA = 0.8095 Kappa = 0.7746 NMI = 0.7239
2025-09-05 18:34:13,196 [INFO] [0/300] loss 713.839 | compact 6.9117 | spectral 19.6366 | recons_loss: 0.235515 | sparse_loss: 1.04431 | 
2025-09-05 18:34:13,197 [INFO] [Iter 0] LR: 0.10000000
2025-09-05 18:34:13,199 [INFO] Saving best model at iteration 0
2025-09-05 18:34:13,455 [INFO] [1/300] loss 713.554 | compact 6.91278 | spectral 19.6219 | recons_loss: 0.234585 | sparse_loss: 1.04427 | 
2025-09-05 18:34:13,455 [INFO] [Iter 1] LR: 0.10000000
2025-09-05 18:34:13,456 [INFO] Saving best model at iteration 1
2025-09-05 18:34:13,712 [INFO] [2/300] loss 713.071 | compact 6.91395 | spectral 19.5982 | recons_loss: 0.232965 | sparse_loss: 1.04409 | 
2025-09-05 18:34:13,713 [INFO] [Iter 2] LR: 0.10000000
2025-09-05 18:34:13,714 [INFO] Saving best model at iteration 2
2025-09-05 18:34:13,970 [INFO] [3/300] loss 712.474 | compact 6.91624 | spectral 19.5644 | recons_loss: 0.230851 | sparse_loss: 1.04378 | 
2025-09-05 18:34:13,970 [INFO] [Iter 3] LR: 0.10000000
2025-09-05 18:34:13,972 [INFO] Saving best model at iteration 3
2025-09-05 18:34:14,240 [INFO] [4/300] loss 711.823 | compact 6.91458 | spectral 19.5264 | recons_loss: 0.228356 | sparse_loss: 1.04344 | 
2025-09-05 18:34:14,241 [INFO] [Iter 4] LR: 0.10000000
2025-09-05 18:34:14,243 [INFO] Saving best model at iteration 4
2025-09-05 18:34:14,498 [INFO] [5/300] loss 711.151 | compact 6.91374 | spectral 19.4855 | recons_loss: 0.225619 | sparse_loss: 1.04311 | 
2025-09-05 18:34:14,499 [INFO] [Iter 5] LR: 0.10000000
2025-09-05 18:34:14,500 [INFO] Saving best model at iteration 5
2025-09-05 18:34:14,755 [INFO] [6/300] loss 710.485 | compact 6.91285 | spectral 19.4403 | recons_loss: 0.22275 | sparse_loss: 1.04278 | 
2025-09-05 18:34:14,755 [INFO] [Iter 6] LR: 0.10000000
2025-09-05 18:34:14,757 [INFO] Saving best model at iteration 6
2025-09-05 18:34:15,013 [INFO] [7/300] loss 709.837 | compact 6.90976 | spectral 19.3971 | recons_loss: 0.219826 | sparse_loss: 1.04243 | 
2025-09-05 18:34:15,013 [INFO] [Iter 7] LR: 0.10000000
2025-09-05 18:34:15,014 [INFO] Saving best model at iteration 7
2025-09-05 18:34:15,269 [INFO] [8/300] loss 709.217 | compact 6.90764 | spectral 19.3638 | recons_loss: 0.216886 | sparse_loss: 1.04206 | 
2025-09-05 18:34:15,270 [INFO] [Iter 8] LR: 0.10000000
2025-09-05 18:34:15,273 [INFO] Saving best model at iteration 8
2025-09-05 18:34:15,530 [INFO] [9/300] loss 708.614 | compact 6.90433 | spectral 19.3316 | recons_loss: 0.214009 | sparse_loss: 1.04166 | 
2025-09-05 18:34:15,530 [INFO] [Iter 9] LR: 0.10000000
2025-09-05 18:34:15,531 [INFO] Saving best model at iteration 9
2025-09-05 18:34:15,786 [INFO] [10/300] loss 708.029 | compact 6.89983 | spectral 19.2962 | recons_loss: 0.211223 | sparse_loss: 1.04125 | 
2025-09-05 18:34:15,787 [INFO] [Iter 10] LR: 0.10000000
2025-09-05 18:34:15,788 [INFO] Saving best model at iteration 10
2025-09-05 18:34:16,042 [INFO] [11/300] loss 707.475 | compact 6.89864 | spectral 19.2625 | recons_loss: 0.208528 | sparse_loss: 1.04085 | 
2025-09-05 18:34:16,042 [INFO] [Iter 11] LR: 0.10000000
2025-09-05 18:34:16,043 [INFO] Saving best model at iteration 11
2025-09-05 18:34:16,299 [INFO] [12/300] loss 706.952 | compact 6.89742 | spectral 19.2333 | recons_loss: 0.205982 | sparse_loss: 1.04047 | 
2025-09-05 18:34:16,300 [INFO] [Iter 12] LR: 0.10000000
2025-09-05 18:34:16,302 [INFO] Saving best model at iteration 12
2025-09-05 18:34:16,557 [INFO] [13/300] loss 706.45 | compact 6.89872 | spectral 19.2028 | recons_loss: 0.203574 | sparse_loss: 1.04011 | 
2025-09-05 18:34:16,558 [INFO] [Iter 13] LR: 0.10000000
2025-09-05 18:34:16,559 [INFO] Saving best model at iteration 13
2025-09-05 18:34:16,813 [INFO] [14/300] loss 705.991 | compact 6.89818 | spectral 19.183 | recons_loss: 0.20133 | sparse_loss: 1.03978 | 
2025-09-05 18:34:16,814 [INFO] [Iter 14] LR: 0.10000000
2025-09-05 18:34:16,815 [INFO] Saving best model at iteration 14
2025-09-05 18:34:17,069 [INFO] [15/300] loss 705.56 | compact 6.89465 | spectral 19.1713 | recons_loss: 0.199247 | sparse_loss: 1.03946 | 
2025-09-05 18:34:17,070 [INFO] [Iter 15] LR: 0.10000000
2025-09-05 18:34:17,072 [INFO] Saving best model at iteration 15
2025-09-05 18:34:17,333 [INFO] [16/300] loss 705.168 | compact 6.89137 | spectral 19.1691 | recons_loss: 0.197328 | sparse_loss: 1.03915 | 
2025-09-05 18:34:17,334 [INFO] [Iter 16] LR: 0.10000000
2025-09-05 18:34:17,335 [INFO] Saving best model at iteration 16
2025-09-05 18:34:17,593 [INFO] [17/300] loss 704.804 | compact 6.89247 | spectral 19.1696 | recons_loss: 0.195574 | sparse_loss: 1.03885 | 
2025-09-05 18:34:17,593 [INFO] [Iter 17] LR: 0.10000000
2025-09-05 18:34:17,594 [INFO] Saving best model at iteration 17
2025-09-05 18:34:17,851 [INFO] [18/300] loss 704.452 | compact 6.89405 | spectral 19.1703 | recons_loss: 0.19394 | sparse_loss: 1.03857 | 
2025-09-05 18:34:17,852 [INFO] [Iter 18] LR: 0.10000000
2025-09-05 18:34:17,854 [INFO] Saving best model at iteration 18
2025-09-05 18:34:18,121 [INFO] [19/300] loss 704.14 | compact 6.89432 | spectral 19.179 | recons_loss: 0.192478 | sparse_loss: 1.03832 | 
2025-09-05 18:34:18,121 [INFO] [Iter 19] LR: 0.10000000
2025-09-05 18:34:18,123 [INFO] Saving best model at iteration 19
2025-09-05 18:34:18,381 [INFO] [20/300] loss 703.819 | compact 6.89645 | spectral 19.1816 | recons_loss: 0.191118 | sparse_loss: 1.03809 | 
2025-09-05 18:34:18,382 [INFO] [Iter 20] LR: 0.10000000
2025-09-05 18:34:18,384 [INFO] Saving best model at iteration 20
2025-09-05 18:34:18,639 [INFO] [21/300] loss 703.517 | compact 6.89651 | spectral 19.1868 | recons_loss: 0.189892 | sparse_loss: 1.03789 | 
2025-09-05 18:34:18,640 [INFO] [Iter 21] LR: 0.10000000
2025-09-05 18:34:18,641 [INFO] Saving best model at iteration 21
2025-09-05 18:34:18,897 [INFO] [22/300] loss 703.225 | compact 6.89666 | spectral 19.1948 | recons_loss: 0.188766 | sparse_loss: 1.0377 | 
2025-09-05 18:34:18,898 [INFO] [Iter 22] LR: 0.10000000
2025-09-05 18:34:18,899 [INFO] Saving best model at iteration 22
2025-09-05 18:34:19,154 [INFO] [23/300] loss 702.971 | compact 6.89543 | spectral 19.2107 | recons_loss: 0.18776 | sparse_loss: 1.03753 | 
2025-09-05 18:34:19,154 [INFO] [Iter 23] LR: 0.10000000
2025-09-05 18:34:19,157 [INFO] Saving best model at iteration 23
2025-09-05 18:34:19,419 [INFO] [24/300] loss 702.73 | compact 6.89431 | spectral 19.2245 | recons_loss: 0.186868 | sparse_loss: 1.03736 | 
2025-09-05 18:34:19,419 [INFO] [Iter 24] LR: 0.10000000
2025-09-05 18:34:19,420 [INFO] Saving best model at iteration 24
2025-09-05 18:34:19,675 [INFO] [25/300] loss 702.5 | compact 6.89302 | spectral 19.2383 | recons_loss: 0.186062 | sparse_loss: 1.03719 | 
2025-09-05 18:34:19,676 [INFO] [Iter 25] LR: 0.10000000
2025-09-05 18:34:19,677 [INFO] Saving best model at iteration 25
2025-09-05 18:34:19,931 [INFO] [26/300] loss 702.272 | compact 6.89422 | spectral 19.251 | recons_loss: 0.185308 | sparse_loss: 1.03702 | 
2025-09-05 18:34:19,932 [INFO] [Iter 26] LR: 0.10000000
2025-09-05 18:34:19,933 [INFO] Saving best model at iteration 26
2025-09-05 18:34:20,208 [INFO] [27/300] loss 702.062 | compact 6.89255 | spectral 19.2604 | recons_loss: 0.18462 | sparse_loss: 1.03688 | 
2025-09-05 18:34:20,208 [INFO] [Iter 27] LR: 0.10000000
2025-09-05 18:34:20,209 [INFO] Saving best model at iteration 27
2025-09-05 18:34:20,463 [INFO] [28/300] loss 701.865 | compact 6.89189 | spectral 19.2697 | recons_loss: 0.183989 | sparse_loss: 1.03675 | 
2025-09-05 18:34:20,464 [INFO] [Iter 28] LR: 0.10000000
2025-09-05 18:34:20,465 [INFO] Saving best model at iteration 28
2025-09-05 18:34:20,738 [INFO] [29/300] loss 701.678 | compact 6.89279 | spectral 19.2801 | recons_loss: 0.183392 | sparse_loss: 1.03664 | 
2025-09-05 18:34:20,738 [INFO] [Iter 29] LR: 0.10000000
2025-09-05 18:34:20,741 [INFO] Saving best model at iteration 29
2025-09-05 18:34:21,007 [INFO] [30/300] loss 701.505 | compact 6.89316 | spectral 19.2923 | recons_loss: 0.182843 | sparse_loss: 1.03654 | 
2025-09-05 18:34:21,007 [INFO] [Iter 30] LR: 0.10000000
2025-09-05 18:34:21,009 [INFO] Saving best model at iteration 30
2025-09-05 18:34:21,264 [INFO] [31/300] loss 701.335 | compact 6.89328 | spectral 19.3043 | recons_loss: 0.182347 | sparse_loss: 1.03644 | 
2025-09-05 18:34:21,264 [INFO] [Iter 31] LR: 0.10000000
2025-09-05 18:34:21,266 [INFO] Saving best model at iteration 31
2025-09-05 18:34:21,522 [INFO] [32/300] loss 701.173 | compact 6.89307 | spectral 19.3142 | recons_loss: 0.181873 | sparse_loss: 1.03633 | 
2025-09-05 18:34:21,523 [INFO] [Iter 32] LR: 0.10000000
2025-09-05 18:34:21,524 [INFO] Saving best model at iteration 32
2025-09-05 18:34:21,779 [INFO] [33/300] loss 701.022 | compact 6.89442 | spectral 19.3222 | recons_loss: 0.181439 | sparse_loss: 1.03622 | 
2025-09-05 18:34:21,779 [INFO] [Iter 33] LR: 0.10000000
2025-09-05 18:34:21,782 [INFO] Saving best model at iteration 33
2025-09-05 18:34:22,038 [INFO] [34/300] loss 700.882 | compact 6.89431 | spectral 19.3351 | recons_loss: 0.181062 | sparse_loss: 1.03611 | 
2025-09-05 18:34:22,038 [INFO] [Iter 34] LR: 0.10000000
2025-09-05 18:34:22,040 [INFO] Saving best model at iteration 34
2025-09-05 18:34:22,294 [INFO] [35/300] loss 700.771 | compact 6.89412 | spectral 19.3688 | recons_loss: 0.180693 | sparse_loss: 1.03602 | 
2025-09-05 18:34:22,294 [INFO] [Iter 35] LR: 0.10000000
2025-09-05 18:34:22,296 [INFO] Saving best model at iteration 35
2025-09-05 18:34:22,567 [INFO] [36/300] loss 700.66 | compact 6.89511 | spectral 19.3984 | recons_loss: 0.180353 | sparse_loss: 1.03594 | 
2025-09-05 18:34:22,568 [INFO] [Iter 36] LR: 0.10000000
2025-09-05 18:34:22,570 [INFO] Saving best model at iteration 36
2025-09-05 18:34:22,826 [INFO] [37/300] loss 700.563 | compact 6.89675 | spectral 19.4295 | recons_loss: 0.180017 | sparse_loss: 1.03588 | 
2025-09-05 18:34:22,826 [INFO] [Iter 37] LR: 0.05000000
2025-09-05 18:34:22,827 [INFO] Saving best model at iteration 37
2025-09-05 18:34:23,084 [INFO] [38/300] loss 700.477 | compact 6.89872 | spectral 19.4592 | recons_loss: 0.179692 | sparse_loss: 1.03584 | 
2025-09-05 18:34:23,084 [INFO] [Iter 38] LR: 0.05000000
2025-09-05 18:34:23,086 [INFO] Saving best model at iteration 38
2025-09-05 18:34:23,351 [INFO] [39/300] loss 700.391 | compact 6.90078 | spectral 19.4833 | recons_loss: 0.179397 | sparse_loss: 1.03578 | 
2025-09-05 18:34:23,351 [INFO] [Iter 39] LR: 0.05000000
2025-09-05 18:34:23,352 [INFO] Saving best model at iteration 39
2025-09-05 18:34:23,608 [INFO] [40/300] loss 700.302 | compact 6.90298 | spectral 19.5037 | recons_loss: 0.179117 | sparse_loss: 1.03572 | 
2025-09-05 18:34:23,608 [INFO] [Iter 40] LR: 0.05000000
2025-09-05 18:34:23,610 [INFO] Saving best model at iteration 40
2025-09-05 18:34:23,865 [INFO] [41/300] loss 700.214 | compact 6.90557 | spectral 19.5237 | recons_loss: 0.178859 | sparse_loss: 1.03566 | 
2025-09-05 18:34:23,865 [INFO] [Iter 41] LR: 0.05000000
2025-09-05 18:34:23,867 [INFO] Saving best model at iteration 41
2025-09-05 18:34:24,124 [INFO] [42/300] loss 700.129 | compact 6.90711 | spectral 19.5436 | recons_loss: 0.178615 | sparse_loss: 1.0356 | 
2025-09-05 18:34:24,124 [INFO] [Iter 42] LR: 0.05000000
2025-09-05 18:34:24,125 [INFO] Saving best model at iteration 42
2025-09-05 18:34:24,381 [INFO] [43/300] loss 700.045 | compact 6.90901 | spectral 19.5603 | recons_loss: 0.178383 | sparse_loss: 1.03555 | 
2025-09-05 18:34:24,381 [INFO] [Iter 43] LR: 0.05000000
2025-09-05 18:34:24,383 [INFO] Saving best model at iteration 43
2025-09-05 18:34:24,637 [INFO] [44/300] loss 699.962 | compact 6.9118 | spectral 19.5737 | recons_loss: 0.178167 | sparse_loss: 1.0355 | 
2025-09-05 18:34:24,637 [INFO] [Iter 44] LR: 0.05000000
2025-09-05 18:34:24,639 [INFO] Saving best model at iteration 44
2025-09-05 18:34:24,895 [INFO] [45/300] loss 699.881 | compact 6.91391 | spectral 19.5862 | recons_loss: 0.177961 | sparse_loss: 1.03545 | 
2025-09-05 18:34:24,895 [INFO] [Iter 45] LR: 0.05000000
2025-09-05 18:34:24,897 [INFO] Saving best model at iteration 45
2025-09-05 18:34:25,152 [INFO] [46/300] loss 699.802 | compact 6.9161 | spectral 19.5963 | recons_loss: 0.177771 | sparse_loss: 1.03541 | 
2025-09-05 18:34:25,152 [INFO] [Iter 46] LR: 0.05000000
2025-09-05 18:34:25,153 [INFO] Saving best model at iteration 46
2025-09-05 18:34:25,408 [INFO] [47/300] loss 699.72 | compact 6.91804 | spectral 19.6051 | recons_loss: 0.177588 | sparse_loss: 1.03536 | 
2025-09-05 18:34:25,408 [INFO] [Iter 47] LR: 0.05000000
2025-09-05 18:34:25,410 [INFO] Saving best model at iteration 47
2025-09-05 18:34:25,665 [INFO] [48/300] loss 699.639 | compact 6.92024 | spectral 19.613 | recons_loss: 0.177413 | sparse_loss: 1.03531 | 
2025-09-05 18:34:25,665 [INFO] [Iter 48] LR: 0.05000000
2025-09-05 18:34:25,667 [INFO] Saving best model at iteration 48
2025-09-05 18:34:25,921 [INFO] [49/300] loss 699.559 | compact 6.92262 | spectral 19.6193 | recons_loss: 0.177249 | sparse_loss: 1.03527 | 
2025-09-05 18:34:25,921 [INFO] [Iter 49] LR: 0.05000000
2025-09-05 18:34:25,922 [INFO] Saving best model at iteration 49
2025-09-05 18:34:25,993 [INFO] H: 160, W: 150
2025-09-05 18:34:26,080 [INFO] [0 1 2 3 4 5 6]
2025-09-05 18:34:26,267 [INFO] y_target: [1 2 3 4 5 6 7]
2025-09-05 18:34:26,267 [INFO] y_predict: [0 1 2 3 4 5 6]
2025-09-05 18:34:26,629 [INFO] Epoch = 50 OA = 0.8333 Kappa = 0.8031 NMI = 0.7377
2025-09-05 18:34:26,838 [INFO] [50/300] loss 699.482 | compact 6.92403 | spectral 19.6252 | recons_loss: 0.177104 | sparse_loss: 1.03521 | 
2025-09-05 18:34:26,839 [INFO] [Iter 50] LR: 0.05000000
2025-09-05 18:34:26,841 [INFO] Saving best model at iteration 50
2025-09-05 18:34:27,100 [INFO] [51/300] loss 699.408 | compact 6.92482 | spectral 19.6311 | recons_loss: 0.176969 | sparse_loss: 1.03516 | 
2025-09-05 18:34:27,101 [INFO] [Iter 51] LR: 0.05000000
2025-09-05 18:34:27,103 [INFO] Saving best model at iteration 51
2025-09-05 18:34:27,359 [INFO] [52/300] loss 699.34 | compact 6.92609 | spectral 19.6364 | recons_loss: 0.176843 | sparse_loss: 1.0351 | 
2025-09-05 18:34:27,359 [INFO] [Iter 52] LR: 0.05000000
2025-09-05 18:34:27,360 [INFO] Saving best model at iteration 52
2025-09-05 18:34:27,636 [INFO] [53/300] loss 699.284 | compact 6.92628 | spectral 19.6424 | recons_loss: 0.176728 | sparse_loss: 1.03506 | 
2025-09-05 18:34:27,636 [INFO] [Iter 53] LR: 0.02500000
2025-09-05 18:34:27,638 [INFO] Saving best model at iteration 53
2025-09-05 18:34:27,895 [INFO] [54/300] loss 699.225 | compact 6.92702 | spectral 19.6473 | recons_loss: 0.176616 | sparse_loss: 1.03501 | 
2025-09-05 18:34:27,896 [INFO] [Iter 54] LR: 0.02500000
2025-09-05 18:34:27,898 [INFO] Saving best model at iteration 54
2025-09-05 18:34:28,160 [INFO] [55/300] loss 699.168 | compact 6.9273 | spectral 19.6522 | recons_loss: 0.176512 | sparse_loss: 1.03497 | 
2025-09-05 18:34:28,160 [INFO] [Iter 55] LR: 0.02500000
2025-09-05 18:34:28,163 [INFO] Saving best model at iteration 55
2025-09-05 18:34:28,419 [INFO] [56/300] loss 699.112 | compact 6.92756 | spectral 19.6564 | recons_loss: 0.176411 | sparse_loss: 1.03492 | 
2025-09-05 18:34:28,419 [INFO] [Iter 56] LR: 0.02500000
2025-09-05 18:34:28,421 [INFO] Saving best model at iteration 56
2025-09-05 18:34:28,675 [INFO] [57/300] loss 699.055 | compact 6.92781 | spectral 19.6601 | recons_loss: 0.17631 | sparse_loss: 1.03488 | 
2025-09-05 18:34:28,675 [INFO] [Iter 57] LR: 0.02500000
2025-09-05 18:34:28,676 [INFO] Saving best model at iteration 57
2025-09-05 18:34:28,932 [INFO] [58/300] loss 699.005 | compact 6.92816 | spectral 19.6676 | recons_loss: 0.176222 | sparse_loss: 1.03484 | 
2025-09-05 18:34:28,933 [INFO] [Iter 58] LR: 0.02500000
2025-09-05 18:34:28,935 [INFO] Saving best model at iteration 58
2025-09-05 18:34:29,209 [INFO] [59/300] loss 698.959 | compact 6.92856 | spectral 19.6747 | recons_loss: 0.176142 | sparse_loss: 1.0348 | 
2025-09-05 18:34:29,209 [INFO] [Iter 59] LR: 0.01250000
2025-09-05 18:34:29,210 [INFO] Saving best model at iteration 59
2025-09-05 18:34:29,466 [INFO] [60/300] loss 698.914 | compact 6.9283 | spectral 19.6826 | recons_loss: 0.176068 | sparse_loss: 1.03476 | 
2025-09-05 18:34:29,467 [INFO] [Iter 60] LR: 0.01250000
2025-09-05 18:34:29,469 [INFO] Saving best model at iteration 60
2025-09-05 18:34:29,725 [INFO] [61/300] loss 698.87 | compact 6.92801 | spectral 19.6894 | recons_loss: 0.175998 | sparse_loss: 1.03473 | 
2025-09-05 18:34:29,726 [INFO] [Iter 61] LR: 0.01250000
2025-09-05 18:34:29,727 [INFO] Saving best model at iteration 61
2025-09-05 18:34:29,982 [INFO] [62/300] loss 698.827 | compact 6.92772 | spectral 19.6949 | recons_loss: 0.175935 | sparse_loss: 1.03469 | 
2025-09-05 18:34:29,983 [INFO] [Iter 62] LR: 0.01250000
2025-09-05 18:34:29,984 [INFO] Saving best model at iteration 62
2025-09-05 18:34:30,239 [INFO] [63/300] loss 698.787 | compact 6.92773 | spectral 19.6996 | recons_loss: 0.175875 | sparse_loss: 1.03466 | 
2025-09-05 18:34:30,240 [INFO] [Iter 63] LR: 0.01250000
2025-09-05 18:34:30,241 [INFO] Saving best model at iteration 63
2025-09-05 18:34:30,498 [INFO] [64/300] loss 698.748 | compact 6.92744 | spectral 19.7041 | recons_loss: 0.175819 | sparse_loss: 1.03463 | 
2025-09-05 18:34:30,498 [INFO] [Iter 64] LR: 0.01250000
2025-09-05 18:34:30,499 [INFO] Saving best model at iteration 64
2025-09-05 18:34:30,754 [INFO] [65/300] loss 698.712 | compact 6.92726 | spectral 19.7082 | recons_loss: 0.175766 | sparse_loss: 1.0346 | 
2025-09-05 18:34:30,754 [INFO] [Iter 65] LR: 0.01250000
2025-09-05 18:34:30,756 [INFO] Saving best model at iteration 65
2025-09-05 18:34:31,015 [INFO] [66/300] loss 698.676 | compact 6.92713 | spectral 19.7116 | recons_loss: 0.175715 | sparse_loss: 1.03457 | 
2025-09-05 18:34:31,015 [INFO] [Iter 66] LR: 0.00625000
2025-09-05 18:34:31,017 [INFO] Saving best model at iteration 66
2025-09-05 18:34:31,271 [INFO] [67/300] loss 698.643 | compact 6.92719 | spectral 19.7147 | recons_loss: 0.175667 | sparse_loss: 1.03455 | 
2025-09-05 18:34:31,271 [INFO] [Iter 67] LR: 0.00625000
2025-09-05 18:34:31,273 [INFO] Saving best model at iteration 67
2025-09-05 18:34:31,542 [INFO] [68/300] loss 698.613 | compact 6.92725 | spectral 19.7176 | recons_loss: 0.175623 | sparse_loss: 1.03452 | 
2025-09-05 18:34:31,543 [INFO] [Iter 68] LR: 0.00625000
2025-09-05 18:34:31,545 [INFO] Saving best model at iteration 68
2025-09-05 18:34:31,801 [INFO] [69/300] loss 698.584 | compact 6.92728 | spectral 19.72 | recons_loss: 0.175582 | sparse_loss: 1.0345 | 
2025-09-05 18:34:31,801 [INFO] [Iter 69] LR: 0.00625000
2025-09-05 18:34:31,802 [INFO] Saving best model at iteration 69
2025-09-05 18:34:32,059 [INFO] [70/300] loss 698.556 | compact 6.92728 | spectral 19.7223 | recons_loss: 0.175545 | sparse_loss: 1.03448 | 
2025-09-05 18:34:32,059 [INFO] [Iter 70] LR: 0.00312500
2025-09-05 18:34:32,061 [INFO] Saving best model at iteration 70
2025-09-05 18:34:32,316 [INFO] [71/300] loss 698.531 | compact 6.92728 | spectral 19.7243 | recons_loss: 0.175511 | sparse_loss: 1.03445 | 
2025-09-05 18:34:32,316 [INFO] [Iter 71] LR: 0.00312500
2025-09-05 18:34:32,318 [INFO] Saving best model at iteration 71
2025-09-05 18:34:32,592 [INFO] [72/300] loss 698.507 | compact 6.92727 | spectral 19.7261 | recons_loss: 0.175479 | sparse_loss: 1.03443 | 
2025-09-05 18:34:32,595 [INFO] [Iter 72] LR: 0.00312500
2025-09-05 18:34:32,596 [INFO] Saving best model at iteration 72
2025-09-05 18:34:32,868 [INFO] [73/300] loss 698.485 | compact 6.9273 | spectral 19.7276 | recons_loss: 0.17545 | sparse_loss: 1.03442 | 
2025-09-05 18:34:32,868 [INFO] [Iter 73] LR: 0.00156250
2025-09-05 18:34:32,869 [INFO] Saving best model at iteration 73
2025-09-05 18:34:33,156 [INFO] [74/300] loss 698.466 | compact 6.92721 | spectral 19.7301 | recons_loss: 0.175424 | sparse_loss: 1.0344 | 
2025-09-05 18:34:33,156 [INFO] [Iter 74] LR: 0.00156250
2025-09-05 18:34:33,158 [INFO] Saving best model at iteration 74
2025-09-05 18:34:33,415 [INFO] [75/300] loss 698.448 | compact 6.92713 | spectral 19.7323 | recons_loss: 0.1754 | sparse_loss: 1.03438 | 
2025-09-05 18:34:33,415 [INFO] [Iter 75] LR: 0.00156250
2025-09-05 18:34:33,418 [INFO] Saving best model at iteration 75
2025-09-05 18:34:33,689 [INFO] [76/300] loss 698.431 | compact 6.92706 | spectral 19.7343 | recons_loss: 0.175378 | sparse_loss: 1.03437 | 
2025-09-05 18:34:33,689 [INFO] [Iter 76] LR: 0.00078125
2025-09-05 18:34:33,691 [INFO] Saving best model at iteration 76
2025-09-05 18:34:33,948 [INFO] [77/300] loss 698.416 | compact 6.92699 | spectral 19.7361 | recons_loss: 0.175359 | sparse_loss: 1.03435 | 
2025-09-05 18:34:33,949 [INFO] [Iter 77] LR: 0.00078125
2025-09-05 18:34:33,951 [INFO] Saving best model at iteration 77
2025-09-05 18:34:34,236 [INFO] [78/300] loss 698.402 | compact 6.92694 | spectral 19.7377 | recons_loss: 0.175341 | sparse_loss: 1.03434 | 
2025-09-05 18:34:34,236 [INFO] [Iter 78] LR: 0.00078125
2025-09-05 18:34:34,237 [INFO] Saving best model at iteration 78
2025-09-05 18:34:34,495 [INFO] [79/300] loss 698.389 | compact 6.92689 | spectral 19.7392 | recons_loss: 0.175324 | sparse_loss: 1.03433 | 
2025-09-05 18:34:34,495 [INFO] [Iter 79] LR: 0.00078125
2025-09-05 18:34:34,497 [INFO] Saving best model at iteration 79
2025-09-05 18:34:34,777 [INFO] [80/300] loss 698.377 | compact 6.92684 | spectral 19.7405 | recons_loss: 0.17531 | sparse_loss: 1.03432 | 
2025-09-05 18:34:34,777 [INFO] [Iter 80] LR: 0.00078125
2025-09-05 18:34:34,780 [INFO] Saving best model at iteration 80
2025-09-05 18:34:35,039 [INFO] [81/300] loss 698.367 | compact 6.9268 | spectral 19.7417 | recons_loss: 0.175296 | sparse_loss: 1.03431 | 
2025-09-05 18:34:35,040 [INFO] [Iter 81] LR: 0.00078125
2025-09-05 18:34:35,041 [INFO] Saving best model at iteration 81
2025-09-05 18:34:35,302 [INFO] [82/300] loss 698.357 | compact 6.92676 | spectral 19.7428 | recons_loss: 0.175284 | sparse_loss: 1.0343 | 
2025-09-05 18:34:35,302 [INFO] [Iter 82] LR: 0.00039063
2025-09-05 18:34:35,303 [INFO] Saving best model at iteration 82
2025-09-05 18:34:35,559 [INFO] [83/300] loss 698.348 | compact 6.92673 | spectral 19.7437 | recons_loss: 0.175273 | sparse_loss: 1.03429 | 
2025-09-05 18:34:35,560 [INFO] [Iter 83] LR: 0.00039063
2025-09-05 18:34:35,561 [INFO] Saving best model at iteration 83
2025-09-05 18:34:35,817 [INFO] [84/300] loss 698.34 | compact 6.92669 | spectral 19.7446 | recons_loss: 0.175263 | sparse_loss: 1.03428 | 
2025-09-05 18:34:35,817 [INFO] [Iter 84] LR: 0.00039063
2025-09-05 18:34:35,819 [INFO] Saving best model at iteration 84
2025-09-05 18:34:36,073 [INFO] [85/300] loss 698.332 | compact 6.92667 | spectral 19.7454 | recons_loss: 0.175254 | sparse_loss: 1.03428 | 
2025-09-05 18:34:36,074 [INFO] [Iter 85] LR: 0.00019531
2025-09-05 18:34:36,075 [INFO] Saving best model at iteration 85
2025-09-05 18:34:36,345 [INFO] [86/300] loss 698.325 | compact 6.92664 | spectral 19.7461 | recons_loss: 0.175246 | sparse_loss: 1.03427 | 
2025-09-05 18:34:36,346 [INFO] [Iter 86] LR: 0.00019531
2025-09-05 18:34:36,347 [INFO] Saving best model at iteration 86
2025-09-05 18:34:36,606 [INFO] [87/300] loss 698.319 | compact 6.92662 | spectral 19.7467 | recons_loss: 0.175239 | sparse_loss: 1.03427 | 
2025-09-05 18:34:36,606 [INFO] [Iter 87] LR: 0.00019531
2025-09-05 18:34:36,608 [INFO] Saving best model at iteration 87
2025-09-05 18:34:36,865 [INFO] [88/300] loss 698.313 | compact 6.9266 | spectral 19.7473 | recons_loss: 0.175232 | sparse_loss: 1.03426 | 
2025-09-05 18:34:36,865 [INFO] [Iter 88] LR: 0.00009766
2025-09-05 18:34:36,866 [INFO] Saving best model at iteration 88
2025-09-05 18:34:37,120 [INFO] [89/300] loss 698.308 | compact 6.92658 | spectral 19.7478 | recons_loss: 0.175226 | sparse_loss: 1.03426 | 
2025-09-05 18:34:37,120 [INFO] [Iter 89] LR: 0.00009766
2025-09-05 18:34:37,122 [INFO] Saving best model at iteration 89
2025-09-05 18:34:37,376 [INFO] [90/300] loss 698.303 | compact 6.92657 | spectral 19.7483 | recons_loss: 0.175221 | sparse_loss: 1.03425 | 
2025-09-05 18:34:37,376 [INFO] [Iter 90] LR: 0.00009766
2025-09-05 18:34:37,378 [INFO] Saving best model at iteration 90
2025-09-05 18:34:37,639 [INFO] [91/300] loss 698.299 | compact 6.92655 | spectral 19.7487 | recons_loss: 0.175216 | sparse_loss: 1.03425 | 
2025-09-05 18:34:37,639 [INFO] [Iter 91] LR: 0.00004883
2025-09-05 18:34:37,641 [INFO] Saving best model at iteration 91
2025-09-05 18:34:37,897 [INFO] [92/300] loss 698.295 | compact 6.92654 | spectral 19.7491 | recons_loss: 0.175211 | sparse_loss: 1.03424 | 
2025-09-05 18:34:37,897 [INFO] [Iter 92] LR: 0.00004883
2025-09-05 18:34:37,899 [INFO] Saving best model at iteration 92
2025-09-05 18:34:38,156 [INFO] [93/300] loss 698.292 | compact 6.92653 | spectral 19.7494 | recons_loss: 0.175207 | sparse_loss: 1.03424 | 
2025-09-05 18:34:38,157 [INFO] [Iter 93] LR: 0.00004883
2025-09-05 18:34:38,158 [INFO] Saving best model at iteration 93
2025-09-05 18:34:38,418 [INFO] [94/300] loss 698.289 | compact 6.92652 | spectral 19.7497 | recons_loss: 0.175204 | sparse_loss: 1.03424 | 
2025-09-05 18:34:38,418 [INFO] [Iter 94] LR: 0.00002441
2025-09-05 18:34:38,419 [INFO] Saving best model at iteration 94
2025-09-05 18:34:38,691 [INFO] [95/300] loss 698.286 | compact 6.92651 | spectral 19.75 | recons_loss: 0.1752 | sparse_loss: 1.03424 | 
2025-09-05 18:34:38,692 [INFO] [Iter 95] LR: 0.00002441
2025-09-05 18:34:38,693 [INFO] Saving best model at iteration 95
2025-09-05 18:34:38,949 [INFO] [96/300] loss 698.283 | compact 6.9265 | spectral 19.7502 | recons_loss: 0.175197 | sparse_loss: 1.03423 | 
2025-09-05 18:34:38,949 [INFO] [Iter 96] LR: 0.00002441
2025-09-05 18:34:38,950 [INFO] Saving best model at iteration 96
2025-09-05 18:34:39,223 [INFO] [97/300] loss 698.281 | compact 6.92649 | spectral 19.7505 | recons_loss: 0.175195 | sparse_loss: 1.03423 | 
2025-09-05 18:34:39,224 [INFO] [Iter 97] LR: 0.00001221
2025-09-05 18:34:39,226 [INFO] Saving best model at iteration 97
2025-09-05 18:34:39,481 [INFO] [98/300] loss 698.279 | compact 6.92648 | spectral 19.7507 | recons_loss: 0.175192 | sparse_loss: 1.03423 | 
2025-09-05 18:34:39,481 [INFO] [Iter 98] LR: 0.00001221
2025-09-05 18:34:39,482 [INFO] Saving best model at iteration 98
2025-09-05 18:34:39,737 [INFO] [99/300] loss 698.277 | compact 6.92648 | spectral 19.7508 | recons_loss: 0.17519 | sparse_loss: 1.03423 | 
2025-09-05 18:34:39,738 [INFO] [Iter 99] LR: 0.00001221
2025-09-05 18:34:39,740 [INFO] Saving best model at iteration 99
2025-09-05 18:34:39,803 [INFO] H: 160, W: 150
2025-09-05 18:34:39,914 [INFO] [0 1 2 3 4 5 6]
2025-09-05 18:34:40,055 [INFO] y_target: [1 2 3 4 5 6 7]
2025-09-05 18:34:40,055 [INFO] y_predict: [0 1 2 3 4 5 6]
2025-09-05 18:34:40,211 [INFO] Epoch = 100 OA = 0.8340 Kappa = 0.8041 NMI = 0.7385
2025-09-05 18:34:40,420 [INFO] [100/300] loss 698.275 | compact 6.92647 | spectral 19.751 | recons_loss: 0.175188 | sparse_loss: 1.03423 | 
2025-09-05 18:34:40,421 [INFO] [Iter 100] LR: 0.00000610
2025-09-05 18:34:40,422 [INFO] Saving best model at iteration 100
2025-09-05 18:34:40,678 [INFO] [101/300] loss 698.274 | compact 6.92647 | spectral 19.7512 | recons_loss: 0.175187 | sparse_loss: 1.03422 | 
2025-09-05 18:34:40,678 [INFO] [Iter 101] LR: 0.00000610
2025-09-05 18:34:40,679 [INFO] Saving best model at iteration 101
2025-09-05 18:34:40,937 [INFO] [102/300] loss 698.272 | compact 6.92646 | spectral 19.7513 | recons_loss: 0.175185 | sparse_loss: 1.03422 | 
2025-09-05 18:34:40,938 [INFO] [Iter 102] LR: 0.00000610
2025-09-05 18:34:40,939 [INFO] Saving best model at iteration 102
2025-09-05 18:34:41,196 [INFO] [103/300] loss 698.271 | compact 6.92646 | spectral 19.7514 | recons_loss: 0.175184 | sparse_loss: 1.03422 | 
2025-09-05 18:34:41,196 [INFO] [Iter 103] LR: 0.00000305
2025-09-05 18:34:41,197 [INFO] Saving best model at iteration 103
2025-09-05 18:34:41,461 [INFO] [104/300] loss 698.27 | compact 6.92645 | spectral 19.7515 | recons_loss: 0.175182 | sparse_loss: 1.03422 | 
2025-09-05 18:34:41,462 [INFO] [Iter 104] LR: 0.00000305
2025-09-05 18:34:41,463 [INFO] Saving best model at iteration 104
2025-09-05 18:34:41,719 [INFO] [105/300] loss 698.269 | compact 6.92645 | spectral 19.7516 | recons_loss: 0.175181 | sparse_loss: 1.03422 | 
2025-09-05 18:34:41,719 [INFO] [Iter 105] LR: 0.00000305
2025-09-05 18:34:41,720 [INFO] Saving best model at iteration 105
2025-09-05 18:34:41,999 [INFO] [106/300] loss 698.268 | compact 6.92645 | spectral 19.7517 | recons_loss: 0.17518 | sparse_loss: 1.03422 | 
2025-09-05 18:34:42,000 [INFO] [Iter 106] LR: 0.00000153
2025-09-05 18:34:42,002 [INFO] Saving best model at iteration 106
2025-09-05 18:34:42,256 [INFO] [107/300] loss 698.267 | compact 6.92644 | spectral 19.7518 | recons_loss: 0.175179 | sparse_loss: 1.03422 | 
2025-09-05 18:34:42,257 [INFO] [Iter 107] LR: 0.00000153
2025-09-05 18:34:42,258 [INFO] Saving best model at iteration 107
2025-09-05 18:34:42,512 [INFO] [108/300] loss 698.267 | compact 6.92644 | spectral 19.7518 | recons_loss: 0.175178 | sparse_loss: 1.03422 | 
2025-09-05 18:34:42,513 [INFO] [Iter 108] LR: 0.00000153
2025-09-05 18:34:42,516 [INFO] Saving best model at iteration 108
2025-09-05 18:34:42,773 [INFO] [109/300] loss 698.266 | compact 6.92644 | spectral 19.7519 | recons_loss: 0.175178 | sparse_loss: 1.03422 | 
2025-09-05 18:34:42,773 [INFO] [Iter 109] LR: 0.00000076
2025-09-05 18:34:42,776 [INFO] Saving best model at iteration 109
2025-09-05 18:34:43,032 [INFO] [110/300] loss 698.265 | compact 6.92644 | spectral 19.752 | recons_loss: 0.175177 | sparse_loss: 1.03422 | 
2025-09-05 18:34:43,033 [INFO] [Iter 110] LR: 0.00000076
2025-09-05 18:34:43,034 [INFO] Saving best model at iteration 110
2025-09-05 18:34:43,288 [INFO] [111/300] loss 698.265 | compact 6.92644 | spectral 19.752 | recons_loss: 0.175176 | sparse_loss: 1.03422 | 
2025-09-05 18:34:43,288 [INFO] [Iter 111] LR: 0.00000076
2025-09-05 18:34:43,289 [INFO] Saving best model at iteration 111
2025-09-05 18:34:43,555 [INFO] [112/300] loss 698.264 | compact 6.92643 | spectral 19.7521 | recons_loss: 0.175176 | sparse_loss: 1.03422 | 
2025-09-05 18:34:43,556 [INFO] [Iter 112] LR: 0.00000038
2025-09-05 18:34:43,557 [INFO] Saving best model at iteration 112
2025-09-05 18:34:43,812 [INFO] [113/300] loss 698.264 | compact 6.92643 | spectral 19.7521 | recons_loss: 0.175175 | sparse_loss: 1.03422 | 
2025-09-05 18:34:43,812 [INFO] [Iter 113] LR: 0.00000038
2025-09-05 18:34:43,814 [INFO] Saving best model at iteration 113
2025-09-05 18:34:44,071 [INFO] [114/300] loss 698.263 | compact 6.92643 | spectral 19.7521 | recons_loss: 0.175175 | sparse_loss: 1.03422 | 
2025-09-05 18:34:44,071 [INFO] [Iter 114] LR: 0.00000038
2025-09-05 18:34:44,073 [INFO] Saving best model at iteration 114
2025-09-05 18:34:44,327 [INFO] [115/300] loss 698.263 | compact 6.92643 | spectral 19.7522 | recons_loss: 0.175174 | sparse_loss: 1.03421 | 
2025-09-05 18:34:44,328 [INFO] [Iter 115] LR: 0.00000019
2025-09-05 18:34:44,329 [INFO] Saving best model at iteration 115
2025-09-05 18:34:44,591 [INFO] [116/300] loss 698.263 | compact 6.92643 | spectral 19.7522 | recons_loss: 0.175174 | sparse_loss: 1.03421 | 
2025-09-05 18:34:44,591 [INFO] [Iter 116] LR: 0.00000019
2025-09-05 18:34:44,592 [INFO] Saving best model at iteration 116
2025-09-05 18:34:44,846 [INFO] [117/300] loss 698.262 | compact 6.92643 | spectral 19.7522 | recons_loss: 0.175174 | sparse_loss: 1.03421 | 
2025-09-05 18:34:44,847 [INFO] [Iter 117] LR: 0.00000019
2025-09-05 18:34:44,848 [INFO] Saving best model at iteration 117
2025-09-05 18:34:45,103 [INFO] [118/300] loss 698.262 | compact 6.92643 | spectral 19.7522 | recons_loss: 0.175173 | sparse_loss: 1.03421 | 
2025-09-05 18:34:45,103 [INFO] [Iter 118] LR: 0.00000010
2025-09-05 18:34:45,105 [INFO] Saving best model at iteration 118
2025-09-05 18:34:45,360 [INFO] [119/300] loss 698.262 | compact 6.92643 | spectral 19.7523 | recons_loss: 0.175173 | sparse_loss: 1.03421 | 
2025-09-05 18:34:45,360 [INFO] [Iter 119] LR: 0.00000010
2025-09-05 18:34:45,362 [INFO] Saving best model at iteration 119
2025-09-05 18:34:45,620 [INFO] [120/300] loss 698.262 | compact 6.92643 | spectral 19.7523 | recons_loss: 0.175173 | sparse_loss: 1.03421 | 
2025-09-05 18:34:45,621 [INFO] [Iter 120] LR: 0.00000010
2025-09-05 18:34:45,622 [INFO] Saving best model at iteration 120
2025-09-05 18:34:45,881 [INFO] [121/300] loss 698.262 | compact 6.92643 | spectral 19.7523 | recons_loss: 0.175173 | sparse_loss: 1.03421 | 
2025-09-05 18:34:45,882 [INFO] [Iter 121] LR: 0.00000005
2025-09-05 18:34:45,883 [INFO] Saving best model at iteration 121
2025-09-05 18:34:46,144 [INFO] [122/300] loss 698.261 | compact 6.92642 | spectral 19.7523 | recons_loss: 0.175173 | sparse_loss: 1.03421 | 
2025-09-05 18:34:46,144 [INFO] [Iter 122] LR: 0.00000005
2025-09-05 18:34:46,146 [INFO] Saving best model at iteration 122
2025-09-05 18:34:46,409 [INFO] [123/300] loss 698.261 | compact 6.92642 | spectral 19.7523 | recons_loss: 0.175172 | sparse_loss: 1.03421 | 
2025-09-05 18:34:46,410 [INFO] [Iter 123] LR: 0.00000005
2025-09-05 18:34:46,411 [INFO] Saving best model at iteration 123
2025-09-05 18:34:46,667 [INFO] [124/300] loss 698.261 | compact 6.92642 | spectral 19.7523 | recons_loss: 0.175172 | sparse_loss: 1.03421 | 
2025-09-05 18:34:46,667 [INFO] [Iter 124] LR: 0.00000002
2025-09-05 18:34:46,669 [INFO] Saving best model at iteration 124
2025-09-05 18:34:46,930 [INFO] [125/300] loss 698.261 | compact 6.92642 | spectral 19.7524 | recons_loss: 0.175172 | sparse_loss: 1.03421 | 
2025-09-05 18:34:46,930 [INFO] [Iter 125] LR: 0.00000002
2025-09-05 18:34:46,931 [INFO] Saving best model at iteration 125
2025-09-05 18:34:47,187 [INFO] [126/300] loss 698.261 | compact 6.92642 | spectral 19.7524 | recons_loss: 0.175172 | sparse_loss: 1.03421 | 
2025-09-05 18:34:47,187 [INFO] [Iter 126] LR: 0.00000002
2025-09-05 18:34:47,188 [INFO] Saving best model at iteration 126
2025-09-05 18:34:47,442 [INFO] [127/300] loss 698.261 | compact 6.92642 | spectral 19.7524 | recons_loss: 0.175172 | sparse_loss: 1.03421 | 
2025-09-05 18:34:47,443 [INFO] [Iter 127] LR: 0.00000001
2025-09-05 18:34:47,444 [INFO] Saving best model at iteration 127
2025-09-05 18:34:47,699 [INFO] [128/300] loss 698.261 | compact 6.92642 | spectral 19.7524 | recons_loss: 0.175172 | sparse_loss: 1.03421 | 
2025-09-05 18:34:47,700 [INFO] [Iter 128] LR: 0.00000001
2025-09-05 18:34:47,702 [INFO] No improvement: current loss 698.260640, best loss 698.260730
2025-09-05 18:34:47,973 [INFO] [129/300] loss 698.261 | compact 6.92642 | spectral 19.7524 | recons_loss: 0.175172 | sparse_loss: 1.03421 | 
2025-09-05 18:34:47,974 [INFO] [Iter 129] LR: 0.00000001
2025-09-05 18:34:47,975 [INFO] Saving best model at iteration 129
2025-09-05 18:34:48,229 [INFO] [130/300] loss 698.26 | compact 6.92642 | spectral 19.7524 | recons_loss: 0.175172 | sparse_loss: 1.03421 | 
2025-09-05 18:34:48,230 [INFO] [Iter 130] LR: 0.00000001
2025-09-05 18:34:48,231 [INFO] No improvement: current loss 698.260485, best loss 698.260558
2025-09-05 18:34:48,486 [INFO] [131/300] loss 698.26 | compact 6.92642 | spectral 19.7524 | recons_loss: 0.175172 | sparse_loss: 1.03421 | 
2025-09-05 18:34:48,488 [INFO] [Iter 131] LR: 0.00000001
2025-09-05 18:34:48,490 [INFO] Saving best model at iteration 131
2025-09-05 18:34:48,745 [INFO] [132/300] loss 698.26 | compact 6.92642 | spectral 19.7524 | recons_loss: 0.175171 | sparse_loss: 1.03421 | 
2025-09-05 18:34:48,745 [INFO] [Iter 132] LR: 0.00000001
2025-09-05 18:34:48,746 [INFO] No improvement: current loss 698.260360, best loss 698.260419
2025-09-05 18:34:49,002 [INFO] [133/300] loss 698.26 | compact 6.92642 | spectral 19.7524 | recons_loss: 0.175171 | sparse_loss: 1.03421 | 
2025-09-05 18:34:49,003 [INFO] [Iter 133] LR: 0.00000001
2025-09-05 18:34:49,004 [INFO] Saving best model at iteration 133
2025-09-05 18:34:49,259 [INFO] [134/300] loss 698.26 | compact 6.92642 | spectral 19.7524 | recons_loss: 0.175171 | sparse_loss: 1.03421 | 
2025-09-05 18:34:49,259 [INFO] [Iter 134] LR: 0.00000001
2025-09-05 18:34:49,260 [INFO] No improvement: current loss 698.260253, best loss 698.260307
2025-09-05 18:34:49,515 [INFO] [135/300] loss 698.26 | compact 6.92642 | spectral 19.7524 | recons_loss: 0.175171 | sparse_loss: 1.03421 | 
2025-09-05 18:34:49,516 [INFO] [Iter 135] LR: 0.00000001
2025-09-05 18:34:49,517 [INFO] Saving best model at iteration 135
2025-09-05 18:34:49,772 [INFO] [136/300] loss 698.26 | compact 6.92642 | spectral 19.7524 | recons_loss: 0.175171 | sparse_loss: 1.03421 | 
2025-09-05 18:34:49,772 [INFO] [Iter 136] LR: 0.00000001
2025-09-05 18:34:49,774 [INFO] No improvement: current loss 698.260160, best loss 698.260204
2025-09-05 18:34:50,039 [INFO] [137/300] loss 698.26 | compact 6.92642 | spectral 19.7524 | recons_loss: 0.175171 | sparse_loss: 1.03421 | 
2025-09-05 18:34:50,039 [INFO] [Iter 137] LR: 0.00000001
2025-09-05 18:34:50,040 [INFO] No improvement: current loss 698.260127, best loss 698.260204
2025-09-05 18:34:50,295 [INFO] [138/300] loss 698.26 | compact 6.92642 | spectral 19.7524 | recons_loss: 0.175171 | sparse_loss: 1.03421 | 
2025-09-05 18:34:50,295 [INFO] [Iter 138] LR: 0.00000001
2025-09-05 18:34:50,296 [INFO] Saving best model at iteration 138
2025-09-05 18:34:50,551 [INFO] [139/300] loss 698.26 | compact 6.92642 | spectral 19.7524 | recons_loss: 0.175171 | sparse_loss: 1.03421 | 
2025-09-05 18:34:50,551 [INFO] [Iter 139] LR: 0.00000001
2025-09-05 18:34:50,553 [INFO] No improvement: current loss 698.260070, best loss 698.260097
2025-09-05 18:34:50,808 [INFO] [140/300] loss 698.26 | compact 6.92642 | spectral 19.7524 | recons_loss: 0.175171 | sparse_loss: 1.03421 | 
2025-09-05 18:34:50,809 [INFO] [Iter 140] LR: 0.00000001
2025-09-05 18:34:50,810 [INFO] No improvement: current loss 698.260039, best loss 698.260097
2025-09-05 18:34:51,064 [INFO] [141/300] loss 698.26 | compact 6.92642 | spectral 19.7524 | recons_loss: 0.175171 | sparse_loss: 1.03421 | 
2025-09-05 18:34:51,065 [INFO] [Iter 141] LR: 0.00000001
2025-09-05 18:34:51,066 [INFO] No improvement: current loss 698.260018, best loss 698.260097
2025-09-05 18:34:51,323 [INFO] [142/300] loss 698.26 | compact 6.92642 | spectral 19.7524 | recons_loss: 0.175171 | sparse_loss: 1.03421 | 
2025-09-05 18:34:51,324 [INFO] [Iter 142] LR: 0.00000001
2025-09-05 18:34:51,327 [INFO] Saving best model at iteration 142
2025-09-05 18:34:51,591 [INFO] [143/300] loss 698.26 | compact 6.92642 | spectral 19.7525 | recons_loss: 0.175171 | sparse_loss: 1.03421 | 
2025-09-05 18:34:51,592 [INFO] [Iter 143] LR: 0.00000001
2025-09-05 18:34:51,593 [INFO] No improvement: current loss 698.259976, best loss 698.259993
2025-09-05 18:34:51,849 [INFO] [144/300] loss 698.26 | compact 6.92642 | spectral 19.7525 | recons_loss: 0.175171 | sparse_loss: 1.03421 | 
2025-09-05 18:34:51,849 [INFO] [Iter 144] LR: 0.00000001
2025-09-05 18:34:51,851 [INFO] No improvement: current loss 698.259961, best loss 698.259993
2025-09-05 18:34:52,105 [INFO] [145/300] loss 698.26 | compact 6.92642 | spectral 19.7525 | recons_loss: 0.175171 | sparse_loss: 1.03421 | 
2025-09-05 18:34:52,105 [INFO] [Iter 145] LR: 0.00000001
2025-09-05 18:34:52,107 [INFO] No improvement: current loss 698.259942, best loss 698.259993
2025-09-05 18:34:52,364 [INFO] [146/300] loss 698.26 | compact 6.92642 | spectral 19.7525 | recons_loss: 0.175171 | sparse_loss: 1.03421 | 
2025-09-05 18:34:52,365 [INFO] [Iter 146] LR: 0.00000001
2025-09-05 18:34:52,367 [INFO] No improvement: current loss 698.259930, best loss 698.259993
2025-09-05 18:34:52,625 [INFO] [147/300] loss 698.26 | compact 6.92642 | spectral 19.7525 | recons_loss: 0.175171 | sparse_loss: 1.03421 | 
2025-09-05 18:34:52,625 [INFO] [Iter 147] LR: 0.00000001
2025-09-05 18:34:52,626 [INFO] No improvement: current loss 698.259920, best loss 698.259993
2025-09-05 18:34:52,882 [INFO] [148/300] loss 698.26 | compact 6.92642 | spectral 19.7525 | recons_loss: 0.175171 | sparse_loss: 1.03421 | 
2025-09-05 18:34:52,882 [INFO] [Iter 148] LR: 0.00000001
2025-09-05 18:34:52,885 [INFO] No improvement: current loss 698.259911, best loss 698.259993
2025-09-05 18:34:53,157 [INFO] [149/300] loss 698.26 | compact 6.92642 | spectral 19.7525 | recons_loss: 0.175171 | sparse_loss: 1.03421 | 
2025-09-05 18:34:53,157 [INFO] [Iter 149] LR: 0.00000001
2025-09-05 18:34:53,159 [INFO] No improvement: current loss 698.259902, best loss 698.259993
2025-09-05 18:34:53,218 [INFO] H: 160, W: 150
2025-09-05 18:34:53,348 [INFO] [0 1 2 3 4 5 6]
2025-09-05 18:34:53,527 [INFO] y_target: [1 2 3 4 5 6 7]
2025-09-05 18:34:53,527 [INFO] y_predict: [0 1 2 3 4 5 6]
2025-09-05 18:34:53,691 [INFO] Epoch = 150 OA = 0.8340 Kappa = 0.8041 NMI = 0.7385
2025-09-05 18:34:53,900 [INFO] [150/300] loss 698.26 | compact 6.92642 | spectral 19.7525 | recons_loss: 0.175171 | sparse_loss: 1.03421 | 
2025-09-05 18:34:53,900 [INFO] [Iter 150] LR: 0.00000001
2025-09-05 18:34:53,901 [INFO] No improvement: current loss 698.259895, best loss 698.259993
2025-09-05 18:34:54,160 [INFO] [151/300] loss 698.26 | compact 6.92642 | spectral 19.7525 | recons_loss: 0.175171 | sparse_loss: 1.03421 | 
2025-09-05 18:34:54,161 [INFO] [Iter 151] LR: 0.00000001
2025-09-05 18:34:54,162 [INFO] Saving best model at iteration 151
2025-09-05 18:34:54,417 [INFO] [152/300] loss 698.26 | compact 6.92642 | spectral 19.7525 | recons_loss: 0.175171 | sparse_loss: 1.03421 | 
2025-09-05 18:34:54,418 [INFO] [Iter 152] LR: 0.00000001
2025-09-05 18:34:54,419 [INFO] No improvement: current loss 698.259882, best loss 698.259888
2025-09-05 18:34:54,674 [INFO] [153/300] loss 698.26 | compact 6.92642 | spectral 19.7525 | recons_loss: 0.175171 | sparse_loss: 1.03421 | 
2025-09-05 18:34:54,674 [INFO] [Iter 153] LR: 0.00000001
2025-09-05 18:34:54,675 [INFO] No improvement: current loss 698.259876, best loss 698.259888
2025-09-05 18:34:54,931 [INFO] [154/300] loss 698.26 | compact 6.92642 | spectral 19.7525 | recons_loss: 0.175171 | sparse_loss: 1.03421 | 
2025-09-05 18:34:54,931 [INFO] [Iter 154] LR: 0.00000001
2025-09-05 18:34:54,933 [INFO] No improvement: current loss 698.259877, best loss 698.259888
2025-09-05 18:34:55,188 [INFO] [155/300] loss 698.26 | compact 6.92642 | spectral 19.7525 | recons_loss: 0.175171 | sparse_loss: 1.03421 | 
2025-09-05 18:34:55,188 [INFO] [Iter 155] LR: 0.00000001
2025-09-05 18:34:55,189 [INFO] No improvement: current loss 698.259872, best loss 698.259888
2025-09-05 18:34:55,444 [INFO] [156/300] loss 698.26 | compact 6.92642 | spectral 19.7525 | recons_loss: 0.175171 | sparse_loss: 1.03421 | 
2025-09-05 18:34:55,444 [INFO] [Iter 156] LR: 0.00000001
2025-09-05 18:34:55,446 [INFO] No improvement: current loss 698.259868, best loss 698.259888
2025-09-05 18:34:55,701 [INFO] [157/300] loss 698.26 | compact 6.92642 | spectral 19.7525 | recons_loss: 0.175171 | sparse_loss: 1.03421 | 
2025-09-05 18:34:55,702 [INFO] [Iter 157] LR: 0.00000001
2025-09-05 18:34:55,703 [INFO] No improvement: current loss 698.259864, best loss 698.259888
2025-09-05 18:34:55,967 [INFO] [158/300] loss 698.26 | compact 6.92642 | spectral 19.7525 | recons_loss: 0.175171 | sparse_loss: 1.03421 | 
2025-09-05 18:34:55,967 [INFO] [Iter 158] LR: 0.00000001
2025-09-05 18:34:55,968 [INFO] No improvement: current loss 698.259860, best loss 698.259888
2025-09-05 18:34:56,225 [INFO] [159/300] loss 698.26 | compact 6.92642 | spectral 19.7525 | recons_loss: 0.175171 | sparse_loss: 1.03421 | 
2025-09-05 18:34:56,226 [INFO] [Iter 159] LR: 0.00000001
2025-09-05 18:34:56,227 [INFO] No improvement: current loss 698.259850, best loss 698.259888
2025-09-05 18:34:56,483 [INFO] [160/300] loss 698.26 | compact 6.92642 | spectral 19.7525 | recons_loss: 0.175171 | sparse_loss: 1.03421 | 
2025-09-05 18:34:56,484 [INFO] [Iter 160] LR: 0.00000001
2025-09-05 18:34:56,486 [INFO] No improvement: current loss 698.259854, best loss 698.259888
2025-09-05 18:34:56,747 [INFO] [161/300] loss 698.26 | compact 6.92642 | spectral 19.7525 | recons_loss: 0.175171 | sparse_loss: 1.03421 | 
2025-09-05 18:34:56,747 [INFO] [Iter 161] LR: 0.00000001
2025-09-05 18:34:56,749 [INFO] No improvement: current loss 698.259851, best loss 698.259888
2025-09-05 18:34:57,024 [INFO] [162/300] loss 698.26 | compact 6.92642 | spectral 19.7525 | recons_loss: 0.175171 | sparse_loss: 1.03421 | 
2025-09-05 18:34:57,024 [INFO] [Iter 162] LR: 0.00000001
2025-09-05 18:34:57,027 [INFO] No improvement: current loss 698.259849, best loss 698.259888
2025-09-05 18:34:57,283 [INFO] [163/300] loss 698.26 | compact 6.92642 | spectral 19.7525 | recons_loss: 0.175171 | sparse_loss: 1.03421 | 
2025-09-05 18:34:57,283 [INFO] [Iter 163] LR: 0.00000001
2025-09-05 18:34:57,284 [INFO] No improvement: current loss 698.259847, best loss 698.259888
2025-09-05 18:34:57,543 [INFO] [164/300] loss 698.26 | compact 6.92642 | spectral 19.7525 | recons_loss: 0.175171 | sparse_loss: 1.03421 | 
2025-09-05 18:34:57,543 [INFO] [Iter 164] LR: 0.00000001
2025-09-05 18:34:57,544 [INFO] No improvement: current loss 698.259845, best loss 698.259888
2025-09-05 18:34:57,802 [INFO] [165/300] loss 698.26 | compact 6.92642 | spectral 19.7525 | recons_loss: 0.175171 | sparse_loss: 1.03421 | 
2025-09-05 18:34:57,802 [INFO] [Iter 165] LR: 0.00000001
2025-09-05 18:34:57,803 [INFO] No improvement: current loss 698.259843, best loss 698.259888
2025-09-05 18:34:58,058 [INFO] [166/300] loss 698.26 | compact 6.92642 | spectral 19.7525 | recons_loss: 0.175171 | sparse_loss: 1.03421 | 
2025-09-05 18:34:58,059 [INFO] [Iter 166] LR: 0.00000001
2025-09-05 18:34:58,060 [INFO] No improvement: current loss 698.259835, best loss 698.259888
2025-09-05 18:34:58,316 [INFO] [167/300] loss 698.26 | compact 6.92642 | spectral 19.7525 | recons_loss: 0.175171 | sparse_loss: 1.03421 | 
2025-09-05 18:34:58,316 [INFO] [Iter 167] LR: 0.00000001
2025-09-05 18:34:58,318 [INFO] No improvement: current loss 698.259828, best loss 698.259888
2025-09-05 18:34:58,575 [INFO] [168/300] loss 698.26 | compact 6.92642 | spectral 19.7525 | recons_loss: 0.175171 | sparse_loss: 1.03421 | 
2025-09-05 18:34:58,576 [INFO] [Iter 168] LR: 0.00000001
2025-09-05 18:34:58,577 [INFO] No improvement: current loss 698.259834, best loss 698.259888
2025-09-05 18:34:58,833 [INFO] [169/300] loss 698.26 | compact 6.92642 | spectral 19.7525 | recons_loss: 0.175171 | sparse_loss: 1.03421 | 
2025-09-05 18:34:58,833 [INFO] [Iter 169] LR: 0.00000001
2025-09-05 18:34:58,835 [INFO] No improvement: current loss 698.259827, best loss 698.259888
2025-09-05 18:34:59,090 [INFO] [170/300] loss 698.26 | compact 6.92642 | spectral 19.7525 | recons_loss: 0.175171 | sparse_loss: 1.03421 | 
2025-09-05 18:34:59,091 [INFO] [Iter 170] LR: 0.00000001
2025-09-05 18:34:59,092 [INFO] No improvement: current loss 698.259821, best loss 698.259888
2025-09-05 18:34:59,349 [INFO] [171/300] loss 698.26 | compact 6.92642 | spectral 19.7525 | recons_loss: 0.175171 | sparse_loss: 1.03421 | 
2025-09-05 18:34:59,350 [INFO] [Iter 171] LR: 0.00000001
2025-09-05 18:34:59,353 [INFO] No improvement: current loss 698.259828, best loss 698.259888
2025-09-05 18:34:59,611 [INFO] [172/300] loss 698.26 | compact 6.92642 | spectral 19.7525 | recons_loss: 0.175171 | sparse_loss: 1.03421 | 
2025-09-05 18:34:59,611 [INFO] [Iter 172] LR: 0.00000001
2025-09-05 18:34:59,612 [INFO] No improvement: current loss 698.259822, best loss 698.259888
2025-09-05 18:34:59,868 [INFO] [173/300] loss 698.26 | compact 6.92642 | spectral 19.7525 | recons_loss: 0.175171 | sparse_loss: 1.03421 | 
2025-09-05 18:34:59,869 [INFO] [Iter 173] LR: 0.00000001
2025-09-05 18:34:59,870 [INFO] No improvement: current loss 698.259822, best loss 698.259888
2025-09-05 18:35:00,127 [INFO] [174/300] loss 698.26 | compact 6.92642 | spectral 19.7525 | recons_loss: 0.175171 | sparse_loss: 1.03421 | 
2025-09-05 18:35:00,127 [INFO] [Iter 174] LR: 0.00000001
2025-09-05 18:35:00,129 [INFO] No improvement: current loss 698.259816, best loss 698.259888
2025-09-05 18:35:00,386 [INFO] [175/300] loss 698.26 | compact 6.92642 | spectral 19.7525 | recons_loss: 0.175171 | sparse_loss: 1.03421 | 
2025-09-05 18:35:00,387 [INFO] [Iter 175] LR: 0.00000001
2025-09-05 18:35:00,389 [INFO] No improvement: current loss 698.259817, best loss 698.259888
2025-09-05 18:35:00,649 [INFO] [176/300] loss 698.26 | compact 6.92642 | spectral 19.7525 | recons_loss: 0.175171 | sparse_loss: 1.03421 | 
2025-09-05 18:35:00,649 [INFO] [Iter 176] LR: 0.00000001
2025-09-05 18:35:00,651 [INFO] No improvement: current loss 698.259818, best loss 698.259888
2025-09-05 18:35:00,909 [INFO] [177/300] loss 698.26 | compact 6.92642 | spectral 19.7525 | recons_loss: 0.175171 | sparse_loss: 1.03421 | 
2025-09-05 18:35:00,909 [INFO] [Iter 177] LR: 0.00000001
2025-09-05 18:35:00,911 [INFO] No improvement: current loss 698.259819, best loss 698.259888
2025-09-05 18:35:01,169 [INFO] [178/300] loss 698.26 | compact 6.92642 | spectral 19.7525 | recons_loss: 0.175171 | sparse_loss: 1.03421 | 
2025-09-05 18:35:01,170 [INFO] [Iter 178] LR: 0.00000001
2025-09-05 18:35:01,171 [INFO] No improvement: current loss 698.259820, best loss 698.259888
2025-09-05 18:35:01,443 [INFO] [179/300] loss 698.26 | compact 6.92642 | spectral 19.7525 | recons_loss: 0.175171 | sparse_loss: 1.03421 | 
2025-09-05 18:35:01,444 [INFO] [Iter 179] LR: 0.00000001
2025-09-05 18:35:01,446 [INFO] No improvement: current loss 698.259815, best loss 698.259888
2025-09-05 18:35:01,714 [INFO] [180/300] loss 698.26 | compact 6.92642 | spectral 19.7525 | recons_loss: 0.175171 | sparse_loss: 1.03421 | 
2025-09-05 18:35:01,715 [INFO] [Iter 180] LR: 0.00000001
2025-09-05 18:35:01,716 [INFO] No improvement: current loss 698.259810, best loss 698.259888
2025-09-05 18:35:01,985 [INFO] [181/300] loss 698.26 | compact 6.92642 | spectral 19.7525 | recons_loss: 0.175171 | sparse_loss: 1.03421 | 
2025-09-05 18:35:01,986 [INFO] [Iter 181] LR: 0.00000001
2025-09-05 18:35:01,987 [INFO] No improvement: current loss 698.259817, best loss 698.259888
2025-09-05 18:35:02,251 [INFO] [182/300] loss 698.26 | compact 6.92642 | spectral 19.7525 | recons_loss: 0.175171 | sparse_loss: 1.03421 | 
2025-09-05 18:35:02,251 [INFO] [Iter 182] LR: 0.00000001
2025-09-05 18:35:02,252 [INFO] No improvement: current loss 698.259818, best loss 698.259888
2025-09-05 18:35:02,512 [INFO] [183/300] loss 698.26 | compact 6.92642 | spectral 19.7525 | recons_loss: 0.175171 | sparse_loss: 1.03421 | 
2025-09-05 18:35:02,512 [INFO] [Iter 183] LR: 0.00000001
2025-09-05 18:35:02,515 [INFO] No improvement: current loss 698.259819, best loss 698.259888
2025-09-05 18:35:02,774 [INFO] [184/300] loss 698.26 | compact 6.92642 | spectral 19.7525 | recons_loss: 0.175171 | sparse_loss: 1.03421 | 
2025-09-05 18:35:02,774 [INFO] [Iter 184] LR: 0.00000001
2025-09-05 18:35:02,775 [INFO] No improvement: current loss 698.259820, best loss 698.259888
2025-09-05 18:35:03,042 [INFO] [185/300] loss 698.26 | compact 6.92642 | spectral 19.7525 | recons_loss: 0.175171 | sparse_loss: 1.03421 | 
2025-09-05 18:35:03,042 [INFO] [Iter 185] LR: 0.00000001
2025-09-05 18:35:03,044 [INFO] No improvement: current loss 698.259815, best loss 698.259888
2025-09-05 18:35:03,303 [INFO] [186/300] loss 698.26 | compact 6.92642 | spectral 19.7525 | recons_loss: 0.175171 | sparse_loss: 1.03421 | 
2025-09-05 18:35:03,304 [INFO] [Iter 186] LR: 0.00000001
2025-09-05 18:35:03,306 [INFO] No improvement: current loss 698.259810, best loss 698.259888
2025-09-05 18:35:03,580 [INFO] [187/300] loss 698.26 | compact 6.92642 | spectral 19.7525 | recons_loss: 0.175171 | sparse_loss: 1.03421 | 
2025-09-05 18:35:03,581 [INFO] [Iter 187] LR: 0.00000001
2025-09-05 18:35:03,583 [INFO] No improvement: current loss 698.259811, best loss 698.259888
2025-09-05 18:35:03,841 [INFO] [188/300] loss 698.26 | compact 6.92642 | spectral 19.7525 | recons_loss: 0.175171 | sparse_loss: 1.03421 | 
2025-09-05 18:35:03,841 [INFO] [Iter 188] LR: 0.00000001
2025-09-05 18:35:03,842 [INFO] No improvement: current loss 698.259813, best loss 698.259888
2025-09-05 18:35:04,114 [INFO] [189/300] loss 698.26 | compact 6.92642 | spectral 19.7525 | recons_loss: 0.175171 | sparse_loss: 1.03421 | 
2025-09-05 18:35:04,115 [INFO] [Iter 189] LR: 0.00000001
2025-09-05 18:35:04,116 [INFO] No improvement: current loss 698.259814, best loss 698.259888
2025-09-05 18:35:04,377 [INFO] [190/300] loss 698.26 | compact 6.92642 | spectral 19.7525 | recons_loss: 0.175171 | sparse_loss: 1.03421 | 
2025-09-05 18:35:04,377 [INFO] [Iter 190] LR: 0.00000001
2025-09-05 18:35:04,380 [INFO] No improvement: current loss 698.259809, best loss 698.259888
2025-09-05 18:35:04,644 [INFO] [191/300] loss 698.26 | compact 6.92642 | spectral 19.7525 | recons_loss: 0.175171 | sparse_loss: 1.03421 | 
2025-09-05 18:35:04,644 [INFO] [Iter 191] LR: 0.00000001
2025-09-05 18:35:04,646 [INFO] No improvement: current loss 698.259811, best loss 698.259888
2025-09-05 18:35:04,908 [INFO] [192/300] loss 698.26 | compact 6.92642 | spectral 19.7525 | recons_loss: 0.175171 | sparse_loss: 1.03421 | 
2025-09-05 18:35:04,908 [INFO] [Iter 192] LR: 0.00000001
2025-09-05 18:35:04,910 [INFO] No improvement: current loss 698.259813, best loss 698.259888
2025-09-05 18:35:05,166 [INFO] [193/300] loss 698.26 | compact 6.92642 | spectral 19.7525 | recons_loss: 0.175171 | sparse_loss: 1.03421 | 
2025-09-05 18:35:05,166 [INFO] [Iter 193] LR: 0.00000001
2025-09-05 18:35:05,167 [INFO] No improvement: current loss 698.259814, best loss 698.259888
2025-09-05 18:35:05,424 [INFO] [194/300] loss 698.26 | compact 6.92642 | spectral 19.7525 | recons_loss: 0.175171 | sparse_loss: 1.03421 | 
2025-09-05 18:35:05,425 [INFO] [Iter 194] LR: 0.00000001
2025-09-05 18:35:05,427 [INFO] No improvement: current loss 698.259815, best loss 698.259888
2025-09-05 18:35:05,685 [INFO] [195/300] loss 698.26 | compact 6.92642 | spectral 19.7525 | recons_loss: 0.175171 | sparse_loss: 1.03421 | 
2025-09-05 18:35:05,686 [INFO] [Iter 195] LR: 0.00000001
2025-09-05 18:35:05,688 [INFO] No improvement: current loss 698.259810, best loss 698.259888
2025-09-05 18:35:05,946 [INFO] [196/300] loss 698.26 | compact 6.92642 | spectral 19.7525 | recons_loss: 0.175171 | sparse_loss: 1.03421 | 
2025-09-05 18:35:05,947 [INFO] [Iter 196] LR: 0.00000001
2025-09-05 18:35:05,949 [INFO] No improvement: current loss 698.259812, best loss 698.259888
2025-09-05 18:35:06,207 [INFO] [197/300] loss 698.26 | compact 6.92642 | spectral 19.7525 | recons_loss: 0.175171 | sparse_loss: 1.03421 | 
2025-09-05 18:35:06,207 [INFO] [Iter 197] LR: 0.00000001
2025-09-05 18:35:06,209 [INFO] No improvement: current loss 698.259807, best loss 698.259888
2025-09-05 18:35:06,467 [INFO] [198/300] loss 698.26 | compact 6.92642 | spectral 19.7525 | recons_loss: 0.175171 | sparse_loss: 1.03421 | 
2025-09-05 18:35:06,468 [INFO] [Iter 198] LR: 0.00000001
2025-09-05 18:35:06,469 [INFO] No improvement: current loss 698.259809, best loss 698.259888
2025-09-05 18:35:06,725 [INFO] [199/300] loss 698.26 | compact 6.92642 | spectral 19.7525 | recons_loss: 0.175171 | sparse_loss: 1.03421 | 
2025-09-05 18:35:06,725 [INFO] [Iter 199] LR: 0.00000001
2025-09-05 18:35:06,726 [INFO] No improvement: current loss 698.259805, best loss 698.259888
2025-09-05 18:35:06,794 [INFO] H: 160, W: 150
2025-09-05 18:35:06,912 [INFO] [0 1 2 3 4 5 6]
2025-09-05 18:35:07,079 [INFO] y_target: [1 2 3 4 5 6 7]
2025-09-05 18:35:07,079 [INFO] y_predict: [0 1 2 3 4 5 6]
2025-09-05 18:35:07,244 [INFO] Epoch = 200 OA = 0.8340 Kappa = 0.8041 NMI = 0.7385
2025-09-05 18:35:07,453 [INFO] [200/300] loss 698.26 | compact 6.92642 | spectral 19.7525 | recons_loss: 0.175171 | sparse_loss: 1.03421 | 
2025-09-05 18:35:07,454 [INFO] [Iter 200] LR: 0.00000001
2025-09-05 18:35:07,455 [INFO] No improvement: current loss 698.259813, best loss 698.259888
2025-09-05 18:35:07,710 [INFO] [201/300] loss 698.26 | compact 6.92642 | spectral 19.7525 | recons_loss: 0.175171 | sparse_loss: 1.03421 | 
2025-09-05 18:35:07,711 [INFO] [Iter 201] LR: 0.00000001
2025-09-05 18:35:07,712 [INFO] No improvement: current loss 698.259815, best loss 698.259888
2025-09-05 18:35:07,968 [INFO] [202/300] loss 698.26 | compact 6.92642 | spectral 19.7525 | recons_loss: 0.175171 | sparse_loss: 1.03421 | 
2025-09-05 18:35:07,969 [INFO] [Iter 202] LR: 0.00000001
2025-09-05 18:35:07,970 [INFO] No improvement: current loss 698.259810, best loss 698.259888
2025-09-05 18:35:08,225 [INFO] [203/300] loss 698.26 | compact 6.92642 | spectral 19.7525 | recons_loss: 0.175171 | sparse_loss: 1.03421 | 
2025-09-05 18:35:08,226 [INFO] [Iter 203] LR: 0.00000001
2025-09-05 18:35:08,228 [INFO] No improvement: current loss 698.259811, best loss 698.259888
2025-09-05 18:35:08,487 [INFO] [204/300] loss 698.26 | compact 6.92642 | spectral 19.7525 | recons_loss: 0.175171 | sparse_loss: 1.03421 | 
2025-09-05 18:35:08,487 [INFO] [Iter 204] LR: 0.00000001
2025-09-05 18:35:08,488 [INFO] No improvement: current loss 698.259819, best loss 698.259888
2025-09-05 18:35:08,747 [INFO] [205/300] loss 698.26 | compact 6.92642 | spectral 19.7525 | recons_loss: 0.175171 | sparse_loss: 1.03421 | 
2025-09-05 18:35:08,747 [INFO] [Iter 205] LR: 0.00000001
2025-09-05 18:35:08,749 [INFO] No improvement: current loss 698.259820, best loss 698.259888
2025-09-05 18:35:09,005 [INFO] [206/300] loss 698.26 | compact 6.92642 | spectral 19.7525 | recons_loss: 0.175171 | sparse_loss: 1.03421 | 
2025-09-05 18:35:09,006 [INFO] [Iter 206] LR: 0.00000001
2025-09-05 18:35:09,007 [INFO] No improvement: current loss 698.259820, best loss 698.259888
2025-09-05 18:35:09,276 [INFO] [207/300] loss 698.26 | compact 6.92642 | spectral 19.7525 | recons_loss: 0.175171 | sparse_loss: 1.03421 | 
2025-09-05 18:35:09,277 [INFO] [Iter 207] LR: 0.00000001
2025-09-05 18:35:09,279 [INFO] No improvement: current loss 698.259815, best loss 698.259888
2025-09-05 18:35:09,536 [INFO] [208/300] loss 698.26 | compact 6.92642 | spectral 19.7525 | recons_loss: 0.175171 | sparse_loss: 1.03421 | 
2025-09-05 18:35:09,537 [INFO] [Iter 208] LR: 0.00000001
2025-09-05 18:35:09,538 [INFO] No improvement: current loss 698.259810, best loss 698.259888
2025-09-05 18:35:09,806 [INFO] [209/300] loss 698.26 | compact 6.92642 | spectral 19.7525 | recons_loss: 0.175171 | sparse_loss: 1.03421 | 
2025-09-05 18:35:09,807 [INFO] [Iter 209] LR: 0.00000001
2025-09-05 18:35:09,809 [INFO] No improvement: current loss 698.259812, best loss 698.259888
2025-09-05 18:35:10,066 [INFO] [210/300] loss 698.26 | compact 6.92642 | spectral 19.7525 | recons_loss: 0.175171 | sparse_loss: 1.03421 | 
2025-09-05 18:35:10,067 [INFO] [Iter 210] LR: 0.00000001
2025-09-05 18:35:10,068 [INFO] No improvement: current loss 698.259813, best loss 698.259888
2025-09-05 18:35:10,326 [INFO] [211/300] loss 698.26 | compact 6.92642 | spectral 19.7525 | recons_loss: 0.175171 | sparse_loss: 1.03421 | 
2025-09-05 18:35:10,326 [INFO] [Iter 211] LR: 0.00000001
2025-09-05 18:35:10,327 [INFO] No improvement: current loss 698.259815, best loss 698.259888
2025-09-05 18:35:10,582 [INFO] [212/300] loss 698.26 | compact 6.92642 | spectral 19.7525 | recons_loss: 0.175171 | sparse_loss: 1.03421 | 
2025-09-05 18:35:10,582 [INFO] [Iter 212] LR: 0.00000001
2025-09-05 18:35:10,583 [INFO] No improvement: current loss 698.259816, best loss 698.259888
2025-09-05 18:35:10,840 [INFO] [213/300] loss 698.26 | compact 6.92642 | spectral 19.7525 | recons_loss: 0.175171 | sparse_loss: 1.03421 | 
2025-09-05 18:35:10,841 [INFO] [Iter 213] LR: 0.00000001
2025-09-05 18:35:10,842 [INFO] No improvement: current loss 698.259817, best loss 698.259888
2025-09-05 18:35:11,098 [INFO] [214/300] loss 698.26 | compact 6.92642 | spectral 19.7525 | recons_loss: 0.175171 | sparse_loss: 1.03421 | 
2025-09-05 18:35:11,098 [INFO] [Iter 214] LR: 0.00000001
2025-09-05 18:35:11,101 [INFO] No improvement: current loss 698.259812, best loss 698.259888
2025-09-05 18:35:11,359 [INFO] [215/300] loss 698.26 | compact 6.92642 | spectral 19.7525 | recons_loss: 0.175171 | sparse_loss: 1.03421 | 
2025-09-05 18:35:11,359 [INFO] [Iter 215] LR: 0.00000001
2025-09-05 18:35:11,360 [INFO] No improvement: current loss 698.259813, best loss 698.259888
2025-09-05 18:35:11,616 [INFO] [216/300] loss 698.26 | compact 6.92642 | spectral 19.7525 | recons_loss: 0.175171 | sparse_loss: 1.03421 | 
2025-09-05 18:35:11,616 [INFO] [Iter 216] LR: 0.00000001
2025-09-05 18:35:11,618 [INFO] No improvement: current loss 698.259815, best loss 698.259888
2025-09-05 18:35:11,875 [INFO] [217/300] loss 698.26 | compact 6.92642 | spectral 19.7525 | recons_loss: 0.175171 | sparse_loss: 1.03421 | 
2025-09-05 18:35:11,875 [INFO] [Iter 217] LR: 0.00000001
2025-09-05 18:35:11,877 [INFO] No improvement: current loss 698.259816, best loss 698.259888
2025-09-05 18:35:12,133 [INFO] [218/300] loss 698.26 | compact 6.92642 | spectral 19.7525 | recons_loss: 0.175171 | sparse_loss: 1.03421 | 
2025-09-05 18:35:12,135 [INFO] [Iter 218] LR: 0.00000001
2025-09-05 18:35:12,136 [INFO] No improvement: current loss 698.259823, best loss 698.259888
2025-09-05 18:35:12,394 [INFO] [219/300] loss 698.26 | compact 6.92642 | spectral 19.7525 | recons_loss: 0.175171 | sparse_loss: 1.03421 | 
2025-09-05 18:35:12,395 [INFO] [Iter 219] LR: 0.00000001
2025-09-05 18:35:12,396 [INFO] No improvement: current loss 698.259823, best loss 698.259888
2025-09-05 18:35:12,654 [INFO] [220/300] loss 698.26 | compact 6.92642 | spectral 19.7525 | recons_loss: 0.175171 | sparse_loss: 1.03421 | 
2025-09-05 18:35:12,654 [INFO] [Iter 220] LR: 0.00000001
2025-09-05 18:35:12,655 [INFO] No improvement: current loss 698.259824, best loss 698.259888
2025-09-05 18:35:12,923 [INFO] [221/300] loss 698.26 | compact 6.92642 | spectral 19.7525 | recons_loss: 0.175171 | sparse_loss: 1.03421 | 
2025-09-05 18:35:12,923 [INFO] [Iter 221] LR: 0.00000001
2025-09-05 18:35:12,926 [INFO] No improvement: current loss 698.259824, best loss 698.259888
2025-09-05 18:35:13,182 [INFO] [222/300] loss 698.26 | compact 6.92642 | spectral 19.7525 | recons_loss: 0.175171 | sparse_loss: 1.03421 | 
2025-09-05 18:35:13,182 [INFO] [Iter 222] LR: 0.00000001
2025-09-05 18:35:13,183 [INFO] No improvement: current loss 698.259818, best loss 698.259888
2025-09-05 18:35:13,440 [INFO] [223/300] loss 698.26 | compact 6.92642 | spectral 19.7525 | recons_loss: 0.175171 | sparse_loss: 1.03421 | 
2025-09-05 18:35:13,441 [INFO] [Iter 223] LR: 0.00000001
2025-09-05 18:35:13,443 [INFO] No improvement: current loss 698.259819, best loss 698.259888
2025-09-05 18:35:13,699 [INFO] [224/300] loss 698.26 | compact 6.92642 | spectral 19.7525 | recons_loss: 0.175171 | sparse_loss: 1.03421 | 
2025-09-05 18:35:13,699 [INFO] [Iter 224] LR: 0.00000001
2025-09-05 18:35:13,701 [INFO] No improvement: current loss 698.259814, best loss 698.259888
2025-09-05 18:35:13,957 [INFO] [225/300] loss 698.26 | compact 6.92642 | spectral 19.7525 | recons_loss: 0.175171 | sparse_loss: 1.03421 | 
2025-09-05 18:35:13,958 [INFO] [Iter 225] LR: 0.00000001
2025-09-05 18:35:13,960 [INFO] No improvement: current loss 698.259815, best loss 698.259888
2025-09-05 18:35:14,220 [INFO] [226/300] loss 698.26 | compact 6.92642 | spectral 19.7525 | recons_loss: 0.175171 | sparse_loss: 1.03421 | 
2025-09-05 18:35:14,220 [INFO] [Iter 226] LR: 0.00000001
2025-09-05 18:35:14,221 [INFO] No improvement: current loss 698.259810, best loss 698.259888
2025-09-05 18:35:14,480 [INFO] [227/300] loss 698.26 | compact 6.92642 | spectral 19.7525 | recons_loss: 0.175171 | sparse_loss: 1.03421 | 
2025-09-05 18:35:14,480 [INFO] [Iter 227] LR: 0.00000001
2025-09-05 18:35:14,482 [INFO] No improvement: current loss 698.259806, best loss 698.259888
2025-09-05 18:35:14,738 [INFO] [228/300] loss 698.26 | compact 6.92642 | spectral 19.7525 | recons_loss: 0.175171 | sparse_loss: 1.03421 | 
2025-09-05 18:35:14,739 [INFO] [Iter 228] LR: 0.00000001
2025-09-05 18:35:14,740 [INFO] No improvement: current loss 698.259808, best loss 698.259888
2025-09-05 18:35:14,996 [INFO] [229/300] loss 698.26 | compact 6.92642 | spectral 19.7525 | recons_loss: 0.175171 | sparse_loss: 1.03421 | 
2025-09-05 18:35:14,996 [INFO] [Iter 229] LR: 0.00000001
2025-09-05 18:35:14,999 [INFO] No improvement: current loss 698.259803, best loss 698.259888
2025-09-05 18:35:15,257 [INFO] [230/300] loss 698.26 | compact 6.92642 | spectral 19.7525 | recons_loss: 0.175171 | sparse_loss: 1.03421 | 
2025-09-05 18:35:15,258 [INFO] [Iter 230] LR: 0.00000001
2025-09-05 18:35:15,260 [INFO] No improvement: current loss 698.259800, best loss 698.259888
2025-09-05 18:35:15,516 [INFO] [231/300] loss 698.26 | compact 6.92642 | spectral 19.7525 | recons_loss: 0.175171 | sparse_loss: 1.03421 | 
2025-09-05 18:35:15,517 [INFO] [Iter 231] LR: 0.00000001
2025-09-05 18:35:15,518 [INFO] No improvement: current loss 698.259796, best loss 698.259888
2025-09-05 18:35:15,773 [INFO] [232/300] loss 698.26 | compact 6.92642 | spectral 19.7525 | recons_loss: 0.175171 | sparse_loss: 1.03421 | 
2025-09-05 18:35:15,774 [INFO] [Iter 232] LR: 0.00000001
2025-09-05 18:35:15,775 [INFO] No improvement: current loss 698.259799, best loss 698.259888
2025-09-05 18:35:16,033 [INFO] [233/300] loss 698.26 | compact 6.92642 | spectral 19.7525 | recons_loss: 0.175171 | sparse_loss: 1.03421 | 
2025-09-05 18:35:16,034 [INFO] [Iter 233] LR: 0.00000001
2025-09-05 18:35:16,035 [INFO] No improvement: current loss 698.259796, best loss 698.259888
2025-09-05 18:35:16,291 [INFO] [234/300] loss 698.26 | compact 6.92642 | spectral 19.7525 | recons_loss: 0.175171 | sparse_loss: 1.03421 | 
2025-09-05 18:35:16,292 [INFO] [Iter 234] LR: 0.00000001
2025-09-05 18:35:16,293 [INFO] No improvement: current loss 698.259799, best loss 698.259888
2025-09-05 18:35:16,549 [INFO] [235/300] loss 698.26 | compact 6.92642 | spectral 19.7525 | recons_loss: 0.175171 | sparse_loss: 1.03421 | 
2025-09-05 18:35:16,549 [INFO] [Iter 235] LR: 0.00000001
2025-09-05 18:35:16,550 [INFO] No improvement: current loss 698.259796, best loss 698.259888
2025-09-05 18:35:16,806 [INFO] [236/300] loss 698.26 | compact 6.92642 | spectral 19.7525 | recons_loss: 0.175171 | sparse_loss: 1.03421 | 
2025-09-05 18:35:16,807 [INFO] [Iter 236] LR: 0.00000001
2025-09-05 18:35:16,808 [INFO] No improvement: current loss 698.259799, best loss 698.259888
2025-09-05 18:35:17,075 [INFO] [237/300] loss 698.26 | compact 6.92642 | spectral 19.7525 | recons_loss: 0.175171 | sparse_loss: 1.03421 | 
2025-09-05 18:35:17,076 [INFO] [Iter 237] LR: 0.00000001
2025-09-05 18:35:17,078 [INFO] No improvement: current loss 698.259795, best loss 698.259888
2025-09-05 18:35:17,335 [INFO] [238/300] loss 698.26 | compact 6.92642 | spectral 19.7525 | recons_loss: 0.175171 | sparse_loss: 1.03421 | 
2025-09-05 18:35:17,335 [INFO] [Iter 238] LR: 0.00000001
2025-09-05 18:35:17,337 [INFO] No improvement: current loss 698.259792, best loss 698.259888
2025-09-05 18:35:17,595 [INFO] [239/300] loss 698.26 | compact 6.92642 | spectral 19.7525 | recons_loss: 0.175171 | sparse_loss: 1.03421 | 
2025-09-05 18:35:17,596 [INFO] [Iter 239] LR: 0.00000001
2025-09-05 18:35:17,597 [INFO] No improvement: current loss 698.259790, best loss 698.259888
2025-09-05 18:35:17,855 [INFO] [240/300] loss 698.26 | compact 6.92642 | spectral 19.7525 | recons_loss: 0.175171 | sparse_loss: 1.03421 | 
2025-09-05 18:35:17,855 [INFO] [Iter 240] LR: 0.00000001
2025-09-05 18:35:17,857 [INFO] Saving best model at iteration 240
2025-09-05 18:35:18,127 [INFO] [241/300] loss 698.26 | compact 6.92642 | spectral 19.7525 | recons_loss: 0.175171 | sparse_loss: 1.03421 | 
2025-09-05 18:35:18,127 [INFO] [Iter 241] LR: 0.00000001
2025-09-05 18:35:18,129 [INFO] No improvement: current loss 698.259785, best loss 698.259787
2025-09-05 18:35:18,387 [INFO] [242/300] loss 698.26 | compact 6.92642 | spectral 19.7525 | recons_loss: 0.175171 | sparse_loss: 1.03421 | 
2025-09-05 18:35:18,387 [INFO] [Iter 242] LR: 0.00000001
2025-09-05 18:35:18,388 [INFO] No improvement: current loss 698.259783, best loss 698.259787
2025-09-05 18:35:18,645 [INFO] [243/300] loss 698.26 | compact 6.92642 | spectral 19.7525 | recons_loss: 0.175171 | sparse_loss: 1.03421 | 
2025-09-05 18:35:18,646 [INFO] [Iter 243] LR: 0.00000001
2025-09-05 18:35:18,648 [INFO] No improvement: current loss 698.259788, best loss 698.259787
2025-09-05 18:35:18,905 [INFO] [244/300] loss 698.26 | compact 6.92642 | spectral 19.7525 | recons_loss: 0.175171 | sparse_loss: 1.03421 | 
2025-09-05 18:35:18,905 [INFO] [Iter 244] LR: 0.00000001
2025-09-05 18:35:18,907 [INFO] No improvement: current loss 698.259785, best loss 698.259787
2025-09-05 18:35:19,163 [INFO] [245/300] loss 698.26 | compact 6.92642 | spectral 19.7525 | recons_loss: 0.175171 | sparse_loss: 1.03421 | 
2025-09-05 18:35:19,164 [INFO] [Iter 245] LR: 0.00000001
2025-09-05 18:35:19,165 [INFO] No improvement: current loss 698.259790, best loss 698.259787
2025-09-05 18:35:19,421 [INFO] [246/300] loss 698.26 | compact 6.92642 | spectral 19.7525 | recons_loss: 0.175171 | sparse_loss: 1.03421 | 
2025-09-05 18:35:19,422 [INFO] [Iter 246] LR: 0.00000001
2025-09-05 18:35:19,424 [INFO] No improvement: current loss 698.259787, best loss 698.259787
2025-09-05 18:35:19,682 [INFO] [247/300] loss 698.26 | compact 6.92642 | spectral 19.7525 | recons_loss: 0.175171 | sparse_loss: 1.03421 | 
2025-09-05 18:35:19,683 [INFO] [Iter 247] LR: 0.00000001
2025-09-05 18:35:19,684 [INFO] No improvement: current loss 698.259791, best loss 698.259787
2025-09-05 18:35:19,941 [INFO] [248/300] loss 698.26 | compact 6.92642 | spectral 19.7525 | recons_loss: 0.175171 | sparse_loss: 1.03421 | 
2025-09-05 18:35:19,942 [INFO] [Iter 248] LR: 0.00000001
2025-09-05 18:35:19,945 [INFO] No improvement: current loss 698.259795, best loss 698.259787
2025-09-05 18:35:20,202 [INFO] [249/300] loss 698.26 | compact 6.92642 | spectral 19.7525 | recons_loss: 0.175171 | sparse_loss: 1.03421 | 
2025-09-05 18:35:20,202 [INFO] [Iter 249] LR: 0.00000001
2025-09-05 18:35:20,203 [INFO] No improvement: current loss 698.259792, best loss 698.259787
2025-09-05 18:35:20,266 [INFO] H: 160, W: 150
2025-09-05 18:35:20,379 [INFO] [0 1 2 3 4 5 6]
2025-09-05 18:35:20,524 [INFO] y_target: [1 2 3 4 5 6 7]
2025-09-05 18:35:20,524 [INFO] y_predict: [0 1 2 3 4 5 6]
2025-09-05 18:35:20,694 [INFO] Epoch = 250 OA = 0.8340 Kappa = 0.8041 NMI = 0.7385
2025-09-05 18:35:20,903 [INFO] [250/300] loss 698.26 | compact 6.92642 | spectral 19.7525 | recons_loss: 0.175171 | sparse_loss: 1.03421 | 
2025-09-05 18:35:20,904 [INFO] [Iter 250] LR: 0.00000001
2025-09-05 18:35:20,907 [INFO] No improvement: current loss 698.259789, best loss 698.259787
2025-09-05 18:35:21,163 [INFO] [251/300] loss 698.26 | compact 6.92642 | spectral 19.7525 | recons_loss: 0.175171 | sparse_loss: 1.03421 | 
2025-09-05 18:35:21,163 [INFO] [Iter 251] LR: 0.00000001
2025-09-05 18:35:21,165 [INFO] No improvement: current loss 698.259793, best loss 698.259787
2025-09-05 18:35:21,429 [INFO] [252/300] loss 698.26 | compact 6.92642 | spectral 19.7525 | recons_loss: 0.175171 | sparse_loss: 1.03421 | 
2025-09-05 18:35:21,429 [INFO] [Iter 252] LR: 0.00000001
2025-09-05 18:35:21,430 [INFO] No improvement: current loss 698.259796, best loss 698.259787
2025-09-05 18:35:21,686 [INFO] [253/300] loss 698.26 | compact 6.92642 | spectral 19.7525 | recons_loss: 0.175171 | sparse_loss: 1.03421 | 
2025-09-05 18:35:21,686 [INFO] [Iter 253] LR: 0.00000001
2025-09-05 18:35:21,687 [INFO] No improvement: current loss 698.259799, best loss 698.259787
2025-09-05 18:35:21,945 [INFO] [254/300] loss 698.26 | compact 6.92642 | spectral 19.7525 | recons_loss: 0.175171 | sparse_loss: 1.03421 | 
2025-09-05 18:35:21,946 [INFO] [Iter 254] LR: 0.00000001
2025-09-05 18:35:21,947 [INFO] No improvement: current loss 698.259796, best loss 698.259787
2025-09-05 18:35:22,203 [INFO] [255/300] loss 698.26 | compact 6.92642 | spectral 19.7525 | recons_loss: 0.175171 | sparse_loss: 1.03421 | 
2025-09-05 18:35:22,203 [INFO] [Iter 255] LR: 0.00000001
2025-09-05 18:35:22,204 [INFO] No improvement: current loss 698.259793, best loss 698.259787
2025-09-05 18:35:22,462 [INFO] [256/300] loss 698.26 | compact 6.92642 | spectral 19.7525 | recons_loss: 0.175171 | sparse_loss: 1.03421 | 
2025-09-05 18:35:22,462 [INFO] [Iter 256] LR: 0.00000001
2025-09-05 18:35:22,464 [INFO] No improvement: current loss 698.259796, best loss 698.259787
2025-09-05 18:35:22,723 [INFO] [257/300] loss 698.26 | compact 6.92642 | spectral 19.7525 | recons_loss: 0.175171 | sparse_loss: 1.03421 | 
2025-09-05 18:35:22,724 [INFO] [Iter 257] LR: 0.00000001
2025-09-05 18:35:22,725 [INFO] No improvement: current loss 698.259799, best loss 698.259787
2025-09-05 18:35:22,983 [INFO] [258/300] loss 698.26 | compact 6.92642 | spectral 19.7525 | recons_loss: 0.175171 | sparse_loss: 1.03421 | 
2025-09-05 18:35:22,983 [INFO] [Iter 258] LR: 0.00000001
2025-09-05 18:35:22,984 [INFO] No improvement: current loss 698.259796, best loss 698.259787
2025-09-05 18:35:23,240 [INFO] [259/300] loss 698.26 | compact 6.92642 | spectral 19.7525 | recons_loss: 0.175171 | sparse_loss: 1.03421 | 
2025-09-05 18:35:23,241 [INFO] [Iter 259] LR: 0.00000001
2025-09-05 18:35:23,242 [INFO] No improvement: current loss 698.259799, best loss 698.259787
2025-09-05 18:35:23,505 [INFO] [260/300] loss 698.26 | compact 6.92642 | spectral 19.7525 | recons_loss: 0.175171 | sparse_loss: 1.03421 | 
2025-09-05 18:35:23,505 [INFO] [Iter 260] LR: 0.00000001
2025-09-05 18:35:23,506 [INFO] No improvement: current loss 698.259796, best loss 698.259787
2025-09-05 18:35:23,762 [INFO] [261/300] loss 698.26 | compact 6.92642 | spectral 19.7525 | recons_loss: 0.175171 | sparse_loss: 1.03421 | 
2025-09-05 18:35:23,763 [INFO] [Iter 261] LR: 0.00000001
2025-09-05 18:35:23,764 [INFO] No improvement: current loss 698.259793, best loss 698.259787
2025-09-05 18:35:24,020 [INFO] [262/300] loss 698.26 | compact 6.92642 | spectral 19.7525 | recons_loss: 0.175171 | sparse_loss: 1.03421 | 
2025-09-05 18:35:24,021 [INFO] [Iter 262] LR: 0.00000001
2025-09-05 18:35:24,022 [INFO] No improvement: current loss 698.259790, best loss 698.259787
2025-09-05 18:35:24,279 [INFO] [263/300] loss 698.26 | compact 6.92642 | spectral 19.7525 | recons_loss: 0.175171 | sparse_loss: 1.03421 | 
2025-09-05 18:35:24,280 [INFO] [Iter 263] LR: 0.00000001
2025-09-05 18:35:24,281 [INFO] No improvement: current loss 698.259794, best loss 698.259787
2025-09-05 18:35:24,540 [INFO] [264/300] loss 698.26 | compact 6.92642 | spectral 19.7525 | recons_loss: 0.175171 | sparse_loss: 1.03421 | 
2025-09-05 18:35:24,540 [INFO] [Iter 264] LR: 0.00000001
2025-09-05 18:35:24,542 [INFO] No improvement: current loss 698.259797, best loss 698.259787
2025-09-05 18:35:24,804 [INFO] [265/300] loss 698.26 | compact 6.92642 | spectral 19.7525 | recons_loss: 0.175171 | sparse_loss: 1.03421 | 
2025-09-05 18:35:24,805 [INFO] [Iter 265] LR: 0.00000001
2025-09-05 18:35:24,806 [INFO] No improvement: current loss 698.259800, best loss 698.259787
2025-09-05 18:35:25,061 [INFO] [266/300] loss 698.26 | compact 6.92642 | spectral 19.7525 | recons_loss: 0.175171 | sparse_loss: 1.03421 | 
2025-09-05 18:35:25,061 [INFO] [Iter 266] LR: 0.00000001
2025-09-05 18:35:25,063 [INFO] No improvement: current loss 698.259796, best loss 698.259787
2025-09-05 18:35:25,323 [INFO] [267/300] loss 698.26 | compact 6.92642 | spectral 19.7525 | recons_loss: 0.175171 | sparse_loss: 1.03421 | 
2025-09-05 18:35:25,323 [INFO] [Iter 267] LR: 0.00000001
2025-09-05 18:35:25,325 [INFO] No improvement: current loss 698.259793, best loss 698.259787
2025-09-05 18:35:25,584 [INFO] [268/300] loss 698.26 | compact 6.92642 | spectral 19.7525 | recons_loss: 0.175171 | sparse_loss: 1.03421 | 
2025-09-05 18:35:25,585 [INFO] [Iter 268] LR: 0.00000001
2025-09-05 18:35:25,587 [INFO] No improvement: current loss 698.259791, best loss 698.259787
2025-09-05 18:35:25,846 [INFO] [269/300] loss 698.26 | compact 6.92642 | spectral 19.7525 | recons_loss: 0.175171 | sparse_loss: 1.03421 | 
2025-09-05 18:35:25,847 [INFO] [Iter 269] LR: 0.00000001
2025-09-05 18:35:25,848 [INFO] No improvement: current loss 698.259788, best loss 698.259787
2025-09-05 18:35:26,105 [INFO] [270/300] loss 698.26 | compact 6.92642 | spectral 19.7525 | recons_loss: 0.175171 | sparse_loss: 1.03421 | 
2025-09-05 18:35:26,106 [INFO] [Iter 270] LR: 0.00000001
2025-09-05 18:35:26,108 [INFO] No improvement: current loss 698.259792, best loss 698.259787
2025-09-05 18:35:26,365 [INFO] [271/300] loss 698.26 | compact 6.92642 | spectral 19.7525 | recons_loss: 0.175171 | sparse_loss: 1.03421 | 
2025-09-05 18:35:26,365 [INFO] [Iter 271] LR: 0.00000001
2025-09-05 18:35:26,366 [INFO] No improvement: current loss 698.259789, best loss 698.259787
2025-09-05 18:35:26,623 [INFO] [272/300] loss 698.26 | compact 6.92642 | spectral 19.7525 | recons_loss: 0.175171 | sparse_loss: 1.03421 | 
2025-09-05 18:35:26,623 [INFO] [Iter 272] LR: 0.00000001
2025-09-05 18:35:26,624 [INFO] No improvement: current loss 698.259787, best loss 698.259787
2025-09-05 18:35:26,884 [INFO] [273/300] loss 698.26 | compact 6.92642 | spectral 19.7525 | recons_loss: 0.175171 | sparse_loss: 1.03421 | 
2025-09-05 18:35:26,885 [INFO] [Iter 273] LR: 0.00000001
2025-09-05 18:35:26,886 [INFO] No improvement: current loss 698.259791, best loss 698.259787
2025-09-05 18:35:27,141 [INFO] [274/300] loss 698.26 | compact 6.92642 | spectral 19.7525 | recons_loss: 0.175171 | sparse_loss: 1.03421 | 
2025-09-05 18:35:27,141 [INFO] [Iter 274] LR: 0.00000001
2025-09-05 18:35:27,142 [INFO] No improvement: current loss 698.259795, best loss 698.259787
2025-09-05 18:35:27,399 [INFO] [275/300] loss 698.26 | compact 6.92642 | spectral 19.7525 | recons_loss: 0.175171 | sparse_loss: 1.03421 | 
2025-09-05 18:35:27,400 [INFO] [Iter 275] LR: 0.00000001
2025-09-05 18:35:27,401 [INFO] No improvement: current loss 698.259792, best loss 698.259787
2025-09-05 18:35:27,657 [INFO] [276/300] loss 698.26 | compact 6.92642 | spectral 19.7525 | recons_loss: 0.175171 | sparse_loss: 1.03421 | 
2025-09-05 18:35:27,658 [INFO] [Iter 276] LR: 0.00000001
2025-09-05 18:35:27,659 [INFO] No improvement: current loss 698.259789, best loss 698.259787
2025-09-05 18:35:27,915 [INFO] [277/300] loss 698.26 | compact 6.92642 | spectral 19.7525 | recons_loss: 0.175171 | sparse_loss: 1.03421 | 
2025-09-05 18:35:27,916 [INFO] [Iter 277] LR: 0.00000001
2025-09-05 18:35:27,917 [INFO] No improvement: current loss 698.259787, best loss 698.259787
2025-09-05 18:35:28,182 [INFO] [278/300] loss 698.26 | compact 6.92642 | spectral 19.7525 | recons_loss: 0.175171 | sparse_loss: 1.03421 | 
2025-09-05 18:35:28,182 [INFO] [Iter 278] LR: 0.00000001
2025-09-05 18:35:28,183 [INFO] No improvement: current loss 698.259791, best loss 698.259787
2025-09-05 18:35:28,441 [INFO] [279/300] loss 698.26 | compact 6.92642 | spectral 19.7525 | recons_loss: 0.175171 | sparse_loss: 1.03421 | 
2025-09-05 18:35:28,442 [INFO] [Iter 279] LR: 0.00000001
2025-09-05 18:35:28,443 [INFO] No improvement: current loss 698.259794, best loss 698.259787
2025-09-05 18:35:28,709 [INFO] [280/300] loss 698.26 | compact 6.92642 | spectral 19.7525 | recons_loss: 0.175171 | sparse_loss: 1.03421 | 
2025-09-05 18:35:28,709 [INFO] [Iter 280] LR: 0.00000001
2025-09-05 18:35:28,710 [INFO] No improvement: current loss 698.259791, best loss 698.259787
2025-09-05 18:35:28,967 [INFO] [281/300] loss 698.26 | compact 6.92642 | spectral 19.7525 | recons_loss: 0.175171 | sparse_loss: 1.03421 | 
2025-09-05 18:35:28,967 [INFO] [Iter 281] LR: 0.00000001
2025-09-05 18:35:28,968 [INFO] No improvement: current loss 698.259795, best loss 698.259787
2025-09-05 18:35:29,226 [INFO] [282/300] loss 698.26 | compact 6.92642 | spectral 19.7525 | recons_loss: 0.175171 | sparse_loss: 1.03421 | 
2025-09-05 18:35:29,227 [INFO] [Iter 282] LR: 0.00000001
2025-09-05 18:35:29,228 [INFO] No improvement: current loss 698.259792, best loss 698.259787
2025-09-05 18:35:29,497 [INFO] [283/300] loss 698.26 | compact 6.92642 | spectral 19.7525 | recons_loss: 0.175171 | sparse_loss: 1.03421 | 
2025-09-05 18:35:29,498 [INFO] [Iter 283] LR: 0.00000001
2025-09-05 18:35:29,499 [INFO] No improvement: current loss 698.259789, best loss 698.259787
2025-09-05 18:35:29,756 [INFO] [284/300] loss 698.26 | compact 6.92642 | spectral 19.7525 | recons_loss: 0.175171 | sparse_loss: 1.03421 | 
2025-09-05 18:35:29,757 [INFO] [Iter 284] LR: 0.00000001
2025-09-05 18:35:29,759 [INFO] No improvement: current loss 698.259787, best loss 698.259787
2025-09-05 18:35:30,019 [INFO] [285/300] loss 698.26 | compact 6.92642 | spectral 19.7525 | recons_loss: 0.175171 | sparse_loss: 1.03421 | 
2025-09-05 18:35:30,019 [INFO] [Iter 285] LR: 0.00000001
2025-09-05 18:35:30,020 [INFO] No improvement: current loss 698.259791, best loss 698.259787
2025-09-05 18:35:30,280 [INFO] [286/300] loss 698.26 | compact 6.92642 | spectral 19.7525 | recons_loss: 0.175171 | sparse_loss: 1.03421 | 
2025-09-05 18:35:30,281 [INFO] [Iter 286] LR: 0.00000001
2025-09-05 18:35:30,282 [INFO] No improvement: current loss 698.259788, best loss 698.259787
2025-09-05 18:35:30,537 [INFO] [287/300] loss 698.26 | compact 6.92642 | spectral 19.7525 | recons_loss: 0.175171 | sparse_loss: 1.03421 | 
2025-09-05 18:35:30,537 [INFO] [Iter 287] LR: 0.00000001
2025-09-05 18:35:30,538 [INFO] No improvement: current loss 698.259792, best loss 698.259787
2025-09-05 18:35:30,804 [INFO] [288/300] loss 698.26 | compact 6.92642 | spectral 19.7525 | recons_loss: 0.175171 | sparse_loss: 1.03421 | 
2025-09-05 18:35:30,805 [INFO] [Iter 288] LR: 0.00000001
2025-09-05 18:35:30,806 [INFO] No improvement: current loss 698.259790, best loss 698.259787
2025-09-05 18:35:31,062 [INFO] [289/300] loss 698.26 | compact 6.92642 | spectral 19.7525 | recons_loss: 0.175171 | sparse_loss: 1.03421 | 
2025-09-05 18:35:31,062 [INFO] [Iter 289] LR: 0.00000001
2025-09-05 18:35:31,065 [INFO] No improvement: current loss 698.259787, best loss 698.259787
2025-09-05 18:35:31,326 [INFO] [290/300] loss 698.26 | compact 6.92642 | spectral 19.7525 | recons_loss: 0.175171 | sparse_loss: 1.03421 | 
2025-09-05 18:35:31,326 [INFO] [Iter 290] LR: 0.00000001
2025-09-05 18:35:31,327 [INFO] No improvement: current loss 698.259785, best loss 698.259787
2025-09-05 18:35:31,585 [INFO] [291/300] loss 698.26 | compact 6.92642 | spectral 19.7525 | recons_loss: 0.175171 | sparse_loss: 1.03421 | 
2025-09-05 18:35:31,585 [INFO] [Iter 291] LR: 0.00000001
2025-09-05 18:35:31,587 [INFO] No improvement: current loss 698.259783, best loss 698.259787
2025-09-05 18:35:31,845 [INFO] [292/300] loss 698.26 | compact 6.92642 | spectral 19.7525 | recons_loss: 0.175171 | sparse_loss: 1.03421 | 
2025-09-05 18:35:31,846 [INFO] [Iter 292] LR: 0.00000001
2025-09-05 18:35:31,847 [INFO] No improvement: current loss 698.259781, best loss 698.259787
2025-09-05 18:35:32,110 [INFO] [293/300] loss 698.26 | compact 6.92642 | spectral 19.7525 | recons_loss: 0.175171 | sparse_loss: 1.03421 | 
2025-09-05 18:35:32,111 [INFO] [Iter 293] LR: 0.00000001
2025-09-05 18:35:32,112 [INFO] No improvement: current loss 698.259780, best loss 698.259787
2025-09-05 18:35:32,367 [INFO] [294/300] loss 698.26 | compact 6.92642 | spectral 19.7525 | recons_loss: 0.175171 | sparse_loss: 1.03421 | 
2025-09-05 18:35:32,368 [INFO] [Iter 294] LR: 0.00000001
2025-09-05 18:35:32,368 [INFO] No improvement: current loss 698.259784, best loss 698.259787
2025-09-05 18:35:32,642 [INFO] [295/300] loss 698.26 | compact 6.92642 | spectral 19.7525 | recons_loss: 0.175171 | sparse_loss: 1.03421 | 
2025-09-05 18:35:32,643 [INFO] [Iter 295] LR: 0.00000001
2025-09-05 18:35:32,645 [INFO] No improvement: current loss 698.259783, best loss 698.259787
2025-09-05 18:35:32,901 [INFO] [296/300] loss 698.26 | compact 6.92642 | spectral 19.7525 | recons_loss: 0.175171 | sparse_loss: 1.03421 | 
2025-09-05 18:35:32,901 [INFO] [Iter 296] LR: 0.00000001
2025-09-05 18:35:32,903 [INFO] No improvement: current loss 698.259787, best loss 698.259787
2025-09-05 18:35:33,160 [INFO] [297/300] loss 698.26 | compact 6.92642 | spectral 19.7525 | recons_loss: 0.175171 | sparse_loss: 1.03421 | 
2025-09-05 18:35:33,161 [INFO] [Iter 297] LR: 0.00000001
2025-09-05 18:35:33,162 [INFO] No improvement: current loss 698.259791, best loss 698.259787
2025-09-05 18:35:33,417 [INFO] [298/300] loss 698.26 | compact 6.92642 | spectral 19.7525 | recons_loss: 0.175171 | sparse_loss: 1.03421 | 
2025-09-05 18:35:33,418 [INFO] [Iter 298] LR: 0.00000001
2025-09-05 18:35:33,420 [INFO] No improvement: current loss 698.259795, best loss 698.259787
2025-09-05 18:35:33,481 [INFO] H: 160, W: 150
2025-09-05 18:35:33,588 [INFO] [0 1 2 3 4 5 6]
2025-09-05 18:35:33,745 [INFO] y_target: [1 2 3 4 5 6 7]
2025-09-05 18:35:33,745 [INFO] y_predict: [0 1 2 3 4 5 6]
2025-09-05 18:35:33,918 [INFO] Epoch = 299 OA = 0.8340 Kappa = 0.8041 NMI = 0.7385
2025-09-05 18:35:34,128 [INFO] [299/300] loss 698.26 | compact 6.92642 | spectral 19.7525 | recons_loss: 0.175171 | sparse_loss: 1.03421 | 
2025-09-05 18:35:34,129 [INFO] [Iter 299] LR: 0.00000001
2025-09-05 18:35:34,131 [INFO] No improvement: current loss 698.259798, best loss 698.259787
2025-09-05 18:35:34,131 [INFO] Training finished. Best model loaded.
