2025-09-05 19:06:46,597 [INFO] ========== Training Configuration ==========
2025-09-05 19:06:46,597 [INFO] out_dir: ./log
2025-09-05 19:06:46,597 [INFO] lr: 0.1
2025-09-05 19:06:46,597 [INFO] train_iter: 300
2025-09-05 19:06:46,597 [INFO] niter: 5
2025-09-05 19:06:46,597 [INFO] nspix: 300
2025-09-05 19:06:46,598 [INFO] weight: weight
2025-09-05 19:06:46,598 [INFO] weight_representation: 175.0
2025-09-05 19:06:46,598 [INFO] weight_noise: 50.0
2025-09-05 19:06:46,598 [INFO] dataset: urban
2025-09-05 19:06:46,598 [INFO] device: cuda:0
2025-09-05 19:06:46,598 [INFO] log: urban1
2025-09-05 19:06:46,598 [INFO] ============================================
2025-09-05 19:07:06,063 [INFO] H: 160, W: 150
2025-09-05 19:07:06,221 [INFO] [0 1 2 3 4 5 6]
2025-09-05 19:07:08,220 [INFO] y_target: [1 2 3 4 5 6 7]
2025-09-05 19:07:08,220 [INFO] y_predict: [0 1 2 3 4 5 6]
2025-09-05 19:07:08,404 [INFO] Epoch = 0 OA = 0.8095 Kappa = 0.7746 NMI = 0.7239
2025-09-05 19:07:09,014 [INFO] [0/300] loss 1175.87 | compact 6.9117 | spectral 19.6366 | recons_loss: 0.235515 | sparse_loss: 1.04431 | 
2025-09-05 19:07:09,015 [INFO] [Iter 0] LR: 0.10000000
2025-09-05 19:07:09,017 [INFO] Saving best model at iteration 0
2025-09-05 19:07:09,275 [INFO] [1/300] loss 1175.37 | compact 6.91375 | spectral 19.626 | recons_loss: 0.234583 | sparse_loss: 1.04427 | 
2025-09-05 19:07:09,275 [INFO] [Iter 1] LR: 0.10000000
2025-09-05 19:07:09,277 [INFO] Saving best model at iteration 1
2025-09-05 19:07:09,532 [INFO] [2/300] loss 1174.5 | compact 6.91574 | spectral 19.6076 | recons_loss: 0.232949 | sparse_loss: 1.0441 | 
2025-09-05 19:07:09,533 [INFO] [Iter 2] LR: 0.10000000
2025-09-05 19:07:09,534 [INFO] Saving best model at iteration 2
2025-09-05 19:07:09,794 [INFO] [3/300] loss 1173.36 | compact 6.91773 | spectral 19.5839 | recons_loss: 0.230784 | sparse_loss: 1.0438 | 
2025-09-05 19:07:09,794 [INFO] [Iter 3] LR: 0.10000000
2025-09-05 19:07:09,797 [INFO] Saving best model at iteration 3
2025-09-05 19:07:10,062 [INFO] [4/300] loss 1172.07 | compact 6.9167 | spectral 19.5617 | recons_loss: 0.228242 | sparse_loss: 1.04346 | 
2025-09-05 19:07:10,063 [INFO] [Iter 4] LR: 0.10000000
2025-09-05 19:07:10,065 [INFO] Saving best model at iteration 4
2025-09-05 19:07:10,324 [INFO] [5/300] loss 1170.69 | compact 6.91649 | spectral 19.5358 | recons_loss: 0.225402 | sparse_loss: 1.04311 | 
2025-09-05 19:07:10,324 [INFO] [Iter 5] LR: 0.10000000
2025-09-05 19:07:10,327 [INFO] Saving best model at iteration 5
2025-09-05 19:07:10,588 [INFO] [6/300] loss 1169.28 | compact 6.9164 | spectral 19.509 | recons_loss: 0.222372 | sparse_loss: 1.04277 | 
2025-09-05 19:07:10,588 [INFO] [Iter 6] LR: 0.10000000
2025-09-05 19:07:10,589 [INFO] Saving best model at iteration 6
2025-09-05 19:07:10,846 [INFO] [7/300] loss 1167.86 | compact 6.91669 | spectral 19.4793 | recons_loss: 0.219263 | sparse_loss: 1.04242 | 
2025-09-05 19:07:10,846 [INFO] [Iter 7] LR: 0.10000000
2025-09-05 19:07:10,847 [INFO] Saving best model at iteration 7
2025-09-05 19:07:11,104 [INFO] [8/300] loss 1166.46 | compact 6.91897 | spectral 19.4441 | recons_loss: 0.216099 | sparse_loss: 1.04204 | 
2025-09-05 19:07:11,104 [INFO] [Iter 8] LR: 0.10000000
2025-09-05 19:07:11,106 [INFO] Saving best model at iteration 8
2025-09-05 19:07:11,362 [INFO] [9/300] loss 1165.09 | compact 6.92144 | spectral 19.4099 | recons_loss: 0.212929 | sparse_loss: 1.04165 | 
2025-09-05 19:07:11,362 [INFO] [Iter 9] LR: 0.10000000
2025-09-05 19:07:11,363 [INFO] Saving best model at iteration 9
2025-09-05 19:07:11,620 [INFO] [10/300] loss 1163.76 | compact 6.92473 | spectral 19.3755 | recons_loss: 0.209793 | sparse_loss: 1.04125 | 
2025-09-05 19:07:11,620 [INFO] [Iter 10] LR: 0.10000000
2025-09-05 19:07:11,621 [INFO] Saving best model at iteration 10
2025-09-05 19:07:11,880 [INFO] [11/300] loss 1162.49 | compact 6.92761 | spectral 19.342 | recons_loss: 0.206736 | sparse_loss: 1.04085 | 
2025-09-05 19:07:11,880 [INFO] [Iter 11] LR: 0.10000000
2025-09-05 19:07:11,882 [INFO] Saving best model at iteration 11
2025-09-05 19:07:12,158 [INFO] [12/300] loss 1161.27 | compact 6.92835 | spectral 19.3131 | recons_loss: 0.203782 | sparse_loss: 1.04047 | 
2025-09-05 19:07:12,158 [INFO] [Iter 12] LR: 0.10000000
2025-09-05 19:07:12,159 [INFO] Saving best model at iteration 12
2025-09-05 19:07:12,424 [INFO] [13/300] loss 1160.12 | compact 6.92623 | spectral 19.2874 | recons_loss: 0.200942 | sparse_loss: 1.04012 | 
2025-09-05 19:07:12,425 [INFO] [Iter 13] LR: 0.10000000
2025-09-05 19:07:12,426 [INFO] Saving best model at iteration 13
2025-09-05 19:07:12,682 [INFO] [14/300] loss 1159.01 | compact 6.92561 | spectral 19.2631 | recons_loss: 0.198215 | sparse_loss: 1.03978 | 
2025-09-05 19:07:12,682 [INFO] [Iter 14] LR: 0.10000000
2025-09-05 19:07:12,683 [INFO] Saving best model at iteration 14
2025-09-05 19:07:12,939 [INFO] [15/300] loss 1157.96 | compact 6.92527 | spectral 19.2412 | recons_loss: 0.195624 | sparse_loss: 1.03947 | 
2025-09-05 19:07:12,939 [INFO] [Iter 15] LR: 0.10000000
2025-09-05 19:07:12,941 [INFO] Saving best model at iteration 15
2025-09-05 19:07:13,199 [INFO] [16/300] loss 1156.97 | compact 6.92379 | spectral 19.2231 | recons_loss: 0.193176 | sparse_loss: 1.03918 | 
2025-09-05 19:07:13,199 [INFO] [Iter 16] LR: 0.10000000
2025-09-05 19:07:13,200 [INFO] Saving best model at iteration 16
2025-09-05 19:07:13,456 [INFO] [17/300] loss 1156.08 | compact 6.92361 | spectral 19.2198 | recons_loss: 0.190892 | sparse_loss: 1.03893 | 
2025-09-05 19:07:13,457 [INFO] [Iter 17] LR: 0.10000000
2025-09-05 19:07:13,458 [INFO] Saving best model at iteration 17
2025-09-05 19:07:13,713 [INFO] [18/300] loss 1155.23 | compact 6.92139 | spectral 19.2101 | recons_loss: 0.188746 | sparse_loss: 1.03869 | 
2025-09-05 19:07:13,714 [INFO] [Iter 18] LR: 0.10000000
2025-09-05 19:07:13,715 [INFO] Saving best model at iteration 18
2025-09-05 19:07:13,970 [INFO] [19/300] loss 1154.4 | compact 6.91687 | spectral 19.1893 | recons_loss: 0.186742 | sparse_loss: 1.03844 | 
2025-09-05 19:07:13,970 [INFO] [Iter 19] LR: 0.10000000
2025-09-05 19:07:13,971 [INFO] Saving best model at iteration 19
2025-09-05 19:07:14,228 [INFO] [20/300] loss 1153.61 | compact 6.91187 | spectral 19.1739 | recons_loss: 0.184863 | sparse_loss: 1.0382 | 
2025-09-05 19:07:14,228 [INFO] [Iter 20] LR: 0.10000000
2025-09-05 19:07:14,230 [INFO] Saving best model at iteration 20
2025-09-05 19:07:14,484 [INFO] [21/300] loss 1152.86 | compact 6.91354 | spectral 19.1566 | recons_loss: 0.18309 | sparse_loss: 1.03797 | 
2025-09-05 19:07:14,485 [INFO] [Iter 21] LR: 0.10000000
2025-09-05 19:07:14,486 [INFO] Saving best model at iteration 21
2025-09-05 19:07:14,743 [INFO] [22/300] loss 1152.14 | compact 6.91462 | spectral 19.1438 | recons_loss: 0.181443 | sparse_loss: 1.03776 | 
2025-09-05 19:07:14,744 [INFO] [Iter 22] LR: 0.10000000
2025-09-05 19:07:14,747 [INFO] Saving best model at iteration 22
2025-09-05 19:07:15,007 [INFO] [23/300] loss 1151.49 | compact 6.91561 | spectral 19.1384 | recons_loss: 0.179892 | sparse_loss: 1.0376 | 
2025-09-05 19:07:15,007 [INFO] [Iter 23] LR: 0.10000000
2025-09-05 19:07:15,009 [INFO] Saving best model at iteration 23
2025-09-05 19:07:15,283 [INFO] [24/300] loss 1150.87 | compact 6.91698 | spectral 19.1374 | recons_loss: 0.178481 | sparse_loss: 1.03746 | 
2025-09-05 19:07:15,284 [INFO] [Iter 24] LR: 0.10000000
2025-09-05 19:07:15,285 [INFO] Saving best model at iteration 24
2025-09-05 19:07:15,546 [INFO] [25/300] loss 1150.26 | compact 6.91774 | spectral 19.1269 | recons_loss: 0.177169 | sparse_loss: 1.03733 | 
2025-09-05 19:07:15,546 [INFO] [Iter 25] LR: 0.10000000
2025-09-05 19:07:15,548 [INFO] Saving best model at iteration 25
2025-09-05 19:07:15,806 [INFO] [26/300] loss 1149.67 | compact 6.91628 | spectral 19.1112 | recons_loss: 0.175964 | sparse_loss: 1.0372 | 
2025-09-05 19:07:15,806 [INFO] [Iter 26] LR: 0.10000000
2025-09-05 19:07:15,807 [INFO] Saving best model at iteration 26
2025-09-05 19:07:16,066 [INFO] [27/300] loss 1149.1 | compact 6.91538 | spectral 19.0986 | recons_loss: 0.174846 | sparse_loss: 1.03707 | 
2025-09-05 19:07:16,067 [INFO] [Iter 27] LR: 0.10000000
2025-09-05 19:07:16,069 [INFO] Saving best model at iteration 27
2025-09-05 19:07:16,348 [INFO] [28/300] loss 1148.56 | compact 6.91419 | spectral 19.0889 | recons_loss: 0.173791 | sparse_loss: 1.03693 | 
2025-09-05 19:07:16,348 [INFO] [Iter 28] LR: 0.10000000
2025-09-05 19:07:16,350 [INFO] Saving best model at iteration 28
2025-09-05 19:07:16,611 [INFO] [29/300] loss 1148.05 | compact 6.9136 | spectral 19.0824 | recons_loss: 0.172806 | sparse_loss: 1.0368 | 
2025-09-05 19:07:16,611 [INFO] [Iter 29] LR: 0.10000000
2025-09-05 19:07:16,612 [INFO] Saving best model at iteration 29
2025-09-05 19:07:16,884 [INFO] [30/300] loss 1147.58 | compact 6.9149 | spectral 19.0834 | recons_loss: 0.171888 | sparse_loss: 1.03669 | 
2025-09-05 19:07:16,885 [INFO] [Iter 30] LR: 0.10000000
2025-09-05 19:07:16,887 [INFO] Saving best model at iteration 30
2025-09-05 19:07:17,160 [INFO] [31/300] loss 1147.13 | compact 6.91569 | spectral 19.0865 | recons_loss: 0.171027 | sparse_loss: 1.03658 | 
2025-09-05 19:07:17,161 [INFO] [Iter 31] LR: 0.10000000
2025-09-05 19:07:17,163 [INFO] Saving best model at iteration 31
2025-09-05 19:07:17,438 [INFO] [32/300] loss 1146.71 | compact 6.91438 | spectral 19.0882 | recons_loss: 0.170232 | sparse_loss: 1.0365 | 
2025-09-05 19:07:17,438 [INFO] [Iter 32] LR: 0.10000000
2025-09-05 19:07:17,440 [INFO] Saving best model at iteration 32
2025-09-05 19:07:17,698 [INFO] [33/300] loss 1146.32 | compact 6.91442 | spectral 19.0908 | recons_loss: 0.169498 | sparse_loss: 1.03642 | 
2025-09-05 19:07:17,698 [INFO] [Iter 33] LR: 0.10000000
2025-09-05 19:07:17,699 [INFO] Saving best model at iteration 33
2025-09-05 19:07:17,974 [INFO] [34/300] loss 1145.95 | compact 6.90992 | spectral 19.1034 | recons_loss: 0.168824 | sparse_loss: 1.03636 | 
2025-09-05 19:07:17,975 [INFO] [Iter 34] LR: 0.10000000
2025-09-05 19:07:17,976 [INFO] Saving best model at iteration 34
2025-09-05 19:07:18,254 [INFO] [35/300] loss 1145.58 | compact 6.90906 | spectral 19.1083 | recons_loss: 0.168193 | sparse_loss: 1.03627 | 
2025-09-05 19:07:18,254 [INFO] [Iter 35] LR: 0.10000000
2025-09-05 19:07:18,255 [INFO] Saving best model at iteration 35
2025-09-05 19:07:18,513 [INFO] [36/300] loss 1145.23 | compact 6.90847 | spectral 19.1172 | recons_loss: 0.16762 | sparse_loss: 1.03618 | 
2025-09-05 19:07:18,514 [INFO] [Iter 36] LR: 0.10000000
2025-09-05 19:07:18,516 [INFO] Saving best model at iteration 36
2025-09-05 19:07:18,772 [INFO] [37/300] loss 1144.89 | compact 6.90852 | spectral 19.1242 | recons_loss: 0.167089 | sparse_loss: 1.0361 | 
2025-09-05 19:07:18,773 [INFO] [Iter 37] LR: 0.10000000
2025-09-05 19:07:18,774 [INFO] Saving best model at iteration 37
2025-09-05 19:07:19,030 [INFO] [38/300] loss 1144.56 | compact 6.90894 | spectral 19.1319 | recons_loss: 0.166579 | sparse_loss: 1.036 | 
2025-09-05 19:07:19,030 [INFO] [Iter 38] LR: 0.10000000
2025-09-05 19:07:19,032 [INFO] Saving best model at iteration 38
2025-09-05 19:07:19,292 [INFO] [39/300] loss 1144.24 | compact 6.90956 | spectral 19.1361 | recons_loss: 0.166104 | sparse_loss: 1.03591 | 
2025-09-05 19:07:19,293 [INFO] [Iter 39] LR: 0.10000000
2025-09-05 19:07:19,296 [INFO] Saving best model at iteration 39
2025-09-05 19:07:19,552 [INFO] [40/300] loss 1143.94 | compact 6.91083 | spectral 19.1426 | recons_loss: 0.165662 | sparse_loss: 1.03581 | 
2025-09-05 19:07:19,552 [INFO] [Iter 40] LR: 0.10000000
2025-09-05 19:07:19,555 [INFO] Saving best model at iteration 40
2025-09-05 19:07:19,824 [INFO] [41/300] loss 1143.64 | compact 6.91317 | spectral 19.1444 | recons_loss: 0.165245 | sparse_loss: 1.03572 | 
2025-09-05 19:07:19,824 [INFO] [Iter 41] LR: 0.10000000
2025-09-05 19:07:19,827 [INFO] Saving best model at iteration 41
2025-09-05 19:07:20,084 [INFO] [42/300] loss 1143.36 | compact 6.91497 | spectral 19.1464 | recons_loss: 0.164842 | sparse_loss: 1.03563 | 
2025-09-05 19:07:20,084 [INFO] [Iter 42] LR: 0.10000000
2025-09-05 19:07:20,085 [INFO] Saving best model at iteration 42
2025-09-05 19:07:20,344 [INFO] [43/300] loss 1143.09 | compact 6.91503 | spectral 19.1522 | recons_loss: 0.164464 | sparse_loss: 1.03554 | 
2025-09-05 19:07:20,344 [INFO] [Iter 43] LR: 0.10000000
2025-09-05 19:07:20,348 [INFO] Saving best model at iteration 43
2025-09-05 19:07:20,611 [INFO] [44/300] loss 1142.85 | compact 6.9169 | spectral 19.1606 | recons_loss: 0.164102 | sparse_loss: 1.03546 | 
2025-09-05 19:07:20,612 [INFO] [Iter 44] LR: 0.10000000
2025-09-05 19:07:20,613 [INFO] Saving best model at iteration 44
2025-09-05 19:07:20,868 [INFO] [45/300] loss 1142.62 | compact 6.91862 | spectral 19.1673 | recons_loss: 0.163752 | sparse_loss: 1.03538 | 
2025-09-05 19:07:20,868 [INFO] [Iter 45] LR: 0.10000000
2025-09-05 19:07:20,870 [INFO] Saving best model at iteration 45
2025-09-05 19:07:21,136 [INFO] [46/300] loss 1142.41 | compact 6.92126 | spectral 19.1749 | recons_loss: 0.163416 | sparse_loss: 1.03529 | 
2025-09-05 19:07:21,136 [INFO] [Iter 46] LR: 0.10000000
2025-09-05 19:07:21,138 [INFO] Saving best model at iteration 46
2025-09-05 19:07:21,392 [INFO] [47/300] loss 1142.21 | compact 6.92375 | spectral 19.1841 | recons_loss: 0.163092 | sparse_loss: 1.03521 | 
2025-09-05 19:07:21,393 [INFO] [Iter 47] LR: 0.10000000
2025-09-05 19:07:21,394 [INFO] Saving best model at iteration 47
2025-09-05 19:07:21,653 [INFO] [48/300] loss 1142.02 | compact 6.92414 | spectral 19.1954 | recons_loss: 0.162783 | sparse_loss: 1.03513 | 
2025-09-05 19:07:21,654 [INFO] [Iter 48] LR: 0.10000000
2025-09-05 19:07:21,655 [INFO] Saving best model at iteration 48
2025-09-05 19:07:21,925 [INFO] [49/300] loss 1141.85 | compact 6.92481 | spectral 19.2104 | recons_loss: 0.162489 | sparse_loss: 1.03507 | 
2025-09-05 19:07:21,925 [INFO] [Iter 49] LR: 0.10000000
2025-09-05 19:07:21,928 [INFO] Saving best model at iteration 49
2025-09-05 19:07:21,993 [INFO] H: 160, W: 150
2025-09-05 19:07:22,105 [INFO] [0 1 2 3 4 5 6]
2025-09-05 19:07:22,392 [INFO] y_target: [1 2 3 4 5 6 7]
2025-09-05 19:07:22,393 [INFO] y_predict: [0 1 2 3 4 5 6]
2025-09-05 19:07:22,752 [INFO] Epoch = 50 OA = 0.7989 Kappa = 0.7625 NMI = 0.7174
2025-09-05 19:07:22,962 [INFO] [50/300] loss 1141.69 | compact 6.92505 | spectral 19.2244 | recons_loss: 0.16221 | sparse_loss: 1.03502 | 
2025-09-05 19:07:22,963 [INFO] [Iter 50] LR: 0.10000000
2025-09-05 19:07:22,965 [INFO] Saving best model at iteration 50
2025-09-05 19:07:23,225 [INFO] [51/300] loss 1141.54 | compact 6.92575 | spectral 19.2375 | recons_loss: 0.161955 | sparse_loss: 1.03497 | 
2025-09-05 19:07:23,225 [INFO] [Iter 51] LR: 0.10000000
2025-09-05 19:07:23,227 [INFO] Saving best model at iteration 51
2025-09-05 19:07:23,484 [INFO] [52/300] loss 1141.4 | compact 6.92619 | spectral 19.2484 | recons_loss: 0.161732 | sparse_loss: 1.03491 | 
2025-09-05 19:07:23,485 [INFO] [Iter 52] LR: 0.10000000
2025-09-05 19:07:23,487 [INFO] Saving best model at iteration 52
2025-09-05 19:07:23,743 [INFO] [53/300] loss 1141.27 | compact 6.9265 | spectral 19.2593 | recons_loss: 0.161517 | sparse_loss: 1.03486 | 
2025-09-05 19:07:23,743 [INFO] [Iter 53] LR: 0.10000000
2025-09-05 19:07:23,745 [INFO] Saving best model at iteration 53
2025-09-05 19:07:24,002 [INFO] [54/300] loss 1141.14 | compact 6.92707 | spectral 19.2703 | recons_loss: 0.161308 | sparse_loss: 1.03479 | 
2025-09-05 19:07:24,003 [INFO] [Iter 54] LR: 0.10000000
2025-09-05 19:07:24,004 [INFO] Saving best model at iteration 54
2025-09-05 19:07:24,262 [INFO] [55/300] loss 1141.02 | compact 6.9285 | spectral 19.2894 | recons_loss: 0.161112 | sparse_loss: 1.03474 | 
2025-09-05 19:07:24,262 [INFO] [Iter 55] LR: 0.10000000
2025-09-05 19:07:24,263 [INFO] Saving best model at iteration 55
2025-09-05 19:07:24,531 [INFO] [56/300] loss 1140.91 | compact 6.93113 | spectral 19.307 | recons_loss: 0.160923 | sparse_loss: 1.03469 | 
2025-09-05 19:07:24,532 [INFO] [Iter 56] LR: 0.10000000
2025-09-05 19:07:24,533 [INFO] Saving best model at iteration 56
2025-09-05 19:07:24,788 [INFO] [57/300] loss 1140.81 | compact 6.93143 | spectral 19.3238 | recons_loss: 0.160734 | sparse_loss: 1.03464 | 
2025-09-05 19:07:24,789 [INFO] [Iter 57] LR: 0.10000000
2025-09-05 19:07:24,790 [INFO] Saving best model at iteration 57
2025-09-05 19:07:25,044 [INFO] [58/300] loss 1140.71 | compact 6.93111 | spectral 19.34 | recons_loss: 0.16056 | sparse_loss: 1.0346 | 
2025-09-05 19:07:25,045 [INFO] [Iter 58] LR: 0.10000000
2025-09-05 19:07:25,049 [INFO] Saving best model at iteration 58
2025-09-05 19:07:25,305 [INFO] [59/300] loss 1140.6 | compact 6.9324 | spectral 19.3497 | recons_loss: 0.160373 | sparse_loss: 1.03456 | 
2025-09-05 19:07:25,305 [INFO] [Iter 59] LR: 0.10000000
2025-09-05 19:07:25,307 [INFO] Saving best model at iteration 59
2025-09-05 19:07:25,561 [INFO] [60/300] loss 1140.49 | compact 6.93458 | spectral 19.3603 | recons_loss: 0.160183 | sparse_loss: 1.03451 | 
2025-09-05 19:07:25,561 [INFO] [Iter 60] LR: 0.10000000
2025-09-05 19:07:25,562 [INFO] Saving best model at iteration 60
2025-09-05 19:07:25,819 [INFO] [61/300] loss 1140.38 | compact 6.93767 | spectral 19.367 | recons_loss: 0.159977 | sparse_loss: 1.03446 | 
2025-09-05 19:07:25,819 [INFO] [Iter 61] LR: 0.10000000
2025-09-05 19:07:25,820 [INFO] Saving best model at iteration 61
2025-09-05 19:07:26,087 [INFO] [62/300] loss 1140.28 | compact 6.93941 | spectral 19.3829 | recons_loss: 0.159779 | sparse_loss: 1.03442 | 
2025-09-05 19:07:26,088 [INFO] [Iter 62] LR: 0.10000000
2025-09-05 19:07:26,090 [INFO] Saving best model at iteration 62
2025-09-05 19:07:26,345 [INFO] [63/300] loss 1140.19 | compact 6.94104 | spectral 19.3989 | recons_loss: 0.159577 | sparse_loss: 1.03439 | 
2025-09-05 19:07:26,345 [INFO] [Iter 63] LR: 0.10000000
2025-09-05 19:07:26,348 [INFO] Saving best model at iteration 63
2025-09-05 19:07:26,608 [INFO] [64/300] loss 1140.09 | compact 6.94266 | spectral 19.4175 | recons_loss: 0.1594 | sparse_loss: 1.03436 | 
2025-09-05 19:07:26,608 [INFO] [Iter 64] LR: 0.05000000
2025-09-05 19:07:26,610 [INFO] Saving best model at iteration 64
2025-09-05 19:07:26,866 [INFO] [65/300] loss 1140 | compact 6.9446 | spectral 19.4322 | recons_loss: 0.159229 | sparse_loss: 1.03432 | 
2025-09-05 19:07:26,866 [INFO] [Iter 65] LR: 0.05000000
2025-09-05 19:07:26,868 [INFO] Saving best model at iteration 65
2025-09-05 19:07:27,126 [INFO] [66/300] loss 1139.91 | compact 6.94545 | spectral 19.4477 | recons_loss: 0.15907 | sparse_loss: 1.03428 | 
2025-09-05 19:07:27,126 [INFO] [Iter 66] LR: 0.05000000
2025-09-05 19:07:27,128 [INFO] Saving best model at iteration 66
2025-09-05 19:07:27,384 [INFO] [67/300] loss 1139.82 | compact 6.94664 | spectral 19.4627 | recons_loss: 0.158917 | sparse_loss: 1.03424 | 
2025-09-05 19:07:27,384 [INFO] [Iter 67] LR: 0.05000000
2025-09-05 19:07:27,385 [INFO] Saving best model at iteration 67
2025-09-05 19:07:27,645 [INFO] [68/300] loss 1139.72 | compact 6.94876 | spectral 19.476 | recons_loss: 0.158752 | sparse_loss: 1.0342 | 
2025-09-05 19:07:27,645 [INFO] [Iter 68] LR: 0.05000000
2025-09-05 19:07:27,646 [INFO] Saving best model at iteration 68
2025-09-05 19:07:27,903 [INFO] [69/300] loss 1139.63 | compact 6.95076 | spectral 19.4873 | recons_loss: 0.158585 | sparse_loss: 1.03415 | 
2025-09-05 19:07:27,904 [INFO] [Iter 69] LR: 0.05000000
2025-09-05 19:07:27,905 [INFO] Saving best model at iteration 69
2025-09-05 19:07:28,161 [INFO] [70/300] loss 1139.54 | compact 6.94989 | spectral 19.4963 | recons_loss: 0.158432 | sparse_loss: 1.03412 | 
2025-09-05 19:07:28,162 [INFO] [Iter 70] LR: 0.05000000
2025-09-05 19:07:28,164 [INFO] Saving best model at iteration 70
2025-09-05 19:07:28,421 [INFO] [71/300] loss 1139.47 | compact 6.94738 | spectral 19.5155 | recons_loss: 0.158323 | sparse_loss: 1.03408 | 
2025-09-05 19:07:28,421 [INFO] [Iter 71] LR: 0.05000000
2025-09-05 19:07:28,422 [INFO] Saving best model at iteration 71
2025-09-05 19:07:28,677 [INFO] [72/300] loss 1139.39 | compact 6.94624 | spectral 19.5312 | recons_loss: 0.158214 | sparse_loss: 1.03403 | 
2025-09-05 19:07:28,678 [INFO] [Iter 72] LR: 0.02500000
2025-09-05 19:07:28,679 [INFO] Saving best model at iteration 72
2025-09-05 19:07:28,935 [INFO] [73/300] loss 1139.31 | compact 6.94589 | spectral 19.5458 | recons_loss: 0.158104 | sparse_loss: 1.03399 | 
2025-09-05 19:07:28,936 [INFO] [Iter 73] LR: 0.02500000
2025-09-05 19:07:28,937 [INFO] Saving best model at iteration 73
2025-09-05 19:07:29,199 [INFO] [74/300] loss 1139.23 | compact 6.94566 | spectral 19.5585 | recons_loss: 0.158003 | sparse_loss: 1.03395 | 
2025-09-05 19:07:29,199 [INFO] [Iter 74] LR: 0.02500000
2025-09-05 19:07:29,200 [INFO] Saving best model at iteration 74
2025-09-05 19:07:29,455 [INFO] [75/300] loss 1139.15 | compact 6.94577 | spectral 19.5701 | recons_loss: 0.157908 | sparse_loss: 1.03391 | 
2025-09-05 19:07:29,456 [INFO] [Iter 75] LR: 0.02500000
2025-09-05 19:07:29,457 [INFO] Saving best model at iteration 75
2025-09-05 19:07:29,730 [INFO] [76/300] loss 1139.07 | compact 6.94603 | spectral 19.5801 | recons_loss: 0.157818 | sparse_loss: 1.03387 | 
2025-09-05 19:07:29,731 [INFO] [Iter 76] LR: 0.02500000
2025-09-05 19:07:29,732 [INFO] Saving best model at iteration 76
2025-09-05 19:07:29,987 [INFO] [77/300] loss 1139 | compact 6.94518 | spectral 19.59 | recons_loss: 0.15773 | sparse_loss: 1.03383 | 
2025-09-05 19:07:29,987 [INFO] [Iter 77] LR: 0.02500000
2025-09-05 19:07:29,989 [INFO] Saving best model at iteration 77
2025-09-05 19:07:30,245 [INFO] [78/300] loss 1138.92 | compact 6.94468 | spectral 19.5981 | recons_loss: 0.157646 | sparse_loss: 1.03379 | 
2025-09-05 19:07:30,245 [INFO] [Iter 78] LR: 0.02500000
2025-09-05 19:07:30,246 [INFO] Saving best model at iteration 78
2025-09-05 19:07:30,501 [INFO] [79/300] loss 1138.84 | compact 6.94417 | spectral 19.6063 | recons_loss: 0.157569 | sparse_loss: 1.03376 | 
2025-09-05 19:07:30,502 [INFO] [Iter 79] LR: 0.02500000
2025-09-05 19:07:30,503 [INFO] Saving best model at iteration 79
2025-09-05 19:07:30,758 [INFO] [80/300] loss 1138.76 | compact 6.94481 | spectral 19.6129 | recons_loss: 0.157484 | sparse_loss: 1.03372 | 
2025-09-05 19:07:30,759 [INFO] [Iter 80] LR: 0.02500000
2025-09-05 19:07:30,761 [INFO] Saving best model at iteration 80
2025-09-05 19:07:31,018 [INFO] [81/300] loss 1138.69 | compact 6.94408 | spectral 19.6204 | recons_loss: 0.157412 | sparse_loss: 1.03367 | 
2025-09-05 19:07:31,018 [INFO] [Iter 81] LR: 0.02500000
2025-09-05 19:07:31,020 [INFO] Saving best model at iteration 81
2025-09-05 19:07:31,277 [INFO] [82/300] loss 1138.62 | compact 6.94322 | spectral 19.6292 | recons_loss: 0.157343 | sparse_loss: 1.03364 | 
2025-09-05 19:07:31,278 [INFO] [Iter 82] LR: 0.02500000
2025-09-05 19:07:31,279 [INFO] Saving best model at iteration 82
2025-09-05 19:07:31,534 [INFO] [83/300] loss 1138.54 | compact 6.94351 | spectral 19.6334 | recons_loss: 0.15726 | sparse_loss: 1.03361 | 
2025-09-05 19:07:31,534 [INFO] [Iter 83] LR: 0.02500000
2025-09-05 19:07:31,535 [INFO] Saving best model at iteration 83
2025-09-05 19:07:31,797 [INFO] [84/300] loss 1138.47 | compact 6.94334 | spectral 19.636 | recons_loss: 0.157178 | sparse_loss: 1.03358 | 
2025-09-05 19:07:31,797 [INFO] [Iter 84] LR: 0.02500000
2025-09-05 19:07:31,798 [INFO] Saving best model at iteration 84
2025-09-05 19:07:32,061 [INFO] [85/300] loss 1138.41 | compact 6.94245 | spectral 19.6463 | recons_loss: 0.157113 | sparse_loss: 1.03355 | 
2025-09-05 19:07:32,062 [INFO] [Iter 85] LR: 0.02500000
2025-09-05 19:07:32,064 [INFO] Saving best model at iteration 85
2025-09-05 19:07:32,322 [INFO] [86/300] loss 1138.34 | compact 6.94243 | spectral 19.6493 | recons_loss: 0.157043 | sparse_loss: 1.03352 | 
2025-09-05 19:07:32,323 [INFO] [Iter 86] LR: 0.01250000
2025-09-05 19:07:32,324 [INFO] Saving best model at iteration 86
2025-09-05 19:07:32,583 [INFO] [87/300] loss 1138.27 | compact 6.94247 | spectral 19.6486 | recons_loss: 0.156969 | sparse_loss: 1.03349 | 
2025-09-05 19:07:32,584 [INFO] [Iter 87] LR: 0.01250000
2025-09-05 19:07:32,586 [INFO] Saving best model at iteration 87
2025-09-05 19:07:32,845 [INFO] [88/300] loss 1138.21 | compact 6.9427 | spectral 19.6476 | recons_loss: 0.156899 | sparse_loss: 1.03347 | 
2025-09-05 19:07:32,845 [INFO] [Iter 88] LR: 0.01250000
2025-09-05 19:07:32,847 [INFO] Saving best model at iteration 88
2025-09-05 19:07:33,102 [INFO] [89/300] loss 1138.15 | compact 6.94294 | spectral 19.6467 | recons_loss: 0.156835 | sparse_loss: 1.03344 | 
2025-09-05 19:07:33,102 [INFO] [Iter 89] LR: 0.01250000
2025-09-05 19:07:33,104 [INFO] Saving best model at iteration 89
2025-09-05 19:07:33,360 [INFO] [90/300] loss 1138.08 | compact 6.94308 | spectral 19.6463 | recons_loss: 0.156777 | sparse_loss: 1.03342 | 
2025-09-05 19:07:33,360 [INFO] [Iter 90] LR: 0.00625000
2025-09-05 19:07:33,362 [INFO] Saving best model at iteration 90
2025-09-05 19:07:33,630 [INFO] [91/300] loss 1138.03 | compact 6.94308 | spectral 19.6462 | recons_loss: 0.156724 | sparse_loss: 1.0334 | 
2025-09-05 19:07:33,630 [INFO] [Iter 91] LR: 0.00625000
2025-09-05 19:07:33,633 [INFO] Saving best model at iteration 91
2025-09-05 19:07:33,889 [INFO] [92/300] loss 1137.97 | compact 6.94309 | spectral 19.646 | recons_loss: 0.156675 | sparse_loss: 1.03338 | 
2025-09-05 19:07:33,890 [INFO] [Iter 92] LR: 0.00625000
2025-09-05 19:07:33,892 [INFO] Saving best model at iteration 92
2025-09-05 19:07:34,158 [INFO] [93/300] loss 1137.92 | compact 6.94301 | spectral 19.6458 | recons_loss: 0.15663 | sparse_loss: 1.03336 | 
2025-09-05 19:07:34,158 [INFO] [Iter 93] LR: 0.00625000
2025-09-05 19:07:34,160 [INFO] Saving best model at iteration 93
2025-09-05 19:07:34,414 [INFO] [94/300] loss 1137.88 | compact 6.94297 | spectral 19.6457 | recons_loss: 0.156588 | sparse_loss: 1.03334 | 
2025-09-05 19:07:34,414 [INFO] [Iter 94] LR: 0.00312500
2025-09-05 19:07:34,415 [INFO] Saving best model at iteration 94
2025-09-05 19:07:34,670 [INFO] [95/300] loss 1137.83 | compact 6.94308 | spectral 19.6457 | recons_loss: 0.15655 | sparse_loss: 1.03332 | 
2025-09-05 19:07:34,670 [INFO] [Iter 95] LR: 0.00312500
2025-09-05 19:07:34,672 [INFO] Saving best model at iteration 95
2025-09-05 19:07:34,929 [INFO] [96/300] loss 1137.79 | compact 6.94339 | spectral 19.6456 | recons_loss: 0.156515 | sparse_loss: 1.0333 | 
2025-09-05 19:07:34,929 [INFO] [Iter 96] LR: 0.00312500
2025-09-05 19:07:34,930 [INFO] Saving best model at iteration 96
2025-09-05 19:07:35,192 [INFO] [97/300] loss 1137.74 | compact 6.94367 | spectral 19.6455 | recons_loss: 0.156483 | sparse_loss: 1.03328 | 
2025-09-05 19:07:35,192 [INFO] [Iter 97] LR: 0.00312500
2025-09-05 19:07:35,193 [INFO] Saving best model at iteration 97
2025-09-05 19:07:35,448 [INFO] [98/300] loss 1137.7 | compact 6.94399 | spectral 19.6452 | recons_loss: 0.156454 | sparse_loss: 1.03326 | 
2025-09-05 19:07:35,449 [INFO] [Iter 98] LR: 0.00312500
2025-09-05 19:07:35,450 [INFO] Saving best model at iteration 98
2025-09-05 19:07:35,706 [INFO] [99/300] loss 1137.67 | compact 6.94445 | spectral 19.6448 | recons_loss: 0.156425 | sparse_loss: 1.03324 | 
2025-09-05 19:07:35,706 [INFO] [Iter 99] LR: 0.00156250
2025-09-05 19:07:35,709 [INFO] Saving best model at iteration 99
2025-09-05 19:07:35,786 [INFO] H: 160, W: 150
2025-09-05 19:07:35,889 [INFO] [0 1 2 3 4 5 6]
2025-09-05 19:07:36,040 [INFO] y_target: [1 2 3 4 5 6 7]
2025-09-05 19:07:36,040 [INFO] y_predict: [0 1 2 3 4 5 6]
2025-09-05 19:07:36,197 [INFO] Epoch = 100 OA = 0.7941 Kappa = 0.7569 NMI = 0.7152
2025-09-05 19:07:36,405 [INFO] [100/300] loss 1137.64 | compact 6.94481 | spectral 19.6445 | recons_loss: 0.156399 | sparse_loss: 1.03323 | 
2025-09-05 19:07:36,406 [INFO] [Iter 100] LR: 0.00156250
2025-09-05 19:07:36,407 [INFO] Saving best model at iteration 100
2025-09-05 19:07:36,663 [INFO] [101/300] loss 1137.61 | compact 6.94515 | spectral 19.6443 | recons_loss: 0.156375 | sparse_loss: 1.03321 | 
2025-09-05 19:07:36,663 [INFO] [Iter 101] LR: 0.00156250
2025-09-05 19:07:36,664 [INFO] Saving best model at iteration 101
2025-09-05 19:07:36,921 [INFO] [102/300] loss 1137.58 | compact 6.94549 | spectral 19.644 | recons_loss: 0.156354 | sparse_loss: 1.0332 | 
2025-09-05 19:07:36,922 [INFO] [Iter 102] LR: 0.00078125
2025-09-05 19:07:36,924 [INFO] Saving best model at iteration 102
2025-09-05 19:07:37,182 [INFO] [103/300] loss 1137.55 | compact 6.94579 | spectral 19.6437 | recons_loss: 0.156334 | sparse_loss: 1.03319 | 
2025-09-05 19:07:37,182 [INFO] [Iter 103] LR: 0.00078125
2025-09-05 19:07:37,184 [INFO] Saving best model at iteration 103
2025-09-05 19:07:37,440 [INFO] [104/300] loss 1137.53 | compact 6.94605 | spectral 19.6433 | recons_loss: 0.156316 | sparse_loss: 1.03318 | 
2025-09-05 19:07:37,441 [INFO] [Iter 104] LR: 0.00078125
2025-09-05 19:07:37,442 [INFO] Saving best model at iteration 104
2025-09-05 19:07:37,700 [INFO] [105/300] loss 1137.51 | compact 6.94629 | spectral 19.643 | recons_loss: 0.1563 | sparse_loss: 1.03317 | 
2025-09-05 19:07:37,700 [INFO] [Iter 105] LR: 0.00039063
2025-09-05 19:07:37,703 [INFO] Saving best model at iteration 105
2025-09-05 19:07:37,964 [INFO] [106/300] loss 1137.49 | compact 6.9465 | spectral 19.6431 | recons_loss: 0.156286 | sparse_loss: 1.03316 | 
2025-09-05 19:07:37,964 [INFO] [Iter 106] LR: 0.00039063
2025-09-05 19:07:37,965 [INFO] Saving best model at iteration 106
2025-09-05 19:07:38,221 [INFO] [107/300] loss 1137.47 | compact 6.94653 | spectral 19.6433 | recons_loss: 0.156274 | sparse_loss: 1.03315 | 
2025-09-05 19:07:38,221 [INFO] [Iter 107] LR: 0.00039063
2025-09-05 19:07:38,222 [INFO] Saving best model at iteration 107
2025-09-05 19:07:38,491 [INFO] [108/300] loss 1137.45 | compact 6.94655 | spectral 19.6436 | recons_loss: 0.156264 | sparse_loss: 1.03314 | 
2025-09-05 19:07:38,492 [INFO] [Iter 108] LR: 0.00019531
2025-09-05 19:07:38,493 [INFO] Saving best model at iteration 108
2025-09-05 19:07:38,755 [INFO] [109/300] loss 1137.44 | compact 6.94657 | spectral 19.6438 | recons_loss: 0.156254 | sparse_loss: 1.03314 | 
2025-09-05 19:07:38,755 [INFO] [Iter 109] LR: 0.00019531
2025-09-05 19:07:38,757 [INFO] Saving best model at iteration 109
2025-09-05 19:07:39,014 [INFO] [110/300] loss 1137.42 | compact 6.94659 | spectral 19.6441 | recons_loss: 0.156245 | sparse_loss: 1.03313 | 
2025-09-05 19:07:39,015 [INFO] [Iter 110] LR: 0.00019531
2025-09-05 19:07:39,017 [INFO] Saving best model at iteration 110
2025-09-05 19:07:39,273 [INFO] [111/300] loss 1137.41 | compact 6.94661 | spectral 19.6442 | recons_loss: 0.156238 | sparse_loss: 1.03312 | 
2025-09-05 19:07:39,273 [INFO] [Iter 111] LR: 0.00009766
2025-09-05 19:07:39,274 [INFO] Saving best model at iteration 111
2025-09-05 19:07:39,530 [INFO] [112/300] loss 1137.4 | compact 6.94663 | spectral 19.6444 | recons_loss: 0.156231 | sparse_loss: 1.03312 | 
2025-09-05 19:07:39,530 [INFO] [Iter 112] LR: 0.00009766
2025-09-05 19:07:39,532 [INFO] Saving best model at iteration 112
2025-09-05 19:07:39,787 [INFO] [113/300] loss 1137.39 | compact 6.94664 | spectral 19.6446 | recons_loss: 0.156224 | sparse_loss: 1.03311 | 
2025-09-05 19:07:39,787 [INFO] [Iter 113] LR: 0.00009766
2025-09-05 19:07:39,789 [INFO] Saving best model at iteration 113
2025-09-05 19:07:40,049 [INFO] [114/300] loss 1137.38 | compact 6.94666 | spectral 19.6447 | recons_loss: 0.156219 | sparse_loss: 1.03311 | 
2025-09-05 19:07:40,050 [INFO] [Iter 114] LR: 0.00004883
2025-09-05 19:07:40,051 [INFO] Saving best model at iteration 114
2025-09-05 19:07:40,306 [INFO] [115/300] loss 1137.37 | compact 6.94667 | spectral 19.6448 | recons_loss: 0.156214 | sparse_loss: 1.0331 | 
2025-09-05 19:07:40,307 [INFO] [Iter 115] LR: 0.00004883
2025-09-05 19:07:40,308 [INFO] Saving best model at iteration 115
2025-09-05 19:07:40,563 [INFO] [116/300] loss 1137.36 | compact 6.94668 | spectral 19.6449 | recons_loss: 0.156209 | sparse_loss: 1.0331 | 
2025-09-05 19:07:40,564 [INFO] [Iter 116] LR: 0.00004883
2025-09-05 19:07:40,565 [INFO] Saving best model at iteration 116
2025-09-05 19:07:40,831 [INFO] [117/300] loss 1137.36 | compact 6.94669 | spectral 19.645 | recons_loss: 0.156205 | sparse_loss: 1.0331 | 
2025-09-05 19:07:40,832 [INFO] [Iter 117] LR: 0.00002441
2025-09-05 19:07:40,833 [INFO] Saving best model at iteration 117
2025-09-05 19:07:41,089 [INFO] [118/300] loss 1137.35 | compact 6.9467 | spectral 19.6451 | recons_loss: 0.156201 | sparse_loss: 1.03309 | 
2025-09-05 19:07:41,089 [INFO] [Iter 118] LR: 0.00002441
2025-09-05 19:07:41,090 [INFO] Saving best model at iteration 118
2025-09-05 19:07:41,345 [INFO] [119/300] loss 1137.35 | compact 6.94671 | spectral 19.6452 | recons_loss: 0.156198 | sparse_loss: 1.03309 | 
2025-09-05 19:07:41,346 [INFO] [Iter 119] LR: 0.00002441
2025-09-05 19:07:41,347 [INFO] Saving best model at iteration 119
2025-09-05 19:07:41,604 [INFO] [120/300] loss 1137.34 | compact 6.94671 | spectral 19.6453 | recons_loss: 0.156195 | sparse_loss: 1.03309 | 
2025-09-05 19:07:41,604 [INFO] [Iter 120] LR: 0.00001221
2025-09-05 19:07:41,606 [INFO] Saving best model at iteration 120
2025-09-05 19:07:41,862 [INFO] [121/300] loss 1137.34 | compact 6.94672 | spectral 19.6454 | recons_loss: 0.156192 | sparse_loss: 1.03309 | 
2025-09-05 19:07:41,862 [INFO] [Iter 121] LR: 0.00001221
2025-09-05 19:07:41,864 [INFO] Saving best model at iteration 121
2025-09-05 19:07:42,124 [INFO] [122/300] loss 1137.33 | compact 6.94673 | spectral 19.6454 | recons_loss: 0.156189 | sparse_loss: 1.03308 | 
2025-09-05 19:07:42,124 [INFO] [Iter 122] LR: 0.00001221
2025-09-05 19:07:42,125 [INFO] Saving best model at iteration 122
2025-09-05 19:07:42,380 [INFO] [123/300] loss 1137.33 | compact 6.94673 | spectral 19.6455 | recons_loss: 0.156187 | sparse_loss: 1.03308 | 
2025-09-05 19:07:42,380 [INFO] [Iter 123] LR: 0.00000610
2025-09-05 19:07:42,383 [INFO] Saving best model at iteration 123
2025-09-05 19:07:42,641 [INFO] [124/300] loss 1137.32 | compact 6.94674 | spectral 19.6455 | recons_loss: 0.156185 | sparse_loss: 1.03308 | 
2025-09-05 19:07:42,641 [INFO] [Iter 124] LR: 0.00000610
2025-09-05 19:07:42,642 [INFO] Saving best model at iteration 124
2025-09-05 19:07:42,911 [INFO] [125/300] loss 1137.32 | compact 6.94674 | spectral 19.6456 | recons_loss: 0.156183 | sparse_loss: 1.03308 | 
2025-09-05 19:07:42,912 [INFO] [Iter 125] LR: 0.00000610
2025-09-05 19:07:42,914 [INFO] Saving best model at iteration 125
2025-09-05 19:07:43,188 [INFO] [126/300] loss 1137.32 | compact 6.94674 | spectral 19.6456 | recons_loss: 0.156182 | sparse_loss: 1.03308 | 
2025-09-05 19:07:43,188 [INFO] [Iter 126] LR: 0.00000305
2025-09-05 19:07:43,190 [INFO] Saving best model at iteration 126
2025-09-05 19:07:43,446 [INFO] [127/300] loss 1137.32 | compact 6.94675 | spectral 19.6456 | recons_loss: 0.15618 | sparse_loss: 1.03308 | 
2025-09-05 19:07:43,446 [INFO] [Iter 127] LR: 0.00000305
2025-09-05 19:07:43,448 [INFO] Saving best model at iteration 127
2025-09-05 19:07:43,704 [INFO] [128/300] loss 1137.31 | compact 6.94675 | spectral 19.6457 | recons_loss: 0.156179 | sparse_loss: 1.03308 | 
2025-09-05 19:07:43,704 [INFO] [Iter 128] LR: 0.00000305
2025-09-05 19:07:43,705 [INFO] Saving best model at iteration 128
2025-09-05 19:07:43,961 [INFO] [129/300] loss 1137.31 | compact 6.94675 | spectral 19.6457 | recons_loss: 0.156178 | sparse_loss: 1.03308 | 
2025-09-05 19:07:43,962 [INFO] [Iter 129] LR: 0.00000153
2025-09-05 19:07:43,963 [INFO] Saving best model at iteration 129
2025-09-05 19:07:44,219 [INFO] [130/300] loss 1137.31 | compact 6.94676 | spectral 19.6457 | recons_loss: 0.156177 | sparse_loss: 1.03307 | 
2025-09-05 19:07:44,220 [INFO] [Iter 130] LR: 0.00000153
2025-09-05 19:07:44,221 [INFO] Saving best model at iteration 130
2025-09-05 19:07:44,476 [INFO] [131/300] loss 1137.31 | compact 6.94676 | spectral 19.6457 | recons_loss: 0.156176 | sparse_loss: 1.03307 | 
2025-09-05 19:07:44,476 [INFO] [Iter 131] LR: 0.00000153
2025-09-05 19:07:44,477 [INFO] Saving best model at iteration 131
2025-09-05 19:07:44,746 [INFO] [132/300] loss 1137.31 | compact 6.94676 | spectral 19.6458 | recons_loss: 0.156175 | sparse_loss: 1.03307 | 
2025-09-05 19:07:44,746 [INFO] [Iter 132] LR: 0.00000076
2025-09-05 19:07:44,747 [INFO] Saving best model at iteration 132
2025-09-05 19:07:45,004 [INFO] [133/300] loss 1137.31 | compact 6.94676 | spectral 19.6458 | recons_loss: 0.156174 | sparse_loss: 1.03307 | 
2025-09-05 19:07:45,004 [INFO] [Iter 133] LR: 0.00000076
2025-09-05 19:07:45,006 [INFO] Saving best model at iteration 133
2025-09-05 19:07:45,262 [INFO] [134/300] loss 1137.3 | compact 6.94676 | spectral 19.6458 | recons_loss: 0.156173 | sparse_loss: 1.03307 | 
2025-09-05 19:07:45,262 [INFO] [Iter 134] LR: 0.00000076
2025-09-05 19:07:45,263 [INFO] Saving best model at iteration 134
2025-09-05 19:07:45,518 [INFO] [135/300] loss 1137.3 | compact 6.94677 | spectral 19.6458 | recons_loss: 0.156173 | sparse_loss: 1.03307 | 
2025-09-05 19:07:45,518 [INFO] [Iter 135] LR: 0.00000038
2025-09-05 19:07:45,520 [INFO] Saving best model at iteration 135
2025-09-05 19:07:45,779 [INFO] [136/300] loss 1137.3 | compact 6.94677 | spectral 19.6458 | recons_loss: 0.156172 | sparse_loss: 1.03307 | 
2025-09-05 19:07:45,779 [INFO] [Iter 136] LR: 0.00000038
2025-09-05 19:07:45,780 [INFO] Saving best model at iteration 136
2025-09-05 19:07:46,037 [INFO] [137/300] loss 1137.3 | compact 6.94677 | spectral 19.6458 | recons_loss: 0.156172 | sparse_loss: 1.03307 | 
2025-09-05 19:07:46,038 [INFO] [Iter 137] LR: 0.00000038
2025-09-05 19:07:46,039 [INFO] Saving best model at iteration 137
2025-09-05 19:07:46,296 [INFO] [138/300] loss 1137.3 | compact 6.94677 | spectral 19.6459 | recons_loss: 0.156171 | sparse_loss: 1.03307 | 
2025-09-05 19:07:46,296 [INFO] [Iter 138] LR: 0.00000019
2025-09-05 19:07:46,297 [INFO] Saving best model at iteration 138
2025-09-05 19:07:46,552 [INFO] [139/300] loss 1137.3 | compact 6.94677 | spectral 19.6459 | recons_loss: 0.156171 | sparse_loss: 1.03307 | 
2025-09-05 19:07:46,552 [INFO] [Iter 139] LR: 0.00000019
2025-09-05 19:07:46,554 [INFO] Saving best model at iteration 139
2025-09-05 19:07:46,809 [INFO] [140/300] loss 1137.3 | compact 6.94677 | spectral 19.6459 | recons_loss: 0.15617 | sparse_loss: 1.03307 | 
2025-09-05 19:07:46,809 [INFO] [Iter 140] LR: 0.00000019
2025-09-05 19:07:46,811 [INFO] Saving best model at iteration 140
2025-09-05 19:07:47,065 [INFO] [141/300] loss 1137.3 | compact 6.94677 | spectral 19.6459 | recons_loss: 0.15617 | sparse_loss: 1.03307 | 
2025-09-05 19:07:47,066 [INFO] [Iter 141] LR: 0.00000010
2025-09-05 19:07:47,067 [INFO] Saving best model at iteration 141
2025-09-05 19:07:47,322 [INFO] [142/300] loss 1137.3 | compact 6.94677 | spectral 19.6459 | recons_loss: 0.15617 | sparse_loss: 1.03307 | 
2025-09-05 19:07:47,322 [INFO] [Iter 142] LR: 0.00000010
2025-09-05 19:07:47,323 [INFO] Saving best model at iteration 142
2025-09-05 19:07:47,578 [INFO] [143/300] loss 1137.3 | compact 6.94677 | spectral 19.6459 | recons_loss: 0.156169 | sparse_loss: 1.03307 | 
2025-09-05 19:07:47,579 [INFO] [Iter 143] LR: 0.00000010
2025-09-05 19:07:47,581 [INFO] Saving best model at iteration 143
2025-09-05 19:07:47,840 [INFO] [144/300] loss 1137.3 | compact 6.94677 | spectral 19.6459 | recons_loss: 0.156169 | sparse_loss: 1.03307 | 
2025-09-05 19:07:47,840 [INFO] [Iter 144] LR: 0.00000005
2025-09-05 19:07:47,842 [INFO] Saving best model at iteration 144
2025-09-05 19:07:48,096 [INFO] [145/300] loss 1137.3 | compact 6.94677 | spectral 19.6459 | recons_loss: 0.156169 | sparse_loss: 1.03307 | 
2025-09-05 19:07:48,096 [INFO] [Iter 145] LR: 0.00000005
2025-09-05 19:07:48,098 [INFO] Saving best model at iteration 145
2025-09-05 19:07:48,355 [INFO] [146/300] loss 1137.3 | compact 6.94678 | spectral 19.6459 | recons_loss: 0.156169 | sparse_loss: 1.03307 | 
2025-09-05 19:07:48,356 [INFO] [Iter 146] LR: 0.00000005
2025-09-05 19:07:48,358 [INFO] Saving best model at iteration 146
2025-09-05 19:07:48,614 [INFO] [147/300] loss 1137.3 | compact 6.94678 | spectral 19.6459 | recons_loss: 0.156169 | sparse_loss: 1.03307 | 
2025-09-05 19:07:48,615 [INFO] [Iter 147] LR: 0.00000002
2025-09-05 19:07:48,616 [INFO] Saving best model at iteration 147
2025-09-05 19:07:48,872 [INFO] [148/300] loss 1137.3 | compact 6.94678 | spectral 19.6459 | recons_loss: 0.156168 | sparse_loss: 1.03307 | 
2025-09-05 19:07:48,872 [INFO] [Iter 148] LR: 0.00000002
2025-09-05 19:07:48,873 [INFO] Saving best model at iteration 148
2025-09-05 19:07:49,130 [INFO] [149/300] loss 1137.3 | compact 6.94678 | spectral 19.6459 | recons_loss: 0.156168 | sparse_loss: 1.03307 | 
2025-09-05 19:07:49,131 [INFO] [Iter 149] LR: 0.00000002
2025-09-05 19:07:49,132 [INFO] Saving best model at iteration 149
2025-09-05 19:07:49,206 [INFO] H: 160, W: 150
2025-09-05 19:07:49,315 [INFO] [0 1 2 3 4 5 6]
2025-09-05 19:07:49,470 [INFO] y_target: [1 2 3 4 5 6 7]
2025-09-05 19:07:49,470 [INFO] y_predict: [0 1 2 3 4 5 6]
2025-09-05 19:07:49,628 [INFO] Epoch = 150 OA = 0.7941 Kappa = 0.7569 NMI = 0.7152
2025-09-05 19:07:49,838 [INFO] [150/300] loss 1137.3 | compact 6.94678 | spectral 19.6459 | recons_loss: 0.156168 | sparse_loss: 1.03307 | 
2025-09-05 19:07:49,838 [INFO] [Iter 150] LR: 0.00000001
2025-09-05 19:07:49,839 [INFO] Saving best model at iteration 150
2025-09-05 19:07:50,116 [INFO] [151/300] loss 1137.3 | compact 6.94678 | spectral 19.6459 | recons_loss: 0.156168 | sparse_loss: 1.03307 | 
2025-09-05 19:07:50,116 [INFO] [Iter 151] LR: 0.00000001
2025-09-05 19:07:50,117 [INFO] Saving best model at iteration 151
2025-09-05 19:07:50,386 [INFO] [152/300] loss 1137.3 | compact 6.94678 | spectral 19.6459 | recons_loss: 0.156168 | sparse_loss: 1.03307 | 
2025-09-05 19:07:50,386 [INFO] [Iter 152] LR: 0.00000001
2025-09-05 19:07:50,387 [INFO] Saving best model at iteration 152
2025-09-05 19:07:50,649 [INFO] [153/300] loss 1137.3 | compact 6.94678 | spectral 19.6459 | recons_loss: 0.156168 | sparse_loss: 1.03307 | 
2025-09-05 19:07:50,650 [INFO] [Iter 153] LR: 0.00000001
2025-09-05 19:07:50,652 [INFO] Saving best model at iteration 153
2025-09-05 19:07:50,908 [INFO] [154/300] loss 1137.3 | compact 6.94678 | spectral 19.6459 | recons_loss: 0.156168 | sparse_loss: 1.03307 | 
2025-09-05 19:07:50,909 [INFO] [Iter 154] LR: 0.00000001
2025-09-05 19:07:50,911 [INFO] Saving best model at iteration 154
2025-09-05 19:07:51,170 [INFO] [155/300] loss 1137.3 | compact 6.94678 | spectral 19.6459 | recons_loss: 0.156168 | sparse_loss: 1.03307 | 
2025-09-05 19:07:51,170 [INFO] [Iter 155] LR: 0.00000001
2025-09-05 19:07:51,172 [INFO] Saving best model at iteration 155
2025-09-05 19:07:51,440 [INFO] [156/300] loss 1137.3 | compact 6.94678 | spectral 19.6459 | recons_loss: 0.156168 | sparse_loss: 1.03307 | 
2025-09-05 19:07:51,441 [INFO] [Iter 156] LR: 0.00000001
2025-09-05 19:07:51,442 [INFO] Saving best model at iteration 156
2025-09-05 19:07:51,704 [INFO] [157/300] loss 1137.29 | compact 6.94678 | spectral 19.6459 | recons_loss: 0.156167 | sparse_loss: 1.03307 | 
2025-09-05 19:07:51,705 [INFO] [Iter 157] LR: 0.00000001
2025-09-05 19:07:51,708 [INFO] No improvement: current loss 1137.294953, best loss 1137.295051
2025-09-05 19:07:51,972 [INFO] [158/300] loss 1137.29 | compact 6.94678 | spectral 19.6459 | recons_loss: 0.156167 | sparse_loss: 1.03307 | 
2025-09-05 19:07:51,972 [INFO] [Iter 158] LR: 0.00000001
2025-09-05 19:07:51,973 [INFO] Saving best model at iteration 158
2025-09-05 19:07:52,229 [INFO] [159/300] loss 1137.29 | compact 6.94678 | spectral 19.6459 | recons_loss: 0.156167 | sparse_loss: 1.03307 | 
2025-09-05 19:07:52,230 [INFO] [Iter 159] LR: 0.00000001
2025-09-05 19:07:52,231 [INFO] No improvement: current loss 1137.294773, best loss 1137.294864
2025-09-05 19:07:52,488 [INFO] [160/300] loss 1137.29 | compact 6.94678 | spectral 19.6459 | recons_loss: 0.156167 | sparse_loss: 1.03307 | 
2025-09-05 19:07:52,488 [INFO] [Iter 160] LR: 0.00000001
2025-09-05 19:07:52,490 [INFO] Saving best model at iteration 160
2025-09-05 19:07:52,745 [INFO] [161/300] loss 1137.29 | compact 6.94678 | spectral 19.6459 | recons_loss: 0.156167 | sparse_loss: 1.03307 | 
2025-09-05 19:07:52,746 [INFO] [Iter 161] LR: 0.00000001
2025-09-05 19:07:52,747 [INFO] No improvement: current loss 1137.294628, best loss 1137.294690
2025-09-05 19:07:53,005 [INFO] [162/300] loss 1137.29 | compact 6.94678 | spectral 19.6459 | recons_loss: 0.156167 | sparse_loss: 1.03307 | 
2025-09-05 19:07:53,006 [INFO] [Iter 162] LR: 0.00000001
2025-09-05 19:07:53,007 [INFO] Saving best model at iteration 162
2025-09-05 19:07:53,264 [INFO] [163/300] loss 1137.29 | compact 6.94678 | spectral 19.6459 | recons_loss: 0.156167 | sparse_loss: 1.03307 | 
2025-09-05 19:07:53,264 [INFO] [Iter 163] LR: 0.00000001
2025-09-05 19:07:53,266 [INFO] No improvement: current loss 1137.294498, best loss 1137.294559
2025-09-05 19:07:53,522 [INFO] [164/300] loss 1137.29 | compact 6.94678 | spectral 19.6459 | recons_loss: 0.156167 | sparse_loss: 1.03307 | 
2025-09-05 19:07:53,522 [INFO] [Iter 164] LR: 0.00000001
2025-09-05 19:07:53,525 [INFO] Saving best model at iteration 164
2025-09-05 19:07:53,783 [INFO] [165/300] loss 1137.29 | compact 6.94678 | spectral 19.6459 | recons_loss: 0.156167 | sparse_loss: 1.03307 | 
2025-09-05 19:07:53,783 [INFO] [Iter 165] LR: 0.00000001
2025-09-05 19:07:53,784 [INFO] No improvement: current loss 1137.294393, best loss 1137.294443
2025-09-05 19:07:54,040 [INFO] [166/300] loss 1137.29 | compact 6.94678 | spectral 19.6459 | recons_loss: 0.156167 | sparse_loss: 1.03307 | 
2025-09-05 19:07:54,040 [INFO] [Iter 166] LR: 0.00000001
2025-09-05 19:07:54,042 [INFO] No improvement: current loss 1137.294348, best loss 1137.294443
2025-09-05 19:07:54,299 [INFO] [167/300] loss 1137.29 | compact 6.94678 | spectral 19.6459 | recons_loss: 0.156167 | sparse_loss: 1.03307 | 
2025-09-05 19:07:54,300 [INFO] [Iter 167] LR: 0.00000001
2025-09-05 19:07:54,302 [INFO] Saving best model at iteration 167
2025-09-05 19:07:54,559 [INFO] [168/300] loss 1137.29 | compact 6.94678 | spectral 19.6459 | recons_loss: 0.156167 | sparse_loss: 1.03307 | 
2025-09-05 19:07:54,559 [INFO] [Iter 168] LR: 0.00000001
2025-09-05 19:07:54,560 [INFO] No improvement: current loss 1137.294284, best loss 1137.294308
2025-09-05 19:07:54,816 [INFO] [169/300] loss 1137.29 | compact 6.94678 | spectral 19.646 | recons_loss: 0.156167 | sparse_loss: 1.03307 | 
2025-09-05 19:07:54,816 [INFO] [Iter 169] LR: 0.00000001
2025-09-05 19:07:54,817 [INFO] No improvement: current loss 1137.294250, best loss 1137.294308
2025-09-05 19:07:55,072 [INFO] [170/300] loss 1137.29 | compact 6.94678 | spectral 19.646 | recons_loss: 0.156167 | sparse_loss: 1.03307 | 
2025-09-05 19:07:55,074 [INFO] [Iter 170] LR: 0.00000001
2025-09-05 19:07:55,075 [INFO] No improvement: current loss 1137.294220, best loss 1137.294308
2025-09-05 19:07:55,334 [INFO] [171/300] loss 1137.29 | compact 6.94678 | spectral 19.646 | recons_loss: 0.156167 | sparse_loss: 1.03307 | 
2025-09-05 19:07:55,335 [INFO] [Iter 171] LR: 0.00000001
2025-09-05 19:07:55,337 [INFO] Saving best model at iteration 171
2025-09-05 19:07:55,600 [INFO] [172/300] loss 1137.29 | compact 6.94678 | spectral 19.646 | recons_loss: 0.156167 | sparse_loss: 1.03307 | 
2025-09-05 19:07:55,600 [INFO] [Iter 172] LR: 0.00000001
2025-09-05 19:07:55,603 [INFO] No improvement: current loss 1137.294178, best loss 1137.294204
2025-09-05 19:07:55,871 [INFO] [173/300] loss 1137.29 | compact 6.94678 | spectral 19.646 | recons_loss: 0.156167 | sparse_loss: 1.03307 | 
2025-09-05 19:07:55,872 [INFO] [Iter 173] LR: 0.00000001
2025-09-05 19:07:55,874 [INFO] No improvement: current loss 1137.294155, best loss 1137.294204
2025-09-05 19:07:56,132 [INFO] [174/300] loss 1137.29 | compact 6.94678 | spectral 19.646 | recons_loss: 0.156167 | sparse_loss: 1.03307 | 
2025-09-05 19:07:56,132 [INFO] [Iter 174] LR: 0.00000001
2025-09-05 19:07:56,134 [INFO] No improvement: current loss 1137.294134, best loss 1137.294204
2025-09-05 19:07:56,390 [INFO] [175/300] loss 1137.29 | compact 6.94678 | spectral 19.646 | recons_loss: 0.156167 | sparse_loss: 1.03307 | 
2025-09-05 19:07:56,391 [INFO] [Iter 175] LR: 0.00000001
2025-09-05 19:07:56,392 [INFO] No improvement: current loss 1137.294115, best loss 1137.294204
2025-09-05 19:07:56,648 [INFO] [176/300] loss 1137.29 | compact 6.94678 | spectral 19.646 | recons_loss: 0.156167 | sparse_loss: 1.03307 | 
2025-09-05 19:07:56,648 [INFO] [Iter 176] LR: 0.00000001
2025-09-05 19:07:56,650 [INFO] Saving best model at iteration 176
2025-09-05 19:07:56,907 [INFO] [177/300] loss 1137.29 | compact 6.94678 | spectral 19.646 | recons_loss: 0.156167 | sparse_loss: 1.03307 | 
2025-09-05 19:07:56,908 [INFO] [Iter 177] LR: 0.00000001
2025-09-05 19:07:56,910 [INFO] No improvement: current loss 1137.294083, best loss 1137.294098
2025-09-05 19:07:57,165 [INFO] [178/300] loss 1137.29 | compact 6.94678 | spectral 19.646 | recons_loss: 0.156167 | sparse_loss: 1.03307 | 
2025-09-05 19:07:57,165 [INFO] [Iter 178] LR: 0.00000001
2025-09-05 19:07:57,166 [INFO] No improvement: current loss 1137.294069, best loss 1137.294098
2025-09-05 19:07:57,422 [INFO] [179/300] loss 1137.29 | compact 6.94678 | spectral 19.646 | recons_loss: 0.156167 | sparse_loss: 1.03307 | 
2025-09-05 19:07:57,423 [INFO] [Iter 179] LR: 0.00000001
2025-09-05 19:07:57,425 [INFO] No improvement: current loss 1137.294057, best loss 1137.294098
2025-09-05 19:07:57,684 [INFO] [180/300] loss 1137.29 | compact 6.94678 | spectral 19.646 | recons_loss: 0.156167 | sparse_loss: 1.03307 | 
2025-09-05 19:07:57,684 [INFO] [Iter 180] LR: 0.00000001
2025-09-05 19:07:57,685 [INFO] No improvement: current loss 1137.294058, best loss 1137.294098
2025-09-05 19:07:57,941 [INFO] [181/300] loss 1137.29 | compact 6.94678 | spectral 19.646 | recons_loss: 0.156167 | sparse_loss: 1.03307 | 
2025-09-05 19:07:57,942 [INFO] [Iter 181] LR: 0.00000001
2025-09-05 19:07:57,944 [INFO] No improvement: current loss 1137.294059, best loss 1137.294098
2025-09-05 19:07:58,201 [INFO] [182/300] loss 1137.29 | compact 6.94678 | spectral 19.646 | recons_loss: 0.156167 | sparse_loss: 1.03307 | 
2025-09-05 19:07:58,201 [INFO] [Iter 182] LR: 0.00000001
2025-09-05 19:07:58,202 [INFO] No improvement: current loss 1137.294047, best loss 1137.294098
2025-09-05 19:07:58,460 [INFO] [183/300] loss 1137.29 | compact 6.94678 | spectral 19.646 | recons_loss: 0.156167 | sparse_loss: 1.03307 | 
2025-09-05 19:07:58,460 [INFO] [Iter 183] LR: 0.00000001
2025-09-05 19:07:58,462 [INFO] No improvement: current loss 1137.294037, best loss 1137.294098
2025-09-05 19:07:58,719 [INFO] [184/300] loss 1137.29 | compact 6.94678 | spectral 19.646 | recons_loss: 0.156167 | sparse_loss: 1.03307 | 
2025-09-05 19:07:58,719 [INFO] [Iter 184] LR: 0.00000001
2025-09-05 19:07:58,722 [INFO] No improvement: current loss 1137.294028, best loss 1137.294098
2025-09-05 19:07:58,981 [INFO] [185/300] loss 1137.29 | compact 6.94678 | spectral 19.646 | recons_loss: 0.156167 | sparse_loss: 1.03307 | 
2025-09-05 19:07:58,981 [INFO] [Iter 185] LR: 0.00000001
2025-09-05 19:07:58,984 [INFO] No improvement: current loss 1137.294020, best loss 1137.294098
2025-09-05 19:07:59,240 [INFO] [186/300] loss 1137.29 | compact 6.94678 | spectral 19.646 | recons_loss: 0.156167 | sparse_loss: 1.03307 | 
2025-09-05 19:07:59,241 [INFO] [Iter 186] LR: 0.00000001
2025-09-05 19:07:59,242 [INFO] No improvement: current loss 1137.294012, best loss 1137.294098
2025-09-05 19:07:59,498 [INFO] [187/300] loss 1137.29 | compact 6.94678 | spectral 19.646 | recons_loss: 0.156167 | sparse_loss: 1.03307 | 
2025-09-05 19:07:59,498 [INFO] [Iter 187] LR: 0.00000001
2025-09-05 19:07:59,500 [INFO] No improvement: current loss 1137.294006, best loss 1137.294098
2025-09-05 19:07:59,764 [INFO] [188/300] loss 1137.29 | compact 6.94678 | spectral 19.646 | recons_loss: 0.156167 | sparse_loss: 1.03307 | 
2025-09-05 19:07:59,764 [INFO] [Iter 188] LR: 0.00000001
2025-09-05 19:07:59,765 [INFO] No improvement: current loss 1137.294000, best loss 1137.294098
2025-09-05 19:08:00,022 [INFO] [189/300] loss 1137.29 | compact 6.94678 | spectral 19.646 | recons_loss: 0.156167 | sparse_loss: 1.03307 | 
2025-09-05 19:08:00,023 [INFO] [Iter 189] LR: 0.00000001
2025-09-05 19:08:00,025 [INFO] No improvement: current loss 1137.294006, best loss 1137.294098
2025-09-05 19:08:00,284 [INFO] [190/300] loss 1137.29 | compact 6.94678 | spectral 19.646 | recons_loss: 0.156167 | sparse_loss: 1.03307 | 
2025-09-05 19:08:00,285 [INFO] [Iter 190] LR: 0.00000001
2025-09-05 19:08:00,286 [INFO] No improvement: current loss 1137.294000, best loss 1137.294098
2025-09-05 19:08:00,551 [INFO] [191/300] loss 1137.29 | compact 6.94678 | spectral 19.646 | recons_loss: 0.156167 | sparse_loss: 1.03307 | 
2025-09-05 19:08:00,552 [INFO] [Iter 191] LR: 0.00000001
2025-09-05 19:08:00,553 [INFO] No improvement: current loss 1137.294007, best loss 1137.294098
2025-09-05 19:08:00,816 [INFO] [192/300] loss 1137.29 | compact 6.94678 | spectral 19.646 | recons_loss: 0.156167 | sparse_loss: 1.03307 | 
2025-09-05 19:08:00,817 [INFO] [Iter 192] LR: 0.00000001
2025-09-05 19:08:00,818 [INFO] No improvement: current loss 1137.294001, best loss 1137.294098
2025-09-05 19:08:01,085 [INFO] [193/300] loss 1137.29 | compact 6.94678 | spectral 19.646 | recons_loss: 0.156167 | sparse_loss: 1.03307 | 
2025-09-05 19:08:01,087 [INFO] [Iter 193] LR: 0.00000001
2025-09-05 19:08:01,088 [INFO] Saving best model at iteration 193
2025-09-05 19:08:01,343 [INFO] [194/300] loss 1137.29 | compact 6.94678 | spectral 19.646 | recons_loss: 0.156167 | sparse_loss: 1.03307 | 
2025-09-05 19:08:01,344 [INFO] [Iter 194] LR: 0.00000001
2025-09-05 19:08:01,345 [INFO] No improvement: current loss 1137.293990, best loss 1137.293995
2025-09-05 19:08:01,599 [INFO] [195/300] loss 1137.29 | compact 6.94678 | spectral 19.646 | recons_loss: 0.156167 | sparse_loss: 1.03307 | 
2025-09-05 19:08:01,600 [INFO] [Iter 195] LR: 0.00000001
2025-09-05 19:08:01,602 [INFO] No improvement: current loss 1137.293986, best loss 1137.293995
2025-09-05 19:08:01,860 [INFO] [196/300] loss 1137.29 | compact 6.94678 | spectral 19.646 | recons_loss: 0.156167 | sparse_loss: 1.03307 | 
2025-09-05 19:08:01,860 [INFO] [Iter 196] LR: 0.00000001
2025-09-05 19:08:01,861 [INFO] No improvement: current loss 1137.293982, best loss 1137.293995
2025-09-05 19:08:02,118 [INFO] [197/300] loss 1137.29 | compact 6.94678 | spectral 19.646 | recons_loss: 0.156167 | sparse_loss: 1.03307 | 
2025-09-05 19:08:02,119 [INFO] [Iter 197] LR: 0.00000001
2025-09-05 19:08:02,121 [INFO] No improvement: current loss 1137.293978, best loss 1137.293995
2025-09-05 19:08:02,381 [INFO] [198/300] loss 1137.29 | compact 6.94678 | spectral 19.646 | recons_loss: 0.156167 | sparse_loss: 1.03307 | 
2025-09-05 19:08:02,381 [INFO] [Iter 198] LR: 0.00000001
2025-09-05 19:08:02,383 [INFO] No improvement: current loss 1137.293987, best loss 1137.293995
2025-09-05 19:08:02,651 [INFO] [199/300] loss 1137.29 | compact 6.94678 | spectral 19.646 | recons_loss: 0.156167 | sparse_loss: 1.03307 | 
2025-09-05 19:08:02,651 [INFO] [Iter 199] LR: 0.00000001
2025-09-05 19:08:02,652 [INFO] No improvement: current loss 1137.293995, best loss 1137.293995
2025-09-05 19:08:02,712 [INFO] H: 160, W: 150
2025-09-05 19:08:02,829 [INFO] [0 1 2 3 4 5 6]
2025-09-05 19:08:03,004 [INFO] y_target: [1 2 3 4 5 6 7]
2025-09-05 19:08:03,005 [INFO] y_predict: [0 1 2 3 4 5 6]
2025-09-05 19:08:03,162 [INFO] Epoch = 200 OA = 0.7941 Kappa = 0.7569 NMI = 0.7152
2025-09-05 19:08:03,370 [INFO] [200/300] loss 1137.29 | compact 6.94678 | spectral 19.646 | recons_loss: 0.156167 | sparse_loss: 1.03307 | 
2025-09-05 19:08:03,371 [INFO] [Iter 200] LR: 0.00000001
2025-09-05 19:08:03,372 [INFO] No improvement: current loss 1137.294002, best loss 1137.293995
2025-09-05 19:08:03,644 [INFO] [201/300] loss 1137.29 | compact 6.94678 | spectral 19.646 | recons_loss: 0.156167 | sparse_loss: 1.03307 | 
2025-09-05 19:08:03,644 [INFO] [Iter 201] LR: 0.00000001
2025-09-05 19:08:03,646 [INFO] No improvement: current loss 1137.293997, best loss 1137.293995
2025-09-05 19:08:03,911 [INFO] [202/300] loss 1137.29 | compact 6.94678 | spectral 19.646 | recons_loss: 0.156167 | sparse_loss: 1.03307 | 
2025-09-05 19:08:03,911 [INFO] [Iter 202] LR: 0.00000001
2025-09-05 19:08:03,913 [INFO] No improvement: current loss 1137.293991, best loss 1137.293995
2025-09-05 19:08:04,189 [INFO] [203/300] loss 1137.29 | compact 6.94678 | spectral 19.646 | recons_loss: 0.156167 | sparse_loss: 1.03307 | 
2025-09-05 19:08:04,190 [INFO] [Iter 203] LR: 0.00000001
2025-09-05 19:08:04,191 [INFO] No improvement: current loss 1137.293987, best loss 1137.293995
2025-09-05 19:08:04,447 [INFO] [204/300] loss 1137.29 | compact 6.94678 | spectral 19.646 | recons_loss: 0.156167 | sparse_loss: 1.03307 | 
2025-09-05 19:08:04,447 [INFO] [Iter 204] LR: 0.00000001
2025-09-05 19:08:04,448 [INFO] No improvement: current loss 1137.293983, best loss 1137.293995
2025-09-05 19:08:04,705 [INFO] [205/300] loss 1137.29 | compact 6.94678 | spectral 19.646 | recons_loss: 0.156167 | sparse_loss: 1.03307 | 
2025-09-05 19:08:04,705 [INFO] [Iter 205] LR: 0.00000001
2025-09-05 19:08:04,707 [INFO] No improvement: current loss 1137.293991, best loss 1137.293995
2025-09-05 19:08:04,962 [INFO] [206/300] loss 1137.29 | compact 6.94678 | spectral 19.646 | recons_loss: 0.156167 | sparse_loss: 1.03307 | 
2025-09-05 19:08:04,963 [INFO] [Iter 206] LR: 0.00000001
2025-09-05 19:08:04,965 [INFO] No improvement: current loss 1137.293999, best loss 1137.293995
2025-09-05 19:08:05,225 [INFO] [207/300] loss 1137.29 | compact 6.94678 | spectral 19.646 | recons_loss: 0.156167 | sparse_loss: 1.03307 | 
2025-09-05 19:08:05,226 [INFO] [Iter 207] LR: 0.00000001
2025-09-05 19:08:05,227 [INFO] No improvement: current loss 1137.293993, best loss 1137.293995
2025-09-05 19:08:05,490 [INFO] [208/300] loss 1137.29 | compact 6.94678 | spectral 19.646 | recons_loss: 0.156167 | sparse_loss: 1.03307 | 
2025-09-05 19:08:05,491 [INFO] [Iter 208] LR: 0.00000001
2025-09-05 19:08:05,494 [INFO] No improvement: current loss 1137.294001, best loss 1137.293995
2025-09-05 19:08:05,764 [INFO] [209/300] loss 1137.29 | compact 6.94678 | spectral 19.646 | recons_loss: 0.156167 | sparse_loss: 1.03307 | 
2025-09-05 19:08:05,764 [INFO] [Iter 209] LR: 0.00000001
2025-09-05 19:08:05,765 [INFO] No improvement: current loss 1137.293995, best loss 1137.293995
2025-09-05 19:08:06,023 [INFO] [210/300] loss 1137.29 | compact 6.94678 | spectral 19.646 | recons_loss: 0.156167 | sparse_loss: 1.03307 | 
2025-09-05 19:08:06,023 [INFO] [Iter 210] LR: 0.00000001
2025-09-05 19:08:06,025 [INFO] No improvement: current loss 1137.294002, best loss 1137.293995
2025-09-05 19:08:06,283 [INFO] [211/300] loss 1137.29 | compact 6.94678 | spectral 19.646 | recons_loss: 0.156167 | sparse_loss: 1.03307 | 
2025-09-05 19:08:06,283 [INFO] [Iter 211] LR: 0.00000001
2025-09-05 19:08:06,284 [INFO] No improvement: current loss 1137.293997, best loss 1137.293995
2025-09-05 19:08:06,543 [INFO] [212/300] loss 1137.29 | compact 6.94678 | spectral 19.646 | recons_loss: 0.156167 | sparse_loss: 1.03307 | 
2025-09-05 19:08:06,543 [INFO] [Iter 212] LR: 0.00000001
2025-09-05 19:08:06,546 [INFO] No improvement: current loss 1137.293992, best loss 1137.293995
2025-09-05 19:08:06,803 [INFO] [213/300] loss 1137.29 | compact 6.94678 | spectral 19.646 | recons_loss: 0.156167 | sparse_loss: 1.03307 | 
2025-09-05 19:08:06,803 [INFO] [Iter 213] LR: 0.00000001
2025-09-05 19:08:06,805 [INFO] No improvement: current loss 1137.293987, best loss 1137.293995
2025-09-05 19:08:07,072 [INFO] [214/300] loss 1137.29 | compact 6.94678 | spectral 19.646 | recons_loss: 0.156167 | sparse_loss: 1.03307 | 
2025-09-05 19:08:07,072 [INFO] [Iter 214] LR: 0.00000001
2025-09-05 19:08:07,074 [INFO] No improvement: current loss 1137.293983, best loss 1137.293995
2025-09-05 19:08:07,333 [INFO] [215/300] loss 1137.29 | compact 6.94678 | spectral 19.646 | recons_loss: 0.156167 | sparse_loss: 1.03307 | 
2025-09-05 19:08:07,333 [INFO] [Iter 215] LR: 0.00000001
2025-09-05 19:08:07,334 [INFO] No improvement: current loss 1137.293979, best loss 1137.293995
2025-09-05 19:08:07,590 [INFO] [216/300] loss 1137.29 | compact 6.94678 | spectral 19.646 | recons_loss: 0.156167 | sparse_loss: 1.03307 | 
2025-09-05 19:08:07,590 [INFO] [Iter 216] LR: 0.00000001
2025-09-05 19:08:07,591 [INFO] No improvement: current loss 1137.293976, best loss 1137.293995
2025-09-05 19:08:07,853 [INFO] [217/300] loss 1137.29 | compact 6.94678 | spectral 19.646 | recons_loss: 0.156167 | sparse_loss: 1.03307 | 
2025-09-05 19:08:07,854 [INFO] [Iter 217] LR: 0.00000001
2025-09-05 19:08:07,855 [INFO] No improvement: current loss 1137.293973, best loss 1137.293995
2025-09-05 19:08:08,117 [INFO] [218/300] loss 1137.29 | compact 6.94678 | spectral 19.646 | recons_loss: 0.156167 | sparse_loss: 1.03307 | 
2025-09-05 19:08:08,117 [INFO] [Iter 218] LR: 0.00000001
2025-09-05 19:08:08,118 [INFO] No improvement: current loss 1137.293970, best loss 1137.293995
2025-09-05 19:08:08,377 [INFO] [219/300] loss 1137.29 | compact 6.94678 | spectral 19.646 | recons_loss: 0.156167 | sparse_loss: 1.03307 | 
2025-09-05 19:08:08,378 [INFO] [Iter 219] LR: 0.00000001
2025-09-05 19:08:08,379 [INFO] No improvement: current loss 1137.293967, best loss 1137.293995
2025-09-05 19:08:08,649 [INFO] [220/300] loss 1137.29 | compact 6.94678 | spectral 19.646 | recons_loss: 0.156167 | sparse_loss: 1.03307 | 
2025-09-05 19:08:08,649 [INFO] [Iter 220] LR: 0.00000001
2025-09-05 19:08:08,651 [INFO] No improvement: current loss 1137.293965, best loss 1137.293995
2025-09-05 19:08:08,918 [INFO] [221/300] loss 1137.29 | compact 6.94678 | spectral 19.646 | recons_loss: 0.156167 | sparse_loss: 1.03307 | 
2025-09-05 19:08:08,919 [INFO] [Iter 221] LR: 0.00000001
2025-09-05 19:08:08,920 [INFO] No improvement: current loss 1137.293963, best loss 1137.293995
2025-09-05 19:08:09,200 [INFO] [222/300] loss 1137.29 | compact 6.94678 | spectral 19.646 | recons_loss: 0.156167 | sparse_loss: 1.03307 | 
2025-09-05 19:08:09,202 [INFO] [Iter 222] LR: 0.00000001
2025-09-05 19:08:09,204 [INFO] No improvement: current loss 1137.293961, best loss 1137.293995
2025-09-05 19:08:09,473 [INFO] [223/300] loss 1137.29 | compact 6.94678 | spectral 19.646 | recons_loss: 0.156167 | sparse_loss: 1.03307 | 
2025-09-05 19:08:09,473 [INFO] [Iter 223] LR: 0.00000001
2025-09-05 19:08:09,474 [INFO] No improvement: current loss 1137.293960, best loss 1137.293995
2025-09-05 19:08:09,741 [INFO] [224/300] loss 1137.29 | compact 6.94678 | spectral 19.646 | recons_loss: 0.156167 | sparse_loss: 1.03307 | 
2025-09-05 19:08:09,741 [INFO] [Iter 224] LR: 0.00000001
2025-09-05 19:08:09,742 [INFO] No improvement: current loss 1137.293958, best loss 1137.293995
2025-09-05 19:08:10,002 [INFO] [225/300] loss 1137.29 | compact 6.94678 | spectral 19.646 | recons_loss: 0.156167 | sparse_loss: 1.03307 | 
2025-09-05 19:08:10,003 [INFO] [Iter 225] LR: 0.00000001
2025-09-05 19:08:10,004 [INFO] No improvement: current loss 1137.293957, best loss 1137.293995
2025-09-05 19:08:10,272 [INFO] [226/300] loss 1137.29 | compact 6.94678 | spectral 19.646 | recons_loss: 0.156167 | sparse_loss: 1.03307 | 
2025-09-05 19:08:10,272 [INFO] [Iter 226] LR: 0.00000001
2025-09-05 19:08:10,273 [INFO] No improvement: current loss 1137.293956, best loss 1137.293995
2025-09-05 19:08:10,530 [INFO] [227/300] loss 1137.29 | compact 6.94678 | spectral 19.646 | recons_loss: 0.156167 | sparse_loss: 1.03307 | 
2025-09-05 19:08:10,530 [INFO] [Iter 227] LR: 0.00000001
2025-09-05 19:08:10,532 [INFO] No improvement: current loss 1137.293955, best loss 1137.293995
2025-09-05 19:08:10,789 [INFO] [228/300] loss 1137.29 | compact 6.94678 | spectral 19.646 | recons_loss: 0.156167 | sparse_loss: 1.03307 | 
2025-09-05 19:08:10,790 [INFO] [Iter 228] LR: 0.00000001
2025-09-05 19:08:10,791 [INFO] No improvement: current loss 1137.293942, best loss 1137.293995
2025-09-05 19:08:11,049 [INFO] [229/300] loss 1137.29 | compact 6.94678 | spectral 19.646 | recons_loss: 0.156167 | sparse_loss: 1.03307 | 
2025-09-05 19:08:11,050 [INFO] [Iter 229] LR: 0.00000001
2025-09-05 19:08:11,051 [INFO] No improvement: current loss 1137.293942, best loss 1137.293995
2025-09-05 19:08:11,310 [INFO] [230/300] loss 1137.29 | compact 6.94678 | spectral 19.646 | recons_loss: 0.156167 | sparse_loss: 1.03307 | 
2025-09-05 19:08:11,310 [INFO] [Iter 230] LR: 0.00000001
2025-09-05 19:08:11,312 [INFO] No improvement: current loss 1137.293942, best loss 1137.293995
2025-09-05 19:08:11,575 [INFO] [231/300] loss 1137.29 | compact 6.94678 | spectral 19.646 | recons_loss: 0.156167 | sparse_loss: 1.03307 | 
2025-09-05 19:08:11,575 [INFO] [Iter 231] LR: 0.00000001
2025-09-05 19:08:11,577 [INFO] No improvement: current loss 1137.293943, best loss 1137.293995
2025-09-05 19:08:11,838 [INFO] [232/300] loss 1137.29 | compact 6.94678 | spectral 19.646 | recons_loss: 0.156167 | sparse_loss: 1.03307 | 
2025-09-05 19:08:11,838 [INFO] [Iter 232] LR: 0.00000001
2025-09-05 19:08:11,840 [INFO] No improvement: current loss 1137.293943, best loss 1137.293995
2025-09-05 19:08:12,101 [INFO] [233/300] loss 1137.29 | compact 6.94678 | spectral 19.646 | recons_loss: 0.156167 | sparse_loss: 1.03307 | 
2025-09-05 19:08:12,101 [INFO] [Iter 233] LR: 0.00000001
2025-09-05 19:08:12,102 [INFO] No improvement: current loss 1137.293943, best loss 1137.293995
2025-09-05 19:08:12,360 [INFO] [234/300] loss 1137.29 | compact 6.94678 | spectral 19.646 | recons_loss: 0.156167 | sparse_loss: 1.03307 | 
2025-09-05 19:08:12,361 [INFO] [Iter 234] LR: 0.00000001
2025-09-05 19:08:12,364 [INFO] No improvement: current loss 1137.293956, best loss 1137.293995
2025-09-05 19:08:12,620 [INFO] [235/300] loss 1137.29 | compact 6.94678 | spectral 19.646 | recons_loss: 0.156167 | sparse_loss: 1.03307 | 
2025-09-05 19:08:12,621 [INFO] [Iter 235] LR: 0.00000001
2025-09-05 19:08:12,622 [INFO] No improvement: current loss 1137.293955, best loss 1137.293995
2025-09-05 19:08:12,879 [INFO] [236/300] loss 1137.29 | compact 6.94678 | spectral 19.646 | recons_loss: 0.156167 | sparse_loss: 1.03307 | 
2025-09-05 19:08:12,880 [INFO] [Iter 236] LR: 0.00000001
2025-09-05 19:08:12,881 [INFO] No improvement: current loss 1137.293954, best loss 1137.293995
2025-09-05 19:08:13,139 [INFO] [237/300] loss 1137.29 | compact 6.94678 | spectral 19.646 | recons_loss: 0.156167 | sparse_loss: 1.03307 | 
2025-09-05 19:08:13,139 [INFO] [Iter 237] LR: 0.00000001
2025-09-05 19:08:13,140 [INFO] No improvement: current loss 1137.293965, best loss 1137.293995
2025-09-05 19:08:13,396 [INFO] [238/300] loss 1137.29 | compact 6.94678 | spectral 19.646 | recons_loss: 0.156167 | sparse_loss: 1.03307 | 
2025-09-05 19:08:13,397 [INFO] [Iter 238] LR: 0.00000001
2025-09-05 19:08:13,399 [INFO] No improvement: current loss 1137.293963, best loss 1137.293995
2025-09-05 19:08:13,656 [INFO] [239/300] loss 1137.29 | compact 6.94678 | spectral 19.646 | recons_loss: 0.156167 | sparse_loss: 1.03307 | 
2025-09-05 19:08:13,657 [INFO] [Iter 239] LR: 0.00000001
2025-09-05 19:08:13,659 [INFO] No improvement: current loss 1137.293973, best loss 1137.293995
2025-09-05 19:08:13,923 [INFO] [240/300] loss 1137.29 | compact 6.94678 | spectral 19.646 | recons_loss: 0.156167 | sparse_loss: 1.03307 | 
2025-09-05 19:08:13,923 [INFO] [Iter 240] LR: 0.00000001
2025-09-05 19:08:13,924 [INFO] No improvement: current loss 1137.293983, best loss 1137.293995
2025-09-05 19:08:14,187 [INFO] [241/300] loss 1137.29 | compact 6.94678 | spectral 19.646 | recons_loss: 0.156167 | sparse_loss: 1.03307 | 
2025-09-05 19:08:14,187 [INFO] [Iter 241] LR: 0.00000001
2025-09-05 19:08:14,189 [INFO] No improvement: current loss 1137.293979, best loss 1137.293995
2025-09-05 19:08:14,446 [INFO] [242/300] loss 1137.29 | compact 6.94678 | spectral 19.646 | recons_loss: 0.156167 | sparse_loss: 1.03307 | 
2025-09-05 19:08:14,446 [INFO] [Iter 242] LR: 0.00000001
2025-09-05 19:08:14,447 [INFO] No improvement: current loss 1137.293976, best loss 1137.293995
2025-09-05 19:08:14,721 [INFO] [243/300] loss 1137.29 | compact 6.94678 | spectral 19.646 | recons_loss: 0.156167 | sparse_loss: 1.03307 | 
2025-09-05 19:08:14,721 [INFO] [Iter 243] LR: 0.00000001
2025-09-05 19:08:14,722 [INFO] No improvement: current loss 1137.293973, best loss 1137.293995
2025-09-05 19:08:14,981 [INFO] [244/300] loss 1137.29 | compact 6.94678 | spectral 19.646 | recons_loss: 0.156167 | sparse_loss: 1.03307 | 
2025-09-05 19:08:14,982 [INFO] [Iter 244] LR: 0.00000001
2025-09-05 19:08:14,984 [INFO] No improvement: current loss 1137.293970, best loss 1137.293995
2025-09-05 19:08:15,244 [INFO] [245/300] loss 1137.29 | compact 6.94678 | spectral 19.646 | recons_loss: 0.156167 | sparse_loss: 1.03307 | 
2025-09-05 19:08:15,244 [INFO] [Iter 245] LR: 0.00000001
2025-09-05 19:08:15,247 [INFO] No improvement: current loss 1137.293980, best loss 1137.293995
2025-09-05 19:08:15,506 [INFO] [246/300] loss 1137.29 | compact 6.94678 | spectral 19.646 | recons_loss: 0.156167 | sparse_loss: 1.03307 | 
2025-09-05 19:08:15,506 [INFO] [Iter 246] LR: 0.00000001
2025-09-05 19:08:15,508 [INFO] No improvement: current loss 1137.293988, best loss 1137.293995
2025-09-05 19:08:15,775 [INFO] [247/300] loss 1137.29 | compact 6.94678 | spectral 19.646 | recons_loss: 0.156167 | sparse_loss: 1.03307 | 
2025-09-05 19:08:15,776 [INFO] [Iter 247] LR: 0.00000001
2025-09-05 19:08:15,777 [INFO] No improvement: current loss 1137.293984, best loss 1137.293995
2025-09-05 19:08:16,033 [INFO] [248/300] loss 1137.29 | compact 6.94678 | spectral 19.646 | recons_loss: 0.156167 | sparse_loss: 1.03307 | 
2025-09-05 19:08:16,033 [INFO] [Iter 248] LR: 0.00000001
2025-09-05 19:08:16,036 [INFO] No improvement: current loss 1137.293980, best loss 1137.293995
2025-09-05 19:08:16,294 [INFO] [249/300] loss 1137.29 | compact 6.94678 | spectral 19.646 | recons_loss: 0.156167 | sparse_loss: 1.03307 | 
2025-09-05 19:08:16,295 [INFO] [Iter 249] LR: 0.00000001
2025-09-05 19:08:16,297 [INFO] No improvement: current loss 1137.293977, best loss 1137.293995
2025-09-05 19:08:16,361 [INFO] H: 160, W: 150
2025-09-05 19:08:16,478 [INFO] [0 1 2 3 4 5 6]
2025-09-05 19:08:16,623 [INFO] y_target: [1 2 3 4 5 6 7]
2025-09-05 19:08:16,624 [INFO] y_predict: [0 1 2 3 4 5 6]
2025-09-05 19:08:16,786 [INFO] Epoch = 250 OA = 0.7941 Kappa = 0.7569 NMI = 0.7152
2025-09-05 19:08:16,997 [INFO] [250/300] loss 1137.29 | compact 6.94678 | spectral 19.646 | recons_loss: 0.156167 | sparse_loss: 1.03307 | 
2025-09-05 19:08:16,997 [INFO] [Iter 250] LR: 0.00000001
2025-09-05 19:08:16,999 [INFO] No improvement: current loss 1137.293986, best loss 1137.293995
2025-09-05 19:08:17,258 [INFO] [251/300] loss 1137.29 | compact 6.94678 | spectral 19.646 | recons_loss: 0.156167 | sparse_loss: 1.03307 | 
2025-09-05 19:08:17,259 [INFO] [Iter 251] LR: 0.00000001
2025-09-05 19:08:17,260 [INFO] No improvement: current loss 1137.293982, best loss 1137.293995
2025-09-05 19:08:17,520 [INFO] [252/300] loss 1137.29 | compact 6.94678 | spectral 19.646 | recons_loss: 0.156167 | sparse_loss: 1.03307 | 
2025-09-05 19:08:17,520 [INFO] [Iter 252] LR: 0.00000001
2025-09-05 19:08:17,521 [INFO] No improvement: current loss 1137.293978, best loss 1137.293995
2025-09-05 19:08:17,786 [INFO] [253/300] loss 1137.29 | compact 6.94678 | spectral 19.646 | recons_loss: 0.156167 | sparse_loss: 1.03307 | 
2025-09-05 19:08:17,787 [INFO] [Iter 253] LR: 0.00000001
2025-09-05 19:08:17,789 [INFO] No improvement: current loss 1137.293975, best loss 1137.293995
2025-09-05 19:08:18,069 [INFO] [254/300] loss 1137.29 | compact 6.94678 | spectral 19.646 | recons_loss: 0.156167 | sparse_loss: 1.03307 | 
2025-09-05 19:08:18,069 [INFO] [Iter 254] LR: 0.00000001
2025-09-05 19:08:18,071 [INFO] No improvement: current loss 1137.293984, best loss 1137.293995
2025-09-05 19:08:18,327 [INFO] [255/300] loss 1137.29 | compact 6.94678 | spectral 19.646 | recons_loss: 0.156167 | sparse_loss: 1.03307 | 
2025-09-05 19:08:18,327 [INFO] [Iter 255] LR: 0.00000001
2025-09-05 19:08:18,328 [INFO] No improvement: current loss 1137.293992, best loss 1137.293995
2025-09-05 19:08:18,597 [INFO] [256/300] loss 1137.29 | compact 6.94678 | spectral 19.646 | recons_loss: 0.156167 | sparse_loss: 1.03307 | 
2025-09-05 19:08:18,598 [INFO] [Iter 256] LR: 0.00000001
2025-09-05 19:08:18,600 [INFO] No improvement: current loss 1137.293988, best loss 1137.293995
2025-09-05 19:08:18,860 [INFO] [257/300] loss 1137.29 | compact 6.94678 | spectral 19.646 | recons_loss: 0.156167 | sparse_loss: 1.03307 | 
2025-09-05 19:08:18,861 [INFO] [Iter 257] LR: 0.00000001
2025-09-05 19:08:18,862 [INFO] No improvement: current loss 1137.293983, best loss 1137.293995
2025-09-05 19:08:19,121 [INFO] [258/300] loss 1137.29 | compact 6.94678 | spectral 19.646 | recons_loss: 0.156167 | sparse_loss: 1.03307 | 
2025-09-05 19:08:19,121 [INFO] [Iter 258] LR: 0.00000001
2025-09-05 19:08:19,122 [INFO] No improvement: current loss 1137.293980, best loss 1137.293995
2025-09-05 19:08:19,378 [INFO] [259/300] loss 1137.29 | compact 6.94678 | spectral 19.646 | recons_loss: 0.156167 | sparse_loss: 1.03307 | 
2025-09-05 19:08:19,379 [INFO] [Iter 259] LR: 0.00000001
2025-09-05 19:08:19,380 [INFO] No improvement: current loss 1137.293976, best loss 1137.293995
2025-09-05 19:08:19,636 [INFO] [260/300] loss 1137.29 | compact 6.94678 | spectral 19.646 | recons_loss: 0.156167 | sparse_loss: 1.03307 | 
2025-09-05 19:08:19,637 [INFO] [Iter 260] LR: 0.00000001
2025-09-05 19:08:19,638 [INFO] No improvement: current loss 1137.293973, best loss 1137.293995
2025-09-05 19:08:19,894 [INFO] [261/300] loss 1137.29 | compact 6.94678 | spectral 19.646 | recons_loss: 0.156167 | sparse_loss: 1.03307 | 
2025-09-05 19:08:19,894 [INFO] [Iter 261] LR: 0.00000001
2025-09-05 19:08:19,897 [INFO] No improvement: current loss 1137.293970, best loss 1137.293995
2025-09-05 19:08:20,156 [INFO] [262/300] loss 1137.29 | compact 6.94678 | spectral 19.646 | recons_loss: 0.156167 | sparse_loss: 1.03307 | 
2025-09-05 19:08:20,156 [INFO] [Iter 262] LR: 0.00000001
2025-09-05 19:08:20,157 [INFO] No improvement: current loss 1137.293968, best loss 1137.293995
2025-09-05 19:08:20,416 [INFO] [263/300] loss 1137.29 | compact 6.94678 | spectral 19.646 | recons_loss: 0.156167 | sparse_loss: 1.03307 | 
2025-09-05 19:08:20,417 [INFO] [Iter 263] LR: 0.00000001
2025-09-05 19:08:20,420 [INFO] No improvement: current loss 1137.293966, best loss 1137.293995
2025-09-05 19:08:20,697 [INFO] [264/300] loss 1137.29 | compact 6.94678 | spectral 19.646 | recons_loss: 0.156167 | sparse_loss: 1.03307 | 
2025-09-05 19:08:20,697 [INFO] [Iter 264] LR: 0.00000001
2025-09-05 19:08:20,698 [INFO] No improvement: current loss 1137.293951, best loss 1137.293995
2025-09-05 19:08:20,963 [INFO] [265/300] loss 1137.29 | compact 6.94678 | spectral 19.646 | recons_loss: 0.156167 | sparse_loss: 1.03307 | 
2025-09-05 19:08:20,964 [INFO] [Iter 265] LR: 0.00000001
2025-09-05 19:08:20,965 [INFO] No improvement: current loss 1137.293951, best loss 1137.293995
2025-09-05 19:08:21,225 [INFO] [266/300] loss 1137.29 | compact 6.94678 | spectral 19.646 | recons_loss: 0.156167 | sparse_loss: 1.03307 | 
2025-09-05 19:08:21,225 [INFO] [Iter 266] LR: 0.00000001
2025-09-05 19:08:21,227 [INFO] No improvement: current loss 1137.293962, best loss 1137.293995
2025-09-05 19:08:21,495 [INFO] [267/300] loss 1137.29 | compact 6.94678 | spectral 19.646 | recons_loss: 0.156167 | sparse_loss: 1.03307 | 
2025-09-05 19:08:21,496 [INFO] [Iter 267] LR: 0.00000001
2025-09-05 19:08:21,497 [INFO] No improvement: current loss 1137.293961, best loss 1137.293995
2025-09-05 19:08:21,753 [INFO] [268/300] loss 1137.29 | compact 6.94678 | spectral 19.646 | recons_loss: 0.156167 | sparse_loss: 1.03307 | 
2025-09-05 19:08:21,754 [INFO] [Iter 268] LR: 0.00000001
2025-09-05 19:08:21,755 [INFO] No improvement: current loss 1137.293959, best loss 1137.293995
2025-09-05 19:08:22,012 [INFO] [269/300] loss 1137.29 | compact 6.94678 | spectral 19.646 | recons_loss: 0.156167 | sparse_loss: 1.03307 | 
2025-09-05 19:08:22,012 [INFO] [Iter 269] LR: 0.00000001
2025-09-05 19:08:22,013 [INFO] No improvement: current loss 1137.293970, best loss 1137.293995
2025-09-05 19:08:22,269 [INFO] [270/300] loss 1137.29 | compact 6.94678 | spectral 19.646 | recons_loss: 0.156167 | sparse_loss: 1.03307 | 
2025-09-05 19:08:22,270 [INFO] [Iter 270] LR: 0.00000001
2025-09-05 19:08:22,273 [INFO] No improvement: current loss 1137.293968, best loss 1137.293995
2025-09-05 19:08:22,529 [INFO] [271/300] loss 1137.29 | compact 6.94678 | spectral 19.646 | recons_loss: 0.156167 | sparse_loss: 1.03307 | 
2025-09-05 19:08:22,529 [INFO] [Iter 271] LR: 0.00000001
2025-09-05 19:08:22,530 [INFO] No improvement: current loss 1137.293965, best loss 1137.293995
2025-09-05 19:08:22,788 [INFO] [272/300] loss 1137.29 | compact 6.94678 | spectral 19.646 | recons_loss: 0.156167 | sparse_loss: 1.03307 | 
2025-09-05 19:08:22,789 [INFO] [Iter 272] LR: 0.00000001
2025-09-05 19:08:22,791 [INFO] No improvement: current loss 1137.293963, best loss 1137.293995
2025-09-05 19:08:23,050 [INFO] [273/300] loss 1137.29 | compact 6.94678 | spectral 19.646 | recons_loss: 0.156167 | sparse_loss: 1.03307 | 
2025-09-05 19:08:23,051 [INFO] [Iter 273] LR: 0.00000001
2025-09-05 19:08:23,052 [INFO] No improvement: current loss 1137.293962, best loss 1137.293995
2025-09-05 19:08:23,313 [INFO] [274/300] loss 1137.29 | compact 6.94678 | spectral 19.646 | recons_loss: 0.156167 | sparse_loss: 1.03307 | 
2025-09-05 19:08:23,313 [INFO] [Iter 274] LR: 0.00000001
2025-09-05 19:08:23,314 [INFO] No improvement: current loss 1137.293960, best loss 1137.293995
2025-09-05 19:08:23,573 [INFO] [275/300] loss 1137.29 | compact 6.94678 | spectral 19.646 | recons_loss: 0.156167 | sparse_loss: 1.03307 | 
2025-09-05 19:08:23,573 [INFO] [Iter 275] LR: 0.00000001
2025-09-05 19:08:23,576 [INFO] No improvement: current loss 1137.293958, best loss 1137.293995
2025-09-05 19:08:23,838 [INFO] [276/300] loss 1137.29 | compact 6.94678 | spectral 19.646 | recons_loss: 0.156167 | sparse_loss: 1.03307 | 
2025-09-05 19:08:23,839 [INFO] [Iter 276] LR: 0.00000001
2025-09-05 19:08:23,841 [INFO] No improvement: current loss 1137.293957, best loss 1137.293995
2025-09-05 19:08:24,102 [INFO] [277/300] loss 1137.29 | compact 6.94678 | spectral 19.646 | recons_loss: 0.156167 | sparse_loss: 1.03307 | 
2025-09-05 19:08:24,103 [INFO] [Iter 277] LR: 0.00000001
2025-09-05 19:08:24,105 [INFO] No improvement: current loss 1137.293956, best loss 1137.293995
2025-09-05 19:08:24,365 [INFO] [278/300] loss 1137.29 | compact 6.94678 | spectral 19.646 | recons_loss: 0.156167 | sparse_loss: 1.03307 | 
2025-09-05 19:08:24,365 [INFO] [Iter 278] LR: 0.00000001
2025-09-05 19:08:24,366 [INFO] No improvement: current loss 1137.293955, best loss 1137.293995
2025-09-05 19:08:24,628 [INFO] [279/300] loss 1137.29 | compact 6.94678 | spectral 19.646 | recons_loss: 0.156167 | sparse_loss: 1.03307 | 
2025-09-05 19:08:24,629 [INFO] [Iter 279] LR: 0.00000001
2025-09-05 19:08:24,631 [INFO] No improvement: current loss 1137.293954, best loss 1137.293995
2025-09-05 19:08:24,904 [INFO] [280/300] loss 1137.29 | compact 6.94678 | spectral 19.646 | recons_loss: 0.156167 | sparse_loss: 1.03307 | 
2025-09-05 19:08:24,904 [INFO] [Iter 280] LR: 0.00000001
2025-09-05 19:08:24,905 [INFO] No improvement: current loss 1137.293953, best loss 1137.293995
2025-09-05 19:08:25,185 [INFO] [281/300] loss 1137.29 | compact 6.94678 | spectral 19.646 | recons_loss: 0.156167 | sparse_loss: 1.03307 | 
2025-09-05 19:08:25,185 [INFO] [Iter 281] LR: 0.00000001
2025-09-05 19:08:25,186 [INFO] No improvement: current loss 1137.293952, best loss 1137.293995
2025-09-05 19:08:25,442 [INFO] [282/300] loss 1137.29 | compact 6.94678 | spectral 19.646 | recons_loss: 0.156167 | sparse_loss: 1.03307 | 
2025-09-05 19:08:25,442 [INFO] [Iter 282] LR: 0.00000001
2025-09-05 19:08:25,445 [INFO] No improvement: current loss 1137.293952, best loss 1137.293995
2025-09-05 19:08:25,705 [INFO] [283/300] loss 1137.29 | compact 6.94678 | spectral 19.646 | recons_loss: 0.156167 | sparse_loss: 1.03307 | 
2025-09-05 19:08:25,705 [INFO] [Iter 283] LR: 0.00000001
2025-09-05 19:08:25,706 [INFO] No improvement: current loss 1137.293951, best loss 1137.293995
2025-09-05 19:08:25,980 [INFO] [284/300] loss 1137.29 | compact 6.94678 | spectral 19.646 | recons_loss: 0.156167 | sparse_loss: 1.03307 | 
2025-09-05 19:08:25,981 [INFO] [Iter 284] LR: 0.00000001
2025-09-05 19:08:25,983 [INFO] No improvement: current loss 1137.293950, best loss 1137.293995
2025-09-05 19:08:26,264 [INFO] [285/300] loss 1137.29 | compact 6.94678 | spectral 19.646 | recons_loss: 0.156167 | sparse_loss: 1.03307 | 
2025-09-05 19:08:26,264 [INFO] [Iter 285] LR: 0.00000001
2025-09-05 19:08:26,266 [INFO] No improvement: current loss 1137.293950, best loss 1137.293995
2025-09-05 19:08:26,532 [INFO] [286/300] loss 1137.29 | compact 6.94678 | spectral 19.646 | recons_loss: 0.156167 | sparse_loss: 1.03307 | 
2025-09-05 19:08:26,533 [INFO] [Iter 286] LR: 0.00000001
2025-09-05 19:08:26,535 [INFO] No improvement: current loss 1137.293949, best loss 1137.293995
2025-09-05 19:08:26,802 [INFO] [287/300] loss 1137.29 | compact 6.94678 | spectral 19.646 | recons_loss: 0.156167 | sparse_loss: 1.03307 | 
2025-09-05 19:08:26,803 [INFO] [Iter 287] LR: 0.00000001
2025-09-05 19:08:26,804 [INFO] No improvement: current loss 1137.293949, best loss 1137.293995
2025-09-05 19:08:27,070 [INFO] [288/300] loss 1137.29 | compact 6.94678 | spectral 19.646 | recons_loss: 0.156167 | sparse_loss: 1.03307 | 
2025-09-05 19:08:27,070 [INFO] [Iter 288] LR: 0.00000001
2025-09-05 19:08:27,072 [INFO] No improvement: current loss 1137.293949, best loss 1137.293995
2025-09-05 19:08:27,339 [INFO] [289/300] loss 1137.29 | compact 6.94678 | spectral 19.646 | recons_loss: 0.156167 | sparse_loss: 1.03307 | 
2025-09-05 19:08:27,339 [INFO] [Iter 289] LR: 0.00000001
2025-09-05 19:08:27,341 [INFO] No improvement: current loss 1137.293948, best loss 1137.293995
2025-09-05 19:08:27,598 [INFO] [290/300] loss 1137.29 | compact 6.94678 | spectral 19.646 | recons_loss: 0.156167 | sparse_loss: 1.03307 | 
2025-09-05 19:08:27,598 [INFO] [Iter 290] LR: 0.00000001
2025-09-05 19:08:27,599 [INFO] No improvement: current loss 1137.293948, best loss 1137.293995
2025-09-05 19:08:27,856 [INFO] [291/300] loss 1137.29 | compact 6.94678 | spectral 19.646 | recons_loss: 0.156167 | sparse_loss: 1.03307 | 
2025-09-05 19:08:27,857 [INFO] [Iter 291] LR: 0.00000001
2025-09-05 19:08:27,859 [INFO] No improvement: current loss 1137.293948, best loss 1137.293995
2025-09-05 19:08:28,117 [INFO] [292/300] loss 1137.29 | compact 6.94678 | spectral 19.646 | recons_loss: 0.156167 | sparse_loss: 1.03307 | 
2025-09-05 19:08:28,117 [INFO] [Iter 292] LR: 0.00000001
2025-09-05 19:08:28,118 [INFO] No improvement: current loss 1137.293947, best loss 1137.293995
2025-09-05 19:08:28,375 [INFO] [293/300] loss 1137.29 | compact 6.94678 | spectral 19.646 | recons_loss: 0.156167 | sparse_loss: 1.03307 | 
2025-09-05 19:08:28,376 [INFO] [Iter 293] LR: 0.00000001
2025-09-05 19:08:28,377 [INFO] No improvement: current loss 1137.293959, best loss 1137.293995
2025-09-05 19:08:28,646 [INFO] [294/300] loss 1137.29 | compact 6.94678 | spectral 19.646 | recons_loss: 0.156167 | sparse_loss: 1.03307 | 
2025-09-05 19:08:28,647 [INFO] [Iter 294] LR: 0.00000001
2025-09-05 19:08:28,648 [INFO] No improvement: current loss 1137.293958, best loss 1137.293995
2025-09-05 19:08:28,908 [INFO] [295/300] loss 1137.29 | compact 6.94678 | spectral 19.646 | recons_loss: 0.156167 | sparse_loss: 1.03307 | 
2025-09-05 19:08:28,908 [INFO] [Iter 295] LR: 0.00000001
2025-09-05 19:08:28,909 [INFO] No improvement: current loss 1137.293957, best loss 1137.293995
2025-09-05 19:08:29,187 [INFO] [296/300] loss 1137.29 | compact 6.94678 | spectral 19.646 | recons_loss: 0.156167 | sparse_loss: 1.03307 | 
2025-09-05 19:08:29,187 [INFO] [Iter 296] LR: 0.00000001
2025-09-05 19:08:29,189 [INFO] No improvement: current loss 1137.293956, best loss 1137.293995
2025-09-05 19:08:29,446 [INFO] [297/300] loss 1137.29 | compact 6.94678 | spectral 19.646 | recons_loss: 0.156167 | sparse_loss: 1.03307 | 
2025-09-05 19:08:29,447 [INFO] [Iter 297] LR: 0.00000001
2025-09-05 19:08:29,448 [INFO] No improvement: current loss 1137.293955, best loss 1137.293995
2025-09-05 19:08:29,706 [INFO] [298/300] loss 1137.29 | compact 6.94678 | spectral 19.646 | recons_loss: 0.156167 | sparse_loss: 1.03307 | 
2025-09-05 19:08:29,707 [INFO] [Iter 298] LR: 0.00000001
2025-09-05 19:08:29,709 [INFO] No improvement: current loss 1137.293954, best loss 1137.293995
2025-09-05 19:08:29,784 [INFO] H: 160, W: 150
2025-09-05 19:08:29,894 [INFO] [0 1 2 3 4 5 6]
2025-09-05 19:08:30,033 [INFO] y_target: [1 2 3 4 5 6 7]
2025-09-05 19:08:30,033 [INFO] y_predict: [0 1 2 3 4 5 6]
2025-09-05 19:08:30,188 [INFO] Epoch = 299 OA = 0.7941 Kappa = 0.7569 NMI = 0.7152
2025-09-05 19:08:30,397 [INFO] [299/300] loss 1137.29 | compact 6.94678 | spectral 19.646 | recons_loss: 0.156167 | sparse_loss: 1.03307 | 
2025-09-05 19:08:30,398 [INFO] [Iter 299] LR: 0.00000001
2025-09-05 19:08:30,399 [INFO] No improvement: current loss 1137.293953, best loss 1137.293995
2025-09-05 19:08:30,399 [INFO] Training finished. Best model loaded.
