2025-09-05 18:31:27,589 [INFO] ========== Training Configuration ==========
2025-09-05 18:31:27,591 [INFO] out_dir: ./log
2025-09-05 18:31:27,591 [INFO] lr: 0.1
2025-09-05 18:31:27,591 [INFO] train_iter: 300
2025-09-05 18:31:27,591 [INFO] niter: 5
2025-09-05 18:31:27,591 [INFO] nspix: 300
2025-09-05 18:31:27,591 [INFO] weight: weight
2025-09-05 18:31:27,591 [INFO] weight_representation: 100.0
2025-09-05 18:31:27,591 [INFO] weight_noise: 50.0
2025-09-05 18:31:27,591 [INFO] dataset: urban
2025-09-05 18:31:27,591 [INFO] device: cuda:0
2025-09-05 18:31:27,591 [INFO] log: urban1
2025-09-05 18:31:27,591 [INFO] ============================================
2025-09-05 18:31:49,326 [INFO] H: 160, W: 150
2025-09-05 18:31:49,578 [INFO] [0 1 2 3 4 5 6]
2025-09-05 18:31:51,677 [INFO] y_target: [1 2 3 4 5 6 7]
2025-09-05 18:31:51,677 [INFO] y_predict: [0 1 2 3 4 5 6]
2025-09-05 18:31:51,871 [INFO] Epoch = 0 OA = 0.8095 Kappa = 0.7746 NMI = 0.7239
2025-09-05 18:31:52,529 [INFO] [0/300] loss 680.837 | compact 6.9117 | spectral 19.6366 | recons_loss: 0.235515 | sparse_loss: 1.04431 | 
2025-09-05 18:31:52,529 [INFO] [Iter 0] LR: 0.10000000
2025-09-05 18:31:52,532 [INFO] Saving best model at iteration 0
2025-09-05 18:31:52,794 [INFO] [1/300] loss 680.565 | compact 6.91225 | spectral 19.6205 | recons_loss: 0.234572 | sparse_loss: 1.04427 | 
2025-09-05 18:31:52,794 [INFO] [Iter 1] LR: 0.10000000
2025-09-05 18:31:52,796 [INFO] Saving best model at iteration 1
2025-09-05 18:31:53,061 [INFO] [2/300] loss 680.111 | compact 6.9121 | spectral 19.5968 | recons_loss: 0.232961 | sparse_loss: 1.04409 | 
2025-09-05 18:31:53,061 [INFO] [Iter 2] LR: 0.10000000
2025-09-05 18:31:53,064 [INFO] Saving best model at iteration 2
2025-09-05 18:31:53,334 [INFO] [3/300] loss 679.548 | compact 6.91329 | spectral 19.5625 | recons_loss: 0.230861 | sparse_loss: 1.04377 | 
2025-09-05 18:31:53,334 [INFO] [Iter 3] LR: 0.10000000
2025-09-05 18:31:53,336 [INFO] Saving best model at iteration 3
2025-09-05 18:31:53,591 [INFO] [4/300] loss 678.944 | compact 6.91392 | spectral 19.5241 | recons_loss: 0.228385 | sparse_loss: 1.04344 | 
2025-09-05 18:31:53,591 [INFO] [Iter 4] LR: 0.10000000
2025-09-05 18:31:53,592 [INFO] Saving best model at iteration 4
2025-09-05 18:31:53,847 [INFO] [5/300] loss 678.318 | compact 6.90972 | spectral 19.4919 | recons_loss: 0.225649 | sparse_loss: 1.04307 | 
2025-09-05 18:31:53,848 [INFO] [Iter 5] LR: 0.10000000
2025-09-05 18:31:53,849 [INFO] Saving best model at iteration 5
2025-09-05 18:31:54,106 [INFO] [6/300] loss 677.689 | compact 6.9071 | spectral 19.4542 | recons_loss: 0.222764 | sparse_loss: 1.04271 | 
2025-09-05 18:31:54,106 [INFO] [Iter 6] LR: 0.10000000
2025-09-05 18:31:54,108 [INFO] Saving best model at iteration 6
2025-09-05 18:31:54,365 [INFO] [7/300] loss 677.086 | compact 6.90452 | spectral 19.422 | recons_loss: 0.219847 | sparse_loss: 1.04234 | 
2025-09-05 18:31:54,366 [INFO] [Iter 7] LR: 0.10000000
2025-09-05 18:31:54,367 [INFO] Saving best model at iteration 7
2025-09-05 18:31:54,647 [INFO] [8/300] loss 676.525 | compact 6.90139 | spectral 19.4017 | recons_loss: 0.216939 | sparse_loss: 1.04196 | 
2025-09-05 18:31:54,647 [INFO] [Iter 8] LR: 0.10000000
2025-09-05 18:31:54,648 [INFO] Saving best model at iteration 8
2025-09-05 18:31:54,906 [INFO] [9/300] loss 676.001 | compact 6.89838 | spectral 19.3822 | recons_loss: 0.214089 | sparse_loss: 1.04157 | 
2025-09-05 18:31:54,906 [INFO] [Iter 9] LR: 0.10000000
2025-09-05 18:31:54,908 [INFO] Saving best model at iteration 9
2025-09-05 18:31:55,176 [INFO] [10/300] loss 675.469 | compact 6.89388 | spectral 19.3581 | recons_loss: 0.211321 | sparse_loss: 1.04117 | 
2025-09-05 18:31:55,177 [INFO] [Iter 10] LR: 0.10000000
2025-09-05 18:31:55,179 [INFO] Saving best model at iteration 10
2025-09-05 18:31:55,447 [INFO] [11/300] loss 674.958 | compact 6.89129 | spectral 19.331 | recons_loss: 0.208668 | sparse_loss: 1.04079 | 
2025-09-05 18:31:55,447 [INFO] [Iter 11] LR: 0.10000000
2025-09-05 18:31:55,449 [INFO] Saving best model at iteration 11
2025-09-05 18:31:55,710 [INFO] [12/300] loss 674.499 | compact 6.88802 | spectral 19.3078 | recons_loss: 0.206184 | sparse_loss: 1.04043 | 
2025-09-05 18:31:55,711 [INFO] [Iter 12] LR: 0.10000000
2025-09-05 18:31:55,713 [INFO] Saving best model at iteration 12
2025-09-05 18:31:55,987 [INFO] [13/300] loss 674.067 | compact 6.88599 | spectral 19.2859 | recons_loss: 0.203863 | sparse_loss: 1.04011 | 
2025-09-05 18:31:55,987 [INFO] [Iter 13] LR: 0.10000000
2025-09-05 18:31:55,988 [INFO] Saving best model at iteration 13
2025-09-05 18:31:56,243 [INFO] [14/300] loss 673.661 | compact 6.88388 | spectral 19.2691 | recons_loss: 0.201703 | sparse_loss: 1.03982 | 
2025-09-05 18:31:56,244 [INFO] [Iter 14] LR: 0.10000000
2025-09-05 18:31:56,246 [INFO] Saving best model at iteration 14
2025-09-05 18:31:56,501 [INFO] [15/300] loss 673.28 | compact 6.88521 | spectral 19.2538 | recons_loss: 0.199689 | sparse_loss: 1.03955 | 
2025-09-05 18:31:56,501 [INFO] [Iter 15] LR: 0.10000000
2025-09-05 18:31:56,503 [INFO] Saving best model at iteration 15
2025-09-05 18:31:56,757 [INFO] [16/300] loss 672.922 | compact 6.88364 | spectral 19.2418 | recons_loss: 0.197839 | sparse_loss: 1.03928 | 
2025-09-05 18:31:56,759 [INFO] [Iter 16] LR: 0.10000000
2025-09-05 18:31:56,761 [INFO] Saving best model at iteration 16
2025-09-05 18:31:57,024 [INFO] [17/300] loss 672.576 | compact 6.88248 | spectral 19.2359 | recons_loss: 0.196134 | sparse_loss: 1.03901 | 
2025-09-05 18:31:57,025 [INFO] [Iter 17] LR: 0.10000000
2025-09-05 18:31:57,026 [INFO] Saving best model at iteration 17
2025-09-05 18:31:57,282 [INFO] [18/300] loss 672.265 | compact 6.8795 | spectral 19.2363 | recons_loss: 0.194593 | sparse_loss: 1.03873 | 
2025-09-05 18:31:57,282 [INFO] [Iter 18] LR: 0.10000000
2025-09-05 18:31:57,283 [INFO] Saving best model at iteration 18
2025-09-05 18:31:57,538 [INFO] [19/300] loss 671.98 | compact 6.87814 | spectral 19.2401 | recons_loss: 0.193179 | sparse_loss: 1.03849 | 
2025-09-05 18:31:57,538 [INFO] [Iter 19] LR: 0.10000000
2025-09-05 18:31:57,540 [INFO] Saving best model at iteration 19
2025-09-05 18:31:57,796 [INFO] [20/300] loss 671.714 | compact 6.8769 | spectral 19.2489 | recons_loss: 0.191911 | sparse_loss: 1.03826 | 
2025-09-05 18:31:57,797 [INFO] [Iter 20] LR: 0.10000000
2025-09-05 18:31:57,800 [INFO] Saving best model at iteration 20
2025-09-05 18:31:58,054 [INFO] [21/300] loss 671.456 | compact 6.87499 | spectral 19.2564 | recons_loss: 0.190754 | sparse_loss: 1.03805 | 
2025-09-05 18:31:58,055 [INFO] [Iter 21] LR: 0.10000000
2025-09-05 18:31:58,056 [INFO] Saving best model at iteration 21
2025-09-05 18:31:58,310 [INFO] [22/300] loss 671.213 | compact 6.87292 | spectral 19.2626 | recons_loss: 0.189695 | sparse_loss: 1.03788 | 
2025-09-05 18:31:58,311 [INFO] [Iter 22] LR: 0.10000000
2025-09-05 18:31:58,312 [INFO] Saving best model at iteration 22
2025-09-05 18:31:58,575 [INFO] [23/300] loss 670.978 | compact 6.87164 | spectral 19.265 | recons_loss: 0.188711 | sparse_loss: 1.03772 | 
2025-09-05 18:31:58,575 [INFO] [Iter 23] LR: 0.10000000
2025-09-05 18:31:58,577 [INFO] Saving best model at iteration 23
2025-09-05 18:31:58,843 [INFO] [24/300] loss 670.753 | compact 6.87082 | spectral 19.2705 | recons_loss: 0.187802 | sparse_loss: 1.03756 | 
2025-09-05 18:31:58,844 [INFO] [Iter 24] LR: 0.10000000
2025-09-05 18:31:58,845 [INFO] Saving best model at iteration 24
2025-09-05 18:31:59,099 [INFO] [25/300] loss 670.535 | compact 6.8705 | spectral 19.2747 | recons_loss: 0.186951 | sparse_loss: 1.03741 | 
2025-09-05 18:31:59,099 [INFO] [Iter 25] LR: 0.10000000
2025-09-05 18:31:59,101 [INFO] Saving best model at iteration 25
2025-09-05 18:31:59,356 [INFO] [26/300] loss 670.333 | compact 6.87125 | spectral 19.2764 | recons_loss: 0.186182 | sparse_loss: 1.03728 | 
2025-09-05 18:31:59,356 [INFO] [Iter 26] LR: 0.10000000
2025-09-05 18:31:59,357 [INFO] Saving best model at iteration 26
2025-09-05 18:31:59,619 [INFO] [27/300] loss 670.132 | compact 6.87136 | spectral 19.276 | recons_loss: 0.185465 | sparse_loss: 1.03713 | 
2025-09-05 18:31:59,619 [INFO] [Iter 27] LR: 0.10000000
2025-09-05 18:31:59,621 [INFO] Saving best model at iteration 27
2025-09-05 18:31:59,877 [INFO] [28/300] loss 669.946 | compact 6.87294 | spectral 19.2752 | recons_loss: 0.184811 | sparse_loss: 1.03701 | 
2025-09-05 18:31:59,877 [INFO] [Iter 28] LR: 0.10000000
2025-09-05 18:31:59,878 [INFO] Saving best model at iteration 28
2025-09-05 18:32:00,134 [INFO] [29/300] loss 669.766 | compact 6.87439 | spectral 19.2715 | recons_loss: 0.184214 | sparse_loss: 1.0369 | 
2025-09-05 18:32:00,134 [INFO] [Iter 29] LR: 0.10000000
2025-09-05 18:32:00,136 [INFO] Saving best model at iteration 29
2025-09-05 18:32:00,390 [INFO] [30/300] loss 669.593 | compact 6.87426 | spectral 19.2719 | recons_loss: 0.18364 | sparse_loss: 1.0368 | 
2025-09-05 18:32:00,390 [INFO] [Iter 30] LR: 0.10000000
2025-09-05 18:32:00,392 [INFO] Saving best model at iteration 30
2025-09-05 18:32:00,646 [INFO] [31/300] loss 669.436 | compact 6.87312 | spectral 19.2757 | recons_loss: 0.183131 | sparse_loss: 1.03671 | 
2025-09-05 18:32:00,647 [INFO] [Iter 31] LR: 0.10000000
2025-09-05 18:32:00,648 [INFO] Saving best model at iteration 31
2025-09-05 18:32:00,903 [INFO] [32/300] loss 669.286 | compact 6.87401 | spectral 19.2778 | recons_loss: 0.182662 | sparse_loss: 1.03663 | 
2025-09-05 18:32:00,904 [INFO] [Iter 32] LR: 0.10000000
2025-09-05 18:32:00,906 [INFO] Saving best model at iteration 32
2025-09-05 18:32:01,161 [INFO] [33/300] loss 669.141 | compact 6.87446 | spectral 19.2785 | recons_loss: 0.182232 | sparse_loss: 1.03655 | 
2025-09-05 18:32:01,162 [INFO] [Iter 33] LR: 0.10000000
2025-09-05 18:32:01,163 [INFO] Saving best model at iteration 33
2025-09-05 18:32:01,418 [INFO] [34/300] loss 669.024 | compact 6.87282 | spectral 19.2887 | recons_loss: 0.181837 | sparse_loss: 1.03649 | 
2025-09-05 18:32:01,419 [INFO] [Iter 34] LR: 0.10000000
2025-09-05 18:32:01,420 [INFO] Saving best model at iteration 34
2025-09-05 18:32:01,674 [INFO] [35/300] loss 668.895 | compact 6.87538 | spectral 19.2883 | recons_loss: 0.181463 | sparse_loss: 1.03642 | 
2025-09-05 18:32:01,674 [INFO] [Iter 35] LR: 0.10000000
2025-09-05 18:32:01,676 [INFO] Saving best model at iteration 35
2025-09-05 18:32:01,932 [INFO] [36/300] loss 668.772 | compact 6.87735 | spectral 19.2886 | recons_loss: 0.181127 | sparse_loss: 1.03635 | 
2025-09-05 18:32:01,932 [INFO] [Iter 36] LR: 0.10000000
2025-09-05 18:32:01,933 [INFO] Saving best model at iteration 36
2025-09-05 18:32:02,187 [INFO] [37/300] loss 668.648 | compact 6.88066 | spectral 19.2869 | recons_loss: 0.180808 | sparse_loss: 1.03627 | 
2025-09-05 18:32:02,188 [INFO] [Iter 37] LR: 0.10000000
2025-09-05 18:32:02,190 [INFO] Saving best model at iteration 37
2025-09-05 18:32:02,447 [INFO] [38/300] loss 668.53 | compact 6.88339 | spectral 19.2889 | recons_loss: 0.180499 | sparse_loss: 1.0362 | 
2025-09-05 18:32:02,447 [INFO] [Iter 38] LR: 0.10000000
2025-09-05 18:32:02,448 [INFO] Saving best model at iteration 38
2025-09-05 18:32:02,703 [INFO] [39/300] loss 668.418 | compact 6.88852 | spectral 19.2953 | recons_loss: 0.180182 | sparse_loss: 1.03613 | 
2025-09-05 18:32:02,704 [INFO] [Iter 39] LR: 0.10000000
2025-09-05 18:32:02,705 [INFO] Saving best model at iteration 39
2025-09-05 18:32:02,962 [INFO] [40/300] loss 668.308 | compact 6.8936 | spectral 19.2977 | recons_loss: 0.179873 | sparse_loss: 1.03606 | 
2025-09-05 18:32:02,963 [INFO] [Iter 40] LR: 0.10000000
2025-09-05 18:32:02,964 [INFO] Saving best model at iteration 40
2025-09-05 18:32:03,220 [INFO] [41/300] loss 668.2 | compact 6.89913 | spectral 19.2988 | recons_loss: 0.179584 | sparse_loss: 1.03599 | 
2025-09-05 18:32:03,220 [INFO] [Iter 41] LR: 0.10000000
2025-09-05 18:32:03,223 [INFO] Saving best model at iteration 41
2025-09-05 18:32:03,489 [INFO] [42/300] loss 668.098 | compact 6.90307 | spectral 19.3021 | recons_loss: 0.179306 | sparse_loss: 1.03591 | 
2025-09-05 18:32:03,489 [INFO] [Iter 42] LR: 0.10000000
2025-09-05 18:32:03,491 [INFO] Saving best model at iteration 42
2025-09-05 18:32:03,748 [INFO] [43/300] loss 667.994 | compact 6.90777 | spectral 19.303 | recons_loss: 0.179044 | sparse_loss: 1.03582 | 
2025-09-05 18:32:03,748 [INFO] [Iter 43] LR: 0.10000000
2025-09-05 18:32:03,749 [INFO] Saving best model at iteration 43
2025-09-05 18:32:04,005 [INFO] [44/300] loss 667.895 | compact 6.91225 | spectral 19.304 | recons_loss: 0.178799 | sparse_loss: 1.03574 | 
2025-09-05 18:32:04,005 [INFO] [Iter 44] LR: 0.10000000
2025-09-05 18:32:04,007 [INFO] Saving best model at iteration 44
2025-09-05 18:32:04,275 [INFO] [45/300] loss 667.802 | compact 6.91609 | spectral 19.3062 | recons_loss: 0.178572 | sparse_loss: 1.03567 | 
2025-09-05 18:32:04,275 [INFO] [Iter 45] LR: 0.10000000
2025-09-05 18:32:04,277 [INFO] Saving best model at iteration 45
2025-09-05 18:32:04,532 [INFO] [46/300] loss 667.71 | compact 6.9206 | spectral 19.308 | recons_loss: 0.178354 | sparse_loss: 1.03559 | 
2025-09-05 18:32:04,532 [INFO] [Iter 46] LR: 0.10000000
2025-09-05 18:32:04,533 [INFO] Saving best model at iteration 46
2025-09-05 18:32:04,790 [INFO] [47/300] loss 667.624 | compact 6.92423 | spectral 19.31 | recons_loss: 0.178153 | sparse_loss: 1.03553 | 
2025-09-05 18:32:04,790 [INFO] [Iter 47] LR: 0.10000000
2025-09-05 18:32:04,793 [INFO] Saving best model at iteration 47
2025-09-05 18:32:05,050 [INFO] [48/300] loss 667.546 | compact 6.92713 | spectral 19.3161 | recons_loss: 0.177962 | sparse_loss: 1.03547 | 
2025-09-05 18:32:05,050 [INFO] [Iter 48] LR: 0.10000000
2025-09-05 18:32:05,052 [INFO] Saving best model at iteration 48
2025-09-05 18:32:05,319 [INFO] [49/300] loss 667.475 | compact 6.93051 | spectral 19.3239 | recons_loss: 0.177781 | sparse_loss: 1.03541 | 
2025-09-05 18:32:05,320 [INFO] [Iter 49] LR: 0.05000000
2025-09-05 18:32:05,321 [INFO] Saving best model at iteration 49
2025-09-05 18:32:05,382 [INFO] H: 160, W: 150
2025-09-05 18:32:05,503 [INFO] [0 1 2 3 4 5 6]
2025-09-05 18:32:05,765 [INFO] y_target: [1 2 3 4 5 6 7]
2025-09-05 18:32:05,765 [INFO] y_predict: [0 1 2 3 4 5 6]
2025-09-05 18:32:06,121 [INFO] Epoch = 50 OA = 0.8329 Kappa = 0.8026 NMI = 0.7356
2025-09-05 18:32:06,330 [INFO] [50/300] loss 667.413 | compact 6.93156 | spectral 19.3338 | recons_loss: 0.177622 | sparse_loss: 1.03535 | 
2025-09-05 18:32:06,331 [INFO] [Iter 50] LR: 0.05000000
2025-09-05 18:32:06,334 [INFO] Saving best model at iteration 50
2025-09-05 18:32:06,589 [INFO] [51/300] loss 667.362 | compact 6.93205 | spectral 19.3487 | recons_loss: 0.177485 | sparse_loss: 1.03528 | 
2025-09-05 18:32:06,589 [INFO] [Iter 51] LR: 0.05000000
2025-09-05 18:32:06,590 [INFO] Saving best model at iteration 51
2025-09-05 18:32:06,856 [INFO] [52/300] loss 667.309 | compact 6.93249 | spectral 19.3611 | recons_loss: 0.177357 | sparse_loss: 1.03521 | 
2025-09-05 18:32:06,857 [INFO] [Iter 52] LR: 0.02500000
2025-09-05 18:32:06,858 [INFO] Saving best model at iteration 52
2025-09-05 18:32:07,114 [INFO] [53/300] loss 667.253 | compact 6.93333 | spectral 19.372 | recons_loss: 0.177232 | sparse_loss: 1.03514 | 
2025-09-05 18:32:07,114 [INFO] [Iter 53] LR: 0.02500000
2025-09-05 18:32:07,116 [INFO] Saving best model at iteration 53
2025-09-05 18:32:07,376 [INFO] [54/300] loss 667.196 | compact 6.93318 | spectral 19.3791 | recons_loss: 0.177111 | sparse_loss: 1.03508 | 
2025-09-05 18:32:07,377 [INFO] [Iter 54] LR: 0.02500000
2025-09-05 18:32:07,379 [INFO] Saving best model at iteration 54
2025-09-05 18:32:07,634 [INFO] [55/300] loss 667.14 | compact 6.93306 | spectral 19.3861 | recons_loss: 0.176996 | sparse_loss: 1.03502 | 
2025-09-05 18:32:07,635 [INFO] [Iter 55] LR: 0.02500000
2025-09-05 18:32:07,637 [INFO] Saving best model at iteration 55
2025-09-05 18:32:07,893 [INFO] [56/300] loss 667.092 | compact 6.93265 | spectral 19.394 | recons_loss: 0.176894 | sparse_loss: 1.03497 | 
2025-09-05 18:32:07,894 [INFO] [Iter 56] LR: 0.02500000
2025-09-05 18:32:07,895 [INFO] Saving best model at iteration 56
2025-09-05 18:32:08,149 [INFO] [57/300] loss 667.045 | compact 6.93274 | spectral 19.4014 | recons_loss: 0.176799 | sparse_loss: 1.03493 | 
2025-09-05 18:32:08,149 [INFO] [Iter 57] LR: 0.01250000
2025-09-05 18:32:08,150 [INFO] Saving best model at iteration 57
2025-09-05 18:32:08,405 [INFO] [58/300] loss 666.992 | compact 6.93234 | spectral 19.4073 | recons_loss: 0.176708 | sparse_loss: 1.03488 | 
2025-09-05 18:32:08,405 [INFO] [Iter 58] LR: 0.01250000
2025-09-05 18:32:08,406 [INFO] Saving best model at iteration 58
2025-09-05 18:32:08,662 [INFO] [59/300] loss 666.941 | compact 6.93241 | spectral 19.4121 | recons_loss: 0.176621 | sparse_loss: 1.03483 | 
2025-09-05 18:32:08,662 [INFO] [Iter 59] LR: 0.01250000
2025-09-05 18:32:08,663 [INFO] Saving best model at iteration 59
2025-09-05 18:32:08,920 [INFO] [60/300] loss 666.892 | compact 6.93241 | spectral 19.4176 | recons_loss: 0.176538 | sparse_loss: 1.03479 | 
2025-09-05 18:32:08,920 [INFO] [Iter 60] LR: 0.01250000
2025-09-05 18:32:08,923 [INFO] Saving best model at iteration 60
2025-09-05 18:32:09,180 [INFO] [61/300] loss 666.844 | compact 6.93269 | spectral 19.4217 | recons_loss: 0.176462 | sparse_loss: 1.03475 | 
2025-09-05 18:32:09,181 [INFO] [Iter 61] LR: 0.01250000
2025-09-05 18:32:09,182 [INFO] Saving best model at iteration 61
2025-09-05 18:32:09,441 [INFO] [62/300] loss 666.797 | compact 6.93298 | spectral 19.4253 | recons_loss: 0.176391 | sparse_loss: 1.0347 | 
2025-09-05 18:32:09,441 [INFO] [Iter 62] LR: 0.01250000
2025-09-05 18:32:09,443 [INFO] Saving best model at iteration 62
2025-09-05 18:32:09,699 [INFO] [63/300] loss 666.754 | compact 6.93349 | spectral 19.4285 | recons_loss: 0.176328 | sparse_loss: 1.03466 | 
2025-09-05 18:32:09,700 [INFO] [Iter 63] LR: 0.01250000
2025-09-05 18:32:09,701 [INFO] Saving best model at iteration 63
2025-09-05 18:32:09,972 [INFO] [64/300] loss 666.712 | compact 6.93387 | spectral 19.4319 | recons_loss: 0.176269 | sparse_loss: 1.03462 | 
2025-09-05 18:32:09,972 [INFO] [Iter 64] LR: 0.01250000
2025-09-05 18:32:09,973 [INFO] Saving best model at iteration 64
2025-09-05 18:32:10,232 [INFO] [65/300] loss 666.674 | compact 6.93459 | spectral 19.4365 | recons_loss: 0.17622 | sparse_loss: 1.03458 | 
2025-09-05 18:32:10,232 [INFO] [Iter 65] LR: 0.01250000
2025-09-05 18:32:10,233 [INFO] Saving best model at iteration 65
2025-09-05 18:32:10,489 [INFO] [66/300] loss 666.637 | compact 6.93538 | spectral 19.4398 | recons_loss: 0.176174 | sparse_loss: 1.03454 | 
2025-09-05 18:32:10,489 [INFO] [Iter 66] LR: 0.01250000
2025-09-05 18:32:10,490 [INFO] Saving best model at iteration 66
2025-09-05 18:32:10,762 [INFO] [67/300] loss 666.601 | compact 6.9359 | spectral 19.4432 | recons_loss: 0.176131 | sparse_loss: 1.03451 | 
2025-09-05 18:32:10,763 [INFO] [Iter 67] LR: 0.00625000
2025-09-05 18:32:10,765 [INFO] Saving best model at iteration 67
2025-09-05 18:32:11,023 [INFO] [68/300] loss 666.568 | compact 6.93613 | spectral 19.4475 | recons_loss: 0.176092 | sparse_loss: 1.03447 | 
2025-09-05 18:32:11,024 [INFO] [Iter 68] LR: 0.00625000
2025-09-05 18:32:11,026 [INFO] Saving best model at iteration 68
2025-09-05 18:32:11,290 [INFO] [69/300] loss 666.536 | compact 6.93634 | spectral 19.4514 | recons_loss: 0.176056 | sparse_loss: 1.03444 | 
2025-09-05 18:32:11,290 [INFO] [Iter 69] LR: 0.00625000
2025-09-05 18:32:11,291 [INFO] Saving best model at iteration 69
2025-09-05 18:32:11,548 [INFO] [70/300] loss 666.506 | compact 6.9365 | spectral 19.4549 | recons_loss: 0.176022 | sparse_loss: 1.0344 | 
2025-09-05 18:32:11,549 [INFO] [Iter 70] LR: 0.00625000
2025-09-05 18:32:11,552 [INFO] Saving best model at iteration 70
2025-09-05 18:32:11,810 [INFO] [71/300] loss 666.478 | compact 6.93683 | spectral 19.4579 | recons_loss: 0.175991 | sparse_loss: 1.03438 | 
2025-09-05 18:32:11,810 [INFO] [Iter 71] LR: 0.00312500
2025-09-05 18:32:11,811 [INFO] Saving best model at iteration 71
2025-09-05 18:32:12,069 [INFO] [72/300] loss 666.451 | compact 6.93694 | spectral 19.4607 | recons_loss: 0.175962 | sparse_loss: 1.03435 | 
2025-09-05 18:32:12,069 [INFO] [Iter 72] LR: 0.00312500
2025-09-05 18:32:12,070 [INFO] Saving best model at iteration 72
2025-09-05 18:32:12,328 [INFO] [73/300] loss 666.426 | compact 6.93698 | spectral 19.4635 | recons_loss: 0.175936 | sparse_loss: 1.03432 | 
2025-09-05 18:32:12,328 [INFO] [Iter 73] LR: 0.00312500
2025-09-05 18:32:12,331 [INFO] Saving best model at iteration 73
2025-09-05 18:32:12,591 [INFO] [74/300] loss 666.403 | compact 6.93701 | spectral 19.466 | recons_loss: 0.175911 | sparse_loss: 1.0343 | 
2025-09-05 18:32:12,592 [INFO] [Iter 74] LR: 0.00312500
2025-09-05 18:32:12,593 [INFO] Saving best model at iteration 74
2025-09-05 18:32:12,852 [INFO] [75/300] loss 666.381 | compact 6.9372 | spectral 19.4681 | recons_loss: 0.175889 | sparse_loss: 1.03428 | 
2025-09-05 18:32:12,852 [INFO] [Iter 75] LR: 0.00312500
2025-09-05 18:32:12,853 [INFO] Saving best model at iteration 75
2025-09-05 18:32:13,112 [INFO] [76/300] loss 666.361 | compact 6.93747 | spectral 19.4699 | recons_loss: 0.175868 | sparse_loss: 1.03426 | 
2025-09-05 18:32:13,113 [INFO] [Iter 76] LR: 0.00312500
2025-09-05 18:32:13,114 [INFO] Saving best model at iteration 76
2025-09-05 18:32:13,370 [INFO] [77/300] loss 666.342 | compact 6.9377 | spectral 19.4716 | recons_loss: 0.175848 | sparse_loss: 1.03424 | 
2025-09-05 18:32:13,370 [INFO] [Iter 77] LR: 0.00156250
2025-09-05 18:32:13,373 [INFO] Saving best model at iteration 77
2025-09-05 18:32:13,634 [INFO] [78/300] loss 666.324 | compact 6.93781 | spectral 19.4731 | recons_loss: 0.175831 | sparse_loss: 1.03423 | 
2025-09-05 18:32:13,634 [INFO] [Iter 78] LR: 0.00156250
2025-09-05 18:32:13,635 [INFO] Saving best model at iteration 78
2025-09-05 18:32:13,894 [INFO] [79/300] loss 666.308 | compact 6.93792 | spectral 19.4745 | recons_loss: 0.175814 | sparse_loss: 1.03421 | 
2025-09-05 18:32:13,894 [INFO] [Iter 79] LR: 0.00156250
2025-09-05 18:32:13,895 [INFO] Saving best model at iteration 79
2025-09-05 18:32:14,153 [INFO] [80/300] loss 666.293 | compact 6.93803 | spectral 19.4757 | recons_loss: 0.175799 | sparse_loss: 1.0342 | 
2025-09-05 18:32:14,153 [INFO] [Iter 80] LR: 0.00078125
2025-09-05 18:32:14,154 [INFO] Saving best model at iteration 80
2025-09-05 18:32:14,412 [INFO] [81/300] loss 666.279 | compact 6.93813 | spectral 19.4768 | recons_loss: 0.175786 | sparse_loss: 1.03418 | 
2025-09-05 18:32:14,412 [INFO] [Iter 81] LR: 0.00078125
2025-09-05 18:32:14,413 [INFO] Saving best model at iteration 81
2025-09-05 18:32:14,676 [INFO] [82/300] loss 666.266 | compact 6.93822 | spectral 19.4778 | recons_loss: 0.175774 | sparse_loss: 1.03417 | 
2025-09-05 18:32:14,677 [INFO] [Iter 82] LR: 0.00078125
2025-09-05 18:32:14,679 [INFO] Saving best model at iteration 82
2025-09-05 18:32:14,950 [INFO] [83/300] loss 666.254 | compact 6.9383 | spectral 19.4787 | recons_loss: 0.175762 | sparse_loss: 1.03416 | 
2025-09-05 18:32:14,951 [INFO] [Iter 83] LR: 0.00039063
2025-09-05 18:32:14,952 [INFO] Saving best model at iteration 83
2025-09-05 18:32:15,217 [INFO] [84/300] loss 666.243 | compact 6.93838 | spectral 19.4795 | recons_loss: 0.175752 | sparse_loss: 1.03415 | 
2025-09-05 18:32:15,218 [INFO] [Iter 84] LR: 0.00039063
2025-09-05 18:32:15,220 [INFO] Saving best model at iteration 84
2025-09-05 18:32:15,484 [INFO] [85/300] loss 666.234 | compact 6.93844 | spectral 19.4803 | recons_loss: 0.175743 | sparse_loss: 1.03415 | 
2025-09-05 18:32:15,485 [INFO] [Iter 85] LR: 0.00039063
2025-09-05 18:32:15,486 [INFO] Saving best model at iteration 85
2025-09-05 18:32:15,763 [INFO] [86/300] loss 666.225 | compact 6.9385 | spectral 19.4809 | recons_loss: 0.175734 | sparse_loss: 1.03414 | 
2025-09-05 18:32:15,763 [INFO] [Iter 86] LR: 0.00019531
2025-09-05 18:32:15,764 [INFO] Saving best model at iteration 86
2025-09-05 18:32:16,022 [INFO] [87/300] loss 666.216 | compact 6.93855 | spectral 19.4815 | recons_loss: 0.175727 | sparse_loss: 1.03413 | 
2025-09-05 18:32:16,023 [INFO] [Iter 87] LR: 0.00019531
2025-09-05 18:32:16,025 [INFO] Saving best model at iteration 87
2025-09-05 18:32:16,295 [INFO] [88/300] loss 666.209 | compact 6.9386 | spectral 19.482 | recons_loss: 0.17572 | sparse_loss: 1.03412 | 
2025-09-05 18:32:16,295 [INFO] [Iter 88] LR: 0.00019531
2025-09-05 18:32:16,297 [INFO] Saving best model at iteration 88
2025-09-05 18:32:16,558 [INFO] [89/300] loss 666.202 | compact 6.93865 | spectral 19.4825 | recons_loss: 0.175714 | sparse_loss: 1.03412 | 
2025-09-05 18:32:16,559 [INFO] [Iter 89] LR: 0.00009766
2025-09-05 18:32:16,561 [INFO] Saving best model at iteration 89
2025-09-05 18:32:16,822 [INFO] [90/300] loss 666.196 | compact 6.93869 | spectral 19.4829 | recons_loss: 0.175708 | sparse_loss: 1.03411 | 
2025-09-05 18:32:16,822 [INFO] [Iter 90] LR: 0.00009766
2025-09-05 18:32:16,824 [INFO] Saving best model at iteration 90
2025-09-05 18:32:17,087 [INFO] [91/300] loss 666.191 | compact 6.93872 | spectral 19.4833 | recons_loss: 0.175703 | sparse_loss: 1.03411 | 
2025-09-05 18:32:17,087 [INFO] [Iter 91] LR: 0.00009766
2025-09-05 18:32:17,089 [INFO] Saving best model at iteration 91
2025-09-05 18:32:17,352 [INFO] [92/300] loss 666.185 | compact 6.93875 | spectral 19.4837 | recons_loss: 0.175698 | sparse_loss: 1.0341 | 
2025-09-05 18:32:17,353 [INFO] [Iter 92] LR: 0.00004883
2025-09-05 18:32:17,354 [INFO] Saving best model at iteration 92
2025-09-05 18:32:17,609 [INFO] [93/300] loss 666.181 | compact 6.93878 | spectral 19.484 | recons_loss: 0.175694 | sparse_loss: 1.0341 | 
2025-09-05 18:32:17,610 [INFO] [Iter 93] LR: 0.00004883
2025-09-05 18:32:17,612 [INFO] Saving best model at iteration 93
2025-09-05 18:32:17,874 [INFO] [94/300] loss 666.177 | compact 6.93881 | spectral 19.4843 | recons_loss: 0.175691 | sparse_loss: 1.0341 | 
2025-09-05 18:32:17,875 [INFO] [Iter 94] LR: 0.00004883
2025-09-05 18:32:17,876 [INFO] Saving best model at iteration 94
2025-09-05 18:32:18,132 [INFO] [95/300] loss 666.173 | compact 6.93883 | spectral 19.4845 | recons_loss: 0.175687 | sparse_loss: 1.03409 | 
2025-09-05 18:32:18,132 [INFO] [Iter 95] LR: 0.00002441
2025-09-05 18:32:18,134 [INFO] Saving best model at iteration 95
2025-09-05 18:32:18,395 [INFO] [96/300] loss 666.17 | compact 6.93885 | spectral 19.4847 | recons_loss: 0.175684 | sparse_loss: 1.03409 | 
2025-09-05 18:32:18,395 [INFO] [Iter 96] LR: 0.00002441
2025-09-05 18:32:18,397 [INFO] Saving best model at iteration 96
2025-09-05 18:32:18,654 [INFO] [97/300] loss 666.167 | compact 6.93887 | spectral 19.485 | recons_loss: 0.175681 | sparse_loss: 1.03409 | 
2025-09-05 18:32:18,654 [INFO] [Iter 97] LR: 0.00002441
2025-09-05 18:32:18,656 [INFO] Saving best model at iteration 97
2025-09-05 18:32:18,920 [INFO] [98/300] loss 666.164 | compact 6.93889 | spectral 19.4851 | recons_loss: 0.175679 | sparse_loss: 1.03409 | 
2025-09-05 18:32:18,920 [INFO] [Iter 98] LR: 0.00001221
2025-09-05 18:32:18,921 [INFO] Saving best model at iteration 98
2025-09-05 18:32:19,176 [INFO] [99/300] loss 666.161 | compact 6.93891 | spectral 19.4853 | recons_loss: 0.175677 | sparse_loss: 1.03408 | 
2025-09-05 18:32:19,177 [INFO] [Iter 99] LR: 0.00001221
2025-09-05 18:32:19,179 [INFO] Saving best model at iteration 99
2025-09-05 18:32:19,243 [INFO] H: 160, W: 150
2025-09-05 18:32:19,349 [INFO] [0 1 2 3 4 5 6]
2025-09-05 18:32:19,512 [INFO] y_target: [1 2 3 4 5 6 7]
2025-09-05 18:32:19,513 [INFO] y_predict: [0 1 2 3 4 5 6]
2025-09-05 18:32:19,667 [INFO] Epoch = 100 OA = 0.8386 Kappa = 0.8096 NMI = 0.7427
2025-09-05 18:32:19,877 [INFO] [100/300] loss 666.159 | compact 6.93892 | spectral 19.4855 | recons_loss: 0.175675 | sparse_loss: 1.03408 | 
2025-09-05 18:32:19,877 [INFO] [Iter 100] LR: 0.00001221
2025-09-05 18:32:19,880 [INFO] Saving best model at iteration 100
2025-09-05 18:32:20,148 [INFO] [101/300] loss 666.157 | compact 6.93893 | spectral 19.4856 | recons_loss: 0.175673 | sparse_loss: 1.03408 | 
2025-09-05 18:32:20,148 [INFO] [Iter 101] LR: 0.00000610
2025-09-05 18:32:20,149 [INFO] Saving best model at iteration 101
2025-09-05 18:32:20,409 [INFO] [102/300] loss 666.155 | compact 6.93894 | spectral 19.4857 | recons_loss: 0.175672 | sparse_loss: 1.03408 | 
2025-09-05 18:32:20,410 [INFO] [Iter 102] LR: 0.00000610
2025-09-05 18:32:20,412 [INFO] Saving best model at iteration 102
2025-09-05 18:32:20,673 [INFO] [103/300] loss 666.154 | compact 6.93895 | spectral 19.4858 | recons_loss: 0.17567 | sparse_loss: 1.03408 | 
2025-09-05 18:32:20,673 [INFO] [Iter 103] LR: 0.00000610
2025-09-05 18:32:20,674 [INFO] Saving best model at iteration 103
2025-09-05 18:32:20,936 [INFO] [104/300] loss 666.152 | compact 6.93896 | spectral 19.4859 | recons_loss: 0.175669 | sparse_loss: 1.03407 | 
2025-09-05 18:32:20,936 [INFO] [Iter 104] LR: 0.00000305
2025-09-05 18:32:20,938 [INFO] Saving best model at iteration 104
2025-09-05 18:32:21,195 [INFO] [105/300] loss 666.151 | compact 6.93897 | spectral 19.486 | recons_loss: 0.175668 | sparse_loss: 1.03407 | 
2025-09-05 18:32:21,195 [INFO] [Iter 105] LR: 0.00000305
2025-09-05 18:32:21,196 [INFO] Saving best model at iteration 105
2025-09-05 18:32:21,455 [INFO] [106/300] loss 666.15 | compact 6.93898 | spectral 19.4861 | recons_loss: 0.175667 | sparse_loss: 1.03407 | 
2025-09-05 18:32:21,455 [INFO] [Iter 106] LR: 0.00000305
2025-09-05 18:32:21,456 [INFO] Saving best model at iteration 106
2025-09-05 18:32:21,711 [INFO] [107/300] loss 666.149 | compact 6.93899 | spectral 19.4862 | recons_loss: 0.175666 | sparse_loss: 1.03407 | 
2025-09-05 18:32:21,712 [INFO] [Iter 107] LR: 0.00000153
2025-09-05 18:32:21,713 [INFO] Saving best model at iteration 107
2025-09-05 18:32:21,967 [INFO] [108/300] loss 666.148 | compact 6.93899 | spectral 19.4862 | recons_loss: 0.175665 | sparse_loss: 1.03407 | 
2025-09-05 18:32:21,967 [INFO] [Iter 108] LR: 0.00000153
2025-09-05 18:32:21,969 [INFO] Saving best model at iteration 108
2025-09-05 18:32:22,239 [INFO] [109/300] loss 666.147 | compact 6.939 | spectral 19.4863 | recons_loss: 0.175664 | sparse_loss: 1.03407 | 
2025-09-05 18:32:22,239 [INFO] [Iter 109] LR: 0.00000153
2025-09-05 18:32:22,241 [INFO] Saving best model at iteration 109
2025-09-05 18:32:22,505 [INFO] [110/300] loss 666.146 | compact 6.939 | spectral 19.4863 | recons_loss: 0.175663 | sparse_loss: 1.03407 | 
2025-09-05 18:32:22,506 [INFO] [Iter 110] LR: 0.00000076
2025-09-05 18:32:22,507 [INFO] Saving best model at iteration 110
2025-09-05 18:32:22,766 [INFO] [111/300] loss 666.145 | compact 6.93901 | spectral 19.4864 | recons_loss: 0.175663 | sparse_loss: 1.03407 | 
2025-09-05 18:32:22,767 [INFO] [Iter 111] LR: 0.00000076
2025-09-05 18:32:22,770 [INFO] Saving best model at iteration 111
2025-09-05 18:32:23,046 [INFO] [112/300] loss 666.145 | compact 6.93901 | spectral 19.4864 | recons_loss: 0.175662 | sparse_loss: 1.03407 | 
2025-09-05 18:32:23,047 [INFO] [Iter 112] LR: 0.00000076
2025-09-05 18:32:23,049 [INFO] Saving best model at iteration 112
2025-09-05 18:32:23,304 [INFO] [113/300] loss 666.144 | compact 6.93901 | spectral 19.4865 | recons_loss: 0.175662 | sparse_loss: 1.03407 | 
2025-09-05 18:32:23,305 [INFO] [Iter 113] LR: 0.00000038
2025-09-05 18:32:23,306 [INFO] Saving best model at iteration 113
2025-09-05 18:32:23,574 [INFO] [114/300] loss 666.143 | compact 6.93902 | spectral 19.4865 | recons_loss: 0.175661 | sparse_loss: 1.03407 | 
2025-09-05 18:32:23,575 [INFO] [Iter 114] LR: 0.00000038
2025-09-05 18:32:23,576 [INFO] Saving best model at iteration 114
2025-09-05 18:32:23,834 [INFO] [115/300] loss 666.143 | compact 6.93902 | spectral 19.4865 | recons_loss: 0.175661 | sparse_loss: 1.03407 | 
2025-09-05 18:32:23,834 [INFO] [Iter 115] LR: 0.00000038
2025-09-05 18:32:23,835 [INFO] Saving best model at iteration 115
2025-09-05 18:32:24,091 [INFO] [116/300] loss 666.143 | compact 6.93902 | spectral 19.4866 | recons_loss: 0.17566 | sparse_loss: 1.03407 | 
2025-09-05 18:32:24,092 [INFO] [Iter 116] LR: 0.00000019
2025-09-05 18:32:24,093 [INFO] Saving best model at iteration 116
2025-09-05 18:32:24,348 [INFO] [117/300] loss 666.142 | compact 6.93902 | spectral 19.4866 | recons_loss: 0.17566 | sparse_loss: 1.03407 | 
2025-09-05 18:32:24,348 [INFO] [Iter 117] LR: 0.00000019
2025-09-05 18:32:24,350 [INFO] Saving best model at iteration 117
2025-09-05 18:32:24,624 [INFO] [118/300] loss 666.142 | compact 6.93903 | spectral 19.4866 | recons_loss: 0.17566 | sparse_loss: 1.03407 | 
2025-09-05 18:32:24,624 [INFO] [Iter 118] LR: 0.00000019
2025-09-05 18:32:24,626 [INFO] Saving best model at iteration 118
2025-09-05 18:32:24,886 [INFO] [119/300] loss 666.142 | compact 6.93903 | spectral 19.4866 | recons_loss: 0.17566 | sparse_loss: 1.03407 | 
2025-09-05 18:32:24,886 [INFO] [Iter 119] LR: 0.00000010
2025-09-05 18:32:24,888 [INFO] Saving best model at iteration 119
2025-09-05 18:32:25,161 [INFO] [120/300] loss 666.141 | compact 6.93903 | spectral 19.4866 | recons_loss: 0.175659 | sparse_loss: 1.03407 | 
2025-09-05 18:32:25,162 [INFO] [Iter 120] LR: 0.00000010
2025-09-05 18:32:25,164 [INFO] Saving best model at iteration 120
2025-09-05 18:32:25,438 [INFO] [121/300] loss 666.141 | compact 6.93903 | spectral 19.4867 | recons_loss: 0.175659 | sparse_loss: 1.03407 | 
2025-09-05 18:32:25,439 [INFO] [Iter 121] LR: 0.00000010
2025-09-05 18:32:25,440 [INFO] Saving best model at iteration 121
2025-09-05 18:32:25,709 [INFO] [122/300] loss 666.141 | compact 6.93903 | spectral 19.4867 | recons_loss: 0.175659 | sparse_loss: 1.03406 | 
2025-09-05 18:32:25,709 [INFO] [Iter 122] LR: 0.00000005
2025-09-05 18:32:25,710 [INFO] Saving best model at iteration 122
2025-09-05 18:32:25,975 [INFO] [123/300] loss 666.141 | compact 6.93903 | spectral 19.4867 | recons_loss: 0.175659 | sparse_loss: 1.03406 | 
2025-09-05 18:32:25,976 [INFO] [Iter 123] LR: 0.00000005
2025-09-05 18:32:25,977 [INFO] Saving best model at iteration 123
2025-09-05 18:32:26,261 [INFO] [124/300] loss 666.14 | compact 6.93904 | spectral 19.4867 | recons_loss: 0.175659 | sparse_loss: 1.03406 | 
2025-09-05 18:32:26,261 [INFO] [Iter 124] LR: 0.00000005
2025-09-05 18:32:26,263 [INFO] Saving best model at iteration 124
2025-09-05 18:32:26,527 [INFO] [125/300] loss 666.14 | compact 6.93904 | spectral 19.4867 | recons_loss: 0.175658 | sparse_loss: 1.03406 | 
2025-09-05 18:32:26,528 [INFO] [Iter 125] LR: 0.00000002
2025-09-05 18:32:26,529 [INFO] Saving best model at iteration 125
2025-09-05 18:32:26,792 [INFO] [126/300] loss 666.14 | compact 6.93904 | spectral 19.4867 | recons_loss: 0.175658 | sparse_loss: 1.03406 | 
2025-09-05 18:32:26,792 [INFO] [Iter 126] LR: 0.00000002
2025-09-05 18:32:26,793 [INFO] Saving best model at iteration 126
2025-09-05 18:32:27,057 [INFO] [127/300] loss 666.14 | compact 6.93904 | spectral 19.4867 | recons_loss: 0.175658 | sparse_loss: 1.03406 | 
2025-09-05 18:32:27,057 [INFO] [Iter 127] LR: 0.00000002
2025-09-05 18:32:27,060 [INFO] Saving best model at iteration 127
2025-09-05 18:32:27,331 [INFO] [128/300] loss 666.14 | compact 6.93904 | spectral 19.4867 | recons_loss: 0.175658 | sparse_loss: 1.03406 | 
2025-09-05 18:32:27,331 [INFO] [Iter 128] LR: 0.00000001
2025-09-05 18:32:27,333 [INFO] Saving best model at iteration 128
2025-09-05 18:32:27,594 [INFO] [129/300] loss 666.14 | compact 6.93904 | spectral 19.4867 | recons_loss: 0.175658 | sparse_loss: 1.03406 | 
2025-09-05 18:32:27,595 [INFO] [Iter 129] LR: 0.00000001
2025-09-05 18:32:27,597 [INFO] Saving best model at iteration 129
2025-09-05 18:32:27,858 [INFO] [130/300] loss 666.14 | compact 6.93904 | spectral 19.4868 | recons_loss: 0.175658 | sparse_loss: 1.03406 | 
2025-09-05 18:32:27,858 [INFO] [Iter 130] LR: 0.00000001
2025-09-05 18:32:27,860 [INFO] No improvement: current loss 666.139658, best loss 666.139754
2025-09-05 18:32:28,125 [INFO] [131/300] loss 666.14 | compact 6.93904 | spectral 19.4868 | recons_loss: 0.175658 | sparse_loss: 1.03406 | 
2025-09-05 18:32:28,126 [INFO] [Iter 131] LR: 0.00000001
2025-09-05 18:32:28,128 [INFO] Saving best model at iteration 131
2025-09-05 18:32:28,392 [INFO] [132/300] loss 666.139 | compact 6.93904 | spectral 19.4868 | recons_loss: 0.175658 | sparse_loss: 1.03406 | 
2025-09-05 18:32:28,392 [INFO] [Iter 132] LR: 0.00000001
2025-09-05 18:32:28,394 [INFO] No improvement: current loss 666.139494, best loss 666.139571
2025-09-05 18:32:28,650 [INFO] [133/300] loss 666.139 | compact 6.93904 | spectral 19.4868 | recons_loss: 0.175658 | sparse_loss: 1.03406 | 
2025-09-05 18:32:28,651 [INFO] [Iter 133] LR: 0.00000001
2025-09-05 18:32:28,652 [INFO] Saving best model at iteration 133
2025-09-05 18:32:28,912 [INFO] [134/300] loss 666.139 | compact 6.93904 | spectral 19.4868 | recons_loss: 0.175658 | sparse_loss: 1.03406 | 
2025-09-05 18:32:28,912 [INFO] [Iter 134] LR: 0.00000001
2025-09-05 18:32:28,914 [INFO] No improvement: current loss 666.139361, best loss 666.139424
2025-09-05 18:32:29,172 [INFO] [135/300] loss 666.139 | compact 6.93904 | spectral 19.4868 | recons_loss: 0.175658 | sparse_loss: 1.03406 | 
2025-09-05 18:32:29,173 [INFO] [Iter 135] LR: 0.00000001
2025-09-05 18:32:29,175 [INFO] Saving best model at iteration 135
2025-09-05 18:32:29,436 [INFO] [136/300] loss 666.139 | compact 6.93904 | spectral 19.4868 | recons_loss: 0.175658 | sparse_loss: 1.03406 | 
2025-09-05 18:32:29,436 [INFO] [Iter 136] LR: 0.00000001
2025-09-05 18:32:29,438 [INFO] No improvement: current loss 666.139247, best loss 666.139298
2025-09-05 18:32:29,699 [INFO] [137/300] loss 666.139 | compact 6.93904 | spectral 19.4868 | recons_loss: 0.175658 | sparse_loss: 1.03406 | 
2025-09-05 18:32:29,699 [INFO] [Iter 137] LR: 0.00000001
2025-09-05 18:32:29,701 [INFO] No improvement: current loss 666.139202, best loss 666.139298
2025-09-05 18:32:29,958 [INFO] [138/300] loss 666.139 | compact 6.93904 | spectral 19.4868 | recons_loss: 0.175657 | sparse_loss: 1.03406 | 
2025-09-05 18:32:29,958 [INFO] [Iter 138] LR: 0.00000001
2025-09-05 18:32:29,960 [INFO] Saving best model at iteration 138
2025-09-05 18:32:30,215 [INFO] [139/300] loss 666.139 | compact 6.93904 | spectral 19.4868 | recons_loss: 0.175657 | sparse_loss: 1.03406 | 
2025-09-05 18:32:30,215 [INFO] [Iter 139] LR: 0.00000001
2025-09-05 18:32:30,216 [INFO] No improvement: current loss 666.139119, best loss 666.139155
2025-09-05 18:32:30,478 [INFO] [140/300] loss 666.139 | compact 6.93904 | spectral 19.4868 | recons_loss: 0.175657 | sparse_loss: 1.03406 | 
2025-09-05 18:32:30,478 [INFO] [Iter 140] LR: 0.00000001
2025-09-05 18:32:30,480 [INFO] No improvement: current loss 666.139087, best loss 666.139155
2025-09-05 18:32:30,764 [INFO] [141/300] loss 666.139 | compact 6.93904 | spectral 19.4868 | recons_loss: 0.175657 | sparse_loss: 1.03406 | 
2025-09-05 18:32:30,764 [INFO] [Iter 141] LR: 0.00000001
2025-09-05 18:32:30,765 [INFO] No improvement: current loss 666.139057, best loss 666.139155
2025-09-05 18:32:31,030 [INFO] [142/300] loss 666.139 | compact 6.93904 | spectral 19.4868 | recons_loss: 0.175657 | sparse_loss: 1.03406 | 
2025-09-05 18:32:31,031 [INFO] [Iter 142] LR: 0.00000001
2025-09-05 18:32:31,032 [INFO] Saving best model at iteration 142
2025-09-05 18:32:31,299 [INFO] [143/300] loss 666.139 | compact 6.93904 | spectral 19.4868 | recons_loss: 0.175657 | sparse_loss: 1.03406 | 
2025-09-05 18:32:31,299 [INFO] [Iter 143] LR: 0.00000001
2025-09-05 18:32:31,300 [INFO] No improvement: current loss 666.139001, best loss 666.139031
2025-09-05 18:32:31,566 [INFO] [144/300] loss 666.139 | compact 6.93904 | spectral 19.4868 | recons_loss: 0.175657 | sparse_loss: 1.03406 | 
2025-09-05 18:32:31,567 [INFO] [Iter 144] LR: 0.00000001
2025-09-05 18:32:31,569 [INFO] No improvement: current loss 666.138980, best loss 666.139031
2025-09-05 18:32:31,851 [INFO] [145/300] loss 666.139 | compact 6.93904 | spectral 19.4868 | recons_loss: 0.175657 | sparse_loss: 1.03406 | 
2025-09-05 18:32:31,851 [INFO] [Iter 145] LR: 0.00000001
2025-09-05 18:32:31,853 [INFO] No improvement: current loss 666.138962, best loss 666.139031
2025-09-05 18:32:32,116 [INFO] [146/300] loss 666.139 | compact 6.93904 | spectral 19.4868 | recons_loss: 0.175657 | sparse_loss: 1.03406 | 
2025-09-05 18:32:32,117 [INFO] [Iter 146] LR: 0.00000001
2025-09-05 18:32:32,119 [INFO] No improvement: current loss 666.138945, best loss 666.139031
2025-09-05 18:32:32,382 [INFO] [147/300] loss 666.139 | compact 6.93904 | spectral 19.4868 | recons_loss: 0.175657 | sparse_loss: 1.03406 | 
2025-09-05 18:32:32,383 [INFO] [Iter 147] LR: 0.00000001
2025-09-05 18:32:32,384 [INFO] Saving best model at iteration 147
2025-09-05 18:32:32,644 [INFO] [148/300] loss 666.139 | compact 6.93904 | spectral 19.4868 | recons_loss: 0.175657 | sparse_loss: 1.03406 | 
2025-09-05 18:32:32,644 [INFO] [Iter 148] LR: 0.00000001
2025-09-05 18:32:32,646 [INFO] No improvement: current loss 666.138916, best loss 666.138930
2025-09-05 18:32:32,900 [INFO] [149/300] loss 666.139 | compact 6.93904 | spectral 19.4868 | recons_loss: 0.175657 | sparse_loss: 1.03406 | 
2025-09-05 18:32:32,900 [INFO] [Iter 149] LR: 0.00000001
2025-09-05 18:32:32,902 [INFO] No improvement: current loss 666.138904, best loss 666.138930
2025-09-05 18:32:32,995 [INFO] H: 160, W: 150
2025-09-05 18:32:33,097 [INFO] [0 1 2 3 4 5 6]
2025-09-05 18:32:33,256 [INFO] y_target: [1 2 3 4 5 6 7]
2025-09-05 18:32:33,256 [INFO] y_predict: [0 1 2 3 4 5 6]
2025-09-05 18:32:33,435 [INFO] Epoch = 150 OA = 0.8386 Kappa = 0.8096 NMI = 0.7427
2025-09-05 18:32:33,650 [INFO] [150/300] loss 666.139 | compact 6.93904 | spectral 19.4868 | recons_loss: 0.175657 | sparse_loss: 1.03406 | 
2025-09-05 18:32:33,650 [INFO] [Iter 150] LR: 0.00000001
2025-09-05 18:32:33,652 [INFO] No improvement: current loss 666.138893, best loss 666.138930
2025-09-05 18:32:33,917 [INFO] [151/300] loss 666.139 | compact 6.93904 | spectral 19.4868 | recons_loss: 0.175657 | sparse_loss: 1.03406 | 
2025-09-05 18:32:33,918 [INFO] [Iter 151] LR: 0.00000001
2025-09-05 18:32:33,919 [INFO] No improvement: current loss 666.138883, best loss 666.138930
2025-09-05 18:32:34,194 [INFO] [152/300] loss 666.139 | compact 6.93904 | spectral 19.4868 | recons_loss: 0.175657 | sparse_loss: 1.03406 | 
2025-09-05 18:32:34,195 [INFO] [Iter 152] LR: 0.00000001
2025-09-05 18:32:34,196 [INFO] No improvement: current loss 666.138874, best loss 666.138930
2025-09-05 18:32:34,455 [INFO] [153/300] loss 666.139 | compact 6.93904 | spectral 19.4868 | recons_loss: 0.175657 | sparse_loss: 1.03406 | 
2025-09-05 18:32:34,455 [INFO] [Iter 153] LR: 0.00000001
2025-09-05 18:32:34,457 [INFO] No improvement: current loss 666.138866, best loss 666.138930
2025-09-05 18:32:34,718 [INFO] [154/300] loss 666.139 | compact 6.93905 | spectral 19.4868 | recons_loss: 0.175657 | sparse_loss: 1.03406 | 
2025-09-05 18:32:34,719 [INFO] [Iter 154] LR: 0.00000001
2025-09-05 18:32:34,721 [INFO] No improvement: current loss 666.138859, best loss 666.138930
2025-09-05 18:32:34,982 [INFO] [155/300] loss 666.139 | compact 6.93905 | spectral 19.4868 | recons_loss: 0.175657 | sparse_loss: 1.03406 | 
2025-09-05 18:32:34,983 [INFO] [Iter 155] LR: 0.00000001
2025-09-05 18:32:34,984 [INFO] No improvement: current loss 666.138852, best loss 666.138930
2025-09-05 18:32:35,244 [INFO] [156/300] loss 666.139 | compact 6.93905 | spectral 19.4868 | recons_loss: 0.175657 | sparse_loss: 1.03406 | 
2025-09-05 18:32:35,244 [INFO] [Iter 156] LR: 0.00000001
2025-09-05 18:32:35,245 [INFO] No improvement: current loss 666.138847, best loss 666.138930
2025-09-05 18:32:35,509 [INFO] [157/300] loss 666.139 | compact 6.93905 | spectral 19.4868 | recons_loss: 0.175657 | sparse_loss: 1.03406 | 
2025-09-05 18:32:35,510 [INFO] [Iter 157] LR: 0.00000001
2025-09-05 18:32:35,511 [INFO] No improvement: current loss 666.138841, best loss 666.138930
2025-09-05 18:32:35,775 [INFO] [158/300] loss 666.139 | compact 6.93905 | spectral 19.4868 | recons_loss: 0.175657 | sparse_loss: 1.03406 | 
2025-09-05 18:32:35,775 [INFO] [Iter 158] LR: 0.00000001
2025-09-05 18:32:35,777 [INFO] No improvement: current loss 666.138837, best loss 666.138930
2025-09-05 18:32:36,035 [INFO] [159/300] loss 666.139 | compact 6.93905 | spectral 19.4868 | recons_loss: 0.175657 | sparse_loss: 1.03406 | 
2025-09-05 18:32:36,036 [INFO] [Iter 159] LR: 0.00000001
2025-09-05 18:32:36,037 [INFO] No improvement: current loss 666.138832, best loss 666.138930
2025-09-05 18:32:36,317 [INFO] [160/300] loss 666.139 | compact 6.93905 | spectral 19.4868 | recons_loss: 0.175657 | sparse_loss: 1.03406 | 
2025-09-05 18:32:36,317 [INFO] [Iter 160] LR: 0.00000001
2025-09-05 18:32:36,318 [INFO] Saving best model at iteration 160
2025-09-05 18:32:36,575 [INFO] [161/300] loss 666.139 | compact 6.93905 | spectral 19.4868 | recons_loss: 0.175657 | sparse_loss: 1.03406 | 
2025-09-05 18:32:36,576 [INFO] [Iter 161] LR: 0.00000001
2025-09-05 18:32:36,577 [INFO] No improvement: current loss 666.138825, best loss 666.138829
2025-09-05 18:32:36,848 [INFO] [162/300] loss 666.139 | compact 6.93905 | spectral 19.4868 | recons_loss: 0.175657 | sparse_loss: 1.03406 | 
2025-09-05 18:32:36,848 [INFO] [Iter 162] LR: 0.00000001
2025-09-05 18:32:36,849 [INFO] No improvement: current loss 666.138822, best loss 666.138829
2025-09-05 18:32:37,107 [INFO] [163/300] loss 666.139 | compact 6.93905 | spectral 19.4868 | recons_loss: 0.175657 | sparse_loss: 1.03406 | 
2025-09-05 18:32:37,108 [INFO] [Iter 163] LR: 0.00000001
2025-09-05 18:32:37,110 [INFO] No improvement: current loss 666.138819, best loss 666.138829
2025-09-05 18:32:37,372 [INFO] [164/300] loss 666.139 | compact 6.93905 | spectral 19.4868 | recons_loss: 0.175657 | sparse_loss: 1.03406 | 
2025-09-05 18:32:37,372 [INFO] [Iter 164] LR: 0.00000001
2025-09-05 18:32:37,374 [INFO] No improvement: current loss 666.138817, best loss 666.138829
2025-09-05 18:32:37,635 [INFO] [165/300] loss 666.139 | compact 6.93905 | spectral 19.4868 | recons_loss: 0.175657 | sparse_loss: 1.03406 | 
2025-09-05 18:32:37,635 [INFO] [Iter 165] LR: 0.00000001
2025-09-05 18:32:37,637 [INFO] No improvement: current loss 666.138814, best loss 666.138829
2025-09-05 18:32:37,894 [INFO] [166/300] loss 666.139 | compact 6.93905 | spectral 19.4868 | recons_loss: 0.175657 | sparse_loss: 1.03406 | 
2025-09-05 18:32:37,895 [INFO] [Iter 166] LR: 0.00000001
2025-09-05 18:32:37,897 [INFO] No improvement: current loss 666.138812, best loss 666.138829
2025-09-05 18:32:38,157 [INFO] [167/300] loss 666.139 | compact 6.93905 | spectral 19.4868 | recons_loss: 0.175657 | sparse_loss: 1.03406 | 
2025-09-05 18:32:38,158 [INFO] [Iter 167] LR: 0.00000001
2025-09-05 18:32:38,159 [INFO] No improvement: current loss 666.138810, best loss 666.138829
2025-09-05 18:32:38,423 [INFO] [168/300] loss 666.139 | compact 6.93905 | spectral 19.4868 | recons_loss: 0.175657 | sparse_loss: 1.03406 | 
2025-09-05 18:32:38,423 [INFO] [Iter 168] LR: 0.00000001
2025-09-05 18:32:38,425 [INFO] No improvement: current loss 666.138809, best loss 666.138829
2025-09-05 18:32:38,690 [INFO] [169/300] loss 666.139 | compact 6.93905 | spectral 19.4868 | recons_loss: 0.175657 | sparse_loss: 1.03406 | 
2025-09-05 18:32:38,690 [INFO] [Iter 169] LR: 0.00000001
2025-09-05 18:32:38,692 [INFO] No improvement: current loss 666.138807, best loss 666.138829
2025-09-05 18:32:38,955 [INFO] [170/300] loss 666.139 | compact 6.93905 | spectral 19.4868 | recons_loss: 0.175657 | sparse_loss: 1.03406 | 
2025-09-05 18:32:38,956 [INFO] [Iter 170] LR: 0.00000001
2025-09-05 18:32:38,957 [INFO] No improvement: current loss 666.138806, best loss 666.138829
2025-09-05 18:32:39,224 [INFO] [171/300] loss 666.139 | compact 6.93905 | spectral 19.4868 | recons_loss: 0.175657 | sparse_loss: 1.03406 | 
2025-09-05 18:32:39,224 [INFO] [Iter 171] LR: 0.00000001
2025-09-05 18:32:39,225 [INFO] No improvement: current loss 666.138805, best loss 666.138829
2025-09-05 18:32:39,485 [INFO] [172/300] loss 666.139 | compact 6.93905 | spectral 19.4868 | recons_loss: 0.175657 | sparse_loss: 1.03406 | 
2025-09-05 18:32:39,485 [INFO] [Iter 172] LR: 0.00000001
2025-09-05 18:32:39,486 [INFO] No improvement: current loss 666.138804, best loss 666.138829
2025-09-05 18:32:39,749 [INFO] [173/300] loss 666.139 | compact 6.93905 | spectral 19.4868 | recons_loss: 0.175657 | sparse_loss: 1.03406 | 
2025-09-05 18:32:39,750 [INFO] [Iter 173] LR: 0.00000001
2025-09-05 18:32:39,751 [INFO] No improvement: current loss 666.138797, best loss 666.138829
2025-09-05 18:32:40,010 [INFO] [174/300] loss 666.139 | compact 6.93905 | spectral 19.4868 | recons_loss: 0.175657 | sparse_loss: 1.03406 | 
2025-09-05 18:32:40,010 [INFO] [Iter 174] LR: 0.00000001
2025-09-05 18:32:40,012 [INFO] No improvement: current loss 666.138796, best loss 666.138829
2025-09-05 18:32:40,272 [INFO] [175/300] loss 666.139 | compact 6.93905 | spectral 19.4868 | recons_loss: 0.175657 | sparse_loss: 1.03406 | 
2025-09-05 18:32:40,272 [INFO] [Iter 175] LR: 0.00000001
2025-09-05 18:32:40,274 [INFO] No improvement: current loss 666.138796, best loss 666.138829
2025-09-05 18:32:40,530 [INFO] [176/300] loss 666.139 | compact 6.93905 | spectral 19.4868 | recons_loss: 0.175657 | sparse_loss: 1.03406 | 
2025-09-05 18:32:40,530 [INFO] [Iter 176] LR: 0.00000001
2025-09-05 18:32:40,531 [INFO] No improvement: current loss 666.138796, best loss 666.138829
2025-09-05 18:32:40,790 [INFO] [177/300] loss 666.139 | compact 6.93905 | spectral 19.4868 | recons_loss: 0.175657 | sparse_loss: 1.03406 | 
2025-09-05 18:32:40,790 [INFO] [Iter 177] LR: 0.00000001
2025-09-05 18:32:40,792 [INFO] No improvement: current loss 666.138796, best loss 666.138829
2025-09-05 18:32:41,049 [INFO] [178/300] loss 666.139 | compact 6.93905 | spectral 19.4868 | recons_loss: 0.175657 | sparse_loss: 1.03406 | 
2025-09-05 18:32:41,050 [INFO] [Iter 178] LR: 0.00000001
2025-09-05 18:32:41,052 [INFO] No improvement: current loss 666.138796, best loss 666.138829
2025-09-05 18:32:41,307 [INFO] [179/300] loss 666.139 | compact 6.93905 | spectral 19.4868 | recons_loss: 0.175657 | sparse_loss: 1.03406 | 
2025-09-05 18:32:41,308 [INFO] [Iter 179] LR: 0.00000001
2025-09-05 18:32:41,309 [INFO] No improvement: current loss 666.138795, best loss 666.138829
2025-09-05 18:32:41,564 [INFO] [180/300] loss 666.139 | compact 6.93905 | spectral 19.4868 | recons_loss: 0.175657 | sparse_loss: 1.03406 | 
2025-09-05 18:32:41,564 [INFO] [Iter 180] LR: 0.00000001
2025-09-05 18:32:41,565 [INFO] No improvement: current loss 666.138795, best loss 666.138829
2025-09-05 18:32:41,827 [INFO] [181/300] loss 666.139 | compact 6.93905 | spectral 19.4868 | recons_loss: 0.175657 | sparse_loss: 1.03406 | 
2025-09-05 18:32:41,827 [INFO] [Iter 181] LR: 0.00000001
2025-09-05 18:32:41,829 [INFO] No improvement: current loss 666.138795, best loss 666.138829
2025-09-05 18:32:42,091 [INFO] [182/300] loss 666.139 | compact 6.93905 | spectral 19.4868 | recons_loss: 0.175657 | sparse_loss: 1.03406 | 
2025-09-05 18:32:42,092 [INFO] [Iter 182] LR: 0.00000001
2025-09-05 18:32:42,093 [INFO] No improvement: current loss 666.138795, best loss 666.138829
2025-09-05 18:32:42,365 [INFO] [183/300] loss 666.139 | compact 6.93905 | spectral 19.4868 | recons_loss: 0.175657 | sparse_loss: 1.03406 | 
2025-09-05 18:32:42,365 [INFO] [Iter 183] LR: 0.00000001
2025-09-05 18:32:42,368 [INFO] No improvement: current loss 666.138795, best loss 666.138829
2025-09-05 18:32:42,629 [INFO] [184/300] loss 666.139 | compact 6.93905 | spectral 19.4868 | recons_loss: 0.175657 | sparse_loss: 1.03406 | 
2025-09-05 18:32:42,629 [INFO] [Iter 184] LR: 0.00000001
2025-09-05 18:32:42,630 [INFO] No improvement: current loss 666.138789, best loss 666.138829
2025-09-05 18:32:42,900 [INFO] [185/300] loss 666.139 | compact 6.93905 | spectral 19.4868 | recons_loss: 0.175657 | sparse_loss: 1.03406 | 
2025-09-05 18:32:42,901 [INFO] [Iter 185] LR: 0.00000001
2025-09-05 18:32:42,904 [INFO] No improvement: current loss 666.138789, best loss 666.138829
2025-09-05 18:32:43,169 [INFO] [186/300] loss 666.139 | compact 6.93905 | spectral 19.4868 | recons_loss: 0.175657 | sparse_loss: 1.03406 | 
2025-09-05 18:32:43,170 [INFO] [Iter 186] LR: 0.00000001
2025-09-05 18:32:43,171 [INFO] No improvement: current loss 666.138790, best loss 666.138829
2025-09-05 18:32:43,441 [INFO] [187/300] loss 666.139 | compact 6.93905 | spectral 19.4868 | recons_loss: 0.175657 | sparse_loss: 1.03406 | 
2025-09-05 18:32:43,442 [INFO] [Iter 187] LR: 0.00000001
2025-09-05 18:32:43,444 [INFO] No improvement: current loss 666.138790, best loss 666.138829
2025-09-05 18:32:43,701 [INFO] [188/300] loss 666.139 | compact 6.93905 | spectral 19.4868 | recons_loss: 0.175657 | sparse_loss: 1.03406 | 
2025-09-05 18:32:43,701 [INFO] [Iter 188] LR: 0.00000001
2025-09-05 18:32:43,702 [INFO] No improvement: current loss 666.138790, best loss 666.138829
2025-09-05 18:32:43,958 [INFO] [189/300] loss 666.139 | compact 6.93905 | spectral 19.4868 | recons_loss: 0.175657 | sparse_loss: 1.03406 | 
2025-09-05 18:32:43,958 [INFO] [Iter 189] LR: 0.00000001
2025-09-05 18:32:43,960 [INFO] No improvement: current loss 666.138791, best loss 666.138829
2025-09-05 18:32:44,215 [INFO] [190/300] loss 666.139 | compact 6.93905 | spectral 19.4868 | recons_loss: 0.175657 | sparse_loss: 1.03406 | 
2025-09-05 18:32:44,215 [INFO] [Iter 190] LR: 0.00000001
2025-09-05 18:32:44,217 [INFO] No improvement: current loss 666.138791, best loss 666.138829
2025-09-05 18:32:44,473 [INFO] [191/300] loss 666.139 | compact 6.93905 | spectral 19.4868 | recons_loss: 0.175657 | sparse_loss: 1.03406 | 
2025-09-05 18:32:44,474 [INFO] [Iter 191] LR: 0.00000001
2025-09-05 18:32:44,475 [INFO] No improvement: current loss 666.138791, best loss 666.138829
2025-09-05 18:32:44,731 [INFO] [192/300] loss 666.139 | compact 6.93905 | spectral 19.4868 | recons_loss: 0.175657 | sparse_loss: 1.03406 | 
2025-09-05 18:32:44,731 [INFO] [Iter 192] LR: 0.00000001
2025-09-05 18:32:44,733 [INFO] No improvement: current loss 666.138792, best loss 666.138829
2025-09-05 18:32:44,995 [INFO] [193/300] loss 666.139 | compact 6.93905 | spectral 19.4868 | recons_loss: 0.175657 | sparse_loss: 1.03406 | 
2025-09-05 18:32:44,995 [INFO] [Iter 193] LR: 0.00000001
2025-09-05 18:32:44,996 [INFO] No improvement: current loss 666.138792, best loss 666.138829
2025-09-05 18:32:45,261 [INFO] [194/300] loss 666.139 | compact 6.93905 | spectral 19.4868 | recons_loss: 0.175657 | sparse_loss: 1.03406 | 
2025-09-05 18:32:45,262 [INFO] [Iter 194] LR: 0.00000001
2025-09-05 18:32:45,264 [INFO] No improvement: current loss 666.138792, best loss 666.138829
2025-09-05 18:32:45,530 [INFO] [195/300] loss 666.139 | compact 6.93905 | spectral 19.4868 | recons_loss: 0.175657 | sparse_loss: 1.03406 | 
2025-09-05 18:32:45,531 [INFO] [Iter 195] LR: 0.00000001
2025-09-05 18:32:45,532 [INFO] No improvement: current loss 666.138786, best loss 666.138829
2025-09-05 18:32:45,802 [INFO] [196/300] loss 666.139 | compact 6.93905 | spectral 19.4868 | recons_loss: 0.175657 | sparse_loss: 1.03406 | 
2025-09-05 18:32:45,803 [INFO] [Iter 196] LR: 0.00000001
2025-09-05 18:32:45,805 [INFO] No improvement: current loss 666.138787, best loss 666.138829
2025-09-05 18:32:46,071 [INFO] [197/300] loss 666.139 | compact 6.93905 | spectral 19.4868 | recons_loss: 0.175657 | sparse_loss: 1.03406 | 
2025-09-05 18:32:46,071 [INFO] [Iter 197] LR: 0.00000001
2025-09-05 18:32:46,073 [INFO] No improvement: current loss 666.138788, best loss 666.138829
2025-09-05 18:32:46,336 [INFO] [198/300] loss 666.139 | compact 6.93905 | spectral 19.4868 | recons_loss: 0.175657 | sparse_loss: 1.03406 | 
2025-09-05 18:32:46,336 [INFO] [Iter 198] LR: 0.00000001
2025-09-05 18:32:46,339 [INFO] No improvement: current loss 666.138788, best loss 666.138829
2025-09-05 18:32:46,605 [INFO] [199/300] loss 666.139 | compact 6.93905 | spectral 19.4868 | recons_loss: 0.175657 | sparse_loss: 1.03406 | 
2025-09-05 18:32:46,606 [INFO] [Iter 199] LR: 0.00000001
2025-09-05 18:32:46,607 [INFO] No improvement: current loss 666.138789, best loss 666.138829
2025-09-05 18:32:46,668 [INFO] H: 160, W: 150
2025-09-05 18:32:46,781 [INFO] [0 1 2 3 4 5 6]
2025-09-05 18:32:46,955 [INFO] y_target: [1 2 3 4 5 6 7]
2025-09-05 18:32:46,955 [INFO] y_predict: [0 1 2 3 4 5 6]
2025-09-05 18:32:47,134 [INFO] Epoch = 200 OA = 0.8386 Kappa = 0.8096 NMI = 0.7427
2025-09-05 18:32:47,349 [INFO] [200/300] loss 666.139 | compact 6.93905 | spectral 19.4868 | recons_loss: 0.175657 | sparse_loss: 1.03406 | 
2025-09-05 18:32:47,349 [INFO] [Iter 200] LR: 0.00000001
2025-09-05 18:32:47,351 [INFO] No improvement: current loss 666.138789, best loss 666.138829
2025-09-05 18:32:47,619 [INFO] [201/300] loss 666.139 | compact 6.93905 | spectral 19.4868 | recons_loss: 0.175657 | sparse_loss: 1.03406 | 
2025-09-05 18:32:47,620 [INFO] [Iter 201] LR: 0.00000001
2025-09-05 18:32:47,621 [INFO] No improvement: current loss 666.138790, best loss 666.138829
2025-09-05 18:32:47,879 [INFO] [202/300] loss 666.139 | compact 6.93905 | spectral 19.4868 | recons_loss: 0.175657 | sparse_loss: 1.03406 | 
2025-09-05 18:32:47,880 [INFO] [Iter 202] LR: 0.00000001
2025-09-05 18:32:47,881 [INFO] No improvement: current loss 666.138790, best loss 666.138829
2025-09-05 18:32:48,138 [INFO] [203/300] loss 666.139 | compact 6.93905 | spectral 19.4868 | recons_loss: 0.175657 | sparse_loss: 1.03406 | 
2025-09-05 18:32:48,139 [INFO] [Iter 203] LR: 0.00000001
2025-09-05 18:32:48,140 [INFO] No improvement: current loss 666.138791, best loss 666.138829
2025-09-05 18:32:48,399 [INFO] [204/300] loss 666.139 | compact 6.93905 | spectral 19.4868 | recons_loss: 0.175657 | sparse_loss: 1.03406 | 
2025-09-05 18:32:48,399 [INFO] [Iter 204] LR: 0.00000001
2025-09-05 18:32:48,400 [INFO] No improvement: current loss 666.138791, best loss 666.138829
2025-09-05 18:32:48,657 [INFO] [205/300] loss 666.139 | compact 6.93905 | spectral 19.4868 | recons_loss: 0.175657 | sparse_loss: 1.03406 | 
2025-09-05 18:32:48,658 [INFO] [Iter 205] LR: 0.00000001
2025-09-05 18:32:48,660 [INFO] No improvement: current loss 666.138785, best loss 666.138829
2025-09-05 18:32:48,916 [INFO] [206/300] loss 666.139 | compact 6.93905 | spectral 19.4868 | recons_loss: 0.175657 | sparse_loss: 1.03406 | 
2025-09-05 18:32:48,916 [INFO] [Iter 206] LR: 0.00000001
2025-09-05 18:32:48,918 [INFO] No improvement: current loss 666.138786, best loss 666.138829
2025-09-05 18:32:49,181 [INFO] [207/300] loss 666.139 | compact 6.93905 | spectral 19.4868 | recons_loss: 0.175657 | sparse_loss: 1.03406 | 
2025-09-05 18:32:49,181 [INFO] [Iter 207] LR: 0.00000001
2025-09-05 18:32:49,183 [INFO] No improvement: current loss 666.138781, best loss 666.138829
2025-09-05 18:32:49,441 [INFO] [208/300] loss 666.139 | compact 6.93905 | spectral 19.4868 | recons_loss: 0.175657 | sparse_loss: 1.03406 | 
2025-09-05 18:32:49,442 [INFO] [Iter 208] LR: 0.00000001
2025-09-05 18:32:49,444 [INFO] No improvement: current loss 666.138782, best loss 666.138829
2025-09-05 18:32:49,704 [INFO] [209/300] loss 666.139 | compact 6.93905 | spectral 19.4868 | recons_loss: 0.175657 | sparse_loss: 1.03406 | 
2025-09-05 18:32:49,705 [INFO] [Iter 209] LR: 0.00000001
2025-09-05 18:32:49,706 [INFO] No improvement: current loss 666.138783, best loss 666.138829
2025-09-05 18:32:49,982 [INFO] [210/300] loss 666.139 | compact 6.93905 | spectral 19.4868 | recons_loss: 0.175657 | sparse_loss: 1.03406 | 
2025-09-05 18:32:49,982 [INFO] [Iter 210] LR: 0.00000001
2025-09-05 18:32:49,983 [INFO] No improvement: current loss 666.138784, best loss 666.138829
2025-09-05 18:32:50,242 [INFO] [211/300] loss 666.139 | compact 6.93905 | spectral 19.4868 | recons_loss: 0.175657 | sparse_loss: 1.03406 | 
2025-09-05 18:32:50,242 [INFO] [Iter 211] LR: 0.00000001
2025-09-05 18:32:50,244 [INFO] No improvement: current loss 666.138785, best loss 666.138829
2025-09-05 18:32:50,500 [INFO] [212/300] loss 666.139 | compact 6.93905 | spectral 19.4868 | recons_loss: 0.175657 | sparse_loss: 1.03406 | 
2025-09-05 18:32:50,500 [INFO] [Iter 212] LR: 0.00000001
2025-09-05 18:32:50,501 [INFO] No improvement: current loss 666.138786, best loss 666.138829
2025-09-05 18:32:50,760 [INFO] [213/300] loss 666.139 | compact 6.93905 | spectral 19.4868 | recons_loss: 0.175657 | sparse_loss: 1.03406 | 
2025-09-05 18:32:50,760 [INFO] [Iter 213] LR: 0.00000001
2025-09-05 18:32:50,761 [INFO] No improvement: current loss 666.138787, best loss 666.138829
2025-09-05 18:32:51,018 [INFO] [214/300] loss 666.139 | compact 6.93905 | spectral 19.4868 | recons_loss: 0.175657 | sparse_loss: 1.03406 | 
2025-09-05 18:32:51,019 [INFO] [Iter 214] LR: 0.00000001
2025-09-05 18:32:51,021 [INFO] No improvement: current loss 666.138788, best loss 666.138829
2025-09-05 18:32:51,282 [INFO] [215/300] loss 666.139 | compact 6.93905 | spectral 19.4868 | recons_loss: 0.175657 | sparse_loss: 1.03406 | 
2025-09-05 18:32:51,282 [INFO] [Iter 215] LR: 0.00000001
2025-09-05 18:32:51,283 [INFO] No improvement: current loss 666.138788, best loss 666.138829
2025-09-05 18:32:51,548 [INFO] [216/300] loss 666.139 | compact 6.93905 | spectral 19.4868 | recons_loss: 0.175657 | sparse_loss: 1.03406 | 
2025-09-05 18:32:51,549 [INFO] [Iter 216] LR: 0.00000001
2025-09-05 18:32:51,550 [INFO] No improvement: current loss 666.138789, best loss 666.138829
2025-09-05 18:32:51,819 [INFO] [217/300] loss 666.139 | compact 6.93905 | spectral 19.4868 | recons_loss: 0.175657 | sparse_loss: 1.03406 | 
2025-09-05 18:32:51,819 [INFO] [Iter 217] LR: 0.00000001
2025-09-05 18:32:51,821 [INFO] No improvement: current loss 666.138777, best loss 666.138829
2025-09-05 18:32:52,093 [INFO] [218/300] loss 666.139 | compact 6.93905 | spectral 19.4868 | recons_loss: 0.175657 | sparse_loss: 1.03406 | 
2025-09-05 18:32:52,093 [INFO] [Iter 218] LR: 0.00000001
2025-09-05 18:32:52,094 [INFO] No improvement: current loss 666.138779, best loss 666.138829
2025-09-05 18:32:52,354 [INFO] [219/300] loss 666.139 | compact 6.93905 | spectral 19.4868 | recons_loss: 0.175657 | sparse_loss: 1.03406 | 
2025-09-05 18:32:52,355 [INFO] [Iter 219] LR: 0.00000001
2025-09-05 18:32:52,356 [INFO] No improvement: current loss 666.138780, best loss 666.138829
2025-09-05 18:32:52,616 [INFO] [220/300] loss 666.139 | compact 6.93905 | spectral 19.4868 | recons_loss: 0.175657 | sparse_loss: 1.03406 | 
2025-09-05 18:32:52,616 [INFO] [Iter 220] LR: 0.00000001
2025-09-05 18:32:52,618 [INFO] No improvement: current loss 666.138782, best loss 666.138829
2025-09-05 18:32:52,888 [INFO] [221/300] loss 666.139 | compact 6.93905 | spectral 19.4868 | recons_loss: 0.175657 | sparse_loss: 1.03406 | 
2025-09-05 18:32:52,888 [INFO] [Iter 221] LR: 0.00000001
2025-09-05 18:32:52,891 [INFO] No improvement: current loss 666.138783, best loss 666.138829
2025-09-05 18:32:53,149 [INFO] [222/300] loss 666.139 | compact 6.93905 | spectral 19.4868 | recons_loss: 0.175657 | sparse_loss: 1.03406 | 
2025-09-05 18:32:53,149 [INFO] [Iter 222] LR: 0.00000001
2025-09-05 18:32:53,152 [INFO] No improvement: current loss 666.138772, best loss 666.138829
2025-09-05 18:32:53,412 [INFO] [223/300] loss 666.139 | compact 6.93905 | spectral 19.4868 | recons_loss: 0.175657 | sparse_loss: 1.03406 | 
2025-09-05 18:32:53,413 [INFO] [Iter 223] LR: 0.00000001
2025-09-05 18:32:53,415 [INFO] No improvement: current loss 666.138774, best loss 666.138829
2025-09-05 18:32:53,675 [INFO] [224/300] loss 666.139 | compact 6.93905 | spectral 19.4868 | recons_loss: 0.175657 | sparse_loss: 1.03406 | 
2025-09-05 18:32:53,675 [INFO] [Iter 224] LR: 0.00000001
2025-09-05 18:32:53,676 [INFO] No improvement: current loss 666.138770, best loss 666.138829
2025-09-05 18:32:53,934 [INFO] [225/300] loss 666.139 | compact 6.93905 | spectral 19.4868 | recons_loss: 0.175657 | sparse_loss: 1.03406 | 
2025-09-05 18:32:53,934 [INFO] [Iter 225] LR: 0.00000001
2025-09-05 18:32:53,935 [INFO] No improvement: current loss 666.138772, best loss 666.138829
2025-09-05 18:32:54,193 [INFO] [226/300] loss 666.139 | compact 6.93905 | spectral 19.4868 | recons_loss: 0.175657 | sparse_loss: 1.03406 | 
2025-09-05 18:32:54,193 [INFO] [Iter 226] LR: 0.00000001
2025-09-05 18:32:54,194 [INFO] No improvement: current loss 666.138774, best loss 666.138829
2025-09-05 18:32:54,451 [INFO] [227/300] loss 666.139 | compact 6.93905 | spectral 19.4868 | recons_loss: 0.175657 | sparse_loss: 1.03406 | 
2025-09-05 18:32:54,452 [INFO] [Iter 227] LR: 0.00000001
2025-09-05 18:32:54,453 [INFO] No improvement: current loss 666.138776, best loss 666.138829
2025-09-05 18:32:54,713 [INFO] [228/300] loss 666.139 | compact 6.93905 | spectral 19.4868 | recons_loss: 0.175657 | sparse_loss: 1.03406 | 
2025-09-05 18:32:54,714 [INFO] [Iter 228] LR: 0.00000001
2025-09-05 18:32:54,717 [INFO] No improvement: current loss 666.138778, best loss 666.138829
2025-09-05 18:32:54,991 [INFO] [229/300] loss 666.139 | compact 6.93905 | spectral 19.4868 | recons_loss: 0.175657 | sparse_loss: 1.03406 | 
2025-09-05 18:32:54,991 [INFO] [Iter 229] LR: 0.00000001
2025-09-05 18:32:54,992 [INFO] No improvement: current loss 666.138774, best loss 666.138829
2025-09-05 18:32:55,250 [INFO] [230/300] loss 666.139 | compact 6.93905 | spectral 19.4868 | recons_loss: 0.175657 | sparse_loss: 1.03406 | 
2025-09-05 18:32:55,251 [INFO] [Iter 230] LR: 0.00000001
2025-09-05 18:32:55,252 [INFO] No improvement: current loss 666.138770, best loss 666.138829
2025-09-05 18:32:55,512 [INFO] [231/300] loss 666.139 | compact 6.93905 | spectral 19.4868 | recons_loss: 0.175657 | sparse_loss: 1.03406 | 
2025-09-05 18:32:55,512 [INFO] [Iter 231] LR: 0.00000001
2025-09-05 18:32:55,513 [INFO] No improvement: current loss 666.138772, best loss 666.138829
2025-09-05 18:32:55,770 [INFO] [232/300] loss 666.139 | compact 6.93905 | spectral 19.4868 | recons_loss: 0.175657 | sparse_loss: 1.03406 | 
2025-09-05 18:32:55,771 [INFO] [Iter 232] LR: 0.00000001
2025-09-05 18:32:55,773 [INFO] No improvement: current loss 666.138774, best loss 666.138829
2025-09-05 18:32:56,046 [INFO] [233/300] loss 666.139 | compact 6.93905 | spectral 19.4868 | recons_loss: 0.175657 | sparse_loss: 1.03406 | 
2025-09-05 18:32:56,046 [INFO] [Iter 233] LR: 0.00000001
2025-09-05 18:32:56,048 [INFO] No improvement: current loss 666.138776, best loss 666.138829
2025-09-05 18:32:56,310 [INFO] [234/300] loss 666.139 | compact 6.93905 | spectral 19.4868 | recons_loss: 0.175657 | sparse_loss: 1.03406 | 
2025-09-05 18:32:56,310 [INFO] [Iter 234] LR: 0.00000001
2025-09-05 18:32:56,311 [INFO] No improvement: current loss 666.138778, best loss 666.138829
2025-09-05 18:32:56,574 [INFO] [235/300] loss 666.139 | compact 6.93905 | spectral 19.4868 | recons_loss: 0.175657 | sparse_loss: 1.03406 | 
2025-09-05 18:32:56,574 [INFO] [Iter 235] LR: 0.00000001
2025-09-05 18:32:56,577 [INFO] No improvement: current loss 666.138780, best loss 666.138829
2025-09-05 18:32:56,838 [INFO] [236/300] loss 666.139 | compact 6.93905 | spectral 19.4868 | recons_loss: 0.175657 | sparse_loss: 1.03406 | 
2025-09-05 18:32:56,839 [INFO] [Iter 236] LR: 0.00000001
2025-09-05 18:32:56,840 [INFO] No improvement: current loss 666.138781, best loss 666.138829
2025-09-05 18:32:57,103 [INFO] [237/300] loss 666.139 | compact 6.93905 | spectral 19.4868 | recons_loss: 0.175657 | sparse_loss: 1.03406 | 
2025-09-05 18:32:57,104 [INFO] [Iter 237] LR: 0.00000001
2025-09-05 18:32:57,106 [INFO] No improvement: current loss 666.138782, best loss 666.138829
2025-09-05 18:32:57,368 [INFO] [238/300] loss 666.139 | compact 6.93905 | spectral 19.4868 | recons_loss: 0.175657 | sparse_loss: 1.03406 | 
2025-09-05 18:32:57,368 [INFO] [Iter 238] LR: 0.00000001
2025-09-05 18:32:57,369 [INFO] No improvement: current loss 666.138783, best loss 666.138829
2025-09-05 18:32:57,635 [INFO] [239/300] loss 666.139 | compact 6.93905 | spectral 19.4868 | recons_loss: 0.175657 | sparse_loss: 1.03406 | 
2025-09-05 18:32:57,636 [INFO] [Iter 239] LR: 0.00000001
2025-09-05 18:32:57,637 [INFO] No improvement: current loss 666.138785, best loss 666.138829
2025-09-05 18:32:57,896 [INFO] [240/300] loss 666.139 | compact 6.93905 | spectral 19.4868 | recons_loss: 0.175657 | sparse_loss: 1.03406 | 
2025-09-05 18:32:57,896 [INFO] [Iter 240] LR: 0.00000001
2025-09-05 18:32:57,897 [INFO] No improvement: current loss 666.138785, best loss 666.138829
2025-09-05 18:32:58,161 [INFO] [241/300] loss 666.139 | compact 6.93905 | spectral 19.4868 | recons_loss: 0.175657 | sparse_loss: 1.03406 | 
2025-09-05 18:32:58,162 [INFO] [Iter 241] LR: 0.00000001
2025-09-05 18:32:58,164 [INFO] No improvement: current loss 666.138786, best loss 666.138829
2025-09-05 18:32:58,423 [INFO] [242/300] loss 666.139 | compact 6.93905 | spectral 19.4868 | recons_loss: 0.175657 | sparse_loss: 1.03406 | 
2025-09-05 18:32:58,424 [INFO] [Iter 242] LR: 0.00000001
2025-09-05 18:32:58,425 [INFO] No improvement: current loss 666.138787, best loss 666.138829
2025-09-05 18:32:58,682 [INFO] [243/300] loss 666.139 | compact 6.93905 | spectral 19.4868 | recons_loss: 0.175657 | sparse_loss: 1.03406 | 
2025-09-05 18:32:58,682 [INFO] [Iter 243] LR: 0.00000001
2025-09-05 18:32:58,685 [INFO] No improvement: current loss 666.138788, best loss 666.138829
2025-09-05 18:32:58,969 [INFO] [244/300] loss 666.139 | compact 6.93905 | spectral 19.4868 | recons_loss: 0.175657 | sparse_loss: 1.03406 | 
2025-09-05 18:32:58,970 [INFO] [Iter 244] LR: 0.00000001
2025-09-05 18:32:58,971 [INFO] No improvement: current loss 666.138788, best loss 666.138829
2025-09-05 18:32:59,230 [INFO] [245/300] loss 666.139 | compact 6.93905 | spectral 19.4868 | recons_loss: 0.175657 | sparse_loss: 1.03406 | 
2025-09-05 18:32:59,231 [INFO] [Iter 245] LR: 0.00000001
2025-09-05 18:32:59,233 [INFO] No improvement: current loss 666.138789, best loss 666.138829
2025-09-05 18:32:59,505 [INFO] [246/300] loss 666.139 | compact 6.93905 | spectral 19.4868 | recons_loss: 0.175657 | sparse_loss: 1.03406 | 
2025-09-05 18:32:59,506 [INFO] [Iter 246] LR: 0.00000001
2025-09-05 18:32:59,509 [INFO] No improvement: current loss 666.138789, best loss 666.138829
2025-09-05 18:32:59,767 [INFO] [247/300] loss 666.139 | compact 6.93905 | spectral 19.4868 | recons_loss: 0.175657 | sparse_loss: 1.03406 | 
2025-09-05 18:32:59,767 [INFO] [Iter 247] LR: 0.00000001
2025-09-05 18:32:59,768 [INFO] No improvement: current loss 666.138790, best loss 666.138829
2025-09-05 18:33:00,026 [INFO] [248/300] loss 666.139 | compact 6.93905 | spectral 19.4868 | recons_loss: 0.175657 | sparse_loss: 1.03406 | 
2025-09-05 18:33:00,026 [INFO] [Iter 248] LR: 0.00000001
2025-09-05 18:33:00,028 [INFO] No improvement: current loss 666.138790, best loss 666.138829
2025-09-05 18:33:00,314 [INFO] [249/300] loss 666.139 | compact 6.93905 | spectral 19.4868 | recons_loss: 0.175657 | sparse_loss: 1.03406 | 
2025-09-05 18:33:00,315 [INFO] [Iter 249] LR: 0.00000001
2025-09-05 18:33:00,318 [INFO] No improvement: current loss 666.138791, best loss 666.138829
2025-09-05 18:33:00,389 [INFO] H: 160, W: 150
2025-09-05 18:33:00,505 [INFO] [0 1 2 3 4 5 6]
2025-09-05 18:33:00,645 [INFO] y_target: [1 2 3 4 5 6 7]
2025-09-05 18:33:00,645 [INFO] y_predict: [0 1 2 3 4 5 6]
2025-09-05 18:33:00,827 [INFO] Epoch = 250 OA = 0.8386 Kappa = 0.8096 NMI = 0.7427
2025-09-05 18:33:01,038 [INFO] [250/300] loss 666.139 | compact 6.93905 | spectral 19.4868 | recons_loss: 0.175657 | sparse_loss: 1.03406 | 
2025-09-05 18:33:01,039 [INFO] [Iter 250] LR: 0.00000001
2025-09-05 18:33:01,040 [INFO] No improvement: current loss 666.138791, best loss 666.138829
2025-09-05 18:33:01,299 [INFO] [251/300] loss 666.139 | compact 6.93905 | spectral 19.4868 | recons_loss: 0.175657 | sparse_loss: 1.03406 | 
2025-09-05 18:33:01,300 [INFO] [Iter 251] LR: 0.00000001
2025-09-05 18:33:01,302 [INFO] No improvement: current loss 666.138791, best loss 666.138829
2025-09-05 18:33:01,561 [INFO] [252/300] loss 666.139 | compact 6.93905 | spectral 19.4868 | recons_loss: 0.175657 | sparse_loss: 1.03406 | 
2025-09-05 18:33:01,562 [INFO] [Iter 252] LR: 0.00000001
2025-09-05 18:33:01,563 [INFO] No improvement: current loss 666.138792, best loss 666.138829
2025-09-05 18:33:01,824 [INFO] [253/300] loss 666.139 | compact 6.93905 | spectral 19.4868 | recons_loss: 0.175657 | sparse_loss: 1.03406 | 
2025-09-05 18:33:01,825 [INFO] [Iter 253] LR: 0.00000001
2025-09-05 18:33:01,826 [INFO] No improvement: current loss 666.138792, best loss 666.138829
2025-09-05 18:33:02,083 [INFO] [254/300] loss 666.139 | compact 6.93905 | spectral 19.4868 | recons_loss: 0.175657 | sparse_loss: 1.03406 | 
2025-09-05 18:33:02,083 [INFO] [Iter 254] LR: 0.00000001
2025-09-05 18:33:02,084 [INFO] No improvement: current loss 666.138792, best loss 666.138829
2025-09-05 18:33:02,340 [INFO] [255/300] loss 666.139 | compact 6.93905 | spectral 19.4868 | recons_loss: 0.175657 | sparse_loss: 1.03406 | 
2025-09-05 18:33:02,341 [INFO] [Iter 255] LR: 0.00000001
2025-09-05 18:33:02,342 [INFO] No improvement: current loss 666.138792, best loss 666.138829
2025-09-05 18:33:02,603 [INFO] [256/300] loss 666.139 | compact 6.93905 | spectral 19.4868 | recons_loss: 0.175657 | sparse_loss: 1.03406 | 
2025-09-05 18:33:02,603 [INFO] [Iter 256] LR: 0.00000001
2025-09-05 18:33:02,604 [INFO] No improvement: current loss 666.138792, best loss 666.138829
2025-09-05 18:33:02,862 [INFO] [257/300] loss 666.139 | compact 6.93905 | spectral 19.4868 | recons_loss: 0.175657 | sparse_loss: 1.03406 | 
2025-09-05 18:33:02,863 [INFO] [Iter 257] LR: 0.00000001
2025-09-05 18:33:02,864 [INFO] No improvement: current loss 666.138793, best loss 666.138829
2025-09-05 18:33:03,123 [INFO] [258/300] loss 666.139 | compact 6.93905 | spectral 19.4868 | recons_loss: 0.175657 | sparse_loss: 1.03406 | 
2025-09-05 18:33:03,123 [INFO] [Iter 258] LR: 0.00000001
2025-09-05 18:33:03,124 [INFO] No improvement: current loss 666.138793, best loss 666.138829
2025-09-05 18:33:03,397 [INFO] [259/300] loss 666.139 | compact 6.93905 | spectral 19.4868 | recons_loss: 0.175657 | sparse_loss: 1.03406 | 
2025-09-05 18:33:03,398 [INFO] [Iter 259] LR: 0.00000001
2025-09-05 18:33:03,399 [INFO] No improvement: current loss 666.138793, best loss 666.138829
2025-09-05 18:33:03,658 [INFO] [260/300] loss 666.139 | compact 6.93905 | spectral 19.4868 | recons_loss: 0.175657 | sparse_loss: 1.03406 | 
2025-09-05 18:33:03,658 [INFO] [Iter 260] LR: 0.00000001
2025-09-05 18:33:03,659 [INFO] No improvement: current loss 666.138787, best loss 666.138829
2025-09-05 18:33:03,930 [INFO] [261/300] loss 666.139 | compact 6.93905 | spectral 19.4868 | recons_loss: 0.175657 | sparse_loss: 1.03406 | 
2025-09-05 18:33:03,931 [INFO] [Iter 261] LR: 0.00000001
2025-09-05 18:33:03,933 [INFO] No improvement: current loss 666.138781, best loss 666.138829
2025-09-05 18:33:04,195 [INFO] [262/300] loss 666.139 | compact 6.93905 | spectral 19.4868 | recons_loss: 0.175657 | sparse_loss: 1.03406 | 
2025-09-05 18:33:04,196 [INFO] [Iter 262] LR: 0.00000001
2025-09-05 18:33:04,197 [INFO] No improvement: current loss 666.138777, best loss 666.138829
2025-09-05 18:33:04,460 [INFO] [263/300] loss 666.139 | compact 6.93905 | spectral 19.4868 | recons_loss: 0.175657 | sparse_loss: 1.03406 | 
2025-09-05 18:33:04,461 [INFO] [Iter 263] LR: 0.00000001
2025-09-05 18:33:04,462 [INFO] No improvement: current loss 666.138778, best loss 666.138829
2025-09-05 18:33:04,720 [INFO] [264/300] loss 666.139 | compact 6.93905 | spectral 19.4868 | recons_loss: 0.175657 | sparse_loss: 1.03406 | 
2025-09-05 18:33:04,721 [INFO] [Iter 264] LR: 0.00000001
2025-09-05 18:33:04,723 [INFO] No improvement: current loss 666.138780, best loss 666.138829
2025-09-05 18:33:04,989 [INFO] [265/300] loss 666.139 | compact 6.93905 | spectral 19.4868 | recons_loss: 0.175657 | sparse_loss: 1.03406 | 
2025-09-05 18:33:04,989 [INFO] [Iter 265] LR: 0.00000001
2025-09-05 18:33:04,990 [INFO] No improvement: current loss 666.138781, best loss 666.138829
2025-09-05 18:33:05,255 [INFO] [266/300] loss 666.139 | compact 6.93905 | spectral 19.4868 | recons_loss: 0.175657 | sparse_loss: 1.03406 | 
2025-09-05 18:33:05,256 [INFO] [Iter 266] LR: 0.00000001
2025-09-05 18:33:05,259 [INFO] No improvement: current loss 666.138783, best loss 666.138829
2025-09-05 18:33:05,534 [INFO] [267/300] loss 666.139 | compact 6.93905 | spectral 19.4868 | recons_loss: 0.175657 | sparse_loss: 1.03406 | 
2025-09-05 18:33:05,534 [INFO] [Iter 267] LR: 0.00000001
2025-09-05 18:33:05,536 [INFO] No improvement: current loss 666.138784, best loss 666.138829
2025-09-05 18:33:05,809 [INFO] [268/300] loss 666.139 | compact 6.93905 | spectral 19.4868 | recons_loss: 0.175657 | sparse_loss: 1.03406 | 
2025-09-05 18:33:05,810 [INFO] [Iter 268] LR: 0.00000001
2025-09-05 18:33:05,811 [INFO] No improvement: current loss 666.138785, best loss 666.138829
2025-09-05 18:33:06,069 [INFO] [269/300] loss 666.139 | compact 6.93905 | spectral 19.4868 | recons_loss: 0.175657 | sparse_loss: 1.03406 | 
2025-09-05 18:33:06,069 [INFO] [Iter 269] LR: 0.00000001
2025-09-05 18:33:06,070 [INFO] No improvement: current loss 666.138786, best loss 666.138829
2025-09-05 18:33:06,335 [INFO] [270/300] loss 666.139 | compact 6.93905 | spectral 19.4868 | recons_loss: 0.175657 | sparse_loss: 1.03406 | 
2025-09-05 18:33:06,335 [INFO] [Iter 270] LR: 0.00000001
2025-09-05 18:33:06,336 [INFO] No improvement: current loss 666.138786, best loss 666.138829
2025-09-05 18:33:06,596 [INFO] [271/300] loss 666.139 | compact 6.93905 | spectral 19.4868 | recons_loss: 0.175657 | sparse_loss: 1.03406 | 
2025-09-05 18:33:06,597 [INFO] [Iter 271] LR: 0.00000001
2025-09-05 18:33:06,599 [INFO] No improvement: current loss 666.138787, best loss 666.138829
2025-09-05 18:33:06,862 [INFO] [272/300] loss 666.139 | compact 6.93905 | spectral 19.4868 | recons_loss: 0.175657 | sparse_loss: 1.03406 | 
2025-09-05 18:33:06,862 [INFO] [Iter 272] LR: 0.00000001
2025-09-05 18:33:06,863 [INFO] No improvement: current loss 666.138788, best loss 666.138829
2025-09-05 18:33:07,123 [INFO] [273/300] loss 666.139 | compact 6.93905 | spectral 19.4868 | recons_loss: 0.175657 | sparse_loss: 1.03406 | 
2025-09-05 18:33:07,123 [INFO] [Iter 273] LR: 0.00000001
2025-09-05 18:33:07,124 [INFO] No improvement: current loss 666.138788, best loss 666.138829
2025-09-05 18:33:07,400 [INFO] [274/300] loss 666.139 | compact 6.93905 | spectral 19.4868 | recons_loss: 0.175657 | sparse_loss: 1.03406 | 
2025-09-05 18:33:07,400 [INFO] [Iter 274] LR: 0.00000001
2025-09-05 18:33:07,402 [INFO] No improvement: current loss 666.138789, best loss 666.138829
2025-09-05 18:33:07,661 [INFO] [275/300] loss 666.139 | compact 6.93905 | spectral 19.4868 | recons_loss: 0.175657 | sparse_loss: 1.03406 | 
2025-09-05 18:33:07,662 [INFO] [Iter 275] LR: 0.00000001
2025-09-05 18:33:07,663 [INFO] No improvement: current loss 666.138790, best loss 666.138829
2025-09-05 18:33:07,921 [INFO] [276/300] loss 666.139 | compact 6.93905 | spectral 19.4868 | recons_loss: 0.175657 | sparse_loss: 1.03406 | 
2025-09-05 18:33:07,921 [INFO] [Iter 276] LR: 0.00000001
2025-09-05 18:33:07,922 [INFO] No improvement: current loss 666.138790, best loss 666.138829
2025-09-05 18:33:08,183 [INFO] [277/300] loss 666.139 | compact 6.93905 | spectral 19.4868 | recons_loss: 0.175657 | sparse_loss: 1.03406 | 
2025-09-05 18:33:08,183 [INFO] [Iter 277] LR: 0.00000001
2025-09-05 18:33:08,184 [INFO] No improvement: current loss 666.138790, best loss 666.138829
2025-09-05 18:33:08,443 [INFO] [278/300] loss 666.139 | compact 6.93905 | spectral 19.4868 | recons_loss: 0.175657 | sparse_loss: 1.03406 | 
2025-09-05 18:33:08,444 [INFO] [Iter 278] LR: 0.00000001
2025-09-05 18:33:08,445 [INFO] No improvement: current loss 666.138791, best loss 666.138829
2025-09-05 18:33:08,704 [INFO] [279/300] loss 666.139 | compact 6.93905 | spectral 19.4868 | recons_loss: 0.175657 | sparse_loss: 1.03406 | 
2025-09-05 18:33:08,704 [INFO] [Iter 279] LR: 0.00000001
2025-09-05 18:33:08,705 [INFO] No improvement: current loss 666.138791, best loss 666.138829
2025-09-05 18:33:08,962 [INFO] [280/300] loss 666.139 | compact 6.93905 | spectral 19.4868 | recons_loss: 0.175657 | sparse_loss: 1.03406 | 
2025-09-05 18:33:08,964 [INFO] [Iter 280] LR: 0.00000001
2025-09-05 18:33:08,966 [INFO] No improvement: current loss 666.138791, best loss 666.138829
2025-09-05 18:33:09,225 [INFO] [281/300] loss 666.139 | compact 6.93905 | spectral 19.4868 | recons_loss: 0.175657 | sparse_loss: 1.03406 | 
2025-09-05 18:33:09,226 [INFO] [Iter 281] LR: 0.00000001
2025-09-05 18:33:09,228 [INFO] No improvement: current loss 666.138792, best loss 666.138829
2025-09-05 18:33:09,500 [INFO] [282/300] loss 666.139 | compact 6.93905 | spectral 19.4868 | recons_loss: 0.175657 | sparse_loss: 1.03406 | 
2025-09-05 18:33:09,501 [INFO] [Iter 282] LR: 0.00000001
2025-09-05 18:33:09,503 [INFO] No improvement: current loss 666.138792, best loss 666.138829
2025-09-05 18:33:09,763 [INFO] [283/300] loss 666.139 | compact 6.93905 | spectral 19.4868 | recons_loss: 0.175657 | sparse_loss: 1.03406 | 
2025-09-05 18:33:09,764 [INFO] [Iter 283] LR: 0.00000001
2025-09-05 18:33:09,765 [INFO] No improvement: current loss 666.138792, best loss 666.138829
2025-09-05 18:33:10,031 [INFO] [284/300] loss 666.139 | compact 6.93905 | spectral 19.4868 | recons_loss: 0.175657 | sparse_loss: 1.03406 | 
2025-09-05 18:33:10,031 [INFO] [Iter 284] LR: 0.00000001
2025-09-05 18:33:10,033 [INFO] No improvement: current loss 666.138792, best loss 666.138829
2025-09-05 18:33:10,291 [INFO] [285/300] loss 666.139 | compact 6.93905 | spectral 19.4868 | recons_loss: 0.175657 | sparse_loss: 1.03406 | 
2025-09-05 18:33:10,291 [INFO] [Iter 285] LR: 0.00000001
2025-09-05 18:33:10,294 [INFO] No improvement: current loss 666.138792, best loss 666.138829
2025-09-05 18:33:10,558 [INFO] [286/300] loss 666.139 | compact 6.93905 | spectral 19.4868 | recons_loss: 0.175657 | sparse_loss: 1.03406 | 
2025-09-05 18:33:10,558 [INFO] [Iter 286] LR: 0.00000001
2025-09-05 18:33:10,559 [INFO] No improvement: current loss 666.138780, best loss 666.138829
2025-09-05 18:33:10,815 [INFO] [287/300] loss 666.139 | compact 6.93905 | spectral 19.4868 | recons_loss: 0.175657 | sparse_loss: 1.03406 | 
2025-09-05 18:33:10,816 [INFO] [Iter 287] LR: 0.00000001
2025-09-05 18:33:10,817 [INFO] No improvement: current loss 666.138782, best loss 666.138829
2025-09-05 18:33:11,080 [INFO] [288/300] loss 666.139 | compact 6.93905 | spectral 19.4868 | recons_loss: 0.175657 | sparse_loss: 1.03406 | 
2025-09-05 18:33:11,081 [INFO] [Iter 288] LR: 0.00000001
2025-09-05 18:33:11,082 [INFO] No improvement: current loss 666.138783, best loss 666.138829
2025-09-05 18:33:11,341 [INFO] [289/300] loss 666.139 | compact 6.93905 | spectral 19.4868 | recons_loss: 0.175657 | sparse_loss: 1.03406 | 
2025-09-05 18:33:11,342 [INFO] [Iter 289] LR: 0.00000001
2025-09-05 18:33:11,343 [INFO] No improvement: current loss 666.138784, best loss 666.138829
2025-09-05 18:33:11,602 [INFO] [290/300] loss 666.139 | compact 6.93905 | spectral 19.4868 | recons_loss: 0.175657 | sparse_loss: 1.03406 | 
2025-09-05 18:33:11,602 [INFO] [Iter 290] LR: 0.00000001
2025-09-05 18:33:11,603 [INFO] No improvement: current loss 666.138779, best loss 666.138829
2025-09-05 18:33:11,866 [INFO] [291/300] loss 666.139 | compact 6.93905 | spectral 19.4868 | recons_loss: 0.175657 | sparse_loss: 1.03406 | 
2025-09-05 18:33:11,866 [INFO] [Iter 291] LR: 0.00000001
2025-09-05 18:33:11,867 [INFO] No improvement: current loss 666.138768, best loss 666.138829
2025-09-05 18:33:12,125 [INFO] [292/300] loss 666.139 | compact 6.93905 | spectral 19.4868 | recons_loss: 0.175657 | sparse_loss: 1.03406 | 
2025-09-05 18:33:12,126 [INFO] [Iter 292] LR: 0.00000001
2025-09-05 18:33:12,128 [INFO] No improvement: current loss 666.138771, best loss 666.138829
2025-09-05 18:33:12,389 [INFO] [293/300] loss 666.139 | compact 6.93905 | spectral 19.4868 | recons_loss: 0.175657 | sparse_loss: 1.03406 | 
2025-09-05 18:33:12,390 [INFO] [Iter 293] LR: 0.00000001
2025-09-05 18:33:12,391 [INFO] No improvement: current loss 666.138773, best loss 666.138829
2025-09-05 18:33:12,648 [INFO] [294/300] loss 666.139 | compact 6.93905 | spectral 19.4868 | recons_loss: 0.175657 | sparse_loss: 1.03406 | 
2025-09-05 18:33:12,649 [INFO] [Iter 294] LR: 0.00000001
2025-09-05 18:33:12,651 [INFO] No improvement: current loss 666.138775, best loss 666.138829
2025-09-05 18:33:12,928 [INFO] [295/300] loss 666.139 | compact 6.93905 | spectral 19.4868 | recons_loss: 0.175657 | sparse_loss: 1.03406 | 
2025-09-05 18:33:12,928 [INFO] [Iter 295] LR: 0.00000001
2025-09-05 18:33:12,930 [INFO] No improvement: current loss 666.138777, best loss 666.138829
2025-09-05 18:33:13,204 [INFO] [296/300] loss 666.139 | compact 6.93905 | spectral 19.4868 | recons_loss: 0.175657 | sparse_loss: 1.03406 | 
2025-09-05 18:33:13,204 [INFO] [Iter 296] LR: 0.00000001
2025-09-05 18:33:13,206 [INFO] No improvement: current loss 666.138779, best loss 666.138829
2025-09-05 18:33:13,465 [INFO] [297/300] loss 666.139 | compact 6.93905 | spectral 19.4868 | recons_loss: 0.175657 | sparse_loss: 1.03406 | 
2025-09-05 18:33:13,465 [INFO] [Iter 297] LR: 0.00000001
2025-09-05 18:33:13,466 [INFO] No improvement: current loss 666.138780, best loss 666.138829
2025-09-05 18:33:13,729 [INFO] [298/300] loss 666.139 | compact 6.93905 | spectral 19.4868 | recons_loss: 0.175657 | sparse_loss: 1.03406 | 
2025-09-05 18:33:13,729 [INFO] [Iter 298] LR: 0.00000001
2025-09-05 18:33:13,730 [INFO] No improvement: current loss 666.138782, best loss 666.138829
2025-09-05 18:33:13,792 [INFO] H: 160, W: 150
2025-09-05 18:33:13,894 [INFO] [0 1 2 3 4 5 6]
2025-09-05 18:33:14,037 [INFO] y_target: [1 2 3 4 5 6 7]
2025-09-05 18:33:14,037 [INFO] y_predict: [0 1 2 3 4 5 6]
2025-09-05 18:33:14,222 [INFO] Epoch = 299 OA = 0.8386 Kappa = 0.8096 NMI = 0.7427
2025-09-05 18:33:14,433 [INFO] [299/300] loss 666.139 | compact 6.93905 | spectral 19.4868 | recons_loss: 0.175657 | sparse_loss: 1.03406 | 
2025-09-05 18:33:14,433 [INFO] [Iter 299] LR: 0.00000001
2025-09-05 18:33:14,434 [INFO] No improvement: current loss 666.138783, best loss 666.138829
2025-09-05 18:33:14,434 [INFO] Training finished. Best model loaded.
