2025-09-05 19:11:26,853 [INFO] ========== Training Configuration ==========
2025-09-05 19:11:26,853 [INFO] out_dir: ./log
2025-09-05 19:11:26,853 [INFO] lr: 0.1
2025-09-05 19:11:26,853 [INFO] train_iter: 300
2025-09-05 19:11:26,853 [INFO] niter: 5
2025-09-05 19:11:26,853 [INFO] nspix: 300
2025-09-05 19:11:26,853 [INFO] weight: weight
2025-09-05 19:11:26,853 [INFO] weight_representation: 185.0
2025-09-05 19:11:26,854 [INFO] weight_noise: 50.0
2025-09-05 19:11:26,854 [INFO] dataset: urban
2025-09-05 19:11:26,854 [INFO] device: cuda:0
2025-09-05 19:11:26,854 [INFO] log: urban1
2025-09-05 19:11:26,854 [INFO] ============================================
2025-09-05 19:11:46,502 [INFO] H: 160, W: 150
2025-09-05 19:11:46,686 [INFO] [0 1 2 3 4 5 6]
2025-09-05 19:11:48,615 [INFO] y_target: [1 2 3 4 5 6 7]
2025-09-05 19:11:48,616 [INFO] y_predict: [0 1 2 3 4 5 6]
2025-09-05 19:11:48,794 [INFO] Epoch = 0 OA = 0.8095 Kappa = 0.7746 NMI = 0.7239
2025-09-05 19:11:49,406 [INFO] [0/300] loss 1241.87 | compact 6.9117 | spectral 19.6366 | recons_loss: 0.235515 | sparse_loss: 1.04431 | 
2025-09-05 19:11:49,407 [INFO] [Iter 0] LR: 0.10000000
2025-09-05 19:11:49,410 [INFO] Saving best model at iteration 0
2025-09-05 19:11:49,665 [INFO] [1/300] loss 1241.35 | compact 6.9139 | spectral 19.6261 | recons_loss: 0.234584 | sparse_loss: 1.04427 | 
2025-09-05 19:11:49,665 [INFO] [Iter 1] LR: 0.10000000
2025-09-05 19:11:49,667 [INFO] Saving best model at iteration 1
2025-09-05 19:11:49,922 [INFO] [2/300] loss 1240.42 | compact 6.91672 | spectral 19.61 | recons_loss: 0.232944 | sparse_loss: 1.0441 | 
2025-09-05 19:11:49,923 [INFO] [Iter 2] LR: 0.10000000
2025-09-05 19:11:49,926 [INFO] Saving best model at iteration 2
2025-09-05 19:11:50,187 [INFO] [3/300] loss 1239.22 | compact 6.91887 | spectral 19.5881 | recons_loss: 0.230789 | sparse_loss: 1.04379 | 
2025-09-05 19:11:50,187 [INFO] [Iter 3] LR: 0.10000000
2025-09-05 19:11:50,188 [INFO] Saving best model at iteration 3
2025-09-05 19:11:50,444 [INFO] [4/300] loss 1237.85 | compact 6.91773 | spectral 19.5673 | recons_loss: 0.228253 | sparse_loss: 1.04346 | 
2025-09-05 19:11:50,445 [INFO] [Iter 4] LR: 0.10000000
2025-09-05 19:11:50,446 [INFO] Saving best model at iteration 4
2025-09-05 19:11:50,700 [INFO] [5/300] loss 1236.37 | compact 6.9191 | spectral 19.5383 | recons_loss: 0.225422 | sparse_loss: 1.04309 | 
2025-09-05 19:11:50,700 [INFO] [Iter 5] LR: 0.10000000
2025-09-05 19:11:50,701 [INFO] Saving best model at iteration 5
2025-09-05 19:11:50,970 [INFO] [6/300] loss 1234.84 | compact 6.92162 | spectral 19.5027 | recons_loss: 0.222423 | sparse_loss: 1.04273 | 
2025-09-05 19:11:50,970 [INFO] [Iter 6] LR: 0.10000000
2025-09-05 19:11:50,971 [INFO] Saving best model at iteration 6
2025-09-05 19:11:51,226 [INFO] [7/300] loss 1233.3 | compact 6.92333 | spectral 19.4647 | recons_loss: 0.219289 | sparse_loss: 1.04237 | 
2025-09-05 19:11:51,226 [INFO] [Iter 7] LR: 0.10000000
2025-09-05 19:11:51,228 [INFO] Saving best model at iteration 7
2025-09-05 19:11:51,491 [INFO] [8/300] loss 1231.76 | compact 6.92686 | spectral 19.4261 | recons_loss: 0.216095 | sparse_loss: 1.04201 | 
2025-09-05 19:11:51,491 [INFO] [Iter 8] LR: 0.10000000
2025-09-05 19:11:51,492 [INFO] Saving best model at iteration 8
2025-09-05 19:11:51,763 [INFO] [9/300] loss 1230.28 | compact 6.92934 | spectral 19.3904 | recons_loss: 0.212903 | sparse_loss: 1.04163 | 
2025-09-05 19:11:51,763 [INFO] [Iter 9] LR: 0.10000000
2025-09-05 19:11:51,764 [INFO] Saving best model at iteration 9
2025-09-05 19:11:52,019 [INFO] [10/300] loss 1228.86 | compact 6.92912 | spectral 19.3498 | recons_loss: 0.209754 | sparse_loss: 1.04126 | 
2025-09-05 19:11:52,020 [INFO] [Iter 10] LR: 0.10000000
2025-09-05 19:11:52,021 [INFO] Saving best model at iteration 10
2025-09-05 19:11:52,277 [INFO] [11/300] loss 1227.49 | compact 6.92586 | spectral 19.3128 | recons_loss: 0.206675 | sparse_loss: 1.04088 | 
2025-09-05 19:11:52,278 [INFO] [Iter 11] LR: 0.10000000
2025-09-05 19:11:52,280 [INFO] Saving best model at iteration 11
2025-09-05 19:11:52,538 [INFO] [12/300] loss 1226.18 | compact 6.92322 | spectral 19.277 | recons_loss: 0.203687 | sparse_loss: 1.04052 | 
2025-09-05 19:11:52,539 [INFO] [Iter 12] LR: 0.10000000
2025-09-05 19:11:52,540 [INFO] Saving best model at iteration 12
2025-09-05 19:11:52,794 [INFO] [13/300] loss 1224.97 | compact 6.92307 | spectral 19.2502 | recons_loss: 0.200789 | sparse_loss: 1.04021 | 
2025-09-05 19:11:52,794 [INFO] [Iter 13] LR: 0.10000000
2025-09-05 19:11:52,797 [INFO] Saving best model at iteration 13
2025-09-05 19:11:53,052 [INFO] [14/300] loss 1223.76 | compact 6.9236 | spectral 19.2159 | recons_loss: 0.19798 | sparse_loss: 1.0399 | 
2025-09-05 19:11:53,052 [INFO] [Iter 14] LR: 0.10000000
2025-09-05 19:11:53,053 [INFO] Saving best model at iteration 14
2025-09-05 19:11:53,308 [INFO] [15/300] loss 1222.61 | compact 6.92016 | spectral 19.1828 | recons_loss: 0.195313 | sparse_loss: 1.03962 | 
2025-09-05 19:11:53,309 [INFO] [Iter 15] LR: 0.10000000
2025-09-05 19:11:53,311 [INFO] Saving best model at iteration 15
2025-09-05 19:11:53,582 [INFO] [16/300] loss 1221.56 | compact 6.91754 | spectral 19.1642 | recons_loss: 0.192783 | sparse_loss: 1.03937 | 
2025-09-05 19:11:53,583 [INFO] [Iter 16] LR: 0.10000000
2025-09-05 19:11:53,585 [INFO] Saving best model at iteration 16
2025-09-05 19:11:53,843 [INFO] [17/300] loss 1220.52 | compact 6.91565 | spectral 19.1429 | recons_loss: 0.190387 | sparse_loss: 1.0391 | 
2025-09-05 19:11:53,844 [INFO] [Iter 17] LR: 0.10000000
2025-09-05 19:11:53,845 [INFO] Saving best model at iteration 17
2025-09-05 19:11:54,101 [INFO] [18/300] loss 1219.54 | compact 6.91474 | spectral 19.1249 | recons_loss: 0.188132 | sparse_loss: 1.03884 | 
2025-09-05 19:11:54,102 [INFO] [Iter 18] LR: 0.10000000
2025-09-05 19:11:54,104 [INFO] Saving best model at iteration 18
2025-09-05 19:11:54,363 [INFO] [19/300] loss 1218.6 | compact 6.91342 | spectral 19.105 | recons_loss: 0.186036 | sparse_loss: 1.03858 | 
2025-09-05 19:11:54,363 [INFO] [Iter 19] LR: 0.10000000
2025-09-05 19:11:54,364 [INFO] Saving best model at iteration 19
2025-09-05 19:11:54,619 [INFO] [20/300] loss 1217.71 | compact 6.91224 | spectral 19.0859 | recons_loss: 0.184078 | sparse_loss: 1.03832 | 
2025-09-05 19:11:54,620 [INFO] [Iter 20] LR: 0.10000000
2025-09-05 19:11:54,622 [INFO] Saving best model at iteration 20
2025-09-05 19:11:54,876 [INFO] [21/300] loss 1216.86 | compact 6.909 | spectral 19.0721 | recons_loss: 0.182248 | sparse_loss: 1.03809 | 
2025-09-05 19:11:54,877 [INFO] [Iter 21] LR: 0.10000000
2025-09-05 19:11:54,879 [INFO] Saving best model at iteration 21
2025-09-05 19:11:55,143 [INFO] [22/300] loss 1216.07 | compact 6.90707 | spectral 19.0566 | recons_loss: 0.180543 | sparse_loss: 1.03788 | 
2025-09-05 19:11:55,143 [INFO] [Iter 22] LR: 0.10000000
2025-09-05 19:11:55,145 [INFO] Saving best model at iteration 22
2025-09-05 19:11:55,415 [INFO] [23/300] loss 1215.31 | compact 6.90563 | spectral 19.0427 | recons_loss: 0.178941 | sparse_loss: 1.0377 | 
2025-09-05 19:11:55,416 [INFO] [Iter 23] LR: 0.10000000
2025-09-05 19:11:55,417 [INFO] Saving best model at iteration 23
2025-09-05 19:11:55,672 [INFO] [24/300] loss 1214.59 | compact 6.90638 | spectral 19.0278 | recons_loss: 0.17745 | sparse_loss: 1.03754 | 
2025-09-05 19:11:55,672 [INFO] [Iter 24] LR: 0.10000000
2025-09-05 19:11:55,674 [INFO] Saving best model at iteration 24
2025-09-05 19:11:55,940 [INFO] [25/300] loss 1213.89 | compact 6.90831 | spectral 19.0099 | recons_loss: 0.176056 | sparse_loss: 1.03737 | 
2025-09-05 19:11:55,940 [INFO] [Iter 25] LR: 0.10000000
2025-09-05 19:11:55,942 [INFO] Saving best model at iteration 25
2025-09-05 19:11:56,221 [INFO] [26/300] loss 1213.22 | compact 6.90879 | spectral 18.9991 | recons_loss: 0.174756 | sparse_loss: 1.03721 | 
2025-09-05 19:11:56,221 [INFO] [Iter 26] LR: 0.10000000
2025-09-05 19:11:56,223 [INFO] Saving best model at iteration 26
2025-09-05 19:11:56,491 [INFO] [27/300] loss 1212.59 | compact 6.90881 | spectral 18.9898 | recons_loss: 0.173545 | sparse_loss: 1.03705 | 
2025-09-05 19:11:56,492 [INFO] [Iter 27] LR: 0.10000000
2025-09-05 19:11:56,493 [INFO] Saving best model at iteration 27
2025-09-05 19:11:56,749 [INFO] [28/300] loss 1211.99 | compact 6.90953 | spectral 18.9806 | recons_loss: 0.172417 | sparse_loss: 1.03689 | 
2025-09-05 19:11:56,749 [INFO] [Iter 28] LR: 0.10000000
2025-09-05 19:11:56,750 [INFO] Saving best model at iteration 28
2025-09-05 19:11:57,005 [INFO] [29/300] loss 1211.42 | compact 6.91101 | spectral 18.9775 | recons_loss: 0.171368 | sparse_loss: 1.03674 | 
2025-09-05 19:11:57,005 [INFO] [Iter 29] LR: 0.10000000
2025-09-05 19:11:57,006 [INFO] Saving best model at iteration 29
2025-09-05 19:11:57,262 [INFO] [30/300] loss 1210.87 | compact 6.91158 | spectral 18.9748 | recons_loss: 0.170389 | sparse_loss: 1.03659 | 
2025-09-05 19:11:57,263 [INFO] [Iter 30] LR: 0.10000000
2025-09-05 19:11:57,265 [INFO] Saving best model at iteration 30
2025-09-05 19:11:57,524 [INFO] [31/300] loss 1210.39 | compact 6.91305 | spectral 18.9786 | recons_loss: 0.169495 | sparse_loss: 1.03647 | 
2025-09-05 19:11:57,524 [INFO] [Iter 31] LR: 0.10000000
2025-09-05 19:11:57,526 [INFO] Saving best model at iteration 31
2025-09-05 19:11:57,781 [INFO] [32/300] loss 1209.93 | compact 6.91506 | spectral 18.9784 | recons_loss: 0.168671 | sparse_loss: 1.03637 | 
2025-09-05 19:11:57,781 [INFO] [Iter 32] LR: 0.10000000
2025-09-05 19:11:57,782 [INFO] Saving best model at iteration 32
2025-09-05 19:11:58,037 [INFO] [33/300] loss 1209.51 | compact 6.91828 | spectral 18.9792 | recons_loss: 0.167906 | sparse_loss: 1.03629 | 
2025-09-05 19:11:58,038 [INFO] [Iter 33] LR: 0.10000000
2025-09-05 19:11:58,039 [INFO] Saving best model at iteration 33
2025-09-05 19:11:58,294 [INFO] [34/300] loss 1209.1 | compact 6.92181 | spectral 18.9771 | recons_loss: 0.167212 | sparse_loss: 1.03619 | 
2025-09-05 19:11:58,294 [INFO] [Iter 34] LR: 0.10000000
2025-09-05 19:11:58,295 [INFO] Saving best model at iteration 34
2025-09-05 19:11:58,550 [INFO] [35/300] loss 1208.7 | compact 6.92412 | spectral 18.984 | recons_loss: 0.166536 | sparse_loss: 1.0361 | 
2025-09-05 19:11:58,550 [INFO] [Iter 35] LR: 0.10000000
2025-09-05 19:11:58,552 [INFO] Saving best model at iteration 35
2025-09-05 19:11:58,808 [INFO] [36/300] loss 1208.33 | compact 6.92513 | spectral 18.9902 | recons_loss: 0.165908 | sparse_loss: 1.03602 | 
2025-09-05 19:11:58,808 [INFO] [Iter 36] LR: 0.10000000
2025-09-05 19:11:58,809 [INFO] Saving best model at iteration 36
2025-09-05 19:11:59,065 [INFO] [37/300] loss 1207.97 | compact 6.92515 | spectral 18.9996 | recons_loss: 0.165315 | sparse_loss: 1.03593 | 
2025-09-05 19:11:59,066 [INFO] [Iter 37] LR: 0.10000000
2025-09-05 19:11:59,068 [INFO] Saving best model at iteration 37
2025-09-05 19:11:59,324 [INFO] [38/300] loss 1207.64 | compact 6.92665 | spectral 19.0143 | recons_loss: 0.164775 | sparse_loss: 1.03584 | 
2025-09-05 19:11:59,324 [INFO] [Iter 38] LR: 0.10000000
2025-09-05 19:11:59,326 [INFO] Saving best model at iteration 38
2025-09-05 19:11:59,584 [INFO] [39/300] loss 1207.33 | compact 6.92822 | spectral 19.0281 | recons_loss: 0.164261 | sparse_loss: 1.03574 | 
2025-09-05 19:11:59,584 [INFO] [Iter 39] LR: 0.10000000
2025-09-05 19:11:59,587 [INFO] Saving best model at iteration 39
2025-09-05 19:11:59,847 [INFO] [40/300] loss 1207.03 | compact 6.92987 | spectral 19.0406 | recons_loss: 0.163778 | sparse_loss: 1.03566 | 
2025-09-05 19:11:59,847 [INFO] [Iter 40] LR: 0.10000000
2025-09-05 19:11:59,849 [INFO] Saving best model at iteration 40
2025-09-05 19:12:00,104 [INFO] [41/300] loss 1206.74 | compact 6.93124 | spectral 19.0511 | recons_loss: 0.163319 | sparse_loss: 1.03559 | 
2025-09-05 19:12:00,105 [INFO] [Iter 41] LR: 0.10000000
2025-09-05 19:12:00,106 [INFO] Saving best model at iteration 41
2025-09-05 19:12:00,375 [INFO] [42/300] loss 1206.49 | compact 6.93224 | spectral 19.0648 | recons_loss: 0.162886 | sparse_loss: 1.03553 | 
2025-09-05 19:12:00,376 [INFO] [Iter 42] LR: 0.10000000
2025-09-05 19:12:00,377 [INFO] Saving best model at iteration 42
2025-09-05 19:12:00,632 [INFO] [43/300] loss 1206.25 | compact 6.93393 | spectral 19.0817 | recons_loss: 0.162474 | sparse_loss: 1.03547 | 
2025-09-05 19:12:00,632 [INFO] [Iter 43] LR: 0.10000000
2025-09-05 19:12:00,634 [INFO] Saving best model at iteration 43
2025-09-05 19:12:00,889 [INFO] [44/300] loss 1206.03 | compact 6.9342 | spectral 19.0979 | recons_loss: 0.162083 | sparse_loss: 1.03541 | 
2025-09-05 19:12:00,889 [INFO] [Iter 44] LR: 0.10000000
2025-09-05 19:12:00,890 [INFO] Saving best model at iteration 44
2025-09-05 19:12:01,146 [INFO] [45/300] loss 1205.83 | compact 6.93757 | spectral 19.1254 | recons_loss: 0.161707 | sparse_loss: 1.03535 | 
2025-09-05 19:12:01,147 [INFO] [Iter 45] LR: 0.10000000
2025-09-05 19:12:01,149 [INFO] Saving best model at iteration 45
2025-09-05 19:12:01,406 [INFO] [46/300] loss 1205.64 | compact 6.93758 | spectral 19.1595 | recons_loss: 0.161346 | sparse_loss: 1.03528 | 
2025-09-05 19:12:01,407 [INFO] [Iter 46] LR: 0.10000000
2025-09-05 19:12:01,409 [INFO] Saving best model at iteration 46
2025-09-05 19:12:01,665 [INFO] [47/300] loss 1205.49 | compact 6.93812 | spectral 19.1895 | recons_loss: 0.161007 | sparse_loss: 1.03523 | 
2025-09-05 19:12:01,665 [INFO] [Iter 47] LR: 0.05000000
2025-09-05 19:12:01,668 [INFO] Saving best model at iteration 47
2025-09-05 19:12:01,924 [INFO] [48/300] loss 1205.34 | compact 6.94122 | spectral 19.2152 | recons_loss: 0.160684 | sparse_loss: 1.03519 | 
2025-09-05 19:12:01,924 [INFO] [Iter 48] LR: 0.05000000
2025-09-05 19:12:01,926 [INFO] Saving best model at iteration 48
2025-09-05 19:12:02,180 [INFO] [49/300] loss 1205.19 | compact 6.94492 | spectral 19.2368 | recons_loss: 0.160384 | sparse_loss: 1.03514 | 
2025-09-05 19:12:02,180 [INFO] [Iter 49] LR: 0.05000000
2025-09-05 19:12:02,182 [INFO] Saving best model at iteration 49
2025-09-05 19:12:02,243 [INFO] H: 160, W: 150
2025-09-05 19:12:02,373 [INFO] [0 1 2 3 4 5 6]
2025-09-05 19:12:02,633 [INFO] y_target: [1 2 3 4 5 6 7]
2025-09-05 19:12:02,633 [INFO] y_predict: [0 1 2 3 4 5 6]
2025-09-05 19:12:02,999 [INFO] Epoch = 50 OA = 0.7936 Kappa = 0.7562 NMI = 0.7173
2025-09-05 19:12:03,207 [INFO] [50/300] loss 1205.04 | compact 6.94875 | spectral 19.2556 | recons_loss: 0.160109 | sparse_loss: 1.03509 | 
2025-09-05 19:12:03,208 [INFO] [Iter 50] LR: 0.05000000
2025-09-05 19:12:03,209 [INFO] Saving best model at iteration 50
2025-09-05 19:12:03,467 [INFO] [51/300] loss 1204.89 | compact 6.95218 | spectral 19.2726 | recons_loss: 0.159852 | sparse_loss: 1.03503 | 
2025-09-05 19:12:03,467 [INFO] [Iter 51] LR: 0.05000000
2025-09-05 19:12:03,470 [INFO] Saving best model at iteration 51
2025-09-05 19:12:03,731 [INFO] [52/300] loss 1204.74 | compact 6.95537 | spectral 19.2874 | recons_loss: 0.159617 | sparse_loss: 1.03497 | 
2025-09-05 19:12:03,732 [INFO] [Iter 52] LR: 0.05000000
2025-09-05 19:12:03,733 [INFO] Saving best model at iteration 52
2025-09-05 19:12:03,987 [INFO] [53/300] loss 1204.59 | compact 6.95941 | spectral 19.3 | recons_loss: 0.159387 | sparse_loss: 1.03491 | 
2025-09-05 19:12:03,987 [INFO] [Iter 53] LR: 0.05000000
2025-09-05 19:12:03,988 [INFO] Saving best model at iteration 53
2025-09-05 19:12:04,261 [INFO] [54/300] loss 1204.44 | compact 6.96259 | spectral 19.3114 | recons_loss: 0.159174 | sparse_loss: 1.03485 | 
2025-09-05 19:12:04,262 [INFO] [Iter 54] LR: 0.05000000
2025-09-05 19:12:04,262 [INFO] Saving best model at iteration 54
2025-09-05 19:12:04,530 [INFO] [55/300] loss 1204.3 | compact 6.96579 | spectral 19.3211 | recons_loss: 0.158983 | sparse_loss: 1.03479 | 
2025-09-05 19:12:04,530 [INFO] [Iter 55] LR: 0.05000000
2025-09-05 19:12:04,531 [INFO] Saving best model at iteration 55
2025-09-05 19:12:04,787 [INFO] [56/300] loss 1204.17 | compact 6.96929 | spectral 19.3283 | recons_loss: 0.158799 | sparse_loss: 1.03473 | 
2025-09-05 19:12:04,788 [INFO] [Iter 56] LR: 0.05000000
2025-09-05 19:12:04,789 [INFO] Saving best model at iteration 56
2025-09-05 19:12:05,044 [INFO] [57/300] loss 1204.03 | compact 6.97249 | spectral 19.3351 | recons_loss: 0.158637 | sparse_loss: 1.03467 | 
2025-09-05 19:12:05,044 [INFO] [Iter 57] LR: 0.05000000
2025-09-05 19:12:05,046 [INFO] Saving best model at iteration 57
2025-09-05 19:12:05,304 [INFO] [58/300] loss 1203.9 | compact 6.97574 | spectral 19.3422 | recons_loss: 0.158476 | sparse_loss: 1.0346 | 
2025-09-05 19:12:05,304 [INFO] [Iter 58] LR: 0.05000000
2025-09-05 19:12:05,307 [INFO] Saving best model at iteration 58
2025-09-05 19:12:05,565 [INFO] [59/300] loss 1203.78 | compact 6.97865 | spectral 19.3493 | recons_loss: 0.158324 | sparse_loss: 1.03456 | 
2025-09-05 19:12:05,565 [INFO] [Iter 59] LR: 0.05000000
2025-09-05 19:12:05,566 [INFO] Saving best model at iteration 59
2025-09-05 19:12:05,821 [INFO] [60/300] loss 1203.66 | compact 6.98089 | spectral 19.3541 | recons_loss: 0.15818 | sparse_loss: 1.0345 | 
2025-09-05 19:12:05,822 [INFO] [Iter 60] LR: 0.05000000
2025-09-05 19:12:05,825 [INFO] Saving best model at iteration 60
2025-09-05 19:12:06,081 [INFO] [61/300] loss 1203.54 | compact 6.98318 | spectral 19.3604 | recons_loss: 0.158034 | sparse_loss: 1.03444 | 
2025-09-05 19:12:06,081 [INFO] [Iter 61] LR: 0.05000000
2025-09-05 19:12:06,083 [INFO] Saving best model at iteration 61
2025-09-05 19:12:06,338 [INFO] [62/300] loss 1203.41 | compact 6.98515 | spectral 19.3672 | recons_loss: 0.1579 | sparse_loss: 1.03438 | 
2025-09-05 19:12:06,338 [INFO] [Iter 62] LR: 0.05000000
2025-09-05 19:12:06,339 [INFO] Saving best model at iteration 62
2025-09-05 19:12:06,601 [INFO] [63/300] loss 1203.29 | compact 6.98703 | spectral 19.3733 | recons_loss: 0.157777 | sparse_loss: 1.03432 | 
2025-09-05 19:12:06,601 [INFO] [Iter 63] LR: 0.05000000
2025-09-05 19:12:06,602 [INFO] Saving best model at iteration 63
2025-09-05 19:12:06,858 [INFO] [64/300] loss 1203.16 | compact 6.98785 | spectral 19.3769 | recons_loss: 0.157664 | sparse_loss: 1.03425 | 
2025-09-05 19:12:06,859 [INFO] [Iter 64] LR: 0.05000000
2025-09-05 19:12:06,862 [INFO] Saving best model at iteration 64
2025-09-05 19:12:07,120 [INFO] [65/300] loss 1203.06 | compact 6.98582 | spectral 19.386 | recons_loss: 0.157561 | sparse_loss: 1.0342 | 
2025-09-05 19:12:07,121 [INFO] [Iter 65] LR: 0.05000000
2025-09-05 19:12:07,122 [INFO] Saving best model at iteration 65
2025-09-05 19:12:07,380 [INFO] [66/300] loss 1202.95 | compact 6.98543 | spectral 19.3937 | recons_loss: 0.157464 | sparse_loss: 1.03415 | 
2025-09-05 19:12:07,381 [INFO] [Iter 66] LR: 0.05000000
2025-09-05 19:12:07,382 [INFO] Saving best model at iteration 66
2025-09-05 19:12:07,648 [INFO] [67/300] loss 1202.84 | compact 6.98513 | spectral 19.4015 | recons_loss: 0.157361 | sparse_loss: 1.03411 | 
2025-09-05 19:12:07,648 [INFO] [Iter 67] LR: 0.05000000
2025-09-05 19:12:07,651 [INFO] Saving best model at iteration 67
2025-09-05 19:12:07,908 [INFO] [68/300] loss 1202.74 | compact 6.9862 | spectral 19.4129 | recons_loss: 0.157266 | sparse_loss: 1.03408 | 
2025-09-05 19:12:07,909 [INFO] [Iter 68] LR: 0.05000000
2025-09-05 19:12:07,911 [INFO] Saving best model at iteration 68
2025-09-05 19:12:08,167 [INFO] [69/300] loss 1202.64 | compact 6.98671 | spectral 19.4242 | recons_loss: 0.157172 | sparse_loss: 1.03404 | 
2025-09-05 19:12:08,168 [INFO] [Iter 69] LR: 0.05000000
2025-09-05 19:12:08,170 [INFO] Saving best model at iteration 69
2025-09-05 19:12:08,426 [INFO] [70/300] loss 1202.55 | compact 6.9881 | spectral 19.4351 | recons_loss: 0.157078 | sparse_loss: 1.034 | 
2025-09-05 19:12:08,427 [INFO] [Iter 70] LR: 0.05000000
2025-09-05 19:12:08,428 [INFO] Saving best model at iteration 70
2025-09-05 19:12:08,682 [INFO] [71/300] loss 1202.47 | compact 6.99072 | spectral 19.4402 | recons_loss: 0.156992 | sparse_loss: 1.03397 | 
2025-09-05 19:12:08,683 [INFO] [Iter 71] LR: 0.05000000
2025-09-05 19:12:08,684 [INFO] Saving best model at iteration 71
2025-09-05 19:12:08,938 [INFO] [72/300] loss 1202.38 | compact 6.9925 | spectral 19.4419 | recons_loss: 0.156902 | sparse_loss: 1.03393 | 
2025-09-05 19:12:08,939 [INFO] [Iter 72] LR: 0.05000000
2025-09-05 19:12:08,941 [INFO] Saving best model at iteration 72
2025-09-05 19:12:09,203 [INFO] [73/300] loss 1202.29 | compact 6.99455 | spectral 19.4429 | recons_loss: 0.156811 | sparse_loss: 1.03388 | 
2025-09-05 19:12:09,203 [INFO] [Iter 73] LR: 0.05000000
2025-09-05 19:12:09,204 [INFO] Saving best model at iteration 73
2025-09-05 19:12:09,460 [INFO] [74/300] loss 1202.2 | compact 6.99611 | spectral 19.444 | recons_loss: 0.156718 | sparse_loss: 1.03383 | 
2025-09-05 19:12:09,461 [INFO] [Iter 74] LR: 0.05000000
2025-09-05 19:12:09,462 [INFO] Saving best model at iteration 74
2025-09-05 19:12:09,717 [INFO] [75/300] loss 1202.12 | compact 6.99758 | spectral 19.447 | recons_loss: 0.156626 | sparse_loss: 1.03379 | 
2025-09-05 19:12:09,717 [INFO] [Iter 75] LR: 0.05000000
2025-09-05 19:12:09,718 [INFO] Saving best model at iteration 75
2025-09-05 19:12:09,973 [INFO] [76/300] loss 1202.02 | compact 6.99937 | spectral 19.4465 | recons_loss: 0.156541 | sparse_loss: 1.03374 | 
2025-09-05 19:12:09,974 [INFO] [Iter 76] LR: 0.05000000
2025-09-05 19:12:09,975 [INFO] Saving best model at iteration 76
2025-09-05 19:12:10,230 [INFO] [77/300] loss 1201.93 | compact 7.00103 | spectral 19.4458 | recons_loss: 0.156461 | sparse_loss: 1.0337 | 
2025-09-05 19:12:10,231 [INFO] [Iter 77] LR: 0.05000000
2025-09-05 19:12:10,233 [INFO] Saving best model at iteration 77
2025-09-05 19:12:10,503 [INFO] [78/300] loss 1201.84 | compact 7.00237 | spectral 19.4449 | recons_loss: 0.156386 | sparse_loss: 1.03365 | 
2025-09-05 19:12:10,503 [INFO] [Iter 78] LR: 0.05000000
2025-09-05 19:12:10,504 [INFO] Saving best model at iteration 78
2025-09-05 19:12:10,759 [INFO] [79/300] loss 1201.74 | compact 7.00358 | spectral 19.4441 | recons_loss: 0.156308 | sparse_loss: 1.03359 | 
2025-09-05 19:12:10,759 [INFO] [Iter 79] LR: 0.05000000
2025-09-05 19:12:10,760 [INFO] Saving best model at iteration 79
2025-09-05 19:12:11,020 [INFO] [80/300] loss 1201.65 | compact 7.0048 | spectral 19.441 | recons_loss: 0.156229 | sparse_loss: 1.03355 | 
2025-09-05 19:12:11,020 [INFO] [Iter 80] LR: 0.05000000
2025-09-05 19:12:11,022 [INFO] Saving best model at iteration 80
2025-09-05 19:12:11,276 [INFO] [81/300] loss 1201.56 | compact 7.00576 | spectral 19.4376 | recons_loss: 0.156157 | sparse_loss: 1.03351 | 
2025-09-05 19:12:11,276 [INFO] [Iter 81] LR: 0.05000000
2025-09-05 19:12:11,277 [INFO] Saving best model at iteration 81
2025-09-05 19:12:11,533 [INFO] [82/300] loss 1201.47 | compact 7.00678 | spectral 19.435 | recons_loss: 0.156084 | sparse_loss: 1.03347 | 
2025-09-05 19:12:11,533 [INFO] [Iter 82] LR: 0.05000000
2025-09-05 19:12:11,535 [INFO] Saving best model at iteration 82
2025-09-05 19:12:11,792 [INFO] [83/300] loss 1201.38 | compact 7.00813 | spectral 19.4323 | recons_loss: 0.156006 | sparse_loss: 1.03343 | 
2025-09-05 19:12:11,792 [INFO] [Iter 83] LR: 0.05000000
2025-09-05 19:12:11,794 [INFO] Saving best model at iteration 83
2025-09-05 19:12:12,049 [INFO] [84/300] loss 1201.3 | compact 7.00854 | spectral 19.4302 | recons_loss: 0.155936 | sparse_loss: 1.03339 | 
2025-09-05 19:12:12,050 [INFO] [Iter 84] LR: 0.05000000
2025-09-05 19:12:12,051 [INFO] Saving best model at iteration 84
2025-09-05 19:12:12,306 [INFO] [85/300] loss 1201.22 | compact 7.00936 | spectral 19.4286 | recons_loss: 0.15587 | sparse_loss: 1.03335 | 
2025-09-05 19:12:12,306 [INFO] [Iter 85] LR: 0.05000000
2025-09-05 19:12:12,307 [INFO] Saving best model at iteration 85
2025-09-05 19:12:12,563 [INFO] [86/300] loss 1201.14 | compact 7.01001 | spectral 19.4263 | recons_loss: 0.155817 | sparse_loss: 1.03331 | 
2025-09-05 19:12:12,564 [INFO] [Iter 86] LR: 0.05000000
2025-09-05 19:12:12,565 [INFO] Saving best model at iteration 86
2025-09-05 19:12:12,820 [INFO] [87/300] loss 1201.06 | compact 7.01039 | spectral 19.425 | recons_loss: 0.155763 | sparse_loss: 1.03328 | 
2025-09-05 19:12:12,821 [INFO] [Iter 87] LR: 0.05000000
2025-09-05 19:12:12,823 [INFO] Saving best model at iteration 87
2025-09-05 19:12:13,084 [INFO] [88/300] loss 1200.98 | compact 7.01045 | spectral 19.4229 | recons_loss: 0.15571 | sparse_loss: 1.03324 | 
2025-09-05 19:12:13,084 [INFO] [Iter 88] LR: 0.05000000
2025-09-05 19:12:13,086 [INFO] Saving best model at iteration 88
2025-09-05 19:12:13,341 [INFO] [89/300] loss 1200.91 | compact 7.0101 | spectral 19.4239 | recons_loss: 0.155669 | sparse_loss: 1.0332 | 
2025-09-05 19:12:13,341 [INFO] [Iter 89] LR: 0.05000000
2025-09-05 19:12:13,342 [INFO] Saving best model at iteration 89
2025-09-05 19:12:13,597 [INFO] [90/300] loss 1200.85 | compact 7.00958 | spectral 19.4254 | recons_loss: 0.155623 | sparse_loss: 1.03317 | 
2025-09-05 19:12:13,597 [INFO] [Iter 90] LR: 0.02500000
2025-09-05 19:12:13,599 [INFO] Saving best model at iteration 90
2025-09-05 19:12:13,854 [INFO] [91/300] loss 1200.79 | compact 7.00973 | spectral 19.426 | recons_loss: 0.155586 | sparse_loss: 1.03315 | 
2025-09-05 19:12:13,855 [INFO] [Iter 91] LR: 0.02500000
2025-09-05 19:12:13,857 [INFO] Saving best model at iteration 91
2025-09-05 19:12:14,114 [INFO] [92/300] loss 1200.72 | compact 7.01004 | spectral 19.4269 | recons_loss: 0.155548 | sparse_loss: 1.03312 | 
2025-09-05 19:12:14,115 [INFO] [Iter 92] LR: 0.02500000
2025-09-05 19:12:14,117 [INFO] Saving best model at iteration 92
2025-09-05 19:12:14,373 [INFO] [93/300] loss 1200.65 | compact 7.01028 | spectral 19.4272 | recons_loss: 0.155517 | sparse_loss: 1.03308 | 
2025-09-05 19:12:14,373 [INFO] [Iter 93] LR: 0.02500000
2025-09-05 19:12:14,374 [INFO] Saving best model at iteration 93
2025-09-05 19:12:14,629 [INFO] [94/300] loss 1200.59 | compact 7.01031 | spectral 19.428 | recons_loss: 0.155484 | sparse_loss: 1.03305 | 
2025-09-05 19:12:14,629 [INFO] [Iter 94] LR: 0.02500000
2025-09-05 19:12:14,630 [INFO] Saving best model at iteration 94
2025-09-05 19:12:14,884 [INFO] [95/300] loss 1200.53 | compact 7.01017 | spectral 19.4286 | recons_loss: 0.155448 | sparse_loss: 1.03302 | 
2025-09-05 19:12:14,884 [INFO] [Iter 95] LR: 0.02500000
2025-09-05 19:12:14,885 [INFO] Saving best model at iteration 95
2025-09-05 19:12:15,141 [INFO] [96/300] loss 1200.47 | compact 7.00971 | spectral 19.4299 | recons_loss: 0.155414 | sparse_loss: 1.03299 | 
2025-09-05 19:12:15,141 [INFO] [Iter 96] LR: 0.02500000
2025-09-05 19:12:15,144 [INFO] Saving best model at iteration 96
2025-09-05 19:12:15,404 [INFO] [97/300] loss 1200.41 | compact 7.00964 | spectral 19.4306 | recons_loss: 0.155378 | sparse_loss: 1.03296 | 
2025-09-05 19:12:15,404 [INFO] [Iter 97] LR: 0.02500000
2025-09-05 19:12:15,405 [INFO] Saving best model at iteration 97
2025-09-05 19:12:15,680 [INFO] [98/300] loss 1200.35 | compact 7.00963 | spectral 19.4311 | recons_loss: 0.155342 | sparse_loss: 1.03294 | 
2025-09-05 19:12:15,680 [INFO] [Iter 98] LR: 0.02500000
2025-09-05 19:12:15,682 [INFO] Saving best model at iteration 98
2025-09-05 19:12:15,936 [INFO] [99/300] loss 1200.29 | compact 7.00942 | spectral 19.4318 | recons_loss: 0.155308 | sparse_loss: 1.03291 | 
2025-09-05 19:12:15,937 [INFO] [Iter 99] LR: 0.02500000
2025-09-05 19:12:15,938 [INFO] Saving best model at iteration 99
2025-09-05 19:12:15,999 [INFO] H: 160, W: 150
2025-09-05 19:12:16,125 [INFO] [0 1 2 3 4 5 6]
2025-09-05 19:12:16,285 [INFO] y_target: [1 2 3 4 5 6 7]
2025-09-05 19:12:16,286 [INFO] y_predict: [0 1 2 3 4 5 6]
2025-09-05 19:12:16,438 [INFO] Epoch = 100 OA = 0.7922 Kappa = 0.7545 NMI = 0.7193
2025-09-05 19:12:16,646 [INFO] [100/300] loss 1200.24 | compact 7.00959 | spectral 19.4325 | recons_loss: 0.155273 | sparse_loss: 1.03288 | 
2025-09-05 19:12:16,646 [INFO] [Iter 100] LR: 0.02500000
2025-09-05 19:12:16,648 [INFO] Saving best model at iteration 100
2025-09-05 19:12:16,906 [INFO] [101/300] loss 1200.18 | compact 7.01052 | spectral 19.4332 | recons_loss: 0.155235 | sparse_loss: 1.03286 | 
2025-09-05 19:12:16,906 [INFO] [Iter 101] LR: 0.02500000
2025-09-05 19:12:16,908 [INFO] Saving best model at iteration 101
2025-09-05 19:12:17,166 [INFO] [102/300] loss 1200.12 | compact 7.01147 | spectral 19.4335 | recons_loss: 0.155197 | sparse_loss: 1.03283 | 
2025-09-05 19:12:17,167 [INFO] [Iter 102] LR: 0.02500000
2025-09-05 19:12:17,169 [INFO] Saving best model at iteration 102
2025-09-05 19:12:17,430 [INFO] [103/300] loss 1200.07 | compact 7.01259 | spectral 19.4335 | recons_loss: 0.155161 | sparse_loss: 1.03281 | 
2025-09-05 19:12:17,430 [INFO] [Iter 103] LR: 0.02500000
2025-09-05 19:12:17,432 [INFO] Saving best model at iteration 103
2025-09-05 19:12:17,686 [INFO] [104/300] loss 1200.02 | compact 7.01364 | spectral 19.4335 | recons_loss: 0.155123 | sparse_loss: 1.03279 | 
2025-09-05 19:12:17,687 [INFO] [Iter 104] LR: 0.01250000
2025-09-05 19:12:17,689 [INFO] Saving best model at iteration 104
2025-09-05 19:12:17,946 [INFO] [105/300] loss 1199.97 | compact 7.01451 | spectral 19.4337 | recons_loss: 0.155084 | sparse_loss: 1.03276 | 
2025-09-05 19:12:17,947 [INFO] [Iter 105] LR: 0.01250000
2025-09-05 19:12:17,949 [INFO] Saving best model at iteration 105
2025-09-05 19:12:18,208 [INFO] [106/300] loss 1199.91 | compact 7.0152 | spectral 19.4338 | recons_loss: 0.155044 | sparse_loss: 1.03274 | 
2025-09-05 19:12:18,209 [INFO] [Iter 106] LR: 0.01250000
2025-09-05 19:12:18,210 [INFO] Saving best model at iteration 106
2025-09-05 19:12:18,465 [INFO] [107/300] loss 1199.86 | compact 7.01594 | spectral 19.4337 | recons_loss: 0.155007 | sparse_loss: 1.03273 | 
2025-09-05 19:12:18,465 [INFO] [Iter 107] LR: 0.01250000
2025-09-05 19:12:18,467 [INFO] Saving best model at iteration 107
2025-09-05 19:12:18,720 [INFO] [108/300] loss 1199.82 | compact 7.01661 | spectral 19.4336 | recons_loss: 0.154972 | sparse_loss: 1.03271 | 
2025-09-05 19:12:18,721 [INFO] [Iter 108] LR: 0.00625000
2025-09-05 19:12:18,723 [INFO] Saving best model at iteration 108
2025-09-05 19:12:18,977 [INFO] [109/300] loss 1199.77 | compact 7.01712 | spectral 19.4339 | recons_loss: 0.154939 | sparse_loss: 1.03269 | 
2025-09-05 19:12:18,977 [INFO] [Iter 109] LR: 0.00625000
2025-09-05 19:12:18,979 [INFO] Saving best model at iteration 109
2025-09-05 19:12:19,234 [INFO] [110/300] loss 1199.73 | compact 7.01773 | spectral 19.4339 | recons_loss: 0.15491 | sparse_loss: 1.03268 | 
2025-09-05 19:12:19,235 [INFO] [Iter 110] LR: 0.00625000
2025-09-05 19:12:19,236 [INFO] Saving best model at iteration 110
2025-09-05 19:12:19,490 [INFO] [111/300] loss 1199.69 | compact 7.01832 | spectral 19.4338 | recons_loss: 0.154882 | sparse_loss: 1.03267 | 
2025-09-05 19:12:19,490 [INFO] [Iter 111] LR: 0.00625000
2025-09-05 19:12:19,492 [INFO] Saving best model at iteration 111
2025-09-05 19:12:19,755 [INFO] [112/300] loss 1199.65 | compact 7.01887 | spectral 19.4339 | recons_loss: 0.154857 | sparse_loss: 1.03266 | 
2025-09-05 19:12:19,756 [INFO] [Iter 112] LR: 0.00312500
2025-09-05 19:12:19,758 [INFO] Saving best model at iteration 112
2025-09-05 19:12:20,023 [INFO] [113/300] loss 1199.61 | compact 7.01939 | spectral 19.4338 | recons_loss: 0.154833 | sparse_loss: 1.03264 | 
2025-09-05 19:12:20,023 [INFO] [Iter 113] LR: 0.00312500
2025-09-05 19:12:20,026 [INFO] Saving best model at iteration 113
2025-09-05 19:12:20,293 [INFO] [114/300] loss 1199.58 | compact 7.01987 | spectral 19.4335 | recons_loss: 0.154811 | sparse_loss: 1.03263 | 
2025-09-05 19:12:20,294 [INFO] [Iter 114] LR: 0.00312500
2025-09-05 19:12:20,296 [INFO] Saving best model at iteration 114
2025-09-05 19:12:20,561 [INFO] [115/300] loss 1199.54 | compact 7.02029 | spectral 19.4334 | recons_loss: 0.154791 | sparse_loss: 1.03262 | 
2025-09-05 19:12:20,561 [INFO] [Iter 115] LR: 0.00156250
2025-09-05 19:12:20,562 [INFO] Saving best model at iteration 115
2025-09-05 19:12:20,819 [INFO] [116/300] loss 1199.51 | compact 7.02066 | spectral 19.4334 | recons_loss: 0.154773 | sparse_loss: 1.03261 | 
2025-09-05 19:12:20,819 [INFO] [Iter 116] LR: 0.00156250
2025-09-05 19:12:20,822 [INFO] Saving best model at iteration 116
2025-09-05 19:12:21,078 [INFO] [117/300] loss 1199.49 | compact 7.021 | spectral 19.4333 | recons_loss: 0.154756 | sparse_loss: 1.0326 | 
2025-09-05 19:12:21,079 [INFO] [Iter 117] LR: 0.00156250
2025-09-05 19:12:21,080 [INFO] Saving best model at iteration 117
2025-09-05 19:12:21,344 [INFO] [118/300] loss 1199.46 | compact 7.0213 | spectral 19.4333 | recons_loss: 0.15474 | sparse_loss: 1.03259 | 
2025-09-05 19:12:21,344 [INFO] [Iter 118] LR: 0.00078125
2025-09-05 19:12:21,345 [INFO] Saving best model at iteration 118
2025-09-05 19:12:21,600 [INFO] [119/300] loss 1199.44 | compact 7.02158 | spectral 19.4333 | recons_loss: 0.154726 | sparse_loss: 1.03258 | 
2025-09-05 19:12:21,601 [INFO] [Iter 119] LR: 0.00078125
2025-09-05 19:12:21,602 [INFO] Saving best model at iteration 119
2025-09-05 19:12:21,858 [INFO] [120/300] loss 1199.42 | compact 7.02182 | spectral 19.4332 | recons_loss: 0.154713 | sparse_loss: 1.03257 | 
2025-09-05 19:12:21,859 [INFO] [Iter 120] LR: 0.00078125
2025-09-05 19:12:21,860 [INFO] Saving best model at iteration 120
2025-09-05 19:12:22,114 [INFO] [121/300] loss 1199.4 | compact 7.02205 | spectral 19.4332 | recons_loss: 0.154702 | sparse_loss: 1.03257 | 
2025-09-05 19:12:22,115 [INFO] [Iter 121] LR: 0.00078125
2025-09-05 19:12:22,116 [INFO] Saving best model at iteration 121
2025-09-05 19:12:22,371 [INFO] [122/300] loss 1199.38 | compact 7.02225 | spectral 19.4332 | recons_loss: 0.154691 | sparse_loss: 1.03256 | 
2025-09-05 19:12:22,372 [INFO] [Iter 122] LR: 0.00078125
2025-09-05 19:12:22,373 [INFO] Saving best model at iteration 122
2025-09-05 19:12:22,628 [INFO] [123/300] loss 1199.36 | compact 7.02242 | spectral 19.4332 | recons_loss: 0.154681 | sparse_loss: 1.03255 | 
2025-09-05 19:12:22,628 [INFO] [Iter 123] LR: 0.00078125
2025-09-05 19:12:22,631 [INFO] Saving best model at iteration 123
2025-09-05 19:12:22,887 [INFO] [124/300] loss 1199.35 | compact 7.02258 | spectral 19.4332 | recons_loss: 0.154672 | sparse_loss: 1.03254 | 
2025-09-05 19:12:22,888 [INFO] [Iter 124] LR: 0.00039063
2025-09-05 19:12:22,889 [INFO] Saving best model at iteration 124
2025-09-05 19:12:23,145 [INFO] [125/300] loss 1199.33 | compact 7.02273 | spectral 19.4332 | recons_loss: 0.154664 | sparse_loss: 1.03254 | 
2025-09-05 19:12:23,145 [INFO] [Iter 125] LR: 0.00039063
2025-09-05 19:12:23,148 [INFO] Saving best model at iteration 125
2025-09-05 19:12:23,404 [INFO] [126/300] loss 1199.32 | compact 7.02286 | spectral 19.4332 | recons_loss: 0.154657 | sparse_loss: 1.03253 | 
2025-09-05 19:12:23,404 [INFO] [Iter 126] LR: 0.00039063
2025-09-05 19:12:23,406 [INFO] Saving best model at iteration 126
2025-09-05 19:12:23,672 [INFO] [127/300] loss 1199.31 | compact 7.02297 | spectral 19.4332 | recons_loss: 0.15465 | sparse_loss: 1.03253 | 
2025-09-05 19:12:23,672 [INFO] [Iter 127] LR: 0.00019531
2025-09-05 19:12:23,674 [INFO] Saving best model at iteration 127
2025-09-05 19:12:23,934 [INFO] [128/300] loss 1199.29 | compact 7.02308 | spectral 19.4332 | recons_loss: 0.154644 | sparse_loss: 1.03252 | 
2025-09-05 19:12:23,935 [INFO] [Iter 128] LR: 0.00019531
2025-09-05 19:12:23,937 [INFO] Saving best model at iteration 128
2025-09-05 19:12:24,214 [INFO] [129/300] loss 1199.28 | compact 7.02317 | spectral 19.4332 | recons_loss: 0.154638 | sparse_loss: 1.03252 | 
2025-09-05 19:12:24,214 [INFO] [Iter 129] LR: 0.00019531
2025-09-05 19:12:24,217 [INFO] Saving best model at iteration 129
2025-09-05 19:12:24,472 [INFO] [130/300] loss 1199.28 | compact 7.02326 | spectral 19.4332 | recons_loss: 0.154633 | sparse_loss: 1.03251 | 
2025-09-05 19:12:24,473 [INFO] [Iter 130] LR: 0.00009766
2025-09-05 19:12:24,474 [INFO] Saving best model at iteration 130
2025-09-05 19:12:24,732 [INFO] [131/300] loss 1199.27 | compact 7.02333 | spectral 19.4332 | recons_loss: 0.154628 | sparse_loss: 1.03251 | 
2025-09-05 19:12:24,733 [INFO] [Iter 131] LR: 0.00009766
2025-09-05 19:12:24,735 [INFO] Saving best model at iteration 131
2025-09-05 19:12:24,992 [INFO] [132/300] loss 1199.26 | compact 7.0234 | spectral 19.4332 | recons_loss: 0.154624 | sparse_loss: 1.03251 | 
2025-09-05 19:12:24,993 [INFO] [Iter 132] LR: 0.00009766
2025-09-05 19:12:24,995 [INFO] Saving best model at iteration 132
2025-09-05 19:12:25,255 [INFO] [133/300] loss 1199.25 | compact 7.02346 | spectral 19.4332 | recons_loss: 0.15462 | sparse_loss: 1.0325 | 
2025-09-05 19:12:25,255 [INFO] [Iter 133] LR: 0.00004883
2025-09-05 19:12:25,257 [INFO] Saving best model at iteration 133
2025-09-05 19:12:25,524 [INFO] [134/300] loss 1199.25 | compact 7.02352 | spectral 19.4332 | recons_loss: 0.154617 | sparse_loss: 1.0325 | 
2025-09-05 19:12:25,524 [INFO] [Iter 134] LR: 0.00004883
2025-09-05 19:12:25,526 [INFO] Saving best model at iteration 134
2025-09-05 19:12:25,790 [INFO] [135/300] loss 1199.24 | compact 7.02357 | spectral 19.4332 | recons_loss: 0.154614 | sparse_loss: 1.0325 | 
2025-09-05 19:12:25,791 [INFO] [Iter 135] LR: 0.00004883
2025-09-05 19:12:25,793 [INFO] Saving best model at iteration 135
2025-09-05 19:12:26,054 [INFO] [136/300] loss 1199.24 | compact 7.02362 | spectral 19.4332 | recons_loss: 0.154611 | sparse_loss: 1.03249 | 
2025-09-05 19:12:26,054 [INFO] [Iter 136] LR: 0.00002441
2025-09-05 19:12:26,055 [INFO] Saving best model at iteration 136
2025-09-05 19:12:26,343 [INFO] [137/300] loss 1199.23 | compact 7.02366 | spectral 19.4332 | recons_loss: 0.154608 | sparse_loss: 1.03249 | 
2025-09-05 19:12:26,357 [INFO] [Iter 137] LR: 0.00002441
2025-09-05 19:12:26,359 [INFO] Saving best model at iteration 137
2025-09-05 19:12:26,631 [INFO] [138/300] loss 1199.23 | compact 7.02369 | spectral 19.4332 | recons_loss: 0.154606 | sparse_loss: 1.03249 | 
2025-09-05 19:12:26,631 [INFO] [Iter 138] LR: 0.00002441
2025-09-05 19:12:26,632 [INFO] Saving best model at iteration 138
2025-09-05 19:12:26,909 [INFO] [139/300] loss 1199.22 | compact 7.02373 | spectral 19.4332 | recons_loss: 0.154604 | sparse_loss: 1.03249 | 
2025-09-05 19:12:26,910 [INFO] [Iter 139] LR: 0.00001221
2025-09-05 19:12:26,911 [INFO] Saving best model at iteration 139
2025-09-05 19:12:27,181 [INFO] [140/300] loss 1199.22 | compact 7.02376 | spectral 19.4332 | recons_loss: 0.154602 | sparse_loss: 1.03249 | 
2025-09-05 19:12:27,181 [INFO] [Iter 140] LR: 0.00001221
2025-09-05 19:12:27,184 [INFO] Saving best model at iteration 140
2025-09-05 19:12:27,451 [INFO] [141/300] loss 1199.22 | compact 7.02378 | spectral 19.4332 | recons_loss: 0.1546 | sparse_loss: 1.03248 | 
2025-09-05 19:12:27,452 [INFO] [Iter 141] LR: 0.00001221
2025-09-05 19:12:27,453 [INFO] Saving best model at iteration 141
2025-09-05 19:12:27,723 [INFO] [142/300] loss 1199.21 | compact 7.02381 | spectral 19.4332 | recons_loss: 0.154599 | sparse_loss: 1.03248 | 
2025-09-05 19:12:27,724 [INFO] [Iter 142] LR: 0.00000610
2025-09-05 19:12:27,725 [INFO] Saving best model at iteration 142
2025-09-05 19:12:27,991 [INFO] [143/300] loss 1199.21 | compact 7.02383 | spectral 19.4332 | recons_loss: 0.154597 | sparse_loss: 1.03248 | 
2025-09-05 19:12:27,991 [INFO] [Iter 143] LR: 0.00000610
2025-09-05 19:12:27,993 [INFO] Saving best model at iteration 143
2025-09-05 19:12:28,254 [INFO] [144/300] loss 1199.21 | compact 7.02385 | spectral 19.4332 | recons_loss: 0.154596 | sparse_loss: 1.03248 | 
2025-09-05 19:12:28,254 [INFO] [Iter 144] LR: 0.00000610
2025-09-05 19:12:28,259 [INFO] Saving best model at iteration 144
2025-09-05 19:12:28,528 [INFO] [145/300] loss 1199.21 | compact 7.02387 | spectral 19.4332 | recons_loss: 0.154595 | sparse_loss: 1.03248 | 
2025-09-05 19:12:28,529 [INFO] [Iter 145] LR: 0.00000305
2025-09-05 19:12:28,531 [INFO] Saving best model at iteration 145
2025-09-05 19:12:28,796 [INFO] [146/300] loss 1199.21 | compact 7.02388 | spectral 19.4332 | recons_loss: 0.154594 | sparse_loss: 1.03248 | 
2025-09-05 19:12:28,796 [INFO] [Iter 146] LR: 0.00000305
2025-09-05 19:12:28,799 [INFO] Saving best model at iteration 146
2025-09-05 19:12:29,060 [INFO] [147/300] loss 1199.2 | compact 7.02389 | spectral 19.4332 | recons_loss: 0.154593 | sparse_loss: 1.03248 | 
2025-09-05 19:12:29,060 [INFO] [Iter 147] LR: 0.00000305
2025-09-05 19:12:29,062 [INFO] Saving best model at iteration 147
2025-09-05 19:12:29,323 [INFO] [148/300] loss 1199.2 | compact 7.02391 | spectral 19.4332 | recons_loss: 0.154592 | sparse_loss: 1.03248 | 
2025-09-05 19:12:29,323 [INFO] [Iter 148] LR: 0.00000153
2025-09-05 19:12:29,325 [INFO] Saving best model at iteration 148
2025-09-05 19:12:29,596 [INFO] [149/300] loss 1199.2 | compact 7.02392 | spectral 19.4332 | recons_loss: 0.154591 | sparse_loss: 1.03248 | 
2025-09-05 19:12:29,597 [INFO] [Iter 149] LR: 0.00000153
2025-09-05 19:12:29,598 [INFO] Saving best model at iteration 149
2025-09-05 19:12:29,672 [INFO] H: 160, W: 150
2025-09-05 19:12:30,061 [INFO] [0 1 2 3 4 5 6]
2025-09-05 19:12:30,233 [INFO] y_target: [1 2 3 4 5 6 7]
2025-09-05 19:12:30,233 [INFO] y_predict: [0 1 2 3 4 5 6]
2025-09-05 19:12:30,408 [INFO] Epoch = 150 OA = 0.7920 Kappa = 0.7543 NMI = 0.7189
2025-09-05 19:12:30,620 [INFO] [150/300] loss 1199.2 | compact 7.02393 | spectral 19.4332 | recons_loss: 0.154591 | sparse_loss: 1.03248 | 
2025-09-05 19:12:30,620 [INFO] [Iter 150] LR: 0.00000153
2025-09-05 19:12:30,621 [INFO] Saving best model at iteration 150
2025-09-05 19:12:30,882 [INFO] [151/300] loss 1199.2 | compact 7.02394 | spectral 19.4332 | recons_loss: 0.15459 | sparse_loss: 1.03248 | 
2025-09-05 19:12:30,882 [INFO] [Iter 151] LR: 0.00000076
2025-09-05 19:12:30,884 [INFO] Saving best model at iteration 151
2025-09-05 19:12:31,147 [INFO] [152/300] loss 1199.2 | compact 7.02395 | spectral 19.4332 | recons_loss: 0.154589 | sparse_loss: 1.03248 | 
2025-09-05 19:12:31,148 [INFO] [Iter 152] LR: 0.00000076
2025-09-05 19:12:31,149 [INFO] Saving best model at iteration 152
2025-09-05 19:12:31,411 [INFO] [153/300] loss 1199.2 | compact 7.02395 | spectral 19.4332 | recons_loss: 0.154589 | sparse_loss: 1.03247 | 
2025-09-05 19:12:31,411 [INFO] [Iter 153] LR: 0.00000076
2025-09-05 19:12:31,413 [INFO] Saving best model at iteration 153
2025-09-05 19:12:31,673 [INFO] [154/300] loss 1199.2 | compact 7.02396 | spectral 19.4332 | recons_loss: 0.154589 | sparse_loss: 1.03247 | 
2025-09-05 19:12:31,673 [INFO] [Iter 154] LR: 0.00000038
2025-09-05 19:12:31,675 [INFO] Saving best model at iteration 154
2025-09-05 19:12:31,940 [INFO] [155/300] loss 1199.2 | compact 7.02397 | spectral 19.4332 | recons_loss: 0.154588 | sparse_loss: 1.03247 | 
2025-09-05 19:12:31,940 [INFO] [Iter 155] LR: 0.00000038
2025-09-05 19:12:31,942 [INFO] Saving best model at iteration 155
2025-09-05 19:12:32,204 [INFO] [156/300] loss 1199.2 | compact 7.02397 | spectral 19.4332 | recons_loss: 0.154588 | sparse_loss: 1.03247 | 
2025-09-05 19:12:32,204 [INFO] [Iter 156] LR: 0.00000038
2025-09-05 19:12:32,206 [INFO] Saving best model at iteration 156
2025-09-05 19:12:32,474 [INFO] [157/300] loss 1199.19 | compact 7.02398 | spectral 19.4332 | recons_loss: 0.154587 | sparse_loss: 1.03247 | 
2025-09-05 19:12:32,474 [INFO] [Iter 157] LR: 0.00000019
2025-09-05 19:12:32,476 [INFO] Saving best model at iteration 157
2025-09-05 19:12:32,735 [INFO] [158/300] loss 1199.19 | compact 7.02398 | spectral 19.4332 | recons_loss: 0.154587 | sparse_loss: 1.03247 | 
2025-09-05 19:12:32,735 [INFO] [Iter 158] LR: 0.00000019
2025-09-05 19:12:32,738 [INFO] Saving best model at iteration 158
2025-09-05 19:12:33,003 [INFO] [159/300] loss 1199.19 | compact 7.02399 | spectral 19.4332 | recons_loss: 0.154587 | sparse_loss: 1.03247 | 
2025-09-05 19:12:33,004 [INFO] [Iter 159] LR: 0.00000019
2025-09-05 19:12:33,005 [INFO] Saving best model at iteration 159
2025-09-05 19:12:33,277 [INFO] [160/300] loss 1199.19 | compact 7.02399 | spectral 19.4332 | recons_loss: 0.154587 | sparse_loss: 1.03247 | 
2025-09-05 19:12:33,277 [INFO] [Iter 160] LR: 0.00000010
2025-09-05 19:12:33,279 [INFO] Saving best model at iteration 160
2025-09-05 19:12:33,539 [INFO] [161/300] loss 1199.19 | compact 7.02399 | spectral 19.4332 | recons_loss: 0.154586 | sparse_loss: 1.03247 | 
2025-09-05 19:12:33,540 [INFO] [Iter 161] LR: 0.00000010
2025-09-05 19:12:33,541 [INFO] Saving best model at iteration 161
2025-09-05 19:12:33,805 [INFO] [162/300] loss 1199.19 | compact 7.024 | spectral 19.4332 | recons_loss: 0.154586 | sparse_loss: 1.03247 | 
2025-09-05 19:12:33,806 [INFO] [Iter 162] LR: 0.00000010
2025-09-05 19:12:33,808 [INFO] Saving best model at iteration 162
2025-09-05 19:12:34,081 [INFO] [163/300] loss 1199.19 | compact 7.024 | spectral 19.4332 | recons_loss: 0.154586 | sparse_loss: 1.03247 | 
2025-09-05 19:12:34,082 [INFO] [Iter 163] LR: 0.00000005
2025-09-05 19:12:34,084 [INFO] Saving best model at iteration 163
2025-09-05 19:12:34,350 [INFO] [164/300] loss 1199.19 | compact 7.024 | spectral 19.4332 | recons_loss: 0.154586 | sparse_loss: 1.03247 | 
2025-09-05 19:12:34,351 [INFO] [Iter 164] LR: 0.00000005
2025-09-05 19:12:34,353 [INFO] Saving best model at iteration 164
2025-09-05 19:12:34,627 [INFO] [165/300] loss 1199.19 | compact 7.024 | spectral 19.4332 | recons_loss: 0.154586 | sparse_loss: 1.03247 | 
2025-09-05 19:12:34,628 [INFO] [Iter 165] LR: 0.00000005
2025-09-05 19:12:34,629 [INFO] Saving best model at iteration 165
2025-09-05 19:12:34,897 [INFO] [166/300] loss 1199.19 | compact 7.02401 | spectral 19.4332 | recons_loss: 0.154586 | sparse_loss: 1.03247 | 
2025-09-05 19:12:34,898 [INFO] [Iter 166] LR: 0.00000002
2025-09-05 19:12:34,900 [INFO] Saving best model at iteration 166
2025-09-05 19:12:35,160 [INFO] [167/300] loss 1199.19 | compact 7.02401 | spectral 19.4332 | recons_loss: 0.154586 | sparse_loss: 1.03247 | 
2025-09-05 19:12:35,161 [INFO] [Iter 167] LR: 0.00000002
2025-09-05 19:12:35,163 [INFO] Saving best model at iteration 167
2025-09-05 19:12:35,427 [INFO] [168/300] loss 1199.19 | compact 7.02401 | spectral 19.4332 | recons_loss: 0.154585 | sparse_loss: 1.03247 | 
2025-09-05 19:12:35,427 [INFO] [Iter 168] LR: 0.00000002
2025-09-05 19:12:35,429 [INFO] Saving best model at iteration 168
2025-09-05 19:12:35,693 [INFO] [169/300] loss 1199.19 | compact 7.02401 | spectral 19.4332 | recons_loss: 0.154585 | sparse_loss: 1.03247 | 
2025-09-05 19:12:35,693 [INFO] [Iter 169] LR: 0.00000001
2025-09-05 19:12:35,694 [INFO] Saving best model at iteration 169
2025-09-05 19:12:35,949 [INFO] [170/300] loss 1199.19 | compact 7.02401 | spectral 19.4332 | recons_loss: 0.154585 | sparse_loss: 1.03247 | 
2025-09-05 19:12:35,949 [INFO] [Iter 170] LR: 0.00000001
2025-09-05 19:12:35,951 [INFO] Saving best model at iteration 170
2025-09-05 19:12:36,210 [INFO] [171/300] loss 1199.19 | compact 7.02401 | spectral 19.4332 | recons_loss: 0.154585 | sparse_loss: 1.03247 | 
2025-09-05 19:12:36,211 [INFO] [Iter 171] LR: 0.00000001
2025-09-05 19:12:36,213 [INFO] Saving best model at iteration 171
2025-09-05 19:12:36,489 [INFO] [172/300] loss 1199.19 | compact 7.02401 | spectral 19.4332 | recons_loss: 0.154585 | sparse_loss: 1.03247 | 
2025-09-05 19:12:36,489 [INFO] [Iter 172] LR: 0.00000001
2025-09-05 19:12:36,491 [INFO] Saving best model at iteration 172
2025-09-05 19:12:36,755 [INFO] [173/300] loss 1199.19 | compact 7.02401 | spectral 19.4332 | recons_loss: 0.154585 | sparse_loss: 1.03247 | 
2025-09-05 19:12:36,755 [INFO] [Iter 173] LR: 0.00000001
2025-09-05 19:12:36,757 [INFO] Saving best model at iteration 173
2025-09-05 19:12:37,035 [INFO] [174/300] loss 1199.19 | compact 7.02402 | spectral 19.4332 | recons_loss: 0.154585 | sparse_loss: 1.03247 | 
2025-09-05 19:12:37,036 [INFO] [Iter 174] LR: 0.00000001
2025-09-05 19:12:37,038 [INFO] No improvement: current loss 1199.190087, best loss 1199.190184
2025-09-05 19:12:37,304 [INFO] [175/300] loss 1199.19 | compact 7.02402 | spectral 19.4332 | recons_loss: 0.154585 | sparse_loss: 1.03247 | 
2025-09-05 19:12:37,305 [INFO] [Iter 175] LR: 0.00000001
2025-09-05 19:12:37,306 [INFO] Saving best model at iteration 175
2025-09-05 19:12:37,565 [INFO] [176/300] loss 1199.19 | compact 7.02402 | spectral 19.4332 | recons_loss: 0.154585 | sparse_loss: 1.03247 | 
2025-09-05 19:12:37,566 [INFO] [Iter 176] LR: 0.00000001
2025-09-05 19:12:37,567 [INFO] No improvement: current loss 1199.189920, best loss 1199.189999
2025-09-05 19:12:37,844 [INFO] [177/300] loss 1199.19 | compact 7.02402 | spectral 19.4332 | recons_loss: 0.154585 | sparse_loss: 1.03247 | 
2025-09-05 19:12:37,844 [INFO] [Iter 177] LR: 0.00000001
2025-09-05 19:12:37,846 [INFO] Saving best model at iteration 177
2025-09-05 19:12:38,124 [INFO] [178/300] loss 1199.19 | compact 7.02402 | spectral 19.4332 | recons_loss: 0.154585 | sparse_loss: 1.03247 | 
2025-09-05 19:12:38,124 [INFO] [Iter 178] LR: 0.00000001
2025-09-05 19:12:38,127 [INFO] No improvement: current loss 1199.189785, best loss 1199.189849
2025-09-05 19:12:38,399 [INFO] [179/300] loss 1199.19 | compact 7.02402 | spectral 19.4332 | recons_loss: 0.154585 | sparse_loss: 1.03247 | 
2025-09-05 19:12:38,399 [INFO] [Iter 179] LR: 0.00000001
2025-09-05 19:12:38,401 [INFO] Saving best model at iteration 179
2025-09-05 19:12:38,673 [INFO] [180/300] loss 1199.19 | compact 7.02402 | spectral 19.4332 | recons_loss: 0.154585 | sparse_loss: 1.03247 | 
2025-09-05 19:12:38,673 [INFO] [Iter 180] LR: 0.00000001
2025-09-05 19:12:38,676 [INFO] No improvement: current loss 1199.189675, best loss 1199.189727
2025-09-05 19:12:38,951 [INFO] [181/300] loss 1199.19 | compact 7.02402 | spectral 19.4332 | recons_loss: 0.154585 | sparse_loss: 1.03247 | 
2025-09-05 19:12:38,951 [INFO] [Iter 181] LR: 0.00000001
2025-09-05 19:12:38,953 [INFO] No improvement: current loss 1199.189629, best loss 1199.189727
2025-09-05 19:12:39,231 [INFO] [182/300] loss 1199.19 | compact 7.02402 | spectral 19.4332 | recons_loss: 0.154585 | sparse_loss: 1.03247 | 
2025-09-05 19:12:39,232 [INFO] [Iter 182] LR: 0.00000001
2025-09-05 19:12:39,234 [INFO] Saving best model at iteration 182
2025-09-05 19:12:39,496 [INFO] [183/300] loss 1199.19 | compact 7.02402 | spectral 19.4332 | recons_loss: 0.154585 | sparse_loss: 1.03247 | 
2025-09-05 19:12:39,497 [INFO] [Iter 183] LR: 0.00000001
2025-09-05 19:12:39,499 [INFO] No improvement: current loss 1199.189549, best loss 1199.189587
2025-09-05 19:12:39,765 [INFO] [184/300] loss 1199.19 | compact 7.02402 | spectral 19.4332 | recons_loss: 0.154585 | sparse_loss: 1.03247 | 
2025-09-05 19:12:39,766 [INFO] [Iter 184] LR: 0.00000001
2025-09-05 19:12:39,769 [INFO] No improvement: current loss 1199.189515, best loss 1199.189587
2025-09-05 19:12:40,043 [INFO] [185/300] loss 1199.19 | compact 7.02402 | spectral 19.4332 | recons_loss: 0.154585 | sparse_loss: 1.03247 | 
2025-09-05 19:12:40,044 [INFO] [Iter 185] LR: 0.00000001
2025-09-05 19:12:40,045 [INFO] Saving best model at iteration 185
2025-09-05 19:12:40,314 [INFO] [186/300] loss 1199.19 | compact 7.02402 | spectral 19.4332 | recons_loss: 0.154585 | sparse_loss: 1.03247 | 
2025-09-05 19:12:40,314 [INFO] [Iter 186] LR: 0.00000001
2025-09-05 19:12:40,316 [INFO] No improvement: current loss 1199.189457, best loss 1199.189484
2025-09-05 19:12:40,583 [INFO] [187/300] loss 1199.19 | compact 7.02402 | spectral 19.4332 | recons_loss: 0.154585 | sparse_loss: 1.03247 | 
2025-09-05 19:12:40,583 [INFO] [Iter 187] LR: 0.00000001
2025-09-05 19:12:40,584 [INFO] No improvement: current loss 1199.189432, best loss 1199.189484
2025-09-05 19:12:40,869 [INFO] [188/300] loss 1199.19 | compact 7.02402 | spectral 19.4332 | recons_loss: 0.154585 | sparse_loss: 1.03247 | 
2025-09-05 19:12:40,870 [INFO] [Iter 188] LR: 0.00000001
2025-09-05 19:12:40,872 [INFO] No improvement: current loss 1199.189410, best loss 1199.189484
2025-09-05 19:12:41,145 [INFO] [189/300] loss 1199.19 | compact 7.02402 | spectral 19.4332 | recons_loss: 0.154585 | sparse_loss: 1.03247 | 
2025-09-05 19:12:41,162 [INFO] [Iter 189] LR: 0.00000001
2025-09-05 19:12:41,164 [INFO] No improvement: current loss 1199.189390, best loss 1199.189484
2025-09-05 19:12:41,444 [INFO] [190/300] loss 1199.19 | compact 7.02402 | spectral 19.4332 | recons_loss: 0.154585 | sparse_loss: 1.03247 | 
2025-09-05 19:12:41,444 [INFO] [Iter 190] LR: 0.00000001
2025-09-05 19:12:41,445 [INFO] Saving best model at iteration 190
2025-09-05 19:12:41,727 [INFO] [191/300] loss 1199.19 | compact 7.02402 | spectral 19.4332 | recons_loss: 0.154585 | sparse_loss: 1.03247 | 
2025-09-05 19:12:41,762 [INFO] [Iter 191] LR: 0.00000001
2025-09-05 19:12:41,763 [INFO] No improvement: current loss 1199.189355, best loss 1199.189372
2025-09-05 19:12:42,050 [INFO] [192/300] loss 1199.19 | compact 7.02402 | spectral 19.4332 | recons_loss: 0.154585 | sparse_loss: 1.03247 | 
2025-09-05 19:12:42,051 [INFO] [Iter 192] LR: 0.00000001
2025-09-05 19:12:42,053 [INFO] No improvement: current loss 1199.189341, best loss 1199.189372
2025-09-05 19:12:42,327 [INFO] [193/300] loss 1199.19 | compact 7.02402 | spectral 19.4332 | recons_loss: 0.154585 | sparse_loss: 1.03247 | 
2025-09-05 19:12:42,328 [INFO] [Iter 193] LR: 0.00000001
2025-09-05 19:12:42,330 [INFO] No improvement: current loss 1199.189328, best loss 1199.189372
2025-09-05 19:12:42,614 [INFO] [194/300] loss 1199.19 | compact 7.02402 | spectral 19.4332 | recons_loss: 0.154585 | sparse_loss: 1.03247 | 
2025-09-05 19:12:42,615 [INFO] [Iter 194] LR: 0.00000001
2025-09-05 19:12:42,616 [INFO] No improvement: current loss 1199.189316, best loss 1199.189372
2025-09-05 19:12:42,892 [INFO] [195/300] loss 1199.19 | compact 7.02402 | spectral 19.4332 | recons_loss: 0.154585 | sparse_loss: 1.03247 | 
2025-09-05 19:12:42,892 [INFO] [Iter 195] LR: 0.00000001
2025-09-05 19:12:42,893 [INFO] No improvement: current loss 1199.189305, best loss 1199.189372
2025-09-05 19:12:43,163 [INFO] [196/300] loss 1199.19 | compact 7.02402 | spectral 19.4332 | recons_loss: 0.154585 | sparse_loss: 1.03247 | 
2025-09-05 19:12:43,164 [INFO] [Iter 196] LR: 0.00000001
2025-09-05 19:12:43,165 [INFO] No improvement: current loss 1199.189295, best loss 1199.189372
2025-09-05 19:12:43,426 [INFO] [197/300] loss 1199.19 | compact 7.02402 | spectral 19.4332 | recons_loss: 0.154585 | sparse_loss: 1.03247 | 
2025-09-05 19:12:43,427 [INFO] [Iter 197] LR: 0.00000001
2025-09-05 19:12:43,428 [INFO] No improvement: current loss 1199.189287, best loss 1199.189372
2025-09-05 19:12:43,688 [INFO] [198/300] loss 1199.19 | compact 7.02402 | spectral 19.4332 | recons_loss: 0.154585 | sparse_loss: 1.03247 | 
2025-09-05 19:12:43,689 [INFO] [Iter 198] LR: 0.00000001
2025-09-05 19:12:43,690 [INFO] No improvement: current loss 1199.189279, best loss 1199.189372
2025-09-05 19:12:43,952 [INFO] [199/300] loss 1199.19 | compact 7.02402 | spectral 19.4332 | recons_loss: 0.154585 | sparse_loss: 1.03247 | 
2025-09-05 19:12:43,952 [INFO] [Iter 199] LR: 0.00000001
2025-09-05 19:12:43,953 [INFO] No improvement: current loss 1199.189272, best loss 1199.189372
2025-09-05 19:12:44,014 [INFO] H: 160, W: 150
2025-09-05 19:12:44,139 [INFO] [0 1 2 3 4 5 6]
2025-09-05 19:12:44,389 [INFO] y_target: [1 2 3 4 5 6 7]
2025-09-05 19:12:44,390 [INFO] y_predict: [0 1 2 3 4 5 6]
2025-09-05 19:12:44,584 [INFO] Epoch = 200 OA = 0.7920 Kappa = 0.7543 NMI = 0.7189
2025-09-05 19:12:44,795 [INFO] [200/300] loss 1199.19 | compact 7.02402 | spectral 19.4332 | recons_loss: 0.154585 | sparse_loss: 1.03247 | 
2025-09-05 19:12:44,795 [INFO] [Iter 200] LR: 0.00000001
2025-09-05 19:12:44,797 [INFO] Saving best model at iteration 200
2025-09-05 19:12:45,059 [INFO] [201/300] loss 1199.19 | compact 7.02402 | spectral 19.4332 | recons_loss: 0.154585 | sparse_loss: 1.03247 | 
2025-09-05 19:12:45,060 [INFO] [Iter 201] LR: 0.00000001
2025-09-05 19:12:45,062 [INFO] No improvement: current loss 1199.189260, best loss 1199.189266
2025-09-05 19:12:45,331 [INFO] [202/300] loss 1199.19 | compact 7.02402 | spectral 19.4332 | recons_loss: 0.154585 | sparse_loss: 1.03247 | 
2025-09-05 19:12:45,332 [INFO] [Iter 202] LR: 0.00000001
2025-09-05 19:12:45,333 [INFO] No improvement: current loss 1199.189255, best loss 1199.189266
2025-09-05 19:12:45,593 [INFO] [203/300] loss 1199.19 | compact 7.02402 | spectral 19.4332 | recons_loss: 0.154585 | sparse_loss: 1.03247 | 
2025-09-05 19:12:45,593 [INFO] [Iter 203] LR: 0.00000001
2025-09-05 19:12:45,595 [INFO] No improvement: current loss 1199.189250, best loss 1199.189266
2025-09-05 19:12:45,852 [INFO] [204/300] loss 1199.19 | compact 7.02402 | spectral 19.4332 | recons_loss: 0.154585 | sparse_loss: 1.03247 | 
2025-09-05 19:12:45,853 [INFO] [Iter 204] LR: 0.00000001
2025-09-05 19:12:45,855 [INFO] No improvement: current loss 1199.189246, best loss 1199.189266
2025-09-05 19:12:46,133 [INFO] [205/300] loss 1199.19 | compact 7.02402 | spectral 19.4332 | recons_loss: 0.154585 | sparse_loss: 1.03247 | 
2025-09-05 19:12:46,133 [INFO] [Iter 205] LR: 0.00000001
2025-09-05 19:12:46,134 [INFO] No improvement: current loss 1199.189242, best loss 1199.189266
2025-09-05 19:12:46,392 [INFO] [206/300] loss 1199.19 | compact 7.02402 | spectral 19.4332 | recons_loss: 0.154585 | sparse_loss: 1.03247 | 
2025-09-05 19:12:46,392 [INFO] [Iter 206] LR: 0.00000001
2025-09-05 19:12:46,394 [INFO] No improvement: current loss 1199.189239, best loss 1199.189266
2025-09-05 19:12:46,655 [INFO] [207/300] loss 1199.19 | compact 7.02402 | spectral 19.4332 | recons_loss: 0.154585 | sparse_loss: 1.03247 | 
2025-09-05 19:12:46,656 [INFO] [Iter 207] LR: 0.00000001
2025-09-05 19:12:46,658 [INFO] No improvement: current loss 1199.189236, best loss 1199.189266
2025-09-05 19:12:46,923 [INFO] [208/300] loss 1199.19 | compact 7.02402 | spectral 19.4332 | recons_loss: 0.154585 | sparse_loss: 1.03247 | 
2025-09-05 19:12:46,923 [INFO] [Iter 208] LR: 0.00000001
2025-09-05 19:12:46,925 [INFO] No improvement: current loss 1199.189233, best loss 1199.189266
2025-09-05 19:12:47,195 [INFO] [209/300] loss 1199.19 | compact 7.02402 | spectral 19.4332 | recons_loss: 0.154585 | sparse_loss: 1.03247 | 
2025-09-05 19:12:47,195 [INFO] [Iter 209] LR: 0.00000001
2025-09-05 19:12:47,198 [INFO] No improvement: current loss 1199.189231, best loss 1199.189266
2025-09-05 19:12:47,460 [INFO] [210/300] loss 1199.19 | compact 7.02402 | spectral 19.4332 | recons_loss: 0.154585 | sparse_loss: 1.03247 | 
2025-09-05 19:12:47,460 [INFO] [Iter 210] LR: 0.00000001
2025-09-05 19:12:47,462 [INFO] No improvement: current loss 1199.189229, best loss 1199.189266
2025-09-05 19:12:47,720 [INFO] [211/300] loss 1199.19 | compact 7.02402 | spectral 19.4332 | recons_loss: 0.154585 | sparse_loss: 1.03247 | 
2025-09-05 19:12:47,721 [INFO] [Iter 211] LR: 0.00000001
2025-09-05 19:12:47,724 [INFO] No improvement: current loss 1199.189227, best loss 1199.189266
2025-09-05 19:12:47,989 [INFO] [212/300] loss 1199.19 | compact 7.02402 | spectral 19.4332 | recons_loss: 0.154585 | sparse_loss: 1.03247 | 
2025-09-05 19:12:47,989 [INFO] [Iter 212] LR: 0.00000001
2025-09-05 19:12:47,991 [INFO] No improvement: current loss 1199.189225, best loss 1199.189266
2025-09-05 19:12:48,294 [INFO] [213/300] loss 1199.19 | compact 7.02402 | spectral 19.4332 | recons_loss: 0.154585 | sparse_loss: 1.03247 | 
2025-09-05 19:12:48,295 [INFO] [Iter 213] LR: 0.00000001
2025-09-05 19:12:48,298 [INFO] No improvement: current loss 1199.189223, best loss 1199.189266
2025-09-05 19:12:48,564 [INFO] [214/300] loss 1199.19 | compact 7.02402 | spectral 19.4332 | recons_loss: 0.154585 | sparse_loss: 1.03247 | 
2025-09-05 19:12:48,565 [INFO] [Iter 214] LR: 0.00000001
2025-09-05 19:12:48,567 [INFO] No improvement: current loss 1199.189222, best loss 1199.189266
2025-09-05 19:12:48,830 [INFO] [215/300] loss 1199.19 | compact 7.02402 | spectral 19.4332 | recons_loss: 0.154585 | sparse_loss: 1.03247 | 
2025-09-05 19:12:48,831 [INFO] [Iter 215] LR: 0.00000001
2025-09-05 19:12:48,832 [INFO] No improvement: current loss 1199.189221, best loss 1199.189266
2025-09-05 19:12:49,104 [INFO] [216/300] loss 1199.19 | compact 7.02402 | spectral 19.4332 | recons_loss: 0.154585 | sparse_loss: 1.03247 | 
2025-09-05 19:12:49,105 [INFO] [Iter 216] LR: 0.00000001
2025-09-05 19:12:49,107 [INFO] No improvement: current loss 1199.189219, best loss 1199.189266
2025-09-05 19:12:49,370 [INFO] [217/300] loss 1199.19 | compact 7.02402 | spectral 19.4332 | recons_loss: 0.154585 | sparse_loss: 1.03247 | 
2025-09-05 19:12:49,370 [INFO] [Iter 217] LR: 0.00000001
2025-09-05 19:12:49,371 [INFO] No improvement: current loss 1199.189218, best loss 1199.189266
2025-09-05 19:12:49,630 [INFO] [218/300] loss 1199.19 | compact 7.02402 | spectral 19.4332 | recons_loss: 0.154585 | sparse_loss: 1.03247 | 
2025-09-05 19:12:49,631 [INFO] [Iter 218] LR: 0.00000001
2025-09-05 19:12:49,632 [INFO] No improvement: current loss 1199.189217, best loss 1199.189266
2025-09-05 19:12:49,903 [INFO] [219/300] loss 1199.19 | compact 7.02402 | spectral 19.4332 | recons_loss: 0.154585 | sparse_loss: 1.03247 | 
2025-09-05 19:12:49,903 [INFO] [Iter 219] LR: 0.00000001
2025-09-05 19:12:49,905 [INFO] No improvement: current loss 1199.189217, best loss 1199.189266
2025-09-05 19:12:50,175 [INFO] [220/300] loss 1199.19 | compact 7.02402 | spectral 19.4332 | recons_loss: 0.154585 | sparse_loss: 1.03247 | 
2025-09-05 19:12:50,176 [INFO] [Iter 220] LR: 0.00000001
2025-09-05 19:12:50,178 [INFO] No improvement: current loss 1199.189216, best loss 1199.189266
2025-09-05 19:12:50,438 [INFO] [221/300] loss 1199.19 | compact 7.02402 | spectral 19.4332 | recons_loss: 0.154585 | sparse_loss: 1.03247 | 
2025-09-05 19:12:50,438 [INFO] [Iter 221] LR: 0.00000001
2025-09-05 19:12:50,440 [INFO] No improvement: current loss 1199.189215, best loss 1199.189266
2025-09-05 19:12:50,709 [INFO] [222/300] loss 1199.19 | compact 7.02402 | spectral 19.4332 | recons_loss: 0.154585 | sparse_loss: 1.03247 | 
2025-09-05 19:12:50,710 [INFO] [Iter 222] LR: 0.00000001
2025-09-05 19:12:50,711 [INFO] No improvement: current loss 1199.189215, best loss 1199.189266
2025-09-05 19:12:50,980 [INFO] [223/300] loss 1199.19 | compact 7.02402 | spectral 19.4332 | recons_loss: 0.154585 | sparse_loss: 1.03247 | 
2025-09-05 19:12:50,980 [INFO] [Iter 223] LR: 0.00000001
2025-09-05 19:12:50,984 [INFO] No improvement: current loss 1199.189214, best loss 1199.189266
2025-09-05 19:12:51,249 [INFO] [224/300] loss 1199.19 | compact 7.02402 | spectral 19.4332 | recons_loss: 0.154585 | sparse_loss: 1.03247 | 
2025-09-05 19:12:51,249 [INFO] [Iter 224] LR: 0.00000001
2025-09-05 19:12:51,251 [INFO] No improvement: current loss 1199.189214, best loss 1199.189266
2025-09-05 19:12:51,525 [INFO] [225/300] loss 1199.19 | compact 7.02402 | spectral 19.4332 | recons_loss: 0.154585 | sparse_loss: 1.03247 | 
2025-09-05 19:12:51,526 [INFO] [Iter 225] LR: 0.00000001
2025-09-05 19:12:51,528 [INFO] No improvement: current loss 1199.189213, best loss 1199.189266
2025-09-05 19:12:51,799 [INFO] [226/300] loss 1199.19 | compact 7.02402 | spectral 19.4332 | recons_loss: 0.154585 | sparse_loss: 1.03247 | 
2025-09-05 19:12:51,799 [INFO] [Iter 226] LR: 0.00000001
2025-09-05 19:12:51,800 [INFO] No improvement: current loss 1199.189213, best loss 1199.189266
2025-09-05 19:12:52,067 [INFO] [227/300] loss 1199.19 | compact 7.02402 | spectral 19.4332 | recons_loss: 0.154585 | sparse_loss: 1.03247 | 
2025-09-05 19:12:52,068 [INFO] [Iter 227] LR: 0.00000001
2025-09-05 19:12:52,069 [INFO] No improvement: current loss 1199.189212, best loss 1199.189266
2025-09-05 19:12:52,331 [INFO] [228/300] loss 1199.19 | compact 7.02402 | spectral 19.4332 | recons_loss: 0.154585 | sparse_loss: 1.03247 | 
2025-09-05 19:12:52,331 [INFO] [Iter 228] LR: 0.00000001
2025-09-05 19:12:52,332 [INFO] No improvement: current loss 1199.189212, best loss 1199.189266
2025-09-05 19:12:52,607 [INFO] [229/300] loss 1199.19 | compact 7.02402 | spectral 19.4332 | recons_loss: 0.154585 | sparse_loss: 1.03247 | 
2025-09-05 19:12:52,607 [INFO] [Iter 229] LR: 0.00000001
2025-09-05 19:12:52,609 [INFO] No improvement: current loss 1199.189212, best loss 1199.189266
2025-09-05 19:12:52,871 [INFO] [230/300] loss 1199.19 | compact 7.02402 | spectral 19.4332 | recons_loss: 0.154585 | sparse_loss: 1.03247 | 
2025-09-05 19:12:52,871 [INFO] [Iter 230] LR: 0.00000001
2025-09-05 19:12:52,874 [INFO] No improvement: current loss 1199.189211, best loss 1199.189266
2025-09-05 19:12:53,144 [INFO] [231/300] loss 1199.19 | compact 7.02402 | spectral 19.4332 | recons_loss: 0.154585 | sparse_loss: 1.03247 | 
2025-09-05 19:12:53,144 [INFO] [Iter 231] LR: 0.00000001
2025-09-05 19:12:53,146 [INFO] No improvement: current loss 1199.189211, best loss 1199.189266
2025-09-05 19:12:53,425 [INFO] [232/300] loss 1199.19 | compact 7.02402 | spectral 19.4332 | recons_loss: 0.154585 | sparse_loss: 1.03247 | 
2025-09-05 19:12:53,426 [INFO] [Iter 232] LR: 0.00000001
2025-09-05 19:12:53,427 [INFO] No improvement: current loss 1199.189211, best loss 1199.189266
2025-09-05 19:12:53,697 [INFO] [233/300] loss 1199.19 | compact 7.02402 | spectral 19.4332 | recons_loss: 0.154585 | sparse_loss: 1.03247 | 
2025-09-05 19:12:53,697 [INFO] [Iter 233] LR: 0.00000001
2025-09-05 19:12:53,698 [INFO] No improvement: current loss 1199.189211, best loss 1199.189266
2025-09-05 19:12:53,960 [INFO] [234/300] loss 1199.19 | compact 7.02402 | spectral 19.4332 | recons_loss: 0.154585 | sparse_loss: 1.03247 | 
2025-09-05 19:12:53,961 [INFO] [Iter 234] LR: 0.00000001
2025-09-05 19:12:53,962 [INFO] No improvement: current loss 1199.189211, best loss 1199.189266
2025-09-05 19:12:54,223 [INFO] [235/300] loss 1199.19 | compact 7.02402 | spectral 19.4332 | recons_loss: 0.154585 | sparse_loss: 1.03247 | 
2025-09-05 19:12:54,223 [INFO] [Iter 235] LR: 0.00000001
2025-09-05 19:12:54,224 [INFO] No improvement: current loss 1199.189210, best loss 1199.189266
2025-09-05 19:12:54,486 [INFO] [236/300] loss 1199.19 | compact 7.02402 | spectral 19.4332 | recons_loss: 0.154585 | sparse_loss: 1.03247 | 
2025-09-05 19:12:54,486 [INFO] [Iter 236] LR: 0.00000001
2025-09-05 19:12:54,487 [INFO] No improvement: current loss 1199.189210, best loss 1199.189266
2025-09-05 19:12:54,752 [INFO] [237/300] loss 1199.19 | compact 7.02402 | spectral 19.4332 | recons_loss: 0.154585 | sparse_loss: 1.03247 | 
2025-09-05 19:12:54,752 [INFO] [Iter 237] LR: 0.00000001
2025-09-05 19:12:54,754 [INFO] No improvement: current loss 1199.189210, best loss 1199.189266
2025-09-05 19:12:55,016 [INFO] [238/300] loss 1199.19 | compact 7.02402 | spectral 19.4332 | recons_loss: 0.154585 | sparse_loss: 1.03247 | 
2025-09-05 19:12:55,016 [INFO] [Iter 238] LR: 0.00000001
2025-09-05 19:12:55,018 [INFO] No improvement: current loss 1199.189210, best loss 1199.189266
2025-09-05 19:12:55,278 [INFO] [239/300] loss 1199.19 | compact 7.02402 | spectral 19.4332 | recons_loss: 0.154585 | sparse_loss: 1.03247 | 
2025-09-05 19:12:55,279 [INFO] [Iter 239] LR: 0.00000001
2025-09-05 19:12:55,281 [INFO] No improvement: current loss 1199.189210, best loss 1199.189266
2025-09-05 19:12:55,561 [INFO] [240/300] loss 1199.19 | compact 7.02402 | spectral 19.4332 | recons_loss: 0.154585 | sparse_loss: 1.03247 | 
2025-09-05 19:12:55,561 [INFO] [Iter 240] LR: 0.00000001
2025-09-05 19:12:55,562 [INFO] No improvement: current loss 1199.189210, best loss 1199.189266
2025-09-05 19:12:55,818 [INFO] [241/300] loss 1199.19 | compact 7.02402 | spectral 19.4332 | recons_loss: 0.154585 | sparse_loss: 1.03247 | 
2025-09-05 19:12:55,819 [INFO] [Iter 241] LR: 0.00000001
2025-09-05 19:12:55,820 [INFO] No improvement: current loss 1199.189210, best loss 1199.189266
2025-09-05 19:12:56,075 [INFO] [242/300] loss 1199.19 | compact 7.02402 | spectral 19.4332 | recons_loss: 0.154585 | sparse_loss: 1.03247 | 
2025-09-05 19:12:56,075 [INFO] [Iter 242] LR: 0.00000001
2025-09-05 19:12:56,076 [INFO] No improvement: current loss 1199.189210, best loss 1199.189266
2025-09-05 19:12:56,334 [INFO] [243/300] loss 1199.19 | compact 7.02402 | spectral 19.4332 | recons_loss: 0.154585 | sparse_loss: 1.03247 | 
2025-09-05 19:12:56,335 [INFO] [Iter 243] LR: 0.00000001
2025-09-05 19:12:56,336 [INFO] No improvement: current loss 1199.189210, best loss 1199.189266
2025-09-05 19:12:56,592 [INFO] [244/300] loss 1199.19 | compact 7.02402 | spectral 19.4332 | recons_loss: 0.154585 | sparse_loss: 1.03247 | 
2025-09-05 19:12:56,592 [INFO] [Iter 244] LR: 0.00000001
2025-09-05 19:12:56,594 [INFO] No improvement: current loss 1199.189210, best loss 1199.189266
2025-09-05 19:12:56,850 [INFO] [245/300] loss 1199.19 | compact 7.02402 | spectral 19.4332 | recons_loss: 0.154585 | sparse_loss: 1.03247 | 
2025-09-05 19:12:56,851 [INFO] [Iter 245] LR: 0.00000001
2025-09-05 19:12:56,852 [INFO] No improvement: current loss 1199.189209, best loss 1199.189266
2025-09-05 19:12:57,107 [INFO] [246/300] loss 1199.19 | compact 7.02402 | spectral 19.4332 | recons_loss: 0.154585 | sparse_loss: 1.03247 | 
2025-09-05 19:12:57,108 [INFO] [Iter 246] LR: 0.00000001
2025-09-05 19:12:57,109 [INFO] No improvement: current loss 1199.189209, best loss 1199.189266
2025-09-05 19:12:57,384 [INFO] [247/300] loss 1199.19 | compact 7.02402 | spectral 19.4332 | recons_loss: 0.154585 | sparse_loss: 1.03247 | 
2025-09-05 19:12:57,385 [INFO] [Iter 247] LR: 0.00000001
2025-09-05 19:12:57,387 [INFO] No improvement: current loss 1199.189209, best loss 1199.189266
2025-09-05 19:12:57,648 [INFO] [248/300] loss 1199.19 | compact 7.02402 | spectral 19.4332 | recons_loss: 0.154585 | sparse_loss: 1.03247 | 
2025-09-05 19:12:57,649 [INFO] [Iter 248] LR: 0.00000001
2025-09-05 19:12:57,650 [INFO] No improvement: current loss 1199.189209, best loss 1199.189266
2025-09-05 19:12:57,909 [INFO] [249/300] loss 1199.19 | compact 7.02402 | spectral 19.4332 | recons_loss: 0.154585 | sparse_loss: 1.03247 | 
2025-09-05 19:12:57,909 [INFO] [Iter 249] LR: 0.00000001
2025-09-05 19:12:57,910 [INFO] No improvement: current loss 1199.189209, best loss 1199.189266
2025-09-05 19:12:57,973 [INFO] H: 160, W: 150
2025-09-05 19:12:58,082 [INFO] [0 1 2 3 4 5 6]
2025-09-05 19:12:58,235 [INFO] y_target: [1 2 3 4 5 6 7]
2025-09-05 19:12:58,236 [INFO] y_predict: [0 1 2 3 4 5 6]
2025-09-05 19:12:58,444 [INFO] Epoch = 250 OA = 0.7920 Kappa = 0.7543 NMI = 0.7189
2025-09-05 19:12:58,653 [INFO] [250/300] loss 1199.19 | compact 7.02402 | spectral 19.4332 | recons_loss: 0.154585 | sparse_loss: 1.03247 | 
2025-09-05 19:12:58,653 [INFO] [Iter 250] LR: 0.00000001
2025-09-05 19:12:58,655 [INFO] No improvement: current loss 1199.189209, best loss 1199.189266
2025-09-05 19:12:58,912 [INFO] [251/300] loss 1199.19 | compact 7.02402 | spectral 19.4332 | recons_loss: 0.154585 | sparse_loss: 1.03247 | 
2025-09-05 19:12:58,912 [INFO] [Iter 251] LR: 0.00000001
2025-09-05 19:12:58,913 [INFO] No improvement: current loss 1199.189209, best loss 1199.189266
2025-09-05 19:12:59,169 [INFO] [252/300] loss 1199.19 | compact 7.02402 | spectral 19.4332 | recons_loss: 0.154585 | sparse_loss: 1.03247 | 
2025-09-05 19:12:59,170 [INFO] [Iter 252] LR: 0.00000001
2025-09-05 19:12:59,171 [INFO] No improvement: current loss 1199.189209, best loss 1199.189266
2025-09-05 19:12:59,438 [INFO] [253/300] loss 1199.19 | compact 7.02402 | spectral 19.4332 | recons_loss: 0.154585 | sparse_loss: 1.03247 | 
2025-09-05 19:12:59,438 [INFO] [Iter 253] LR: 0.00000001
2025-09-05 19:12:59,439 [INFO] No improvement: current loss 1199.189209, best loss 1199.189266
2025-09-05 19:12:59,697 [INFO] [254/300] loss 1199.19 | compact 7.02402 | spectral 19.4332 | recons_loss: 0.154585 | sparse_loss: 1.03247 | 
2025-09-05 19:12:59,701 [INFO] [Iter 254] LR: 0.00000001
2025-09-05 19:12:59,702 [INFO] No improvement: current loss 1199.189209, best loss 1199.189266
2025-09-05 19:12:59,986 [INFO] [255/300] loss 1199.19 | compact 7.02402 | spectral 19.4332 | recons_loss: 0.154585 | sparse_loss: 1.03247 | 
2025-09-05 19:12:59,986 [INFO] [Iter 255] LR: 0.00000001
2025-09-05 19:12:59,988 [INFO] No improvement: current loss 1199.189209, best loss 1199.189266
2025-09-05 19:13:00,252 [INFO] [256/300] loss 1199.19 | compact 7.02402 | spectral 19.4332 | recons_loss: 0.154585 | sparse_loss: 1.03247 | 
2025-09-05 19:13:00,252 [INFO] [Iter 256] LR: 0.00000001
2025-09-05 19:13:00,253 [INFO] No improvement: current loss 1199.189209, best loss 1199.189266
2025-09-05 19:13:00,508 [INFO] [257/300] loss 1199.19 | compact 7.02402 | spectral 19.4332 | recons_loss: 0.154585 | sparse_loss: 1.03247 | 
2025-09-05 19:13:00,509 [INFO] [Iter 257] LR: 0.00000001
2025-09-05 19:13:00,511 [INFO] No improvement: current loss 1199.189209, best loss 1199.189266
2025-09-05 19:13:00,773 [INFO] [258/300] loss 1199.19 | compact 7.02402 | spectral 19.4332 | recons_loss: 0.154585 | sparse_loss: 1.03247 | 
2025-09-05 19:13:00,774 [INFO] [Iter 258] LR: 0.00000001
2025-09-05 19:13:00,775 [INFO] No improvement: current loss 1199.189209, best loss 1199.189266
2025-09-05 19:13:01,031 [INFO] [259/300] loss 1199.19 | compact 7.02402 | spectral 19.4332 | recons_loss: 0.154585 | sparse_loss: 1.03247 | 
2025-09-05 19:13:01,032 [INFO] [Iter 259] LR: 0.00000001
2025-09-05 19:13:01,033 [INFO] No improvement: current loss 1199.189209, best loss 1199.189266
2025-09-05 19:13:01,312 [INFO] [260/300] loss 1199.19 | compact 7.02402 | spectral 19.4332 | recons_loss: 0.154585 | sparse_loss: 1.03247 | 
2025-09-05 19:13:01,313 [INFO] [Iter 260] LR: 0.00000001
2025-09-05 19:13:01,314 [INFO] No improvement: current loss 1199.189209, best loss 1199.189266
2025-09-05 19:13:01,574 [INFO] [261/300] loss 1199.19 | compact 7.02402 | spectral 19.4332 | recons_loss: 0.154585 | sparse_loss: 1.03247 | 
2025-09-05 19:13:01,575 [INFO] [Iter 261] LR: 0.00000001
2025-09-05 19:13:01,576 [INFO] No improvement: current loss 1199.189209, best loss 1199.189266
2025-09-05 19:13:01,847 [INFO] [262/300] loss 1199.19 | compact 7.02402 | spectral 19.4332 | recons_loss: 0.154585 | sparse_loss: 1.03247 | 
2025-09-05 19:13:01,848 [INFO] [Iter 262] LR: 0.00000001
2025-09-05 19:13:01,850 [INFO] No improvement: current loss 1199.189209, best loss 1199.189266
2025-09-05 19:13:02,108 [INFO] [263/300] loss 1199.19 | compact 7.02402 | spectral 19.4332 | recons_loss: 0.154585 | sparse_loss: 1.03247 | 
2025-09-05 19:13:02,109 [INFO] [Iter 263] LR: 0.00000001
2025-09-05 19:13:02,110 [INFO] No improvement: current loss 1199.189209, best loss 1199.189266
2025-09-05 19:13:02,366 [INFO] [264/300] loss 1199.19 | compact 7.02402 | spectral 19.4332 | recons_loss: 0.154585 | sparse_loss: 1.03247 | 
2025-09-05 19:13:02,366 [INFO] [Iter 264] LR: 0.00000001
2025-09-05 19:13:02,367 [INFO] No improvement: current loss 1199.189209, best loss 1199.189266
2025-09-05 19:13:02,625 [INFO] [265/300] loss 1199.19 | compact 7.02402 | spectral 19.4332 | recons_loss: 0.154585 | sparse_loss: 1.03247 | 
2025-09-05 19:13:02,625 [INFO] [Iter 265] LR: 0.00000001
2025-09-05 19:13:02,626 [INFO] No improvement: current loss 1199.189209, best loss 1199.189266
2025-09-05 19:13:02,881 [INFO] [266/300] loss 1199.19 | compact 7.02402 | spectral 19.4332 | recons_loss: 0.154585 | sparse_loss: 1.03247 | 
2025-09-05 19:13:02,881 [INFO] [Iter 266] LR: 0.00000001
2025-09-05 19:13:02,882 [INFO] No improvement: current loss 1199.189209, best loss 1199.189266
2025-09-05 19:13:03,143 [INFO] [267/300] loss 1199.19 | compact 7.02402 | spectral 19.4332 | recons_loss: 0.154585 | sparse_loss: 1.03247 | 
2025-09-05 19:13:03,144 [INFO] [Iter 267] LR: 0.00000001
2025-09-05 19:13:03,145 [INFO] No improvement: current loss 1199.189209, best loss 1199.189266
2025-09-05 19:13:03,401 [INFO] [268/300] loss 1199.19 | compact 7.02402 | spectral 19.4332 | recons_loss: 0.154585 | sparse_loss: 1.03247 | 
2025-09-05 19:13:03,402 [INFO] [Iter 268] LR: 0.00000001
2025-09-05 19:13:03,403 [INFO] No improvement: current loss 1199.189209, best loss 1199.189266
2025-09-05 19:13:03,661 [INFO] [269/300] loss 1199.19 | compact 7.02402 | spectral 19.4332 | recons_loss: 0.154585 | sparse_loss: 1.03247 | 
2025-09-05 19:13:03,661 [INFO] [Iter 269] LR: 0.00000001
2025-09-05 19:13:03,662 [INFO] No improvement: current loss 1199.189209, best loss 1199.189266
2025-09-05 19:13:03,919 [INFO] [270/300] loss 1199.19 | compact 7.02402 | spectral 19.4332 | recons_loss: 0.154585 | sparse_loss: 1.03247 | 
2025-09-05 19:13:03,919 [INFO] [Iter 270] LR: 0.00000001
2025-09-05 19:13:03,920 [INFO] No improvement: current loss 1199.189209, best loss 1199.189266
2025-09-05 19:13:04,184 [INFO] [271/300] loss 1199.19 | compact 7.02402 | spectral 19.4332 | recons_loss: 0.154585 | sparse_loss: 1.03247 | 
2025-09-05 19:13:04,185 [INFO] [Iter 271] LR: 0.00000001
2025-09-05 19:13:04,188 [INFO] No improvement: current loss 1199.189209, best loss 1199.189266
2025-09-05 19:13:04,473 [INFO] [272/300] loss 1199.19 | compact 7.02402 | spectral 19.4332 | recons_loss: 0.154585 | sparse_loss: 1.03247 | 
2025-09-05 19:13:04,474 [INFO] [Iter 272] LR: 0.00000001
2025-09-05 19:13:04,475 [INFO] No improvement: current loss 1199.189209, best loss 1199.189266
2025-09-05 19:13:04,736 [INFO] [273/300] loss 1199.19 | compact 7.02402 | spectral 19.4332 | recons_loss: 0.154585 | sparse_loss: 1.03247 | 
2025-09-05 19:13:04,737 [INFO] [Iter 273] LR: 0.00000001
2025-09-05 19:13:04,739 [INFO] No improvement: current loss 1199.189209, best loss 1199.189266
2025-09-05 19:13:05,017 [INFO] [274/300] loss 1199.19 | compact 7.02402 | spectral 19.4332 | recons_loss: 0.154585 | sparse_loss: 1.03247 | 
2025-09-05 19:13:05,018 [INFO] [Iter 274] LR: 0.00000001
2025-09-05 19:13:05,019 [INFO] No improvement: current loss 1199.189209, best loss 1199.189266
2025-09-05 19:13:05,278 [INFO] [275/300] loss 1199.19 | compact 7.02402 | spectral 19.4332 | recons_loss: 0.154585 | sparse_loss: 1.03247 | 
2025-09-05 19:13:05,279 [INFO] [Iter 275] LR: 0.00000001
2025-09-05 19:13:05,282 [INFO] No improvement: current loss 1199.189209, best loss 1199.189266
2025-09-05 19:13:05,541 [INFO] [276/300] loss 1199.19 | compact 7.02402 | spectral 19.4332 | recons_loss: 0.154585 | sparse_loss: 1.03247 | 
2025-09-05 19:13:05,541 [INFO] [Iter 276] LR: 0.00000001
2025-09-05 19:13:05,543 [INFO] No improvement: current loss 1199.189209, best loss 1199.189266
2025-09-05 19:13:05,804 [INFO] [277/300] loss 1199.19 | compact 7.02402 | spectral 19.4332 | recons_loss: 0.154585 | sparse_loss: 1.03247 | 
2025-09-05 19:13:05,804 [INFO] [Iter 277] LR: 0.00000001
2025-09-05 19:13:05,805 [INFO] No improvement: current loss 1199.189209, best loss 1199.189266
2025-09-05 19:13:06,064 [INFO] [278/300] loss 1199.19 | compact 7.02402 | spectral 19.4332 | recons_loss: 0.154585 | sparse_loss: 1.03247 | 
2025-09-05 19:13:06,064 [INFO] [Iter 278] LR: 0.00000001
2025-09-05 19:13:06,067 [INFO] No improvement: current loss 1199.189209, best loss 1199.189266
2025-09-05 19:13:06,333 [INFO] [279/300] loss 1199.19 | compact 7.02402 | spectral 19.4332 | recons_loss: 0.154585 | sparse_loss: 1.03247 | 
2025-09-05 19:13:06,333 [INFO] [Iter 279] LR: 0.00000001
2025-09-05 19:13:06,335 [INFO] No improvement: current loss 1199.189209, best loss 1199.189266
2025-09-05 19:13:06,593 [INFO] [280/300] loss 1199.19 | compact 7.02402 | spectral 19.4332 | recons_loss: 0.154585 | sparse_loss: 1.03247 | 
2025-09-05 19:13:06,594 [INFO] [Iter 280] LR: 0.00000001
2025-09-05 19:13:06,595 [INFO] No improvement: current loss 1199.189209, best loss 1199.189266
2025-09-05 19:13:06,852 [INFO] [281/300] loss 1199.19 | compact 7.02402 | spectral 19.4332 | recons_loss: 0.154585 | sparse_loss: 1.03247 | 
2025-09-05 19:13:06,852 [INFO] [Iter 281] LR: 0.00000001
2025-09-05 19:13:06,853 [INFO] No improvement: current loss 1199.189209, best loss 1199.189266
2025-09-05 19:13:07,111 [INFO] [282/300] loss 1199.19 | compact 7.02402 | spectral 19.4332 | recons_loss: 0.154585 | sparse_loss: 1.03247 | 
2025-09-05 19:13:07,112 [INFO] [Iter 282] LR: 0.00000001
2025-09-05 19:13:07,114 [INFO] No improvement: current loss 1199.189209, best loss 1199.189266
2025-09-05 19:13:07,371 [INFO] [283/300] loss 1199.19 | compact 7.02402 | spectral 19.4332 | recons_loss: 0.154585 | sparse_loss: 1.03247 | 
2025-09-05 19:13:07,372 [INFO] [Iter 283] LR: 0.00000001
2025-09-05 19:13:07,374 [INFO] No improvement: current loss 1199.189209, best loss 1199.189266
2025-09-05 19:13:07,631 [INFO] [284/300] loss 1199.19 | compact 7.02402 | spectral 19.4332 | recons_loss: 0.154585 | sparse_loss: 1.03247 | 
2025-09-05 19:13:07,631 [INFO] [Iter 284] LR: 0.00000001
2025-09-05 19:13:07,632 [INFO] No improvement: current loss 1199.189209, best loss 1199.189266
2025-09-05 19:13:07,890 [INFO] [285/300] loss 1199.19 | compact 7.02402 | spectral 19.4332 | recons_loss: 0.154585 | sparse_loss: 1.03247 | 
2025-09-05 19:13:07,890 [INFO] [Iter 285] LR: 0.00000001
2025-09-05 19:13:07,892 [INFO] No improvement: current loss 1199.189209, best loss 1199.189266
2025-09-05 19:13:08,156 [INFO] [286/300] loss 1199.19 | compact 7.02402 | spectral 19.4332 | recons_loss: 0.154585 | sparse_loss: 1.03247 | 
2025-09-05 19:13:08,157 [INFO] [Iter 286] LR: 0.00000001
2025-09-05 19:13:08,158 [INFO] No improvement: current loss 1199.189209, best loss 1199.189266
2025-09-05 19:13:08,417 [INFO] [287/300] loss 1199.19 | compact 7.02402 | spectral 19.4332 | recons_loss: 0.154585 | sparse_loss: 1.03247 | 
2025-09-05 19:13:08,418 [INFO] [Iter 287] LR: 0.00000001
2025-09-05 19:13:08,419 [INFO] No improvement: current loss 1199.189209, best loss 1199.189266
2025-09-05 19:13:08,679 [INFO] [288/300] loss 1199.19 | compact 7.02402 | spectral 19.4332 | recons_loss: 0.154585 | sparse_loss: 1.03247 | 
2025-09-05 19:13:08,679 [INFO] [Iter 288] LR: 0.00000001
2025-09-05 19:13:08,680 [INFO] No improvement: current loss 1199.189209, best loss 1199.189266
2025-09-05 19:13:08,936 [INFO] [289/300] loss 1199.19 | compact 7.02402 | spectral 19.4332 | recons_loss: 0.154585 | sparse_loss: 1.03247 | 
2025-09-05 19:13:08,937 [INFO] [Iter 289] LR: 0.00000001
2025-09-05 19:13:08,938 [INFO] No improvement: current loss 1199.189209, best loss 1199.189266
2025-09-05 19:13:09,193 [INFO] [290/300] loss 1199.19 | compact 7.02402 | spectral 19.4332 | recons_loss: 0.154585 | sparse_loss: 1.03247 | 
2025-09-05 19:13:09,194 [INFO] [Iter 290] LR: 0.00000001
2025-09-05 19:13:09,195 [INFO] No improvement: current loss 1199.189209, best loss 1199.189266
2025-09-05 19:13:09,454 [INFO] [291/300] loss 1199.19 | compact 7.02402 | spectral 19.4332 | recons_loss: 0.154585 | sparse_loss: 1.03247 | 
2025-09-05 19:13:09,455 [INFO] [Iter 291] LR: 0.00000001
2025-09-05 19:13:09,456 [INFO] No improvement: current loss 1199.189209, best loss 1199.189266
2025-09-05 19:13:09,729 [INFO] [292/300] loss 1199.19 | compact 7.02402 | spectral 19.4332 | recons_loss: 0.154585 | sparse_loss: 1.03247 | 
2025-09-05 19:13:09,729 [INFO] [Iter 292] LR: 0.00000001
2025-09-05 19:13:09,731 [INFO] No improvement: current loss 1199.189209, best loss 1199.189266
2025-09-05 19:13:09,987 [INFO] [293/300] loss 1199.19 | compact 7.02402 | spectral 19.4332 | recons_loss: 0.154585 | sparse_loss: 1.03247 | 
2025-09-05 19:13:09,987 [INFO] [Iter 293] LR: 0.00000001
2025-09-05 19:13:09,989 [INFO] No improvement: current loss 1199.189209, best loss 1199.189266
2025-09-05 19:13:10,247 [INFO] [294/300] loss 1199.19 | compact 7.02402 | spectral 19.4332 | recons_loss: 0.154585 | sparse_loss: 1.03247 | 
2025-09-05 19:13:10,248 [INFO] [Iter 294] LR: 0.00000001
2025-09-05 19:13:10,249 [INFO] No improvement: current loss 1199.189209, best loss 1199.189266
2025-09-05 19:13:10,507 [INFO] [295/300] loss 1199.19 | compact 7.02402 | spectral 19.4332 | recons_loss: 0.154585 | sparse_loss: 1.03247 | 
2025-09-05 19:13:10,507 [INFO] [Iter 295] LR: 0.00000001
2025-09-05 19:13:10,509 [INFO] No improvement: current loss 1199.189209, best loss 1199.189266
2025-09-05 19:13:10,767 [INFO] [296/300] loss 1199.19 | compact 7.02402 | spectral 19.4332 | recons_loss: 0.154585 | sparse_loss: 1.03247 | 
2025-09-05 19:13:10,767 [INFO] [Iter 296] LR: 0.00000001
2025-09-05 19:13:10,770 [INFO] No improvement: current loss 1199.189209, best loss 1199.189266
2025-09-05 19:13:11,028 [INFO] [297/300] loss 1199.19 | compact 7.02402 | spectral 19.4332 | recons_loss: 0.154585 | sparse_loss: 1.03247 | 
2025-09-05 19:13:11,028 [INFO] [Iter 297] LR: 0.00000001
2025-09-05 19:13:11,031 [INFO] No improvement: current loss 1199.189209, best loss 1199.189266
2025-09-05 19:13:11,291 [INFO] [298/300] loss 1199.19 | compact 7.02402 | spectral 19.4332 | recons_loss: 0.154585 | sparse_loss: 1.03247 | 
2025-09-05 19:13:11,291 [INFO] [Iter 298] LR: 0.00000001
2025-09-05 19:13:11,293 [INFO] No improvement: current loss 1199.189209, best loss 1199.189266
2025-09-05 19:13:11,353 [INFO] H: 160, W: 150
2025-09-05 19:13:11,469 [INFO] [0 1 2 3 4 5 6]
2025-09-05 19:13:11,619 [INFO] y_target: [1 2 3 4 5 6 7]
2025-09-05 19:13:11,620 [INFO] y_predict: [0 1 2 3 4 5 6]
2025-09-05 19:13:11,779 [INFO] Epoch = 299 OA = 0.7920 Kappa = 0.7543 NMI = 0.7189
2025-09-05 19:13:11,990 [INFO] [299/300] loss 1199.19 | compact 7.02402 | spectral 19.4332 | recons_loss: 0.154585 | sparse_loss: 1.03247 | 
2025-09-05 19:13:11,990 [INFO] [Iter 299] LR: 0.00000001
2025-09-05 19:13:11,992 [INFO] No improvement: current loss 1199.189209, best loss 1199.189266
2025-09-05 19:13:11,993 [INFO] Training finished. Best model loaded.
