2025-09-05 18:57:08,395 [INFO] ========== Training Configuration ==========
2025-09-05 18:57:08,395 [INFO] out_dir: ./log
2025-09-05 18:57:08,396 [INFO] lr: 0.1
2025-09-05 18:57:08,396 [INFO] train_iter: 300
2025-09-05 18:57:08,396 [INFO] niter: 5
2025-09-05 18:57:08,396 [INFO] nspix: 300
2025-09-05 18:57:08,396 [INFO] weight: weight
2025-09-05 18:57:08,396 [INFO] weight_representation: 155.0
2025-09-05 18:57:08,396 [INFO] weight_noise: 50.0
2025-09-05 18:57:08,396 [INFO] dataset: urban
2025-09-05 18:57:08,396 [INFO] device: cuda:0
2025-09-05 18:57:08,396 [INFO] log: urban1
2025-09-05 18:57:08,396 [INFO] ============================================
2025-09-05 18:57:30,599 [INFO] H: 160, W: 150
2025-09-05 18:57:30,821 [INFO] [0 1 2 3 4 5 6]
2025-09-05 18:57:32,887 [INFO] y_target: [1 2 3 4 5 6 7]
2025-09-05 18:57:32,888 [INFO] y_predict: [0 1 2 3 4 5 6]
2025-09-05 18:57:33,066 [INFO] Epoch = 0 OA = 0.8095 Kappa = 0.7746 NMI = 0.7239
2025-09-05 18:57:33,687 [INFO] [0/300] loss 1043.86 | compact 6.9117 | spectral 19.6366 | recons_loss: 0.235515 | sparse_loss: 1.04431 | 
2025-09-05 18:57:33,688 [INFO] [Iter 0] LR: 0.10000000
2025-09-05 18:57:33,690 [INFO] Saving best model at iteration 0
2025-09-05 18:57:33,950 [INFO] [1/300] loss 1043.43 | compact 6.91312 | spectral 19.6255 | recons_loss: 0.234584 | sparse_loss: 1.04427 | 
2025-09-05 18:57:33,950 [INFO] [Iter 1] LR: 0.10000000
2025-09-05 18:57:33,952 [INFO] Saving best model at iteration 1
2025-09-05 18:57:34,207 [INFO] [2/300] loss 1042.65 | compact 6.91644 | spectral 19.6004 | recons_loss: 0.232928 | sparse_loss: 1.0441 | 
2025-09-05 18:57:34,207 [INFO] [Iter 2] LR: 0.10000000
2025-09-05 18:57:34,209 [INFO] Saving best model at iteration 2
2025-09-05 18:57:34,472 [INFO] [3/300] loss 1041.66 | compact 6.91968 | spectral 19.5686 | recons_loss: 0.230767 | sparse_loss: 1.04379 | 
2025-09-05 18:57:34,472 [INFO] [Iter 3] LR: 0.10000000
2025-09-05 18:57:34,473 [INFO] Saving best model at iteration 3
2025-09-05 18:57:34,729 [INFO] [4/300] loss 1040.55 | compact 6.92142 | spectral 19.5418 | recons_loss: 0.228221 | sparse_loss: 1.04343 | 
2025-09-05 18:57:34,730 [INFO] [Iter 4] LR: 0.10000000
2025-09-05 18:57:34,731 [INFO] Saving best model at iteration 4
2025-09-05 18:57:34,991 [INFO] [5/300] loss 1039.39 | compact 6.91816 | spectral 19.5204 | recons_loss: 0.225385 | sparse_loss: 1.04307 | 
2025-09-05 18:57:34,992 [INFO] [Iter 5] LR: 0.10000000
2025-09-05 18:57:34,994 [INFO] Saving best model at iteration 5
2025-09-05 18:57:35,263 [INFO] [6/300] loss 1038.19 | compact 6.91634 | spectral 19.4975 | recons_loss: 0.22238 | sparse_loss: 1.04272 | 
2025-09-05 18:57:35,263 [INFO] [Iter 6] LR: 0.10000000
2025-09-05 18:57:35,264 [INFO] Saving best model at iteration 6
2025-09-05 18:57:35,536 [INFO] [7/300] loss 1037 | compact 6.91495 | spectral 19.4722 | recons_loss: 0.219277 | sparse_loss: 1.04237 | 
2025-09-05 18:57:35,536 [INFO] [Iter 7] LR: 0.10000000
2025-09-05 18:57:35,537 [INFO] Saving best model at iteration 7
2025-09-05 18:57:35,805 [INFO] [8/300] loss 1035.82 | compact 6.9142 | spectral 19.4333 | recons_loss: 0.216125 | sparse_loss: 1.04198 | 
2025-09-05 18:57:35,806 [INFO] [Iter 8] LR: 0.10000000
2025-09-05 18:57:35,808 [INFO] Saving best model at iteration 8
2025-09-05 18:57:36,069 [INFO] [9/300] loss 1034.67 | compact 6.91199 | spectral 19.4008 | recons_loss: 0.212981 | sparse_loss: 1.0416 | 
2025-09-05 18:57:36,070 [INFO] [Iter 9] LR: 0.10000000
2025-09-05 18:57:36,071 [INFO] Saving best model at iteration 9
2025-09-05 18:57:36,330 [INFO] [10/300] loss 1033.57 | compact 6.90599 | spectral 19.3714 | recons_loss: 0.209893 | sparse_loss: 1.0412 | 
2025-09-05 18:57:36,331 [INFO] [Iter 10] LR: 0.10000000
2025-09-05 18:57:36,332 [INFO] Saving best model at iteration 10
2025-09-05 18:57:36,600 [INFO] [11/300] loss 1032.54 | compact 6.9037 | spectral 19.3428 | recons_loss: 0.206917 | sparse_loss: 1.04081 | 
2025-09-05 18:57:36,600 [INFO] [Iter 11] LR: 0.10000000
2025-09-05 18:57:36,602 [INFO] Saving best model at iteration 11
2025-09-05 18:57:36,863 [INFO] [12/300] loss 1031.54 | compact 6.89907 | spectral 19.3134 | recons_loss: 0.204032 | sparse_loss: 1.04045 | 
2025-09-05 18:57:36,863 [INFO] [Iter 12] LR: 0.10000000
2025-09-05 18:57:36,865 [INFO] Saving best model at iteration 12
2025-09-05 18:57:37,130 [INFO] [13/300] loss 1030.6 | compact 6.89367 | spectral 19.2905 | recons_loss: 0.201264 | sparse_loss: 1.04011 | 
2025-09-05 18:57:37,130 [INFO] [Iter 13] LR: 0.10000000
2025-09-05 18:57:37,131 [INFO] Saving best model at iteration 13
2025-09-05 18:57:37,392 [INFO] [14/300] loss 1029.71 | compact 6.89021 | spectral 19.27 | recons_loss: 0.198625 | sparse_loss: 1.0398 | 
2025-09-05 18:57:37,393 [INFO] [Iter 14] LR: 0.10000000
2025-09-05 18:57:37,395 [INFO] Saving best model at iteration 14
2025-09-05 18:57:37,654 [INFO] [15/300] loss 1028.88 | compact 6.89038 | spectral 19.2459 | recons_loss: 0.196128 | sparse_loss: 1.03952 | 
2025-09-05 18:57:37,655 [INFO] [Iter 15] LR: 0.10000000
2025-09-05 18:57:37,657 [INFO] Saving best model at iteration 15
2025-09-05 18:57:37,921 [INFO] [16/300] loss 1028.07 | compact 6.89066 | spectral 19.2228 | recons_loss: 0.193767 | sparse_loss: 1.03924 | 
2025-09-05 18:57:37,922 [INFO] [Iter 16] LR: 0.10000000
2025-09-05 18:57:37,924 [INFO] Saving best model at iteration 16
2025-09-05 18:57:38,183 [INFO] [17/300] loss 1027.29 | compact 6.89001 | spectral 19.2027 | recons_loss: 0.191543 | sparse_loss: 1.03896 | 
2025-09-05 18:57:38,183 [INFO] [Iter 17] LR: 0.10000000
2025-09-05 18:57:38,184 [INFO] Saving best model at iteration 17
2025-09-05 18:57:38,441 [INFO] [18/300] loss 1026.57 | compact 6.8891 | spectral 19.1852 | recons_loss: 0.189466 | sparse_loss: 1.0387 | 
2025-09-05 18:57:38,442 [INFO] [Iter 18] LR: 0.10000000
2025-09-05 18:57:38,444 [INFO] Saving best model at iteration 18
2025-09-05 18:57:38,702 [INFO] [19/300] loss 1025.88 | compact 6.89038 | spectral 19.1669 | recons_loss: 0.187547 | sparse_loss: 1.03845 | 
2025-09-05 18:57:38,703 [INFO] [Iter 19] LR: 0.10000000
2025-09-05 18:57:38,705 [INFO] Saving best model at iteration 19
2025-09-05 18:57:38,968 [INFO] [20/300] loss 1025.23 | compact 6.88915 | spectral 19.1525 | recons_loss: 0.185757 | sparse_loss: 1.0382 | 
2025-09-05 18:57:38,969 [INFO] [Iter 20] LR: 0.10000000
2025-09-05 18:57:38,971 [INFO] Saving best model at iteration 20
2025-09-05 18:57:39,230 [INFO] [21/300] loss 1024.62 | compact 6.89054 | spectral 19.1452 | recons_loss: 0.184116 | sparse_loss: 1.03797 | 
2025-09-05 18:57:39,231 [INFO] [Iter 21] LR: 0.10000000
2025-09-05 18:57:39,232 [INFO] Saving best model at iteration 21
2025-09-05 18:57:39,489 [INFO] [22/300] loss 1024.05 | compact 6.89411 | spectral 19.1348 | recons_loss: 0.182566 | sparse_loss: 1.03778 | 
2025-09-05 18:57:39,490 [INFO] [Iter 22] LR: 0.10000000
2025-09-05 18:57:39,492 [INFO] Saving best model at iteration 22
2025-09-05 18:57:39,763 [INFO] [23/300] loss 1023.5 | compact 6.89847 | spectral 19.1246 | recons_loss: 0.181155 | sparse_loss: 1.03759 | 
2025-09-05 18:57:39,764 [INFO] [Iter 23] LR: 0.10000000
2025-09-05 18:57:39,765 [INFO] Saving best model at iteration 23
2025-09-05 18:57:40,022 [INFO] [24/300] loss 1023 | compact 6.90317 | spectral 19.1316 | recons_loss: 0.17985 | sparse_loss: 1.03743 | 
2025-09-05 18:57:40,023 [INFO] [Iter 24] LR: 0.10000000
2025-09-05 18:57:40,025 [INFO] Saving best model at iteration 24
2025-09-05 18:57:40,284 [INFO] [25/300] loss 1022.5 | compact 6.90205 | spectral 19.1305 | recons_loss: 0.17864 | sparse_loss: 1.03727 | 
2025-09-05 18:57:40,284 [INFO] [Iter 25] LR: 0.10000000
2025-09-05 18:57:40,285 [INFO] Saving best model at iteration 25
2025-09-05 18:57:40,541 [INFO] [26/300] loss 1022.04 | compact 6.90084 | spectral 19.1322 | recons_loss: 0.177521 | sparse_loss: 1.03712 | 
2025-09-05 18:57:40,542 [INFO] [Iter 26] LR: 0.10000000
2025-09-05 18:57:40,544 [INFO] Saving best model at iteration 26
2025-09-05 18:57:40,800 [INFO] [27/300] loss 1021.61 | compact 6.90061 | spectral 19.1341 | recons_loss: 0.17649 | sparse_loss: 1.03697 | 
2025-09-05 18:57:40,800 [INFO] [Iter 27] LR: 0.10000000
2025-09-05 18:57:40,802 [INFO] Saving best model at iteration 27
2025-09-05 18:57:41,058 [INFO] [28/300] loss 1021.19 | compact 6.90182 | spectral 19.1336 | recons_loss: 0.175538 | sparse_loss: 1.03683 | 
2025-09-05 18:57:41,058 [INFO] [Iter 28] LR: 0.10000000
2025-09-05 18:57:41,060 [INFO] Saving best model at iteration 28
2025-09-05 18:57:41,317 [INFO] [29/300] loss 1020.82 | compact 6.90008 | spectral 19.1444 | recons_loss: 0.174686 | sparse_loss: 1.0367 | 
2025-09-05 18:57:41,317 [INFO] [Iter 29] LR: 0.10000000
2025-09-05 18:57:41,318 [INFO] Saving best model at iteration 29
2025-09-05 18:57:41,576 [INFO] [30/300] loss 1020.47 | compact 6.89795 | spectral 19.1588 | recons_loss: 0.173894 | sparse_loss: 1.03657 | 
2025-09-05 18:57:41,576 [INFO] [Iter 30] LR: 0.10000000
2025-09-05 18:57:41,577 [INFO] Saving best model at iteration 30
2025-09-05 18:57:41,852 [INFO] [31/300] loss 1020.13 | compact 6.89794 | spectral 19.1638 | recons_loss: 0.173168 | sparse_loss: 1.03647 | 
2025-09-05 18:57:41,853 [INFO] [Iter 31] LR: 0.10000000
2025-09-05 18:57:41,854 [INFO] Saving best model at iteration 31
2025-09-05 18:57:42,120 [INFO] [32/300] loss 1019.83 | compact 6.89812 | spectral 19.167 | recons_loss: 0.172511 | sparse_loss: 1.03636 | 
2025-09-05 18:57:42,120 [INFO] [Iter 32] LR: 0.10000000
2025-09-05 18:57:42,121 [INFO] Saving best model at iteration 32
2025-09-05 18:57:42,379 [INFO] [33/300] loss 1019.57 | compact 6.89774 | spectral 19.1794 | recons_loss: 0.171931 | sparse_loss: 1.03628 | 
2025-09-05 18:57:42,379 [INFO] [Iter 33] LR: 0.10000000
2025-09-05 18:57:42,382 [INFO] Saving best model at iteration 33
2025-09-05 18:57:42,646 [INFO] [34/300] loss 1019.3 | compact 6.89775 | spectral 19.1897 | recons_loss: 0.171362 | sparse_loss: 1.03621 | 
2025-09-05 18:57:42,647 [INFO] [Iter 34] LR: 0.10000000
2025-09-05 18:57:42,649 [INFO] Saving best model at iteration 34
2025-09-05 18:57:42,914 [INFO] [35/300] loss 1019.07 | compact 6.8963 | spectral 19.1998 | recons_loss: 0.170842 | sparse_loss: 1.03615 | 
2025-09-05 18:57:42,914 [INFO] [Iter 35] LR: 0.10000000
2025-09-05 18:57:42,915 [INFO] Saving best model at iteration 35
2025-09-05 18:57:43,180 [INFO] [36/300] loss 1018.83 | compact 6.89574 | spectral 19.2097 | recons_loss: 0.170359 | sparse_loss: 1.03607 | 
2025-09-05 18:57:43,180 [INFO] [Iter 36] LR: 0.10000000
2025-09-05 18:57:43,181 [INFO] Saving best model at iteration 36
2025-09-05 18:57:43,448 [INFO] [37/300] loss 1018.62 | compact 6.89488 | spectral 19.2187 | recons_loss: 0.169919 | sparse_loss: 1.03602 | 
2025-09-05 18:57:43,448 [INFO] [Iter 37] LR: 0.10000000
2025-09-05 18:57:43,449 [INFO] Saving best model at iteration 37
2025-09-05 18:57:43,708 [INFO] [38/300] loss 1018.42 | compact 6.89456 | spectral 19.2269 | recons_loss: 0.169518 | sparse_loss: 1.03596 | 
2025-09-05 18:57:43,708 [INFO] [Iter 38] LR: 0.10000000
2025-09-05 18:57:43,710 [INFO] Saving best model at iteration 38
2025-09-05 18:57:43,969 [INFO] [39/300] loss 1018.22 | compact 6.89529 | spectral 19.2402 | recons_loss: 0.169144 | sparse_loss: 1.03589 | 
2025-09-05 18:57:43,969 [INFO] [Iter 39] LR: 0.10000000
2025-09-05 18:57:43,971 [INFO] Saving best model at iteration 39
2025-09-05 18:57:44,230 [INFO] [40/300] loss 1018.05 | compact 6.89491 | spectral 19.2543 | recons_loss: 0.168805 | sparse_loss: 1.03581 | 
2025-09-05 18:57:44,230 [INFO] [Iter 40] LR: 0.10000000
2025-09-05 18:57:44,232 [INFO] Saving best model at iteration 40
2025-09-05 18:57:44,493 [INFO] [41/300] loss 1017.87 | compact 6.89536 | spectral 19.2628 | recons_loss: 0.168487 | sparse_loss: 1.03574 | 
2025-09-05 18:57:44,493 [INFO] [Iter 41] LR: 0.10000000
2025-09-05 18:57:44,495 [INFO] Saving best model at iteration 41
2025-09-05 18:57:44,793 [INFO] [42/300] loss 1017.69 | compact 6.89608 | spectral 19.2699 | recons_loss: 0.168171 | sparse_loss: 1.03567 | 
2025-09-05 18:57:44,794 [INFO] [Iter 42] LR: 0.10000000
2025-09-05 18:57:44,796 [INFO] Saving best model at iteration 42
2025-09-05 18:57:45,066 [INFO] [43/300] loss 1017.51 | compact 6.89761 | spectral 19.2744 | recons_loss: 0.167879 | sparse_loss: 1.03558 | 
2025-09-05 18:57:45,067 [INFO] [Iter 43] LR: 0.10000000
2025-09-05 18:57:45,069 [INFO] Saving best model at iteration 43
2025-09-05 18:57:45,334 [INFO] [44/300] loss 1017.32 | compact 6.89792 | spectral 19.2791 | recons_loss: 0.167613 | sparse_loss: 1.0355 | 
2025-09-05 18:57:45,334 [INFO] [Iter 44] LR: 0.10000000
2025-09-05 18:57:45,336 [INFO] Saving best model at iteration 44
2025-09-05 18:57:45,607 [INFO] [45/300] loss 1017.13 | compact 6.8995 | spectral 19.2809 | recons_loss: 0.167345 | sparse_loss: 1.0354 | 
2025-09-05 18:57:45,607 [INFO] [Iter 45] LR: 0.10000000
2025-09-05 18:57:45,608 [INFO] Saving best model at iteration 45
2025-09-05 18:57:45,876 [INFO] [46/300] loss 1017 | compact 6.90095 | spectral 19.289 | recons_loss: 0.167113 | sparse_loss: 1.0353 | 
2025-09-05 18:57:45,877 [INFO] [Iter 46] LR: 0.10000000
2025-09-05 18:57:45,879 [INFO] Saving best model at iteration 46
2025-09-05 18:57:46,140 [INFO] [47/300] loss 1016.87 | compact 6.90021 | spectral 19.3053 | recons_loss: 0.166895 | sparse_loss: 1.03521 | 
2025-09-05 18:57:46,140 [INFO] [Iter 47] LR: 0.10000000
2025-09-05 18:57:46,143 [INFO] Saving best model at iteration 47
2025-09-05 18:57:46,403 [INFO] [48/300] loss 1016.75 | compact 6.90079 | spectral 19.3205 | recons_loss: 0.166688 | sparse_loss: 1.03513 | 
2025-09-05 18:57:46,403 [INFO] [Iter 48] LR: 0.05000000
2025-09-05 18:57:46,404 [INFO] Saving best model at iteration 48
2025-09-05 18:57:46,669 [INFO] [49/300] loss 1016.63 | compact 6.90227 | spectral 19.3331 | recons_loss: 0.166483 | sparse_loss: 1.03506 | 
2025-09-05 18:57:46,669 [INFO] [Iter 49] LR: 0.05000000
2025-09-05 18:57:46,670 [INFO] Saving best model at iteration 49
2025-09-05 18:57:46,749 [INFO] H: 160, W: 150
2025-09-05 18:57:46,885 [INFO] [0 1 2 3 4 5 6]
2025-09-05 18:57:47,161 [INFO] y_target: [1 2 3 4 5 6 7]
2025-09-05 18:57:47,161 [INFO] y_predict: [0 1 2 3 4 5 6]
2025-09-05 18:57:47,549 [INFO] Epoch = 50 OA = 0.8100 Kappa = 0.7757 NMI = 0.7224
2025-09-05 18:57:47,771 [INFO] [50/300] loss 1016.5 | compact 6.90359 | spectral 19.3428 | recons_loss: 0.166292 | sparse_loss: 1.03499 | 
2025-09-05 18:57:47,772 [INFO] [Iter 50] LR: 0.05000000
2025-09-05 18:57:47,774 [INFO] Saving best model at iteration 50
2025-09-05 18:57:48,037 [INFO] [51/300] loss 1016.38 | compact 6.90626 | spectral 19.3504 | recons_loss: 0.166113 | sparse_loss: 1.03492 | 
2025-09-05 18:57:48,038 [INFO] [Iter 51] LR: 0.05000000
2025-09-05 18:57:48,040 [INFO] Saving best model at iteration 51
2025-09-05 18:57:48,308 [INFO] [52/300] loss 1016.26 | compact 6.90888 | spectral 19.3594 | recons_loss: 0.165945 | sparse_loss: 1.03485 | 
2025-09-05 18:57:48,313 [INFO] [Iter 52] LR: 0.05000000
2025-09-05 18:57:48,317 [INFO] Saving best model at iteration 52
2025-09-05 18:57:48,576 [INFO] [53/300] loss 1016.15 | compact 6.91078 | spectral 19.3702 | recons_loss: 0.165784 | sparse_loss: 1.03478 | 
2025-09-05 18:57:48,576 [INFO] [Iter 53] LR: 0.05000000
2025-09-05 18:57:48,579 [INFO] Saving best model at iteration 53
2025-09-05 18:57:48,845 [INFO] [54/300] loss 1016.03 | compact 6.91202 | spectral 19.3802 | recons_loss: 0.165633 | sparse_loss: 1.0347 | 
2025-09-05 18:57:48,846 [INFO] [Iter 54] LR: 0.05000000
2025-09-05 18:57:48,847 [INFO] Saving best model at iteration 54
2025-09-05 18:57:49,111 [INFO] [55/300] loss 1015.92 | compact 6.91289 | spectral 19.3913 | recons_loss: 0.16549 | sparse_loss: 1.03462 | 
2025-09-05 18:57:49,111 [INFO] [Iter 55] LR: 0.05000000
2025-09-05 18:57:49,112 [INFO] Saving best model at iteration 55
2025-09-05 18:57:49,432 [INFO] [56/300] loss 1015.8 | compact 6.91408 | spectral 19.4008 | recons_loss: 0.165358 | sparse_loss: 1.03454 | 
2025-09-05 18:57:49,433 [INFO] [Iter 56] LR: 0.05000000
2025-09-05 18:57:49,434 [INFO] Saving best model at iteration 56
2025-09-05 18:57:49,703 [INFO] [57/300] loss 1015.7 | compact 6.91394 | spectral 19.41 | recons_loss: 0.165236 | sparse_loss: 1.03446 | 
2025-09-05 18:57:49,703 [INFO] [Iter 57] LR: 0.05000000
2025-09-05 18:57:49,705 [INFO] Saving best model at iteration 57
2025-09-05 18:57:49,980 [INFO] [58/300] loss 1015.59 | compact 6.91402 | spectral 19.4174 | recons_loss: 0.165122 | sparse_loss: 1.0344 | 
2025-09-05 18:57:49,980 [INFO] [Iter 58] LR: 0.05000000
2025-09-05 18:57:49,981 [INFO] Saving best model at iteration 58
2025-09-05 18:57:50,252 [INFO] [59/300] loss 1015.49 | compact 6.91448 | spectral 19.4234 | recons_loss: 0.16501 | sparse_loss: 1.03433 | 
2025-09-05 18:57:50,253 [INFO] [Iter 59] LR: 0.05000000
2025-09-05 18:57:50,254 [INFO] Saving best model at iteration 59
2025-09-05 18:57:50,521 [INFO] [60/300] loss 1015.39 | compact 6.914 | spectral 19.4324 | recons_loss: 0.16491 | sparse_loss: 1.03427 | 
2025-09-05 18:57:50,522 [INFO] [Iter 60] LR: 0.05000000
2025-09-05 18:57:50,523 [INFO] Saving best model at iteration 60
2025-09-05 18:57:50,787 [INFO] [61/300] loss 1015.29 | compact 6.91353 | spectral 19.4418 | recons_loss: 0.164809 | sparse_loss: 1.03421 | 
2025-09-05 18:57:50,787 [INFO] [Iter 61] LR: 0.05000000
2025-09-05 18:57:50,788 [INFO] Saving best model at iteration 61
2025-09-05 18:57:51,052 [INFO] [62/300] loss 1015.19 | compact 6.91326 | spectral 19.4491 | recons_loss: 0.164711 | sparse_loss: 1.03415 | 
2025-09-05 18:57:51,053 [INFO] [Iter 62] LR: 0.05000000
2025-09-05 18:57:51,055 [INFO] Saving best model at iteration 62
2025-09-05 18:57:51,323 [INFO] [63/300] loss 1015.09 | compact 6.91149 | spectral 19.4562 | recons_loss: 0.164625 | sparse_loss: 1.03409 | 
2025-09-05 18:57:51,323 [INFO] [Iter 63] LR: 0.05000000
2025-09-05 18:57:51,325 [INFO] Saving best model at iteration 63
2025-09-05 18:57:51,593 [INFO] [64/300] loss 1015 | compact 6.91003 | spectral 19.4635 | recons_loss: 0.164543 | sparse_loss: 1.03403 | 
2025-09-05 18:57:51,594 [INFO] [Iter 64] LR: 0.05000000
2025-09-05 18:57:51,595 [INFO] Saving best model at iteration 64
2025-09-05 18:57:51,907 [INFO] [65/300] loss 1014.91 | compact 6.90982 | spectral 19.4706 | recons_loss: 0.16446 | sparse_loss: 1.03398 | 
2025-09-05 18:57:51,907 [INFO] [Iter 65] LR: 0.05000000
2025-09-05 18:57:51,909 [INFO] Saving best model at iteration 65
2025-09-05 18:57:52,182 [INFO] [66/300] loss 1014.82 | compact 6.90976 | spectral 19.476 | recons_loss: 0.164371 | sparse_loss: 1.03394 | 
2025-09-05 18:57:52,183 [INFO] [Iter 66] LR: 0.05000000
2025-09-05 18:57:52,184 [INFO] Saving best model at iteration 66
2025-09-05 18:57:52,458 [INFO] [67/300] loss 1014.73 | compact 6.909 | spectral 19.4815 | recons_loss: 0.164282 | sparse_loss: 1.0339 | 
2025-09-05 18:57:52,458 [INFO] [Iter 67] LR: 0.05000000
2025-09-05 18:57:52,460 [INFO] Saving best model at iteration 67
2025-09-05 18:57:52,731 [INFO] [68/300] loss 1014.64 | compact 6.90814 | spectral 19.4856 | recons_loss: 0.164196 | sparse_loss: 1.03387 | 
2025-09-05 18:57:52,731 [INFO] [Iter 68] LR: 0.05000000
2025-09-05 18:57:52,734 [INFO] Saving best model at iteration 68
2025-09-05 18:57:52,994 [INFO] [69/300] loss 1014.56 | compact 6.908 | spectral 19.4883 | recons_loss: 0.164111 | sparse_loss: 1.03383 | 
2025-09-05 18:57:52,994 [INFO] [Iter 69] LR: 0.05000000
2025-09-05 18:57:52,997 [INFO] Saving best model at iteration 69
2025-09-05 18:57:53,265 [INFO] [70/300] loss 1014.47 | compact 6.90829 | spectral 19.4916 | recons_loss: 0.164029 | sparse_loss: 1.03381 | 
2025-09-05 18:57:53,266 [INFO] [Iter 70] LR: 0.05000000
2025-09-05 18:57:53,267 [INFO] Saving best model at iteration 70
2025-09-05 18:57:53,525 [INFO] [71/300] loss 1014.39 | compact 6.90917 | spectral 19.4942 | recons_loss: 0.16395 | sparse_loss: 1.03378 | 
2025-09-05 18:57:53,526 [INFO] [Iter 71] LR: 0.05000000
2025-09-05 18:57:53,527 [INFO] Saving best model at iteration 71
2025-09-05 18:57:53,784 [INFO] [72/300] loss 1014.31 | compact 6.90986 | spectral 19.4963 | recons_loss: 0.163873 | sparse_loss: 1.03374 | 
2025-09-05 18:57:53,785 [INFO] [Iter 72] LR: 0.05000000
2025-09-05 18:57:53,786 [INFO] Saving best model at iteration 72
2025-09-05 18:57:54,045 [INFO] [73/300] loss 1014.23 | compact 6.91075 | spectral 19.4988 | recons_loss: 0.163798 | sparse_loss: 1.03371 | 
2025-09-05 18:57:54,046 [INFO] [Iter 73] LR: 0.05000000
2025-09-05 18:57:54,047 [INFO] Saving best model at iteration 73
2025-09-05 18:57:54,329 [INFO] [74/300] loss 1014.15 | compact 6.91077 | spectral 19.5023 | recons_loss: 0.163725 | sparse_loss: 1.03367 | 
2025-09-05 18:57:54,335 [INFO] [Iter 74] LR: 0.05000000
2025-09-05 18:57:54,337 [INFO] Saving best model at iteration 74
2025-09-05 18:57:54,611 [INFO] [75/300] loss 1014.06 | compact 6.91087 | spectral 19.505 | recons_loss: 0.16365 | sparse_loss: 1.03364 | 
2025-09-05 18:57:54,612 [INFO] [Iter 75] LR: 0.05000000
2025-09-05 18:57:54,613 [INFO] Saving best model at iteration 75
2025-09-05 18:57:54,873 [INFO] [76/300] loss 1013.98 | compact 6.91187 | spectral 19.5074 | recons_loss: 0.163576 | sparse_loss: 1.0336 | 
2025-09-05 18:57:54,874 [INFO] [Iter 76] LR: 0.05000000
2025-09-05 18:57:54,875 [INFO] Saving best model at iteration 76
2025-09-05 18:57:55,141 [INFO] [77/300] loss 1013.91 | compact 6.91246 | spectral 19.5127 | recons_loss: 0.163513 | sparse_loss: 1.03357 | 
2025-09-05 18:57:55,142 [INFO] [Iter 77] LR: 0.05000000
2025-09-05 18:57:55,143 [INFO] Saving best model at iteration 77
2025-09-05 18:57:55,409 [INFO] [78/300] loss 1013.84 | compact 6.91241 | spectral 19.5156 | recons_loss: 0.16345 | sparse_loss: 1.03353 | 
2025-09-05 18:57:55,409 [INFO] [Iter 78] LR: 0.05000000
2025-09-05 18:57:55,411 [INFO] Saving best model at iteration 78
2025-09-05 18:57:55,678 [INFO] [79/300] loss 1013.77 | compact 6.91201 | spectral 19.5201 | recons_loss: 0.163384 | sparse_loss: 1.0335 | 
2025-09-05 18:57:55,678 [INFO] [Iter 79] LR: 0.05000000
2025-09-05 18:57:55,679 [INFO] Saving best model at iteration 79
2025-09-05 18:57:55,940 [INFO] [80/300] loss 1013.71 | compact 6.91153 | spectral 19.525 | recons_loss: 0.163337 | sparse_loss: 1.03347 | 
2025-09-05 18:57:55,940 [INFO] [Iter 80] LR: 0.05000000
2025-09-05 18:57:55,943 [INFO] Saving best model at iteration 80
2025-09-05 18:57:56,211 [INFO] [81/300] loss 1013.66 | compact 6.91105 | spectral 19.5298 | recons_loss: 0.163287 | sparse_loss: 1.03343 | 
2025-09-05 18:57:56,211 [INFO] [Iter 81] LR: 0.02500000
2025-09-05 18:57:56,213 [INFO] Saving best model at iteration 81
2025-09-05 18:57:56,484 [INFO] [82/300] loss 1013.6 | compact 6.91168 | spectral 19.5325 | recons_loss: 0.163219 | sparse_loss: 1.03341 | 
2025-09-05 18:57:56,484 [INFO] [Iter 82] LR: 0.02500000
2025-09-05 18:57:56,487 [INFO] Saving best model at iteration 82
2025-09-05 18:57:56,753 [INFO] [83/300] loss 1013.53 | compact 6.91221 | spectral 19.5351 | recons_loss: 0.163155 | sparse_loss: 1.03337 | 
2025-09-05 18:57:56,753 [INFO] [Iter 83] LR: 0.02500000
2025-09-05 18:57:56,755 [INFO] Saving best model at iteration 83
2025-09-05 18:57:57,022 [INFO] [84/300] loss 1013.47 | compact 6.91254 | spectral 19.5378 | recons_loss: 0.163094 | sparse_loss: 1.03334 | 
2025-09-05 18:57:57,023 [INFO] [Iter 84] LR: 0.02500000
2025-09-05 18:57:57,024 [INFO] Saving best model at iteration 84
2025-09-05 18:57:57,295 [INFO] [85/300] loss 1013.41 | compact 6.91271 | spectral 19.5409 | recons_loss: 0.163037 | sparse_loss: 1.03332 | 
2025-09-05 18:57:57,295 [INFO] [Iter 85] LR: 0.02500000
2025-09-05 18:57:57,297 [INFO] Saving best model at iteration 85
2025-09-05 18:57:57,556 [INFO] [86/300] loss 1013.35 | compact 6.91295 | spectral 19.5441 | recons_loss: 0.162982 | sparse_loss: 1.0333 | 
2025-09-05 18:57:57,557 [INFO] [Iter 86] LR: 0.02500000
2025-09-05 18:57:57,558 [INFO] Saving best model at iteration 86
2025-09-05 18:57:57,819 [INFO] [87/300] loss 1013.29 | compact 6.91344 | spectral 19.5466 | recons_loss: 0.16293 | sparse_loss: 1.03327 | 
2025-09-05 18:57:57,820 [INFO] [Iter 87] LR: 0.02500000
2025-09-05 18:57:57,821 [INFO] Saving best model at iteration 87
2025-09-05 18:57:58,078 [INFO] [88/300] loss 1013.23 | compact 6.91382 | spectral 19.5489 | recons_loss: 0.162881 | sparse_loss: 1.03325 | 
2025-09-05 18:57:58,078 [INFO] [Iter 88] LR: 0.02500000
2025-09-05 18:57:58,080 [INFO] Saving best model at iteration 88
2025-09-05 18:57:58,348 [INFO] [89/300] loss 1013.18 | compact 6.91435 | spectral 19.551 | recons_loss: 0.162829 | sparse_loss: 1.03322 | 
2025-09-05 18:57:58,349 [INFO] [Iter 89] LR: 0.02500000
2025-09-05 18:57:58,351 [INFO] Saving best model at iteration 89
2025-09-05 18:57:58,627 [INFO] [90/300] loss 1013.13 | compact 6.91459 | spectral 19.5507 | recons_loss: 0.162782 | sparse_loss: 1.0332 | 
2025-09-05 18:57:58,628 [INFO] [Iter 90] LR: 0.02500000
2025-09-05 18:57:58,629 [INFO] Saving best model at iteration 90
2025-09-05 18:57:58,906 [INFO] [91/300] loss 1013.07 | compact 6.91464 | spectral 19.5505 | recons_loss: 0.162736 | sparse_loss: 1.03318 | 
2025-09-05 18:57:58,906 [INFO] [Iter 91] LR: 0.02500000
2025-09-05 18:57:58,908 [INFO] Saving best model at iteration 91
2025-09-05 18:57:59,169 [INFO] [92/300] loss 1013.02 | compact 6.91446 | spectral 19.5504 | recons_loss: 0.162692 | sparse_loss: 1.03315 | 
2025-09-05 18:57:59,169 [INFO] [Iter 92] LR: 0.02500000
2025-09-05 18:57:59,170 [INFO] Saving best model at iteration 92
2025-09-05 18:57:59,427 [INFO] [93/300] loss 1012.98 | compact 6.91436 | spectral 19.5531 | recons_loss: 0.162649 | sparse_loss: 1.03314 | 
2025-09-05 18:57:59,427 [INFO] [Iter 93] LR: 0.01250000
2025-09-05 18:57:59,429 [INFO] Saving best model at iteration 93
2025-09-05 18:57:59,688 [INFO] [94/300] loss 1012.93 | compact 6.91399 | spectral 19.556 | recons_loss: 0.162605 | sparse_loss: 1.03312 | 
2025-09-05 18:57:59,688 [INFO] [Iter 94] LR: 0.01250000
2025-09-05 18:57:59,691 [INFO] Saving best model at iteration 94
2025-09-05 18:57:59,958 [INFO] [95/300] loss 1012.89 | compact 6.91368 | spectral 19.5584 | recons_loss: 0.162564 | sparse_loss: 1.0331 | 
2025-09-05 18:57:59,959 [INFO] [Iter 95] LR: 0.01250000
2025-09-05 18:57:59,962 [INFO] Saving best model at iteration 95
2025-09-05 18:58:00,222 [INFO] [96/300] loss 1012.86 | compact 6.91344 | spectral 19.5606 | recons_loss: 0.162526 | sparse_loss: 1.03308 | 
2025-09-05 18:58:00,222 [INFO] [Iter 96] LR: 0.01250000
2025-09-05 18:58:00,224 [INFO] Saving best model at iteration 96
2025-09-05 18:58:00,486 [INFO] [97/300] loss 1012.82 | compact 6.91344 | spectral 19.5622 | recons_loss: 0.16249 | sparse_loss: 1.03307 | 
2025-09-05 18:58:00,486 [INFO] [Iter 97] LR: 0.01250000
2025-09-05 18:58:00,489 [INFO] Saving best model at iteration 97
2025-09-05 18:58:00,773 [INFO] [98/300] loss 1012.78 | compact 6.91351 | spectral 19.5636 | recons_loss: 0.162455 | sparse_loss: 1.03305 | 
2025-09-05 18:58:00,773 [INFO] [Iter 98] LR: 0.01250000
2025-09-05 18:58:00,774 [INFO] Saving best model at iteration 98
2025-09-05 18:58:01,045 [INFO] [99/300] loss 1012.75 | compact 6.91316 | spectral 19.5653 | recons_loss: 0.162425 | sparse_loss: 1.03304 | 
2025-09-05 18:58:01,045 [INFO] [Iter 99] LR: 0.00625000
2025-09-05 18:58:01,047 [INFO] Saving best model at iteration 99
2025-09-05 18:58:01,123 [INFO] H: 160, W: 150
2025-09-05 18:58:01,327 [INFO] [0 1 2 3 4 5 6]
2025-09-05 18:58:01,510 [INFO] y_target: [1 2 3 4 5 6 7]
2025-09-05 18:58:01,510 [INFO] y_predict: [0 1 2 3 4 5 6]
2025-09-05 18:58:01,675 [INFO] Epoch = 100 OA = 0.7933 Kappa = 0.7560 NMI = 0.7157
2025-09-05 18:58:01,886 [INFO] [100/300] loss 1012.72 | compact 6.91288 | spectral 19.5668 | recons_loss: 0.162396 | sparse_loss: 1.03302 | 
2025-09-05 18:58:01,886 [INFO] [Iter 100] LR: 0.00625000
2025-09-05 18:58:01,888 [INFO] Saving best model at iteration 100
2025-09-05 18:58:02,149 [INFO] [101/300] loss 1012.68 | compact 6.91274 | spectral 19.5679 | recons_loss: 0.162368 | sparse_loss: 1.03301 | 
2025-09-05 18:58:02,149 [INFO] [Iter 101] LR: 0.00625000
2025-09-05 18:58:02,150 [INFO] Saving best model at iteration 101
2025-09-05 18:58:02,407 [INFO] [102/300] loss 1012.65 | compact 6.9125 | spectral 19.5692 | recons_loss: 0.162343 | sparse_loss: 1.033 | 
2025-09-05 18:58:02,407 [INFO] [Iter 102] LR: 0.00625000
2025-09-05 18:58:02,408 [INFO] Saving best model at iteration 102
2025-09-05 18:58:02,670 [INFO] [103/300] loss 1012.63 | compact 6.91228 | spectral 19.5703 | recons_loss: 0.16232 | sparse_loss: 1.03299 | 
2025-09-05 18:58:02,670 [INFO] [Iter 103] LR: 0.00625000
2025-09-05 18:58:02,672 [INFO] Saving best model at iteration 103
2025-09-05 18:58:02,933 [INFO] [104/300] loss 1012.6 | compact 6.91213 | spectral 19.5713 | recons_loss: 0.162298 | sparse_loss: 1.03297 | 
2025-09-05 18:58:02,934 [INFO] [Iter 104] LR: 0.00312500
2025-09-05 18:58:02,935 [INFO] Saving best model at iteration 104
2025-09-05 18:58:03,195 [INFO] [105/300] loss 1012.58 | compact 6.912 | spectral 19.5722 | recons_loss: 0.162278 | sparse_loss: 1.03296 | 
2025-09-05 18:58:03,196 [INFO] [Iter 105] LR: 0.00312500
2025-09-05 18:58:03,198 [INFO] Saving best model at iteration 105
2025-09-05 18:58:03,456 [INFO] [106/300] loss 1012.55 | compact 6.91188 | spectral 19.573 | recons_loss: 0.162259 | sparse_loss: 1.03296 | 
2025-09-05 18:58:03,457 [INFO] [Iter 106] LR: 0.00312500
2025-09-05 18:58:03,458 [INFO] Saving best model at iteration 106
2025-09-05 18:58:03,720 [INFO] [107/300] loss 1012.53 | compact 6.91175 | spectral 19.5737 | recons_loss: 0.162242 | sparse_loss: 1.03295 | 
2025-09-05 18:58:03,721 [INFO] [Iter 107] LR: 0.00156250
2025-09-05 18:58:03,722 [INFO] Saving best model at iteration 107
2025-09-05 18:58:03,984 [INFO] [108/300] loss 1012.51 | compact 6.91165 | spectral 19.5744 | recons_loss: 0.162226 | sparse_loss: 1.03294 | 
2025-09-05 18:58:03,985 [INFO] [Iter 108] LR: 0.00156250
2025-09-05 18:58:03,986 [INFO] Saving best model at iteration 108
2025-09-05 18:58:04,255 [INFO] [109/300] loss 1012.49 | compact 6.91155 | spectral 19.575 | recons_loss: 0.162212 | sparse_loss: 1.03293 | 
2025-09-05 18:58:04,256 [INFO] [Iter 109] LR: 0.00156250
2025-09-05 18:58:04,258 [INFO] Saving best model at iteration 109
2025-09-05 18:58:04,530 [INFO] [110/300] loss 1012.48 | compact 6.91158 | spectral 19.5755 | recons_loss: 0.162198 | sparse_loss: 1.03292 | 
2025-09-05 18:58:04,530 [INFO] [Iter 110] LR: 0.00078125
2025-09-05 18:58:04,531 [INFO] Saving best model at iteration 110
2025-09-05 18:58:04,792 [INFO] [111/300] loss 1012.46 | compact 6.91155 | spectral 19.5759 | recons_loss: 0.162185 | sparse_loss: 1.03291 | 
2025-09-05 18:58:04,793 [INFO] [Iter 111] LR: 0.00078125
2025-09-05 18:58:04,794 [INFO] Saving best model at iteration 111
2025-09-05 18:58:05,050 [INFO] [112/300] loss 1012.45 | compact 6.91153 | spectral 19.5763 | recons_loss: 0.162174 | sparse_loss: 1.03291 | 
2025-09-05 18:58:05,051 [INFO] [Iter 112] LR: 0.00078125
2025-09-05 18:58:05,052 [INFO] Saving best model at iteration 112
2025-09-05 18:58:05,308 [INFO] [113/300] loss 1012.43 | compact 6.91151 | spectral 19.5766 | recons_loss: 0.162163 | sparse_loss: 1.0329 | 
2025-09-05 18:58:05,308 [INFO] [Iter 113] LR: 0.00039063
2025-09-05 18:58:05,310 [INFO] Saving best model at iteration 113
2025-09-05 18:58:05,565 [INFO] [114/300] loss 1012.42 | compact 6.91149 | spectral 19.5769 | recons_loss: 0.162154 | sparse_loss: 1.0329 | 
2025-09-05 18:58:05,566 [INFO] [Iter 114] LR: 0.00039063
2025-09-05 18:58:05,567 [INFO] Saving best model at iteration 114
2025-09-05 18:58:05,823 [INFO] [115/300] loss 1012.41 | compact 6.91147 | spectral 19.5772 | recons_loss: 0.162145 | sparse_loss: 1.03289 | 
2025-09-05 18:58:05,823 [INFO] [Iter 115] LR: 0.00039063
2025-09-05 18:58:05,824 [INFO] Saving best model at iteration 115
2025-09-05 18:58:06,081 [INFO] [116/300] loss 1012.4 | compact 6.91145 | spectral 19.5775 | recons_loss: 0.162137 | sparse_loss: 1.03289 | 
2025-09-05 18:58:06,082 [INFO] [Iter 116] LR: 0.00019531
2025-09-05 18:58:06,083 [INFO] Saving best model at iteration 116
2025-09-05 18:58:06,339 [INFO] [117/300] loss 1012.39 | compact 6.91144 | spectral 19.5777 | recons_loss: 0.16213 | sparse_loss: 1.03288 | 
2025-09-05 18:58:06,340 [INFO] [Iter 117] LR: 0.00019531
2025-09-05 18:58:06,341 [INFO] Saving best model at iteration 117
2025-09-05 18:58:06,600 [INFO] [118/300] loss 1012.38 | compact 6.91143 | spectral 19.5779 | recons_loss: 0.162124 | sparse_loss: 1.03288 | 
2025-09-05 18:58:06,600 [INFO] [Iter 118] LR: 0.00019531
2025-09-05 18:58:06,605 [INFO] Saving best model at iteration 118
2025-09-05 18:58:06,862 [INFO] [119/300] loss 1012.38 | compact 6.91141 | spectral 19.5781 | recons_loss: 0.162118 | sparse_loss: 1.03287 | 
2025-09-05 18:58:06,862 [INFO] [Iter 119] LR: 0.00009766
2025-09-05 18:58:06,864 [INFO] Saving best model at iteration 119
2025-09-05 18:58:07,122 [INFO] [120/300] loss 1012.37 | compact 6.9114 | spectral 19.5782 | recons_loss: 0.162113 | sparse_loss: 1.03287 | 
2025-09-05 18:58:07,123 [INFO] [Iter 120] LR: 0.00009766
2025-09-05 18:58:07,125 [INFO] Saving best model at iteration 120
2025-09-05 18:58:07,384 [INFO] [121/300] loss 1012.36 | compact 6.91139 | spectral 19.5784 | recons_loss: 0.162109 | sparse_loss: 1.03287 | 
2025-09-05 18:58:07,384 [INFO] [Iter 121] LR: 0.00009766
2025-09-05 18:58:07,385 [INFO] Saving best model at iteration 121
2025-09-05 18:58:07,642 [INFO] [122/300] loss 1012.36 | compact 6.91139 | spectral 19.5785 | recons_loss: 0.162104 | sparse_loss: 1.03287 | 
2025-09-05 18:58:07,642 [INFO] [Iter 122] LR: 0.00004883
2025-09-05 18:58:07,644 [INFO] Saving best model at iteration 122
2025-09-05 18:58:07,900 [INFO] [123/300] loss 1012.35 | compact 6.91138 | spectral 19.5786 | recons_loss: 0.162101 | sparse_loss: 1.03286 | 
2025-09-05 18:58:07,901 [INFO] [Iter 123] LR: 0.00004883
2025-09-05 18:58:07,903 [INFO] Saving best model at iteration 123
2025-09-05 18:58:08,171 [INFO] [124/300] loss 1012.35 | compact 6.91137 | spectral 19.5788 | recons_loss: 0.162097 | sparse_loss: 1.03286 | 
2025-09-05 18:58:08,173 [INFO] [Iter 124] LR: 0.00004883
2025-09-05 18:58:08,174 [INFO] Saving best model at iteration 124
2025-09-05 18:58:08,430 [INFO] [125/300] loss 1012.34 | compact 6.91137 | spectral 19.5788 | recons_loss: 0.162094 | sparse_loss: 1.03286 | 
2025-09-05 18:58:08,431 [INFO] [Iter 125] LR: 0.00002441
2025-09-05 18:58:08,433 [INFO] Saving best model at iteration 125
2025-09-05 18:58:08,698 [INFO] [126/300] loss 1012.34 | compact 6.91136 | spectral 19.5789 | recons_loss: 0.162091 | sparse_loss: 1.03286 | 
2025-09-05 18:58:08,699 [INFO] [Iter 126] LR: 0.00002441
2025-09-05 18:58:08,700 [INFO] Saving best model at iteration 126
2025-09-05 18:58:08,956 [INFO] [127/300] loss 1012.34 | compact 6.91136 | spectral 19.579 | recons_loss: 0.162089 | sparse_loss: 1.03285 | 
2025-09-05 18:58:08,956 [INFO] [Iter 127] LR: 0.00002441
2025-09-05 18:58:08,958 [INFO] Saving best model at iteration 127
2025-09-05 18:58:09,215 [INFO] [128/300] loss 1012.33 | compact 6.91135 | spectral 19.5791 | recons_loss: 0.162087 | sparse_loss: 1.03285 | 
2025-09-05 18:58:09,216 [INFO] [Iter 128] LR: 0.00001221
2025-09-05 18:58:09,218 [INFO] Saving best model at iteration 128
2025-09-05 18:58:09,475 [INFO] [129/300] loss 1012.33 | compact 6.91135 | spectral 19.5792 | recons_loss: 0.162084 | sparse_loss: 1.03285 | 
2025-09-05 18:58:09,476 [INFO] [Iter 129] LR: 0.00001221
2025-09-05 18:58:09,477 [INFO] Saving best model at iteration 129
2025-09-05 18:58:09,735 [INFO] [130/300] loss 1012.33 | compact 6.91134 | spectral 19.5792 | recons_loss: 0.162083 | sparse_loss: 1.03285 | 
2025-09-05 18:58:09,735 [INFO] [Iter 130] LR: 0.00001221
2025-09-05 18:58:09,736 [INFO] Saving best model at iteration 130
2025-09-05 18:58:09,992 [INFO] [131/300] loss 1012.33 | compact 6.91134 | spectral 19.5793 | recons_loss: 0.162081 | sparse_loss: 1.03285 | 
2025-09-05 18:58:09,992 [INFO] [Iter 131] LR: 0.00000610
2025-09-05 18:58:09,994 [INFO] Saving best model at iteration 131
2025-09-05 18:58:10,251 [INFO] [132/300] loss 1012.32 | compact 6.91134 | spectral 19.5793 | recons_loss: 0.16208 | sparse_loss: 1.03285 | 
2025-09-05 18:58:10,251 [INFO] [Iter 132] LR: 0.00000610
2025-09-05 18:58:10,252 [INFO] Saving best model at iteration 132
2025-09-05 18:58:10,509 [INFO] [133/300] loss 1012.32 | compact 6.91133 | spectral 19.5793 | recons_loss: 0.162078 | sparse_loss: 1.03285 | 
2025-09-05 18:58:10,511 [INFO] [Iter 133] LR: 0.00000610
2025-09-05 18:58:10,512 [INFO] Saving best model at iteration 133
2025-09-05 18:58:10,785 [INFO] [134/300] loss 1012.32 | compact 6.91133 | spectral 19.5794 | recons_loss: 0.162077 | sparse_loss: 1.03285 | 
2025-09-05 18:58:10,785 [INFO] [Iter 134] LR: 0.00000305
2025-09-05 18:58:10,787 [INFO] Saving best model at iteration 134
2025-09-05 18:58:11,052 [INFO] [135/300] loss 1012.32 | compact 6.91133 | spectral 19.5794 | recons_loss: 0.162076 | sparse_loss: 1.03285 | 
2025-09-05 18:58:11,052 [INFO] [Iter 135] LR: 0.00000305
2025-09-05 18:58:11,054 [INFO] Saving best model at iteration 135
2025-09-05 18:58:11,311 [INFO] [136/300] loss 1012.32 | compact 6.91133 | spectral 19.5795 | recons_loss: 0.162075 | sparse_loss: 1.03284 | 
2025-09-05 18:58:11,311 [INFO] [Iter 136] LR: 0.00000305
2025-09-05 18:58:11,312 [INFO] Saving best model at iteration 136
2025-09-05 18:58:11,570 [INFO] [137/300] loss 1012.32 | compact 6.91133 | spectral 19.5795 | recons_loss: 0.162074 | sparse_loss: 1.03284 | 
2025-09-05 18:58:11,571 [INFO] [Iter 137] LR: 0.00000153
2025-09-05 18:58:11,572 [INFO] Saving best model at iteration 137
2025-09-05 18:58:11,836 [INFO] [138/300] loss 1012.31 | compact 6.91132 | spectral 19.5795 | recons_loss: 0.162073 | sparse_loss: 1.03284 | 
2025-09-05 18:58:11,836 [INFO] [Iter 138] LR: 0.00000153
2025-09-05 18:58:11,837 [INFO] Saving best model at iteration 138
2025-09-05 18:58:12,093 [INFO] [139/300] loss 1012.31 | compact 6.91132 | spectral 19.5795 | recons_loss: 0.162072 | sparse_loss: 1.03284 | 
2025-09-05 18:58:12,093 [INFO] [Iter 139] LR: 0.00000153
2025-09-05 18:58:12,094 [INFO] Saving best model at iteration 139
2025-09-05 18:58:12,352 [INFO] [140/300] loss 1012.31 | compact 6.91132 | spectral 19.5795 | recons_loss: 0.162072 | sparse_loss: 1.03284 | 
2025-09-05 18:58:12,352 [INFO] [Iter 140] LR: 0.00000076
2025-09-05 18:58:12,353 [INFO] Saving best model at iteration 140
2025-09-05 18:58:12,665 [INFO] [141/300] loss 1012.31 | compact 6.91132 | spectral 19.5796 | recons_loss: 0.162071 | sparse_loss: 1.03284 | 
2025-09-05 18:58:12,666 [INFO] [Iter 141] LR: 0.00000076
2025-09-05 18:58:12,667 [INFO] Saving best model at iteration 141
2025-09-05 18:58:12,925 [INFO] [142/300] loss 1012.31 | compact 6.91132 | spectral 19.5796 | recons_loss: 0.162071 | sparse_loss: 1.03284 | 
2025-09-05 18:58:12,925 [INFO] [Iter 142] LR: 0.00000076
2025-09-05 18:58:12,927 [INFO] Saving best model at iteration 142
2025-09-05 18:58:13,183 [INFO] [143/300] loss 1012.31 | compact 6.91132 | spectral 19.5796 | recons_loss: 0.16207 | sparse_loss: 1.03284 | 
2025-09-05 18:58:13,183 [INFO] [Iter 143] LR: 0.00000038
2025-09-05 18:58:13,185 [INFO] Saving best model at iteration 143
2025-09-05 18:58:13,442 [INFO] [144/300] loss 1012.31 | compact 6.91132 | spectral 19.5796 | recons_loss: 0.16207 | sparse_loss: 1.03284 | 
2025-09-05 18:58:13,443 [INFO] [Iter 144] LR: 0.00000038
2025-09-05 18:58:13,444 [INFO] Saving best model at iteration 144
2025-09-05 18:58:13,700 [INFO] [145/300] loss 1012.31 | compact 6.91132 | spectral 19.5796 | recons_loss: 0.162069 | sparse_loss: 1.03284 | 
2025-09-05 18:58:13,701 [INFO] [Iter 145] LR: 0.00000038
2025-09-05 18:58:13,702 [INFO] Saving best model at iteration 145
2025-09-05 18:58:13,959 [INFO] [146/300] loss 1012.31 | compact 6.91132 | spectral 19.5796 | recons_loss: 0.162069 | sparse_loss: 1.03284 | 
2025-09-05 18:58:13,959 [INFO] [Iter 146] LR: 0.00000019
2025-09-05 18:58:13,961 [INFO] Saving best model at iteration 146
2025-09-05 18:58:14,227 [INFO] [147/300] loss 1012.31 | compact 6.91132 | spectral 19.5796 | recons_loss: 0.162069 | sparse_loss: 1.03284 | 
2025-09-05 18:58:14,228 [INFO] [Iter 147] LR: 0.00000019
2025-09-05 18:58:14,229 [INFO] Saving best model at iteration 147
2025-09-05 18:58:14,487 [INFO] [148/300] loss 1012.31 | compact 6.91132 | spectral 19.5797 | recons_loss: 0.162069 | sparse_loss: 1.03284 | 
2025-09-05 18:58:14,487 [INFO] [Iter 148] LR: 0.00000019
2025-09-05 18:58:14,489 [INFO] Saving best model at iteration 148
2025-09-05 18:58:14,756 [INFO] [149/300] loss 1012.31 | compact 6.91131 | spectral 19.5797 | recons_loss: 0.162068 | sparse_loss: 1.03284 | 
2025-09-05 18:58:14,758 [INFO] [Iter 149] LR: 0.00000010
2025-09-05 18:58:14,760 [INFO] Saving best model at iteration 149
2025-09-05 18:58:14,823 [INFO] H: 160, W: 150
2025-09-05 18:58:14,935 [INFO] [0 1 2 3 4 5 6]
2025-09-05 18:58:15,084 [INFO] y_target: [1 2 3 4 5 6 7]
2025-09-05 18:58:15,085 [INFO] y_predict: [0 1 2 3 4 5 6]
2025-09-05 18:58:15,254 [INFO] Epoch = 150 OA = 0.7933 Kappa = 0.7560 NMI = 0.7157
2025-09-05 18:58:15,465 [INFO] [150/300] loss 1012.31 | compact 6.91131 | spectral 19.5797 | recons_loss: 0.162068 | sparse_loss: 1.03284 | 
2025-09-05 18:58:15,465 [INFO] [Iter 150] LR: 0.00000010
2025-09-05 18:58:15,467 [INFO] Saving best model at iteration 150
2025-09-05 18:58:15,724 [INFO] [151/300] loss 1012.31 | compact 6.91131 | spectral 19.5797 | recons_loss: 0.162068 | sparse_loss: 1.03284 | 
2025-09-05 18:58:15,724 [INFO] [Iter 151] LR: 0.00000010
2025-09-05 18:58:15,725 [INFO] Saving best model at iteration 151
2025-09-05 18:58:15,982 [INFO] [152/300] loss 1012.31 | compact 6.91131 | spectral 19.5797 | recons_loss: 0.162068 | sparse_loss: 1.03284 | 
2025-09-05 18:58:15,982 [INFO] [Iter 152] LR: 0.00000005
2025-09-05 18:58:15,984 [INFO] Saving best model at iteration 152
2025-09-05 18:58:16,240 [INFO] [153/300] loss 1012.31 | compact 6.91131 | spectral 19.5797 | recons_loss: 0.162068 | sparse_loss: 1.03284 | 
2025-09-05 18:58:16,240 [INFO] [Iter 153] LR: 0.00000005
2025-09-05 18:58:16,243 [INFO] Saving best model at iteration 153
2025-09-05 18:58:16,502 [INFO] [154/300] loss 1012.31 | compact 6.91131 | spectral 19.5797 | recons_loss: 0.162067 | sparse_loss: 1.03284 | 
2025-09-05 18:58:16,502 [INFO] [Iter 154] LR: 0.00000005
2025-09-05 18:58:16,504 [INFO] Saving best model at iteration 154
2025-09-05 18:58:16,764 [INFO] [155/300] loss 1012.31 | compact 6.91131 | spectral 19.5797 | recons_loss: 0.162067 | sparse_loss: 1.03284 | 
2025-09-05 18:58:16,765 [INFO] [Iter 155] LR: 0.00000002
2025-09-05 18:58:16,766 [INFO] Saving best model at iteration 155
2025-09-05 18:58:17,039 [INFO] [156/300] loss 1012.31 | compact 6.91131 | spectral 19.5797 | recons_loss: 0.162067 | sparse_loss: 1.03284 | 
2025-09-05 18:58:17,039 [INFO] [Iter 156] LR: 0.00000002
2025-09-05 18:58:17,040 [INFO] Saving best model at iteration 156
2025-09-05 18:58:17,295 [INFO] [157/300] loss 1012.31 | compact 6.91131 | spectral 19.5797 | recons_loss: 0.162067 | sparse_loss: 1.03284 | 
2025-09-05 18:58:17,296 [INFO] [Iter 157] LR: 0.00000002
2025-09-05 18:58:17,297 [INFO] Saving best model at iteration 157
2025-09-05 18:58:17,561 [INFO] [158/300] loss 1012.31 | compact 6.91131 | spectral 19.5797 | recons_loss: 0.162067 | sparse_loss: 1.03284 | 
2025-09-05 18:58:17,561 [INFO] [Iter 158] LR: 0.00000001
2025-09-05 18:58:17,564 [INFO] Saving best model at iteration 158
2025-09-05 18:58:17,821 [INFO] [159/300] loss 1012.31 | compact 6.91131 | spectral 19.5797 | recons_loss: 0.162067 | sparse_loss: 1.03284 | 
2025-09-05 18:58:17,821 [INFO] [Iter 159] LR: 0.00000001
2025-09-05 18:58:17,823 [INFO] Saving best model at iteration 159
2025-09-05 18:58:18,079 [INFO] [160/300] loss 1012.31 | compact 6.91131 | spectral 19.5797 | recons_loss: 0.162067 | sparse_loss: 1.03284 | 
2025-09-05 18:58:18,080 [INFO] [Iter 160] LR: 0.00000001
2025-09-05 18:58:18,081 [INFO] Saving best model at iteration 160
2025-09-05 18:58:18,340 [INFO] [161/300] loss 1012.31 | compact 6.91131 | spectral 19.5797 | recons_loss: 0.162067 | sparse_loss: 1.03284 | 
2025-09-05 18:58:18,340 [INFO] [Iter 161] LR: 0.00000001
2025-09-05 18:58:18,342 [INFO] No improvement: current loss 1012.305879, best loss 1012.305977
2025-09-05 18:58:18,599 [INFO] [162/300] loss 1012.31 | compact 6.91131 | spectral 19.5797 | recons_loss: 0.162067 | sparse_loss: 1.03284 | 
2025-09-05 18:58:18,599 [INFO] [Iter 162] LR: 0.00000001
2025-09-05 18:58:18,601 [INFO] Saving best model at iteration 162
2025-09-05 18:58:18,858 [INFO] [163/300] loss 1012.31 | compact 6.91131 | spectral 19.5797 | recons_loss: 0.162067 | sparse_loss: 1.03284 | 
2025-09-05 18:58:18,859 [INFO] [Iter 163] LR: 0.00000001
2025-09-05 18:58:18,860 [INFO] No improvement: current loss 1012.305710, best loss 1012.305790
2025-09-05 18:58:19,116 [INFO] [164/300] loss 1012.31 | compact 6.91131 | spectral 19.5797 | recons_loss: 0.162067 | sparse_loss: 1.03284 | 
2025-09-05 18:58:19,116 [INFO] [Iter 164] LR: 0.00000001
2025-09-05 18:58:19,118 [INFO] Saving best model at iteration 164
2025-09-05 18:58:19,378 [INFO] [165/300] loss 1012.31 | compact 6.91131 | spectral 19.5797 | recons_loss: 0.162066 | sparse_loss: 1.03284 | 
2025-09-05 18:58:19,379 [INFO] [Iter 165] LR: 0.00000001
2025-09-05 18:58:19,381 [INFO] No improvement: current loss 1012.305574, best loss 1012.305639
2025-09-05 18:58:19,639 [INFO] [166/300] loss 1012.31 | compact 6.91131 | spectral 19.5797 | recons_loss: 0.162066 | sparse_loss: 1.03284 | 
2025-09-05 18:58:19,640 [INFO] [Iter 166] LR: 0.00000001
2025-09-05 18:58:19,642 [INFO] Saving best model at iteration 166
2025-09-05 18:58:19,900 [INFO] [167/300] loss 1012.31 | compact 6.91131 | spectral 19.5797 | recons_loss: 0.162066 | sparse_loss: 1.03284 | 
2025-09-05 18:58:19,900 [INFO] [Iter 167] LR: 0.00000001
2025-09-05 18:58:19,901 [INFO] No improvement: current loss 1012.305464, best loss 1012.305516
2025-09-05 18:58:20,158 [INFO] [168/300] loss 1012.31 | compact 6.91131 | spectral 19.5797 | recons_loss: 0.162066 | sparse_loss: 1.03284 | 
2025-09-05 18:58:20,158 [INFO] [Iter 168] LR: 0.00000001
2025-09-05 18:58:20,159 [INFO] No improvement: current loss 1012.305416, best loss 1012.305516
2025-09-05 18:58:20,417 [INFO] [169/300] loss 1012.31 | compact 6.91131 | spectral 19.5797 | recons_loss: 0.162066 | sparse_loss: 1.03284 | 
2025-09-05 18:58:20,417 [INFO] [Iter 169] LR: 0.00000001
2025-09-05 18:58:20,419 [INFO] Saving best model at iteration 169
2025-09-05 18:58:20,675 [INFO] [170/300] loss 1012.31 | compact 6.91131 | spectral 19.5797 | recons_loss: 0.162066 | sparse_loss: 1.03284 | 
2025-09-05 18:58:20,675 [INFO] [Iter 170] LR: 0.00000001
2025-09-05 18:58:20,677 [INFO] No improvement: current loss 1012.305336, best loss 1012.305374
2025-09-05 18:58:20,944 [INFO] [171/300] loss 1012.31 | compact 6.91131 | spectral 19.5797 | recons_loss: 0.162066 | sparse_loss: 1.03284 | 
2025-09-05 18:58:20,945 [INFO] [Iter 171] LR: 0.00000001
2025-09-05 18:58:20,946 [INFO] No improvement: current loss 1012.305302, best loss 1012.305374
2025-09-05 18:58:21,208 [INFO] [172/300] loss 1012.31 | compact 6.91131 | spectral 19.5797 | recons_loss: 0.162066 | sparse_loss: 1.03284 | 
2025-09-05 18:58:21,209 [INFO] [Iter 172] LR: 0.00000001
2025-09-05 18:58:21,211 [INFO] Saving best model at iteration 172
2025-09-05 18:58:21,481 [INFO] [173/300] loss 1012.31 | compact 6.91131 | spectral 19.5797 | recons_loss: 0.162066 | sparse_loss: 1.03284 | 
2025-09-05 18:58:21,481 [INFO] [Iter 173] LR: 0.00000001
2025-09-05 18:58:21,483 [INFO] No improvement: current loss 1012.305243, best loss 1012.305271
2025-09-05 18:58:21,738 [INFO] [174/300] loss 1012.31 | compact 6.91131 | spectral 19.5797 | recons_loss: 0.162066 | sparse_loss: 1.03284 | 
2025-09-05 18:58:21,739 [INFO] [Iter 174] LR: 0.00000001
2025-09-05 18:58:21,740 [INFO] No improvement: current loss 1012.305218, best loss 1012.305271
2025-09-05 18:58:22,007 [INFO] [175/300] loss 1012.31 | compact 6.91131 | spectral 19.5797 | recons_loss: 0.162066 | sparse_loss: 1.03284 | 
2025-09-05 18:58:22,008 [INFO] [Iter 175] LR: 0.00000001
2025-09-05 18:58:22,010 [INFO] No improvement: current loss 1012.305195, best loss 1012.305271
2025-09-05 18:58:22,266 [INFO] [176/300] loss 1012.31 | compact 6.91131 | spectral 19.5797 | recons_loss: 0.162066 | sparse_loss: 1.03284 | 
2025-09-05 18:58:22,267 [INFO] [Iter 176] LR: 0.00000001
2025-09-05 18:58:22,268 [INFO] No improvement: current loss 1012.305175, best loss 1012.305271
2025-09-05 18:58:22,525 [INFO] [177/300] loss 1012.31 | compact 6.91131 | spectral 19.5797 | recons_loss: 0.162066 | sparse_loss: 1.03284 | 
2025-09-05 18:58:22,525 [INFO] [Iter 177] LR: 0.00000001
2025-09-05 18:58:22,528 [INFO] Saving best model at iteration 177
2025-09-05 18:58:22,797 [INFO] [178/300] loss 1012.31 | compact 6.91131 | spectral 19.5797 | recons_loss: 0.162066 | sparse_loss: 1.03284 | 
2025-09-05 18:58:22,798 [INFO] [Iter 178] LR: 0.00000001
2025-09-05 18:58:22,799 [INFO] No improvement: current loss 1012.305140, best loss 1012.305157
2025-09-05 18:58:23,064 [INFO] [179/300] loss 1012.31 | compact 6.91131 | spectral 19.5797 | recons_loss: 0.162066 | sparse_loss: 1.03284 | 
2025-09-05 18:58:23,065 [INFO] [Iter 179] LR: 0.00000001
2025-09-05 18:58:23,068 [INFO] No improvement: current loss 1012.305126, best loss 1012.305157
2025-09-05 18:58:23,338 [INFO] [180/300] loss 1012.31 | compact 6.91131 | spectral 19.5797 | recons_loss: 0.162066 | sparse_loss: 1.03284 | 
2025-09-05 18:58:23,339 [INFO] [Iter 180] LR: 0.00000001
2025-09-05 18:58:23,341 [INFO] No improvement: current loss 1012.305112, best loss 1012.305157
2025-09-05 18:58:23,599 [INFO] [181/300] loss 1012.31 | compact 6.91131 | spectral 19.5797 | recons_loss: 0.162066 | sparse_loss: 1.03284 | 
2025-09-05 18:58:23,599 [INFO] [Iter 181] LR: 0.00000001
2025-09-05 18:58:23,600 [INFO] No improvement: current loss 1012.305100, best loss 1012.305157
2025-09-05 18:58:23,858 [INFO] [182/300] loss 1012.31 | compact 6.91131 | spectral 19.5797 | recons_loss: 0.162066 | sparse_loss: 1.03284 | 
2025-09-05 18:58:23,858 [INFO] [Iter 182] LR: 0.00000001
2025-09-05 18:58:23,859 [INFO] No improvement: current loss 1012.305090, best loss 1012.305157
2025-09-05 18:58:24,116 [INFO] [183/300] loss 1012.31 | compact 6.91131 | spectral 19.5797 | recons_loss: 0.162066 | sparse_loss: 1.03284 | 
2025-09-05 18:58:24,116 [INFO] [Iter 183] LR: 0.00000001
2025-09-05 18:58:24,118 [INFO] No improvement: current loss 1012.305080, best loss 1012.305157
2025-09-05 18:58:24,375 [INFO] [184/300] loss 1012.31 | compact 6.91131 | spectral 19.5797 | recons_loss: 0.162066 | sparse_loss: 1.03284 | 
2025-09-05 18:58:24,375 [INFO] [Iter 184] LR: 0.00000001
2025-09-05 18:58:24,376 [INFO] No improvement: current loss 1012.305071, best loss 1012.305157
2025-09-05 18:58:24,643 [INFO] [185/300] loss 1012.31 | compact 6.91131 | spectral 19.5797 | recons_loss: 0.162066 | sparse_loss: 1.03284 | 
2025-09-05 18:58:24,644 [INFO] [Iter 185] LR: 0.00000001
2025-09-05 18:58:24,646 [INFO] No improvement: current loss 1012.305063, best loss 1012.305157
2025-09-05 18:58:24,922 [INFO] [186/300] loss 1012.31 | compact 6.91131 | spectral 19.5797 | recons_loss: 0.162066 | sparse_loss: 1.03284 | 
2025-09-05 18:58:24,922 [INFO] [Iter 186] LR: 0.00000001
2025-09-05 18:58:24,924 [INFO] Saving best model at iteration 186
2025-09-05 18:58:25,184 [INFO] [187/300] loss 1012.31 | compact 6.91131 | spectral 19.5797 | recons_loss: 0.162066 | sparse_loss: 1.03284 | 
2025-09-05 18:58:25,184 [INFO] [Iter 187] LR: 0.00000001
2025-09-05 18:58:25,186 [INFO] No improvement: current loss 1012.305050, best loss 1012.305056
2025-09-05 18:58:25,451 [INFO] [188/300] loss 1012.31 | compact 6.91131 | spectral 19.5797 | recons_loss: 0.162066 | sparse_loss: 1.03284 | 
2025-09-05 18:58:25,452 [INFO] [Iter 188] LR: 0.00000001
2025-09-05 18:58:25,453 [INFO] No improvement: current loss 1012.305044, best loss 1012.305056
2025-09-05 18:58:25,712 [INFO] [189/300] loss 1012.31 | compact 6.91131 | spectral 19.5797 | recons_loss: 0.162066 | sparse_loss: 1.03284 | 
2025-09-05 18:58:25,713 [INFO] [Iter 189] LR: 0.00000001
2025-09-05 18:58:25,714 [INFO] No improvement: current loss 1012.305039, best loss 1012.305056
2025-09-05 18:58:25,970 [INFO] [190/300] loss 1012.31 | compact 6.91131 | spectral 19.5797 | recons_loss: 0.162066 | sparse_loss: 1.03284 | 
2025-09-05 18:58:25,970 [INFO] [Iter 190] LR: 0.00000001
2025-09-05 18:58:25,971 [INFO] No improvement: current loss 1012.305034, best loss 1012.305056
2025-09-05 18:58:26,227 [INFO] [191/300] loss 1012.31 | compact 6.91131 | spectral 19.5797 | recons_loss: 0.162066 | sparse_loss: 1.03284 | 
2025-09-05 18:58:26,228 [INFO] [Iter 191] LR: 0.00000001
2025-09-05 18:58:26,229 [INFO] No improvement: current loss 1012.305030, best loss 1012.305056
2025-09-05 18:58:26,488 [INFO] [192/300] loss 1012.31 | compact 6.91131 | spectral 19.5797 | recons_loss: 0.162066 | sparse_loss: 1.03284 | 
2025-09-05 18:58:26,489 [INFO] [Iter 192] LR: 0.00000001
2025-09-05 18:58:26,490 [INFO] No improvement: current loss 1012.305026, best loss 1012.305056
2025-09-05 18:58:26,751 [INFO] [193/300] loss 1012.31 | compact 6.91131 | spectral 19.5797 | recons_loss: 0.162066 | sparse_loss: 1.03284 | 
2025-09-05 18:58:26,751 [INFO] [Iter 193] LR: 0.00000001
2025-09-05 18:58:26,752 [INFO] No improvement: current loss 1012.305023, best loss 1012.305056
2025-09-05 18:58:27,031 [INFO] [194/300] loss 1012.31 | compact 6.91131 | spectral 19.5797 | recons_loss: 0.162066 | sparse_loss: 1.03284 | 
2025-09-05 18:58:27,032 [INFO] [Iter 194] LR: 0.00000001
2025-09-05 18:58:27,033 [INFO] No improvement: current loss 1012.305020, best loss 1012.305056
2025-09-05 18:58:27,296 [INFO] [195/300] loss 1012.31 | compact 6.91131 | spectral 19.5797 | recons_loss: 0.162066 | sparse_loss: 1.03284 | 
2025-09-05 18:58:27,297 [INFO] [Iter 195] LR: 0.00000001
2025-09-05 18:58:27,299 [INFO] No improvement: current loss 1012.305017, best loss 1012.305056
2025-09-05 18:58:27,573 [INFO] [196/300] loss 1012.31 | compact 6.91131 | spectral 19.5797 | recons_loss: 0.162066 | sparse_loss: 1.03284 | 
2025-09-05 18:58:27,573 [INFO] [Iter 196] LR: 0.00000001
2025-09-05 18:58:27,575 [INFO] No improvement: current loss 1012.305015, best loss 1012.305056
2025-09-05 18:58:27,832 [INFO] [197/300] loss 1012.31 | compact 6.91131 | spectral 19.5797 | recons_loss: 0.162066 | sparse_loss: 1.03284 | 
2025-09-05 18:58:27,833 [INFO] [Iter 197] LR: 0.00000001
2025-09-05 18:58:27,835 [INFO] No improvement: current loss 1012.305013, best loss 1012.305056
2025-09-05 18:58:28,102 [INFO] [198/300] loss 1012.31 | compact 6.91131 | spectral 19.5797 | recons_loss: 0.162066 | sparse_loss: 1.03284 | 
2025-09-05 18:58:28,102 [INFO] [Iter 198] LR: 0.00000001
2025-09-05 18:58:28,106 [INFO] No improvement: current loss 1012.305011, best loss 1012.305056
2025-09-05 18:58:28,365 [INFO] [199/300] loss 1012.31 | compact 6.91131 | spectral 19.5797 | recons_loss: 0.162066 | sparse_loss: 1.03284 | 
2025-09-05 18:58:28,366 [INFO] [Iter 199] LR: 0.00000001
2025-09-05 18:58:28,367 [INFO] No improvement: current loss 1012.305009, best loss 1012.305056
2025-09-05 18:58:28,431 [INFO] H: 160, W: 150
2025-09-05 18:58:28,557 [INFO] [0 1 2 3 4 5 6]
2025-09-05 18:58:28,700 [INFO] y_target: [1 2 3 4 5 6 7]
2025-09-05 18:58:28,700 [INFO] y_predict: [0 1 2 3 4 5 6]
2025-09-05 18:58:28,865 [INFO] Epoch = 200 OA = 0.7933 Kappa = 0.7560 NMI = 0.7157
2025-09-05 18:58:29,075 [INFO] [200/300] loss 1012.31 | compact 6.91131 | spectral 19.5797 | recons_loss: 0.162066 | sparse_loss: 1.03284 | 
2025-09-05 18:58:29,076 [INFO] [Iter 200] LR: 0.00000001
2025-09-05 18:58:29,077 [INFO] No improvement: current loss 1012.305007, best loss 1012.305056
2025-09-05 18:58:29,333 [INFO] [201/300] loss 1012.31 | compact 6.91131 | spectral 19.5797 | recons_loss: 0.162066 | sparse_loss: 1.03284 | 
2025-09-05 18:58:29,333 [INFO] [Iter 201] LR: 0.00000001
2025-09-05 18:58:29,334 [INFO] No improvement: current loss 1012.305006, best loss 1012.305056
2025-09-05 18:58:29,591 [INFO] [202/300] loss 1012.31 | compact 6.91131 | spectral 19.5797 | recons_loss: 0.162066 | sparse_loss: 1.03284 | 
2025-09-05 18:58:29,591 [INFO] [Iter 202] LR: 0.00000001
2025-09-05 18:58:29,593 [INFO] No improvement: current loss 1012.305004, best loss 1012.305056
2025-09-05 18:58:29,856 [INFO] [203/300] loss 1012.31 | compact 6.91131 | spectral 19.5797 | recons_loss: 0.162066 | sparse_loss: 1.03284 | 
2025-09-05 18:58:29,857 [INFO] [Iter 203] LR: 0.00000001
2025-09-05 18:58:29,858 [INFO] No improvement: current loss 1012.305003, best loss 1012.305056
2025-09-05 18:58:30,115 [INFO] [204/300] loss 1012.31 | compact 6.91131 | spectral 19.5797 | recons_loss: 0.162066 | sparse_loss: 1.03284 | 
2025-09-05 18:58:30,115 [INFO] [Iter 204] LR: 0.00000001
2025-09-05 18:58:30,117 [INFO] No improvement: current loss 1012.305002, best loss 1012.305056
2025-09-05 18:58:30,379 [INFO] [205/300] loss 1012.31 | compact 6.91131 | spectral 19.5797 | recons_loss: 0.162066 | sparse_loss: 1.03284 | 
2025-09-05 18:58:30,380 [INFO] [Iter 205] LR: 0.00000001
2025-09-05 18:58:30,382 [INFO] No improvement: current loss 1012.305001, best loss 1012.305056
2025-09-05 18:58:30,644 [INFO] [206/300] loss 1012.31 | compact 6.91131 | spectral 19.5797 | recons_loss: 0.162066 | sparse_loss: 1.03284 | 
2025-09-05 18:58:30,644 [INFO] [Iter 206] LR: 0.00000001
2025-09-05 18:58:30,646 [INFO] No improvement: current loss 1012.305000, best loss 1012.305056
2025-09-05 18:58:30,920 [INFO] [207/300] loss 1012.3 | compact 6.91131 | spectral 19.5797 | recons_loss: 0.162066 | sparse_loss: 1.03284 | 
2025-09-05 18:58:30,920 [INFO] [Iter 207] LR: 0.00000001
2025-09-05 18:58:30,922 [INFO] No improvement: current loss 1012.305000, best loss 1012.305056
2025-09-05 18:58:31,181 [INFO] [208/300] loss 1012.3 | compact 6.91131 | spectral 19.5797 | recons_loss: 0.162066 | sparse_loss: 1.03284 | 
2025-09-05 18:58:31,182 [INFO] [Iter 208] LR: 0.00000001
2025-09-05 18:58:31,184 [INFO] No improvement: current loss 1012.304999, best loss 1012.305056
2025-09-05 18:58:31,460 [INFO] [209/300] loss 1012.3 | compact 6.91131 | spectral 19.5797 | recons_loss: 0.162066 | sparse_loss: 1.03284 | 
2025-09-05 18:58:31,460 [INFO] [Iter 209] LR: 0.00000001
2025-09-05 18:58:31,461 [INFO] No improvement: current loss 1012.304998, best loss 1012.305056
2025-09-05 18:58:31,721 [INFO] [210/300] loss 1012.3 | compact 6.91131 | spectral 19.5797 | recons_loss: 0.162066 | sparse_loss: 1.03284 | 
2025-09-05 18:58:31,722 [INFO] [Iter 210] LR: 0.00000001
2025-09-05 18:58:31,724 [INFO] No improvement: current loss 1012.304998, best loss 1012.305056
2025-09-05 18:58:31,994 [INFO] [211/300] loss 1012.3 | compact 6.91131 | spectral 19.5797 | recons_loss: 0.162066 | sparse_loss: 1.03284 | 
2025-09-05 18:58:31,994 [INFO] [Iter 211] LR: 0.00000001
2025-09-05 18:58:31,995 [INFO] No improvement: current loss 1012.304997, best loss 1012.305056
2025-09-05 18:58:32,274 [INFO] [212/300] loss 1012.3 | compact 6.91131 | spectral 19.5797 | recons_loss: 0.162066 | sparse_loss: 1.03284 | 
2025-09-05 18:58:32,274 [INFO] [Iter 212] LR: 0.00000001
2025-09-05 18:58:32,277 [INFO] No improvement: current loss 1012.304997, best loss 1012.305056
2025-09-05 18:58:32,546 [INFO] [213/300] loss 1012.3 | compact 6.91131 | spectral 19.5797 | recons_loss: 0.162066 | sparse_loss: 1.03284 | 
2025-09-05 18:58:32,546 [INFO] [Iter 213] LR: 0.00000001
2025-09-05 18:58:32,550 [INFO] No improvement: current loss 1012.304996, best loss 1012.305056
2025-09-05 18:58:32,809 [INFO] [214/300] loss 1012.3 | compact 6.91131 | spectral 19.5797 | recons_loss: 0.162066 | sparse_loss: 1.03284 | 
2025-09-05 18:58:32,809 [INFO] [Iter 214] LR: 0.00000001
2025-09-05 18:58:32,810 [INFO] No improvement: current loss 1012.304996, best loss 1012.305056
2025-09-05 18:58:33,068 [INFO] [215/300] loss 1012.3 | compact 6.91131 | spectral 19.5797 | recons_loss: 0.162066 | sparse_loss: 1.03284 | 
2025-09-05 18:58:33,069 [INFO] [Iter 215] LR: 0.00000001
2025-09-05 18:58:33,071 [INFO] No improvement: current loss 1012.304996, best loss 1012.305056
2025-09-05 18:58:33,336 [INFO] [216/300] loss 1012.3 | compact 6.91131 | spectral 19.5797 | recons_loss: 0.162066 | sparse_loss: 1.03284 | 
2025-09-05 18:58:33,336 [INFO] [Iter 216] LR: 0.00000001
2025-09-05 18:58:33,338 [INFO] No improvement: current loss 1012.304995, best loss 1012.305056
2025-09-05 18:58:33,598 [INFO] [217/300] loss 1012.3 | compact 6.91131 | spectral 19.5797 | recons_loss: 0.162066 | sparse_loss: 1.03284 | 
2025-09-05 18:58:33,598 [INFO] [Iter 217] LR: 0.00000001
2025-09-05 18:58:33,601 [INFO] No improvement: current loss 1012.304995, best loss 1012.305056
2025-09-05 18:58:33,858 [INFO] [218/300] loss 1012.3 | compact 6.91131 | spectral 19.5797 | recons_loss: 0.162066 | sparse_loss: 1.03284 | 
2025-09-05 18:58:33,858 [INFO] [Iter 218] LR: 0.00000001
2025-09-05 18:58:33,861 [INFO] No improvement: current loss 1012.304995, best loss 1012.305056
2025-09-05 18:58:34,118 [INFO] [219/300] loss 1012.3 | compact 6.91131 | spectral 19.5797 | recons_loss: 0.162066 | sparse_loss: 1.03284 | 
2025-09-05 18:58:34,119 [INFO] [Iter 219] LR: 0.00000001
2025-09-05 18:58:34,121 [INFO] No improvement: current loss 1012.304995, best loss 1012.305056
2025-09-05 18:58:34,381 [INFO] [220/300] loss 1012.3 | compact 6.91131 | spectral 19.5797 | recons_loss: 0.162066 | sparse_loss: 1.03284 | 
2025-09-05 18:58:34,381 [INFO] [Iter 220] LR: 0.00000001
2025-09-05 18:58:34,384 [INFO] No improvement: current loss 1012.304994, best loss 1012.305056
2025-09-05 18:58:34,643 [INFO] [221/300] loss 1012.3 | compact 6.91131 | spectral 19.5797 | recons_loss: 0.162066 | sparse_loss: 1.03284 | 
2025-09-05 18:58:34,644 [INFO] [Iter 221] LR: 0.00000001
2025-09-05 18:58:34,645 [INFO] No improvement: current loss 1012.304994, best loss 1012.305056
2025-09-05 18:58:34,902 [INFO] [222/300] loss 1012.3 | compact 6.91131 | spectral 19.5797 | recons_loss: 0.162066 | sparse_loss: 1.03284 | 
2025-09-05 18:58:34,904 [INFO] [Iter 222] LR: 0.00000001
2025-09-05 18:58:34,906 [INFO] No improvement: current loss 1012.304994, best loss 1012.305056
2025-09-05 18:58:35,184 [INFO] [223/300] loss 1012.3 | compact 6.91131 | spectral 19.5797 | recons_loss: 0.162066 | sparse_loss: 1.03284 | 
2025-09-05 18:58:35,184 [INFO] [Iter 223] LR: 0.00000001
2025-09-05 18:58:35,186 [INFO] No improvement: current loss 1012.304994, best loss 1012.305056
2025-09-05 18:58:35,442 [INFO] [224/300] loss 1012.3 | compact 6.91131 | spectral 19.5797 | recons_loss: 0.162066 | sparse_loss: 1.03284 | 
2025-09-05 18:58:35,443 [INFO] [Iter 224] LR: 0.00000001
2025-09-05 18:58:35,444 [INFO] No improvement: current loss 1012.304994, best loss 1012.305056
2025-09-05 18:58:35,701 [INFO] [225/300] loss 1012.3 | compact 6.91131 | spectral 19.5797 | recons_loss: 0.162066 | sparse_loss: 1.03284 | 
2025-09-05 18:58:35,701 [INFO] [Iter 225] LR: 0.00000001
2025-09-05 18:58:35,702 [INFO] No improvement: current loss 1012.304994, best loss 1012.305056
2025-09-05 18:58:35,960 [INFO] [226/300] loss 1012.3 | compact 6.91131 | spectral 19.5797 | recons_loss: 0.162066 | sparse_loss: 1.03284 | 
2025-09-05 18:58:35,960 [INFO] [Iter 226] LR: 0.00000001
2025-09-05 18:58:35,961 [INFO] No improvement: current loss 1012.304994, best loss 1012.305056
2025-09-05 18:58:36,221 [INFO] [227/300] loss 1012.3 | compact 6.91131 | spectral 19.5797 | recons_loss: 0.162066 | sparse_loss: 1.03284 | 
2025-09-05 18:58:36,221 [INFO] [Iter 227] LR: 0.00000001
2025-09-05 18:58:36,225 [INFO] No improvement: current loss 1012.304994, best loss 1012.305056
2025-09-05 18:58:36,488 [INFO] [228/300] loss 1012.3 | compact 6.91131 | spectral 19.5797 | recons_loss: 0.162066 | sparse_loss: 1.03284 | 
2025-09-05 18:58:36,488 [INFO] [Iter 228] LR: 0.00000001
2025-09-05 18:58:36,489 [INFO] No improvement: current loss 1012.304993, best loss 1012.305056
2025-09-05 18:58:36,746 [INFO] [229/300] loss 1012.3 | compact 6.91131 | spectral 19.5797 | recons_loss: 0.162066 | sparse_loss: 1.03284 | 
2025-09-05 18:58:36,747 [INFO] [Iter 229] LR: 0.00000001
2025-09-05 18:58:36,749 [INFO] No improvement: current loss 1012.304993, best loss 1012.305056
2025-09-05 18:58:37,022 [INFO] [230/300] loss 1012.3 | compact 6.91131 | spectral 19.5797 | recons_loss: 0.162066 | sparse_loss: 1.03284 | 
2025-09-05 18:58:37,022 [INFO] [Iter 230] LR: 0.00000001
2025-09-05 18:58:37,023 [INFO] No improvement: current loss 1012.304993, best loss 1012.305056
2025-09-05 18:58:37,279 [INFO] [231/300] loss 1012.3 | compact 6.91131 | spectral 19.5797 | recons_loss: 0.162066 | sparse_loss: 1.03284 | 
2025-09-05 18:58:37,280 [INFO] [Iter 231] LR: 0.00000001
2025-09-05 18:58:37,283 [INFO] No improvement: current loss 1012.304993, best loss 1012.305056
2025-09-05 18:58:37,553 [INFO] [232/300] loss 1012.3 | compact 6.91131 | spectral 19.5797 | recons_loss: 0.162066 | sparse_loss: 1.03284 | 
2025-09-05 18:58:37,553 [INFO] [Iter 232] LR: 0.00000001
2025-09-05 18:58:37,555 [INFO] No improvement: current loss 1012.304993, best loss 1012.305056
2025-09-05 18:58:37,814 [INFO] [233/300] loss 1012.3 | compact 6.91131 | spectral 19.5797 | recons_loss: 0.162066 | sparse_loss: 1.03284 | 
2025-09-05 18:58:37,814 [INFO] [Iter 233] LR: 0.00000001
2025-09-05 18:58:37,816 [INFO] No improvement: current loss 1012.304993, best loss 1012.305056
2025-09-05 18:58:38,079 [INFO] [234/300] loss 1012.3 | compact 6.91131 | spectral 19.5797 | recons_loss: 0.162066 | sparse_loss: 1.03284 | 
2025-09-05 18:58:38,079 [INFO] [Iter 234] LR: 0.00000001
2025-09-05 18:58:38,082 [INFO] No improvement: current loss 1012.304993, best loss 1012.305056
2025-09-05 18:58:38,362 [INFO] [235/300] loss 1012.3 | compact 6.91131 | spectral 19.5797 | recons_loss: 0.162066 | sparse_loss: 1.03284 | 
2025-09-05 18:58:38,363 [INFO] [Iter 235] LR: 0.00000001
2025-09-05 18:58:38,364 [INFO] No improvement: current loss 1012.304993, best loss 1012.305056
2025-09-05 18:58:38,631 [INFO] [236/300] loss 1012.3 | compact 6.91131 | spectral 19.5797 | recons_loss: 0.162066 | sparse_loss: 1.03284 | 
2025-09-05 18:58:38,632 [INFO] [Iter 236] LR: 0.00000001
2025-09-05 18:58:38,634 [INFO] No improvement: current loss 1012.304993, best loss 1012.305056
2025-09-05 18:58:38,909 [INFO] [237/300] loss 1012.3 | compact 6.91131 | spectral 19.5797 | recons_loss: 0.162066 | sparse_loss: 1.03284 | 
2025-09-05 18:58:38,910 [INFO] [Iter 237] LR: 0.00000001
2025-09-05 18:58:38,911 [INFO] No improvement: current loss 1012.304993, best loss 1012.305056
2025-09-05 18:58:39,172 [INFO] [238/300] loss 1012.3 | compact 6.91131 | spectral 19.5797 | recons_loss: 0.162066 | sparse_loss: 1.03284 | 
2025-09-05 18:58:39,172 [INFO] [Iter 238] LR: 0.00000001
2025-09-05 18:58:39,174 [INFO] No improvement: current loss 1012.304993, best loss 1012.305056
2025-09-05 18:58:39,431 [INFO] [239/300] loss 1012.3 | compact 6.91131 | spectral 19.5797 | recons_loss: 0.162066 | sparse_loss: 1.03284 | 
2025-09-05 18:58:39,431 [INFO] [Iter 239] LR: 0.00000001
2025-09-05 18:58:39,432 [INFO] No improvement: current loss 1012.304993, best loss 1012.305056
2025-09-05 18:58:39,701 [INFO] [240/300] loss 1012.3 | compact 6.91131 | spectral 19.5797 | recons_loss: 0.162066 | sparse_loss: 1.03284 | 
2025-09-05 18:58:39,701 [INFO] [Iter 240] LR: 0.00000001
2025-09-05 18:58:39,702 [INFO] No improvement: current loss 1012.304993, best loss 1012.305056
2025-09-05 18:58:39,960 [INFO] [241/300] loss 1012.3 | compact 6.91131 | spectral 19.5797 | recons_loss: 0.162066 | sparse_loss: 1.03284 | 
2025-09-05 18:58:39,960 [INFO] [Iter 241] LR: 0.00000001
2025-09-05 18:58:39,963 [INFO] No improvement: current loss 1012.304993, best loss 1012.305056
2025-09-05 18:58:40,221 [INFO] [242/300] loss 1012.3 | compact 6.91131 | spectral 19.5797 | recons_loss: 0.162066 | sparse_loss: 1.03284 | 
2025-09-05 18:58:40,222 [INFO] [Iter 242] LR: 0.00000001
2025-09-05 18:58:40,223 [INFO] No improvement: current loss 1012.304993, best loss 1012.305056
2025-09-05 18:58:40,480 [INFO] [243/300] loss 1012.3 | compact 6.91131 | spectral 19.5797 | recons_loss: 0.162066 | sparse_loss: 1.03284 | 
2025-09-05 18:58:40,481 [INFO] [Iter 243] LR: 0.00000001
2025-09-05 18:58:40,482 [INFO] No improvement: current loss 1012.304993, best loss 1012.305056
2025-09-05 18:58:40,738 [INFO] [244/300] loss 1012.3 | compact 6.91131 | spectral 19.5797 | recons_loss: 0.162066 | sparse_loss: 1.03284 | 
2025-09-05 18:58:40,739 [INFO] [Iter 244] LR: 0.00000001
2025-09-05 18:58:40,740 [INFO] No improvement: current loss 1012.304993, best loss 1012.305056
2025-09-05 18:58:40,997 [INFO] [245/300] loss 1012.3 | compact 6.91131 | spectral 19.5797 | recons_loss: 0.162066 | sparse_loss: 1.03284 | 
2025-09-05 18:58:40,998 [INFO] [Iter 245] LR: 0.00000001
2025-09-05 18:58:41,000 [INFO] No improvement: current loss 1012.304993, best loss 1012.305056
2025-09-05 18:58:41,261 [INFO] [246/300] loss 1012.3 | compact 6.91131 | spectral 19.5797 | recons_loss: 0.162066 | sparse_loss: 1.03284 | 
2025-09-05 18:58:41,261 [INFO] [Iter 246] LR: 0.00000001
2025-09-05 18:58:41,262 [INFO] No improvement: current loss 1012.304993, best loss 1012.305056
2025-09-05 18:58:41,522 [INFO] [247/300] loss 1012.3 | compact 6.91131 | spectral 19.5797 | recons_loss: 0.162066 | sparse_loss: 1.03284 | 
2025-09-05 18:58:41,522 [INFO] [Iter 247] LR: 0.00000001
2025-09-05 18:58:41,525 [INFO] No improvement: current loss 1012.304993, best loss 1012.305056
2025-09-05 18:58:41,783 [INFO] [248/300] loss 1012.3 | compact 6.91131 | spectral 19.5797 | recons_loss: 0.162066 | sparse_loss: 1.03284 | 
2025-09-05 18:58:41,784 [INFO] [Iter 248] LR: 0.00000001
2025-09-05 18:58:41,786 [INFO] No improvement: current loss 1012.304993, best loss 1012.305056
2025-09-05 18:58:42,048 [INFO] [249/300] loss 1012.3 | compact 6.91131 | spectral 19.5797 | recons_loss: 0.162066 | sparse_loss: 1.03284 | 
2025-09-05 18:58:42,049 [INFO] [Iter 249] LR: 0.00000001
2025-09-05 18:58:42,050 [INFO] No improvement: current loss 1012.304993, best loss 1012.305056
2025-09-05 18:58:42,112 [INFO] H: 160, W: 150
2025-09-05 18:58:42,221 [INFO] [0 1 2 3 4 5 6]
2025-09-05 18:58:42,390 [INFO] y_target: [1 2 3 4 5 6 7]
2025-09-05 18:58:42,391 [INFO] y_predict: [0 1 2 3 4 5 6]
2025-09-05 18:58:42,542 [INFO] Epoch = 250 OA = 0.7933 Kappa = 0.7560 NMI = 0.7157
2025-09-05 18:58:42,753 [INFO] [250/300] loss 1012.3 | compact 6.91131 | spectral 19.5797 | recons_loss: 0.162066 | sparse_loss: 1.03284 | 
2025-09-05 18:58:42,753 [INFO] [Iter 250] LR: 0.00000001
2025-09-05 18:58:42,754 [INFO] No improvement: current loss 1012.304993, best loss 1012.305056
2025-09-05 18:58:43,012 [INFO] [251/300] loss 1012.3 | compact 6.91131 | spectral 19.5797 | recons_loss: 0.162066 | sparse_loss: 1.03284 | 
2025-09-05 18:58:43,013 [INFO] [Iter 251] LR: 0.00000001
2025-09-05 18:58:43,014 [INFO] No improvement: current loss 1012.304993, best loss 1012.305056
2025-09-05 18:58:43,296 [INFO] [252/300] loss 1012.3 | compact 6.91131 | spectral 19.5797 | recons_loss: 0.162066 | sparse_loss: 1.03284 | 
2025-09-05 18:58:43,297 [INFO] [Iter 252] LR: 0.00000001
2025-09-05 18:58:43,299 [INFO] No improvement: current loss 1012.304993, best loss 1012.305056
2025-09-05 18:58:43,561 [INFO] [253/300] loss 1012.3 | compact 6.91131 | spectral 19.5797 | recons_loss: 0.162066 | sparse_loss: 1.03284 | 
2025-09-05 18:58:43,561 [INFO] [Iter 253] LR: 0.00000001
2025-09-05 18:58:43,563 [INFO] No improvement: current loss 1012.304993, best loss 1012.305056
2025-09-05 18:58:43,820 [INFO] [254/300] loss 1012.3 | compact 6.91131 | spectral 19.5797 | recons_loss: 0.162066 | sparse_loss: 1.03284 | 
2025-09-05 18:58:43,821 [INFO] [Iter 254] LR: 0.00000001
2025-09-05 18:58:43,822 [INFO] No improvement: current loss 1012.304993, best loss 1012.305056
2025-09-05 18:58:44,079 [INFO] [255/300] loss 1012.3 | compact 6.91131 | spectral 19.5797 | recons_loss: 0.162066 | sparse_loss: 1.03284 | 
2025-09-05 18:58:44,080 [INFO] [Iter 255] LR: 0.00000001
2025-09-05 18:58:44,081 [INFO] No improvement: current loss 1012.304993, best loss 1012.305056
2025-09-05 18:58:44,338 [INFO] [256/300] loss 1012.3 | compact 6.91131 | spectral 19.5797 | recons_loss: 0.162066 | sparse_loss: 1.03284 | 
2025-09-05 18:58:44,338 [INFO] [Iter 256] LR: 0.00000001
2025-09-05 18:58:44,340 [INFO] No improvement: current loss 1012.304993, best loss 1012.305056
2025-09-05 18:58:44,598 [INFO] [257/300] loss 1012.3 | compact 6.91131 | spectral 19.5797 | recons_loss: 0.162066 | sparse_loss: 1.03284 | 
2025-09-05 18:58:44,598 [INFO] [Iter 257] LR: 0.00000001
2025-09-05 18:58:44,600 [INFO] No improvement: current loss 1012.304993, best loss 1012.305056
2025-09-05 18:58:44,857 [INFO] [258/300] loss 1012.3 | compact 6.91131 | spectral 19.5797 | recons_loss: 0.162066 | sparse_loss: 1.03284 | 
2025-09-05 18:58:44,858 [INFO] [Iter 258] LR: 0.00000001
2025-09-05 18:58:44,860 [INFO] No improvement: current loss 1012.304993, best loss 1012.305056
2025-09-05 18:58:45,119 [INFO] [259/300] loss 1012.3 | compact 6.91131 | spectral 19.5797 | recons_loss: 0.162066 | sparse_loss: 1.03284 | 
2025-09-05 18:58:45,120 [INFO] [Iter 259] LR: 0.00000001
2025-09-05 18:58:45,121 [INFO] No improvement: current loss 1012.304993, best loss 1012.305056
2025-09-05 18:58:45,387 [INFO] [260/300] loss 1012.3 | compact 6.91131 | spectral 19.5797 | recons_loss: 0.162066 | sparse_loss: 1.03284 | 
2025-09-05 18:58:45,387 [INFO] [Iter 260] LR: 0.00000001
2025-09-05 18:58:45,389 [INFO] No improvement: current loss 1012.304993, best loss 1012.305056
2025-09-05 18:58:45,646 [INFO] [261/300] loss 1012.3 | compact 6.91131 | spectral 19.5797 | recons_loss: 0.162066 | sparse_loss: 1.03284 | 
2025-09-05 18:58:45,647 [INFO] [Iter 261] LR: 0.00000001
2025-09-05 18:58:45,648 [INFO] No improvement: current loss 1012.304993, best loss 1012.305056
2025-09-05 18:58:45,928 [INFO] [262/300] loss 1012.3 | compact 6.91131 | spectral 19.5797 | recons_loss: 0.162066 | sparse_loss: 1.03284 | 
2025-09-05 18:58:45,928 [INFO] [Iter 262] LR: 0.00000001
2025-09-05 18:58:45,929 [INFO] No improvement: current loss 1012.304993, best loss 1012.305056
2025-09-05 18:58:46,189 [INFO] [263/300] loss 1012.3 | compact 6.91131 | spectral 19.5797 | recons_loss: 0.162066 | sparse_loss: 1.03284 | 
2025-09-05 18:58:46,191 [INFO] [Iter 263] LR: 0.00000001
2025-09-05 18:58:46,193 [INFO] No improvement: current loss 1012.304993, best loss 1012.305056
2025-09-05 18:58:46,451 [INFO] [264/300] loss 1012.3 | compact 6.91131 | spectral 19.5797 | recons_loss: 0.162066 | sparse_loss: 1.03284 | 
2025-09-05 18:58:46,451 [INFO] [Iter 264] LR: 0.00000001
2025-09-05 18:58:46,452 [INFO] No improvement: current loss 1012.304993, best loss 1012.305056
2025-09-05 18:58:46,709 [INFO] [265/300] loss 1012.3 | compact 6.91131 | spectral 19.5797 | recons_loss: 0.162066 | sparse_loss: 1.03284 | 
2025-09-05 18:58:46,710 [INFO] [Iter 265] LR: 0.00000001
2025-09-05 18:58:46,711 [INFO] No improvement: current loss 1012.304993, best loss 1012.305056
2025-09-05 18:58:46,990 [INFO] [266/300] loss 1012.3 | compact 6.91131 | spectral 19.5797 | recons_loss: 0.162066 | sparse_loss: 1.03284 | 
2025-09-05 18:58:46,990 [INFO] [Iter 266] LR: 0.00000001
2025-09-05 18:58:46,991 [INFO] No improvement: current loss 1012.304993, best loss 1012.305056
2025-09-05 18:58:47,249 [INFO] [267/300] loss 1012.3 | compact 6.91131 | spectral 19.5797 | recons_loss: 0.162066 | sparse_loss: 1.03284 | 
2025-09-05 18:58:47,249 [INFO] [Iter 267] LR: 0.00000001
2025-09-05 18:58:47,250 [INFO] No improvement: current loss 1012.304993, best loss 1012.305056
2025-09-05 18:58:47,514 [INFO] [268/300] loss 1012.3 | compact 6.91131 | spectral 19.5797 | recons_loss: 0.162066 | sparse_loss: 1.03284 | 
2025-09-05 18:58:47,514 [INFO] [Iter 268] LR: 0.00000001
2025-09-05 18:58:47,517 [INFO] No improvement: current loss 1012.304993, best loss 1012.305056
2025-09-05 18:58:47,779 [INFO] [269/300] loss 1012.3 | compact 6.91131 | spectral 19.5797 | recons_loss: 0.162066 | sparse_loss: 1.03284 | 
2025-09-05 18:58:47,779 [INFO] [Iter 269] LR: 0.00000001
2025-09-05 18:58:47,782 [INFO] No improvement: current loss 1012.304993, best loss 1012.305056
2025-09-05 18:58:48,046 [INFO] [270/300] loss 1012.3 | compact 6.91131 | spectral 19.5797 | recons_loss: 0.162066 | sparse_loss: 1.03284 | 
2025-09-05 18:58:48,047 [INFO] [Iter 270] LR: 0.00000001
2025-09-05 18:58:48,048 [INFO] No improvement: current loss 1012.304993, best loss 1012.305056
2025-09-05 18:58:48,314 [INFO] [271/300] loss 1012.3 | compact 6.91131 | spectral 19.5797 | recons_loss: 0.162066 | sparse_loss: 1.03284 | 
2025-09-05 18:58:48,314 [INFO] [Iter 271] LR: 0.00000001
2025-09-05 18:58:48,315 [INFO] No improvement: current loss 1012.304993, best loss 1012.305056
2025-09-05 18:58:48,572 [INFO] [272/300] loss 1012.3 | compact 6.91131 | spectral 19.5797 | recons_loss: 0.162066 | sparse_loss: 1.03284 | 
2025-09-05 18:58:48,572 [INFO] [Iter 272] LR: 0.00000001
2025-09-05 18:58:48,573 [INFO] No improvement: current loss 1012.304993, best loss 1012.305056
2025-09-05 18:58:48,837 [INFO] [273/300] loss 1012.3 | compact 6.91131 | spectral 19.5797 | recons_loss: 0.162066 | sparse_loss: 1.03284 | 
2025-09-05 18:58:48,837 [INFO] [Iter 273] LR: 0.00000001
2025-09-05 18:58:48,838 [INFO] No improvement: current loss 1012.304993, best loss 1012.305056
2025-09-05 18:58:49,101 [INFO] [274/300] loss 1012.3 | compact 6.91131 | spectral 19.5797 | recons_loss: 0.162066 | sparse_loss: 1.03284 | 
2025-09-05 18:58:49,101 [INFO] [Iter 274] LR: 0.00000001
2025-09-05 18:58:49,102 [INFO] No improvement: current loss 1012.304993, best loss 1012.305056
2025-09-05 18:58:49,360 [INFO] [275/300] loss 1012.3 | compact 6.91131 | spectral 19.5797 | recons_loss: 0.162066 | sparse_loss: 1.03284 | 
2025-09-05 18:58:49,361 [INFO] [Iter 275] LR: 0.00000001
2025-09-05 18:58:49,362 [INFO] No improvement: current loss 1012.304993, best loss 1012.305056
2025-09-05 18:58:49,629 [INFO] [276/300] loss 1012.3 | compact 6.91131 | spectral 19.5797 | recons_loss: 0.162066 | sparse_loss: 1.03284 | 
2025-09-05 18:58:49,629 [INFO] [Iter 276] LR: 0.00000001
2025-09-05 18:58:49,631 [INFO] No improvement: current loss 1012.304993, best loss 1012.305056
2025-09-05 18:58:49,887 [INFO] [277/300] loss 1012.3 | compact 6.91131 | spectral 19.5797 | recons_loss: 0.162066 | sparse_loss: 1.03284 | 
2025-09-05 18:58:49,888 [INFO] [Iter 277] LR: 0.00000001
2025-09-05 18:58:49,889 [INFO] No improvement: current loss 1012.304993, best loss 1012.305056
2025-09-05 18:58:50,147 [INFO] [278/300] loss 1012.3 | compact 6.91131 | spectral 19.5797 | recons_loss: 0.162066 | sparse_loss: 1.03284 | 
2025-09-05 18:58:50,147 [INFO] [Iter 278] LR: 0.00000001
2025-09-05 18:58:50,149 [INFO] No improvement: current loss 1012.304993, best loss 1012.305056
2025-09-05 18:58:50,407 [INFO] [279/300] loss 1012.3 | compact 6.91131 | spectral 19.5797 | recons_loss: 0.162066 | sparse_loss: 1.03284 | 
2025-09-05 18:58:50,408 [INFO] [Iter 279] LR: 0.00000001
2025-09-05 18:58:50,409 [INFO] No improvement: current loss 1012.304993, best loss 1012.305056
2025-09-05 18:58:50,682 [INFO] [280/300] loss 1012.3 | compact 6.91131 | spectral 19.5797 | recons_loss: 0.162066 | sparse_loss: 1.03284 | 
2025-09-05 18:58:50,683 [INFO] [Iter 280] LR: 0.00000001
2025-09-05 18:58:50,685 [INFO] No improvement: current loss 1012.304993, best loss 1012.305056
2025-09-05 18:58:50,947 [INFO] [281/300] loss 1012.3 | compact 6.91131 | spectral 19.5797 | recons_loss: 0.162066 | sparse_loss: 1.03284 | 
2025-09-05 18:58:50,948 [INFO] [Iter 281] LR: 0.00000001
2025-09-05 18:58:50,949 [INFO] No improvement: current loss 1012.304993, best loss 1012.305056
2025-09-05 18:58:51,205 [INFO] [282/300] loss 1012.3 | compact 6.91131 | spectral 19.5797 | recons_loss: 0.162066 | sparse_loss: 1.03284 | 
2025-09-05 18:58:51,205 [INFO] [Iter 282] LR: 0.00000001
2025-09-05 18:58:51,207 [INFO] No improvement: current loss 1012.304993, best loss 1012.305056
2025-09-05 18:58:51,464 [INFO] [283/300] loss 1012.3 | compact 6.91131 | spectral 19.5797 | recons_loss: 0.162066 | sparse_loss: 1.03284 | 
2025-09-05 18:58:51,465 [INFO] [Iter 283] LR: 0.00000001
2025-09-05 18:58:51,467 [INFO] No improvement: current loss 1012.304993, best loss 1012.305056
2025-09-05 18:58:51,727 [INFO] [284/300] loss 1012.3 | compact 6.91131 | spectral 19.5797 | recons_loss: 0.162066 | sparse_loss: 1.03284 | 
2025-09-05 18:58:51,728 [INFO] [Iter 284] LR: 0.00000001
2025-09-05 18:58:51,730 [INFO] No improvement: current loss 1012.304993, best loss 1012.305056
2025-09-05 18:58:51,989 [INFO] [285/300] loss 1012.3 | compact 6.91131 | spectral 19.5797 | recons_loss: 0.162066 | sparse_loss: 1.03284 | 
2025-09-05 18:58:51,989 [INFO] [Iter 285] LR: 0.00000001
2025-09-05 18:58:51,990 [INFO] No improvement: current loss 1012.304993, best loss 1012.305056
2025-09-05 18:58:52,247 [INFO] [286/300] loss 1012.3 | compact 6.91131 | spectral 19.5797 | recons_loss: 0.162066 | sparse_loss: 1.03284 | 
2025-09-05 18:58:52,248 [INFO] [Iter 286] LR: 0.00000001
2025-09-05 18:58:52,250 [INFO] No improvement: current loss 1012.304993, best loss 1012.305056
2025-09-05 18:58:52,521 [INFO] [287/300] loss 1012.3 | compact 6.91131 | spectral 19.5797 | recons_loss: 0.162066 | sparse_loss: 1.03284 | 
2025-09-05 18:58:52,521 [INFO] [Iter 287] LR: 0.00000001
2025-09-05 18:58:52,522 [INFO] No improvement: current loss 1012.304993, best loss 1012.305056
2025-09-05 18:58:52,780 [INFO] [288/300] loss 1012.3 | compact 6.91131 | spectral 19.5797 | recons_loss: 0.162066 | sparse_loss: 1.03284 | 
2025-09-05 18:58:52,781 [INFO] [Iter 288] LR: 0.00000001
2025-09-05 18:58:52,783 [INFO] No improvement: current loss 1012.304993, best loss 1012.305056
2025-09-05 18:58:53,045 [INFO] [289/300] loss 1012.3 | compact 6.91131 | spectral 19.5797 | recons_loss: 0.162066 | sparse_loss: 1.03284 | 
2025-09-05 18:58:53,046 [INFO] [Iter 289] LR: 0.00000001
2025-09-05 18:58:53,047 [INFO] No improvement: current loss 1012.304993, best loss 1012.305056
2025-09-05 18:58:53,321 [INFO] [290/300] loss 1012.3 | compact 6.91131 | spectral 19.5797 | recons_loss: 0.162066 | sparse_loss: 1.03284 | 
2025-09-05 18:58:53,321 [INFO] [Iter 290] LR: 0.00000001
2025-09-05 18:58:53,322 [INFO] No improvement: current loss 1012.304993, best loss 1012.305056
2025-09-05 18:58:53,596 [INFO] [291/300] loss 1012.3 | compact 6.91131 | spectral 19.5797 | recons_loss: 0.162066 | sparse_loss: 1.03284 | 
2025-09-05 18:58:53,596 [INFO] [Iter 291] LR: 0.00000001
2025-09-05 18:58:53,598 [INFO] No improvement: current loss 1012.304993, best loss 1012.305056
2025-09-05 18:58:53,858 [INFO] [292/300] loss 1012.3 | compact 6.91131 | spectral 19.5797 | recons_loss: 0.162066 | sparse_loss: 1.03284 | 
2025-09-05 18:58:53,858 [INFO] [Iter 292] LR: 0.00000001
2025-09-05 18:58:53,860 [INFO] No improvement: current loss 1012.304993, best loss 1012.305056
2025-09-05 18:58:54,130 [INFO] [293/300] loss 1012.3 | compact 6.91131 | spectral 19.5797 | recons_loss: 0.162066 | sparse_loss: 1.03284 | 
2025-09-05 18:58:54,131 [INFO] [Iter 293] LR: 0.00000001
2025-09-05 18:58:54,132 [INFO] No improvement: current loss 1012.304993, best loss 1012.305056
2025-09-05 18:58:54,388 [INFO] [294/300] loss 1012.3 | compact 6.91131 | spectral 19.5797 | recons_loss: 0.162066 | sparse_loss: 1.03284 | 
2025-09-05 18:58:54,388 [INFO] [Iter 294] LR: 0.00000001
2025-09-05 18:58:54,390 [INFO] No improvement: current loss 1012.304993, best loss 1012.305056
2025-09-05 18:58:54,648 [INFO] [295/300] loss 1012.3 | compact 6.91131 | spectral 19.5797 | recons_loss: 0.162066 | sparse_loss: 1.03284 | 
2025-09-05 18:58:54,648 [INFO] [Iter 295] LR: 0.00000001
2025-09-05 18:58:54,650 [INFO] No improvement: current loss 1012.304993, best loss 1012.305056
2025-09-05 18:58:54,922 [INFO] [296/300] loss 1012.3 | compact 6.91131 | spectral 19.5797 | recons_loss: 0.162066 | sparse_loss: 1.03284 | 
2025-09-05 18:58:54,923 [INFO] [Iter 296] LR: 0.00000001
2025-09-05 18:58:54,925 [INFO] No improvement: current loss 1012.304993, best loss 1012.305056
2025-09-05 18:58:55,184 [INFO] [297/300] loss 1012.3 | compact 6.91131 | spectral 19.5797 | recons_loss: 0.162066 | sparse_loss: 1.03284 | 
2025-09-05 18:58:55,185 [INFO] [Iter 297] LR: 0.00000001
2025-09-05 18:58:55,186 [INFO] No improvement: current loss 1012.304993, best loss 1012.305056
2025-09-05 18:58:55,443 [INFO] [298/300] loss 1012.3 | compact 6.91131 | spectral 19.5797 | recons_loss: 0.162066 | sparse_loss: 1.03284 | 
2025-09-05 18:58:55,443 [INFO] [Iter 298] LR: 0.00000001
2025-09-05 18:58:55,445 [INFO] No improvement: current loss 1012.304993, best loss 1012.305056
2025-09-05 18:58:55,504 [INFO] H: 160, W: 150
2025-09-05 18:58:55,622 [INFO] [0 1 2 3 4 5 6]
2025-09-05 18:58:55,775 [INFO] y_target: [1 2 3 4 5 6 7]
2025-09-05 18:58:55,776 [INFO] y_predict: [0 1 2 3 4 5 6]
2025-09-05 18:58:55,941 [INFO] Epoch = 299 OA = 0.7933 Kappa = 0.7560 NMI = 0.7157
2025-09-05 18:58:56,152 [INFO] [299/300] loss 1012.3 | compact 6.91131 | spectral 19.5797 | recons_loss: 0.162066 | sparse_loss: 1.03284 | 
2025-09-05 18:58:56,153 [INFO] [Iter 299] LR: 0.00000001
2025-09-05 18:58:56,154 [INFO] No improvement: current loss 1012.304993, best loss 1012.305056
2025-09-05 18:58:56,154 [INFO] Training finished. Best model loaded.
