2025-07-20 19:45:35,477 [INFO] ========== Training Configuration ==========
2025-07-20 19:45:35,477 [INFO] out_dir: ./log
2025-07-20 19:45:35,477 [INFO] lr: 0.1
2025-07-20 19:45:35,477 [INFO] train_iter: 300
2025-07-20 19:45:35,477 [INFO] niter: 5
2025-07-20 19:45:35,477 [INFO] nspix: 300
2025-07-20 19:45:35,477 [INFO] weight: weight
2025-07-20 19:45:35,478 [INFO] weight_representation: 70.0
2025-07-20 19:45:35,478 [INFO] weight_noise: 50.0
2025-07-20 19:45:35,478 [INFO] dataset: salinas
2025-07-20 19:45:35,478 [INFO] device: cuda:0
2025-07-20 19:45:35,478 [INFO] log: salinas10
2025-07-20 19:45:35,478 [INFO] ============================================
2025-07-20 19:45:39,471 [INFO] H: 217, W: 512
2025-07-20 19:45:39,655 [INFO] [ 0  1  2  3  4  5  6  7  8  9 10 11 12 13 14 15]
2025-07-20 19:45:39,882 [INFO] y_target: [ 1  2  3  4  5  6  7  8  9 10 11 12 13 14 15 16]
2025-07-20 19:45:39,882 [INFO] y_predict: [ 0  1  2  3  4  5  6  7  8  9 10 11 12 13 14 15]
2025-07-20 19:45:40,048 [INFO] Epoch = 0 OA = 0.7890 Kappa = 0.7639 NMI = 0.8220
2025-07-20 19:45:41,491 [INFO] [0/300] loss 564.303 | compact 7.98027 | spectral 5.82192 | recons_loss: 0.392664 | sparse_loss: 1.06383 | 
2025-07-20 19:45:41,491 [INFO] [Iter 0] LR: 0.10000000
2025-07-20 19:45:41,492 [INFO] Saving best model at iteration 0
2025-07-20 19:45:43,218 [INFO] [1/300] loss 563.992 | compact 7.97908 | spectral 5.819 | recons_loss: 0.390957 | sparse_loss: 1.06369 | 
2025-07-20 19:45:43,219 [INFO] [Iter 1] LR: 0.10000000
2025-07-20 19:45:43,221 [INFO] Saving best model at iteration 1
2025-07-20 19:45:44,952 [INFO] [2/300] loss 563.483 | compact 7.97868 | spectral 5.81346 | recons_loss: 0.387946 | sparse_loss: 1.06347 | 
2025-07-20 19:45:44,952 [INFO] [Iter 2] LR: 0.10000000
2025-07-20 19:45:44,953 [INFO] Saving best model at iteration 2
2025-07-20 19:45:46,689 [INFO] [3/300] loss 562.856 | compact 7.9784 | spectral 5.80669 | recons_loss: 0.383937 | sparse_loss: 1.06318 | 
2025-07-20 19:45:46,689 [INFO] [Iter 3] LR: 0.10000000
2025-07-20 19:45:46,690 [INFO] Saving best model at iteration 3
2025-07-20 19:45:48,414 [INFO] [4/300] loss 562.163 | compact 7.97871 | spectral 5.79807 | recons_loss: 0.379199 | sparse_loss: 1.06287 | 
2025-07-20 19:45:48,415 [INFO] [Iter 4] LR: 0.10000000
2025-07-20 19:45:48,416 [INFO] Saving best model at iteration 4
2025-07-20 19:45:50,144 [INFO] [5/300] loss 561.442 | compact 7.98114 | spectral 5.78919 | recons_loss: 0.373973 | sparse_loss: 1.06254 | 
2025-07-20 19:45:50,144 [INFO] [Iter 5] LR: 0.10000000
2025-07-20 19:45:50,146 [INFO] Saving best model at iteration 5
2025-07-20 19:45:51,884 [INFO] [6/300] loss 560.709 | compact 7.98505 | spectral 5.77759 | recons_loss: 0.368443 | sparse_loss: 1.06217 | 
2025-07-20 19:45:51,885 [INFO] [Iter 6] LR: 0.10000000
2025-07-20 19:45:51,887 [INFO] Saving best model at iteration 6
2025-07-20 19:45:53,611 [INFO] [7/300] loss 559.982 | compact 7.98793 | spectral 5.76724 | recons_loss: 0.362754 | sparse_loss: 1.0618 | 
2025-07-20 19:45:53,611 [INFO] [Iter 7] LR: 0.10000000
2025-07-20 19:45:53,613 [INFO] Saving best model at iteration 7
2025-07-20 19:45:55,359 [INFO] [8/300] loss 559.267 | compact 7.99185 | spectral 5.75703 | recons_loss: 0.357004 | sparse_loss: 1.06142 | 
2025-07-20 19:45:55,359 [INFO] [Iter 8] LR: 0.10000000
2025-07-20 19:45:55,360 [INFO] Saving best model at iteration 8
2025-07-20 19:45:57,089 [INFO] [9/300] loss 558.572 | compact 7.99606 | spectral 5.74903 | recons_loss: 0.351288 | sparse_loss: 1.06104 | 
2025-07-20 19:45:57,089 [INFO] [Iter 9] LR: 0.10000000
2025-07-20 19:45:57,090 [INFO] Saving best model at iteration 9
2025-07-20 19:45:58,820 [INFO] [10/300] loss 557.904 | compact 8.00046 | spectral 5.74093 | recons_loss: 0.345705 | sparse_loss: 1.06068 | 
2025-07-20 19:45:58,820 [INFO] [Iter 10] LR: 0.10000000
2025-07-20 19:45:58,822 [INFO] Saving best model at iteration 10
2025-07-20 19:46:00,549 [INFO] [11/300] loss 557.262 | compact 8.00492 | spectral 5.73395 | recons_loss: 0.340299 | sparse_loss: 1.06033 | 
2025-07-20 19:46:00,549 [INFO] [Iter 11] LR: 0.10000000
2025-07-20 19:46:00,552 [INFO] Saving best model at iteration 11
2025-07-20 19:46:02,285 [INFO] [12/300] loss 556.646 | compact 8.00993 | spectral 5.72861 | recons_loss: 0.33509 | sparse_loss: 1.06 | 
2025-07-20 19:46:02,285 [INFO] [Iter 12] LR: 0.10000000
2025-07-20 19:46:02,286 [INFO] Saving best model at iteration 12
2025-07-20 19:46:04,013 [INFO] [13/300] loss 556.053 | compact 8.0166 | spectral 5.72341 | recons_loss: 0.330107 | sparse_loss: 1.0597 | 
2025-07-20 19:46:04,013 [INFO] [Iter 13] LR: 0.10000000
2025-07-20 19:46:04,015 [INFO] Saving best model at iteration 13
2025-07-20 19:46:05,759 [INFO] [14/300] loss 555.484 | compact 8.02397 | spectral 5.71826 | recons_loss: 0.325366 | sparse_loss: 1.05943 | 
2025-07-20 19:46:05,759 [INFO] [Iter 14] LR: 0.10000000
2025-07-20 19:46:05,760 [INFO] Saving best model at iteration 14
2025-07-20 19:46:07,495 [INFO] [15/300] loss 554.938 | compact 8.03215 | spectral 5.71275 | recons_loss: 0.320866 | sparse_loss: 1.05918 | 
2025-07-20 19:46:07,496 [INFO] [Iter 15] LR: 0.10000000
2025-07-20 19:46:07,497 [INFO] Saving best model at iteration 15
2025-07-20 19:46:09,223 [INFO] [16/300] loss 554.418 | compact 8.04021 | spectral 5.70968 | recons_loss: 0.316623 | sparse_loss: 1.05896 | 
2025-07-20 19:46:09,223 [INFO] [Iter 16] LR: 0.10000000
2025-07-20 19:46:09,226 [INFO] Saving best model at iteration 16
2025-07-20 19:46:10,965 [INFO] [17/300] loss 553.922 | compact 8.04953 | spectral 5.7069 | recons_loss: 0.312626 | sparse_loss: 1.05875 | 
2025-07-20 19:46:10,965 [INFO] [Iter 17] LR: 0.10000000
2025-07-20 19:46:10,966 [INFO] Saving best model at iteration 17
2025-07-20 19:46:12,697 [INFO] [18/300] loss 553.449 | compact 8.05942 | spectral 5.7043 | recons_loss: 0.308868 | sparse_loss: 1.05855 | 
2025-07-20 19:46:12,697 [INFO] [Iter 18] LR: 0.10000000
2025-07-20 19:46:12,699 [INFO] Saving best model at iteration 18
2025-07-20 19:46:14,425 [INFO] [19/300] loss 552.996 | compact 8.07031 | spectral 5.70149 | recons_loss: 0.305336 | sparse_loss: 1.05835 | 
2025-07-20 19:46:14,425 [INFO] [Iter 19] LR: 0.10000000
2025-07-20 19:46:14,426 [INFO] Saving best model at iteration 19
2025-07-20 19:46:16,163 [INFO] [20/300] loss 552.562 | compact 8.08161 | spectral 5.69973 | recons_loss: 0.302019 | sparse_loss: 1.05816 | 
2025-07-20 19:46:16,163 [INFO] [Iter 20] LR: 0.10000000
2025-07-20 19:46:16,165 [INFO] Saving best model at iteration 20
2025-07-20 19:46:17,902 [INFO] [21/300] loss 552.152 | compact 8.09293 | spectral 5.69948 | recons_loss: 0.298908 | sparse_loss: 1.05799 | 
2025-07-20 19:46:17,902 [INFO] [Iter 21] LR: 0.10000000
2025-07-20 19:46:17,904 [INFO] Saving best model at iteration 21
2025-07-20 19:46:19,641 [INFO] [22/300] loss 551.761 | compact 8.10468 | spectral 5.70013 | recons_loss: 0.295992 | sparse_loss: 1.05783 | 
2025-07-20 19:46:19,641 [INFO] [Iter 22] LR: 0.10000000
2025-07-20 19:46:19,642 [INFO] Saving best model at iteration 22
2025-07-20 19:46:21,377 [INFO] [23/300] loss 551.386 | compact 8.11682 | spectral 5.70049 | recons_loss: 0.293259 | sparse_loss: 1.05768 | 
2025-07-20 19:46:21,377 [INFO] [Iter 23] LR: 0.10000000
2025-07-20 19:46:21,379 [INFO] Saving best model at iteration 23
2025-07-20 19:46:23,113 [INFO] [24/300] loss 551.028 | compact 8.12951 | spectral 5.70024 | recons_loss: 0.29069 | sparse_loss: 1.05755 | 
2025-07-20 19:46:23,113 [INFO] [Iter 24] LR: 0.10000000
2025-07-20 19:46:23,114 [INFO] Saving best model at iteration 24
2025-07-20 19:46:24,840 [INFO] [25/300] loss 550.683 | compact 8.1424 | spectral 5.6994 | recons_loss: 0.28827 | sparse_loss: 1.05743 | 
2025-07-20 19:46:24,840 [INFO] [Iter 25] LR: 0.10000000
2025-07-20 19:46:24,842 [INFO] Saving best model at iteration 25
2025-07-20 19:46:26,588 [INFO] [26/300] loss 550.353 | compact 8.15537 | spectral 5.70091 | recons_loss: 0.285991 | sparse_loss: 1.05732 | 
2025-07-20 19:46:26,588 [INFO] [Iter 26] LR: 0.10000000
2025-07-20 19:46:26,589 [INFO] Saving best model at iteration 26
2025-07-20 19:46:28,334 [INFO] [27/300] loss 550.037 | compact 8.16895 | spectral 5.70203 | recons_loss: 0.283842 | sparse_loss: 1.05721 | 
2025-07-20 19:46:28,334 [INFO] [Iter 27] LR: 0.10000000
2025-07-20 19:46:28,337 [INFO] Saving best model at iteration 27
2025-07-20 19:46:30,074 [INFO] [28/300] loss 549.734 | compact 8.18222 | spectral 5.70221 | recons_loss: 0.28182 | sparse_loss: 1.05712 | 
2025-07-20 19:46:30,074 [INFO] [Iter 28] LR: 0.10000000
2025-07-20 19:46:30,076 [INFO] Saving best model at iteration 28
2025-07-20 19:46:31,803 [INFO] [29/300] loss 549.442 | compact 8.19693 | spectral 5.70097 | recons_loss: 0.279912 | sparse_loss: 1.05703 | 
2025-07-20 19:46:31,803 [INFO] [Iter 29] LR: 0.10000000
2025-07-20 19:46:31,805 [INFO] Saving best model at iteration 29
2025-07-20 19:46:33,544 [INFO] [30/300] loss 549.16 | compact 8.21174 | spectral 5.69942 | recons_loss: 0.278109 | sparse_loss: 1.05695 | 
2025-07-20 19:46:33,544 [INFO] [Iter 30] LR: 0.10000000
2025-07-20 19:46:33,545 [INFO] Saving best model at iteration 30
2025-07-20 19:46:35,286 [INFO] [31/300] loss 548.889 | compact 8.22713 | spectral 5.69739 | recons_loss: 0.276406 | sparse_loss: 1.05686 | 
2025-07-20 19:46:35,287 [INFO] [Iter 31] LR: 0.10000000
2025-07-20 19:46:35,288 [INFO] Saving best model at iteration 31
2025-07-20 19:46:37,023 [INFO] [32/300] loss 548.629 | compact 8.2421 | spectral 5.69581 | recons_loss: 0.274791 | sparse_loss: 1.05678 | 
2025-07-20 19:46:37,024 [INFO] [Iter 32] LR: 0.10000000
2025-07-20 19:46:37,025 [INFO] Saving best model at iteration 32
2025-07-20 19:46:38,753 [INFO] [33/300] loss 548.377 | compact 8.25739 | spectral 5.69423 | recons_loss: 0.27326 | sparse_loss: 1.05671 | 
2025-07-20 19:46:38,753 [INFO] [Iter 33] LR: 0.10000000
2025-07-20 19:46:38,754 [INFO] Saving best model at iteration 33
2025-07-20 19:46:40,490 [INFO] [34/300] loss 548.136 | compact 8.27298 | spectral 5.69252 | recons_loss: 0.27181 | sparse_loss: 1.05663 | 
2025-07-20 19:46:40,490 [INFO] [Iter 34] LR: 0.10000000
2025-07-20 19:46:40,492 [INFO] Saving best model at iteration 34
2025-07-20 19:46:42,216 [INFO] [35/300] loss 547.905 | compact 8.28812 | spectral 5.69142 | recons_loss: 0.270432 | sparse_loss: 1.05655 | 
2025-07-20 19:46:42,217 [INFO] [Iter 35] LR: 0.10000000
2025-07-20 19:46:42,218 [INFO] Saving best model at iteration 35
2025-07-20 19:46:43,945 [INFO] [36/300] loss 547.68 | compact 8.30301 | spectral 5.69017 | recons_loss: 0.269112 | sparse_loss: 1.05647 | 
2025-07-20 19:46:43,946 [INFO] [Iter 36] LR: 0.10000000
2025-07-20 19:46:43,948 [INFO] Saving best model at iteration 36
2025-07-20 19:46:45,673 [INFO] [37/300] loss 547.463 | compact 8.31801 | spectral 5.68874 | recons_loss: 0.267844 | sparse_loss: 1.0564 | 
2025-07-20 19:46:45,673 [INFO] [Iter 37] LR: 0.10000000
2025-07-20 19:46:45,675 [INFO] Saving best model at iteration 37
2025-07-20 19:46:47,402 [INFO] [38/300] loss 547.254 | compact 8.33358 | spectral 5.68744 | recons_loss: 0.266628 | sparse_loss: 1.05633 | 
2025-07-20 19:46:47,403 [INFO] [Iter 38] LR: 0.10000000
2025-07-20 19:46:47,404 [INFO] Saving best model at iteration 38
2025-07-20 19:46:49,139 [INFO] [39/300] loss 547.053 | compact 8.34812 | spectral 5.68701 | recons_loss: 0.265456 | sparse_loss: 1.05627 | 
2025-07-20 19:46:49,139 [INFO] [Iter 39] LR: 0.10000000
2025-07-20 19:46:49,140 [INFO] Saving best model at iteration 39
2025-07-20 19:46:50,874 [INFO] [40/300] loss 546.856 | compact 8.36353 | spectral 5.68549 | recons_loss: 0.264329 | sparse_loss: 1.05621 | 
2025-07-20 19:46:50,874 [INFO] [Iter 40] LR: 0.10000000
2025-07-20 19:46:50,876 [INFO] Saving best model at iteration 40
2025-07-20 19:46:52,619 [INFO] [41/300] loss 546.666 | compact 8.37808 | spectral 5.68444 | recons_loss: 0.263245 | sparse_loss: 1.05614 | 
2025-07-20 19:46:52,620 [INFO] [Iter 41] LR: 0.10000000
2025-07-20 19:46:52,622 [INFO] Saving best model at iteration 41
2025-07-20 19:46:54,348 [INFO] [42/300] loss 546.481 | compact 8.39253 | spectral 5.68384 | recons_loss: 0.262201 | sparse_loss: 1.05608 | 
2025-07-20 19:46:54,349 [INFO] [Iter 42] LR: 0.10000000
2025-07-20 19:46:54,350 [INFO] Saving best model at iteration 42
2025-07-20 19:46:56,076 [INFO] [43/300] loss 546.303 | compact 8.4069 | spectral 5.68369 | recons_loss: 0.261195 | sparse_loss: 1.05603 | 
2025-07-20 19:46:56,076 [INFO] [Iter 43] LR: 0.10000000
2025-07-20 19:46:56,078 [INFO] Saving best model at iteration 43
2025-07-20 19:46:57,809 [INFO] [44/300] loss 546.131 | compact 8.42052 | spectral 5.6843 | recons_loss: 0.260227 | sparse_loss: 1.05597 | 
2025-07-20 19:46:57,810 [INFO] [Iter 44] LR: 0.10000000
2025-07-20 19:46:57,811 [INFO] Saving best model at iteration 44
2025-07-20 19:46:59,548 [INFO] [45/300] loss 545.963 | compact 8.43478 | spectral 5.68453 | recons_loss: 0.259292 | sparse_loss: 1.05591 | 
2025-07-20 19:46:59,548 [INFO] [Iter 45] LR: 0.10000000
2025-07-20 19:46:59,549 [INFO] Saving best model at iteration 45
2025-07-20 19:47:01,286 [INFO] [46/300] loss 545.8 | compact 8.44913 | spectral 5.68446 | recons_loss: 0.258391 | sparse_loss: 1.05586 | 
2025-07-20 19:47:01,286 [INFO] [Iter 46] LR: 0.10000000
2025-07-20 19:47:01,287 [INFO] Saving best model at iteration 46
2025-07-20 19:47:03,022 [INFO] [47/300] loss 545.641 | compact 8.46319 | spectral 5.68495 | recons_loss: 0.257518 | sparse_loss: 1.0558 | 
2025-07-20 19:47:03,022 [INFO] [Iter 47] LR: 0.10000000
2025-07-20 19:47:03,023 [INFO] Saving best model at iteration 47
2025-07-20 19:47:04,758 [INFO] [48/300] loss 545.487 | compact 8.47728 | spectral 5.68563 | recons_loss: 0.256674 | sparse_loss: 1.05574 | 
2025-07-20 19:47:04,758 [INFO] [Iter 48] LR: 0.10000000
2025-07-20 19:47:04,760 [INFO] Saving best model at iteration 48
2025-07-20 19:47:06,486 [INFO] [49/300] loss 545.335 | compact 8.49193 | spectral 5.68514 | recons_loss: 0.255862 | sparse_loss: 1.05568 | 
2025-07-20 19:47:06,486 [INFO] [Iter 49] LR: 0.10000000
2025-07-20 19:47:06,487 [INFO] Saving best model at iteration 49
2025-07-20 19:47:06,907 [INFO] H: 217, W: 512
2025-07-20 19:47:07,277 [INFO] [ 0  1  2  3  4  5  6  7  8  9 10 11 12 13 14 15]
2025-07-20 19:47:07,404 [INFO] y_target: [ 1  2  3  4  5  6  7  8  9 10 11 12 13 14 15 16]
2025-07-20 19:47:07,404 [INFO] y_predict: [ 0  1  2  3  4  5  6  7  8  9 10 11 12 13 14 15]
2025-07-20 19:47:07,568 [INFO] Epoch = 50 OA = 0.7134 Kappa = 0.6813 NMI = 0.7927
2025-07-20 19:47:08,993 [INFO] [50/300] loss 545.187 | compact 8.50648 | spectral 5.68486 | recons_loss: 0.255074 | sparse_loss: 1.05563 | 
2025-07-20 19:47:08,994 [INFO] [Iter 50] LR: 0.10000000
2025-07-20 19:47:08,996 [INFO] Saving best model at iteration 50
2025-07-20 19:47:10,727 [INFO] [51/300] loss 545.042 | compact 8.52077 | spectral 5.68452 | recons_loss: 0.254311 | sparse_loss: 1.05557 | 
2025-07-20 19:47:10,728 [INFO] [Iter 51] LR: 0.10000000
2025-07-20 19:47:10,730 [INFO] Saving best model at iteration 51
2025-07-20 19:47:12,458 [INFO] [52/300] loss 544.899 | compact 8.53533 | spectral 5.68379 | recons_loss: 0.253567 | sparse_loss: 1.05551 | 
2025-07-20 19:47:12,458 [INFO] [Iter 52] LR: 0.10000000
2025-07-20 19:47:12,459 [INFO] Saving best model at iteration 52
2025-07-20 19:47:14,193 [INFO] [53/300] loss 544.76 | compact 8.54994 | spectral 5.68279 | recons_loss: 0.252843 | sparse_loss: 1.05546 | 
2025-07-20 19:47:14,194 [INFO] [Iter 53] LR: 0.10000000
2025-07-20 19:47:14,196 [INFO] Saving best model at iteration 53
2025-07-20 19:47:15,934 [INFO] [54/300] loss 544.625 | compact 8.56429 | spectral 5.68227 | recons_loss: 0.252137 | sparse_loss: 1.05541 | 
2025-07-20 19:47:15,934 [INFO] [Iter 54] LR: 0.10000000
2025-07-20 19:47:15,935 [INFO] Saving best model at iteration 54
2025-07-20 19:47:17,664 [INFO] [55/300] loss 544.493 | compact 8.57828 | spectral 5.68172 | recons_loss: 0.251448 | sparse_loss: 1.05536 | 
2025-07-20 19:47:17,664 [INFO] [Iter 55] LR: 0.10000000
2025-07-20 19:47:17,665 [INFO] Saving best model at iteration 55
2025-07-20 19:47:19,408 [INFO] [56/300] loss 544.365 | compact 8.59238 | spectral 5.68068 | recons_loss: 0.250777 | sparse_loss: 1.05532 | 
2025-07-20 19:47:19,409 [INFO] [Iter 56] LR: 0.10000000
2025-07-20 19:47:19,411 [INFO] Saving best model at iteration 56
2025-07-20 19:47:21,137 [INFO] [57/300] loss 544.239 | compact 8.60623 | spectral 5.68008 | recons_loss: 0.250121 | sparse_loss: 1.05527 | 
2025-07-20 19:47:21,138 [INFO] [Iter 57] LR: 0.10000000
2025-07-20 19:47:21,140 [INFO] Saving best model at iteration 57
2025-07-20 19:47:22,867 [INFO] [58/300] loss 544.115 | compact 8.6196 | spectral 5.67946 | recons_loss: 0.249477 | sparse_loss: 1.05522 | 
2025-07-20 19:47:22,867 [INFO] [Iter 58] LR: 0.10000000
2025-07-20 19:47:22,868 [INFO] Saving best model at iteration 58
2025-07-20 19:47:24,601 [INFO] [59/300] loss 543.993 | compact 8.63221 | spectral 5.67949 | recons_loss: 0.248849 | sparse_loss: 1.05517 | 
2025-07-20 19:47:24,601 [INFO] [Iter 59] LR: 0.10000000
2025-07-20 19:47:24,603 [INFO] Saving best model at iteration 59
2025-07-20 19:47:26,330 [INFO] [60/300] loss 543.872 | compact 8.64425 | spectral 5.67943 | recons_loss: 0.248232 | sparse_loss: 1.05513 | 
2025-07-20 19:47:26,330 [INFO] [Iter 60] LR: 0.10000000
2025-07-20 19:47:26,331 [INFO] Saving best model at iteration 60
2025-07-20 19:47:28,056 [INFO] [61/300] loss 543.753 | compact 8.65639 | spectral 5.67924 | recons_loss: 0.247624 | sparse_loss: 1.05509 | 
2025-07-20 19:47:28,057 [INFO] [Iter 61] LR: 0.10000000
2025-07-20 19:47:28,058 [INFO] Saving best model at iteration 61
2025-07-20 19:47:29,788 [INFO] [62/300] loss 543.635 | compact 8.66829 | spectral 5.67925 | recons_loss: 0.247026 | sparse_loss: 1.05505 | 
2025-07-20 19:47:29,789 [INFO] [Iter 62] LR: 0.10000000
2025-07-20 19:47:29,790 [INFO] Saving best model at iteration 62
2025-07-20 19:47:31,534 [INFO] [63/300] loss 543.518 | compact 8.68001 | spectral 5.67919 | recons_loss: 0.246436 | sparse_loss: 1.05501 | 
2025-07-20 19:47:31,534 [INFO] [Iter 63] LR: 0.10000000
2025-07-20 19:47:31,536 [INFO] Saving best model at iteration 63
2025-07-20 19:47:33,266 [INFO] [64/300] loss 543.401 | compact 8.69215 | spectral 5.6781 | recons_loss: 0.245858 | sparse_loss: 1.05497 | 
2025-07-20 19:47:33,266 [INFO] [Iter 64] LR: 0.10000000
2025-07-20 19:47:33,267 [INFO] Saving best model at iteration 64
2025-07-20 19:47:35,005 [INFO] [65/300] loss 543.286 | compact 8.70366 | spectral 5.67718 | recons_loss: 0.245288 | sparse_loss: 1.05493 | 
2025-07-20 19:47:35,005 [INFO] [Iter 65] LR: 0.10000000
2025-07-20 19:47:35,006 [INFO] Saving best model at iteration 65
2025-07-20 19:47:36,742 [INFO] [66/300] loss 543.171 | compact 8.71482 | spectral 5.67648 | recons_loss: 0.244725 | sparse_loss: 1.05489 | 
2025-07-20 19:47:36,742 [INFO] [Iter 66] LR: 0.10000000
2025-07-20 19:47:36,743 [INFO] Saving best model at iteration 66
2025-07-20 19:47:38,480 [INFO] [67/300] loss 543.059 | compact 8.72556 | spectral 5.67631 | recons_loss: 0.244172 | sparse_loss: 1.05486 | 
2025-07-20 19:47:38,480 [INFO] [Iter 67] LR: 0.10000000
2025-07-20 19:47:38,481 [INFO] Saving best model at iteration 67
2025-07-20 19:47:40,219 [INFO] [68/300] loss 542.947 | compact 8.73568 | spectral 5.67576 | recons_loss: 0.243628 | sparse_loss: 1.05482 | 
2025-07-20 19:47:40,220 [INFO] [Iter 68] LR: 0.10000000
2025-07-20 19:47:40,221 [INFO] Saving best model at iteration 68
2025-07-20 19:47:41,958 [INFO] [69/300] loss 542.838 | compact 8.7457 | spectral 5.67539 | recons_loss: 0.243093 | sparse_loss: 1.05478 | 
2025-07-20 19:47:41,959 [INFO] [Iter 69] LR: 0.10000000
2025-07-20 19:47:41,960 [INFO] Saving best model at iteration 69
2025-07-20 19:47:43,703 [INFO] [70/300] loss 542.729 | compact 8.75508 | spectral 5.67473 | recons_loss: 0.24256 | sparse_loss: 1.05474 | 
2025-07-20 19:47:43,703 [INFO] [Iter 70] LR: 0.10000000
2025-07-20 19:47:43,704 [INFO] Saving best model at iteration 70
2025-07-20 19:47:45,435 [INFO] [71/300] loss 542.622 | compact 8.76463 | spectral 5.67443 | recons_loss: 0.242037 | sparse_loss: 1.05471 | 
2025-07-20 19:47:45,435 [INFO] [Iter 71] LR: 0.10000000
2025-07-20 19:47:45,436 [INFO] Saving best model at iteration 71
2025-07-20 19:47:47,174 [INFO] [72/300] loss 542.516 | compact 8.77363 | spectral 5.67476 | recons_loss: 0.241515 | sparse_loss: 1.05467 | 
2025-07-20 19:47:47,175 [INFO] [Iter 72] LR: 0.10000000
2025-07-20 19:47:47,176 [INFO] Saving best model at iteration 72
2025-07-20 19:47:48,909 [INFO] [73/300] loss 542.413 | compact 8.78221 | spectral 5.67592 | recons_loss: 0.241003 | sparse_loss: 1.05463 | 
2025-07-20 19:47:48,909 [INFO] [Iter 73] LR: 0.10000000
2025-07-20 19:47:48,910 [INFO] Saving best model at iteration 73
2025-07-20 19:47:50,636 [INFO] [74/300] loss 542.31 | compact 8.79059 | spectral 5.67718 | recons_loss: 0.240496 | sparse_loss: 1.0546 | 
2025-07-20 19:47:50,636 [INFO] [Iter 74] LR: 0.10000000
2025-07-20 19:47:50,638 [INFO] Saving best model at iteration 74
2025-07-20 19:47:52,379 [INFO] [75/300] loss 542.208 | compact 8.79854 | spectral 5.67853 | recons_loss: 0.239998 | sparse_loss: 1.05457 | 
2025-07-20 19:47:52,379 [INFO] [Iter 75] LR: 0.10000000
2025-07-20 19:47:52,381 [INFO] Saving best model at iteration 75
2025-07-20 19:47:54,108 [INFO] [76/300] loss 542.108 | compact 8.80641 | spectral 5.68009 | recons_loss: 0.23951 | sparse_loss: 1.05454 | 
2025-07-20 19:47:54,108 [INFO] [Iter 76] LR: 0.10000000
2025-07-20 19:47:54,109 [INFO] Saving best model at iteration 76
2025-07-20 19:47:55,845 [INFO] [77/300] loss 542.009 | compact 8.81399 | spectral 5.68195 | recons_loss: 0.239028 | sparse_loss: 1.05451 | 
2025-07-20 19:47:55,845 [INFO] [Iter 77] LR: 0.10000000
2025-07-20 19:47:55,847 [INFO] Saving best model at iteration 77
2025-07-20 19:47:57,578 [INFO] [78/300] loss 541.911 | compact 8.82133 | spectral 5.68367 | recons_loss: 0.238546 | sparse_loss: 1.05448 | 
2025-07-20 19:47:57,579 [INFO] [Iter 78] LR: 0.10000000
2025-07-20 19:47:57,581 [INFO] Saving best model at iteration 78
2025-07-20 19:47:59,310 [INFO] [79/300] loss 541.814 | compact 8.82839 | spectral 5.6854 | recons_loss: 0.238066 | sparse_loss: 1.05446 | 
2025-07-20 19:47:59,310 [INFO] [Iter 79] LR: 0.10000000
2025-07-20 19:47:59,312 [INFO] Saving best model at iteration 79
2025-07-20 19:48:01,054 [INFO] [80/300] loss 541.718 | compact 8.83523 | spectral 5.68723 | recons_loss: 0.237594 | sparse_loss: 1.05442 | 
2025-07-20 19:48:01,055 [INFO] [Iter 80] LR: 0.10000000
2025-07-20 19:48:01,056 [INFO] Saving best model at iteration 80
2025-07-20 19:48:02,789 [INFO] [81/300] loss 541.624 | compact 8.84148 | spectral 5.68946 | recons_loss: 0.237132 | sparse_loss: 1.05439 | 
2025-07-20 19:48:02,790 [INFO] [Iter 81] LR: 0.10000000
2025-07-20 19:48:02,791 [INFO] Saving best model at iteration 81
2025-07-20 19:48:04,525 [INFO] [82/300] loss 541.531 | compact 8.84764 | spectral 5.69139 | recons_loss: 0.236677 | sparse_loss: 1.05436 | 
2025-07-20 19:48:04,525 [INFO] [Iter 82] LR: 0.10000000
2025-07-20 19:48:04,527 [INFO] Saving best model at iteration 82
2025-07-20 19:48:06,256 [INFO] [83/300] loss 541.438 | compact 8.85389 | spectral 5.69287 | recons_loss: 0.236228 | sparse_loss: 1.05433 | 
2025-07-20 19:48:06,257 [INFO] [Iter 83] LR: 0.10000000
2025-07-20 19:48:06,258 [INFO] Saving best model at iteration 83
2025-07-20 19:48:07,990 [INFO] [84/300] loss 541.345 | compact 8.86017 | spectral 5.69453 | recons_loss: 0.235784 | sparse_loss: 1.0543 | 
2025-07-20 19:48:07,991 [INFO] [Iter 84] LR: 0.10000000
2025-07-20 19:48:07,993 [INFO] Saving best model at iteration 84
2025-07-20 19:48:09,732 [INFO] [85/300] loss 541.254 | compact 8.86611 | spectral 5.69652 | recons_loss: 0.235348 | sparse_loss: 1.05426 | 
2025-07-20 19:48:09,733 [INFO] [Iter 85] LR: 0.10000000
2025-07-20 19:48:09,735 [INFO] Saving best model at iteration 85
2025-07-20 19:48:11,469 [INFO] [86/300] loss 541.164 | compact 8.87212 | spectral 5.69816 | recons_loss: 0.234918 | sparse_loss: 1.05423 | 
2025-07-20 19:48:11,470 [INFO] [Iter 86] LR: 0.10000000
2025-07-20 19:48:11,472 [INFO] Saving best model at iteration 86
2025-07-20 19:48:13,213 [INFO] [87/300] loss 541.075 | compact 8.87831 | spectral 5.69935 | recons_loss: 0.234495 | sparse_loss: 1.05421 | 
2025-07-20 19:48:13,213 [INFO] [Iter 87] LR: 0.10000000
2025-07-20 19:48:13,214 [INFO] Saving best model at iteration 87
2025-07-20 19:48:14,950 [INFO] [88/300] loss 540.986 | compact 8.88433 | spectral 5.70058 | recons_loss: 0.234078 | sparse_loss: 1.05419 | 
2025-07-20 19:48:14,950 [INFO] [Iter 88] LR: 0.10000000
2025-07-20 19:48:14,952 [INFO] Saving best model at iteration 88
2025-07-20 19:48:16,698 [INFO] [89/300] loss 540.9 | compact 8.89048 | spectral 5.70188 | recons_loss: 0.233671 | sparse_loss: 1.05417 | 
2025-07-20 19:48:16,698 [INFO] [Iter 89] LR: 0.10000000
2025-07-20 19:48:16,699 [INFO] Saving best model at iteration 89
2025-07-20 19:48:18,426 [INFO] [90/300] loss 540.814 | compact 8.89659 | spectral 5.70279 | recons_loss: 0.233276 | sparse_loss: 1.05415 | 
2025-07-20 19:48:18,426 [INFO] [Iter 90] LR: 0.10000000
2025-07-20 19:48:18,427 [INFO] Saving best model at iteration 90
2025-07-20 19:48:20,167 [INFO] [91/300] loss 540.731 | compact 8.90262 | spectral 5.7044 | recons_loss: 0.232892 | sparse_loss: 1.05412 | 
2025-07-20 19:48:20,168 [INFO] [Iter 91] LR: 0.10000000
2025-07-20 19:48:20,170 [INFO] Saving best model at iteration 91
2025-07-20 19:48:21,897 [INFO] [92/300] loss 540.647 | compact 8.90842 | spectral 5.70619 | recons_loss: 0.232505 | sparse_loss: 1.0541 | 
2025-07-20 19:48:21,898 [INFO] [Iter 92] LR: 0.10000000
2025-07-20 19:48:21,899 [INFO] Saving best model at iteration 92
2025-07-20 19:48:23,636 [INFO] [93/300] loss 540.564 | compact 8.91364 | spectral 5.70718 | recons_loss: 0.232133 | sparse_loss: 1.05407 | 
2025-07-20 19:48:23,636 [INFO] [Iter 93] LR: 0.10000000
2025-07-20 19:48:23,638 [INFO] Saving best model at iteration 93
2025-07-20 19:48:25,374 [INFO] [94/300] loss 540.48 | compact 8.91902 | spectral 5.7085 | recons_loss: 0.231758 | sparse_loss: 1.05404 | 
2025-07-20 19:48:25,374 [INFO] [Iter 94] LR: 0.10000000
2025-07-20 19:48:25,375 [INFO] Saving best model at iteration 94
2025-07-20 19:48:27,103 [INFO] [95/300] loss 540.395 | compact 8.92465 | spectral 5.70966 | recons_loss: 0.231388 | sparse_loss: 1.054 | 
2025-07-20 19:48:27,103 [INFO] [Iter 95] LR: 0.10000000
2025-07-20 19:48:27,105 [INFO] Saving best model at iteration 95
2025-07-20 19:48:28,834 [INFO] [96/300] loss 540.312 | compact 8.93002 | spectral 5.71109 | recons_loss: 0.231021 | sparse_loss: 1.05396 | 
2025-07-20 19:48:28,835 [INFO] [Iter 96] LR: 0.10000000
2025-07-20 19:48:28,836 [INFO] Saving best model at iteration 96
2025-07-20 19:48:30,577 [INFO] [97/300] loss 540.228 | compact 8.93601 | spectral 5.71221 | recons_loss: 0.230656 | sparse_loss: 1.05392 | 
2025-07-20 19:48:30,578 [INFO] [Iter 97] LR: 0.10000000
2025-07-20 19:48:30,579 [INFO] Saving best model at iteration 97
2025-07-20 19:48:32,310 [INFO] [98/300] loss 540.146 | compact 8.94198 | spectral 5.71346 | recons_loss: 0.230296 | sparse_loss: 1.05388 | 
2025-07-20 19:48:32,310 [INFO] [Iter 98] LR: 0.10000000
2025-07-20 19:48:32,311 [INFO] Saving best model at iteration 98
2025-07-20 19:48:34,043 [INFO] [99/300] loss 540.064 | compact 8.94824 | spectral 5.71423 | recons_loss: 0.229938 | sparse_loss: 1.05385 | 
2025-07-20 19:48:34,043 [INFO] [Iter 99] LR: 0.10000000
2025-07-20 19:48:34,044 [INFO] Saving best model at iteration 99
2025-07-20 19:48:34,501 [INFO] H: 217, W: 512
2025-07-20 19:48:34,672 [INFO] [ 0  1  2  3  4  5  6  7  8  9 10 11 12 13 14 15]
2025-07-20 19:48:34,812 [INFO] y_target: [ 1  2  3  4  5  6  7  8  9 10 11 12 13 14 15 16]
2025-07-20 19:48:34,812 [INFO] y_predict: [ 0  1  2  3  4  5  6  7  8  9 10 11 12 13 14 15]
2025-07-20 19:48:34,978 [INFO] Epoch = 100 OA = 0.7662 Kappa = 0.7384 NMI = 0.8094
2025-07-20 19:48:36,401 [INFO] [100/300] loss 539.982 | compact 8.95489 | spectral 5.71459 | recons_loss: 0.22959 | sparse_loss: 1.05381 | 
2025-07-20 19:48:36,402 [INFO] [Iter 100] LR: 0.10000000
2025-07-20 19:48:36,403 [INFO] Saving best model at iteration 100
2025-07-20 19:48:38,141 [INFO] [101/300] loss 539.901 | compact 8.96174 | spectral 5.71488 | recons_loss: 0.229248 | sparse_loss: 1.05377 | 
2025-07-20 19:48:38,141 [INFO] [Iter 101] LR: 0.10000000
2025-07-20 19:48:38,143 [INFO] Saving best model at iteration 101
2025-07-20 19:48:39,884 [INFO] [102/300] loss 539.821 | compact 8.96807 | spectral 5.71594 | recons_loss: 0.228905 | sparse_loss: 1.05374 | 
2025-07-20 19:48:39,885 [INFO] [Iter 102] LR: 0.10000000
2025-07-20 19:48:39,886 [INFO] Saving best model at iteration 102
2025-07-20 19:48:41,611 [INFO] [103/300] loss 539.743 | compact 8.9743 | spectral 5.71718 | recons_loss: 0.228566 | sparse_loss: 1.05371 | 
2025-07-20 19:48:41,612 [INFO] [Iter 103] LR: 0.10000000
2025-07-20 19:48:41,614 [INFO] Saving best model at iteration 103
2025-07-20 19:48:43,349 [INFO] [104/300] loss 539.666 | compact 8.98028 | spectral 5.71934 | recons_loss: 0.22823 | sparse_loss: 1.05367 | 
2025-07-20 19:48:43,349 [INFO] [Iter 104] LR: 0.10000000
2025-07-20 19:48:43,350 [INFO] Saving best model at iteration 104
2025-07-20 19:48:45,085 [INFO] [105/300] loss 539.588 | compact 8.98604 | spectral 5.72104 | recons_loss: 0.22789 | sparse_loss: 1.05364 | 
2025-07-20 19:48:45,086 [INFO] [Iter 105] LR: 0.10000000
2025-07-20 19:48:45,087 [INFO] Saving best model at iteration 105
2025-07-20 19:48:46,820 [INFO] [106/300] loss 539.512 | compact 8.99116 | spectral 5.72355 | recons_loss: 0.227557 | sparse_loss: 1.0536 | 
2025-07-20 19:48:46,820 [INFO] [Iter 106] LR: 0.10000000
2025-07-20 19:48:46,822 [INFO] Saving best model at iteration 106
2025-07-20 19:48:48,551 [INFO] [107/300] loss 539.438 | compact 8.99599 | spectral 5.72582 | recons_loss: 0.227232 | sparse_loss: 1.05355 | 
2025-07-20 19:48:48,551 [INFO] [Iter 107] LR: 0.10000000
2025-07-20 19:48:48,553 [INFO] Saving best model at iteration 107
2025-07-20 19:48:50,297 [INFO] [108/300] loss 539.362 | compact 9.00107 | spectral 5.72769 | recons_loss: 0.226904 | sparse_loss: 1.0535 | 
2025-07-20 19:48:50,298 [INFO] [Iter 108] LR: 0.10000000
2025-07-20 19:48:50,299 [INFO] Saving best model at iteration 108
2025-07-20 19:48:52,036 [INFO] [109/300] loss 539.287 | compact 9.00622 | spectral 5.7294 | recons_loss: 0.226578 | sparse_loss: 1.05345 | 
2025-07-20 19:48:52,036 [INFO] [Iter 109] LR: 0.10000000
2025-07-20 19:48:52,038 [INFO] Saving best model at iteration 109
2025-07-20 19:48:53,769 [INFO] [110/300] loss 539.211 | compact 9.011 | spectral 5.73088 | recons_loss: 0.226249 | sparse_loss: 1.0534 | 
2025-07-20 19:48:53,769 [INFO] [Iter 110] LR: 0.10000000
2025-07-20 19:48:53,771 [INFO] Saving best model at iteration 110
2025-07-20 19:48:55,502 [INFO] [111/300] loss 539.138 | compact 9.01559 | spectral 5.73252 | recons_loss: 0.225927 | sparse_loss: 1.05336 | 
2025-07-20 19:48:55,503 [INFO] [Iter 111] LR: 0.10000000
2025-07-20 19:48:55,505 [INFO] Saving best model at iteration 111
2025-07-20 19:48:57,232 [INFO] [112/300] loss 539.065 | compact 9.02002 | spectral 5.73439 | recons_loss: 0.225605 | sparse_loss: 1.05332 | 
2025-07-20 19:48:57,232 [INFO] [Iter 112] LR: 0.10000000
2025-07-20 19:48:57,233 [INFO] Saving best model at iteration 112
2025-07-20 19:48:58,961 [INFO] [113/300] loss 538.992 | compact 9.02452 | spectral 5.73602 | recons_loss: 0.225287 | sparse_loss: 1.05327 | 
2025-07-20 19:48:58,962 [INFO] [Iter 113] LR: 0.10000000
2025-07-20 19:48:58,963 [INFO] Saving best model at iteration 113
2025-07-20 19:49:00,698 [INFO] [114/300] loss 538.919 | compact 9.02854 | spectral 5.73807 | recons_loss: 0.224974 | sparse_loss: 1.05323 | 
2025-07-20 19:49:00,699 [INFO] [Iter 114] LR: 0.10000000
2025-07-20 19:49:00,700 [INFO] Saving best model at iteration 114
2025-07-20 19:49:02,435 [INFO] [115/300] loss 538.848 | compact 9.03211 | spectral 5.74023 | recons_loss: 0.224666 | sparse_loss: 1.05319 | 
2025-07-20 19:49:02,436 [INFO] [Iter 115] LR: 0.10000000
2025-07-20 19:49:02,439 [INFO] Saving best model at iteration 115
2025-07-20 19:49:04,178 [INFO] [116/300] loss 538.778 | compact 9.036 | spectral 5.74217 | recons_loss: 0.224365 | sparse_loss: 1.05315 | 
2025-07-20 19:49:04,178 [INFO] [Iter 116] LR: 0.10000000
2025-07-20 19:49:04,180 [INFO] Saving best model at iteration 116
2025-07-20 19:49:05,916 [INFO] [117/300] loss 538.707 | compact 9.03985 | spectral 5.74455 | recons_loss: 0.224067 | sparse_loss: 1.05311 | 
2025-07-20 19:49:05,916 [INFO] [Iter 117] LR: 0.10000000
2025-07-20 19:49:05,918 [INFO] Saving best model at iteration 117
2025-07-20 19:49:07,651 [INFO] [118/300] loss 538.637 | compact 9.04329 | spectral 5.74701 | recons_loss: 0.223774 | sparse_loss: 1.05307 | 
2025-07-20 19:49:07,651 [INFO] [Iter 118] LR: 0.10000000
2025-07-20 19:49:07,652 [INFO] Saving best model at iteration 118
2025-07-20 19:49:09,380 [INFO] [119/300] loss 538.567 | compact 9.04631 | spectral 5.74988 | recons_loss: 0.223483 | sparse_loss: 1.05303 | 
2025-07-20 19:49:09,381 [INFO] [Iter 119] LR: 0.10000000
2025-07-20 19:49:09,382 [INFO] Saving best model at iteration 119
2025-07-20 19:49:11,125 [INFO] [120/300] loss 538.498 | compact 9.04973 | spectral 5.7523 | recons_loss: 0.223196 | sparse_loss: 1.053 | 
2025-07-20 19:49:11,125 [INFO] [Iter 120] LR: 0.10000000
2025-07-20 19:49:11,127 [INFO] Saving best model at iteration 120
2025-07-20 19:49:12,854 [INFO] [121/300] loss 538.427 | compact 9.05337 | spectral 5.75453 | recons_loss: 0.222908 | sparse_loss: 1.05296 | 
2025-07-20 19:49:12,854 [INFO] [Iter 121] LR: 0.10000000
2025-07-20 19:49:12,855 [INFO] Saving best model at iteration 121
2025-07-20 19:49:14,581 [INFO] [122/300] loss 538.355 | compact 9.05729 | spectral 5.7568 | recons_loss: 0.222622 | sparse_loss: 1.05292 | 
2025-07-20 19:49:14,581 [INFO] [Iter 122] LR: 0.10000000
2025-07-20 19:49:14,583 [INFO] Saving best model at iteration 122
2025-07-20 19:49:16,321 [INFO] [123/300] loss 538.284 | compact 9.06166 | spectral 5.759 | recons_loss: 0.22234 | sparse_loss: 1.05288 | 
2025-07-20 19:49:16,322 [INFO] [Iter 123] LR: 0.10000000
2025-07-20 19:49:16,324 [INFO] Saving best model at iteration 123
2025-07-20 19:49:18,064 [INFO] [124/300] loss 538.214 | compact 9.06589 | spectral 5.76151 | recons_loss: 0.222066 | sparse_loss: 1.05284 | 
2025-07-20 19:49:18,065 [INFO] [Iter 124] LR: 0.10000000
2025-07-20 19:49:18,066 [INFO] Saving best model at iteration 124
2025-07-20 19:49:19,804 [INFO] [125/300] loss 538.144 | compact 9.07045 | spectral 5.76402 | recons_loss: 0.221797 | sparse_loss: 1.0528 | 
2025-07-20 19:49:19,804 [INFO] [Iter 125] LR: 0.10000000
2025-07-20 19:49:19,806 [INFO] Saving best model at iteration 125
2025-07-20 19:49:21,536 [INFO] [126/300] loss 538.076 | compact 9.0745 | spectral 5.76855 | recons_loss: 0.221531 | sparse_loss: 1.05275 | 
2025-07-20 19:49:21,537 [INFO] [Iter 126] LR: 0.10000000
2025-07-20 19:49:21,539 [INFO] Saving best model at iteration 126
2025-07-20 19:49:23,275 [INFO] [127/300] loss 538.009 | compact 9.07782 | spectral 5.77336 | recons_loss: 0.221271 | sparse_loss: 1.0527 | 
2025-07-20 19:49:23,275 [INFO] [Iter 127] LR: 0.10000000
2025-07-20 19:49:23,276 [INFO] Saving best model at iteration 127
2025-07-20 19:49:25,015 [INFO] [128/300] loss 537.941 | compact 9.08124 | spectral 5.77772 | recons_loss: 0.221009 | sparse_loss: 1.05265 | 
2025-07-20 19:49:25,015 [INFO] [Iter 128] LR: 0.10000000
2025-07-20 19:49:25,016 [INFO] Saving best model at iteration 128
2025-07-20 19:49:26,752 [INFO] [129/300] loss 537.871 | compact 9.08491 | spectral 5.7811 | recons_loss: 0.22075 | sparse_loss: 1.0526 | 
2025-07-20 19:49:26,752 [INFO] [Iter 129] LR: 0.10000000
2025-07-20 19:49:26,753 [INFO] Saving best model at iteration 129
2025-07-20 19:49:28,482 [INFO] [130/300] loss 537.803 | compact 9.08919 | spectral 5.78491 | recons_loss: 0.220502 | sparse_loss: 1.05254 | 
2025-07-20 19:49:28,482 [INFO] [Iter 130] LR: 0.10000000
2025-07-20 19:49:28,483 [INFO] Saving best model at iteration 130
2025-07-20 19:49:30,209 [INFO] [131/300] loss 537.736 | compact 9.09358 | spectral 5.78869 | recons_loss: 0.220255 | sparse_loss: 1.05249 | 
2025-07-20 19:49:30,210 [INFO] [Iter 131] LR: 0.10000000
2025-07-20 19:49:30,211 [INFO] Saving best model at iteration 131
2025-07-20 19:49:31,947 [INFO] [132/300] loss 537.668 | compact 9.0978 | spectral 5.79267 | recons_loss: 0.220008 | sparse_loss: 1.05244 | 
2025-07-20 19:49:31,948 [INFO] [Iter 132] LR: 0.10000000
2025-07-20 19:49:31,949 [INFO] Saving best model at iteration 132
2025-07-20 19:49:33,683 [INFO] [133/300] loss 537.599 | compact 9.10231 | spectral 5.79585 | recons_loss: 0.219756 | sparse_loss: 1.05238 | 
2025-07-20 19:49:33,683 [INFO] [Iter 133] LR: 0.10000000
2025-07-20 19:49:33,684 [INFO] Saving best model at iteration 133
2025-07-20 19:49:35,422 [INFO] [134/300] loss 537.531 | compact 9.10647 | spectral 5.79909 | recons_loss: 0.219524 | sparse_loss: 1.05233 | 
2025-07-20 19:49:35,422 [INFO] [Iter 134] LR: 0.10000000
2025-07-20 19:49:35,423 [INFO] Saving best model at iteration 134
2025-07-20 19:49:37,159 [INFO] [135/300] loss 537.464 | compact 9.11083 | spectral 5.80228 | recons_loss: 0.219294 | sparse_loss: 1.05227 | 
2025-07-20 19:49:37,159 [INFO] [Iter 135] LR: 0.10000000
2025-07-20 19:49:37,161 [INFO] Saving best model at iteration 135
2025-07-20 19:49:38,891 [INFO] [136/300] loss 537.395 | compact 9.11485 | spectral 5.80574 | recons_loss: 0.219059 | sparse_loss: 1.05221 | 
2025-07-20 19:49:38,891 [INFO] [Iter 136] LR: 0.10000000
2025-07-20 19:49:38,893 [INFO] Saving best model at iteration 136
2025-07-20 19:49:40,637 [INFO] [137/300] loss 537.326 | compact 9.11897 | spectral 5.80861 | recons_loss: 0.218822 | sparse_loss: 1.05215 | 
2025-07-20 19:49:40,637 [INFO] [Iter 137] LR: 0.10000000
2025-07-20 19:49:40,639 [INFO] Saving best model at iteration 137
2025-07-20 19:49:42,372 [INFO] [138/300] loss 537.255 | compact 9.12363 | spectral 5.8109 | recons_loss: 0.218581 | sparse_loss: 1.05209 | 
2025-07-20 19:49:42,373 [INFO] [Iter 138] LR: 0.10000000
2025-07-20 19:49:42,374 [INFO] Saving best model at iteration 138
2025-07-20 19:49:44,100 [INFO] [139/300] loss 537.182 | compact 9.12917 | spectral 5.81208 | recons_loss: 0.218339 | sparse_loss: 1.05203 | 
2025-07-20 19:49:44,100 [INFO] [Iter 139] LR: 0.10000000
2025-07-20 19:49:44,101 [INFO] Saving best model at iteration 139
2025-07-20 19:49:45,827 [INFO] [140/300] loss 537.11 | compact 9.13485 | spectral 5.81269 | recons_loss: 0.218097 | sparse_loss: 1.05197 | 
2025-07-20 19:49:45,827 [INFO] [Iter 140] LR: 0.10000000
2025-07-20 19:49:45,829 [INFO] Saving best model at iteration 140
2025-07-20 19:49:47,563 [INFO] [141/300] loss 537.039 | compact 9.14045 | spectral 5.81327 | recons_loss: 0.217858 | sparse_loss: 1.05191 | 
2025-07-20 19:49:47,564 [INFO] [Iter 141] LR: 0.10000000
2025-07-20 19:49:47,566 [INFO] Saving best model at iteration 141
2025-07-20 19:49:49,298 [INFO] [142/300] loss 536.968 | compact 9.14583 | spectral 5.81405 | recons_loss: 0.217621 | sparse_loss: 1.05186 | 
2025-07-20 19:49:49,299 [INFO] [Iter 142] LR: 0.10000000
2025-07-20 19:49:49,300 [INFO] Saving best model at iteration 142
2025-07-20 19:49:51,044 [INFO] [143/300] loss 536.897 | compact 9.15159 | spectral 5.81446 | recons_loss: 0.217387 | sparse_loss: 1.05181 | 
2025-07-20 19:49:51,044 [INFO] [Iter 143] LR: 0.10000000
2025-07-20 19:49:51,045 [INFO] Saving best model at iteration 143
2025-07-20 19:49:52,773 [INFO] [144/300] loss 536.827 | compact 9.15748 | spectral 5.81407 | recons_loss: 0.217158 | sparse_loss: 1.05176 | 
2025-07-20 19:49:52,774 [INFO] [Iter 144] LR: 0.10000000
2025-07-20 19:49:52,775 [INFO] Saving best model at iteration 144
2025-07-20 19:49:54,502 [INFO] [145/300] loss 536.756 | compact 9.16378 | spectral 5.81343 | recons_loss: 0.216931 | sparse_loss: 1.0517 | 
2025-07-20 19:49:54,502 [INFO] [Iter 145] LR: 0.10000000
2025-07-20 19:49:54,504 [INFO] Saving best model at iteration 145
2025-07-20 19:49:56,239 [INFO] [146/300] loss 536.687 | compact 9.16931 | spectral 5.81369 | recons_loss: 0.216701 | sparse_loss: 1.05165 | 
2025-07-20 19:49:56,239 [INFO] [Iter 146] LR: 0.10000000
2025-07-20 19:49:56,242 [INFO] Saving best model at iteration 146
2025-07-20 19:49:57,969 [INFO] [147/300] loss 536.617 | compact 9.17486 | spectral 5.8138 | recons_loss: 0.216466 | sparse_loss: 1.05161 | 
2025-07-20 19:49:57,969 [INFO] [Iter 147] LR: 0.10000000
2025-07-20 19:49:57,970 [INFO] Saving best model at iteration 147
2025-07-20 19:49:59,705 [INFO] [148/300] loss 536.548 | compact 9.18096 | spectral 5.81431 | recons_loss: 0.216236 | sparse_loss: 1.05156 | 
2025-07-20 19:49:59,705 [INFO] [Iter 148] LR: 0.10000000
2025-07-20 19:49:59,706 [INFO] Saving best model at iteration 148
2025-07-20 19:50:01,439 [INFO] [149/300] loss 536.48 | compact 9.1871 | spectral 5.81546 | recons_loss: 0.216007 | sparse_loss: 1.05151 | 
2025-07-20 19:50:01,440 [INFO] [Iter 149] LR: 0.10000000
2025-07-20 19:50:01,442 [INFO] Saving best model at iteration 149
2025-07-20 19:50:01,869 [INFO] H: 217, W: 512
2025-07-20 19:50:02,030 [INFO] [ 0  1  2  3  4  5  6  7  8  9 10 11 12 13 14 15]
2025-07-20 19:50:02,157 [INFO] y_target: [ 1  2  3  4  5  6  7  8  9 10 11 12 13 14 15 16]
2025-07-20 19:50:02,157 [INFO] y_predict: [ 0  1  2  3  4  5  6  7  8  9 10 11 12 13 14 15]
2025-07-20 19:50:02,327 [INFO] Epoch = 150 OA = 0.7504 Kappa = 0.7195 NMI = 0.8169
2025-07-20 19:50:03,751 [INFO] [150/300] loss 536.414 | compact 9.19317 | spectral 5.81785 | recons_loss: 0.215779 | sparse_loss: 1.05146 | 
2025-07-20 19:50:03,751 [INFO] [Iter 150] LR: 0.10000000
2025-07-20 19:50:03,752 [INFO] Saving best model at iteration 150
2025-07-20 19:50:05,477 [INFO] [151/300] loss 536.349 | compact 9.19907 | spectral 5.81978 | recons_loss: 0.21556 | sparse_loss: 1.05141 | 
2025-07-20 19:50:05,477 [INFO] [Iter 151] LR: 0.10000000
2025-07-20 19:50:05,478 [INFO] Saving best model at iteration 151
2025-07-20 19:50:07,205 [INFO] [152/300] loss 536.284 | compact 9.20502 | spectral 5.82209 | recons_loss: 0.215336 | sparse_loss: 1.05136 | 
2025-07-20 19:50:07,206 [INFO] [Iter 152] LR: 0.10000000
2025-07-20 19:50:07,208 [INFO] Saving best model at iteration 152
2025-07-20 19:50:08,941 [INFO] [153/300] loss 536.219 | compact 9.21081 | spectral 5.82465 | recons_loss: 0.215112 | sparse_loss: 1.0513 | 
2025-07-20 19:50:08,941 [INFO] [Iter 153] LR: 0.10000000
2025-07-20 19:50:08,943 [INFO] Saving best model at iteration 153
2025-07-20 19:50:10,677 [INFO] [154/300] loss 536.155 | compact 9.21619 | spectral 5.82861 | recons_loss: 0.214882 | sparse_loss: 1.05125 | 
2025-07-20 19:50:10,678 [INFO] [Iter 154] LR: 0.10000000
2025-07-20 19:50:10,681 [INFO] Saving best model at iteration 154
2025-07-20 19:50:12,409 [INFO] [155/300] loss 536.092 | compact 9.22024 | spectral 5.83237 | recons_loss: 0.214644 | sparse_loss: 1.0512 | 
2025-07-20 19:50:12,410 [INFO] [Iter 155] LR: 0.10000000
2025-07-20 19:50:12,411 [INFO] Saving best model at iteration 155
2025-07-20 19:50:14,139 [INFO] [156/300] loss 536.03 | compact 9.22448 | spectral 5.83594 | recons_loss: 0.21441 | sparse_loss: 1.05115 | 
2025-07-20 19:50:14,140 [INFO] [Iter 156] LR: 0.10000000
2025-07-20 19:50:14,141 [INFO] Saving best model at iteration 156
2025-07-20 19:50:15,868 [INFO] [157/300] loss 535.967 | compact 9.22852 | spectral 5.83929 | recons_loss: 0.214174 | sparse_loss: 1.05109 | 
2025-07-20 19:50:15,868 [INFO] [Iter 157] LR: 0.10000000
2025-07-20 19:50:15,871 [INFO] Saving best model at iteration 157
2025-07-20 19:50:17,600 [INFO] [158/300] loss 535.904 | compact 9.23273 | spectral 5.84202 | recons_loss: 0.213942 | sparse_loss: 1.05104 | 
2025-07-20 19:50:17,601 [INFO] [Iter 158] LR: 0.10000000
2025-07-20 19:50:17,603 [INFO] Saving best model at iteration 158
2025-07-20 19:50:19,337 [INFO] [159/300] loss 535.843 | compact 9.23675 | spectral 5.8459 | recons_loss: 0.213721 | sparse_loss: 1.05099 | 
2025-07-20 19:50:19,337 [INFO] [Iter 159] LR: 0.10000000
2025-07-20 19:50:19,339 [INFO] Saving best model at iteration 159
2025-07-20 19:50:21,078 [INFO] [160/300] loss 535.78 | compact 9.24104 | spectral 5.8491 | recons_loss: 0.213501 | sparse_loss: 1.05094 | 
2025-07-20 19:50:21,078 [INFO] [Iter 160] LR: 0.10000000
2025-07-20 19:50:21,079 [INFO] Saving best model at iteration 160
2025-07-20 19:50:22,807 [INFO] [161/300] loss 535.721 | compact 9.24502 | spectral 5.85175 | recons_loss: 0.213292 | sparse_loss: 1.05088 | 
2025-07-20 19:50:22,808 [INFO] [Iter 161] LR: 0.10000000
2025-07-20 19:50:22,810 [INFO] Saving best model at iteration 161
2025-07-20 19:50:24,537 [INFO] [162/300] loss 535.665 | compact 9.24932 | spectral 5.85448 | recons_loss: 0.213087 | sparse_loss: 1.05084 | 
2025-07-20 19:50:24,537 [INFO] [Iter 162] LR: 0.10000000
2025-07-20 19:50:24,538 [INFO] Saving best model at iteration 162
2025-07-20 19:50:26,266 [INFO] [163/300] loss 535.606 | compact 9.25395 | spectral 5.8562 | recons_loss: 0.212873 | sparse_loss: 1.0508 | 
2025-07-20 19:50:26,267 [INFO] [Iter 163] LR: 0.10000000
2025-07-20 19:50:26,269 [INFO] Saving best model at iteration 163
2025-07-20 19:50:28,003 [INFO] [164/300] loss 535.547 | compact 9.25823 | spectral 5.85823 | recons_loss: 0.212656 | sparse_loss: 1.05075 | 
2025-07-20 19:50:28,003 [INFO] [Iter 164] LR: 0.10000000
2025-07-20 19:50:28,004 [INFO] Saving best model at iteration 164
2025-07-20 19:50:29,738 [INFO] [165/300] loss 535.489 | compact 9.26302 | spectral 5.85988 | recons_loss: 0.212444 | sparse_loss: 1.05071 | 
2025-07-20 19:50:29,739 [INFO] [Iter 165] LR: 0.10000000
2025-07-20 19:50:29,741 [INFO] Saving best model at iteration 165
2025-07-20 19:50:31,468 [INFO] [166/300] loss 535.431 | compact 9.26825 | spectral 5.86152 | recons_loss: 0.212232 | sparse_loss: 1.05067 | 
2025-07-20 19:50:31,469 [INFO] [Iter 166] LR: 0.10000000
2025-07-20 19:50:31,470 [INFO] Saving best model at iteration 166
2025-07-20 19:50:33,195 [INFO] [167/300] loss 535.371 | compact 9.27336 | spectral 5.86306 | recons_loss: 0.212013 | sparse_loss: 1.05062 | 
2025-07-20 19:50:33,196 [INFO] [Iter 167] LR: 0.10000000
2025-07-20 19:50:33,198 [INFO] Saving best model at iteration 167
2025-07-20 19:50:34,932 [INFO] [168/300] loss 535.313 | compact 9.27839 | spectral 5.86474 | recons_loss: 0.211796 | sparse_loss: 1.05058 | 
2025-07-20 19:50:34,932 [INFO] [Iter 168] LR: 0.10000000
2025-07-20 19:50:34,934 [INFO] Saving best model at iteration 168
2025-07-20 19:50:36,666 [INFO] [169/300] loss 535.254 | compact 9.28311 | spectral 5.86631 | recons_loss: 0.21157 | sparse_loss: 1.05053 | 
2025-07-20 19:50:36,666 [INFO] [Iter 169] LR: 0.10000000
2025-07-20 19:50:36,667 [INFO] Saving best model at iteration 169
2025-07-20 19:50:38,408 [INFO] [170/300] loss 535.193 | compact 9.2882 | spectral 5.86692 | recons_loss: 0.211335 | sparse_loss: 1.05049 | 
2025-07-20 19:50:38,408 [INFO] [Iter 170] LR: 0.10000000
2025-07-20 19:50:38,409 [INFO] Saving best model at iteration 170
2025-07-20 19:50:40,152 [INFO] [171/300] loss 535.132 | compact 9.29364 | spectral 5.86752 | recons_loss: 0.211094 | sparse_loss: 1.05044 | 
2025-07-20 19:50:40,153 [INFO] [Iter 171] LR: 0.10000000
2025-07-20 19:50:40,155 [INFO] Saving best model at iteration 171
2025-07-20 19:50:41,897 [INFO] [172/300] loss 535.069 | compact 9.29909 | spectral 5.86807 | recons_loss: 0.210848 | sparse_loss: 1.05039 | 
2025-07-20 19:50:41,897 [INFO] [Iter 172] LR: 0.10000000
2025-07-20 19:50:41,899 [INFO] Saving best model at iteration 172
2025-07-20 19:50:43,633 [INFO] [173/300] loss 535.008 | compact 9.30431 | spectral 5.86886 | recons_loss: 0.210609 | sparse_loss: 1.05035 | 
2025-07-20 19:50:43,633 [INFO] [Iter 173] LR: 0.10000000
2025-07-20 19:50:43,634 [INFO] Saving best model at iteration 173
2025-07-20 19:50:45,373 [INFO] [174/300] loss 534.949 | compact 9.30919 | spectral 5.86957 | recons_loss: 0.210382 | sparse_loss: 1.05031 | 
2025-07-20 19:50:45,373 [INFO] [Iter 174] LR: 0.10000000
2025-07-20 19:50:45,374 [INFO] Saving best model at iteration 174
2025-07-20 19:50:47,106 [INFO] [175/300] loss 534.894 | compact 9.31354 | spectral 5.8724 | recons_loss: 0.210162 | sparse_loss: 1.05026 | 
2025-07-20 19:50:47,106 [INFO] [Iter 175] LR: 0.10000000
2025-07-20 19:50:47,108 [INFO] Saving best model at iteration 175
2025-07-20 19:50:48,834 [INFO] [176/300] loss 534.838 | compact 9.31776 | spectral 5.875 | recons_loss: 0.209937 | sparse_loss: 1.05022 | 
2025-07-20 19:50:48,834 [INFO] [Iter 176] LR: 0.10000000
2025-07-20 19:50:48,836 [INFO] Saving best model at iteration 176
2025-07-20 19:50:50,569 [INFO] [177/300] loss 534.778 | compact 9.3219 | spectral 5.87753 | recons_loss: 0.209697 | sparse_loss: 1.05018 | 
2025-07-20 19:50:50,569 [INFO] [Iter 177] LR: 0.10000000
2025-07-20 19:50:50,570 [INFO] Saving best model at iteration 177
2025-07-20 19:50:52,296 [INFO] [178/300] loss 534.721 | compact 9.32614 | spectral 5.88004 | recons_loss: 0.209461 | sparse_loss: 1.05014 | 
2025-07-20 19:50:52,297 [INFO] [Iter 178] LR: 0.10000000
2025-07-20 19:50:52,299 [INFO] Saving best model at iteration 178
2025-07-20 19:50:54,030 [INFO] [179/300] loss 534.665 | compact 9.33029 | spectral 5.88259 | recons_loss: 0.209223 | sparse_loss: 1.05012 | 
2025-07-20 19:50:54,030 [INFO] [Iter 179] LR: 0.10000000
2025-07-20 19:50:54,032 [INFO] Saving best model at iteration 179
2025-07-20 19:50:55,766 [INFO] [180/300] loss 534.605 | compact 9.33415 | spectral 5.88443 | recons_loss: 0.208982 | sparse_loss: 1.05008 | 
2025-07-20 19:50:55,766 [INFO] [Iter 180] LR: 0.10000000
2025-07-20 19:50:55,767 [INFO] Saving best model at iteration 180
2025-07-20 19:50:57,503 [INFO] [181/300] loss 534.545 | compact 9.33835 | spectral 5.88629 | recons_loss: 0.208743 | sparse_loss: 1.05004 | 
2025-07-20 19:50:57,504 [INFO] [Iter 181] LR: 0.10000000
2025-07-20 19:50:57,506 [INFO] Saving best model at iteration 181
2025-07-20 19:50:59,233 [INFO] [182/300] loss 534.484 | compact 9.34223 | spectral 5.88809 | recons_loss: 0.2085 | sparse_loss: 1.05001 | 
2025-07-20 19:50:59,233 [INFO] [Iter 182] LR: 0.10000000
2025-07-20 19:50:59,234 [INFO] Saving best model at iteration 182
2025-07-20 19:51:00,963 [INFO] [183/300] loss 534.425 | compact 9.34654 | spectral 5.89004 | recons_loss: 0.208263 | sparse_loss: 1.04997 | 
2025-07-20 19:51:00,963 [INFO] [Iter 183] LR: 0.10000000
2025-07-20 19:51:00,965 [INFO] Saving best model at iteration 183
2025-07-20 19:51:02,697 [INFO] [184/300] loss 534.367 | compact 9.34984 | spectral 5.89217 | recons_loss: 0.208031 | sparse_loss: 1.04993 | 
2025-07-20 19:51:02,698 [INFO] [Iter 184] LR: 0.10000000
2025-07-20 19:51:02,699 [INFO] Saving best model at iteration 184
2025-07-20 19:51:04,430 [INFO] [185/300] loss 534.309 | compact 9.35333 | spectral 5.89407 | recons_loss: 0.2078 | sparse_loss: 1.04989 | 
2025-07-20 19:51:04,431 [INFO] [Iter 185] LR: 0.10000000
2025-07-20 19:51:04,433 [INFO] Saving best model at iteration 185
2025-07-20 19:51:06,180 [INFO] [186/300] loss 534.252 | compact 9.35691 | spectral 5.89592 | recons_loss: 0.207568 | sparse_loss: 1.04986 | 
2025-07-20 19:51:06,180 [INFO] [Iter 186] LR: 0.10000000
2025-07-20 19:51:06,181 [INFO] Saving best model at iteration 186
2025-07-20 19:51:07,914 [INFO] [187/300] loss 534.195 | compact 9.36031 | spectral 5.89791 | recons_loss: 0.207334 | sparse_loss: 1.04983 | 
2025-07-20 19:51:07,915 [INFO] [Iter 187] LR: 0.10000000
2025-07-20 19:51:07,916 [INFO] Saving best model at iteration 187
2025-07-20 19:51:09,656 [INFO] [188/300] loss 534.138 | compact 9.36398 | spectral 5.89949 | recons_loss: 0.207111 | sparse_loss: 1.04979 | 
2025-07-20 19:51:09,656 [INFO] [Iter 188] LR: 0.10000000
2025-07-20 19:51:09,659 [INFO] Saving best model at iteration 188
2025-07-20 19:51:11,397 [INFO] [189/300] loss 534.082 | compact 9.36774 | spectral 5.90094 | recons_loss: 0.206886 | sparse_loss: 1.04976 | 
2025-07-20 19:51:11,398 [INFO] [Iter 189] LR: 0.10000000
2025-07-20 19:51:11,399 [INFO] Saving best model at iteration 189
2025-07-20 19:51:13,130 [INFO] [190/300] loss 534.026 | compact 9.37196 | spectral 5.90186 | recons_loss: 0.206666 | sparse_loss: 1.04973 | 
2025-07-20 19:51:13,130 [INFO] [Iter 190] LR: 0.10000000
2025-07-20 19:51:13,131 [INFO] Saving best model at iteration 190
2025-07-20 19:51:14,858 [INFO] [191/300] loss 533.969 | compact 9.37615 | spectral 5.90271 | recons_loss: 0.206441 | sparse_loss: 1.04969 | 
2025-07-20 19:51:14,859 [INFO] [Iter 191] LR: 0.10000000
2025-07-20 19:51:14,860 [INFO] Saving best model at iteration 191
2025-07-20 19:51:16,586 [INFO] [192/300] loss 533.91 | compact 9.38014 | spectral 5.90376 | recons_loss: 0.206209 | sparse_loss: 1.04966 | 
2025-07-20 19:51:16,586 [INFO] [Iter 192] LR: 0.10000000
2025-07-20 19:51:16,587 [INFO] Saving best model at iteration 192
2025-07-20 19:51:18,320 [INFO] [193/300] loss 533.851 | compact 9.38423 | spectral 5.90461 | recons_loss: 0.20598 | sparse_loss: 1.04962 | 
2025-07-20 19:51:18,320 [INFO] [Iter 193] LR: 0.10000000
2025-07-20 19:51:18,321 [INFO] Saving best model at iteration 193
2025-07-20 19:51:20,050 [INFO] [194/300] loss 533.797 | compact 9.38867 | spectral 5.90528 | recons_loss: 0.205771 | sparse_loss: 1.0496 | 
2025-07-20 19:51:20,051 [INFO] [Iter 194] LR: 0.10000000
2025-07-20 19:51:20,052 [INFO] Saving best model at iteration 194
2025-07-20 19:51:21,783 [INFO] [195/300] loss 533.745 | compact 9.39308 | spectral 5.90552 | recons_loss: 0.205567 | sparse_loss: 1.04958 | 
2025-07-20 19:51:21,784 [INFO] [Iter 195] LR: 0.10000000
2025-07-20 19:51:21,785 [INFO] Saving best model at iteration 195
2025-07-20 19:51:23,524 [INFO] [196/300] loss 533.691 | compact 9.39709 | spectral 5.9062 | recons_loss: 0.205355 | sparse_loss: 1.04957 | 
2025-07-20 19:51:23,525 [INFO] [Iter 196] LR: 0.10000000
2025-07-20 19:51:23,527 [INFO] Saving best model at iteration 196
2025-07-20 19:51:25,267 [INFO] [197/300] loss 533.636 | compact 9.40133 | spectral 5.90603 | recons_loss: 0.205137 | sparse_loss: 1.04955 | 
2025-07-20 19:51:25,268 [INFO] [Iter 197] LR: 0.10000000
2025-07-20 19:51:25,269 [INFO] Saving best model at iteration 197
2025-07-20 19:51:27,001 [INFO] [198/300] loss 533.582 | compact 9.40574 | spectral 5.90654 | recons_loss: 0.204919 | sparse_loss: 1.04953 | 
2025-07-20 19:51:27,002 [INFO] [Iter 198] LR: 0.10000000
2025-07-20 19:51:27,003 [INFO] Saving best model at iteration 198
2025-07-20 19:51:28,734 [INFO] [199/300] loss 533.531 | compact 9.40986 | spectral 5.9074 | recons_loss: 0.204706 | sparse_loss: 1.04951 | 
2025-07-20 19:51:28,735 [INFO] [Iter 199] LR: 0.10000000
2025-07-20 19:51:28,736 [INFO] Saving best model at iteration 199
2025-07-20 19:51:29,161 [INFO] H: 217, W: 512
2025-07-20 19:51:29,323 [INFO] [ 0  1  2  3  4  5  6  7  8  9 10 11 12 13 14 15]
2025-07-20 19:51:29,452 [INFO] y_target: [ 1  2  3  4  5  6  7  8  9 10 11 12 13 14 15 16]
2025-07-20 19:51:29,453 [INFO] y_predict: [ 0  1  2  3  4  5  6  7  8  9 10 11 12 13 14 15]
2025-07-20 19:51:29,618 [INFO] Epoch = 200 OA = 0.7446 Kappa = 0.7135 NMI = 0.8091
2025-07-20 19:51:31,042 [INFO] [200/300] loss 533.478 | compact 9.41386 | spectral 5.90845 | recons_loss: 0.20449 | sparse_loss: 1.04949 | 
2025-07-20 19:51:31,042 [INFO] [Iter 200] LR: 0.10000000
2025-07-20 19:51:31,043 [INFO] Saving best model at iteration 200
2025-07-20 19:51:32,779 [INFO] [201/300] loss 533.425 | compact 9.41752 | spectral 5.90987 | recons_loss: 0.204275 | sparse_loss: 1.04946 | 
2025-07-20 19:51:32,779 [INFO] [Iter 201] LR: 0.10000000
2025-07-20 19:51:32,780 [INFO] Saving best model at iteration 201
2025-07-20 19:51:34,510 [INFO] [202/300] loss 533.373 | compact 9.42131 | spectral 5.9106 | recons_loss: 0.204061 | sparse_loss: 1.04944 | 
2025-07-20 19:51:34,510 [INFO] [Iter 202] LR: 0.10000000
2025-07-20 19:51:34,511 [INFO] Saving best model at iteration 202
2025-07-20 19:51:36,254 [INFO] [203/300] loss 533.319 | compact 9.42546 | spectral 5.91186 | recons_loss: 0.203845 | sparse_loss: 1.04941 | 
2025-07-20 19:51:36,254 [INFO] [Iter 203] LR: 0.10000000
2025-07-20 19:51:36,255 [INFO] Saving best model at iteration 203
2025-07-20 19:51:37,982 [INFO] [204/300] loss 533.266 | compact 9.42903 | spectral 5.91347 | recons_loss: 0.203628 | sparse_loss: 1.04938 | 
2025-07-20 19:51:37,982 [INFO] [Iter 204] LR: 0.10000000
2025-07-20 19:51:37,983 [INFO] Saving best model at iteration 204
2025-07-20 19:51:39,717 [INFO] [205/300] loss 533.212 | compact 9.43342 | spectral 5.91368 | recons_loss: 0.203422 | sparse_loss: 1.04936 | 
2025-07-20 19:51:39,718 [INFO] [Iter 205] LR: 0.10000000
2025-07-20 19:51:39,720 [INFO] Saving best model at iteration 205
2025-07-20 19:51:41,451 [INFO] [206/300] loss 533.157 | compact 9.43713 | spectral 5.915 | recons_loss: 0.203206 | sparse_loss: 1.04933 | 
2025-07-20 19:51:41,451 [INFO] [Iter 206] LR: 0.10000000
2025-07-20 19:51:41,452 [INFO] Saving best model at iteration 206
2025-07-20 19:51:43,196 [INFO] [207/300] loss 533.105 | compact 9.44081 | spectral 5.91621 | recons_loss: 0.203003 | sparse_loss: 1.04931 | 
2025-07-20 19:51:43,196 [INFO] [Iter 207] LR: 0.10000000
2025-07-20 19:51:43,198 [INFO] Saving best model at iteration 207
2025-07-20 19:51:44,929 [INFO] [208/300] loss 533.052 | compact 9.44426 | spectral 5.91718 | recons_loss: 0.202801 | sparse_loss: 1.04928 | 
2025-07-20 19:51:44,929 [INFO] [Iter 208] LR: 0.10000000
2025-07-20 19:51:44,930 [INFO] Saving best model at iteration 208
2025-07-20 19:51:46,674 [INFO] [209/300] loss 532.997 | compact 9.44835 | spectral 5.91764 | recons_loss: 0.202598 | sparse_loss: 1.04925 | 
2025-07-20 19:51:46,675 [INFO] [Iter 209] LR: 0.10000000
2025-07-20 19:51:46,677 [INFO] Saving best model at iteration 209
2025-07-20 19:51:48,407 [INFO] [210/300] loss 532.944 | compact 9.4519 | spectral 5.91833 | recons_loss: 0.202397 | sparse_loss: 1.04922 | 
2025-07-20 19:51:48,408 [INFO] [Iter 210] LR: 0.10000000
2025-07-20 19:51:48,410 [INFO] Saving best model at iteration 210
2025-07-20 19:51:50,141 [INFO] [211/300] loss 532.89 | compact 9.45588 | spectral 5.91873 | recons_loss: 0.202198 | sparse_loss: 1.04919 | 
2025-07-20 19:51:50,141 [INFO] [Iter 211] LR: 0.10000000
2025-07-20 19:51:50,142 [INFO] Saving best model at iteration 211
2025-07-20 19:51:51,878 [INFO] [212/300] loss 532.837 | compact 9.45963 | spectral 5.91896 | recons_loss: 0.202002 | sparse_loss: 1.04917 | 
2025-07-20 19:51:51,878 [INFO] [Iter 212] LR: 0.10000000
2025-07-20 19:51:51,880 [INFO] Saving best model at iteration 212
2025-07-20 19:51:53,619 [INFO] [213/300] loss 532.784 | compact 9.4633 | spectral 5.91885 | recons_loss: 0.201808 | sparse_loss: 1.04915 | 
2025-07-20 19:51:53,619 [INFO] [Iter 213] LR: 0.10000000
2025-07-20 19:51:53,620 [INFO] Saving best model at iteration 213
2025-07-20 19:51:55,349 [INFO] [214/300] loss 532.733 | compact 9.46634 | spectral 5.91985 | recons_loss: 0.201617 | sparse_loss: 1.04913 | 
2025-07-20 19:51:55,349 [INFO] [Iter 214] LR: 0.10000000
2025-07-20 19:51:55,350 [INFO] Saving best model at iteration 214
2025-07-20 19:51:57,093 [INFO] [215/300] loss 532.683 | compact 9.46935 | spectral 5.92168 | recons_loss: 0.201429 | sparse_loss: 1.0491 | 
2025-07-20 19:51:57,093 [INFO] [Iter 215] LR: 0.10000000
2025-07-20 19:51:57,094 [INFO] Saving best model at iteration 215
2025-07-20 19:51:58,837 [INFO] [216/300] loss 532.633 | compact 9.47227 | spectral 5.92338 | recons_loss: 0.201239 | sparse_loss: 1.04907 | 
2025-07-20 19:51:58,838 [INFO] [Iter 216] LR: 0.10000000
2025-07-20 19:51:58,839 [INFO] Saving best model at iteration 216
2025-07-20 19:52:00,579 [INFO] [217/300] loss 532.584 | compact 9.47492 | spectral 5.92558 | recons_loss: 0.201049 | sparse_loss: 1.04905 | 
2025-07-20 19:52:00,580 [INFO] [Iter 217] LR: 0.10000000
2025-07-20 19:52:00,581 [INFO] Saving best model at iteration 217
2025-07-20 19:52:02,306 [INFO] [218/300] loss 532.534 | compact 9.47764 | spectral 5.92775 | recons_loss: 0.200855 | sparse_loss: 1.04902 | 
2025-07-20 19:52:02,306 [INFO] [Iter 218] LR: 0.10000000
2025-07-20 19:52:02,307 [INFO] Saving best model at iteration 218
2025-07-20 19:52:04,038 [INFO] [219/300] loss 532.483 | compact 9.4804 | spectral 5.92988 | recons_loss: 0.200659 | sparse_loss: 1.04899 | 
2025-07-20 19:52:04,039 [INFO] [Iter 219] LR: 0.10000000
2025-07-20 19:52:04,040 [INFO] Saving best model at iteration 219
2025-07-20 19:52:05,783 [INFO] [220/300] loss 532.433 | compact 9.48377 | spectral 5.93153 | recons_loss: 0.20046 | sparse_loss: 1.04897 | 
2025-07-20 19:52:05,783 [INFO] [Iter 220] LR: 0.10000000
2025-07-20 19:52:05,785 [INFO] Saving best model at iteration 220
2025-07-20 19:52:07,510 [INFO] [221/300] loss 532.381 | compact 9.48669 | spectral 5.93368 | recons_loss: 0.200256 | sparse_loss: 1.04894 | 
2025-07-20 19:52:07,511 [INFO] [Iter 221] LR: 0.10000000
2025-07-20 19:52:07,512 [INFO] Saving best model at iteration 221
2025-07-20 19:52:09,239 [INFO] [222/300] loss 532.328 | compact 9.49001 | spectral 5.9355 | recons_loss: 0.200051 | sparse_loss: 1.0489 | 
2025-07-20 19:52:09,239 [INFO] [Iter 222] LR: 0.10000000
2025-07-20 19:52:09,240 [INFO] Saving best model at iteration 222
2025-07-20 19:52:10,982 [INFO] [223/300] loss 532.276 | compact 9.49343 | spectral 5.93743 | recons_loss: 0.199847 | sparse_loss: 1.04887 | 
2025-07-20 19:52:10,983 [INFO] [Iter 223] LR: 0.10000000
2025-07-20 19:52:10,984 [INFO] Saving best model at iteration 223
2025-07-20 19:52:12,718 [INFO] [224/300] loss 532.224 | compact 9.49656 | spectral 5.93974 | recons_loss: 0.199644 | sparse_loss: 1.04884 | 
2025-07-20 19:52:12,718 [INFO] [Iter 224] LR: 0.10000000
2025-07-20 19:52:12,720 [INFO] Saving best model at iteration 224
2025-07-20 19:52:14,456 [INFO] [225/300] loss 532.171 | compact 9.49939 | spectral 5.94195 | recons_loss: 0.19944 | sparse_loss: 1.04881 | 
2025-07-20 19:52:14,457 [INFO] [Iter 225] LR: 0.10000000
2025-07-20 19:52:14,458 [INFO] Saving best model at iteration 225
2025-07-20 19:52:16,195 [INFO] [226/300] loss 532.119 | compact 9.50215 | spectral 5.94418 | recons_loss: 0.199239 | sparse_loss: 1.04878 | 
2025-07-20 19:52:16,195 [INFO] [Iter 226] LR: 0.10000000
2025-07-20 19:52:16,196 [INFO] Saving best model at iteration 226
2025-07-20 19:52:17,932 [INFO] [227/300] loss 532.066 | compact 9.50498 | spectral 5.94634 | recons_loss: 0.199037 | sparse_loss: 1.04876 | 
2025-07-20 19:52:17,932 [INFO] [Iter 227] LR: 0.10000000
2025-07-20 19:52:17,933 [INFO] Saving best model at iteration 227
2025-07-20 19:52:19,673 [INFO] [228/300] loss 532.014 | compact 9.50766 | spectral 5.94885 | recons_loss: 0.198836 | sparse_loss: 1.04874 | 
2025-07-20 19:52:19,673 [INFO] [Iter 228] LR: 0.10000000
2025-07-20 19:52:19,675 [INFO] Saving best model at iteration 228
2025-07-20 19:52:21,415 [INFO] [229/300] loss 531.963 | compact 9.51051 | spectral 5.95105 | recons_loss: 0.198637 | sparse_loss: 1.04871 | 
2025-07-20 19:52:21,415 [INFO] [Iter 229] LR: 0.10000000
2025-07-20 19:52:21,416 [INFO] Saving best model at iteration 229
2025-07-20 19:52:23,150 [INFO] [230/300] loss 531.912 | compact 9.51323 | spectral 5.95256 | recons_loss: 0.19844 | sparse_loss: 1.04869 | 
2025-07-20 19:52:23,150 [INFO] [Iter 230] LR: 0.10000000
2025-07-20 19:52:23,152 [INFO] Saving best model at iteration 230
2025-07-20 19:52:24,887 [INFO] [231/300] loss 531.863 | compact 9.5161 | spectral 5.95386 | recons_loss: 0.198245 | sparse_loss: 1.04867 | 
2025-07-20 19:52:24,887 [INFO] [Iter 231] LR: 0.10000000
2025-07-20 19:52:24,889 [INFO] Saving best model at iteration 231
2025-07-20 19:52:26,627 [INFO] [232/300] loss 531.816 | compact 9.5187 | spectral 5.9554 | recons_loss: 0.198052 | sparse_loss: 1.04864 | 
2025-07-20 19:52:26,627 [INFO] [Iter 232] LR: 0.10000000
2025-07-20 19:52:26,628 [INFO] Saving best model at iteration 232
2025-07-20 19:52:28,362 [INFO] [233/300] loss 531.77 | compact 9.52127 | spectral 5.95696 | recons_loss: 0.197864 | sparse_loss: 1.04862 | 
2025-07-20 19:52:28,363 [INFO] [Iter 233] LR: 0.10000000
2025-07-20 19:52:28,364 [INFO] Saving best model at iteration 233
2025-07-20 19:52:30,102 [INFO] [234/300] loss 531.722 | compact 9.52403 | spectral 5.95831 | recons_loss: 0.197673 | sparse_loss: 1.04859 | 
2025-07-20 19:52:30,102 [INFO] [Iter 234] LR: 0.10000000
2025-07-20 19:52:30,103 [INFO] Saving best model at iteration 234
2025-07-20 19:52:31,844 [INFO] [235/300] loss 531.674 | compact 9.52672 | spectral 5.95918 | recons_loss: 0.19748 | sparse_loss: 1.04856 | 
2025-07-20 19:52:31,844 [INFO] [Iter 235] LR: 0.10000000
2025-07-20 19:52:31,847 [INFO] Saving best model at iteration 235
2025-07-20 19:52:33,585 [INFO] [236/300] loss 531.632 | compact 9.52937 | spectral 5.9608 | recons_loss: 0.197307 | sparse_loss: 1.04855 | 
2025-07-20 19:52:33,585 [INFO] [Iter 236] LR: 0.10000000
2025-07-20 19:52:33,587 [INFO] Saving best model at iteration 236
2025-07-20 19:52:35,317 [INFO] [237/300] loss 531.584 | compact 9.53228 | spectral 5.96268 | recons_loss: 0.19712 | sparse_loss: 1.04852 | 
2025-07-20 19:52:35,317 [INFO] [Iter 237] LR: 0.10000000
2025-07-20 19:52:35,318 [INFO] Saving best model at iteration 237
2025-07-20 19:52:37,053 [INFO] [238/300] loss 531.538 | compact 9.53546 | spectral 5.96445 | recons_loss: 0.196937 | sparse_loss: 1.0485 | 
2025-07-20 19:52:37,054 [INFO] [Iter 238] LR: 0.10000000
2025-07-20 19:52:37,056 [INFO] Saving best model at iteration 238
2025-07-20 19:52:38,788 [INFO] [239/300] loss 531.494 | compact 9.53774 | spectral 5.96692 | recons_loss: 0.196758 | sparse_loss: 1.04848 | 
2025-07-20 19:52:38,789 [INFO] [Iter 239] LR: 0.10000000
2025-07-20 19:52:38,790 [INFO] Saving best model at iteration 239
2025-07-20 19:52:40,515 [INFO] [240/300] loss 531.453 | compact 9.54034 | spectral 5.9699 | recons_loss: 0.196583 | sparse_loss: 1.04846 | 
2025-07-20 19:52:40,515 [INFO] [Iter 240] LR: 0.10000000
2025-07-20 19:52:40,516 [INFO] Saving best model at iteration 240
2025-07-20 19:52:42,249 [INFO] [241/300] loss 531.412 | compact 9.54276 | spectral 5.97293 | recons_loss: 0.196416 | sparse_loss: 1.04843 | 
2025-07-20 19:52:42,249 [INFO] [Iter 241] LR: 0.10000000
2025-07-20 19:52:42,250 [INFO] Saving best model at iteration 241
2025-07-20 19:52:43,987 [INFO] [242/300] loss 531.37 | compact 9.54571 | spectral 5.97568 | recons_loss: 0.196248 | sparse_loss: 1.04841 | 
2025-07-20 19:52:43,987 [INFO] [Iter 242] LR: 0.10000000
2025-07-20 19:52:43,988 [INFO] Saving best model at iteration 242
2025-07-20 19:52:45,729 [INFO] [243/300] loss 531.327 | compact 9.54817 | spectral 5.97852 | recons_loss: 0.19608 | sparse_loss: 1.04838 | 
2025-07-20 19:52:45,729 [INFO] [Iter 243] LR: 0.10000000
2025-07-20 19:52:45,730 [INFO] Saving best model at iteration 243
2025-07-20 19:52:47,466 [INFO] [244/300] loss 531.284 | compact 9.5509 | spectral 5.98157 | recons_loss: 0.195916 | sparse_loss: 1.04836 | 
2025-07-20 19:52:47,467 [INFO] [Iter 244] LR: 0.10000000
2025-07-20 19:52:47,468 [INFO] Saving best model at iteration 244
2025-07-20 19:52:49,206 [INFO] [245/300] loss 531.239 | compact 9.55329 | spectral 5.98465 | recons_loss: 0.195753 | sparse_loss: 1.04834 | 
2025-07-20 19:52:49,207 [INFO] [Iter 245] LR: 0.10000000
2025-07-20 19:52:49,208 [INFO] Saving best model at iteration 245
2025-07-20 19:52:50,948 [INFO] [246/300] loss 531.195 | compact 9.55567 | spectral 5.9885 | recons_loss: 0.19559 | sparse_loss: 1.04831 | 
2025-07-20 19:52:50,948 [INFO] [Iter 246] LR: 0.10000000
2025-07-20 19:52:50,950 [INFO] Saving best model at iteration 246
2025-07-20 19:52:52,684 [INFO] [247/300] loss 531.15 | compact 9.55803 | spectral 5.99172 | recons_loss: 0.195426 | sparse_loss: 1.04829 | 
2025-07-20 19:52:52,685 [INFO] [Iter 247] LR: 0.10000000
2025-07-20 19:52:52,686 [INFO] Saving best model at iteration 247
2025-07-20 19:52:54,421 [INFO] [248/300] loss 531.107 | compact 9.56035 | spectral 5.99544 | recons_loss: 0.195264 | sparse_loss: 1.04826 | 
2025-07-20 19:52:54,421 [INFO] [Iter 248] LR: 0.10000000
2025-07-20 19:52:54,423 [INFO] Saving best model at iteration 248
2025-07-20 19:52:56,165 [INFO] [249/300] loss 531.062 | compact 9.56276 | spectral 5.99833 | recons_loss: 0.195099 | sparse_loss: 1.04824 | 
2025-07-20 19:52:56,165 [INFO] [Iter 249] LR: 0.10000000
2025-07-20 19:52:56,167 [INFO] Saving best model at iteration 249
2025-07-20 19:52:56,613 [INFO] H: 217, W: 512
2025-07-20 19:52:56,794 [INFO] [ 0  1  2  3  4  5  6  7  8  9 10 11 12 13 14 15]
2025-07-20 19:52:56,935 [INFO] y_target: [ 1  2  3  4  5  6  7  8  9 10 11 12 13 14 15 16]
2025-07-20 19:52:56,935 [INFO] y_predict: [ 0  1  2  3  4  5  6  7  8  9 10 11 12 13 14 15]
2025-07-20 19:52:57,103 [INFO] Epoch = 250 OA = 0.7763 Kappa = 0.7489 NMI = 0.8239
2025-07-20 19:52:58,530 [INFO] [250/300] loss 531.015 | compact 9.56499 | spectral 6.00101 | recons_loss: 0.194933 | sparse_loss: 1.0482 | 
2025-07-20 19:52:58,530 [INFO] [Iter 250] LR: 0.10000000
2025-07-20 19:52:58,531 [INFO] Saving best model at iteration 250
2025-07-20 19:53:00,265 [INFO] [251/300] loss 530.971 | compact 9.56743 | spectral 6.0043 | recons_loss: 0.194771 | sparse_loss: 1.04817 | 
2025-07-20 19:53:00,265 [INFO] [Iter 251] LR: 0.10000000
2025-07-20 19:53:00,267 [INFO] Saving best model at iteration 251
2025-07-20 19:53:01,994 [INFO] [252/300] loss 530.928 | compact 9.57017 | spectral 6.00681 | recons_loss: 0.194607 | sparse_loss: 1.04814 | 
2025-07-20 19:53:01,995 [INFO] [Iter 252] LR: 0.10000000
2025-07-20 19:53:01,996 [INFO] Saving best model at iteration 252
2025-07-20 19:53:03,729 [INFO] [253/300] loss 530.886 | compact 9.57225 | spectral 6.00871 | recons_loss: 0.194445 | sparse_loss: 1.04812 | 
2025-07-20 19:53:03,729 [INFO] [Iter 253] LR: 0.10000000
2025-07-20 19:53:03,730 [INFO] Saving best model at iteration 253
2025-07-20 19:53:05,461 [INFO] [254/300] loss 530.842 | compact 9.57457 | spectral 6.01069 | recons_loss: 0.194283 | sparse_loss: 1.04809 | 
2025-07-20 19:53:05,462 [INFO] [Iter 254] LR: 0.10000000
2025-07-20 19:53:05,463 [INFO] Saving best model at iteration 254
2025-07-20 19:53:07,194 [INFO] [255/300] loss 530.8 | compact 9.57762 | spectral 6.0124 | recons_loss: 0.194118 | sparse_loss: 1.04808 | 
2025-07-20 19:53:07,194 [INFO] [Iter 255] LR: 0.10000000
2025-07-20 19:53:07,195 [INFO] Saving best model at iteration 255
2025-07-20 19:53:08,928 [INFO] [256/300] loss 530.758 | compact 9.58049 | spectral 6.01509 | recons_loss: 0.193951 | sparse_loss: 1.04806 | 
2025-07-20 19:53:08,929 [INFO] [Iter 256] LR: 0.10000000
2025-07-20 19:53:08,931 [INFO] Saving best model at iteration 256
2025-07-20 19:53:10,657 [INFO] [257/300] loss 530.715 | compact 9.5838 | spectral 6.01676 | recons_loss: 0.193783 | sparse_loss: 1.04804 | 
2025-07-20 19:53:10,657 [INFO] [Iter 257] LR: 0.10000000
2025-07-20 19:53:10,659 [INFO] Saving best model at iteration 257
2025-07-20 19:53:12,386 [INFO] [258/300] loss 530.673 | compact 9.58665 | spectral 6.01894 | recons_loss: 0.193615 | sparse_loss: 1.04803 | 
2025-07-20 19:53:12,386 [INFO] [Iter 258] LR: 0.10000000
2025-07-20 19:53:12,388 [INFO] Saving best model at iteration 258
2025-07-20 19:53:14,116 [INFO] [259/300] loss 530.629 | compact 9.58931 | spectral 6.0205 | recons_loss: 0.193449 | sparse_loss: 1.048 | 
2025-07-20 19:53:14,116 [INFO] [Iter 259] LR: 0.10000000
2025-07-20 19:53:14,117 [INFO] Saving best model at iteration 259
2025-07-20 19:53:15,852 [INFO] [260/300] loss 530.586 | compact 9.59199 | spectral 6.02254 | recons_loss: 0.193286 | sparse_loss: 1.04798 | 
2025-07-20 19:53:15,852 [INFO] [Iter 260] LR: 0.10000000
2025-07-20 19:53:15,854 [INFO] Saving best model at iteration 260
2025-07-20 19:53:17,588 [INFO] [261/300] loss 530.543 | compact 9.59472 | spectral 6.02424 | recons_loss: 0.193121 | sparse_loss: 1.04795 | 
2025-07-20 19:53:17,589 [INFO] [Iter 261] LR: 0.10000000
2025-07-20 19:53:17,591 [INFO] Saving best model at iteration 261
2025-07-20 19:53:19,316 [INFO] [262/300] loss 530.5 | compact 9.59784 | spectral 6.02577 | recons_loss: 0.192956 | sparse_loss: 1.04793 | 
2025-07-20 19:53:19,317 [INFO] [Iter 262] LR: 0.10000000
2025-07-20 19:53:19,318 [INFO] Saving best model at iteration 262
2025-07-20 19:53:21,045 [INFO] [263/300] loss 530.458 | compact 9.60108 | spectral 6.02735 | recons_loss: 0.192792 | sparse_loss: 1.04791 | 
2025-07-20 19:53:21,045 [INFO] [Iter 263] LR: 0.10000000
2025-07-20 19:53:21,046 [INFO] Saving best model at iteration 263
2025-07-20 19:53:22,777 [INFO] [264/300] loss 530.417 | compact 9.60372 | spectral 6.0292 | recons_loss: 0.192626 | sparse_loss: 1.04789 | 
2025-07-20 19:53:22,778 [INFO] [Iter 264] LR: 0.10000000
2025-07-20 19:53:22,780 [INFO] Saving best model at iteration 264
2025-07-20 19:53:24,513 [INFO] [265/300] loss 530.374 | compact 9.60681 | spectral 6.02976 | recons_loss: 0.19246 | sparse_loss: 1.04787 | 
2025-07-20 19:53:24,514 [INFO] [Iter 265] LR: 0.10000000
2025-07-20 19:53:24,515 [INFO] Saving best model at iteration 265
2025-07-20 19:53:26,255 [INFO] [266/300] loss 530.33 | compact 9.60986 | spectral 6.02974 | recons_loss: 0.192294 | sparse_loss: 1.04785 | 
2025-07-20 19:53:26,255 [INFO] [Iter 266] LR: 0.10000000
2025-07-20 19:53:26,258 [INFO] Saving best model at iteration 266
2025-07-20 19:53:27,983 [INFO] [267/300] loss 530.288 | compact 9.61321 | spectral 6.02974 | recons_loss: 0.192129 | sparse_loss: 1.04783 | 
2025-07-20 19:53:27,984 [INFO] [Iter 267] LR: 0.10000000
2025-07-20 19:53:27,985 [INFO] Saving best model at iteration 267
2025-07-20 19:53:29,712 [INFO] [268/300] loss 530.246 | compact 9.61649 | spectral 6.02959 | recons_loss: 0.191963 | sparse_loss: 1.04782 | 
2025-07-20 19:53:29,713 [INFO] [Iter 268] LR: 0.10000000
2025-07-20 19:53:29,714 [INFO] Saving best model at iteration 268
2025-07-20 19:53:31,449 [INFO] [269/300] loss 530.203 | compact 9.61936 | spectral 6.02969 | recons_loss: 0.191798 | sparse_loss: 1.0478 | 
2025-07-20 19:53:31,450 [INFO] [Iter 269] LR: 0.10000000
2025-07-20 19:53:31,452 [INFO] Saving best model at iteration 269
2025-07-20 19:53:33,189 [INFO] [270/300] loss 530.162 | compact 9.62269 | spectral 6.03049 | recons_loss: 0.191632 | sparse_loss: 1.04777 | 
2025-07-20 19:53:33,190 [INFO] [Iter 270] LR: 0.10000000
2025-07-20 19:53:33,191 [INFO] Saving best model at iteration 270
2025-07-20 19:53:34,927 [INFO] [271/300] loss 530.122 | compact 9.62583 | spectral 6.03172 | recons_loss: 0.191469 | sparse_loss: 1.04775 | 
2025-07-20 19:53:34,927 [INFO] [Iter 271] LR: 0.10000000
2025-07-20 19:53:34,928 [INFO] Saving best model at iteration 271
2025-07-20 19:53:36,657 [INFO] [272/300] loss 530.083 | compact 9.62898 | spectral 6.03265 | recons_loss: 0.191311 | sparse_loss: 1.04772 | 
2025-07-20 19:53:36,658 [INFO] [Iter 272] LR: 0.10000000
2025-07-20 19:53:36,659 [INFO] Saving best model at iteration 272
2025-07-20 19:53:38,394 [INFO] [273/300] loss 530.044 | compact 9.63288 | spectral 6.03316 | recons_loss: 0.191164 | sparse_loss: 1.0477 | 
2025-07-20 19:53:38,394 [INFO] [Iter 273] LR: 0.10000000
2025-07-20 19:53:38,395 [INFO] Saving best model at iteration 273
2025-07-20 19:53:40,132 [INFO] [274/300] loss 530.004 | compact 9.63657 | spectral 6.03323 | recons_loss: 0.191017 | sparse_loss: 1.04767 | 
2025-07-20 19:53:40,132 [INFO] [Iter 274] LR: 0.10000000
2025-07-20 19:53:40,133 [INFO] Saving best model at iteration 274
2025-07-20 19:53:41,871 [INFO] [275/300] loss 529.964 | compact 9.64057 | spectral 6.03342 | recons_loss: 0.190866 | sparse_loss: 1.04765 | 
2025-07-20 19:53:41,871 [INFO] [Iter 275] LR: 0.10000000
2025-07-20 19:53:41,872 [INFO] Saving best model at iteration 275
2025-07-20 19:53:43,599 [INFO] [276/300] loss 529.925 | compact 9.64426 | spectral 6.03407 | recons_loss: 0.190713 | sparse_loss: 1.04762 | 
2025-07-20 19:53:43,599 [INFO] [Iter 276] LR: 0.10000000
2025-07-20 19:53:43,601 [INFO] Saving best model at iteration 276
2025-07-20 19:53:45,328 [INFO] [277/300] loss 529.885 | compact 9.64823 | spectral 6.03527 | recons_loss: 0.190559 | sparse_loss: 1.0476 | 
2025-07-20 19:53:45,329 [INFO] [Iter 277] LR: 0.10000000
2025-07-20 19:53:45,330 [INFO] Saving best model at iteration 277
2025-07-20 19:53:47,073 [INFO] [278/300] loss 529.845 | compact 9.65208 | spectral 6.03658 | recons_loss: 0.190402 | sparse_loss: 1.04758 | 
2025-07-20 19:53:47,073 [INFO] [Iter 278] LR: 0.10000000
2025-07-20 19:53:47,074 [INFO] Saving best model at iteration 278
2025-07-20 19:53:48,809 [INFO] [279/300] loss 529.804 | compact 9.65606 | spectral 6.03724 | recons_loss: 0.190245 | sparse_loss: 1.04756 | 
2025-07-20 19:53:48,809 [INFO] [Iter 279] LR: 0.10000000
2025-07-20 19:53:48,810 [INFO] Saving best model at iteration 279
2025-07-20 19:53:50,542 [INFO] [280/300] loss 529.762 | compact 9.66015 | spectral 6.03756 | recons_loss: 0.190085 | sparse_loss: 1.04754 | 
2025-07-20 19:53:50,542 [INFO] [Iter 280] LR: 0.10000000
2025-07-20 19:53:50,543 [INFO] Saving best model at iteration 280
2025-07-20 19:53:52,277 [INFO] [281/300] loss 529.719 | compact 9.66383 | spectral 6.03844 | recons_loss: 0.189924 | sparse_loss: 1.04752 | 
2025-07-20 19:53:52,277 [INFO] [Iter 281] LR: 0.10000000
2025-07-20 19:53:52,278 [INFO] Saving best model at iteration 281
2025-07-20 19:53:54,009 [INFO] [282/300] loss 529.675 | compact 9.66751 | spectral 6.039 | recons_loss: 0.189764 | sparse_loss: 1.04749 | 
2025-07-20 19:53:54,009 [INFO] [Iter 282] LR: 0.10000000
2025-07-20 19:53:54,011 [INFO] Saving best model at iteration 282
2025-07-20 19:53:55,750 [INFO] [283/300] loss 529.632 | compact 9.67127 | spectral 6.03943 | recons_loss: 0.189607 | sparse_loss: 1.04747 | 
2025-07-20 19:53:55,751 [INFO] [Iter 283] LR: 0.10000000
2025-07-20 19:53:55,752 [INFO] Saving best model at iteration 283
2025-07-20 19:53:57,486 [INFO] [284/300] loss 529.587 | compact 9.67557 | spectral 6.03964 | recons_loss: 0.189448 | sparse_loss: 1.04745 | 
2025-07-20 19:53:57,486 [INFO] [Iter 284] LR: 0.10000000
2025-07-20 19:53:57,487 [INFO] Saving best model at iteration 284
2025-07-20 19:53:59,213 [INFO] [285/300] loss 529.541 | compact 9.67943 | spectral 6.04013 | recons_loss: 0.18929 | sparse_loss: 1.04742 | 
2025-07-20 19:53:59,214 [INFO] [Iter 285] LR: 0.10000000
2025-07-20 19:53:59,216 [INFO] Saving best model at iteration 285
2025-07-20 19:54:00,956 [INFO] [286/300] loss 529.496 | compact 9.68345 | spectral 6.04049 | recons_loss: 0.189134 | sparse_loss: 1.0474 | 
2025-07-20 19:54:00,956 [INFO] [Iter 286] LR: 0.10000000
2025-07-20 19:54:00,959 [INFO] Saving best model at iteration 286
2025-07-20 19:54:02,698 [INFO] [287/300] loss 529.45 | compact 9.68828 | spectral 6.04021 | recons_loss: 0.188981 | sparse_loss: 1.04738 | 
2025-07-20 19:54:02,699 [INFO] [Iter 287] LR: 0.10000000
2025-07-20 19:54:02,700 [INFO] Saving best model at iteration 287
2025-07-20 19:54:04,425 [INFO] [288/300] loss 529.403 | compact 9.69296 | spectral 6.03925 | recons_loss: 0.188832 | sparse_loss: 1.04736 | 
2025-07-20 19:54:04,426 [INFO] [Iter 288] LR: 0.10000000
2025-07-20 19:54:04,427 [INFO] Saving best model at iteration 288
2025-07-20 19:54:06,160 [INFO] [289/300] loss 529.361 | compact 9.69723 | spectral 6.03867 | recons_loss: 0.188701 | sparse_loss: 1.04734 | 
2025-07-20 19:54:06,160 [INFO] [Iter 289] LR: 0.10000000
2025-07-20 19:54:06,161 [INFO] Saving best model at iteration 289
2025-07-20 19:54:07,889 [INFO] [290/300] loss 529.318 | compact 9.70126 | spectral 6.039 | recons_loss: 0.188567 | sparse_loss: 1.04732 | 
2025-07-20 19:54:07,889 [INFO] [Iter 290] LR: 0.10000000
2025-07-20 19:54:07,891 [INFO] Saving best model at iteration 290
2025-07-20 19:54:09,623 [INFO] [291/300] loss 529.276 | compact 9.70526 | spectral 6.03946 | recons_loss: 0.188435 | sparse_loss: 1.0473 | 
2025-07-20 19:54:09,624 [INFO] [Iter 291] LR: 0.10000000
2025-07-20 19:54:09,626 [INFO] Saving best model at iteration 291
2025-07-20 19:54:11,372 [INFO] [292/300] loss 529.232 | compact 9.70878 | spectral 6.04006 | recons_loss: 0.18829 | sparse_loss: 1.04728 | 
2025-07-20 19:54:11,372 [INFO] [Iter 292] LR: 0.10000000
2025-07-20 19:54:11,373 [INFO] Saving best model at iteration 292
2025-07-20 19:54:13,102 [INFO] [293/300] loss 529.184 | compact 9.71245 | spectral 6.04031 | recons_loss: 0.188134 | sparse_loss: 1.04725 | 
2025-07-20 19:54:13,102 [INFO] [Iter 293] LR: 0.10000000
2025-07-20 19:54:13,103 [INFO] Saving best model at iteration 293
2025-07-20 19:54:14,831 [INFO] [294/300] loss 529.138 | compact 9.71634 | spectral 6.04045 | recons_loss: 0.187988 | sparse_loss: 1.04723 | 
2025-07-20 19:54:14,832 [INFO] [Iter 294] LR: 0.10000000
2025-07-20 19:54:14,833 [INFO] Saving best model at iteration 294
2025-07-20 19:54:16,558 [INFO] [295/300] loss 529.093 | compact 9.72021 | spectral 6.0405 | recons_loss: 0.187839 | sparse_loss: 1.04721 | 
2025-07-20 19:54:16,559 [INFO] [Iter 295] LR: 0.10000000
2025-07-20 19:54:16,560 [INFO] Saving best model at iteration 295
2025-07-20 19:54:18,293 [INFO] [296/300] loss 529.048 | compact 9.72374 | spectral 6.04036 | recons_loss: 0.187689 | sparse_loss: 1.04719 | 
2025-07-20 19:54:18,293 [INFO] [Iter 296] LR: 0.10000000
2025-07-20 19:54:18,296 [INFO] Saving best model at iteration 296
2025-07-20 19:54:20,026 [INFO] [297/300] loss 529.004 | compact 9.72726 | spectral 6.04016 | recons_loss: 0.187538 | sparse_loss: 1.04717 | 
2025-07-20 19:54:20,027 [INFO] [Iter 297] LR: 0.10000000
2025-07-20 19:54:20,028 [INFO] Saving best model at iteration 297
2025-07-20 19:54:21,760 [INFO] [298/300] loss 528.959 | compact 9.73172 | spectral 6.0397 | recons_loss: 0.187386 | sparse_loss: 1.04716 | 
2025-07-20 19:54:21,760 [INFO] [Iter 298] LR: 0.10000000
2025-07-20 19:54:21,761 [INFO] Saving best model at iteration 298
2025-07-20 19:54:22,197 [INFO] H: 217, W: 512
2025-07-20 19:54:22,358 [INFO] [ 0  1  2  3  4  5  6  7  8  9 10 11 12 13 14 15]
2025-07-20 19:54:22,488 [INFO] y_target: [ 1  2  3  4  5  6  7  8  9 10 11 12 13 14 15 16]
2025-07-20 19:54:22,488 [INFO] y_predict: [ 0  1  2  3  4  5  6  7  8  9 10 11 12 13 14 15]
2025-07-20 19:54:22,656 [INFO] Epoch = 299 OA = 0.7614 Kappa = 0.7318 NMI = 0.8252
2025-07-20 19:54:24,079 [INFO] [299/300] loss 528.915 | compact 9.73596 | spectral 6.03936 | recons_loss: 0.187238 | sparse_loss: 1.04714 | 
2025-07-20 19:54:24,080 [INFO] [Iter 299] LR: 0.10000000
2025-07-20 19:54:24,081 [INFO] Saving best model at iteration 299
2025-07-20 19:54:24,081 [INFO] Training finished. Best model loaded.
