2025-07-21 03:49:09,621 [INFO] ========== Training Configuration ==========
2025-07-21 03:49:09,621 [INFO] out_dir: ./log
2025-07-21 03:49:09,621 [INFO] lr: 0.1
2025-07-21 03:49:09,621 [INFO] train_iter: 300
2025-07-21 03:49:09,621 [INFO] niter: 5
2025-07-21 03:49:09,621 [INFO] nspix: 300
2025-07-21 03:49:09,621 [INFO] weight: weight
2025-07-21 03:49:09,621 [INFO] weight_representation: 95.0
2025-07-21 03:49:09,621 [INFO] weight_noise: 50.0
2025-07-21 03:49:09,621 [INFO] dataset: trento
2025-07-21 03:49:09,621 [INFO] device: cuda:0
2025-07-21 03:49:09,621 [INFO] log: trento11
2025-07-21 03:49:09,621 [INFO] ============================================
2025-07-21 03:49:12,664 [INFO] H: 600, W: 166
2025-07-21 03:49:12,728 [INFO] [0 1 2 3 4 5]
2025-07-21 03:49:12,929 [INFO] y_target: [1 2 3 4 5 6]
2025-07-21 03:49:12,929 [INFO] y_predict: [0 1 2 3 4 5]
2025-07-21 03:49:13,020 [INFO] Epoch = 0 OA = 0.8509 Kappa = 0.8011 NMI = 0.7884
2025-07-21 03:49:13,547 [INFO] [0/300] loss 717.922 | compact 13.9608 | spectral 17.8474 | recons_loss: 0.260069 | sparse_loss: 1.04467 | 
2025-07-21 03:49:13,548 [INFO] [Iter 0] LR: 0.10000000
2025-07-21 03:49:13,550 [INFO] Saving best model at iteration 0
2025-07-21 03:49:14,148 [INFO] [1/300] loss 717.555 | compact 13.9643 | spectral 17.8301 | recons_loss: 0.258685 | sparse_loss: 1.0447 | 
2025-07-21 03:49:14,148 [INFO] [Iter 1] LR: 0.10000000
2025-07-21 03:49:14,149 [INFO] Saving best model at iteration 1
2025-07-21 03:49:14,748 [INFO] [2/300] loss 717.034 | compact 13.9676 | spectral 17.796 | recons_loss: 0.256805 | sparse_loss: 1.04466 | 
2025-07-21 03:49:14,748 [INFO] [Iter 2] LR: 0.10000000
2025-07-21 03:49:14,750 [INFO] Saving best model at iteration 2
2025-07-21 03:49:15,366 [INFO] [3/300] loss 716.342 | compact 13.9687 | spectral 17.7588 | recons_loss: 0.254142 | sparse_loss: 1.04442 | 
2025-07-21 03:49:15,367 [INFO] [Iter 3] LR: 0.10000000
2025-07-21 03:49:15,368 [INFO] Saving best model at iteration 3
2025-07-21 03:49:15,966 [INFO] [4/300] loss 715.532 | compact 13.973 | spectral 17.7206 | recons_loss: 0.250802 | sparse_loss: 1.04403 | 
2025-07-21 03:49:15,966 [INFO] [Iter 4] LR: 0.10000000
2025-07-21 03:49:15,968 [INFO] Saving best model at iteration 4
2025-07-21 03:49:16,588 [INFO] [5/300] loss 714.696 | compact 13.98 | spectral 17.6893 | recons_loss: 0.247197 | sparse_loss: 1.04351 | 
2025-07-21 03:49:16,589 [INFO] [Iter 5] LR: 0.10000000
2025-07-21 03:49:16,590 [INFO] Saving best model at iteration 5
2025-07-21 03:49:17,187 [INFO] [6/300] loss 713.849 | compact 13.9851 | spectral 17.648 | recons_loss: 0.243433 | sparse_loss: 1.04295 | 
2025-07-21 03:49:17,188 [INFO] [Iter 6] LR: 0.10000000
2025-07-21 03:49:17,189 [INFO] Saving best model at iteration 6
2025-07-21 03:49:17,785 [INFO] [7/300] loss 713.012 | compact 13.9903 | spectral 17.6051 | recons_loss: 0.239572 | sparse_loss: 1.04238 | 
2025-07-21 03:49:17,786 [INFO] [Iter 7] LR: 0.10000000
2025-07-21 03:49:17,787 [INFO] Saving best model at iteration 7
2025-07-21 03:49:18,384 [INFO] [8/300] loss 712.196 | compact 13.9989 | spectral 17.5595 | recons_loss: 0.235659 | sparse_loss: 1.04185 | 
2025-07-21 03:49:18,385 [INFO] [Iter 8] LR: 0.10000000
2025-07-21 03:49:18,387 [INFO] Saving best model at iteration 8
2025-07-21 03:49:18,995 [INFO] [9/300] loss 711.453 | compact 14.0068 | spectral 17.5139 | recons_loss: 0.231971 | sparse_loss: 1.04133 | 
2025-07-21 03:49:18,995 [INFO] [Iter 9] LR: 0.10000000
2025-07-21 03:49:18,997 [INFO] Saving best model at iteration 9
2025-07-21 03:49:19,595 [INFO] [10/300] loss 710.747 | compact 14.0159 | spectral 17.4655 | recons_loss: 0.228443 | sparse_loss: 1.04082 | 
2025-07-21 03:49:19,595 [INFO] [Iter 10] LR: 0.10000000
2025-07-21 03:49:19,596 [INFO] Saving best model at iteration 10
2025-07-21 03:49:20,194 [INFO] [11/300] loss 710.083 | compact 14.0246 | spectral 17.4217 | recons_loss: 0.225094 | sparse_loss: 1.04028 | 
2025-07-21 03:49:20,194 [INFO] [Iter 11] LR: 0.10000000
2025-07-21 03:49:20,195 [INFO] Saving best model at iteration 11
2025-07-21 03:49:20,792 [INFO] [12/300] loss 709.453 | compact 14.0336 | spectral 17.3808 | recons_loss: 0.221896 | sparse_loss: 1.03973 | 
2025-07-21 03:49:20,792 [INFO] [Iter 12] LR: 0.10000000
2025-07-21 03:49:20,793 [INFO] Saving best model at iteration 12
2025-07-21 03:49:21,391 [INFO] [13/300] loss 708.849 | compact 14.0393 | spectral 17.3458 | recons_loss: 0.218788 | sparse_loss: 1.03919 | 
2025-07-21 03:49:21,391 [INFO] [Iter 13] LR: 0.10000000
2025-07-21 03:49:21,392 [INFO] Saving best model at iteration 13
2025-07-21 03:49:21,989 [INFO] [14/300] loss 708.27 | compact 14.0427 | spectral 17.315 | recons_loss: 0.21581 | sparse_loss: 1.03867 | 
2025-07-21 03:49:21,990 [INFO] [Iter 14] LR: 0.10000000
2025-07-21 03:49:21,991 [INFO] Saving best model at iteration 14
2025-07-21 03:49:22,589 [INFO] [15/300] loss 707.719 | compact 14.0461 | spectral 17.2874 | recons_loss: 0.212971 | sparse_loss: 1.03821 | 
2025-07-21 03:49:22,589 [INFO] [Iter 15] LR: 0.10000000
2025-07-21 03:49:22,590 [INFO] Saving best model at iteration 15
2025-07-21 03:49:23,203 [INFO] [16/300] loss 707.193 | compact 14.0503 | spectral 17.2621 | recons_loss: 0.210265 | sparse_loss: 1.03778 | 
2025-07-21 03:49:23,204 [INFO] [Iter 16] LR: 0.10000000
2025-07-21 03:49:23,205 [INFO] Saving best model at iteration 16
2025-07-21 03:49:23,820 [INFO] [17/300] loss 706.689 | compact 14.0554 | spectral 17.2388 | recons_loss: 0.207668 | sparse_loss: 1.0374 | 
2025-07-21 03:49:23,820 [INFO] [Iter 17] LR: 0.10000000
2025-07-21 03:49:23,822 [INFO] Saving best model at iteration 17
2025-07-21 03:49:24,420 [INFO] [18/300] loss 706.225 | compact 14.0605 | spectral 17.2246 | recons_loss: 0.20521 | sparse_loss: 1.03705 | 
2025-07-21 03:49:24,421 [INFO] [Iter 18] LR: 0.10000000
2025-07-21 03:49:24,422 [INFO] Saving best model at iteration 18
2025-07-21 03:49:25,019 [INFO] [19/300] loss 705.781 | compact 14.0659 | spectral 17.2111 | recons_loss: 0.202917 | sparse_loss: 1.03671 | 
2025-07-21 03:49:25,020 [INFO] [Iter 19] LR: 0.10000000
2025-07-21 03:49:25,022 [INFO] Saving best model at iteration 19
2025-07-21 03:49:25,624 [INFO] [20/300] loss 705.347 | compact 14.0742 | spectral 17.194 | recons_loss: 0.200765 | sparse_loss: 1.03638 | 
2025-07-21 03:49:25,624 [INFO] [Iter 20] LR: 0.10000000
2025-07-21 03:49:25,626 [INFO] Saving best model at iteration 20
2025-07-21 03:49:26,224 [INFO] [21/300] loss 704.937 | compact 14.0802 | spectral 17.1795 | recons_loss: 0.198787 | sparse_loss: 1.03607 | 
2025-07-21 03:49:26,224 [INFO] [Iter 21] LR: 0.10000000
2025-07-21 03:49:26,225 [INFO] Saving best model at iteration 21
2025-07-21 03:49:26,823 [INFO] [22/300] loss 704.551 | compact 14.0882 | spectral 17.1659 | recons_loss: 0.196966 | sparse_loss: 1.03579 | 
2025-07-21 03:49:26,823 [INFO] [Iter 22] LR: 0.10000000
2025-07-21 03:49:26,824 [INFO] Saving best model at iteration 22
2025-07-21 03:49:27,421 [INFO] [23/300] loss 704.196 | compact 14.0984 | spectral 17.1539 | recons_loss: 0.195339 | sparse_loss: 1.03555 | 
2025-07-21 03:49:27,421 [INFO] [Iter 23] LR: 0.10000000
2025-07-21 03:49:27,422 [INFO] Saving best model at iteration 23
2025-07-21 03:49:28,020 [INFO] [24/300] loss 703.87 | compact 14.1068 | spectral 17.1487 | recons_loss: 0.193829 | sparse_loss: 1.03534 | 
2025-07-21 03:49:28,020 [INFO] [Iter 24] LR: 0.10000000
2025-07-21 03:49:28,021 [INFO] Saving best model at iteration 24
2025-07-21 03:49:28,618 [INFO] [25/300] loss 703.563 | compact 14.1158 | spectral 17.147 | recons_loss: 0.192426 | sparse_loss: 1.03515 | 
2025-07-21 03:49:28,619 [INFO] [Iter 25] LR: 0.10000000
2025-07-21 03:49:28,620 [INFO] Saving best model at iteration 25
2025-07-21 03:49:29,218 [INFO] [26/300] loss 703.275 | compact 14.1239 | spectral 17.1498 | recons_loss: 0.191128 | sparse_loss: 1.03496 | 
2025-07-21 03:49:29,218 [INFO] [Iter 26] LR: 0.10000000
2025-07-21 03:49:29,220 [INFO] Saving best model at iteration 26
2025-07-21 03:49:29,818 [INFO] [27/300] loss 702.998 | compact 14.131 | spectral 17.1529 | recons_loss: 0.189902 | sparse_loss: 1.03476 | 
2025-07-21 03:49:29,818 [INFO] [Iter 27] LR: 0.10000000
2025-07-21 03:49:29,819 [INFO] Saving best model at iteration 27
2025-07-21 03:49:30,417 [INFO] [28/300] loss 702.733 | compact 14.1382 | spectral 17.157 | recons_loss: 0.188765 | sparse_loss: 1.03457 | 
2025-07-21 03:49:30,417 [INFO] [Iter 28] LR: 0.10000000
2025-07-21 03:49:30,419 [INFO] Saving best model at iteration 28
2025-07-21 03:49:31,026 [INFO] [29/300] loss 702.485 | compact 14.1447 | spectral 17.1634 | recons_loss: 0.187704 | sparse_loss: 1.0344 | 
2025-07-21 03:49:31,026 [INFO] [Iter 29] LR: 0.10000000
2025-07-21 03:49:31,028 [INFO] Saving best model at iteration 29
2025-07-21 03:49:31,647 [INFO] [30/300] loss 702.244 | compact 14.1494 | spectral 17.1669 | recons_loss: 0.186715 | sparse_loss: 1.03424 | 
2025-07-21 03:49:31,647 [INFO] [Iter 30] LR: 0.10000000
2025-07-21 03:49:31,648 [INFO] Saving best model at iteration 30
2025-07-21 03:49:32,246 [INFO] [31/300] loss 702.017 | compact 14.1541 | spectral 17.1696 | recons_loss: 0.185803 | sparse_loss: 1.03412 | 
2025-07-21 03:49:32,247 [INFO] [Iter 31] LR: 0.10000000
2025-07-21 03:49:32,248 [INFO] Saving best model at iteration 31
2025-07-21 03:49:32,851 [INFO] [32/300] loss 701.805 | compact 14.1579 | spectral 17.1735 | recons_loss: 0.184953 | sparse_loss: 1.034 | 
2025-07-21 03:49:32,852 [INFO] [Iter 32] LR: 0.10000000
2025-07-21 03:49:32,853 [INFO] Saving best model at iteration 32
2025-07-21 03:49:33,456 [INFO] [33/300] loss 701.604 | compact 14.1659 | spectral 17.174 | recons_loss: 0.184157 | sparse_loss: 1.03389 | 
2025-07-21 03:49:33,457 [INFO] [Iter 33] LR: 0.10000000
2025-07-21 03:49:33,458 [INFO] Saving best model at iteration 33
2025-07-21 03:49:34,056 [INFO] [34/300] loss 701.415 | compact 14.1701 | spectral 17.1754 | recons_loss: 0.183416 | sparse_loss: 1.03377 | 
2025-07-21 03:49:34,056 [INFO] [Iter 34] LR: 0.10000000
2025-07-21 03:49:34,057 [INFO] Saving best model at iteration 34
2025-07-21 03:49:34,654 [INFO] [35/300] loss 701.235 | compact 14.1749 | spectral 17.1786 | recons_loss: 0.182723 | sparse_loss: 1.03367 | 
2025-07-21 03:49:34,654 [INFO] [Iter 35] LR: 0.10000000
2025-07-21 03:49:34,656 [INFO] Saving best model at iteration 35
2025-07-21 03:49:35,257 [INFO] [36/300] loss 701.074 | compact 14.1779 | spectral 17.1838 | recons_loss: 0.182104 | sparse_loss: 1.03358 | 
2025-07-21 03:49:35,258 [INFO] [Iter 36] LR: 0.10000000
2025-07-21 03:49:35,259 [INFO] Saving best model at iteration 36
2025-07-21 03:49:35,856 [INFO] [37/300] loss 700.91 | compact 14.1831 | spectral 17.1832 | recons_loss: 0.181505 | sparse_loss: 1.03349 | 
2025-07-21 03:49:35,856 [INFO] [Iter 37] LR: 0.10000000
2025-07-21 03:49:35,857 [INFO] Saving best model at iteration 37
2025-07-21 03:49:36,455 [INFO] [38/300] loss 700.759 | compact 14.1882 | spectral 17.185 | recons_loss: 0.180926 | sparse_loss: 1.03343 | 
2025-07-21 03:49:36,455 [INFO] [Iter 38] LR: 0.10000000
2025-07-21 03:49:36,456 [INFO] Saving best model at iteration 38
2025-07-21 03:49:37,053 [INFO] [39/300] loss 700.618 | compact 14.193 | spectral 17.1902 | recons_loss: 0.180365 | sparse_loss: 1.03335 | 
2025-07-21 03:49:37,054 [INFO] [Iter 39] LR: 0.10000000
2025-07-21 03:49:37,055 [INFO] Saving best model at iteration 39
2025-07-21 03:49:37,661 [INFO] [40/300] loss 700.472 | compact 14.1993 | spectral 17.1902 | recons_loss: 0.179832 | sparse_loss: 1.03325 | 
2025-07-21 03:49:37,661 [INFO] [Iter 40] LR: 0.10000000
2025-07-21 03:49:37,662 [INFO] Saving best model at iteration 40
2025-07-21 03:49:38,260 [INFO] [41/300] loss 700.338 | compact 14.2051 | spectral 17.1918 | recons_loss: 0.179339 | sparse_loss: 1.03315 | 
2025-07-21 03:49:38,260 [INFO] [Iter 41] LR: 0.10000000
2025-07-21 03:49:38,262 [INFO] Saving best model at iteration 41
2025-07-21 03:49:38,860 [INFO] [42/300] loss 700.209 | compact 14.2131 | spectral 17.1924 | recons_loss: 0.17887 | sparse_loss: 1.03306 | 
2025-07-21 03:49:38,860 [INFO] [Iter 42] LR: 0.10000000
2025-07-21 03:49:38,861 [INFO] Saving best model at iteration 42
2025-07-21 03:49:39,458 [INFO] [43/300] loss 700.087 | compact 14.2204 | spectral 17.192 | recons_loss: 0.178439 | sparse_loss: 1.03299 | 
2025-07-21 03:49:39,458 [INFO] [Iter 43] LR: 0.10000000
2025-07-21 03:49:39,459 [INFO] Saving best model at iteration 43
2025-07-21 03:49:40,060 [INFO] [44/300] loss 699.971 | compact 14.2265 | spectral 17.1916 | recons_loss: 0.178037 | sparse_loss: 1.03293 | 
2025-07-21 03:49:40,060 [INFO] [Iter 44] LR: 0.10000000
2025-07-21 03:49:40,061 [INFO] Saving best model at iteration 44
2025-07-21 03:49:40,658 [INFO] [45/300] loss 699.86 | compact 14.2332 | spectral 17.1916 | recons_loss: 0.177669 | sparse_loss: 1.03287 | 
2025-07-21 03:49:40,658 [INFO] [Iter 45] LR: 0.10000000
2025-07-21 03:49:40,659 [INFO] Saving best model at iteration 45
2025-07-21 03:49:41,256 [INFO] [46/300] loss 699.749 | compact 14.2407 | spectral 17.1904 | recons_loss: 0.177318 | sparse_loss: 1.0328 | 
2025-07-21 03:49:41,257 [INFO] [Iter 46] LR: 0.10000000
2025-07-21 03:49:41,258 [INFO] Saving best model at iteration 46
2025-07-21 03:49:41,855 [INFO] [47/300] loss 699.649 | compact 14.2472 | spectral 17.191 | recons_loss: 0.176997 | sparse_loss: 1.03274 | 
2025-07-21 03:49:41,856 [INFO] [Iter 47] LR: 0.10000000
2025-07-21 03:49:41,857 [INFO] Saving best model at iteration 47
2025-07-21 03:49:42,468 [INFO] [48/300] loss 699.55 | compact 14.2533 | spectral 17.1915 | recons_loss: 0.176691 | sparse_loss: 1.03267 | 
2025-07-21 03:49:42,468 [INFO] [Iter 48] LR: 0.10000000
2025-07-21 03:49:42,471 [INFO] Saving best model at iteration 48
2025-07-21 03:49:43,071 [INFO] [49/300] loss 699.451 | compact 14.2598 | spectral 17.1906 | recons_loss: 0.176405 | sparse_loss: 1.03261 | 
2025-07-21 03:49:43,072 [INFO] [Iter 49] LR: 0.10000000
2025-07-21 03:49:43,073 [INFO] Saving best model at iteration 49
2025-07-21 03:49:43,278 [INFO] H: 600, W: 166
2025-07-21 03:49:43,379 [INFO] [0 1 2 3 4 5]
2025-07-21 03:49:43,477 [INFO] y_target: [1 2 3 4 5 6]
2025-07-21 03:49:43,477 [INFO] y_predict: [0 1 2 3 4 5]
2025-07-21 03:49:43,566 [INFO] Epoch = 50 OA = 0.8498 Kappa = 0.7991 NMI = 0.8082
2025-07-21 03:49:44,042 [INFO] [50/300] loss 699.357 | compact 14.2658 | spectral 17.1906 | recons_loss: 0.176141 | sparse_loss: 1.03256 | 
2025-07-21 03:49:44,043 [INFO] [Iter 50] LR: 0.10000000
2025-07-21 03:49:44,044 [INFO] Saving best model at iteration 50
2025-07-21 03:49:44,651 [INFO] [51/300] loss 699.269 | compact 14.2718 | spectral 17.1914 | recons_loss: 0.175887 | sparse_loss: 1.0325 | 
2025-07-21 03:49:44,651 [INFO] [Iter 51] LR: 0.10000000
2025-07-21 03:49:44,652 [INFO] Saving best model at iteration 51
2025-07-21 03:49:45,249 [INFO] [52/300] loss 699.18 | compact 14.2773 | spectral 17.1919 | recons_loss: 0.175655 | sparse_loss: 1.03244 | 
2025-07-21 03:49:45,250 [INFO] [Iter 52] LR: 0.10000000
2025-07-21 03:49:45,251 [INFO] Saving best model at iteration 52
2025-07-21 03:49:45,848 [INFO] [53/300] loss 699.091 | compact 14.2828 | spectral 17.1908 | recons_loss: 0.175437 | sparse_loss: 1.03237 | 
2025-07-21 03:49:45,849 [INFO] [Iter 53] LR: 0.10000000
2025-07-21 03:49:45,851 [INFO] Saving best model at iteration 53
2025-07-21 03:49:46,451 [INFO] [54/300] loss 699.011 | compact 14.2873 | spectral 17.1904 | recons_loss: 0.175243 | sparse_loss: 1.03231 | 
2025-07-21 03:49:46,452 [INFO] [Iter 54] LR: 0.10000000
2025-07-21 03:49:46,453 [INFO] Saving best model at iteration 54
2025-07-21 03:49:47,051 [INFO] [55/300] loss 698.932 | compact 14.2914 | spectral 17.1889 | recons_loss: 0.175057 | sparse_loss: 1.03225 | 
2025-07-21 03:49:47,051 [INFO] [Iter 55] LR: 0.10000000
2025-07-21 03:49:47,052 [INFO] Saving best model at iteration 55
2025-07-21 03:49:47,655 [INFO] [56/300] loss 698.86 | compact 14.2949 | spectral 17.194 | recons_loss: 0.174876 | sparse_loss: 1.0322 | 
2025-07-21 03:49:47,656 [INFO] [Iter 56] LR: 0.10000000
2025-07-21 03:49:47,657 [INFO] Saving best model at iteration 56
2025-07-21 03:49:48,262 [INFO] [57/300] loss 698.796 | compact 14.2961 | spectral 17.1991 | recons_loss: 0.174714 | sparse_loss: 1.03216 | 
2025-07-21 03:49:48,263 [INFO] [Iter 57] LR: 0.10000000
2025-07-21 03:49:48,264 [INFO] Saving best model at iteration 57
2025-07-21 03:49:48,862 [INFO] [58/300] loss 698.737 | compact 14.2973 | spectral 17.205 | recons_loss: 0.174561 | sparse_loss: 1.03212 | 
2025-07-21 03:49:48,862 [INFO] [Iter 58] LR: 0.05000000
2025-07-21 03:49:48,863 [INFO] Saving best model at iteration 58
2025-07-21 03:49:49,461 [INFO] [59/300] loss 698.68 | compact 14.2993 | spectral 17.2116 | recons_loss: 0.174408 | sparse_loss: 1.03207 | 
2025-07-21 03:49:49,461 [INFO] [Iter 59] LR: 0.05000000
2025-07-21 03:49:49,463 [INFO] Saving best model at iteration 59
2025-07-21 03:49:50,062 [INFO] [60/300] loss 698.623 | compact 14.3027 | spectral 17.2169 | recons_loss: 0.174255 | sparse_loss: 1.03202 | 
2025-07-21 03:49:50,063 [INFO] [Iter 60] LR: 0.05000000
2025-07-21 03:49:50,064 [INFO] Saving best model at iteration 60
2025-07-21 03:49:50,661 [INFO] [61/300] loss 698.567 | compact 14.307 | spectral 17.2212 | recons_loss: 0.174115 | sparse_loss: 1.03198 | 
2025-07-21 03:49:50,661 [INFO] [Iter 61] LR: 0.05000000
2025-07-21 03:49:50,662 [INFO] Saving best model at iteration 61
2025-07-21 03:49:51,259 [INFO] [62/300] loss 698.509 | compact 14.3091 | spectral 17.2246 | recons_loss: 0.173985 | sparse_loss: 1.03193 | 
2025-07-21 03:49:51,259 [INFO] [Iter 62] LR: 0.05000000
2025-07-21 03:49:51,260 [INFO] Saving best model at iteration 62
2025-07-21 03:49:51,857 [INFO] [63/300] loss 698.448 | compact 14.3134 | spectral 17.2239 | recons_loss: 0.173856 | sparse_loss: 1.03191 | 
2025-07-21 03:49:51,858 [INFO] [Iter 63] LR: 0.05000000
2025-07-21 03:49:51,859 [INFO] Saving best model at iteration 63
2025-07-21 03:49:52,456 [INFO] [64/300] loss 698.399 | compact 14.3187 | spectral 17.2264 | recons_loss: 0.173741 | sparse_loss: 1.03188 | 
2025-07-21 03:49:52,457 [INFO] [Iter 64] LR: 0.05000000
2025-07-21 03:49:52,458 [INFO] Saving best model at iteration 64
2025-07-21 03:49:53,059 [INFO] [65/300] loss 698.356 | compact 14.3247 | spectral 17.226 | recons_loss: 0.173638 | sparse_loss: 1.03186 | 
2025-07-21 03:49:53,059 [INFO] [Iter 65] LR: 0.05000000
2025-07-21 03:49:53,060 [INFO] Saving best model at iteration 65
2025-07-21 03:49:53,663 [INFO] [66/300] loss 698.311 | compact 14.3296 | spectral 17.2253 | recons_loss: 0.173531 | sparse_loss: 1.03184 | 
2025-07-21 03:49:53,663 [INFO] [Iter 66] LR: 0.02500000
2025-07-21 03:49:53,664 [INFO] Saving best model at iteration 66
2025-07-21 03:49:54,262 [INFO] [67/300] loss 698.265 | compact 14.3358 | spectral 17.226 | recons_loss: 0.173437 | sparse_loss: 1.0318 | 
2025-07-21 03:49:54,262 [INFO] [Iter 67] LR: 0.02500000
2025-07-21 03:49:54,263 [INFO] Saving best model at iteration 67
2025-07-21 03:49:54,863 [INFO] [68/300] loss 698.218 | compact 14.3426 | spectral 17.2245 | recons_loss: 0.173345 | sparse_loss: 1.03177 | 
2025-07-21 03:49:54,864 [INFO] [Iter 68] LR: 0.02500000
2025-07-21 03:49:54,865 [INFO] Saving best model at iteration 68
2025-07-21 03:49:55,468 [INFO] [69/300] loss 698.175 | compact 14.3487 | spectral 17.224 | recons_loss: 0.173253 | sparse_loss: 1.03174 | 
2025-07-21 03:49:55,469 [INFO] [Iter 69] LR: 0.02500000
2025-07-21 03:49:55,470 [INFO] Saving best model at iteration 69
2025-07-21 03:49:56,079 [INFO] [70/300] loss 698.133 | compact 14.3537 | spectral 17.2239 | recons_loss: 0.173179 | sparse_loss: 1.03171 | 
2025-07-21 03:49:56,080 [INFO] [Iter 70] LR: 0.02500000
2025-07-21 03:49:56,081 [INFO] Saving best model at iteration 70
2025-07-21 03:49:56,683 [INFO] [71/300] loss 698.1 | compact 14.3577 | spectral 17.2319 | recons_loss: 0.173112 | sparse_loss: 1.03168 | 
2025-07-21 03:49:56,684 [INFO] [Iter 71] LR: 0.01250000
2025-07-21 03:49:56,685 [INFO] Saving best model at iteration 71
2025-07-21 03:49:57,288 [INFO] [72/300] loss 698.06 | compact 14.3623 | spectral 17.2313 | recons_loss: 0.173044 | sparse_loss: 1.03166 | 
2025-07-21 03:49:57,289 [INFO] [Iter 72] LR: 0.01250000
2025-07-21 03:49:57,290 [INFO] Saving best model at iteration 72
2025-07-21 03:49:57,899 [INFO] [73/300] loss 698.02 | compact 14.3667 | spectral 17.2298 | recons_loss: 0.172979 | sparse_loss: 1.03164 | 
2025-07-21 03:49:57,900 [INFO] [Iter 73] LR: 0.01250000
2025-07-21 03:49:57,901 [INFO] Saving best model at iteration 73
2025-07-21 03:49:58,503 [INFO] [74/300] loss 697.981 | compact 14.3705 | spectral 17.2285 | recons_loss: 0.172918 | sparse_loss: 1.03162 | 
2025-07-21 03:49:58,503 [INFO] [Iter 74] LR: 0.01250000
2025-07-21 03:49:58,504 [INFO] Saving best model at iteration 74
2025-07-21 03:49:59,102 [INFO] [75/300] loss 697.944 | compact 14.3737 | spectral 17.2277 | recons_loss: 0.172864 | sparse_loss: 1.0316 | 
2025-07-21 03:49:59,103 [INFO] [Iter 75] LR: 0.01250000
2025-07-21 03:49:59,104 [INFO] Saving best model at iteration 75
2025-07-21 03:49:59,703 [INFO] [76/300] loss 697.909 | compact 14.3769 | spectral 17.2268 | recons_loss: 0.172813 | sparse_loss: 1.03158 | 
2025-07-21 03:49:59,703 [INFO] [Iter 76] LR: 0.01250000
2025-07-21 03:49:59,704 [INFO] Saving best model at iteration 76
2025-07-21 03:50:00,311 [INFO] [77/300] loss 697.875 | compact 14.3798 | spectral 17.2258 | recons_loss: 0.172764 | sparse_loss: 1.03156 | 
2025-07-21 03:50:00,312 [INFO] [Iter 77] LR: 0.01250000
2025-07-21 03:50:00,313 [INFO] Saving best model at iteration 77
2025-07-21 03:50:00,918 [INFO] [78/300] loss 697.841 | compact 14.382 | spectral 17.2253 | recons_loss: 0.17272 | sparse_loss: 1.03154 | 
2025-07-21 03:50:00,918 [INFO] [Iter 78] LR: 0.01250000
2025-07-21 03:50:00,919 [INFO] Saving best model at iteration 78
2025-07-21 03:50:01,524 [INFO] [79/300] loss 697.807 | compact 14.3842 | spectral 17.2233 | recons_loss: 0.172678 | sparse_loss: 1.03151 | 
2025-07-21 03:50:01,525 [INFO] [Iter 79] LR: 0.01250000
2025-07-21 03:50:01,526 [INFO] Saving best model at iteration 79
2025-07-21 03:50:02,132 [INFO] [80/300] loss 697.773 | compact 14.3863 | spectral 17.2212 | recons_loss: 0.172638 | sparse_loss: 1.03149 | 
2025-07-21 03:50:02,133 [INFO] [Iter 80] LR: 0.01250000
2025-07-21 03:50:02,134 [INFO] Saving best model at iteration 80
2025-07-21 03:50:02,740 [INFO] [81/300] loss 697.74 | compact 14.3882 | spectral 17.2189 | recons_loss: 0.172601 | sparse_loss: 1.03147 | 
2025-07-21 03:50:02,740 [INFO] [Iter 81] LR: 0.01250000
2025-07-21 03:50:02,741 [INFO] Saving best model at iteration 81
2025-07-21 03:50:03,339 [INFO] [82/300] loss 697.709 | compact 14.3905 | spectral 17.2166 | recons_loss: 0.172571 | sparse_loss: 1.03145 | 
2025-07-21 03:50:03,339 [INFO] [Iter 82] LR: 0.01250000
2025-07-21 03:50:03,340 [INFO] Saving best model at iteration 82
2025-07-21 03:50:03,943 [INFO] [83/300] loss 697.679 | compact 14.3924 | spectral 17.2152 | recons_loss: 0.17254 | sparse_loss: 1.03143 | 
2025-07-21 03:50:03,943 [INFO] [Iter 83] LR: 0.01250000
2025-07-21 03:50:03,945 [INFO] Saving best model at iteration 83
2025-07-21 03:50:04,551 [INFO] [84/300] loss 697.65 | compact 14.3941 | spectral 17.2139 | recons_loss: 0.172512 | sparse_loss: 1.03141 | 
2025-07-21 03:50:04,551 [INFO] [Iter 84] LR: 0.00625000
2025-07-21 03:50:04,552 [INFO] Saving best model at iteration 84
2025-07-21 03:50:05,153 [INFO] [85/300] loss 697.623 | compact 14.3956 | spectral 17.2127 | recons_loss: 0.172496 | sparse_loss: 1.03139 | 
2025-07-21 03:50:05,154 [INFO] [Iter 85] LR: 0.00625000
2025-07-21 03:50:05,156 [INFO] Saving best model at iteration 85
2025-07-21 03:50:05,764 [INFO] [86/300] loss 697.597 | compact 14.397 | spectral 17.2117 | recons_loss: 0.172474 | sparse_loss: 1.03137 | 
2025-07-21 03:50:05,765 [INFO] [Iter 86] LR: 0.00625000
2025-07-21 03:50:05,766 [INFO] Saving best model at iteration 86
2025-07-21 03:50:06,381 [INFO] [87/300] loss 697.573 | compact 14.3981 | spectral 17.2107 | recons_loss: 0.17246 | sparse_loss: 1.03136 | 
2025-07-21 03:50:06,381 [INFO] [Iter 87] LR: 0.00625000
2025-07-21 03:50:06,382 [INFO] Saving best model at iteration 87
2025-07-21 03:50:07,001 [INFO] [88/300] loss 697.55 | compact 14.3992 | spectral 17.2097 | recons_loss: 0.172446 | sparse_loss: 1.03134 | 
2025-07-21 03:50:07,001 [INFO] [Iter 88] LR: 0.00625000
2025-07-21 03:50:07,003 [INFO] Saving best model at iteration 88
2025-07-21 03:50:07,617 [INFO] [89/300] loss 697.529 | compact 14.4002 | spectral 17.2086 | recons_loss: 0.172433 | sparse_loss: 1.03133 | 
2025-07-21 03:50:07,617 [INFO] [Iter 89] LR: 0.00312500
2025-07-21 03:50:07,619 [INFO] Saving best model at iteration 89
2025-07-21 03:50:08,227 [INFO] [90/300] loss 697.508 | compact 14.4012 | spectral 17.2075 | recons_loss: 0.17242 | sparse_loss: 1.03132 | 
2025-07-21 03:50:08,228 [INFO] [Iter 90] LR: 0.00312500
2025-07-21 03:50:08,229 [INFO] Saving best model at iteration 90
2025-07-21 03:50:08,851 [INFO] [91/300] loss 697.489 | compact 14.4021 | spectral 17.2065 | recons_loss: 0.172408 | sparse_loss: 1.03131 | 
2025-07-21 03:50:08,851 [INFO] [Iter 91] LR: 0.00312500
2025-07-21 03:50:08,852 [INFO] Saving best model at iteration 91
2025-07-21 03:50:09,456 [INFO] [92/300] loss 697.471 | compact 14.4029 | spectral 17.2057 | recons_loss: 0.172397 | sparse_loss: 1.0313 | 
2025-07-21 03:50:09,457 [INFO] [Iter 92] LR: 0.00156250
2025-07-21 03:50:09,458 [INFO] Saving best model at iteration 92
2025-07-21 03:50:10,060 [INFO] [93/300] loss 697.455 | compact 14.4036 | spectral 17.2051 | recons_loss: 0.172386 | sparse_loss: 1.03129 | 
2025-07-21 03:50:10,061 [INFO] [Iter 93] LR: 0.00156250
2025-07-21 03:50:10,063 [INFO] Saving best model at iteration 93
2025-07-21 03:50:10,685 [INFO] [94/300] loss 697.44 | compact 14.4042 | spectral 17.2045 | recons_loss: 0.172377 | sparse_loss: 1.03128 | 
2025-07-21 03:50:10,685 [INFO] [Iter 94] LR: 0.00156250
2025-07-21 03:50:10,687 [INFO] Saving best model at iteration 94
2025-07-21 03:50:11,289 [INFO] [95/300] loss 697.426 | compact 14.4048 | spectral 17.2039 | recons_loss: 0.172368 | sparse_loss: 1.03127 | 
2025-07-21 03:50:11,289 [INFO] [Iter 95] LR: 0.00078125
2025-07-21 03:50:11,290 [INFO] Saving best model at iteration 95
2025-07-21 03:50:11,892 [INFO] [96/300] loss 697.413 | compact 14.4054 | spectral 17.2034 | recons_loss: 0.17236 | sparse_loss: 1.03126 | 
2025-07-21 03:50:11,893 [INFO] [Iter 96] LR: 0.00078125
2025-07-21 03:50:11,895 [INFO] Saving best model at iteration 96
2025-07-21 03:50:12,500 [INFO] [97/300] loss 697.402 | compact 14.4059 | spectral 17.203 | recons_loss: 0.172352 | sparse_loss: 1.03125 | 
2025-07-21 03:50:12,500 [INFO] [Iter 97] LR: 0.00078125
2025-07-21 03:50:12,501 [INFO] Saving best model at iteration 97
2025-07-21 03:50:13,120 [INFO] [98/300] loss 697.391 | compact 14.4063 | spectral 17.2026 | recons_loss: 0.172345 | sparse_loss: 1.03125 | 
2025-07-21 03:50:13,121 [INFO] [Iter 98] LR: 0.00039063
2025-07-21 03:50:13,123 [INFO] Saving best model at iteration 98
2025-07-21 03:50:13,723 [INFO] [99/300] loss 697.381 | compact 14.4067 | spectral 17.2022 | recons_loss: 0.172339 | sparse_loss: 1.03124 | 
2025-07-21 03:50:13,724 [INFO] [Iter 99] LR: 0.00039063
2025-07-21 03:50:13,726 [INFO] Saving best model at iteration 99
2025-07-21 03:50:13,957 [INFO] H: 600, W: 166
2025-07-21 03:50:15,345 [INFO] [0 1 2 3 4 5]
2025-07-21 03:50:15,649 [INFO] y_target: [1 2 3 4 5 6]
2025-07-21 03:50:15,649 [INFO] y_predict: [0 1 2 3 4 5]
2025-07-21 03:50:15,739 [INFO] Epoch = 100 OA = 0.8710 Kappa = 0.8275 NMI = 0.8013
2025-07-21 03:50:16,214 [INFO] [100/300] loss 697.372 | compact 14.407 | spectral 17.2019 | recons_loss: 0.172334 | sparse_loss: 1.03124 | 
2025-07-21 03:50:16,215 [INFO] [Iter 100] LR: 0.00039063
2025-07-21 03:50:16,216 [INFO] Saving best model at iteration 100
2025-07-21 03:50:16,820 [INFO] [101/300] loss 697.364 | compact 14.4073 | spectral 17.2016 | recons_loss: 0.172329 | sparse_loss: 1.03123 | 
2025-07-21 03:50:16,821 [INFO] [Iter 101] LR: 0.00019531
2025-07-21 03:50:16,823 [INFO] Saving best model at iteration 101
2025-07-21 03:50:17,432 [INFO] [102/300] loss 697.357 | compact 14.4076 | spectral 17.2014 | recons_loss: 0.172324 | sparse_loss: 1.03123 | 
2025-07-21 03:50:17,432 [INFO] [Iter 102] LR: 0.00019531
2025-07-21 03:50:17,433 [INFO] Saving best model at iteration 102
2025-07-21 03:50:18,033 [INFO] [103/300] loss 697.35 | compact 14.4079 | spectral 17.2011 | recons_loss: 0.17232 | sparse_loss: 1.03122 | 
2025-07-21 03:50:18,033 [INFO] [Iter 103] LR: 0.00019531
2025-07-21 03:50:18,035 [INFO] Saving best model at iteration 103
2025-07-21 03:50:18,646 [INFO] [104/300] loss 697.344 | compact 14.4081 | spectral 17.2009 | recons_loss: 0.172316 | sparse_loss: 1.03122 | 
2025-07-21 03:50:18,647 [INFO] [Iter 104] LR: 0.00019531
2025-07-21 03:50:18,648 [INFO] Saving best model at iteration 104
2025-07-21 03:50:19,248 [INFO] [105/300] loss 697.339 | compact 14.4083 | spectral 17.2007 | recons_loss: 0.172313 | sparse_loss: 1.03121 | 
2025-07-21 03:50:19,248 [INFO] [Iter 105] LR: 0.00019531
2025-07-21 03:50:19,249 [INFO] Saving best model at iteration 105
2025-07-21 03:50:19,869 [INFO] [106/300] loss 697.334 | compact 14.4085 | spectral 17.2006 | recons_loss: 0.17231 | sparse_loss: 1.03121 | 
2025-07-21 03:50:19,869 [INFO] [Iter 106] LR: 0.00009766
2025-07-21 03:50:19,870 [INFO] Saving best model at iteration 106
2025-07-21 03:50:20,490 [INFO] [107/300] loss 697.329 | compact 14.4087 | spectral 17.2004 | recons_loss: 0.172307 | sparse_loss: 1.03121 | 
2025-07-21 03:50:20,490 [INFO] [Iter 107] LR: 0.00009766
2025-07-21 03:50:20,492 [INFO] Saving best model at iteration 107
2025-07-21 03:50:21,092 [INFO] [108/300] loss 697.325 | compact 14.4089 | spectral 17.2003 | recons_loss: 0.172305 | sparse_loss: 1.03121 | 
2025-07-21 03:50:21,093 [INFO] [Iter 108] LR: 0.00009766
2025-07-21 03:50:21,094 [INFO] Saving best model at iteration 108
2025-07-21 03:50:21,700 [INFO] [109/300] loss 697.322 | compact 14.409 | spectral 17.2002 | recons_loss: 0.172302 | sparse_loss: 1.0312 | 
2025-07-21 03:50:21,700 [INFO] [Iter 109] LR: 0.00004883
2025-07-21 03:50:21,702 [INFO] Saving best model at iteration 109
2025-07-21 03:50:22,317 [INFO] [110/300] loss 697.318 | compact 14.4091 | spectral 17.2001 | recons_loss: 0.1723 | sparse_loss: 1.0312 | 
2025-07-21 03:50:22,317 [INFO] [Iter 110] LR: 0.00004883
2025-07-21 03:50:22,319 [INFO] Saving best model at iteration 110
2025-07-21 03:50:22,920 [INFO] [111/300] loss 697.315 | compact 14.4092 | spectral 17.2 | recons_loss: 0.172298 | sparse_loss: 1.0312 | 
2025-07-21 03:50:22,920 [INFO] [Iter 111] LR: 0.00004883
2025-07-21 03:50:22,921 [INFO] Saving best model at iteration 111
2025-07-21 03:50:23,534 [INFO] [112/300] loss 697.312 | compact 14.4093 | spectral 17.1999 | recons_loss: 0.172297 | sparse_loss: 1.0312 | 
2025-07-21 03:50:23,534 [INFO] [Iter 112] LR: 0.00002441
2025-07-21 03:50:23,536 [INFO] Saving best model at iteration 112
2025-07-21 03:50:24,152 [INFO] [113/300] loss 697.31 | compact 14.4094 | spectral 17.1998 | recons_loss: 0.172295 | sparse_loss: 1.03119 | 
2025-07-21 03:50:24,152 [INFO] [Iter 113] LR: 0.00002441
2025-07-21 03:50:24,153 [INFO] Saving best model at iteration 113
2025-07-21 03:50:24,754 [INFO] [114/300] loss 697.308 | compact 14.4095 | spectral 17.1997 | recons_loss: 0.172294 | sparse_loss: 1.03119 | 
2025-07-21 03:50:24,754 [INFO] [Iter 114] LR: 0.00002441
2025-07-21 03:50:24,756 [INFO] Saving best model at iteration 114
2025-07-21 03:50:25,357 [INFO] [115/300] loss 697.306 | compact 14.4096 | spectral 17.1997 | recons_loss: 0.172293 | sparse_loss: 1.03119 | 
2025-07-21 03:50:25,358 [INFO] [Iter 115] LR: 0.00001221
2025-07-21 03:50:25,359 [INFO] Saving best model at iteration 115
2025-07-21 03:50:25,958 [INFO] [116/300] loss 697.304 | compact 14.4097 | spectral 17.1996 | recons_loss: 0.172292 | sparse_loss: 1.03119 | 
2025-07-21 03:50:25,959 [INFO] [Iter 116] LR: 0.00001221
2025-07-21 03:50:25,960 [INFO] Saving best model at iteration 116
2025-07-21 03:50:26,576 [INFO] [117/300] loss 697.302 | compact 14.4097 | spectral 17.1996 | recons_loss: 0.172291 | sparse_loss: 1.03119 | 
2025-07-21 03:50:26,577 [INFO] [Iter 117] LR: 0.00001221
2025-07-21 03:50:26,578 [INFO] Saving best model at iteration 117
2025-07-21 03:50:27,177 [INFO] [118/300] loss 697.301 | compact 14.4098 | spectral 17.1995 | recons_loss: 0.17229 | sparse_loss: 1.03119 | 
2025-07-21 03:50:27,177 [INFO] [Iter 118] LR: 0.00000610
2025-07-21 03:50:27,179 [INFO] Saving best model at iteration 118
2025-07-21 03:50:27,777 [INFO] [119/300] loss 697.299 | compact 14.4098 | spectral 17.1995 | recons_loss: 0.172289 | sparse_loss: 1.03119 | 
2025-07-21 03:50:27,778 [INFO] [Iter 119] LR: 0.00000610
2025-07-21 03:50:27,779 [INFO] Saving best model at iteration 119
2025-07-21 03:50:28,381 [INFO] [120/300] loss 697.298 | compact 14.4099 | spectral 17.1994 | recons_loss: 0.172288 | sparse_loss: 1.03119 | 
2025-07-21 03:50:28,381 [INFO] [Iter 120] LR: 0.00000610
2025-07-21 03:50:28,382 [INFO] Saving best model at iteration 120
2025-07-21 03:50:28,987 [INFO] [121/300] loss 697.297 | compact 14.4099 | spectral 17.1994 | recons_loss: 0.172288 | sparse_loss: 1.03119 | 
2025-07-21 03:50:28,987 [INFO] [Iter 121] LR: 0.00000305
2025-07-21 03:50:28,989 [INFO] Saving best model at iteration 121
2025-07-21 03:50:29,597 [INFO] [122/300] loss 697.296 | compact 14.41 | spectral 17.1994 | recons_loss: 0.172287 | sparse_loss: 1.03119 | 
2025-07-21 03:50:29,597 [INFO] [Iter 122] LR: 0.00000305
2025-07-21 03:50:29,598 [INFO] Saving best model at iteration 122
2025-07-21 03:50:30,216 [INFO] [123/300] loss 697.295 | compact 14.41 | spectral 17.1994 | recons_loss: 0.172286 | sparse_loss: 1.03118 | 
2025-07-21 03:50:30,216 [INFO] [Iter 123] LR: 0.00000305
2025-07-21 03:50:30,219 [INFO] Saving best model at iteration 123
2025-07-21 03:50:30,828 [INFO] [124/300] loss 697.295 | compact 14.41 | spectral 17.1993 | recons_loss: 0.172286 | sparse_loss: 1.03118 | 
2025-07-21 03:50:30,828 [INFO] [Iter 124] LR: 0.00000153
2025-07-21 03:50:30,829 [INFO] Saving best model at iteration 124
2025-07-21 03:50:31,438 [INFO] [125/300] loss 697.294 | compact 14.4101 | spectral 17.1993 | recons_loss: 0.172286 | sparse_loss: 1.03118 | 
2025-07-21 03:50:31,439 [INFO] [Iter 125] LR: 0.00000153
2025-07-21 03:50:31,440 [INFO] Saving best model at iteration 125
2025-07-21 03:50:32,042 [INFO] [126/300] loss 697.293 | compact 14.4101 | spectral 17.1993 | recons_loss: 0.172285 | sparse_loss: 1.03118 | 
2025-07-21 03:50:32,042 [INFO] [Iter 126] LR: 0.00000153
2025-07-21 03:50:32,043 [INFO] Saving best model at iteration 126
2025-07-21 03:50:32,656 [INFO] [127/300] loss 697.293 | compact 14.4101 | spectral 17.1993 | recons_loss: 0.172285 | sparse_loss: 1.03118 | 
2025-07-21 03:50:32,657 [INFO] [Iter 127] LR: 0.00000076
2025-07-21 03:50:32,658 [INFO] Saving best model at iteration 127
2025-07-21 03:50:33,268 [INFO] [128/300] loss 697.292 | compact 14.4101 | spectral 17.1993 | recons_loss: 0.172285 | sparse_loss: 1.03118 | 
2025-07-21 03:50:33,269 [INFO] [Iter 128] LR: 0.00000076
2025-07-21 03:50:33,270 [INFO] Saving best model at iteration 128
2025-07-21 03:50:33,881 [INFO] [129/300] loss 697.292 | compact 14.4101 | spectral 17.1993 | recons_loss: 0.172284 | sparse_loss: 1.03118 | 
2025-07-21 03:50:33,881 [INFO] [Iter 129] LR: 0.00000076
2025-07-21 03:50:33,882 [INFO] Saving best model at iteration 129
2025-07-21 03:50:34,499 [INFO] [130/300] loss 697.291 | compact 14.4102 | spectral 17.1992 | recons_loss: 0.172284 | sparse_loss: 1.03118 | 
2025-07-21 03:50:34,500 [INFO] [Iter 130] LR: 0.00000038
2025-07-21 03:50:34,501 [INFO] Saving best model at iteration 130
2025-07-21 03:50:35,101 [INFO] [131/300] loss 697.291 | compact 14.4102 | spectral 17.1992 | recons_loss: 0.172284 | sparse_loss: 1.03118 | 
2025-07-21 03:50:35,102 [INFO] [Iter 131] LR: 0.00000038
2025-07-21 03:50:35,103 [INFO] Saving best model at iteration 131
2025-07-21 03:50:35,708 [INFO] [132/300] loss 697.29 | compact 14.4102 | spectral 17.1992 | recons_loss: 0.172284 | sparse_loss: 1.03118 | 
2025-07-21 03:50:35,708 [INFO] [Iter 132] LR: 0.00000038
2025-07-21 03:50:35,710 [INFO] Saving best model at iteration 132
2025-07-21 03:50:36,309 [INFO] [133/300] loss 697.29 | compact 14.4102 | spectral 17.1992 | recons_loss: 0.172283 | sparse_loss: 1.03118 | 
2025-07-21 03:50:36,309 [INFO] [Iter 133] LR: 0.00000019
2025-07-21 03:50:36,311 [INFO] Saving best model at iteration 133
2025-07-21 03:50:36,916 [INFO] [134/300] loss 697.29 | compact 14.4102 | spectral 17.1992 | recons_loss: 0.172283 | sparse_loss: 1.03118 | 
2025-07-21 03:50:36,916 [INFO] [Iter 134] LR: 0.00000019
2025-07-21 03:50:36,918 [INFO] Saving best model at iteration 134
2025-07-21 03:50:37,530 [INFO] [135/300] loss 697.29 | compact 14.4102 | spectral 17.1992 | recons_loss: 0.172283 | sparse_loss: 1.03118 | 
2025-07-21 03:50:37,531 [INFO] [Iter 135] LR: 0.00000019
2025-07-21 03:50:37,532 [INFO] Saving best model at iteration 135
2025-07-21 03:50:38,146 [INFO] [136/300] loss 697.289 | compact 14.4102 | spectral 17.1992 | recons_loss: 0.172283 | sparse_loss: 1.03118 | 
2025-07-21 03:50:38,147 [INFO] [Iter 136] LR: 0.00000010
2025-07-21 03:50:38,148 [INFO] Saving best model at iteration 136
2025-07-21 03:50:38,767 [INFO] [137/300] loss 697.289 | compact 14.4102 | spectral 17.1992 | recons_loss: 0.172283 | sparse_loss: 1.03118 | 
2025-07-21 03:50:38,767 [INFO] [Iter 137] LR: 0.00000010
2025-07-21 03:50:38,768 [INFO] Saving best model at iteration 137
2025-07-21 03:50:39,374 [INFO] [138/300] loss 697.289 | compact 14.4103 | spectral 17.1992 | recons_loss: 0.172283 | sparse_loss: 1.03118 | 
2025-07-21 03:50:39,374 [INFO] [Iter 138] LR: 0.00000010
2025-07-21 03:50:39,375 [INFO] Saving best model at iteration 138
2025-07-21 03:50:39,980 [INFO] [139/300] loss 697.289 | compact 14.4103 | spectral 17.1992 | recons_loss: 0.172283 | sparse_loss: 1.03118 | 
2025-07-21 03:50:39,980 [INFO] [Iter 139] LR: 0.00000005
2025-07-21 03:50:39,982 [INFO] Saving best model at iteration 139
2025-07-21 03:50:40,597 [INFO] [140/300] loss 697.289 | compact 14.4103 | spectral 17.1992 | recons_loss: 0.172283 | sparse_loss: 1.03118 | 
2025-07-21 03:50:40,598 [INFO] [Iter 140] LR: 0.00000005
2025-07-21 03:50:40,600 [INFO] Saving best model at iteration 140
2025-07-21 03:50:41,201 [INFO] [141/300] loss 697.289 | compact 14.4103 | spectral 17.1992 | recons_loss: 0.172282 | sparse_loss: 1.03118 | 
2025-07-21 03:50:41,201 [INFO] [Iter 141] LR: 0.00000005
2025-07-21 03:50:41,202 [INFO] Saving best model at iteration 141
2025-07-21 03:50:41,808 [INFO] [142/300] loss 697.288 | compact 14.4103 | spectral 17.1992 | recons_loss: 0.172282 | sparse_loss: 1.03118 | 
2025-07-21 03:50:41,809 [INFO] [Iter 142] LR: 0.00000002
2025-07-21 03:50:41,810 [INFO] Saving best model at iteration 142
2025-07-21 03:50:42,414 [INFO] [143/300] loss 697.288 | compact 14.4103 | spectral 17.1992 | recons_loss: 0.172282 | sparse_loss: 1.03118 | 
2025-07-21 03:50:42,414 [INFO] [Iter 143] LR: 0.00000002
2025-07-21 03:50:42,415 [INFO] Saving best model at iteration 143
2025-07-21 03:50:43,023 [INFO] [144/300] loss 697.288 | compact 14.4103 | spectral 17.1992 | recons_loss: 0.172282 | sparse_loss: 1.03118 | 
2025-07-21 03:50:43,024 [INFO] [Iter 144] LR: 0.00000002
2025-07-21 03:50:43,025 [INFO] No improvement: current loss 697.288280, best loss 697.288376
2025-07-21 03:50:43,636 [INFO] [145/300] loss 697.288 | compact 14.4103 | spectral 17.1992 | recons_loss: 0.172282 | sparse_loss: 1.03118 | 
2025-07-21 03:50:43,636 [INFO] [Iter 145] LR: 0.00000001
2025-07-21 03:50:43,637 [INFO] Saving best model at iteration 145
2025-07-21 03:50:44,244 [INFO] [146/300] loss 697.288 | compact 14.4103 | spectral 17.1992 | recons_loss: 0.172282 | sparse_loss: 1.03118 | 
2025-07-21 03:50:44,244 [INFO] [Iter 146] LR: 0.00000001
2025-07-21 03:50:44,245 [INFO] No improvement: current loss 697.288116, best loss 697.288193
2025-07-21 03:50:44,860 [INFO] [147/300] loss 697.288 | compact 14.4103 | spectral 17.1992 | recons_loss: 0.172282 | sparse_loss: 1.03118 | 
2025-07-21 03:50:44,861 [INFO] [Iter 147] LR: 0.00000001
2025-07-21 03:50:44,862 [INFO] Saving best model at iteration 147
2025-07-21 03:50:45,468 [INFO] [148/300] loss 697.288 | compact 14.4103 | spectral 17.1992 | recons_loss: 0.172282 | sparse_loss: 1.03118 | 
2025-07-21 03:50:45,469 [INFO] [Iter 148] LR: 0.00000001
2025-07-21 03:50:45,471 [INFO] No improvement: current loss 697.287982, best loss 697.288045
2025-07-21 03:50:46,085 [INFO] [149/300] loss 697.288 | compact 14.4103 | spectral 17.1992 | recons_loss: 0.172282 | sparse_loss: 1.03118 | 
2025-07-21 03:50:46,086 [INFO] [Iter 149] LR: 0.00000001
2025-07-21 03:50:46,087 [INFO] Saving best model at iteration 149
2025-07-21 03:50:46,276 [INFO] H: 600, W: 166
2025-07-21 03:50:47,056 [INFO] [0 1 2 3 4 5]
2025-07-21 03:50:47,155 [INFO] y_target: [1 2 3 4 5 6]
2025-07-21 03:50:47,155 [INFO] y_predict: [0 1 2 3 4 5]
2025-07-21 03:50:47,244 [INFO] Epoch = 150 OA = 0.8710 Kappa = 0.8275 NMI = 0.8013
2025-07-21 03:50:47,721 [INFO] [150/300] loss 697.288 | compact 14.4103 | spectral 17.1992 | recons_loss: 0.172282 | sparse_loss: 1.03118 | 
2025-07-21 03:50:47,722 [INFO] [Iter 150] LR: 0.00000001
2025-07-21 03:50:47,724 [INFO] No improvement: current loss 697.287874, best loss 697.287926
2025-07-21 03:50:48,332 [INFO] [151/300] loss 697.288 | compact 14.4103 | spectral 17.1992 | recons_loss: 0.172282 | sparse_loss: 1.03118 | 
2025-07-21 03:50:48,332 [INFO] [Iter 151] LR: 0.00000001
2025-07-21 03:50:48,333 [INFO] No improvement: current loss 697.287829, best loss 697.287926
2025-07-21 03:50:48,940 [INFO] [152/300] loss 697.288 | compact 14.4103 | spectral 17.1992 | recons_loss: 0.172282 | sparse_loss: 1.03118 | 
2025-07-21 03:50:48,941 [INFO] [Iter 152] LR: 0.00000001
2025-07-21 03:50:48,942 [INFO] Saving best model at iteration 152
2025-07-21 03:50:49,548 [INFO] [153/300] loss 697.288 | compact 14.4103 | spectral 17.1992 | recons_loss: 0.172282 | sparse_loss: 1.03118 | 
2025-07-21 03:50:49,548 [INFO] [Iter 153] LR: 0.00000001
2025-07-21 03:50:49,550 [INFO] No improvement: current loss 697.287750, best loss 697.287787
2025-07-21 03:50:50,156 [INFO] [154/300] loss 697.288 | compact 14.4103 | spectral 17.1992 | recons_loss: 0.172282 | sparse_loss: 1.03118 | 
2025-07-21 03:50:50,156 [INFO] [Iter 154] LR: 0.00000001
2025-07-21 03:50:50,157 [INFO] No improvement: current loss 697.287716, best loss 697.287787
2025-07-21 03:50:50,773 [INFO] [155/300] loss 697.288 | compact 14.4103 | spectral 17.1991 | recons_loss: 0.172282 | sparse_loss: 1.03118 | 
2025-07-21 03:50:50,773 [INFO] [Iter 155] LR: 0.00000001
2025-07-21 03:50:50,774 [INFO] Saving best model at iteration 155
2025-07-21 03:50:51,389 [INFO] [156/300] loss 697.288 | compact 14.4103 | spectral 17.1991 | recons_loss: 0.172282 | sparse_loss: 1.03118 | 
2025-07-21 03:50:51,389 [INFO] [Iter 156] LR: 0.00000001
2025-07-21 03:50:51,390 [INFO] No improvement: current loss 697.287659, best loss 697.287686
2025-07-21 03:50:52,012 [INFO] [157/300] loss 697.288 | compact 14.4103 | spectral 17.1991 | recons_loss: 0.172282 | sparse_loss: 1.03118 | 
2025-07-21 03:50:52,012 [INFO] [Iter 157] LR: 0.00000001
2025-07-21 03:50:52,013 [INFO] No improvement: current loss 697.287635, best loss 697.287686
2025-07-21 03:50:52,619 [INFO] [158/300] loss 697.288 | compact 14.4103 | spectral 17.1991 | recons_loss: 0.172282 | sparse_loss: 1.03118 | 
2025-07-21 03:50:52,620 [INFO] [Iter 158] LR: 0.00000001
2025-07-21 03:50:52,622 [INFO] No improvement: current loss 697.287613, best loss 697.287686
2025-07-21 03:50:53,230 [INFO] [159/300] loss 697.288 | compact 14.4103 | spectral 17.1991 | recons_loss: 0.172282 | sparse_loss: 1.03118 | 
2025-07-21 03:50:53,230 [INFO] [Iter 159] LR: 0.00000001
2025-07-21 03:50:53,231 [INFO] No improvement: current loss 697.287593, best loss 697.287686
2025-07-21 03:50:53,849 [INFO] [160/300] loss 697.288 | compact 14.4103 | spectral 17.1991 | recons_loss: 0.172282 | sparse_loss: 1.03118 | 
2025-07-21 03:50:53,849 [INFO] [Iter 160] LR: 0.00000001
2025-07-21 03:50:53,850 [INFO] Saving best model at iteration 160
2025-07-21 03:50:54,456 [INFO] [161/300] loss 697.288 | compact 14.4103 | spectral 17.1991 | recons_loss: 0.172282 | sparse_loss: 1.03118 | 
2025-07-21 03:50:54,456 [INFO] [Iter 161] LR: 0.00000001
2025-07-21 03:50:54,457 [INFO] No improvement: current loss 697.287553, best loss 697.287575
2025-07-21 03:50:55,057 [INFO] [162/300] loss 697.288 | compact 14.4103 | spectral 17.1991 | recons_loss: 0.172282 | sparse_loss: 1.03118 | 
2025-07-21 03:50:55,058 [INFO] [Iter 162] LR: 0.00000001
2025-07-21 03:50:55,059 [INFO] No improvement: current loss 697.287539, best loss 697.287575
2025-07-21 03:50:55,666 [INFO] [163/300] loss 697.288 | compact 14.4103 | spectral 17.1991 | recons_loss: 0.172282 | sparse_loss: 1.03118 | 
2025-07-21 03:50:55,667 [INFO] [Iter 163] LR: 0.00000001
2025-07-21 03:50:55,668 [INFO] No improvement: current loss 697.287527, best loss 697.287575
2025-07-21 03:50:56,281 [INFO] [164/300] loss 697.288 | compact 14.4103 | spectral 17.1991 | recons_loss: 0.172282 | sparse_loss: 1.03118 | 
2025-07-21 03:50:56,282 [INFO] [Iter 164] LR: 0.00000001
2025-07-21 03:50:56,284 [INFO] No improvement: current loss 697.287515, best loss 697.287575
2025-07-21 03:50:56,891 [INFO] [165/300] loss 697.288 | compact 14.4103 | spectral 17.1991 | recons_loss: 0.172282 | sparse_loss: 1.03118 | 
2025-07-21 03:50:56,892 [INFO] [Iter 165] LR: 0.00000001
2025-07-21 03:50:56,894 [INFO] No improvement: current loss 697.287505, best loss 697.287575
2025-07-21 03:50:57,511 [INFO] [166/300] loss 697.287 | compact 14.4103 | spectral 17.1991 | recons_loss: 0.172282 | sparse_loss: 1.03118 | 
2025-07-21 03:50:57,511 [INFO] [Iter 166] LR: 0.00000001
2025-07-21 03:50:57,513 [INFO] No improvement: current loss 697.287496, best loss 697.287575
2025-07-21 03:50:58,129 [INFO] [167/300] loss 697.287 | compact 14.4103 | spectral 17.1991 | recons_loss: 0.172282 | sparse_loss: 1.03118 | 
2025-07-21 03:50:58,130 [INFO] [Iter 167] LR: 0.00000001
2025-07-21 03:50:58,132 [INFO] No improvement: current loss 697.287488, best loss 697.287575
2025-07-21 03:50:58,736 [INFO] [168/300] loss 697.287 | compact 14.4103 | spectral 17.1991 | recons_loss: 0.172282 | sparse_loss: 1.03118 | 
2025-07-21 03:50:58,736 [INFO] [Iter 168] LR: 0.00000001
2025-07-21 03:50:58,739 [INFO] No improvement: current loss 697.287481, best loss 697.287575
2025-07-21 03:50:59,348 [INFO] [169/300] loss 697.287 | compact 14.4103 | spectral 17.1991 | recons_loss: 0.172282 | sparse_loss: 1.03118 | 
2025-07-21 03:50:59,348 [INFO] [Iter 169] LR: 0.00000001
2025-07-21 03:50:59,349 [INFO] Saving best model at iteration 169
2025-07-21 03:50:59,952 [INFO] [170/300] loss 697.287 | compact 14.4103 | spectral 17.1991 | recons_loss: 0.172282 | sparse_loss: 1.03118 | 
2025-07-21 03:50:59,952 [INFO] [Iter 170] LR: 0.00000001
2025-07-21 03:50:59,953 [INFO] No improvement: current loss 697.287468, best loss 697.287474
2025-07-21 03:51:00,554 [INFO] [171/300] loss 697.287 | compact 14.4103 | spectral 17.1991 | recons_loss: 0.172282 | sparse_loss: 1.03118 | 
2025-07-21 03:51:00,555 [INFO] [Iter 171] LR: 0.00000001
2025-07-21 03:51:00,556 [INFO] No improvement: current loss 697.287463, best loss 697.287474
2025-07-21 03:51:01,177 [INFO] [172/300] loss 697.287 | compact 14.4103 | spectral 17.1991 | recons_loss: 0.172282 | sparse_loss: 1.03118 | 
2025-07-21 03:51:01,177 [INFO] [Iter 172] LR: 0.00000001
2025-07-21 03:51:01,179 [INFO] No improvement: current loss 697.287458, best loss 697.287474
2025-07-21 03:51:01,784 [INFO] [173/300] loss 697.287 | compact 14.4103 | spectral 17.1991 | recons_loss: 0.172282 | sparse_loss: 1.03118 | 
2025-07-21 03:51:01,784 [INFO] [Iter 173] LR: 0.00000001
2025-07-21 03:51:01,785 [INFO] No improvement: current loss 697.287454, best loss 697.287474
2025-07-21 03:51:02,404 [INFO] [174/300] loss 697.287 | compact 14.4103 | spectral 17.1991 | recons_loss: 0.172282 | sparse_loss: 1.03118 | 
2025-07-21 03:51:02,405 [INFO] [Iter 174] LR: 0.00000001
2025-07-21 03:51:02,407 [INFO] No improvement: current loss 697.287450, best loss 697.287474
2025-07-21 03:51:03,009 [INFO] [175/300] loss 697.287 | compact 14.4103 | spectral 17.1991 | recons_loss: 0.172282 | sparse_loss: 1.03118 | 
2025-07-21 03:51:03,010 [INFO] [Iter 175] LR: 0.00000001
2025-07-21 03:51:03,011 [INFO] No improvement: current loss 697.287446, best loss 697.287474
2025-07-21 03:51:03,615 [INFO] [176/300] loss 697.287 | compact 14.4103 | spectral 17.1991 | recons_loss: 0.172282 | sparse_loss: 1.03118 | 
2025-07-21 03:51:03,615 [INFO] [Iter 176] LR: 0.00000001
2025-07-21 03:51:03,616 [INFO] No improvement: current loss 697.287443, best loss 697.287474
2025-07-21 03:51:04,215 [INFO] [177/300] loss 697.287 | compact 14.4103 | spectral 17.1991 | recons_loss: 0.172282 | sparse_loss: 1.03118 | 
2025-07-21 03:51:04,216 [INFO] [Iter 177] LR: 0.00000001
2025-07-21 03:51:04,217 [INFO] No improvement: current loss 697.287440, best loss 697.287474
2025-07-21 03:51:04,824 [INFO] [178/300] loss 697.287 | compact 14.4103 | spectral 17.1991 | recons_loss: 0.172282 | sparse_loss: 1.03118 | 
2025-07-21 03:51:04,824 [INFO] [Iter 178] LR: 0.00000001
2025-07-21 03:51:04,825 [INFO] No improvement: current loss 697.287438, best loss 697.287474
2025-07-21 03:51:05,423 [INFO] [179/300] loss 697.287 | compact 14.4103 | spectral 17.1991 | recons_loss: 0.172282 | sparse_loss: 1.03118 | 
2025-07-21 03:51:05,423 [INFO] [Iter 179] LR: 0.00000001
2025-07-21 03:51:05,424 [INFO] No improvement: current loss 697.287435, best loss 697.287474
2025-07-21 03:51:06,022 [INFO] [180/300] loss 697.287 | compact 14.4103 | spectral 17.1991 | recons_loss: 0.172282 | sparse_loss: 1.03118 | 
2025-07-21 03:51:06,022 [INFO] [Iter 180] LR: 0.00000001
2025-07-21 03:51:06,023 [INFO] No improvement: current loss 697.287433, best loss 697.287474
2025-07-21 03:51:06,621 [INFO] [181/300] loss 697.287 | compact 14.4103 | spectral 17.1991 | recons_loss: 0.172282 | sparse_loss: 1.03118 | 
2025-07-21 03:51:06,621 [INFO] [Iter 181] LR: 0.00000001
2025-07-21 03:51:06,622 [INFO] No improvement: current loss 697.287431, best loss 697.287474
2025-07-21 03:51:07,226 [INFO] [182/300] loss 697.287 | compact 14.4103 | spectral 17.1991 | recons_loss: 0.172282 | sparse_loss: 1.03118 | 
2025-07-21 03:51:07,227 [INFO] [Iter 182] LR: 0.00000001
2025-07-21 03:51:07,228 [INFO] No improvement: current loss 697.287430, best loss 697.287474
2025-07-21 03:51:07,825 [INFO] [183/300] loss 697.287 | compact 14.4103 | spectral 17.1991 | recons_loss: 0.172282 | sparse_loss: 1.03118 | 
2025-07-21 03:51:07,826 [INFO] [Iter 183] LR: 0.00000001
2025-07-21 03:51:07,827 [INFO] No improvement: current loss 697.287428, best loss 697.287474
2025-07-21 03:51:08,434 [INFO] [184/300] loss 697.287 | compact 14.4103 | spectral 17.1991 | recons_loss: 0.172282 | sparse_loss: 1.03118 | 
2025-07-21 03:51:08,434 [INFO] [Iter 184] LR: 0.00000001
2025-07-21 03:51:08,435 [INFO] No improvement: current loss 697.287427, best loss 697.287474
2025-07-21 03:51:09,053 [INFO] [185/300] loss 697.287 | compact 14.4103 | spectral 17.1991 | recons_loss: 0.172282 | sparse_loss: 1.03118 | 
2025-07-21 03:51:09,053 [INFO] [Iter 185] LR: 0.00000001
2025-07-21 03:51:09,054 [INFO] No improvement: current loss 697.287426, best loss 697.287474
2025-07-21 03:51:09,659 [INFO] [186/300] loss 697.287 | compact 14.4103 | spectral 17.1991 | recons_loss: 0.172282 | sparse_loss: 1.03118 | 
2025-07-21 03:51:09,659 [INFO] [Iter 186] LR: 0.00000001
2025-07-21 03:51:09,660 [INFO] No improvement: current loss 697.287424, best loss 697.287474
2025-07-21 03:51:10,257 [INFO] [187/300] loss 697.287 | compact 14.4103 | spectral 17.1991 | recons_loss: 0.172282 | sparse_loss: 1.03118 | 
2025-07-21 03:51:10,258 [INFO] [Iter 187] LR: 0.00000001
2025-07-21 03:51:10,259 [INFO] No improvement: current loss 697.287423, best loss 697.287474
2025-07-21 03:51:10,856 [INFO] [188/300] loss 697.287 | compact 14.4103 | spectral 17.1991 | recons_loss: 0.172282 | sparse_loss: 1.03118 | 
2025-07-21 03:51:10,856 [INFO] [Iter 188] LR: 0.00000001
2025-07-21 03:51:10,857 [INFO] No improvement: current loss 697.287423, best loss 697.287474
2025-07-21 03:51:11,455 [INFO] [189/300] loss 697.287 | compact 14.4103 | spectral 17.1991 | recons_loss: 0.172282 | sparse_loss: 1.03118 | 
2025-07-21 03:51:11,455 [INFO] [Iter 189] LR: 0.00000001
2025-07-21 03:51:11,456 [INFO] No improvement: current loss 697.287422, best loss 697.287474
2025-07-21 03:51:12,054 [INFO] [190/300] loss 697.287 | compact 14.4103 | spectral 17.1991 | recons_loss: 0.172282 | sparse_loss: 1.03118 | 
2025-07-21 03:51:12,054 [INFO] [Iter 190] LR: 0.00000001
2025-07-21 03:51:12,056 [INFO] No improvement: current loss 697.287421, best loss 697.287474
2025-07-21 03:51:12,671 [INFO] [191/300] loss 697.287 | compact 14.4103 | spectral 17.1991 | recons_loss: 0.172282 | sparse_loss: 1.03118 | 
2025-07-21 03:51:12,671 [INFO] [Iter 191] LR: 0.00000001
2025-07-21 03:51:12,672 [INFO] No improvement: current loss 697.287420, best loss 697.287474
2025-07-21 03:51:13,269 [INFO] [192/300] loss 697.287 | compact 14.4103 | spectral 17.1991 | recons_loss: 0.172282 | sparse_loss: 1.03118 | 
2025-07-21 03:51:13,270 [INFO] [Iter 192] LR: 0.00000001
2025-07-21 03:51:13,271 [INFO] No improvement: current loss 697.287414, best loss 697.287474
2025-07-21 03:51:13,868 [INFO] [193/300] loss 697.287 | compact 14.4103 | spectral 17.1991 | recons_loss: 0.172282 | sparse_loss: 1.03118 | 
2025-07-21 03:51:13,868 [INFO] [Iter 193] LR: 0.00000001
2025-07-21 03:51:13,869 [INFO] No improvement: current loss 697.287414, best loss 697.287474
2025-07-21 03:51:14,468 [INFO] [194/300] loss 697.287 | compact 14.4103 | spectral 17.1991 | recons_loss: 0.172282 | sparse_loss: 1.03118 | 
2025-07-21 03:51:14,468 [INFO] [Iter 194] LR: 0.00000001
2025-07-21 03:51:14,469 [INFO] No improvement: current loss 697.287414, best loss 697.287474
2025-07-21 03:51:15,068 [INFO] [195/300] loss 697.287 | compact 14.4103 | spectral 17.1991 | recons_loss: 0.172282 | sparse_loss: 1.03118 | 
2025-07-21 03:51:15,068 [INFO] [Iter 195] LR: 0.00000001
2025-07-21 03:51:15,070 [INFO] No improvement: current loss 697.287414, best loss 697.287474
2025-07-21 03:51:15,669 [INFO] [196/300] loss 697.287 | compact 14.4103 | spectral 17.1991 | recons_loss: 0.172282 | sparse_loss: 1.03118 | 
2025-07-21 03:51:15,669 [INFO] [Iter 196] LR: 0.00000001
2025-07-21 03:51:15,670 [INFO] No improvement: current loss 697.287414, best loss 697.287474
2025-07-21 03:51:16,283 [INFO] [197/300] loss 697.287 | compact 14.4103 | spectral 17.1991 | recons_loss: 0.172282 | sparse_loss: 1.03118 | 
2025-07-21 03:51:16,284 [INFO] [Iter 197] LR: 0.00000001
2025-07-21 03:51:16,285 [INFO] No improvement: current loss 697.287408, best loss 697.287474
2025-07-21 03:51:16,883 [INFO] [198/300] loss 697.287 | compact 14.4103 | spectral 17.1991 | recons_loss: 0.172282 | sparse_loss: 1.03118 | 
2025-07-21 03:51:16,883 [INFO] [Iter 198] LR: 0.00000001
2025-07-21 03:51:16,885 [INFO] No improvement: current loss 697.287409, best loss 697.287474
2025-07-21 03:51:17,485 [INFO] [199/300] loss 697.287 | compact 14.4103 | spectral 17.1991 | recons_loss: 0.172282 | sparse_loss: 1.03118 | 
2025-07-21 03:51:17,486 [INFO] [Iter 199] LR: 0.00000001
2025-07-21 03:51:17,488 [INFO] No improvement: current loss 697.287409, best loss 697.287474
2025-07-21 03:51:17,668 [INFO] H: 600, W: 166
2025-07-21 03:51:17,772 [INFO] [0 1 2 3 4 5]
2025-07-21 03:51:17,866 [INFO] y_target: [1 2 3 4 5 6]
2025-07-21 03:51:17,866 [INFO] y_predict: [0 1 2 3 4 5]
2025-07-21 03:51:17,954 [INFO] Epoch = 200 OA = 0.8710 Kappa = 0.8275 NMI = 0.8013
2025-07-21 03:51:18,429 [INFO] [200/300] loss 697.287 | compact 14.4103 | spectral 17.1991 | recons_loss: 0.172282 | sparse_loss: 1.03118 | 
2025-07-21 03:51:18,430 [INFO] [Iter 200] LR: 0.00000001
2025-07-21 03:51:18,431 [INFO] No improvement: current loss 697.287410, best loss 697.287474
2025-07-21 03:51:19,036 [INFO] [201/300] loss 697.287 | compact 14.4103 | spectral 17.1991 | recons_loss: 0.172282 | sparse_loss: 1.03118 | 
2025-07-21 03:51:19,036 [INFO] [Iter 201] LR: 0.00000001
2025-07-21 03:51:19,039 [INFO] No improvement: current loss 697.287410, best loss 697.287474
2025-07-21 03:51:19,637 [INFO] [202/300] loss 697.287 | compact 14.4103 | spectral 17.1991 | recons_loss: 0.172282 | sparse_loss: 1.03118 | 
2025-07-21 03:51:19,638 [INFO] [Iter 202] LR: 0.00000001
2025-07-21 03:51:19,639 [INFO] No improvement: current loss 697.287411, best loss 697.287474
2025-07-21 03:51:20,237 [INFO] [203/300] loss 697.287 | compact 14.4103 | spectral 17.1991 | recons_loss: 0.172282 | sparse_loss: 1.03118 | 
2025-07-21 03:51:20,237 [INFO] [Iter 203] LR: 0.00000001
2025-07-21 03:51:20,239 [INFO] No improvement: current loss 697.287411, best loss 697.287474
2025-07-21 03:51:20,838 [INFO] [204/300] loss 697.287 | compact 14.4103 | spectral 17.1991 | recons_loss: 0.172282 | sparse_loss: 1.03118 | 
2025-07-21 03:51:20,838 [INFO] [Iter 204] LR: 0.00000001
2025-07-21 03:51:20,839 [INFO] No improvement: current loss 697.287411, best loss 697.287474
2025-07-21 03:51:21,436 [INFO] [205/300] loss 697.287 | compact 14.4103 | spectral 17.1991 | recons_loss: 0.172282 | sparse_loss: 1.03118 | 
2025-07-21 03:51:21,436 [INFO] [Iter 205] LR: 0.00000001
2025-07-21 03:51:21,437 [INFO] No improvement: current loss 697.287412, best loss 697.287474
2025-07-21 03:51:22,036 [INFO] [206/300] loss 697.287 | compact 14.4103 | spectral 17.1991 | recons_loss: 0.172282 | sparse_loss: 1.03118 | 
2025-07-21 03:51:22,036 [INFO] [Iter 206] LR: 0.00000001
2025-07-21 03:51:22,039 [INFO] No improvement: current loss 697.287412, best loss 697.287474
2025-07-21 03:51:22,649 [INFO] [207/300] loss 697.287 | compact 14.4103 | spectral 17.1991 | recons_loss: 0.172282 | sparse_loss: 1.03118 | 
2025-07-21 03:51:22,649 [INFO] [Iter 207] LR: 0.00000001
2025-07-21 03:51:22,650 [INFO] No improvement: current loss 697.287412, best loss 697.287474
2025-07-21 03:51:23,260 [INFO] [208/300] loss 697.287 | compact 14.4103 | spectral 17.1991 | recons_loss: 0.172282 | sparse_loss: 1.03118 | 
2025-07-21 03:51:23,261 [INFO] [Iter 208] LR: 0.00000001
2025-07-21 03:51:23,262 [INFO] No improvement: current loss 697.287412, best loss 697.287474
2025-07-21 03:51:23,859 [INFO] [209/300] loss 697.287 | compact 14.4103 | spectral 17.1991 | recons_loss: 0.172282 | sparse_loss: 1.03118 | 
2025-07-21 03:51:23,859 [INFO] [Iter 209] LR: 0.00000001
2025-07-21 03:51:23,860 [INFO] No improvement: current loss 697.287413, best loss 697.287474
2025-07-21 03:51:24,460 [INFO] [210/300] loss 697.287 | compact 14.4103 | spectral 17.1991 | recons_loss: 0.172282 | sparse_loss: 1.03118 | 
2025-07-21 03:51:24,461 [INFO] [Iter 210] LR: 0.00000001
2025-07-21 03:51:24,462 [INFO] No improvement: current loss 697.287413, best loss 697.287474
2025-07-21 03:51:25,060 [INFO] [211/300] loss 697.287 | compact 14.4103 | spectral 17.1991 | recons_loss: 0.172282 | sparse_loss: 1.03118 | 
2025-07-21 03:51:25,060 [INFO] [Iter 211] LR: 0.00000001
2025-07-21 03:51:25,061 [INFO] No improvement: current loss 697.287413, best loss 697.287474
2025-07-21 03:51:25,659 [INFO] [212/300] loss 697.287 | compact 14.4103 | spectral 17.1991 | recons_loss: 0.172282 | sparse_loss: 1.03118 | 
2025-07-21 03:51:25,659 [INFO] [Iter 212] LR: 0.00000001
2025-07-21 03:51:25,660 [INFO] No improvement: current loss 697.287413, best loss 697.287474
2025-07-21 03:51:26,263 [INFO] [213/300] loss 697.287 | compact 14.4103 | spectral 17.1991 | recons_loss: 0.172282 | sparse_loss: 1.03118 | 
2025-07-21 03:51:26,264 [INFO] [Iter 213] LR: 0.00000001
2025-07-21 03:51:26,265 [INFO] No improvement: current loss 697.287413, best loss 697.287474
2025-07-21 03:51:26,866 [INFO] [214/300] loss 697.287 | compact 14.4103 | spectral 17.1991 | recons_loss: 0.172282 | sparse_loss: 1.03118 | 
2025-07-21 03:51:26,867 [INFO] [Iter 214] LR: 0.00000001
2025-07-21 03:51:26,868 [INFO] No improvement: current loss 697.287413, best loss 697.287474
2025-07-21 03:51:27,466 [INFO] [215/300] loss 697.287 | compact 14.4103 | spectral 17.1991 | recons_loss: 0.172282 | sparse_loss: 1.03118 | 
2025-07-21 03:51:27,467 [INFO] [Iter 215] LR: 0.00000001
2025-07-21 03:51:27,468 [INFO] No improvement: current loss 697.287414, best loss 697.287474
2025-07-21 03:51:28,069 [INFO] [216/300] loss 697.287 | compact 14.4103 | spectral 17.1991 | recons_loss: 0.172282 | sparse_loss: 1.03118 | 
2025-07-21 03:51:28,069 [INFO] [Iter 216] LR: 0.00000001
2025-07-21 03:51:28,071 [INFO] No improvement: current loss 697.287414, best loss 697.287474
2025-07-21 03:51:28,681 [INFO] [217/300] loss 697.287 | compact 14.4103 | spectral 17.1991 | recons_loss: 0.172282 | sparse_loss: 1.03118 | 
2025-07-21 03:51:28,682 [INFO] [Iter 217] LR: 0.00000001
2025-07-21 03:51:28,683 [INFO] No improvement: current loss 697.287414, best loss 697.287474
2025-07-21 03:51:29,280 [INFO] [218/300] loss 697.287 | compact 14.4103 | spectral 17.1991 | recons_loss: 0.172282 | sparse_loss: 1.03118 | 
2025-07-21 03:51:29,281 [INFO] [Iter 218] LR: 0.00000001
2025-07-21 03:51:29,282 [INFO] No improvement: current loss 697.287414, best loss 697.287474
2025-07-21 03:51:29,879 [INFO] [219/300] loss 697.287 | compact 14.4103 | spectral 17.1991 | recons_loss: 0.172282 | sparse_loss: 1.03118 | 
2025-07-21 03:51:29,880 [INFO] [Iter 219] LR: 0.00000001
2025-07-21 03:51:29,881 [INFO] No improvement: current loss 697.287414, best loss 697.287474
2025-07-21 03:51:30,478 [INFO] [220/300] loss 697.287 | compact 14.4103 | spectral 17.1991 | recons_loss: 0.172282 | sparse_loss: 1.03118 | 
2025-07-21 03:51:30,478 [INFO] [Iter 220] LR: 0.00000001
2025-07-21 03:51:30,479 [INFO] No improvement: current loss 697.287414, best loss 697.287474
2025-07-21 03:51:31,077 [INFO] [221/300] loss 697.287 | compact 14.4103 | spectral 17.1991 | recons_loss: 0.172282 | sparse_loss: 1.03118 | 
2025-07-21 03:51:31,077 [INFO] [Iter 221] LR: 0.00000001
2025-07-21 03:51:31,078 [INFO] No improvement: current loss 697.287414, best loss 697.287474
2025-07-21 03:51:31,676 [INFO] [222/300] loss 697.287 | compact 14.4103 | spectral 17.1991 | recons_loss: 0.172282 | sparse_loss: 1.03118 | 
2025-07-21 03:51:31,676 [INFO] [Iter 222] LR: 0.00000001
2025-07-21 03:51:31,677 [INFO] No improvement: current loss 697.287414, best loss 697.287474
2025-07-21 03:51:32,275 [INFO] [223/300] loss 697.287 | compact 14.4103 | spectral 17.1991 | recons_loss: 0.172282 | sparse_loss: 1.03118 | 
2025-07-21 03:51:32,275 [INFO] [Iter 223] LR: 0.00000001
2025-07-21 03:51:32,277 [INFO] No improvement: current loss 697.287414, best loss 697.287474
2025-07-21 03:51:32,874 [INFO] [224/300] loss 697.287 | compact 14.4103 | spectral 17.1991 | recons_loss: 0.172282 | sparse_loss: 1.03118 | 
2025-07-21 03:51:32,874 [INFO] [Iter 224] LR: 0.00000001
2025-07-21 03:51:32,875 [INFO] No improvement: current loss 697.287414, best loss 697.287474
2025-07-21 03:51:33,473 [INFO] [225/300] loss 697.287 | compact 14.4103 | spectral 17.1991 | recons_loss: 0.172282 | sparse_loss: 1.03118 | 
2025-07-21 03:51:33,473 [INFO] [Iter 225] LR: 0.00000001
2025-07-21 03:51:33,474 [INFO] No improvement: current loss 697.287414, best loss 697.287474
2025-07-21 03:51:34,073 [INFO] [226/300] loss 697.287 | compact 14.4103 | spectral 17.1991 | recons_loss: 0.172282 | sparse_loss: 1.03118 | 
2025-07-21 03:51:34,073 [INFO] [Iter 226] LR: 0.00000001
2025-07-21 03:51:34,075 [INFO] No improvement: current loss 697.287414, best loss 697.287474
2025-07-21 03:51:34,683 [INFO] [227/300] loss 697.287 | compact 14.4103 | spectral 17.1991 | recons_loss: 0.172282 | sparse_loss: 1.03118 | 
2025-07-21 03:51:34,684 [INFO] [Iter 227] LR: 0.00000001
2025-07-21 03:51:34,685 [INFO] No improvement: current loss 697.287414, best loss 697.287474
2025-07-21 03:51:35,283 [INFO] [228/300] loss 697.287 | compact 14.4103 | spectral 17.1991 | recons_loss: 0.172282 | sparse_loss: 1.03118 | 
2025-07-21 03:51:35,283 [INFO] [Iter 228] LR: 0.00000001
2025-07-21 03:51:35,284 [INFO] No improvement: current loss 697.287414, best loss 697.287474
2025-07-21 03:51:35,882 [INFO] [229/300] loss 697.287 | compact 14.4103 | spectral 17.1991 | recons_loss: 0.172282 | sparse_loss: 1.03118 | 
2025-07-21 03:51:35,882 [INFO] [Iter 229] LR: 0.00000001
2025-07-21 03:51:35,883 [INFO] No improvement: current loss 697.287414, best loss 697.287474
2025-07-21 03:51:36,481 [INFO] [230/300] loss 697.287 | compact 14.4103 | spectral 17.1991 | recons_loss: 0.172282 | sparse_loss: 1.03118 | 
2025-07-21 03:51:36,481 [INFO] [Iter 230] LR: 0.00000001
2025-07-21 03:51:36,482 [INFO] No improvement: current loss 697.287414, best loss 697.287474
2025-07-21 03:51:37,080 [INFO] [231/300] loss 697.287 | compact 14.4103 | spectral 17.1991 | recons_loss: 0.172282 | sparse_loss: 1.03118 | 
2025-07-21 03:51:37,080 [INFO] [Iter 231] LR: 0.00000001
2025-07-21 03:51:37,083 [INFO] No improvement: current loss 697.287414, best loss 697.287474
2025-07-21 03:51:37,689 [INFO] [232/300] loss 697.287 | compact 14.4103 | spectral 17.1991 | recons_loss: 0.172282 | sparse_loss: 1.03118 | 
2025-07-21 03:51:37,690 [INFO] [Iter 232] LR: 0.00000001
2025-07-21 03:51:37,691 [INFO] No improvement: current loss 697.287414, best loss 697.287474
2025-07-21 03:51:38,288 [INFO] [233/300] loss 697.287 | compact 14.4103 | spectral 17.1991 | recons_loss: 0.172282 | sparse_loss: 1.03118 | 
2025-07-21 03:51:38,289 [INFO] [Iter 233] LR: 0.00000001
2025-07-21 03:51:38,291 [INFO] No improvement: current loss 697.287414, best loss 697.287474
2025-07-21 03:51:38,888 [INFO] [234/300] loss 697.287 | compact 14.4103 | spectral 17.1991 | recons_loss: 0.172282 | sparse_loss: 1.03118 | 
2025-07-21 03:51:38,889 [INFO] [Iter 234] LR: 0.00000001
2025-07-21 03:51:38,890 [INFO] No improvement: current loss 697.287414, best loss 697.287474
2025-07-21 03:51:39,487 [INFO] [235/300] loss 697.287 | compact 14.4103 | spectral 17.1991 | recons_loss: 0.172282 | sparse_loss: 1.03118 | 
2025-07-21 03:51:39,487 [INFO] [Iter 235] LR: 0.00000001
2025-07-21 03:51:39,489 [INFO] No improvement: current loss 697.287414, best loss 697.287474
2025-07-21 03:51:40,086 [INFO] [236/300] loss 697.287 | compact 14.4103 | spectral 17.1991 | recons_loss: 0.172282 | sparse_loss: 1.03118 | 
2025-07-21 03:51:40,087 [INFO] [Iter 236] LR: 0.00000001
2025-07-21 03:51:40,088 [INFO] No improvement: current loss 697.287414, best loss 697.287474
2025-07-21 03:51:40,686 [INFO] [237/300] loss 697.287 | compact 14.4103 | spectral 17.1991 | recons_loss: 0.172282 | sparse_loss: 1.03118 | 
2025-07-21 03:51:40,686 [INFO] [Iter 237] LR: 0.00000001
2025-07-21 03:51:40,687 [INFO] No improvement: current loss 697.287414, best loss 697.287474
2025-07-21 03:51:41,285 [INFO] [238/300] loss 697.287 | compact 14.4103 | spectral 17.1991 | recons_loss: 0.172282 | sparse_loss: 1.03118 | 
2025-07-21 03:51:41,285 [INFO] [Iter 238] LR: 0.00000001
2025-07-21 03:51:41,286 [INFO] No improvement: current loss 697.287414, best loss 697.287474
2025-07-21 03:51:41,904 [INFO] [239/300] loss 697.287 | compact 14.4103 | spectral 17.1991 | recons_loss: 0.172282 | sparse_loss: 1.03118 | 
2025-07-21 03:51:41,904 [INFO] [Iter 239] LR: 0.00000001
2025-07-21 03:51:41,905 [INFO] No improvement: current loss 697.287414, best loss 697.287474
2025-07-21 03:51:42,503 [INFO] [240/300] loss 697.287 | compact 14.4103 | spectral 17.1991 | recons_loss: 0.172282 | sparse_loss: 1.03118 | 
2025-07-21 03:51:42,503 [INFO] [Iter 240] LR: 0.00000001
2025-07-21 03:51:42,504 [INFO] No improvement: current loss 697.287414, best loss 697.287474
2025-07-21 03:51:43,102 [INFO] [241/300] loss 697.287 | compact 14.4103 | spectral 17.1991 | recons_loss: 0.172282 | sparse_loss: 1.03118 | 
2025-07-21 03:51:43,102 [INFO] [Iter 241] LR: 0.00000001
2025-07-21 03:51:43,103 [INFO] No improvement: current loss 697.287414, best loss 697.287474
2025-07-21 03:51:43,702 [INFO] [242/300] loss 697.287 | compact 14.4103 | spectral 17.1991 | recons_loss: 0.172282 | sparse_loss: 1.03118 | 
2025-07-21 03:51:43,702 [INFO] [Iter 242] LR: 0.00000001
2025-07-21 03:51:43,703 [INFO] No improvement: current loss 697.287414, best loss 697.287474
2025-07-21 03:51:44,301 [INFO] [243/300] loss 697.287 | compact 14.4103 | spectral 17.1991 | recons_loss: 0.172282 | sparse_loss: 1.03118 | 
2025-07-21 03:51:44,301 [INFO] [Iter 243] LR: 0.00000001
2025-07-21 03:51:44,302 [INFO] No improvement: current loss 697.287414, best loss 697.287474
2025-07-21 03:51:44,901 [INFO] [244/300] loss 697.287 | compact 14.4103 | spectral 17.1991 | recons_loss: 0.172282 | sparse_loss: 1.03118 | 
2025-07-21 03:51:44,902 [INFO] [Iter 244] LR: 0.00000001
2025-07-21 03:51:44,903 [INFO] No improvement: current loss 697.287415, best loss 697.287474
2025-07-21 03:51:45,501 [INFO] [245/300] loss 697.287 | compact 14.4103 | spectral 17.1991 | recons_loss: 0.172282 | sparse_loss: 1.03118 | 
2025-07-21 03:51:45,501 [INFO] [Iter 245] LR: 0.00000001
2025-07-21 03:51:45,503 [INFO] No improvement: current loss 697.287415, best loss 697.287474
2025-07-21 03:51:46,102 [INFO] [246/300] loss 697.287 | compact 14.4103 | spectral 17.1991 | recons_loss: 0.172282 | sparse_loss: 1.03118 | 
2025-07-21 03:51:46,102 [INFO] [Iter 246] LR: 0.00000001
2025-07-21 03:51:46,104 [INFO] No improvement: current loss 697.287415, best loss 697.287474
2025-07-21 03:51:46,707 [INFO] [247/300] loss 697.287 | compact 14.4103 | spectral 17.1991 | recons_loss: 0.172282 | sparse_loss: 1.03118 | 
2025-07-21 03:51:46,707 [INFO] [Iter 247] LR: 0.00000001
2025-07-21 03:51:46,708 [INFO] No improvement: current loss 697.287415, best loss 697.287474
2025-07-21 03:51:47,306 [INFO] [248/300] loss 697.287 | compact 14.4103 | spectral 17.1991 | recons_loss: 0.172282 | sparse_loss: 1.03118 | 
2025-07-21 03:51:47,306 [INFO] [Iter 248] LR: 0.00000001
2025-07-21 03:51:47,307 [INFO] No improvement: current loss 697.287415, best loss 697.287474
2025-07-21 03:51:47,905 [INFO] [249/300] loss 697.287 | compact 14.4103 | spectral 17.1991 | recons_loss: 0.172282 | sparse_loss: 1.03118 | 
2025-07-21 03:51:47,905 [INFO] [Iter 249] LR: 0.00000001
2025-07-21 03:51:47,908 [INFO] No improvement: current loss 697.287415, best loss 697.287474
2025-07-21 03:51:48,106 [INFO] H: 600, W: 166
2025-07-21 03:51:48,209 [INFO] [0 1 2 3 4 5]
2025-07-21 03:51:48,308 [INFO] y_target: [1 2 3 4 5 6]
2025-07-21 03:51:48,309 [INFO] y_predict: [0 1 2 3 4 5]
2025-07-21 03:51:48,398 [INFO] Epoch = 250 OA = 0.8710 Kappa = 0.8275 NMI = 0.8013
2025-07-21 03:51:48,873 [INFO] [250/300] loss 697.287 | compact 14.4103 | spectral 17.1991 | recons_loss: 0.172282 | sparse_loss: 1.03118 | 
2025-07-21 03:51:48,874 [INFO] [Iter 250] LR: 0.00000001
2025-07-21 03:51:48,875 [INFO] No improvement: current loss 697.287415, best loss 697.287474
2025-07-21 03:51:49,472 [INFO] [251/300] loss 697.287 | compact 14.4103 | spectral 17.1991 | recons_loss: 0.172282 | sparse_loss: 1.03118 | 
2025-07-21 03:51:49,472 [INFO] [Iter 251] LR: 0.00000001
2025-07-21 03:51:49,473 [INFO] No improvement: current loss 697.287415, best loss 697.287474
2025-07-21 03:51:50,073 [INFO] [252/300] loss 697.287 | compact 14.4103 | spectral 17.1991 | recons_loss: 0.172282 | sparse_loss: 1.03118 | 
2025-07-21 03:51:50,073 [INFO] [Iter 252] LR: 0.00000001
2025-07-21 03:51:50,075 [INFO] No improvement: current loss 697.287415, best loss 697.287474
2025-07-21 03:51:50,672 [INFO] [253/300] loss 697.287 | compact 14.4103 | spectral 17.1991 | recons_loss: 0.172282 | sparse_loss: 1.03118 | 
2025-07-21 03:51:50,672 [INFO] [Iter 253] LR: 0.00000001
2025-07-21 03:51:50,673 [INFO] No improvement: current loss 697.287415, best loss 697.287474
2025-07-21 03:51:51,272 [INFO] [254/300] loss 697.287 | compact 14.4103 | spectral 17.1991 | recons_loss: 0.172282 | sparse_loss: 1.03118 | 
2025-07-21 03:51:51,272 [INFO] [Iter 254] LR: 0.00000001
2025-07-21 03:51:51,274 [INFO] No improvement: current loss 697.287415, best loss 697.287474
2025-07-21 03:51:51,883 [INFO] [255/300] loss 697.287 | compact 14.4103 | spectral 17.1991 | recons_loss: 0.172282 | sparse_loss: 1.03118 | 
2025-07-21 03:51:51,884 [INFO] [Iter 255] LR: 0.00000001
2025-07-21 03:51:51,885 [INFO] No improvement: current loss 697.287415, best loss 697.287474
2025-07-21 03:51:52,494 [INFO] [256/300] loss 697.287 | compact 14.4103 | spectral 17.1991 | recons_loss: 0.172282 | sparse_loss: 1.03118 | 
2025-07-21 03:51:52,494 [INFO] [Iter 256] LR: 0.00000001
2025-07-21 03:51:52,496 [INFO] No improvement: current loss 697.287415, best loss 697.287474
2025-07-21 03:51:53,093 [INFO] [257/300] loss 697.287 | compact 14.4103 | spectral 17.1991 | recons_loss: 0.172282 | sparse_loss: 1.03118 | 
2025-07-21 03:51:53,094 [INFO] [Iter 257] LR: 0.00000001
2025-07-21 03:51:53,095 [INFO] No improvement: current loss 697.287415, best loss 697.287474
2025-07-21 03:51:53,696 [INFO] [258/300] loss 697.287 | compact 14.4103 | spectral 17.1991 | recons_loss: 0.172282 | sparse_loss: 1.03118 | 
2025-07-21 03:51:53,696 [INFO] [Iter 258] LR: 0.00000001
2025-07-21 03:51:53,697 [INFO] No improvement: current loss 697.287415, best loss 697.287474
2025-07-21 03:51:54,295 [INFO] [259/300] loss 697.287 | compact 14.4103 | spectral 17.1991 | recons_loss: 0.172282 | sparse_loss: 1.03118 | 
2025-07-21 03:51:54,295 [INFO] [Iter 259] LR: 0.00000001
2025-07-21 03:51:54,296 [INFO] No improvement: current loss 697.287415, best loss 697.287474
2025-07-21 03:51:54,893 [INFO] [260/300] loss 697.287 | compact 14.4103 | spectral 17.1991 | recons_loss: 0.172282 | sparse_loss: 1.03118 | 
2025-07-21 03:51:54,894 [INFO] [Iter 260] LR: 0.00000001
2025-07-21 03:51:54,895 [INFO] No improvement: current loss 697.287415, best loss 697.287474
2025-07-21 03:51:55,495 [INFO] [261/300] loss 697.287 | compact 14.4103 | spectral 17.1991 | recons_loss: 0.172282 | sparse_loss: 1.03118 | 
2025-07-21 03:51:55,495 [INFO] [Iter 261] LR: 0.00000001
2025-07-21 03:51:55,497 [INFO] No improvement: current loss 697.287415, best loss 697.287474
2025-07-21 03:51:56,094 [INFO] [262/300] loss 697.287 | compact 14.4103 | spectral 17.1991 | recons_loss: 0.172282 | sparse_loss: 1.03118 | 
2025-07-21 03:51:56,095 [INFO] [Iter 262] LR: 0.00000001
2025-07-21 03:51:56,096 [INFO] No improvement: current loss 697.287415, best loss 697.287474
2025-07-21 03:51:56,693 [INFO] [263/300] loss 697.287 | compact 14.4103 | spectral 17.1991 | recons_loss: 0.172282 | sparse_loss: 1.03118 | 
2025-07-21 03:51:56,694 [INFO] [Iter 263] LR: 0.00000001
2025-07-21 03:51:56,695 [INFO] No improvement: current loss 697.287415, best loss 697.287474
2025-07-21 03:51:57,293 [INFO] [264/300] loss 697.287 | compact 14.4103 | spectral 17.1991 | recons_loss: 0.172282 | sparse_loss: 1.03118 | 
2025-07-21 03:51:57,293 [INFO] [Iter 264] LR: 0.00000001
2025-07-21 03:51:57,294 [INFO] No improvement: current loss 697.287415, best loss 697.287474
2025-07-21 03:51:57,891 [INFO] [265/300] loss 697.287 | compact 14.4103 | spectral 17.1991 | recons_loss: 0.172282 | sparse_loss: 1.03118 | 
2025-07-21 03:51:57,892 [INFO] [Iter 265] LR: 0.00000001
2025-07-21 03:51:57,893 [INFO] No improvement: current loss 697.287415, best loss 697.287474
2025-07-21 03:51:58,490 [INFO] [266/300] loss 697.287 | compact 14.4103 | spectral 17.1991 | recons_loss: 0.172282 | sparse_loss: 1.03118 | 
2025-07-21 03:51:58,491 [INFO] [Iter 266] LR: 0.00000001
2025-07-21 03:51:58,492 [INFO] No improvement: current loss 697.287415, best loss 697.287474
2025-07-21 03:51:59,090 [INFO] [267/300] loss 697.287 | compact 14.4103 | spectral 17.1991 | recons_loss: 0.172282 | sparse_loss: 1.03118 | 
2025-07-21 03:51:59,090 [INFO] [Iter 267] LR: 0.00000001
2025-07-21 03:51:59,091 [INFO] No improvement: current loss 697.287415, best loss 697.287474
2025-07-21 03:51:59,689 [INFO] [268/300] loss 697.287 | compact 14.4103 | spectral 17.1991 | recons_loss: 0.172282 | sparse_loss: 1.03118 | 
2025-07-21 03:51:59,690 [INFO] [Iter 268] LR: 0.00000001
2025-07-21 03:51:59,691 [INFO] No improvement: current loss 697.287415, best loss 697.287474
2025-07-21 03:52:00,292 [INFO] [269/300] loss 697.287 | compact 14.4103 | spectral 17.1991 | recons_loss: 0.172282 | sparse_loss: 1.03118 | 
2025-07-21 03:52:00,293 [INFO] [Iter 269] LR: 0.00000001
2025-07-21 03:52:00,295 [INFO] No improvement: current loss 697.287421, best loss 697.287474
2025-07-21 03:52:00,893 [INFO] [270/300] loss 697.287 | compact 14.4103 | spectral 17.1991 | recons_loss: 0.172282 | sparse_loss: 1.03118 | 
2025-07-21 03:52:00,893 [INFO] [Iter 270] LR: 0.00000001
2025-07-21 03:52:00,894 [INFO] No improvement: current loss 697.287420, best loss 697.287474
2025-07-21 03:52:01,493 [INFO] [271/300] loss 697.287 | compact 14.4103 | spectral 17.1991 | recons_loss: 0.172282 | sparse_loss: 1.03118 | 
2025-07-21 03:52:01,493 [INFO] [Iter 271] LR: 0.00000001
2025-07-21 03:52:01,495 [INFO] No improvement: current loss 697.287419, best loss 697.287474
2025-07-21 03:52:02,093 [INFO] [272/300] loss 697.287 | compact 14.4103 | spectral 17.1991 | recons_loss: 0.172282 | sparse_loss: 1.03118 | 
2025-07-21 03:52:02,094 [INFO] [Iter 272] LR: 0.00000001
2025-07-21 03:52:02,096 [INFO] No improvement: current loss 697.287419, best loss 697.287474
2025-07-21 03:52:02,694 [INFO] [273/300] loss 697.287 | compact 14.4103 | spectral 17.1991 | recons_loss: 0.172282 | sparse_loss: 1.03118 | 
2025-07-21 03:52:02,695 [INFO] [Iter 273] LR: 0.00000001
2025-07-21 03:52:02,696 [INFO] No improvement: current loss 697.287419, best loss 697.287474
2025-07-21 03:52:03,293 [INFO] [274/300] loss 697.287 | compact 14.4103 | spectral 17.1991 | recons_loss: 0.172282 | sparse_loss: 1.03118 | 
2025-07-21 03:52:03,294 [INFO] [Iter 274] LR: 0.00000001
2025-07-21 03:52:03,295 [INFO] No improvement: current loss 697.287418, best loss 697.287474
2025-07-21 03:52:03,893 [INFO] [275/300] loss 697.287 | compact 14.4103 | spectral 17.1991 | recons_loss: 0.172282 | sparse_loss: 1.03118 | 
2025-07-21 03:52:03,893 [INFO] [Iter 275] LR: 0.00000001
2025-07-21 03:52:03,895 [INFO] No improvement: current loss 697.287418, best loss 697.287474
2025-07-21 03:52:04,495 [INFO] [276/300] loss 697.287 | compact 14.4103 | spectral 17.1991 | recons_loss: 0.172282 | sparse_loss: 1.03118 | 
2025-07-21 03:52:04,495 [INFO] [Iter 276] LR: 0.00000001
2025-07-21 03:52:04,496 [INFO] No improvement: current loss 697.287417, best loss 697.287474
2025-07-21 03:52:05,094 [INFO] [277/300] loss 697.287 | compact 14.4103 | spectral 17.1991 | recons_loss: 0.172282 | sparse_loss: 1.03118 | 
2025-07-21 03:52:05,094 [INFO] [Iter 277] LR: 0.00000001
2025-07-21 03:52:05,095 [INFO] No improvement: current loss 697.287417, best loss 697.287474
2025-07-21 03:52:05,693 [INFO] [278/300] loss 697.287 | compact 14.4103 | spectral 17.1991 | recons_loss: 0.172282 | sparse_loss: 1.03118 | 
2025-07-21 03:52:05,693 [INFO] [Iter 278] LR: 0.00000001
2025-07-21 03:52:05,694 [INFO] No improvement: current loss 697.287417, best loss 697.287474
2025-07-21 03:52:06,292 [INFO] [279/300] loss 697.287 | compact 14.4103 | spectral 17.1991 | recons_loss: 0.172282 | sparse_loss: 1.03118 | 
2025-07-21 03:52:06,292 [INFO] [Iter 279] LR: 0.00000001
2025-07-21 03:52:06,293 [INFO] No improvement: current loss 697.287417, best loss 697.287474
2025-07-21 03:52:06,891 [INFO] [280/300] loss 697.287 | compact 14.4103 | spectral 17.1991 | recons_loss: 0.172282 | sparse_loss: 1.03118 | 
2025-07-21 03:52:06,891 [INFO] [Iter 280] LR: 0.00000001
2025-07-21 03:52:06,892 [INFO] No improvement: current loss 697.287416, best loss 697.287474
2025-07-21 03:52:07,489 [INFO] [281/300] loss 697.287 | compact 14.4103 | spectral 17.1991 | recons_loss: 0.172282 | sparse_loss: 1.03118 | 
2025-07-21 03:52:07,490 [INFO] [Iter 281] LR: 0.00000001
2025-07-21 03:52:07,491 [INFO] No improvement: current loss 697.287416, best loss 697.287474
2025-07-21 03:52:08,089 [INFO] [282/300] loss 697.287 | compact 14.4103 | spectral 17.1991 | recons_loss: 0.172282 | sparse_loss: 1.03118 | 
2025-07-21 03:52:08,089 [INFO] [Iter 282] LR: 0.00000001
2025-07-21 03:52:08,090 [INFO] No improvement: current loss 697.287416, best loss 697.287474
2025-07-21 03:52:08,687 [INFO] [283/300] loss 697.287 | compact 14.4103 | spectral 17.1991 | recons_loss: 0.172282 | sparse_loss: 1.03118 | 
2025-07-21 03:52:08,688 [INFO] [Iter 283] LR: 0.00000001
2025-07-21 03:52:08,690 [INFO] No improvement: current loss 697.287416, best loss 697.287474
2025-07-21 03:52:09,299 [INFO] [284/300] loss 697.287 | compact 14.4103 | spectral 17.1991 | recons_loss: 0.172282 | sparse_loss: 1.03118 | 
2025-07-21 03:52:09,300 [INFO] [Iter 284] LR: 0.00000001
2025-07-21 03:52:09,301 [INFO] No improvement: current loss 697.287410, best loss 697.287474
2025-07-21 03:52:09,898 [INFO] [285/300] loss 697.287 | compact 14.4103 | spectral 17.1991 | recons_loss: 0.172282 | sparse_loss: 1.03118 | 
2025-07-21 03:52:09,899 [INFO] [Iter 285] LR: 0.00000001
2025-07-21 03:52:09,901 [INFO] No improvement: current loss 697.287410, best loss 697.287474
2025-07-21 03:52:10,502 [INFO] [286/300] loss 697.287 | compact 14.4103 | spectral 17.1991 | recons_loss: 0.172282 | sparse_loss: 1.03118 | 
2025-07-21 03:52:10,502 [INFO] [Iter 286] LR: 0.00000001
2025-07-21 03:52:10,503 [INFO] No improvement: current loss 697.287411, best loss 697.287474
2025-07-21 03:52:11,103 [INFO] [287/300] loss 697.287 | compact 14.4103 | spectral 17.1991 | recons_loss: 0.172282 | sparse_loss: 1.03118 | 
2025-07-21 03:52:11,103 [INFO] [Iter 287] LR: 0.00000001
2025-07-21 03:52:11,104 [INFO] No improvement: current loss 697.287411, best loss 697.287474
2025-07-21 03:52:11,702 [INFO] [288/300] loss 697.287 | compact 14.4103 | spectral 17.1991 | recons_loss: 0.172282 | sparse_loss: 1.03118 | 
2025-07-21 03:52:11,702 [INFO] [Iter 288] LR: 0.00000001
2025-07-21 03:52:11,703 [INFO] No improvement: current loss 697.287405, best loss 697.287474
2025-07-21 03:52:12,301 [INFO] [289/300] loss 697.287 | compact 14.4103 | spectral 17.1991 | recons_loss: 0.172282 | sparse_loss: 1.03118 | 
2025-07-21 03:52:12,302 [INFO] [Iter 289] LR: 0.00000001
2025-07-21 03:52:12,303 [INFO] No improvement: current loss 697.287400, best loss 697.287474
2025-07-21 03:52:12,900 [INFO] [290/300] loss 697.287 | compact 14.4103 | spectral 17.1991 | recons_loss: 0.172282 | sparse_loss: 1.03118 | 
2025-07-21 03:52:12,900 [INFO] [Iter 290] LR: 0.00000001
2025-07-21 03:52:12,902 [INFO] No improvement: current loss 697.287402, best loss 697.287474
2025-07-21 03:52:13,499 [INFO] [291/300] loss 697.287 | compact 14.4103 | spectral 17.1991 | recons_loss: 0.172282 | sparse_loss: 1.03118 | 
2025-07-21 03:52:13,500 [INFO] [Iter 291] LR: 0.00000001
2025-07-21 03:52:13,501 [INFO] No improvement: current loss 697.287403, best loss 697.287474
2025-07-21 03:52:14,098 [INFO] [292/300] loss 697.287 | compact 14.4103 | spectral 17.1991 | recons_loss: 0.172282 | sparse_loss: 1.03118 | 
2025-07-21 03:52:14,099 [INFO] [Iter 292] LR: 0.00000001
2025-07-21 03:52:14,100 [INFO] No improvement: current loss 697.287404, best loss 697.287474
2025-07-21 03:52:14,697 [INFO] [293/300] loss 697.287 | compact 14.4103 | spectral 17.1991 | recons_loss: 0.172282 | sparse_loss: 1.03118 | 
2025-07-21 03:52:14,697 [INFO] [Iter 293] LR: 0.00000001
2025-07-21 03:52:14,698 [INFO] No improvement: current loss 697.287405, best loss 697.287474
2025-07-21 03:52:15,297 [INFO] [294/300] loss 697.287 | compact 14.4103 | spectral 17.1991 | recons_loss: 0.172282 | sparse_loss: 1.03118 | 
2025-07-21 03:52:15,297 [INFO] [Iter 294] LR: 0.00000001
2025-07-21 03:52:15,298 [INFO] No improvement: current loss 697.287406, best loss 697.287474
2025-07-21 03:52:15,913 [INFO] [295/300] loss 697.287 | compact 14.4103 | spectral 17.1991 | recons_loss: 0.172282 | sparse_loss: 1.03118 | 
2025-07-21 03:52:15,913 [INFO] [Iter 295] LR: 0.00000001
2025-07-21 03:52:15,915 [INFO] No improvement: current loss 697.287407, best loss 697.287474
2025-07-21 03:52:16,513 [INFO] [296/300] loss 697.287 | compact 14.4103 | spectral 17.1991 | recons_loss: 0.172282 | sparse_loss: 1.03118 | 
2025-07-21 03:52:16,513 [INFO] [Iter 296] LR: 0.00000001
2025-07-21 03:52:16,515 [INFO] No improvement: current loss 697.287408, best loss 697.287474
2025-07-21 03:52:17,114 [INFO] [297/300] loss 697.287 | compact 14.4103 | spectral 17.1991 | recons_loss: 0.172282 | sparse_loss: 1.03118 | 
2025-07-21 03:52:17,114 [INFO] [Iter 297] LR: 0.00000001
2025-07-21 03:52:17,115 [INFO] No improvement: current loss 697.287408, best loss 697.287474
2025-07-21 03:52:17,713 [INFO] [298/300] loss 697.287 | compact 14.4103 | spectral 17.1991 | recons_loss: 0.172282 | sparse_loss: 1.03118 | 
2025-07-21 03:52:17,714 [INFO] [Iter 298] LR: 0.00000001
2025-07-21 03:52:17,716 [INFO] No improvement: current loss 697.287409, best loss 697.287474
2025-07-21 03:52:17,892 [INFO] H: 600, W: 166
2025-07-21 03:52:18,006 [INFO] [0 1 2 3 4 5]
2025-07-21 03:52:18,099 [INFO] y_target: [1 2 3 4 5 6]
2025-07-21 03:52:18,100 [INFO] y_predict: [0 1 2 3 4 5]
2025-07-21 03:52:18,192 [INFO] Epoch = 299 OA = 0.8710 Kappa = 0.8275 NMI = 0.8013
2025-07-21 03:52:18,669 [INFO] [299/300] loss 697.287 | compact 14.4103 | spectral 17.1991 | recons_loss: 0.172282 | sparse_loss: 1.03118 | 
2025-07-21 03:52:18,669 [INFO] [Iter 299] LR: 0.00000001
2025-07-21 03:52:18,672 [INFO] No improvement: current loss 697.287410, best loss 697.287474
2025-07-21 03:52:18,672 [INFO] Training finished. Best model loaded.
