2025-07-21 04:24:32,653 [INFO] ========== Training Configuration ==========
2025-07-21 04:24:32,653 [INFO] out_dir: ./log
2025-07-21 04:24:32,654 [INFO] lr: 0.1
2025-07-21 04:24:32,654 [INFO] train_iter: 300
2025-07-21 04:24:32,654 [INFO] niter: 5
2025-07-21 04:24:32,654 [INFO] nspix: 300
2025-07-21 04:24:32,654 [INFO] weight: weight
2025-07-21 04:24:32,654 [INFO] weight_representation: 150.0
2025-07-21 04:24:32,654 [INFO] weight_noise: 50.0
2025-07-21 04:24:32,654 [INFO] dataset: trento
2025-07-21 04:24:32,654 [INFO] device: cuda:0
2025-07-21 04:24:32,654 [INFO] log: trento11
2025-07-21 04:24:32,654 [INFO] ============================================
2025-07-21 04:24:35,757 [INFO] H: 600, W: 166
2025-07-21 04:24:35,863 [INFO] [0 1 2 3 4 5]
2025-07-21 04:24:36,058 [INFO] y_target: [1 2 3 4 5 6]
2025-07-21 04:24:36,059 [INFO] y_predict: [0 1 2 3 4 5]
2025-07-21 04:24:36,149 [INFO] Epoch = 0 OA = 0.8509 Kappa = 0.8011 NMI = 0.7884
2025-07-21 04:24:36,673 [INFO] [0/300] loss 1122.86 | compact 13.9608 | spectral 17.8474 | recons_loss: 0.260069 | sparse_loss: 1.04467 | 
2025-07-21 04:24:36,673 [INFO] [Iter 0] LR: 0.10000000
2025-07-21 04:24:36,675 [INFO] Saving best model at iteration 0
2025-07-21 04:24:37,274 [INFO] [1/300] loss 1122.27 | compact 13.9649 | spectral 17.8332 | recons_loss: 0.258686 | sparse_loss: 1.04471 | 
2025-07-21 04:24:37,274 [INFO] [Iter 1] LR: 0.10000000
2025-07-21 04:24:37,276 [INFO] Saving best model at iteration 1
2025-07-21 04:24:37,873 [INFO] [2/300] loss 1121.4 | compact 13.9688 | spectral 17.8114 | recons_loss: 0.256831 | sparse_loss: 1.04467 | 
2025-07-21 04:24:37,873 [INFO] [Iter 2] LR: 0.10000000
2025-07-21 04:24:37,874 [INFO] Saving best model at iteration 2
2025-07-21 04:24:38,471 [INFO] [3/300] loss 1120.26 | compact 13.9678 | spectral 17.785 | recons_loss: 0.254247 | sparse_loss: 1.04447 | 
2025-07-21 04:24:38,471 [INFO] [Iter 3] LR: 0.10000000
2025-07-21 04:24:38,472 [INFO] Saving best model at iteration 3
2025-07-21 04:24:39,069 [INFO] [4/300] loss 1118.94 | compact 13.9666 | spectral 17.7567 | recons_loss: 0.251182 | sparse_loss: 1.0441 | 
2025-07-21 04:24:39,069 [INFO] [Iter 4] LR: 0.10000000
2025-07-21 04:24:39,070 [INFO] Saving best model at iteration 4
2025-07-21 04:24:39,666 [INFO] [5/300] loss 1117.51 | compact 13.9659 | spectral 17.7289 | recons_loss: 0.247808 | sparse_loss: 1.04362 | 
2025-07-21 04:24:39,667 [INFO] [Iter 5] LR: 0.10000000
2025-07-21 04:24:39,668 [INFO] Saving best model at iteration 5
2025-07-21 04:24:40,269 [INFO] [6/300] loss 1116.02 | compact 13.9678 | spectral 17.6945 | recons_loss: 0.244139 | sparse_loss: 1.04309 | 
2025-07-21 04:24:40,269 [INFO] [Iter 6] LR: 0.10000000
2025-07-21 04:24:40,270 [INFO] Saving best model at iteration 6
2025-07-21 04:24:40,867 [INFO] [7/300] loss 1114.51 | compact 13.9725 | spectral 17.6581 | recons_loss: 0.240341 | sparse_loss: 1.04256 | 
2025-07-21 04:24:40,868 [INFO] [Iter 7] LR: 0.10000000
2025-07-21 04:24:40,869 [INFO] Saving best model at iteration 7
2025-07-21 04:24:41,466 [INFO] [8/300] loss 1112.98 | compact 13.9763 | spectral 17.6197 | recons_loss: 0.236402 | sparse_loss: 1.04204 | 
2025-07-21 04:24:41,466 [INFO] [Iter 8] LR: 0.10000000
2025-07-21 04:24:41,467 [INFO] Saving best model at iteration 8
2025-07-21 04:24:42,064 [INFO] [9/300] loss 1111.49 | compact 13.9803 | spectral 17.584 | recons_loss: 0.232441 | sparse_loss: 1.04153 | 
2025-07-21 04:24:42,064 [INFO] [Iter 9] LR: 0.10000000
2025-07-21 04:24:42,065 [INFO] Saving best model at iteration 9
2025-07-21 04:24:42,661 [INFO] [10/300] loss 1110.03 | compact 13.9865 | spectral 17.55 | recons_loss: 0.228387 | sparse_loss: 1.04102 | 
2025-07-21 04:24:42,661 [INFO] [Iter 10] LR: 0.10000000
2025-07-21 04:24:42,662 [INFO] Saving best model at iteration 10
2025-07-21 04:24:43,259 [INFO] [11/300] loss 1108.59 | compact 13.993 | spectral 17.5156 | recons_loss: 0.224349 | sparse_loss: 1.04049 | 
2025-07-21 04:24:43,259 [INFO] [Iter 11] LR: 0.10000000
2025-07-21 04:24:43,260 [INFO] Saving best model at iteration 11
2025-07-21 04:24:43,862 [INFO] [12/300] loss 1107.22 | compact 14.001 | spectral 17.4878 | recons_loss: 0.220362 | sparse_loss: 1.03995 | 
2025-07-21 04:24:43,862 [INFO] [Iter 12] LR: 0.10000000
2025-07-21 04:24:43,863 [INFO] Saving best model at iteration 12
2025-07-21 04:24:44,460 [INFO] [13/300] loss 1105.91 | compact 14.008 | spectral 17.4619 | recons_loss: 0.216489 | sparse_loss: 1.03941 | 
2025-07-21 04:24:44,460 [INFO] [Iter 13] LR: 0.10000000
2025-07-21 04:24:44,461 [INFO] Saving best model at iteration 13
2025-07-21 04:24:45,060 [INFO] [14/300] loss 1104.68 | compact 14.0157 | spectral 17.4415 | recons_loss: 0.212726 | sparse_loss: 1.0389 | 
2025-07-21 04:24:45,060 [INFO] [Iter 14] LR: 0.10000000
2025-07-21 04:24:45,061 [INFO] Saving best model at iteration 14
2025-07-21 04:24:45,659 [INFO] [15/300] loss 1103.5 | compact 14.0219 | spectral 17.418 | recons_loss: 0.2091 | sparse_loss: 1.03843 | 
2025-07-21 04:24:45,659 [INFO] [Iter 15] LR: 0.10000000
2025-07-21 04:24:45,660 [INFO] Saving best model at iteration 15
2025-07-21 04:24:46,256 [INFO] [16/300] loss 1102.37 | compact 14.0273 | spectral 17.3963 | recons_loss: 0.205614 | sparse_loss: 1.038 | 
2025-07-21 04:24:46,257 [INFO] [Iter 16] LR: 0.10000000
2025-07-21 04:24:46,258 [INFO] Saving best model at iteration 16
2025-07-21 04:24:46,856 [INFO] [17/300] loss 1101.3 | compact 14.0312 | spectral 17.3763 | recons_loss: 0.202275 | sparse_loss: 1.03762 | 
2025-07-21 04:24:46,856 [INFO] [Iter 17] LR: 0.10000000
2025-07-21 04:24:46,857 [INFO] Saving best model at iteration 17
2025-07-21 04:24:47,454 [INFO] [18/300] loss 1100.28 | compact 14.0353 | spectral 17.3582 | recons_loss: 0.199088 | sparse_loss: 1.03726 | 
2025-07-21 04:24:47,454 [INFO] [Iter 18] LR: 0.10000000
2025-07-21 04:24:47,456 [INFO] Saving best model at iteration 18
2025-07-21 04:24:48,053 [INFO] [19/300] loss 1099.33 | compact 14.0411 | spectral 17.3461 | recons_loss: 0.196059 | sparse_loss: 1.03692 | 
2025-07-21 04:24:48,053 [INFO] [Iter 19] LR: 0.10000000
2025-07-21 04:24:48,054 [INFO] Saving best model at iteration 19
2025-07-21 04:24:48,665 [INFO] [20/300] loss 1098.42 | compact 14.0491 | spectral 17.3329 | recons_loss: 0.193184 | sparse_loss: 1.0366 | 
2025-07-21 04:24:48,665 [INFO] [Iter 20] LR: 0.10000000
2025-07-21 04:24:48,668 [INFO] Saving best model at iteration 20
2025-07-21 04:24:49,266 [INFO] [21/300] loss 1097.56 | compact 14.0561 | spectral 17.3228 | recons_loss: 0.190477 | sparse_loss: 1.03627 | 
2025-07-21 04:24:49,266 [INFO] [Iter 21] LR: 0.10000000
2025-07-21 04:24:49,267 [INFO] Saving best model at iteration 21
2025-07-21 04:24:49,875 [INFO] [22/300] loss 1096.75 | compact 14.0619 | spectral 17.315 | recons_loss: 0.187932 | sparse_loss: 1.03597 | 
2025-07-21 04:24:49,875 [INFO] [Iter 22] LR: 0.10000000
2025-07-21 04:24:49,876 [INFO] Saving best model at iteration 22
2025-07-21 04:24:50,473 [INFO] [23/300] loss 1095.97 | compact 14.0686 | spectral 17.307 | recons_loss: 0.185537 | sparse_loss: 1.0357 | 
2025-07-21 04:24:50,474 [INFO] [Iter 23] LR: 0.10000000
2025-07-21 04:24:50,475 [INFO] Saving best model at iteration 23
2025-07-21 04:24:51,072 [INFO] [24/300] loss 1095.24 | compact 14.076 | spectral 17.2991 | recons_loss: 0.183275 | sparse_loss: 1.03547 | 
2025-07-21 04:24:51,072 [INFO] [Iter 24] LR: 0.10000000
2025-07-21 04:24:51,073 [INFO] Saving best model at iteration 24
2025-07-21 04:24:51,670 [INFO] [25/300] loss 1094.55 | compact 14.0841 | spectral 17.2914 | recons_loss: 0.181154 | sparse_loss: 1.03526 | 
2025-07-21 04:24:51,671 [INFO] [Iter 25] LR: 0.10000000
2025-07-21 04:24:51,672 [INFO] Saving best model at iteration 25
2025-07-21 04:24:52,269 [INFO] [26/300] loss 1093.89 | compact 14.0925 | spectral 17.2872 | recons_loss: 0.179168 | sparse_loss: 1.03508 | 
2025-07-21 04:24:52,269 [INFO] [Iter 26] LR: 0.10000000
2025-07-21 04:24:52,271 [INFO] Saving best model at iteration 26
2025-07-21 04:24:52,886 [INFO] [27/300] loss 1093.25 | compact 14.1016 | spectral 17.2771 | recons_loss: 0.177315 | sparse_loss: 1.03489 | 
2025-07-21 04:24:52,886 [INFO] [Iter 27] LR: 0.10000000
2025-07-21 04:24:52,887 [INFO] Saving best model at iteration 27
2025-07-21 04:24:53,484 [INFO] [28/300] loss 1092.64 | compact 14.1114 | spectral 17.2672 | recons_loss: 0.175575 | sparse_loss: 1.0347 | 
2025-07-21 04:24:53,485 [INFO] [Iter 28] LR: 0.10000000
2025-07-21 04:24:53,486 [INFO] Saving best model at iteration 28
2025-07-21 04:24:54,083 [INFO] [29/300] loss 1092.06 | compact 14.1208 | spectral 17.2577 | recons_loss: 0.173959 | sparse_loss: 1.03451 | 
2025-07-21 04:24:54,083 [INFO] [Iter 29] LR: 0.10000000
2025-07-21 04:24:54,084 [INFO] Saving best model at iteration 29
2025-07-21 04:24:54,681 [INFO] [30/300] loss 1091.52 | compact 14.1296 | spectral 17.2493 | recons_loss: 0.172456 | sparse_loss: 1.03434 | 
2025-07-21 04:24:54,681 [INFO] [Iter 30] LR: 0.10000000
2025-07-21 04:24:54,682 [INFO] Saving best model at iteration 30
2025-07-21 04:24:55,280 [INFO] [31/300] loss 1091 | compact 14.1387 | spectral 17.2399 | recons_loss: 0.171054 | sparse_loss: 1.03418 | 
2025-07-21 04:24:55,280 [INFO] [Iter 31] LR: 0.10000000
2025-07-21 04:24:55,281 [INFO] Saving best model at iteration 31
2025-07-21 04:24:55,882 [INFO] [32/300] loss 1090.5 | compact 14.147 | spectral 17.2326 | recons_loss: 0.169747 | sparse_loss: 1.03405 | 
2025-07-21 04:24:55,882 [INFO] [Iter 32] LR: 0.10000000
2025-07-21 04:24:55,884 [INFO] Saving best model at iteration 32
2025-07-21 04:24:56,482 [INFO] [33/300] loss 1090.04 | compact 14.154 | spectral 17.2269 | recons_loss: 0.16853 | sparse_loss: 1.03392 | 
2025-07-21 04:24:56,482 [INFO] [Iter 33] LR: 0.10000000
2025-07-21 04:24:56,483 [INFO] Saving best model at iteration 33
2025-07-21 04:24:57,080 [INFO] [34/300] loss 1089.61 | compact 14.1607 | spectral 17.2234 | recons_loss: 0.167401 | sparse_loss: 1.0338 | 
2025-07-21 04:24:57,080 [INFO] [Iter 34] LR: 0.10000000
2025-07-21 04:24:57,082 [INFO] Saving best model at iteration 34
2025-07-21 04:24:57,695 [INFO] [35/300] loss 1089.19 | compact 14.1662 | spectral 17.2201 | recons_loss: 0.166352 | sparse_loss: 1.03366 | 
2025-07-21 04:24:57,695 [INFO] [Iter 35] LR: 0.10000000
2025-07-21 04:24:57,696 [INFO] Saving best model at iteration 35
2025-07-21 04:24:58,294 [INFO] [36/300] loss 1088.79 | compact 14.1724 | spectral 17.2158 | recons_loss: 0.165377 | sparse_loss: 1.03352 | 
2025-07-21 04:24:58,294 [INFO] [Iter 36] LR: 0.10000000
2025-07-21 04:24:58,296 [INFO] Saving best model at iteration 36
2025-07-21 04:24:58,892 [INFO] [37/300] loss 1088.41 | compact 14.1782 | spectral 17.2115 | recons_loss: 0.164474 | sparse_loss: 1.03339 | 
2025-07-21 04:24:58,893 [INFO] [Iter 37] LR: 0.10000000
2025-07-21 04:24:58,894 [INFO] Saving best model at iteration 37
2025-07-21 04:24:59,492 [INFO] [38/300] loss 1088.06 | compact 14.1838 | spectral 17.2082 | recons_loss: 0.163631 | sparse_loss: 1.03327 | 
2025-07-21 04:24:59,492 [INFO] [Iter 38] LR: 0.10000000
2025-07-21 04:24:59,493 [INFO] Saving best model at iteration 38
2025-07-21 04:25:00,090 [INFO] [39/300] loss 1087.72 | compact 14.1895 | spectral 17.2055 | recons_loss: 0.162841 | sparse_loss: 1.03317 | 
2025-07-21 04:25:00,090 [INFO] [Iter 39] LR: 0.10000000
2025-07-21 04:25:00,091 [INFO] Saving best model at iteration 39
2025-07-21 04:25:00,688 [INFO] [40/300] loss 1087.4 | compact 14.1951 | spectral 17.2046 | recons_loss: 0.162102 | sparse_loss: 1.03308 | 
2025-07-21 04:25:00,688 [INFO] [Iter 40] LR: 0.10000000
2025-07-21 04:25:00,689 [INFO] Saving best model at iteration 40
2025-07-21 04:25:01,286 [INFO] [41/300] loss 1087.1 | compact 14.2007 | spectral 17.2055 | recons_loss: 0.161415 | sparse_loss: 1.03298 | 
2025-07-21 04:25:01,286 [INFO] [Iter 41] LR: 0.10000000
2025-07-21 04:25:01,287 [INFO] Saving best model at iteration 41
2025-07-21 04:25:01,884 [INFO] [42/300] loss 1086.82 | compact 14.2064 | spectral 17.2073 | recons_loss: 0.16077 | sparse_loss: 1.03288 | 
2025-07-21 04:25:01,885 [INFO] [Iter 42] LR: 0.10000000
2025-07-21 04:25:01,886 [INFO] Saving best model at iteration 42
2025-07-21 04:25:02,483 [INFO] [43/300] loss 1086.55 | compact 14.212 | spectral 17.2086 | recons_loss: 0.160163 | sparse_loss: 1.03278 | 
2025-07-21 04:25:02,484 [INFO] [Iter 43] LR: 0.10000000
2025-07-21 04:25:02,486 [INFO] Saving best model at iteration 43
2025-07-21 04:25:03,091 [INFO] [44/300] loss 1086.29 | compact 14.217 | spectral 17.2115 | recons_loss: 0.159589 | sparse_loss: 1.03269 | 
2025-07-21 04:25:03,091 [INFO] [Iter 44] LR: 0.10000000
2025-07-21 04:25:03,092 [INFO] Saving best model at iteration 44
2025-07-21 04:25:03,708 [INFO] [45/300] loss 1086.04 | compact 14.2226 | spectral 17.2124 | recons_loss: 0.159037 | sparse_loss: 1.03261 | 
2025-07-21 04:25:03,708 [INFO] [Iter 45] LR: 0.10000000
2025-07-21 04:25:03,710 [INFO] Saving best model at iteration 45
2025-07-21 04:25:04,325 [INFO] [46/300] loss 1085.8 | compact 14.2282 | spectral 17.2146 | recons_loss: 0.158518 | sparse_loss: 1.03253 | 
2025-07-21 04:25:04,325 [INFO] [Iter 46] LR: 0.10000000
2025-07-21 04:25:04,326 [INFO] Saving best model at iteration 46
2025-07-21 04:25:04,924 [INFO] [47/300] loss 1085.57 | compact 14.2342 | spectral 17.2169 | recons_loss: 0.158035 | sparse_loss: 1.03246 | 
2025-07-21 04:25:04,924 [INFO] [Iter 47] LR: 0.10000000
2025-07-21 04:25:04,925 [INFO] Saving best model at iteration 47
2025-07-21 04:25:05,522 [INFO] [48/300] loss 1085.35 | compact 14.24 | spectral 17.2192 | recons_loss: 0.157579 | sparse_loss: 1.03239 | 
2025-07-21 04:25:05,522 [INFO] [Iter 48] LR: 0.10000000
2025-07-21 04:25:05,523 [INFO] Saving best model at iteration 48
2025-07-21 04:25:06,121 [INFO] [49/300] loss 1085.15 | compact 14.2461 | spectral 17.2237 | recons_loss: 0.157144 | sparse_loss: 1.03231 | 
2025-07-21 04:25:06,121 [INFO] [Iter 49] LR: 0.10000000
2025-07-21 04:25:06,123 [INFO] Saving best model at iteration 49
2025-07-21 04:25:06,309 [INFO] H: 600, W: 166
2025-07-21 04:25:06,409 [INFO] [0 1 2 3 4 5]
2025-07-21 04:25:06,511 [INFO] y_target: [1 2 3 4 5 6]
2025-07-21 04:25:06,512 [INFO] y_predict: [0 1 2 3 4 5]
2025-07-21 04:25:06,601 [INFO] Epoch = 50 OA = 0.8734 Kappa = 0.8311 NMI = 0.8081
2025-07-21 04:25:07,076 [INFO] [50/300] loss 1084.96 | compact 14.2523 | spectral 17.2274 | recons_loss: 0.156736 | sparse_loss: 1.03225 | 
2025-07-21 04:25:07,076 [INFO] [Iter 50] LR: 0.10000000
2025-07-21 04:25:07,077 [INFO] Saving best model at iteration 50
2025-07-21 04:25:07,675 [INFO] [51/300] loss 1084.77 | compact 14.2587 | spectral 17.2305 | recons_loss: 0.15635 | sparse_loss: 1.03219 | 
2025-07-21 04:25:07,676 [INFO] [Iter 51] LR: 0.10000000
2025-07-21 04:25:07,677 [INFO] Saving best model at iteration 51
2025-07-21 04:25:08,288 [INFO] [52/300] loss 1084.58 | compact 14.2655 | spectral 17.2327 | recons_loss: 0.155974 | sparse_loss: 1.03215 | 
2025-07-21 04:25:08,288 [INFO] [Iter 52] LR: 0.10000000
2025-07-21 04:25:08,290 [INFO] Saving best model at iteration 52
2025-07-21 04:25:08,889 [INFO] [53/300] loss 1084.4 | compact 14.2717 | spectral 17.2341 | recons_loss: 0.155615 | sparse_loss: 1.0321 | 
2025-07-21 04:25:08,889 [INFO] [Iter 53] LR: 0.10000000
2025-07-21 04:25:08,890 [INFO] Saving best model at iteration 53
2025-07-21 04:25:09,488 [INFO] [54/300] loss 1084.24 | compact 14.2779 | spectral 17.2455 | recons_loss: 0.155275 | sparse_loss: 1.03205 | 
2025-07-21 04:25:09,488 [INFO] [Iter 54] LR: 0.10000000
2025-07-21 04:25:09,489 [INFO] Saving best model at iteration 54
2025-07-21 04:25:10,086 [INFO] [55/300] loss 1084.09 | compact 14.2827 | spectral 17.2585 | recons_loss: 0.154946 | sparse_loss: 1.032 | 
2025-07-21 04:25:10,086 [INFO] [Iter 55] LR: 0.10000000
2025-07-21 04:25:10,087 [INFO] Saving best model at iteration 55
2025-07-21 04:25:10,685 [INFO] [56/300] loss 1083.94 | compact 14.2862 | spectral 17.2716 | recons_loss: 0.154626 | sparse_loss: 1.03196 | 
2025-07-21 04:25:10,685 [INFO] [Iter 56] LR: 0.05000000
2025-07-21 04:25:10,686 [INFO] Saving best model at iteration 56
2025-07-21 04:25:11,283 [INFO] [57/300] loss 1083.79 | compact 14.29 | spectral 17.2802 | recons_loss: 0.154317 | sparse_loss: 1.03192 | 
2025-07-21 04:25:11,283 [INFO] [Iter 57] LR: 0.05000000
2025-07-21 04:25:11,285 [INFO] Saving best model at iteration 57
2025-07-21 04:25:11,882 [INFO] [58/300] loss 1083.65 | compact 14.2935 | spectral 17.2899 | recons_loss: 0.154028 | sparse_loss: 1.03188 | 
2025-07-21 04:25:11,882 [INFO] [Iter 58] LR: 0.05000000
2025-07-21 04:25:11,883 [INFO] Saving best model at iteration 58
2025-07-21 04:25:12,480 [INFO] [59/300] loss 1083.52 | compact 14.2972 | spectral 17.298 | recons_loss: 0.15376 | sparse_loss: 1.03184 | 
2025-07-21 04:25:12,480 [INFO] [Iter 59] LR: 0.05000000
2025-07-21 04:25:12,481 [INFO] Saving best model at iteration 59
2025-07-21 04:25:13,079 [INFO] [60/300] loss 1083.39 | compact 14.3006 | spectral 17.3052 | recons_loss: 0.153508 | sparse_loss: 1.03179 | 
2025-07-21 04:25:13,079 [INFO] [Iter 60] LR: 0.05000000
2025-07-21 04:25:13,080 [INFO] Saving best model at iteration 60
2025-07-21 04:25:13,678 [INFO] [61/300] loss 1083.27 | compact 14.3039 | spectral 17.311 | recons_loss: 0.153273 | sparse_loss: 1.03175 | 
2025-07-21 04:25:13,678 [INFO] [Iter 61] LR: 0.05000000
2025-07-21 04:25:13,679 [INFO] Saving best model at iteration 61
2025-07-21 04:25:14,287 [INFO] [62/300] loss 1083.15 | compact 14.3076 | spectral 17.3153 | recons_loss: 0.153054 | sparse_loss: 1.0317 | 
2025-07-21 04:25:14,288 [INFO] [Iter 62] LR: 0.05000000
2025-07-21 04:25:14,289 [INFO] Saving best model at iteration 62
2025-07-21 04:25:14,892 [INFO] [63/300] loss 1083.03 | compact 14.3115 | spectral 17.3193 | recons_loss: 0.152846 | sparse_loss: 1.03166 | 
2025-07-21 04:25:14,892 [INFO] [Iter 63] LR: 0.05000000
2025-07-21 04:25:14,894 [INFO] Saving best model at iteration 63
2025-07-21 04:25:15,514 [INFO] [64/300] loss 1082.92 | compact 14.3159 | spectral 17.323 | recons_loss: 0.152648 | sparse_loss: 1.03163 | 
2025-07-21 04:25:15,515 [INFO] [Iter 64] LR: 0.05000000
2025-07-21 04:25:15,516 [INFO] Saving best model at iteration 64
2025-07-21 04:25:16,114 [INFO] [65/300] loss 1082.82 | compact 14.319 | spectral 17.3247 | recons_loss: 0.152463 | sparse_loss: 1.03159 | 
2025-07-21 04:25:16,114 [INFO] [Iter 65] LR: 0.05000000
2025-07-21 04:25:16,115 [INFO] Saving best model at iteration 65
2025-07-21 04:25:16,712 [INFO] [66/300] loss 1082.72 | compact 14.3222 | spectral 17.327 | recons_loss: 0.152285 | sparse_loss: 1.03156 | 
2025-07-21 04:25:16,713 [INFO] [Iter 66] LR: 0.05000000
2025-07-21 04:25:16,714 [INFO] Saving best model at iteration 66
2025-07-21 04:25:17,310 [INFO] [67/300] loss 1082.63 | compact 14.3251 | spectral 17.3278 | recons_loss: 0.152116 | sparse_loss: 1.03153 | 
2025-07-21 04:25:17,311 [INFO] [Iter 67] LR: 0.05000000
2025-07-21 04:25:17,312 [INFO] Saving best model at iteration 67
2025-07-21 04:25:17,910 [INFO] [68/300] loss 1082.53 | compact 14.3282 | spectral 17.33 | recons_loss: 0.151953 | sparse_loss: 1.03151 | 
2025-07-21 04:25:17,910 [INFO] [Iter 68] LR: 0.05000000
2025-07-21 04:25:17,912 [INFO] Saving best model at iteration 68
2025-07-21 04:25:18,509 [INFO] [69/300] loss 1082.44 | compact 14.3317 | spectral 17.3258 | recons_loss: 0.151809 | sparse_loss: 1.03149 | 
2025-07-21 04:25:18,509 [INFO] [Iter 69] LR: 0.05000000
2025-07-21 04:25:18,510 [INFO] Saving best model at iteration 69
2025-07-21 04:25:19,107 [INFO] [70/300] loss 1082.35 | compact 14.3347 | spectral 17.3202 | recons_loss: 0.151681 | sparse_loss: 1.03148 | 
2025-07-21 04:25:19,108 [INFO] [Iter 70] LR: 0.05000000
2025-07-21 04:25:19,109 [INFO] Saving best model at iteration 70
2025-07-21 04:25:19,706 [INFO] [71/300] loss 1082.26 | compact 14.3364 | spectral 17.315 | recons_loss: 0.151562 | sparse_loss: 1.03146 | 
2025-07-21 04:25:19,706 [INFO] [Iter 71] LR: 0.05000000
2025-07-21 04:25:19,707 [INFO] Saving best model at iteration 71
2025-07-21 04:25:20,304 [INFO] [72/300] loss 1082.17 | compact 14.3381 | spectral 17.3094 | recons_loss: 0.151451 | sparse_loss: 1.03144 | 
2025-07-21 04:25:20,304 [INFO] [Iter 72] LR: 0.05000000
2025-07-21 04:25:20,306 [INFO] Saving best model at iteration 72
2025-07-21 04:25:20,903 [INFO] [73/300] loss 1082.09 | compact 14.34 | spectral 17.3047 | recons_loss: 0.151352 | sparse_loss: 1.03143 | 
2025-07-21 04:25:20,904 [INFO] [Iter 73] LR: 0.05000000
2025-07-21 04:25:20,906 [INFO] Saving best model at iteration 73
2025-07-21 04:25:21,505 [INFO] [74/300] loss 1082 | compact 14.341 | spectral 17.3012 | recons_loss: 0.151255 | sparse_loss: 1.03142 | 
2025-07-21 04:25:21,505 [INFO] [Iter 74] LR: 0.05000000
2025-07-21 04:25:21,506 [INFO] Saving best model at iteration 74
2025-07-21 04:25:22,108 [INFO] [75/300] loss 1081.93 | compact 14.3418 | spectral 17.2985 | recons_loss: 0.151164 | sparse_loss: 1.03141 | 
2025-07-21 04:25:22,108 [INFO] [Iter 75] LR: 0.05000000
2025-07-21 04:25:22,109 [INFO] Saving best model at iteration 75
2025-07-21 04:25:22,715 [INFO] [76/300] loss 1081.85 | compact 14.3427 | spectral 17.296 | recons_loss: 0.151072 | sparse_loss: 1.03141 | 
2025-07-21 04:25:22,716 [INFO] [Iter 76] LR: 0.05000000
2025-07-21 04:25:22,717 [INFO] Saving best model at iteration 76
2025-07-21 04:25:23,314 [INFO] [77/300] loss 1081.78 | compact 14.3428 | spectral 17.2944 | recons_loss: 0.150982 | sparse_loss: 1.0314 | 
2025-07-21 04:25:23,314 [INFO] [Iter 77] LR: 0.05000000
2025-07-21 04:25:23,315 [INFO] Saving best model at iteration 77
2025-07-21 04:25:23,912 [INFO] [78/300] loss 1081.71 | compact 14.3441 | spectral 17.2924 | recons_loss: 0.150897 | sparse_loss: 1.03138 | 
2025-07-21 04:25:23,913 [INFO] [Iter 78] LR: 0.05000000
2025-07-21 04:25:23,914 [INFO] Saving best model at iteration 78
2025-07-21 04:25:24,511 [INFO] [79/300] loss 1081.64 | compact 14.3453 | spectral 17.2903 | recons_loss: 0.150815 | sparse_loss: 1.03137 | 
2025-07-21 04:25:24,511 [INFO] [Iter 79] LR: 0.05000000
2025-07-21 04:25:24,512 [INFO] Saving best model at iteration 79
2025-07-21 04:25:25,109 [INFO] [80/300] loss 1081.58 | compact 14.346 | spectral 17.2888 | recons_loss: 0.150735 | sparse_loss: 1.03135 | 
2025-07-21 04:25:25,110 [INFO] [Iter 80] LR: 0.05000000
2025-07-21 04:25:25,111 [INFO] Saving best model at iteration 80
2025-07-21 04:25:25,708 [INFO] [81/300] loss 1081.51 | compact 14.3466 | spectral 17.2894 | recons_loss: 0.150658 | sparse_loss: 1.03134 | 
2025-07-21 04:25:25,708 [INFO] [Iter 81] LR: 0.05000000
2025-07-21 04:25:25,709 [INFO] Saving best model at iteration 81
2025-07-21 04:25:26,306 [INFO] [82/300] loss 1081.45 | compact 14.3483 | spectral 17.2886 | recons_loss: 0.150578 | sparse_loss: 1.03133 | 
2025-07-21 04:25:26,306 [INFO] [Iter 82] LR: 0.05000000
2025-07-21 04:25:26,307 [INFO] Saving best model at iteration 82
2025-07-21 04:25:26,911 [INFO] [83/300] loss 1081.38 | compact 14.3503 | spectral 17.2869 | recons_loss: 0.150499 | sparse_loss: 1.03132 | 
2025-07-21 04:25:26,911 [INFO] [Iter 83] LR: 0.05000000
2025-07-21 04:25:26,912 [INFO] Saving best model at iteration 83
2025-07-21 04:25:27,510 [INFO] [84/300] loss 1081.32 | compact 14.3519 | spectral 17.286 | recons_loss: 0.150421 | sparse_loss: 1.0313 | 
2025-07-21 04:25:27,510 [INFO] [Iter 84] LR: 0.05000000
2025-07-21 04:25:27,511 [INFO] Saving best model at iteration 84
2025-07-21 04:25:28,108 [INFO] [85/300] loss 1081.26 | compact 14.3533 | spectral 17.286 | recons_loss: 0.150343 | sparse_loss: 1.03128 | 
2025-07-21 04:25:28,109 [INFO] [Iter 85] LR: 0.05000000
2025-07-21 04:25:28,110 [INFO] Saving best model at iteration 85
2025-07-21 04:25:28,707 [INFO] [86/300] loss 1081.2 | compact 14.3551 | spectral 17.2856 | recons_loss: 0.150265 | sparse_loss: 1.03126 | 
2025-07-21 04:25:28,707 [INFO] [Iter 86] LR: 0.05000000
2025-07-21 04:25:28,708 [INFO] Saving best model at iteration 86
2025-07-21 04:25:29,306 [INFO] [87/300] loss 1081.14 | compact 14.357 | spectral 17.2852 | recons_loss: 0.150189 | sparse_loss: 1.03124 | 
2025-07-21 04:25:29,306 [INFO] [Iter 87] LR: 0.05000000
2025-07-21 04:25:29,307 [INFO] Saving best model at iteration 87
2025-07-21 04:25:29,906 [INFO] [88/300] loss 1081.09 | compact 14.3592 | spectral 17.2842 | recons_loss: 0.150112 | sparse_loss: 1.03122 | 
2025-07-21 04:25:29,906 [INFO] [Iter 88] LR: 0.05000000
2025-07-21 04:25:29,907 [INFO] Saving best model at iteration 88
2025-07-21 04:25:30,506 [INFO] [89/300] loss 1081.03 | compact 14.3618 | spectral 17.2827 | recons_loss: 0.150038 | sparse_loss: 1.03121 | 
2025-07-21 04:25:30,506 [INFO] [Iter 89] LR: 0.05000000
2025-07-21 04:25:30,508 [INFO] Saving best model at iteration 89
2025-07-21 04:25:31,126 [INFO] [90/300] loss 1080.97 | compact 14.3641 | spectral 17.281 | recons_loss: 0.149962 | sparse_loss: 1.03119 | 
2025-07-21 04:25:31,126 [INFO] [Iter 90] LR: 0.05000000
2025-07-21 04:25:31,127 [INFO] Saving best model at iteration 90
2025-07-21 04:25:31,725 [INFO] [91/300] loss 1080.91 | compact 14.3662 | spectral 17.2793 | recons_loss: 0.149884 | sparse_loss: 1.03118 | 
2025-07-21 04:25:31,726 [INFO] [Iter 91] LR: 0.05000000
2025-07-21 04:25:31,728 [INFO] Saving best model at iteration 91
2025-07-21 04:25:32,338 [INFO] [92/300] loss 1080.85 | compact 14.3683 | spectral 17.2779 | recons_loss: 0.14981 | sparse_loss: 1.03117 | 
2025-07-21 04:25:32,339 [INFO] [Iter 92] LR: 0.05000000
2025-07-21 04:25:32,340 [INFO] Saving best model at iteration 92
2025-07-21 04:25:32,937 [INFO] [93/300] loss 1080.8 | compact 14.3693 | spectral 17.2782 | recons_loss: 0.149737 | sparse_loss: 1.03115 | 
2025-07-21 04:25:32,937 [INFO] [Iter 93] LR: 0.05000000
2025-07-21 04:25:32,938 [INFO] Saving best model at iteration 93
2025-07-21 04:25:33,535 [INFO] [94/300] loss 1080.74 | compact 14.3709 | spectral 17.2777 | recons_loss: 0.149663 | sparse_loss: 1.03113 | 
2025-07-21 04:25:33,535 [INFO] [Iter 94] LR: 0.05000000
2025-07-21 04:25:33,536 [INFO] Saving best model at iteration 94
2025-07-21 04:25:34,134 [INFO] [95/300] loss 1080.69 | compact 14.3724 | spectral 17.2768 | recons_loss: 0.149591 | sparse_loss: 1.03112 | 
2025-07-21 04:25:34,134 [INFO] [Iter 95] LR: 0.05000000
2025-07-21 04:25:34,135 [INFO] Saving best model at iteration 95
2025-07-21 04:25:34,733 [INFO] [96/300] loss 1080.64 | compact 14.3742 | spectral 17.2753 | recons_loss: 0.149518 | sparse_loss: 1.03111 | 
2025-07-21 04:25:34,733 [INFO] [Iter 96] LR: 0.05000000
2025-07-21 04:25:34,735 [INFO] Saving best model at iteration 96
2025-07-21 04:25:35,333 [INFO] [97/300] loss 1080.59 | compact 14.3757 | spectral 17.274 | recons_loss: 0.149446 | sparse_loss: 1.03109 | 
2025-07-21 04:25:35,333 [INFO] [Iter 97] LR: 0.05000000
2025-07-21 04:25:35,334 [INFO] Saving best model at iteration 97
2025-07-21 04:25:35,933 [INFO] [98/300] loss 1080.54 | compact 14.3771 | spectral 17.2729 | recons_loss: 0.149376 | sparse_loss: 1.03107 | 
2025-07-21 04:25:35,933 [INFO] [Iter 98] LR: 0.05000000
2025-07-21 04:25:35,934 [INFO] Saving best model at iteration 98
2025-07-21 04:25:36,551 [INFO] [99/300] loss 1080.48 | compact 14.3785 | spectral 17.2719 | recons_loss: 0.149303 | sparse_loss: 1.03106 | 
2025-07-21 04:25:36,551 [INFO] [Iter 99] LR: 0.05000000
2025-07-21 04:25:36,552 [INFO] Saving best model at iteration 99
2025-07-21 04:25:36,748 [INFO] H: 600, W: 166
2025-07-21 04:25:36,853 [INFO] [0 1 2 3 4 5]
2025-07-21 04:25:37,151 [INFO] y_target: [1 2 3 4 5 6]
2025-07-21 04:25:37,151 [INFO] y_predict: [0 1 2 3 4 5]
2025-07-21 04:25:37,240 [INFO] Epoch = 100 OA = 0.8918 Kappa = 0.8556 NMI = 0.8225
2025-07-21 04:25:37,716 [INFO] [100/300] loss 1080.43 | compact 14.38 | spectral 17.2708 | recons_loss: 0.149229 | sparse_loss: 1.03104 | 
2025-07-21 04:25:37,716 [INFO] [Iter 100] LR: 0.05000000
2025-07-21 04:25:37,718 [INFO] Saving best model at iteration 100
2025-07-21 04:25:38,328 [INFO] [101/300] loss 1080.38 | compact 14.3813 | spectral 17.2697 | recons_loss: 0.149154 | sparse_loss: 1.03103 | 
2025-07-21 04:25:38,328 [INFO] [Iter 101] LR: 0.05000000
2025-07-21 04:25:38,329 [INFO] Saving best model at iteration 101
2025-07-21 04:25:38,927 [INFO] [102/300] loss 1080.34 | compact 14.3827 | spectral 17.269 | recons_loss: 0.14908 | sparse_loss: 1.03101 | 
2025-07-21 04:25:38,928 [INFO] [Iter 102] LR: 0.05000000
2025-07-21 04:25:38,929 [INFO] Saving best model at iteration 102
2025-07-21 04:25:39,528 [INFO] [103/300] loss 1080.29 | compact 14.3836 | spectral 17.2684 | recons_loss: 0.149003 | sparse_loss: 1.031 | 
2025-07-21 04:25:39,528 [INFO] [Iter 103] LR: 0.05000000
2025-07-21 04:25:39,530 [INFO] Saving best model at iteration 103
2025-07-21 04:25:40,128 [INFO] [104/300] loss 1080.24 | compact 14.3845 | spectral 17.2675 | recons_loss: 0.148932 | sparse_loss: 1.03098 | 
2025-07-21 04:25:40,128 [INFO] [Iter 104] LR: 0.05000000
2025-07-21 04:25:40,129 [INFO] Saving best model at iteration 104
2025-07-21 04:25:40,727 [INFO] [105/300] loss 1080.19 | compact 14.3852 | spectral 17.2663 | recons_loss: 0.14886 | sparse_loss: 1.03097 | 
2025-07-21 04:25:40,727 [INFO] [Iter 105] LR: 0.05000000
2025-07-21 04:25:40,728 [INFO] Saving best model at iteration 105
2025-07-21 04:25:41,326 [INFO] [106/300] loss 1080.14 | compact 14.386 | spectral 17.2654 | recons_loss: 0.148788 | sparse_loss: 1.03095 | 
2025-07-21 04:25:41,327 [INFO] [Iter 106] LR: 0.05000000
2025-07-21 04:25:41,329 [INFO] Saving best model at iteration 106
2025-07-21 04:25:41,935 [INFO] [107/300] loss 1080.1 | compact 14.3866 | spectral 17.2647 | recons_loss: 0.148719 | sparse_loss: 1.03094 | 
2025-07-21 04:25:41,935 [INFO] [Iter 107] LR: 0.05000000
2025-07-21 04:25:41,936 [INFO] Saving best model at iteration 107
2025-07-21 04:25:42,533 [INFO] [108/300] loss 1080.05 | compact 14.3872 | spectral 17.2639 | recons_loss: 0.148651 | sparse_loss: 1.03092 | 
2025-07-21 04:25:42,534 [INFO] [Iter 108] LR: 0.05000000
2025-07-21 04:25:42,535 [INFO] Saving best model at iteration 108
2025-07-21 04:25:43,132 [INFO] [109/300] loss 1080.01 | compact 14.3879 | spectral 17.2624 | recons_loss: 0.148585 | sparse_loss: 1.03091 | 
2025-07-21 04:25:43,132 [INFO] [Iter 109] LR: 0.05000000
2025-07-21 04:25:43,134 [INFO] Saving best model at iteration 109
2025-07-21 04:25:43,740 [INFO] [110/300] loss 1079.96 | compact 14.3886 | spectral 17.261 | recons_loss: 0.148519 | sparse_loss: 1.03089 | 
2025-07-21 04:25:43,740 [INFO] [Iter 110] LR: 0.05000000
2025-07-21 04:25:43,743 [INFO] Saving best model at iteration 110
2025-07-21 04:25:44,341 [INFO] [111/300] loss 1079.92 | compact 14.3903 | spectral 17.2604 | recons_loss: 0.148455 | sparse_loss: 1.03088 | 
2025-07-21 04:25:44,341 [INFO] [Iter 111] LR: 0.05000000
2025-07-21 04:25:44,342 [INFO] Saving best model at iteration 111
2025-07-21 04:25:44,943 [INFO] [112/300] loss 1079.88 | compact 14.3918 | spectral 17.2598 | recons_loss: 0.14839 | sparse_loss: 1.03087 | 
2025-07-21 04:25:44,944 [INFO] [Iter 112] LR: 0.02500000
2025-07-21 04:25:44,945 [INFO] Saving best model at iteration 112
2025-07-21 04:25:45,542 [INFO] [113/300] loss 1079.85 | compact 14.393 | spectral 17.2604 | recons_loss: 0.148334 | sparse_loss: 1.03087 | 
2025-07-21 04:25:45,543 [INFO] [Iter 113] LR: 0.02500000
2025-07-21 04:25:45,544 [INFO] Saving best model at iteration 113
2025-07-21 04:25:46,141 [INFO] [114/300] loss 1079.81 | compact 14.3942 | spectral 17.2609 | recons_loss: 0.14828 | sparse_loss: 1.03086 | 
2025-07-21 04:25:46,141 [INFO] [Iter 114] LR: 0.02500000
2025-07-21 04:25:46,142 [INFO] Saving best model at iteration 114
2025-07-21 04:25:46,739 [INFO] [115/300] loss 1079.78 | compact 14.3953 | spectral 17.2618 | recons_loss: 0.148227 | sparse_loss: 1.03085 | 
2025-07-21 04:25:46,740 [INFO] [Iter 115] LR: 0.02500000
2025-07-21 04:25:46,741 [INFO] Saving best model at iteration 115
2025-07-21 04:25:47,337 [INFO] [116/300] loss 1079.75 | compact 14.3964 | spectral 17.2625 | recons_loss: 0.148177 | sparse_loss: 1.03085 | 
2025-07-21 04:25:47,337 [INFO] [Iter 116] LR: 0.02500000
2025-07-21 04:25:47,338 [INFO] Saving best model at iteration 116
2025-07-21 04:25:47,935 [INFO] [117/300] loss 1079.72 | compact 14.3978 | spectral 17.2632 | recons_loss: 0.148128 | sparse_loss: 1.03084 | 
2025-07-21 04:25:47,935 [INFO] [Iter 117] LR: 0.02500000
2025-07-21 04:25:47,936 [INFO] Saving best model at iteration 117
2025-07-21 04:25:48,534 [INFO] [118/300] loss 1079.69 | compact 14.3993 | spectral 17.2639 | recons_loss: 0.148083 | sparse_loss: 1.03083 | 
2025-07-21 04:25:48,534 [INFO] [Iter 118] LR: 0.01250000
2025-07-21 04:25:48,535 [INFO] Saving best model at iteration 118
2025-07-21 04:25:49,132 [INFO] [119/300] loss 1079.66 | compact 14.4005 | spectral 17.2645 | recons_loss: 0.148037 | sparse_loss: 1.03082 | 
2025-07-21 04:25:49,132 [INFO] [Iter 119] LR: 0.01250000
2025-07-21 04:25:49,133 [INFO] Saving best model at iteration 119
2025-07-21 04:25:49,737 [INFO] [120/300] loss 1079.63 | compact 14.4015 | spectral 17.2652 | recons_loss: 0.147995 | sparse_loss: 1.03081 | 
2025-07-21 04:25:49,738 [INFO] [Iter 120] LR: 0.01250000
2025-07-21 04:25:49,739 [INFO] Saving best model at iteration 120
2025-07-21 04:25:50,336 [INFO] [121/300] loss 1079.6 | compact 14.4025 | spectral 17.265 | recons_loss: 0.147952 | sparse_loss: 1.0308 | 
2025-07-21 04:25:50,336 [INFO] [Iter 121] LR: 0.01250000
2025-07-21 04:25:50,337 [INFO] Saving best model at iteration 121
2025-07-21 04:25:50,935 [INFO] [122/300] loss 1079.58 | compact 14.4035 | spectral 17.2648 | recons_loss: 0.147911 | sparse_loss: 1.03079 | 
2025-07-21 04:25:50,935 [INFO] [Iter 122] LR: 0.01250000
2025-07-21 04:25:50,936 [INFO] Saving best model at iteration 122
2025-07-21 04:25:51,533 [INFO] [123/300] loss 1079.55 | compact 14.4043 | spectral 17.2648 | recons_loss: 0.147873 | sparse_loss: 1.03078 | 
2025-07-21 04:25:51,533 [INFO] [Iter 123] LR: 0.00625000
2025-07-21 04:25:51,535 [INFO] Saving best model at iteration 123
2025-07-21 04:25:52,132 [INFO] [124/300] loss 1079.53 | compact 14.4052 | spectral 17.2648 | recons_loss: 0.147838 | sparse_loss: 1.03076 | 
2025-07-21 04:25:52,132 [INFO] [Iter 124] LR: 0.00625000
2025-07-21 04:25:52,133 [INFO] Saving best model at iteration 124
2025-07-21 04:25:52,744 [INFO] [125/300] loss 1079.5 | compact 14.4059 | spectral 17.2648 | recons_loss: 0.147806 | sparse_loss: 1.03075 | 
2025-07-21 04:25:52,745 [INFO] [Iter 125] LR: 0.00625000
2025-07-21 04:25:52,747 [INFO] Saving best model at iteration 125
2025-07-21 04:25:53,344 [INFO] [126/300] loss 1079.48 | compact 14.4065 | spectral 17.2641 | recons_loss: 0.147776 | sparse_loss: 1.03075 | 
2025-07-21 04:25:53,345 [INFO] [Iter 126] LR: 0.00312500
2025-07-21 04:25:53,346 [INFO] Saving best model at iteration 126
2025-07-21 04:25:53,943 [INFO] [127/300] loss 1079.46 | compact 14.4069 | spectral 17.2634 | recons_loss: 0.147749 | sparse_loss: 1.03074 | 
2025-07-21 04:25:53,944 [INFO] [Iter 127] LR: 0.00312500
2025-07-21 04:25:53,945 [INFO] Saving best model at iteration 127
2025-07-21 04:25:54,542 [INFO] [128/300] loss 1079.44 | compact 14.4074 | spectral 17.2628 | recons_loss: 0.147724 | sparse_loss: 1.03073 | 
2025-07-21 04:25:54,542 [INFO] [Iter 128] LR: 0.00312500
2025-07-21 04:25:54,543 [INFO] Saving best model at iteration 128
2025-07-21 04:25:55,142 [INFO] [129/300] loss 1079.43 | compact 14.4078 | spectral 17.2623 | recons_loss: 0.147701 | sparse_loss: 1.03072 | 
2025-07-21 04:25:55,142 [INFO] [Iter 129] LR: 0.00156250
2025-07-21 04:25:55,144 [INFO] Saving best model at iteration 129
2025-07-21 04:25:55,741 [INFO] [130/300] loss 1079.41 | compact 14.4081 | spectral 17.2618 | recons_loss: 0.147681 | sparse_loss: 1.03072 | 
2025-07-21 04:25:55,742 [INFO] [Iter 130] LR: 0.00156250
2025-07-21 04:25:55,743 [INFO] Saving best model at iteration 130
2025-07-21 04:25:56,340 [INFO] [131/300] loss 1079.4 | compact 14.4084 | spectral 17.2613 | recons_loss: 0.147662 | sparse_loss: 1.03071 | 
2025-07-21 04:25:56,340 [INFO] [Iter 131] LR: 0.00156250
2025-07-21 04:25:56,341 [INFO] Saving best model at iteration 131
2025-07-21 04:25:56,938 [INFO] [132/300] loss 1079.38 | compact 14.4086 | spectral 17.2609 | recons_loss: 0.147645 | sparse_loss: 1.03071 | 
2025-07-21 04:25:56,939 [INFO] [Iter 132] LR: 0.00156250
2025-07-21 04:25:56,940 [INFO] Saving best model at iteration 132
2025-07-21 04:25:57,537 [INFO] [133/300] loss 1079.37 | compact 14.4088 | spectral 17.2606 | recons_loss: 0.147629 | sparse_loss: 1.0307 | 
2025-07-21 04:25:57,537 [INFO] [Iter 133] LR: 0.00156250
2025-07-21 04:25:57,538 [INFO] Saving best model at iteration 133
2025-07-21 04:25:58,136 [INFO] [134/300] loss 1079.36 | compact 14.409 | spectral 17.2603 | recons_loss: 0.147615 | sparse_loss: 1.0307 | 
2025-07-21 04:25:58,136 [INFO] [Iter 134] LR: 0.00156250
2025-07-21 04:25:58,137 [INFO] Saving best model at iteration 134
2025-07-21 04:25:58,748 [INFO] [135/300] loss 1079.35 | compact 14.4092 | spectral 17.26 | recons_loss: 0.147602 | sparse_loss: 1.03069 | 
2025-07-21 04:25:58,748 [INFO] [Iter 135] LR: 0.00078125
2025-07-21 04:25:58,750 [INFO] Saving best model at iteration 135
2025-07-21 04:25:59,359 [INFO] [136/300] loss 1079.34 | compact 14.4093 | spectral 17.2598 | recons_loss: 0.14759 | sparse_loss: 1.03069 | 
2025-07-21 04:25:59,359 [INFO] [Iter 136] LR: 0.00078125
2025-07-21 04:25:59,360 [INFO] Saving best model at iteration 136
2025-07-21 04:25:59,960 [INFO] [137/300] loss 1079.33 | compact 14.4094 | spectral 17.2596 | recons_loss: 0.147579 | sparse_loss: 1.03069 | 
2025-07-21 04:25:59,960 [INFO] [Iter 137] LR: 0.00078125
2025-07-21 04:25:59,961 [INFO] Saving best model at iteration 137
2025-07-21 04:26:00,562 [INFO] [138/300] loss 1079.32 | compact 14.4095 | spectral 17.2594 | recons_loss: 0.14757 | sparse_loss: 1.03068 | 
2025-07-21 04:26:00,563 [INFO] [Iter 138] LR: 0.00039063
2025-07-21 04:26:00,564 [INFO] Saving best model at iteration 138
2025-07-21 04:26:01,170 [INFO] [139/300] loss 1079.31 | compact 14.4096 | spectral 17.2592 | recons_loss: 0.147561 | sparse_loss: 1.03068 | 
2025-07-21 04:26:01,171 [INFO] [Iter 139] LR: 0.00039063
2025-07-21 04:26:01,172 [INFO] Saving best model at iteration 139
2025-07-21 04:26:01,768 [INFO] [140/300] loss 1079.31 | compact 14.4097 | spectral 17.2591 | recons_loss: 0.147552 | sparse_loss: 1.03068 | 
2025-07-21 04:26:01,768 [INFO] [Iter 140] LR: 0.00039063
2025-07-21 04:26:01,769 [INFO] Saving best model at iteration 140
2025-07-21 04:26:02,367 [INFO] [141/300] loss 1079.3 | compact 14.4097 | spectral 17.259 | recons_loss: 0.147545 | sparse_loss: 1.03067 | 
2025-07-21 04:26:02,367 [INFO] [Iter 141] LR: 0.00019531
2025-07-21 04:26:02,368 [INFO] Saving best model at iteration 141
2025-07-21 04:26:02,965 [INFO] [142/300] loss 1079.29 | compact 14.4098 | spectral 17.2589 | recons_loss: 0.147538 | sparse_loss: 1.03067 | 
2025-07-21 04:26:02,966 [INFO] [Iter 142] LR: 0.00019531
2025-07-21 04:26:02,967 [INFO] Saving best model at iteration 142
2025-07-21 04:26:03,564 [INFO] [143/300] loss 1079.29 | compact 14.4098 | spectral 17.2588 | recons_loss: 0.147532 | sparse_loss: 1.03067 | 
2025-07-21 04:26:03,564 [INFO] [Iter 143] LR: 0.00019531
2025-07-21 04:26:03,565 [INFO] Saving best model at iteration 143
2025-07-21 04:26:04,163 [INFO] [144/300] loss 1079.28 | compact 14.4099 | spectral 17.2587 | recons_loss: 0.147527 | sparse_loss: 1.03067 | 
2025-07-21 04:26:04,163 [INFO] [Iter 144] LR: 0.00009766
2025-07-21 04:26:04,164 [INFO] Saving best model at iteration 144
2025-07-21 04:26:04,761 [INFO] [145/300] loss 1079.28 | compact 14.4099 | spectral 17.2586 | recons_loss: 0.147522 | sparse_loss: 1.03067 | 
2025-07-21 04:26:04,762 [INFO] [Iter 145] LR: 0.00009766
2025-07-21 04:26:04,763 [INFO] Saving best model at iteration 145
2025-07-21 04:26:05,360 [INFO] [146/300] loss 1079.28 | compact 14.41 | spectral 17.2586 | recons_loss: 0.147518 | sparse_loss: 1.03066 | 
2025-07-21 04:26:05,361 [INFO] [Iter 146] LR: 0.00009766
2025-07-21 04:26:05,363 [INFO] Saving best model at iteration 146
2025-07-21 04:26:05,965 [INFO] [147/300] loss 1079.27 | compact 14.41 | spectral 17.2585 | recons_loss: 0.147514 | sparse_loss: 1.03066 | 
2025-07-21 04:26:05,965 [INFO] [Iter 147] LR: 0.00004883
2025-07-21 04:26:05,966 [INFO] Saving best model at iteration 147
2025-07-21 04:26:06,564 [INFO] [148/300] loss 1079.27 | compact 14.4101 | spectral 17.2584 | recons_loss: 0.14751 | sparse_loss: 1.03066 | 
2025-07-21 04:26:06,564 [INFO] [Iter 148] LR: 0.00004883
2025-07-21 04:26:06,565 [INFO] Saving best model at iteration 148
2025-07-21 04:26:07,162 [INFO] [149/300] loss 1079.27 | compact 14.4101 | spectral 17.2584 | recons_loss: 0.147507 | sparse_loss: 1.03066 | 
2025-07-21 04:26:07,163 [INFO] [Iter 149] LR: 0.00004883
2025-07-21 04:26:07,164 [INFO] Saving best model at iteration 149
2025-07-21 04:26:07,344 [INFO] H: 600, W: 166
2025-07-21 04:26:07,457 [INFO] [0 1 2 3 4 5]
2025-07-21 04:26:07,554 [INFO] y_target: [1 2 3 4 5 6]
2025-07-21 04:26:07,555 [INFO] y_predict: [0 1 2 3 4 5]
2025-07-21 04:26:07,643 [INFO] Epoch = 150 OA = 0.8900 Kappa = 0.8531 NMI = 0.8215
2025-07-21 04:26:08,119 [INFO] [150/300] loss 1079.26 | compact 14.4102 | spectral 17.2583 | recons_loss: 0.147504 | sparse_loss: 1.03066 | 
2025-07-21 04:26:08,119 [INFO] [Iter 150] LR: 0.00002441
2025-07-21 04:26:08,120 [INFO] Saving best model at iteration 150
2025-07-21 04:26:08,718 [INFO] [151/300] loss 1079.26 | compact 14.4102 | spectral 17.2583 | recons_loss: 0.147501 | sparse_loss: 1.03066 | 
2025-07-21 04:26:08,718 [INFO] [Iter 151] LR: 0.00002441
2025-07-21 04:26:08,719 [INFO] Saving best model at iteration 151
2025-07-21 04:26:09,317 [INFO] [152/300] loss 1079.26 | compact 14.4102 | spectral 17.2583 | recons_loss: 0.147499 | sparse_loss: 1.03066 | 
2025-07-21 04:26:09,317 [INFO] [Iter 152] LR: 0.00002441
2025-07-21 04:26:09,318 [INFO] Saving best model at iteration 152
2025-07-21 04:26:09,915 [INFO] [153/300] loss 1079.26 | compact 14.4103 | spectral 17.2582 | recons_loss: 0.147497 | sparse_loss: 1.03066 | 
2025-07-21 04:26:09,916 [INFO] [Iter 153] LR: 0.00001221
2025-07-21 04:26:09,917 [INFO] Saving best model at iteration 153
2025-07-21 04:26:10,514 [INFO] [154/300] loss 1079.26 | compact 14.4103 | spectral 17.2582 | recons_loss: 0.147495 | sparse_loss: 1.03066 | 
2025-07-21 04:26:10,515 [INFO] [Iter 154] LR: 0.00001221
2025-07-21 04:26:10,516 [INFO] Saving best model at iteration 154
2025-07-21 04:26:11,117 [INFO] [155/300] loss 1079.25 | compact 14.4103 | spectral 17.2582 | recons_loss: 0.147493 | sparse_loss: 1.03065 | 
2025-07-21 04:26:11,118 [INFO] [Iter 155] LR: 0.00001221
2025-07-21 04:26:11,119 [INFO] Saving best model at iteration 155
2025-07-21 04:26:11,719 [INFO] [156/300] loss 1079.25 | compact 14.4103 | spectral 17.2581 | recons_loss: 0.147491 | sparse_loss: 1.03065 | 
2025-07-21 04:26:11,719 [INFO] [Iter 156] LR: 0.00000610
2025-07-21 04:26:11,721 [INFO] Saving best model at iteration 156
2025-07-21 04:26:12,318 [INFO] [157/300] loss 1079.25 | compact 14.4103 | spectral 17.2581 | recons_loss: 0.14749 | sparse_loss: 1.03065 | 
2025-07-21 04:26:12,318 [INFO] [Iter 157] LR: 0.00000610
2025-07-21 04:26:12,319 [INFO] Saving best model at iteration 157
2025-07-21 04:26:12,916 [INFO] [158/300] loss 1079.25 | compact 14.4104 | spectral 17.2581 | recons_loss: 0.147489 | sparse_loss: 1.03065 | 
2025-07-21 04:26:12,916 [INFO] [Iter 158] LR: 0.00000610
2025-07-21 04:26:12,918 [INFO] Saving best model at iteration 158
2025-07-21 04:26:13,515 [INFO] [159/300] loss 1079.25 | compact 14.4104 | spectral 17.2581 | recons_loss: 0.147488 | sparse_loss: 1.03065 | 
2025-07-21 04:26:13,516 [INFO] [Iter 159] LR: 0.00000305
2025-07-21 04:26:13,518 [INFO] Saving best model at iteration 159
2025-07-21 04:26:14,117 [INFO] [160/300] loss 1079.25 | compact 14.4104 | spectral 17.2581 | recons_loss: 0.147487 | sparse_loss: 1.03065 | 
2025-07-21 04:26:14,117 [INFO] [Iter 160] LR: 0.00000305
2025-07-21 04:26:14,119 [INFO] Saving best model at iteration 160
2025-07-21 04:26:14,738 [INFO] [161/300] loss 1079.25 | compact 14.4104 | spectral 17.258 | recons_loss: 0.147486 | sparse_loss: 1.03065 | 
2025-07-21 04:26:14,738 [INFO] [Iter 161] LR: 0.00000305
2025-07-21 04:26:14,739 [INFO] Saving best model at iteration 161
2025-07-21 04:26:15,336 [INFO] [162/300] loss 1079.25 | compact 14.4104 | spectral 17.258 | recons_loss: 0.147485 | sparse_loss: 1.03065 | 
2025-07-21 04:26:15,337 [INFO] [Iter 162] LR: 0.00000153
2025-07-21 04:26:15,338 [INFO] Saving best model at iteration 162
2025-07-21 04:26:15,935 [INFO] [163/300] loss 1079.25 | compact 14.4104 | spectral 17.258 | recons_loss: 0.147484 | sparse_loss: 1.03065 | 
2025-07-21 04:26:15,935 [INFO] [Iter 163] LR: 0.00000153
2025-07-21 04:26:15,937 [INFO] Saving best model at iteration 163
2025-07-21 04:26:16,535 [INFO] [164/300] loss 1079.25 | compact 14.4104 | spectral 17.258 | recons_loss: 0.147483 | sparse_loss: 1.03065 | 
2025-07-21 04:26:16,535 [INFO] [Iter 164] LR: 0.00000153
2025-07-21 04:26:16,536 [INFO] Saving best model at iteration 164
2025-07-21 04:26:17,133 [INFO] [165/300] loss 1079.24 | compact 14.4104 | spectral 17.258 | recons_loss: 0.147483 | sparse_loss: 1.03065 | 
2025-07-21 04:26:17,133 [INFO] [Iter 165] LR: 0.00000076
2025-07-21 04:26:17,134 [INFO] Saving best model at iteration 165
2025-07-21 04:26:17,732 [INFO] [166/300] loss 1079.24 | compact 14.4104 | spectral 17.258 | recons_loss: 0.147482 | sparse_loss: 1.03065 | 
2025-07-21 04:26:17,732 [INFO] [Iter 166] LR: 0.00000076
2025-07-21 04:26:17,733 [INFO] Saving best model at iteration 166
2025-07-21 04:26:18,331 [INFO] [167/300] loss 1079.24 | compact 14.4104 | spectral 17.258 | recons_loss: 0.147482 | sparse_loss: 1.03065 | 
2025-07-21 04:26:18,331 [INFO] [Iter 167] LR: 0.00000076
2025-07-21 04:26:18,332 [INFO] Saving best model at iteration 167
2025-07-21 04:26:18,932 [INFO] [168/300] loss 1079.24 | compact 14.4105 | spectral 17.258 | recons_loss: 0.147481 | sparse_loss: 1.03065 | 
2025-07-21 04:26:18,933 [INFO] [Iter 168] LR: 0.00000038
2025-07-21 04:26:18,934 [INFO] Saving best model at iteration 168
2025-07-21 04:26:19,539 [INFO] [169/300] loss 1079.24 | compact 14.4105 | spectral 17.258 | recons_loss: 0.147481 | sparse_loss: 1.03065 | 
2025-07-21 04:26:19,539 [INFO] [Iter 169] LR: 0.00000038
2025-07-21 04:26:19,540 [INFO] Saving best model at iteration 169
2025-07-21 04:26:20,146 [INFO] [170/300] loss 1079.24 | compact 14.4105 | spectral 17.258 | recons_loss: 0.14748 | sparse_loss: 1.03065 | 
2025-07-21 04:26:20,147 [INFO] [Iter 170] LR: 0.00000038
2025-07-21 04:26:20,148 [INFO] Saving best model at iteration 170
2025-07-21 04:26:20,745 [INFO] [171/300] loss 1079.24 | compact 14.4105 | spectral 17.258 | recons_loss: 0.14748 | sparse_loss: 1.03065 | 
2025-07-21 04:26:20,745 [INFO] [Iter 171] LR: 0.00000019
2025-07-21 04:26:20,746 [INFO] Saving best model at iteration 171
2025-07-21 04:26:21,343 [INFO] [172/300] loss 1079.24 | compact 14.4105 | spectral 17.258 | recons_loss: 0.14748 | sparse_loss: 1.03065 | 
2025-07-21 04:26:21,344 [INFO] [Iter 172] LR: 0.00000019
2025-07-21 04:26:21,345 [INFO] Saving best model at iteration 172
2025-07-21 04:26:21,941 [INFO] [173/300] loss 1079.24 | compact 14.4105 | spectral 17.258 | recons_loss: 0.14748 | sparse_loss: 1.03065 | 
2025-07-21 04:26:21,942 [INFO] [Iter 173] LR: 0.00000019
2025-07-21 04:26:21,943 [INFO] Saving best model at iteration 173
2025-07-21 04:26:22,552 [INFO] [174/300] loss 1079.24 | compact 14.4105 | spectral 17.258 | recons_loss: 0.147479 | sparse_loss: 1.03065 | 
2025-07-21 04:26:22,552 [INFO] [Iter 174] LR: 0.00000010
2025-07-21 04:26:22,554 [INFO] Saving best model at iteration 174
2025-07-21 04:26:23,151 [INFO] [175/300] loss 1079.24 | compact 14.4105 | spectral 17.258 | recons_loss: 0.147479 | sparse_loss: 1.03065 | 
2025-07-21 04:26:23,152 [INFO] [Iter 175] LR: 0.00000010
2025-07-21 04:26:23,153 [INFO] Saving best model at iteration 175
2025-07-21 04:26:23,751 [INFO] [176/300] loss 1079.24 | compact 14.4105 | spectral 17.2579 | recons_loss: 0.147479 | sparse_loss: 1.03065 | 
2025-07-21 04:26:23,751 [INFO] [Iter 176] LR: 0.00000010
2025-07-21 04:26:23,753 [INFO] Saving best model at iteration 176
2025-07-21 04:26:24,353 [INFO] [177/300] loss 1079.24 | compact 14.4105 | spectral 17.2579 | recons_loss: 0.147479 | sparse_loss: 1.03065 | 
2025-07-21 04:26:24,354 [INFO] [Iter 177] LR: 0.00000005
2025-07-21 04:26:24,355 [INFO] Saving best model at iteration 177
2025-07-21 04:26:24,951 [INFO] [178/300] loss 1079.24 | compact 14.4105 | spectral 17.2579 | recons_loss: 0.147479 | sparse_loss: 1.03065 | 
2025-07-21 04:26:24,951 [INFO] [Iter 178] LR: 0.00000005
2025-07-21 04:26:24,952 [INFO] Saving best model at iteration 178
2025-07-21 04:26:25,550 [INFO] [179/300] loss 1079.24 | compact 14.4105 | spectral 17.2579 | recons_loss: 0.147478 | sparse_loss: 1.03065 | 
2025-07-21 04:26:25,550 [INFO] [Iter 179] LR: 0.00000005
2025-07-21 04:26:25,551 [INFO] Saving best model at iteration 179
2025-07-21 04:26:26,153 [INFO] [180/300] loss 1079.24 | compact 14.4105 | spectral 17.2579 | recons_loss: 0.147478 | sparse_loss: 1.03065 | 
2025-07-21 04:26:26,153 [INFO] [Iter 180] LR: 0.00000002
2025-07-21 04:26:26,154 [INFO] Saving best model at iteration 180
2025-07-21 04:26:26,757 [INFO] [181/300] loss 1079.24 | compact 14.4105 | spectral 17.2579 | recons_loss: 0.147478 | sparse_loss: 1.03065 | 
2025-07-21 04:26:26,757 [INFO] [Iter 181] LR: 0.00000002
2025-07-21 04:26:26,759 [INFO] Saving best model at iteration 181
2025-07-21 04:26:27,356 [INFO] [182/300] loss 1079.24 | compact 14.4105 | spectral 17.2579 | recons_loss: 0.147478 | sparse_loss: 1.03065 | 
2025-07-21 04:26:27,357 [INFO] [Iter 182] LR: 0.00000002
2025-07-21 04:26:27,359 [INFO] No improvement: current loss 1079.240307, best loss 1079.240397
2025-07-21 04:26:27,958 [INFO] [183/300] loss 1079.24 | compact 14.4105 | spectral 17.2579 | recons_loss: 0.147478 | sparse_loss: 1.03065 | 
2025-07-21 04:26:27,958 [INFO] [Iter 183] LR: 0.00000001
2025-07-21 04:26:27,959 [INFO] Saving best model at iteration 183
2025-07-21 04:26:28,557 [INFO] [184/300] loss 1079.24 | compact 14.4105 | spectral 17.2579 | recons_loss: 0.147478 | sparse_loss: 1.03065 | 
2025-07-21 04:26:28,558 [INFO] [Iter 184] LR: 0.00000001
2025-07-21 04:26:28,559 [INFO] No improvement: current loss 1079.240154, best loss 1079.240227
2025-07-21 04:26:29,156 [INFO] [185/300] loss 1079.24 | compact 14.4105 | spectral 17.2579 | recons_loss: 0.147478 | sparse_loss: 1.03065 | 
2025-07-21 04:26:29,157 [INFO] [Iter 185] LR: 0.00000001
2025-07-21 04:26:29,158 [INFO] Saving best model at iteration 185
2025-07-21 04:26:29,756 [INFO] [186/300] loss 1079.24 | compact 14.4105 | spectral 17.2579 | recons_loss: 0.147478 | sparse_loss: 1.03065 | 
2025-07-21 04:26:29,756 [INFO] [Iter 186] LR: 0.00000001
2025-07-21 04:26:29,757 [INFO] No improvement: current loss 1079.240018, best loss 1079.240089
2025-07-21 04:26:30,354 [INFO] [187/300] loss 1079.24 | compact 14.4105 | spectral 17.2579 | recons_loss: 0.147478 | sparse_loss: 1.03065 | 
2025-07-21 04:26:30,354 [INFO] [Iter 187] LR: 0.00000001
2025-07-21 04:26:30,355 [INFO] Saving best model at iteration 187
2025-07-21 04:26:30,953 [INFO] [188/300] loss 1079.24 | compact 14.4105 | spectral 17.2579 | recons_loss: 0.147478 | sparse_loss: 1.03065 | 
2025-07-21 04:26:30,954 [INFO] [Iter 188] LR: 0.00000001
2025-07-21 04:26:30,955 [INFO] No improvement: current loss 1079.239920, best loss 1079.239967
2025-07-21 04:26:31,552 [INFO] [189/300] loss 1079.24 | compact 14.4105 | spectral 17.2579 | recons_loss: 0.147478 | sparse_loss: 1.03065 | 
2025-07-21 04:26:31,552 [INFO] [Iter 189] LR: 0.00000001
2025-07-21 04:26:31,553 [INFO] Saving best model at iteration 189
2025-07-21 04:26:32,151 [INFO] [190/300] loss 1079.24 | compact 14.4105 | spectral 17.2579 | recons_loss: 0.147478 | sparse_loss: 1.03065 | 
2025-07-21 04:26:32,151 [INFO] [Iter 190] LR: 0.00000001
2025-07-21 04:26:32,152 [INFO] No improvement: current loss 1079.239830, best loss 1079.239866
2025-07-21 04:26:32,749 [INFO] [191/300] loss 1079.24 | compact 14.4105 | spectral 17.2579 | recons_loss: 0.147477 | sparse_loss: 1.03065 | 
2025-07-21 04:26:32,750 [INFO] [Iter 191] LR: 0.00000001
2025-07-21 04:26:32,751 [INFO] No improvement: current loss 1079.239785, best loss 1079.239866
2025-07-21 04:26:33,349 [INFO] [192/300] loss 1079.24 | compact 14.4105 | spectral 17.2579 | recons_loss: 0.147477 | sparse_loss: 1.03065 | 
2025-07-21 04:26:33,349 [INFO] [Iter 192] LR: 0.00000001
2025-07-21 04:26:33,351 [INFO] Saving best model at iteration 192
2025-07-21 04:26:33,967 [INFO] [193/300] loss 1079.24 | compact 14.4105 | spectral 17.2579 | recons_loss: 0.147477 | sparse_loss: 1.03065 | 
2025-07-21 04:26:33,967 [INFO] [Iter 193] LR: 0.00000001
2025-07-21 04:26:33,969 [INFO] No improvement: current loss 1079.239731, best loss 1079.239756
2025-07-21 04:26:34,566 [INFO] [194/300] loss 1079.24 | compact 14.4105 | spectral 17.2579 | recons_loss: 0.147477 | sparse_loss: 1.03065 | 
2025-07-21 04:26:34,566 [INFO] [Iter 194] LR: 0.00000001
2025-07-21 04:26:34,567 [INFO] No improvement: current loss 1079.239708, best loss 1079.239756
2025-07-21 04:26:35,164 [INFO] [195/300] loss 1079.24 | compact 14.4105 | spectral 17.2579 | recons_loss: 0.147477 | sparse_loss: 1.03065 | 
2025-07-21 04:26:35,165 [INFO] [Iter 195] LR: 0.00000001
2025-07-21 04:26:35,166 [INFO] No improvement: current loss 1079.239687, best loss 1079.239756
2025-07-21 04:26:35,763 [INFO] [196/300] loss 1079.24 | compact 14.4105 | spectral 17.2579 | recons_loss: 0.147477 | sparse_loss: 1.03065 | 
2025-07-21 04:26:35,764 [INFO] [Iter 196] LR: 0.00000001
2025-07-21 04:26:35,765 [INFO] No improvement: current loss 1079.239669, best loss 1079.239756
2025-07-21 04:26:36,362 [INFO] [197/300] loss 1079.24 | compact 14.4105 | spectral 17.2579 | recons_loss: 0.147477 | sparse_loss: 1.03065 | 
2025-07-21 04:26:36,362 [INFO] [Iter 197] LR: 0.00000001
2025-07-21 04:26:36,363 [INFO] Saving best model at iteration 197
2025-07-21 04:26:36,961 [INFO] [198/300] loss 1079.24 | compact 14.4105 | spectral 17.2579 | recons_loss: 0.147477 | sparse_loss: 1.03065 | 
2025-07-21 04:26:36,961 [INFO] [Iter 198] LR: 0.00000001
2025-07-21 04:26:36,962 [INFO] No improvement: current loss 1079.239637, best loss 1079.239652
2025-07-21 04:26:37,560 [INFO] [199/300] loss 1079.24 | compact 14.4105 | spectral 17.2579 | recons_loss: 0.147477 | sparse_loss: 1.03065 | 
2025-07-21 04:26:37,560 [INFO] [Iter 199] LR: 0.00000001
2025-07-21 04:26:37,561 [INFO] No improvement: current loss 1079.239624, best loss 1079.239652
2025-07-21 04:26:37,755 [INFO] H: 600, W: 166
2025-07-21 04:26:37,852 [INFO] [0 1 2 3 4 5]
2025-07-21 04:26:37,948 [INFO] y_target: [1 2 3 4 5 6]
2025-07-21 04:26:37,948 [INFO] y_predict: [0 1 2 3 4 5]
2025-07-21 04:26:38,035 [INFO] Epoch = 200 OA = 0.8900 Kappa = 0.8531 NMI = 0.8215
2025-07-21 04:26:38,511 [INFO] [200/300] loss 1079.24 | compact 14.4105 | spectral 17.2579 | recons_loss: 0.147477 | sparse_loss: 1.03065 | 
2025-07-21 04:26:38,511 [INFO] [Iter 200] LR: 0.00000001
2025-07-21 04:26:38,512 [INFO] No improvement: current loss 1079.239612, best loss 1079.239652
2025-07-21 04:26:39,109 [INFO] [201/300] loss 1079.24 | compact 14.4105 | spectral 17.2579 | recons_loss: 0.147477 | sparse_loss: 1.03065 | 
2025-07-21 04:26:39,110 [INFO] [Iter 201] LR: 0.00000001
2025-07-21 04:26:39,111 [INFO] No improvement: current loss 1079.239601, best loss 1079.239652
2025-07-21 04:26:39,708 [INFO] [202/300] loss 1079.24 | compact 14.4105 | spectral 17.2579 | recons_loss: 0.147477 | sparse_loss: 1.03065 | 
2025-07-21 04:26:39,709 [INFO] [Iter 202] LR: 0.00000001
2025-07-21 04:26:39,710 [INFO] No improvement: current loss 1079.239578, best loss 1079.239652
2025-07-21 04:26:40,307 [INFO] [203/300] loss 1079.24 | compact 14.4105 | spectral 17.2579 | recons_loss: 0.147477 | sparse_loss: 1.03065 | 
2025-07-21 04:26:40,307 [INFO] [Iter 203] LR: 0.00000001
2025-07-21 04:26:40,308 [INFO] No improvement: current loss 1079.239559, best loss 1079.239652
2025-07-21 04:26:40,906 [INFO] [204/300] loss 1079.24 | compact 14.4105 | spectral 17.2579 | recons_loss: 0.147477 | sparse_loss: 1.03065 | 
2025-07-21 04:26:40,906 [INFO] [Iter 204] LR: 0.00000001
2025-07-21 04:26:40,907 [INFO] No improvement: current loss 1079.239553, best loss 1079.239652
2025-07-21 04:26:41,504 [INFO] [205/300] loss 1079.24 | compact 14.4105 | spectral 17.2579 | recons_loss: 0.147477 | sparse_loss: 1.03065 | 
2025-07-21 04:26:41,504 [INFO] [Iter 205] LR: 0.00000001
2025-07-21 04:26:41,505 [INFO] Saving best model at iteration 205
2025-07-21 04:26:42,103 [INFO] [206/300] loss 1079.24 | compact 14.4105 | spectral 17.2579 | recons_loss: 0.147477 | sparse_loss: 1.03065 | 
2025-07-21 04:26:42,103 [INFO] [Iter 206] LR: 0.00000001
2025-07-21 04:26:42,104 [INFO] No improvement: current loss 1079.239543, best loss 1079.239548
2025-07-21 04:26:42,703 [INFO] [207/300] loss 1079.24 | compact 14.4105 | spectral 17.2579 | recons_loss: 0.147477 | sparse_loss: 1.03065 | 
2025-07-21 04:26:42,703 [INFO] [Iter 207] LR: 0.00000001
2025-07-21 04:26:42,704 [INFO] No improvement: current loss 1079.239539, best loss 1079.239548
2025-07-21 04:26:43,301 [INFO] [208/300] loss 1079.24 | compact 14.4105 | spectral 17.2579 | recons_loss: 0.147477 | sparse_loss: 1.03065 | 
2025-07-21 04:26:43,301 [INFO] [Iter 208] LR: 0.00000001
2025-07-21 04:26:43,302 [INFO] No improvement: current loss 1079.239535, best loss 1079.239548
2025-07-21 04:26:43,900 [INFO] [209/300] loss 1079.24 | compact 14.4105 | spectral 17.2579 | recons_loss: 0.147477 | sparse_loss: 1.03065 | 
2025-07-21 04:26:43,900 [INFO] [Iter 209] LR: 0.00000001
2025-07-21 04:26:43,901 [INFO] No improvement: current loss 1079.239532, best loss 1079.239548
2025-07-21 04:26:44,499 [INFO] [210/300] loss 1079.24 | compact 14.4105 | spectral 17.2579 | recons_loss: 0.147477 | sparse_loss: 1.03065 | 
2025-07-21 04:26:44,499 [INFO] [Iter 210] LR: 0.00000001
2025-07-21 04:26:44,500 [INFO] No improvement: current loss 1079.239529, best loss 1079.239548
2025-07-21 04:26:45,107 [INFO] [211/300] loss 1079.24 | compact 14.4105 | spectral 17.2579 | recons_loss: 0.147477 | sparse_loss: 1.03065 | 
2025-07-21 04:26:45,107 [INFO] [Iter 211] LR: 0.00000001
2025-07-21 04:26:45,108 [INFO] No improvement: current loss 1079.239526, best loss 1079.239548
2025-07-21 04:26:45,716 [INFO] [212/300] loss 1079.24 | compact 14.4105 | spectral 17.2579 | recons_loss: 0.147477 | sparse_loss: 1.03065 | 
2025-07-21 04:26:45,717 [INFO] [Iter 212] LR: 0.00000001
2025-07-21 04:26:45,718 [INFO] No improvement: current loss 1079.239512, best loss 1079.239548
2025-07-21 04:26:46,315 [INFO] [213/300] loss 1079.24 | compact 14.4105 | spectral 17.2579 | recons_loss: 0.147477 | sparse_loss: 1.03065 | 
2025-07-21 04:26:46,316 [INFO] [Iter 213] LR: 0.00000001
2025-07-21 04:26:46,317 [INFO] No improvement: current loss 1079.239511, best loss 1079.239548
2025-07-21 04:26:46,932 [INFO] [214/300] loss 1079.24 | compact 14.4105 | spectral 17.2579 | recons_loss: 0.147477 | sparse_loss: 1.03065 | 
2025-07-21 04:26:46,932 [INFO] [Iter 214] LR: 0.00000001
2025-07-21 04:26:46,933 [INFO] No improvement: current loss 1079.239510, best loss 1079.239548
2025-07-21 04:26:47,545 [INFO] [215/300] loss 1079.24 | compact 14.4105 | spectral 17.2579 | recons_loss: 0.147477 | sparse_loss: 1.03065 | 
2025-07-21 04:26:47,545 [INFO] [Iter 215] LR: 0.00000001
2025-07-21 04:26:47,546 [INFO] No improvement: current loss 1079.239509, best loss 1079.239548
2025-07-21 04:26:48,151 [INFO] [216/300] loss 1079.24 | compact 14.4105 | spectral 17.2579 | recons_loss: 0.147477 | sparse_loss: 1.03065 | 
2025-07-21 04:26:48,151 [INFO] [Iter 216] LR: 0.00000001
2025-07-21 04:26:48,152 [INFO] No improvement: current loss 1079.239508, best loss 1079.239548
2025-07-21 04:26:48,749 [INFO] [217/300] loss 1079.24 | compact 14.4105 | spectral 17.2579 | recons_loss: 0.147477 | sparse_loss: 1.03065 | 
2025-07-21 04:26:48,750 [INFO] [Iter 217] LR: 0.00000001
2025-07-21 04:26:48,751 [INFO] No improvement: current loss 1079.239508, best loss 1079.239548
2025-07-21 04:26:49,348 [INFO] [218/300] loss 1079.24 | compact 14.4105 | spectral 17.2579 | recons_loss: 0.147477 | sparse_loss: 1.03065 | 
2025-07-21 04:26:49,348 [INFO] [Iter 218] LR: 0.00000001
2025-07-21 04:26:49,349 [INFO] No improvement: current loss 1079.239507, best loss 1079.239548
2025-07-21 04:26:49,946 [INFO] [219/300] loss 1079.24 | compact 14.4105 | spectral 17.2579 | recons_loss: 0.147477 | sparse_loss: 1.03065 | 
2025-07-21 04:26:49,946 [INFO] [Iter 219] LR: 0.00000001
2025-07-21 04:26:49,947 [INFO] No improvement: current loss 1079.239507, best loss 1079.239548
2025-07-21 04:26:50,552 [INFO] [220/300] loss 1079.24 | compact 14.4105 | spectral 17.2579 | recons_loss: 0.147477 | sparse_loss: 1.03065 | 
2025-07-21 04:26:50,552 [INFO] [Iter 220] LR: 0.00000001
2025-07-21 04:26:50,553 [INFO] No improvement: current loss 1079.239506, best loss 1079.239548
2025-07-21 04:26:51,151 [INFO] [221/300] loss 1079.24 | compact 14.4105 | spectral 17.2579 | recons_loss: 0.147477 | sparse_loss: 1.03065 | 
2025-07-21 04:26:51,151 [INFO] [Iter 221] LR: 0.00000001
2025-07-21 04:26:51,152 [INFO] No improvement: current loss 1079.239506, best loss 1079.239548
2025-07-21 04:26:51,749 [INFO] [222/300] loss 1079.24 | compact 14.4105 | spectral 17.2579 | recons_loss: 0.147477 | sparse_loss: 1.03065 | 
2025-07-21 04:26:51,749 [INFO] [Iter 222] LR: 0.00000001
2025-07-21 04:26:51,751 [INFO] No improvement: current loss 1079.239505, best loss 1079.239548
2025-07-21 04:26:52,348 [INFO] [223/300] loss 1079.24 | compact 14.4105 | spectral 17.2579 | recons_loss: 0.147477 | sparse_loss: 1.03065 | 
2025-07-21 04:26:52,348 [INFO] [Iter 223] LR: 0.00000001
2025-07-21 04:26:52,349 [INFO] No improvement: current loss 1079.239505, best loss 1079.239548
2025-07-21 04:26:52,947 [INFO] [224/300] loss 1079.24 | compact 14.4105 | spectral 17.2579 | recons_loss: 0.147477 | sparse_loss: 1.03065 | 
2025-07-21 04:26:52,947 [INFO] [Iter 224] LR: 0.00000001
2025-07-21 04:26:52,948 [INFO] No improvement: current loss 1079.239505, best loss 1079.239548
2025-07-21 04:26:53,549 [INFO] [225/300] loss 1079.24 | compact 14.4105 | spectral 17.2579 | recons_loss: 0.147477 | sparse_loss: 1.03065 | 
2025-07-21 04:26:53,549 [INFO] [Iter 225] LR: 0.00000001
2025-07-21 04:26:53,551 [INFO] No improvement: current loss 1079.239504, best loss 1079.239548
2025-07-21 04:26:54,150 [INFO] [226/300] loss 1079.24 | compact 14.4105 | spectral 17.2579 | recons_loss: 0.147477 | sparse_loss: 1.03065 | 
2025-07-21 04:26:54,150 [INFO] [Iter 226] LR: 0.00000001
2025-07-21 04:26:54,151 [INFO] No improvement: current loss 1079.239504, best loss 1079.239548
2025-07-21 04:26:54,759 [INFO] [227/300] loss 1079.24 | compact 14.4105 | spectral 17.2579 | recons_loss: 0.147477 | sparse_loss: 1.03065 | 
2025-07-21 04:26:54,760 [INFO] [Iter 227] LR: 0.00000001
2025-07-21 04:26:54,761 [INFO] No improvement: current loss 1079.239504, best loss 1079.239548
2025-07-21 04:26:55,358 [INFO] [228/300] loss 1079.24 | compact 14.4105 | spectral 17.2579 | recons_loss: 0.147477 | sparse_loss: 1.03065 | 
2025-07-21 04:26:55,359 [INFO] [Iter 228] LR: 0.00000001
2025-07-21 04:26:55,360 [INFO] No improvement: current loss 1079.239504, best loss 1079.239548
2025-07-21 04:26:55,957 [INFO] [229/300] loss 1079.24 | compact 14.4105 | spectral 17.2579 | recons_loss: 0.147477 | sparse_loss: 1.03065 | 
2025-07-21 04:26:55,957 [INFO] [Iter 229] LR: 0.00000001
2025-07-21 04:26:55,959 [INFO] No improvement: current loss 1079.239504, best loss 1079.239548
2025-07-21 04:26:56,567 [INFO] [230/300] loss 1079.24 | compact 14.4105 | spectral 17.2579 | recons_loss: 0.147477 | sparse_loss: 1.03065 | 
2025-07-21 04:26:56,567 [INFO] [Iter 230] LR: 0.00000001
2025-07-21 04:26:56,568 [INFO] No improvement: current loss 1079.239503, best loss 1079.239548
2025-07-21 04:26:57,166 [INFO] [231/300] loss 1079.24 | compact 14.4105 | spectral 17.2579 | recons_loss: 0.147477 | sparse_loss: 1.03065 | 
2025-07-21 04:26:57,166 [INFO] [Iter 231] LR: 0.00000001
2025-07-21 04:26:57,167 [INFO] No improvement: current loss 1079.239503, best loss 1079.239548
2025-07-21 04:26:57,765 [INFO] [232/300] loss 1079.24 | compact 14.4105 | spectral 17.2579 | recons_loss: 0.147477 | sparse_loss: 1.03065 | 
2025-07-21 04:26:57,765 [INFO] [Iter 232] LR: 0.00000001
2025-07-21 04:26:57,766 [INFO] No improvement: current loss 1079.239503, best loss 1079.239548
2025-07-21 04:26:58,364 [INFO] [233/300] loss 1079.24 | compact 14.4105 | spectral 17.2579 | recons_loss: 0.147477 | sparse_loss: 1.03065 | 
2025-07-21 04:26:58,364 [INFO] [Iter 233] LR: 0.00000001
2025-07-21 04:26:58,365 [INFO] No improvement: current loss 1079.239503, best loss 1079.239548
2025-07-21 04:26:58,963 [INFO] [234/300] loss 1079.24 | compact 14.4105 | spectral 17.2579 | recons_loss: 0.147477 | sparse_loss: 1.03065 | 
2025-07-21 04:26:58,964 [INFO] [Iter 234] LR: 0.00000001
2025-07-21 04:26:58,966 [INFO] No improvement: current loss 1079.239503, best loss 1079.239548
2025-07-21 04:26:59,564 [INFO] [235/300] loss 1079.24 | compact 14.4105 | spectral 17.2579 | recons_loss: 0.147477 | sparse_loss: 1.03065 | 
2025-07-21 04:26:59,564 [INFO] [Iter 235] LR: 0.00000001
2025-07-21 04:26:59,565 [INFO] No improvement: current loss 1079.239503, best loss 1079.239548
2025-07-21 04:27:00,163 [INFO] [236/300] loss 1079.24 | compact 14.4105 | spectral 17.2579 | recons_loss: 0.147477 | sparse_loss: 1.03065 | 
2025-07-21 04:27:00,163 [INFO] [Iter 236] LR: 0.00000001
2025-07-21 04:27:00,164 [INFO] No improvement: current loss 1079.239503, best loss 1079.239548
2025-07-21 04:27:00,766 [INFO] [237/300] loss 1079.24 | compact 14.4105 | spectral 17.2579 | recons_loss: 0.147477 | sparse_loss: 1.03065 | 
2025-07-21 04:27:00,766 [INFO] [Iter 237] LR: 0.00000001
2025-07-21 04:27:00,768 [INFO] No improvement: current loss 1079.239503, best loss 1079.239548
2025-07-21 04:27:01,366 [INFO] [238/300] loss 1079.24 | compact 14.4105 | spectral 17.2579 | recons_loss: 0.147477 | sparse_loss: 1.03065 | 
2025-07-21 04:27:01,366 [INFO] [Iter 238] LR: 0.00000001
2025-07-21 04:27:01,367 [INFO] No improvement: current loss 1079.239503, best loss 1079.239548
2025-07-21 04:27:01,965 [INFO] [239/300] loss 1079.24 | compact 14.4105 | spectral 17.2579 | recons_loss: 0.147477 | sparse_loss: 1.03065 | 
2025-07-21 04:27:01,965 [INFO] [Iter 239] LR: 0.00000001
2025-07-21 04:27:01,966 [INFO] No improvement: current loss 1079.239503, best loss 1079.239548
2025-07-21 04:27:02,563 [INFO] [240/300] loss 1079.24 | compact 14.4105 | spectral 17.2579 | recons_loss: 0.147477 | sparse_loss: 1.03065 | 
2025-07-21 04:27:02,563 [INFO] [Iter 240] LR: 0.00000001
2025-07-21 04:27:02,564 [INFO] No improvement: current loss 1079.239502, best loss 1079.239548
2025-07-21 04:27:03,162 [INFO] [241/300] loss 1079.24 | compact 14.4105 | spectral 17.2579 | recons_loss: 0.147477 | sparse_loss: 1.03065 | 
2025-07-21 04:27:03,163 [INFO] [Iter 241] LR: 0.00000001
2025-07-21 04:27:03,164 [INFO] No improvement: current loss 1079.239502, best loss 1079.239548
2025-07-21 04:27:03,762 [INFO] [242/300] loss 1079.24 | compact 14.4105 | spectral 17.2579 | recons_loss: 0.147477 | sparse_loss: 1.03065 | 
2025-07-21 04:27:03,762 [INFO] [Iter 242] LR: 0.00000001
2025-07-21 04:27:03,763 [INFO] No improvement: current loss 1079.239502, best loss 1079.239548
2025-07-21 04:27:04,361 [INFO] [243/300] loss 1079.24 | compact 14.4105 | spectral 17.2579 | recons_loss: 0.147477 | sparse_loss: 1.03065 | 
2025-07-21 04:27:04,361 [INFO] [Iter 243] LR: 0.00000001
2025-07-21 04:27:04,364 [INFO] No improvement: current loss 1079.239502, best loss 1079.239548
2025-07-21 04:27:04,966 [INFO] [244/300] loss 1079.24 | compact 14.4105 | spectral 17.2579 | recons_loss: 0.147477 | sparse_loss: 1.03065 | 
2025-07-21 04:27:04,966 [INFO] [Iter 244] LR: 0.00000001
2025-07-21 04:27:04,968 [INFO] No improvement: current loss 1079.239502, best loss 1079.239548
2025-07-21 04:27:05,565 [INFO] [245/300] loss 1079.24 | compact 14.4105 | spectral 17.2579 | recons_loss: 0.147477 | sparse_loss: 1.03065 | 
2025-07-21 04:27:05,565 [INFO] [Iter 245] LR: 0.00000001
2025-07-21 04:27:05,566 [INFO] No improvement: current loss 1079.239502, best loss 1079.239548
2025-07-21 04:27:06,180 [INFO] [246/300] loss 1079.24 | compact 14.4105 | spectral 17.2579 | recons_loss: 0.147477 | sparse_loss: 1.03065 | 
2025-07-21 04:27:06,180 [INFO] [Iter 246] LR: 0.00000001
2025-07-21 04:27:06,181 [INFO] No improvement: current loss 1079.239502, best loss 1079.239548
2025-07-21 04:27:06,778 [INFO] [247/300] loss 1079.24 | compact 14.4105 | spectral 17.2579 | recons_loss: 0.147477 | sparse_loss: 1.03065 | 
2025-07-21 04:27:06,778 [INFO] [Iter 247] LR: 0.00000001
2025-07-21 04:27:06,780 [INFO] No improvement: current loss 1079.239502, best loss 1079.239548
2025-07-21 04:27:07,377 [INFO] [248/300] loss 1079.24 | compact 14.4105 | spectral 17.2579 | recons_loss: 0.147477 | sparse_loss: 1.03065 | 
2025-07-21 04:27:07,377 [INFO] [Iter 248] LR: 0.00000001
2025-07-21 04:27:07,378 [INFO] No improvement: current loss 1079.239502, best loss 1079.239548
2025-07-21 04:27:07,976 [INFO] [249/300] loss 1079.24 | compact 14.4105 | spectral 17.2579 | recons_loss: 0.147477 | sparse_loss: 1.03065 | 
2025-07-21 04:27:07,976 [INFO] [Iter 249] LR: 0.00000001
2025-07-21 04:27:07,978 [INFO] No improvement: current loss 1079.239502, best loss 1079.239548
2025-07-21 04:27:08,166 [INFO] H: 600, W: 166
2025-07-21 04:27:08,271 [INFO] [0 1 2 3 4 5]
2025-07-21 04:27:08,368 [INFO] y_target: [1 2 3 4 5 6]
2025-07-21 04:27:08,369 [INFO] y_predict: [0 1 2 3 4 5]
2025-07-21 04:27:08,457 [INFO] Epoch = 250 OA = 0.8900 Kappa = 0.8531 NMI = 0.8215
2025-07-21 04:27:08,934 [INFO] [250/300] loss 1079.24 | compact 14.4105 | spectral 17.2579 | recons_loss: 0.147477 | sparse_loss: 1.03065 | 
2025-07-21 04:27:08,934 [INFO] [Iter 250] LR: 0.00000001
2025-07-21 04:27:08,935 [INFO] No improvement: current loss 1079.239502, best loss 1079.239548
2025-07-21 04:27:09,533 [INFO] [251/300] loss 1079.24 | compact 14.4105 | spectral 17.2579 | recons_loss: 0.147477 | sparse_loss: 1.03065 | 
2025-07-21 04:27:09,533 [INFO] [Iter 251] LR: 0.00000001
2025-07-21 04:27:09,535 [INFO] No improvement: current loss 1079.239502, best loss 1079.239548
2025-07-21 04:27:10,133 [INFO] [252/300] loss 1079.24 | compact 14.4105 | spectral 17.2579 | recons_loss: 0.147477 | sparse_loss: 1.03065 | 
2025-07-21 04:27:10,133 [INFO] [Iter 252] LR: 0.00000001
2025-07-21 04:27:10,134 [INFO] No improvement: current loss 1079.239502, best loss 1079.239548
2025-07-21 04:27:10,732 [INFO] [253/300] loss 1079.24 | compact 14.4105 | spectral 17.2579 | recons_loss: 0.147477 | sparse_loss: 1.03065 | 
2025-07-21 04:27:10,733 [INFO] [Iter 253] LR: 0.00000001
2025-07-21 04:27:10,734 [INFO] No improvement: current loss 1079.239502, best loss 1079.239548
2025-07-21 04:27:11,332 [INFO] [254/300] loss 1079.24 | compact 14.4105 | spectral 17.2579 | recons_loss: 0.147477 | sparse_loss: 1.03065 | 
2025-07-21 04:27:11,333 [INFO] [Iter 254] LR: 0.00000001
2025-07-21 04:27:11,335 [INFO] No improvement: current loss 1079.239502, best loss 1079.239548
2025-07-21 04:27:11,939 [INFO] [255/300] loss 1079.24 | compact 14.4105 | spectral 17.2579 | recons_loss: 0.147477 | sparse_loss: 1.03065 | 
2025-07-21 04:27:11,940 [INFO] [Iter 255] LR: 0.00000001
2025-07-21 04:27:11,941 [INFO] No improvement: current loss 1079.239502, best loss 1079.239548
2025-07-21 04:27:12,538 [INFO] [256/300] loss 1079.24 | compact 14.4105 | spectral 17.2579 | recons_loss: 0.147477 | sparse_loss: 1.03065 | 
2025-07-21 04:27:12,538 [INFO] [Iter 256] LR: 0.00000001
2025-07-21 04:27:12,539 [INFO] No improvement: current loss 1079.239490, best loss 1079.239548
2025-07-21 04:27:13,137 [INFO] [257/300] loss 1079.24 | compact 14.4105 | spectral 17.2579 | recons_loss: 0.147477 | sparse_loss: 1.03065 | 
2025-07-21 04:27:13,137 [INFO] [Iter 257] LR: 0.00000001
2025-07-21 04:27:13,140 [INFO] No improvement: current loss 1079.239491, best loss 1079.239548
2025-07-21 04:27:13,754 [INFO] [258/300] loss 1079.24 | compact 14.4105 | spectral 17.2579 | recons_loss: 0.147477 | sparse_loss: 1.03065 | 
2025-07-21 04:27:13,755 [INFO] [Iter 258] LR: 0.00000001
2025-07-21 04:27:13,756 [INFO] No improvement: current loss 1079.239492, best loss 1079.239548
2025-07-21 04:27:14,353 [INFO] [259/300] loss 1079.24 | compact 14.4105 | spectral 17.2579 | recons_loss: 0.147477 | sparse_loss: 1.03065 | 
2025-07-21 04:27:14,353 [INFO] [Iter 259] LR: 0.00000001
2025-07-21 04:27:14,355 [INFO] No improvement: current loss 1079.239493, best loss 1079.239548
2025-07-21 04:27:14,952 [INFO] [260/300] loss 1079.24 | compact 14.4105 | spectral 17.2579 | recons_loss: 0.147477 | sparse_loss: 1.03065 | 
2025-07-21 04:27:14,952 [INFO] [Iter 260] LR: 0.00000001
2025-07-21 04:27:14,953 [INFO] No improvement: current loss 1079.239494, best loss 1079.239548
2025-07-21 04:27:15,551 [INFO] [261/300] loss 1079.24 | compact 14.4105 | spectral 17.2579 | recons_loss: 0.147477 | sparse_loss: 1.03065 | 
2025-07-21 04:27:15,551 [INFO] [Iter 261] LR: 0.00000001
2025-07-21 04:27:15,552 [INFO] No improvement: current loss 1079.239495, best loss 1079.239548
2025-07-21 04:27:16,149 [INFO] [262/300] loss 1079.24 | compact 14.4105 | spectral 17.2579 | recons_loss: 0.147477 | sparse_loss: 1.03065 | 
2025-07-21 04:27:16,149 [INFO] [Iter 262] LR: 0.00000001
2025-07-21 04:27:16,150 [INFO] No improvement: current loss 1079.239496, best loss 1079.239548
2025-07-21 04:27:16,748 [INFO] [263/300] loss 1079.24 | compact 14.4105 | spectral 17.2579 | recons_loss: 0.147477 | sparse_loss: 1.03065 | 
2025-07-21 04:27:16,749 [INFO] [Iter 263] LR: 0.00000001
2025-07-21 04:27:16,750 [INFO] No improvement: current loss 1079.239496, best loss 1079.239548
2025-07-21 04:27:17,346 [INFO] [264/300] loss 1079.24 | compact 14.4105 | spectral 17.2579 | recons_loss: 0.147477 | sparse_loss: 1.03065 | 
2025-07-21 04:27:17,347 [INFO] [Iter 264] LR: 0.00000001
2025-07-21 04:27:17,348 [INFO] No improvement: current loss 1079.239485, best loss 1079.239548
2025-07-21 04:27:17,946 [INFO] [265/300] loss 1079.24 | compact 14.4105 | spectral 17.2579 | recons_loss: 0.147477 | sparse_loss: 1.03065 | 
2025-07-21 04:27:17,947 [INFO] [Iter 265] LR: 0.00000001
2025-07-21 04:27:17,948 [INFO] No improvement: current loss 1079.239486, best loss 1079.239548
2025-07-21 04:27:18,546 [INFO] [266/300] loss 1079.24 | compact 14.4105 | spectral 17.2579 | recons_loss: 0.147477 | sparse_loss: 1.03065 | 
2025-07-21 04:27:18,547 [INFO] [Iter 266] LR: 0.00000001
2025-07-21 04:27:18,549 [INFO] No improvement: current loss 1079.239488, best loss 1079.239548
2025-07-21 04:27:19,149 [INFO] [267/300] loss 1079.24 | compact 14.4105 | spectral 17.2579 | recons_loss: 0.147477 | sparse_loss: 1.03065 | 
2025-07-21 04:27:19,150 [INFO] [Iter 267] LR: 0.00000001
2025-07-21 04:27:19,151 [INFO] No improvement: current loss 1079.239489, best loss 1079.239548
2025-07-21 04:27:19,749 [INFO] [268/300] loss 1079.24 | compact 14.4105 | spectral 17.2579 | recons_loss: 0.147477 | sparse_loss: 1.03065 | 
2025-07-21 04:27:19,749 [INFO] [Iter 268] LR: 0.00000001
2025-07-21 04:27:19,750 [INFO] No improvement: current loss 1079.239478, best loss 1079.239548
2025-07-21 04:27:20,349 [INFO] [269/300] loss 1079.24 | compact 14.4105 | spectral 17.2579 | recons_loss: 0.147477 | sparse_loss: 1.03065 | 
2025-07-21 04:27:20,350 [INFO] [Iter 269] LR: 0.00000001
2025-07-21 04:27:20,351 [INFO] No improvement: current loss 1079.239481, best loss 1079.239548
2025-07-21 04:27:20,951 [INFO] [270/300] loss 1079.24 | compact 14.4105 | spectral 17.2579 | recons_loss: 0.147477 | sparse_loss: 1.03065 | 
2025-07-21 04:27:20,951 [INFO] [Iter 270] LR: 0.00000001
2025-07-21 04:27:20,953 [INFO] No improvement: current loss 1079.239483, best loss 1079.239548
2025-07-21 04:27:21,556 [INFO] [271/300] loss 1079.24 | compact 14.4105 | spectral 17.2579 | recons_loss: 0.147477 | sparse_loss: 1.03065 | 
2025-07-21 04:27:21,556 [INFO] [Iter 271] LR: 0.00000001
2025-07-21 04:27:21,558 [INFO] No improvement: current loss 1079.239485, best loss 1079.239548
2025-07-21 04:27:22,156 [INFO] [272/300] loss 1079.24 | compact 14.4105 | spectral 17.2579 | recons_loss: 0.147477 | sparse_loss: 1.03065 | 
2025-07-21 04:27:22,157 [INFO] [Iter 272] LR: 0.00000001
2025-07-21 04:27:22,158 [INFO] No improvement: current loss 1079.239486, best loss 1079.239548
2025-07-21 04:27:22,758 [INFO] [273/300] loss 1079.24 | compact 14.4105 | spectral 17.2579 | recons_loss: 0.147477 | sparse_loss: 1.03065 | 
2025-07-21 04:27:22,759 [INFO] [Iter 273] LR: 0.00000001
2025-07-21 04:27:22,761 [INFO] No improvement: current loss 1079.239488, best loss 1079.239548
2025-07-21 04:27:23,360 [INFO] [274/300] loss 1079.24 | compact 14.4105 | spectral 17.2579 | recons_loss: 0.147477 | sparse_loss: 1.03065 | 
2025-07-21 04:27:23,361 [INFO] [Iter 274] LR: 0.00000001
2025-07-21 04:27:23,362 [INFO] No improvement: current loss 1079.239489, best loss 1079.239548
2025-07-21 04:27:23,960 [INFO] [275/300] loss 1079.24 | compact 14.4105 | spectral 17.2579 | recons_loss: 0.147477 | sparse_loss: 1.03065 | 
2025-07-21 04:27:23,960 [INFO] [Iter 275] LR: 0.00000001
2025-07-21 04:27:23,962 [INFO] No improvement: current loss 1079.239491, best loss 1079.239548
2025-07-21 04:27:24,561 [INFO] [276/300] loss 1079.24 | compact 14.4105 | spectral 17.2579 | recons_loss: 0.147477 | sparse_loss: 1.03065 | 
2025-07-21 04:27:24,561 [INFO] [Iter 276] LR: 0.00000001
2025-07-21 04:27:24,564 [INFO] No improvement: current loss 1079.239492, best loss 1079.239548
2025-07-21 04:27:25,165 [INFO] [277/300] loss 1079.24 | compact 14.4105 | spectral 17.2579 | recons_loss: 0.147477 | sparse_loss: 1.03065 | 
2025-07-21 04:27:25,166 [INFO] [Iter 277] LR: 0.00000001
2025-07-21 04:27:25,167 [INFO] No improvement: current loss 1079.239493, best loss 1079.239548
2025-07-21 04:27:25,765 [INFO] [278/300] loss 1079.24 | compact 14.4105 | spectral 17.2579 | recons_loss: 0.147477 | sparse_loss: 1.03065 | 
2025-07-21 04:27:25,765 [INFO] [Iter 278] LR: 0.00000001
2025-07-21 04:27:25,767 [INFO] No improvement: current loss 1079.239494, best loss 1079.239548
2025-07-21 04:27:26,376 [INFO] [279/300] loss 1079.24 | compact 14.4105 | spectral 17.2579 | recons_loss: 0.147477 | sparse_loss: 1.03065 | 
2025-07-21 04:27:26,376 [INFO] [Iter 279] LR: 0.00000001
2025-07-21 04:27:26,379 [INFO] No improvement: current loss 1079.239495, best loss 1079.239548
2025-07-21 04:27:27,002 [INFO] [280/300] loss 1079.24 | compact 14.4105 | spectral 17.2579 | recons_loss: 0.147477 | sparse_loss: 1.03065 | 
2025-07-21 04:27:27,002 [INFO] [Iter 280] LR: 0.00000001
2025-07-21 04:27:27,003 [INFO] No improvement: current loss 1079.239483, best loss 1079.239548
2025-07-21 04:27:27,600 [INFO] [281/300] loss 1079.24 | compact 14.4105 | spectral 17.2579 | recons_loss: 0.147477 | sparse_loss: 1.03065 | 
2025-07-21 04:27:27,601 [INFO] [Iter 281] LR: 0.00000001
2025-07-21 04:27:27,602 [INFO] No improvement: current loss 1079.239485, best loss 1079.239548
2025-07-21 04:27:28,199 [INFO] [282/300] loss 1079.24 | compact 14.4105 | spectral 17.2579 | recons_loss: 0.147477 | sparse_loss: 1.03065 | 
2025-07-21 04:27:28,199 [INFO] [Iter 282] LR: 0.00000001
2025-07-21 04:27:28,200 [INFO] No improvement: current loss 1079.239487, best loss 1079.239548
2025-07-21 04:27:28,797 [INFO] [283/300] loss 1079.24 | compact 14.4105 | spectral 17.2579 | recons_loss: 0.147477 | sparse_loss: 1.03065 | 
2025-07-21 04:27:28,797 [INFO] [Iter 283] LR: 0.00000001
2025-07-21 04:27:28,798 [INFO] No improvement: current loss 1079.239488, best loss 1079.239548
2025-07-21 04:27:29,395 [INFO] [284/300] loss 1079.24 | compact 14.4105 | spectral 17.2579 | recons_loss: 0.147477 | sparse_loss: 1.03065 | 
2025-07-21 04:27:29,395 [INFO] [Iter 284] LR: 0.00000001
2025-07-21 04:27:29,396 [INFO] No improvement: current loss 1079.239490, best loss 1079.239548
2025-07-21 04:27:29,994 [INFO] [285/300] loss 1079.24 | compact 14.4105 | spectral 17.2579 | recons_loss: 0.147477 | sparse_loss: 1.03065 | 
2025-07-21 04:27:29,995 [INFO] [Iter 285] LR: 0.00000001
2025-07-21 04:27:29,996 [INFO] No improvement: current loss 1079.239491, best loss 1079.239548
2025-07-21 04:27:30,594 [INFO] [286/300] loss 1079.24 | compact 14.4105 | spectral 17.2579 | recons_loss: 0.147477 | sparse_loss: 1.03065 | 
2025-07-21 04:27:30,594 [INFO] [Iter 286] LR: 0.00000001
2025-07-21 04:27:30,596 [INFO] No improvement: current loss 1079.239492, best loss 1079.239548
2025-07-21 04:27:31,193 [INFO] [287/300] loss 1079.24 | compact 14.4105 | spectral 17.2579 | recons_loss: 0.147477 | sparse_loss: 1.03065 | 
2025-07-21 04:27:31,193 [INFO] [Iter 287] LR: 0.00000001
2025-07-21 04:27:31,194 [INFO] No improvement: current loss 1079.239493, best loss 1079.239548
2025-07-21 04:27:31,793 [INFO] [288/300] loss 1079.24 | compact 14.4105 | spectral 17.2579 | recons_loss: 0.147477 | sparse_loss: 1.03065 | 
2025-07-21 04:27:31,793 [INFO] [Iter 288] LR: 0.00000001
2025-07-21 04:27:31,795 [INFO] No improvement: current loss 1079.239494, best loss 1079.239548
2025-07-21 04:27:32,395 [INFO] [289/300] loss 1079.24 | compact 14.4105 | spectral 17.2579 | recons_loss: 0.147477 | sparse_loss: 1.03065 | 
2025-07-21 04:27:32,395 [INFO] [Iter 289] LR: 0.00000001
2025-07-21 04:27:32,396 [INFO] No improvement: current loss 1079.239495, best loss 1079.239548
2025-07-21 04:27:32,994 [INFO] [290/300] loss 1079.24 | compact 14.4105 | spectral 17.2579 | recons_loss: 0.147477 | sparse_loss: 1.03065 | 
2025-07-21 04:27:32,994 [INFO] [Iter 290] LR: 0.00000001
2025-07-21 04:27:32,995 [INFO] No improvement: current loss 1079.239495, best loss 1079.239548
2025-07-21 04:27:33,593 [INFO] [291/300] loss 1079.24 | compact 14.4105 | spectral 17.2579 | recons_loss: 0.147477 | sparse_loss: 1.03065 | 
2025-07-21 04:27:33,593 [INFO] [Iter 291] LR: 0.00000001
2025-07-21 04:27:33,594 [INFO] No improvement: current loss 1079.239496, best loss 1079.239548
2025-07-21 04:27:34,192 [INFO] [292/300] loss 1079.24 | compact 14.4105 | spectral 17.2579 | recons_loss: 0.147477 | sparse_loss: 1.03065 | 
2025-07-21 04:27:34,192 [INFO] [Iter 292] LR: 0.00000001
2025-07-21 04:27:34,193 [INFO] No improvement: current loss 1079.239497, best loss 1079.239548
2025-07-21 04:27:34,806 [INFO] [293/300] loss 1079.24 | compact 14.4105 | spectral 17.2579 | recons_loss: 0.147477 | sparse_loss: 1.03065 | 
2025-07-21 04:27:34,806 [INFO] [Iter 293] LR: 0.00000001
2025-07-21 04:27:34,807 [INFO] No improvement: current loss 1079.239497, best loss 1079.239548
2025-07-21 04:27:35,405 [INFO] [294/300] loss 1079.24 | compact 14.4105 | spectral 17.2579 | recons_loss: 0.147477 | sparse_loss: 1.03065 | 
2025-07-21 04:27:35,405 [INFO] [Iter 294] LR: 0.00000001
2025-07-21 04:27:35,406 [INFO] No improvement: current loss 1079.239498, best loss 1079.239548
2025-07-21 04:27:36,011 [INFO] [295/300] loss 1079.24 | compact 14.4105 | spectral 17.2579 | recons_loss: 0.147477 | sparse_loss: 1.03065 | 
2025-07-21 04:27:36,011 [INFO] [Iter 295] LR: 0.00000001
2025-07-21 04:27:36,013 [INFO] No improvement: current loss 1079.239498, best loss 1079.239548
2025-07-21 04:27:36,615 [INFO] [296/300] loss 1079.24 | compact 14.4105 | spectral 17.2579 | recons_loss: 0.147477 | sparse_loss: 1.03065 | 
2025-07-21 04:27:36,615 [INFO] [Iter 296] LR: 0.00000001
2025-07-21 04:27:36,616 [INFO] No improvement: current loss 1079.239498, best loss 1079.239548
2025-07-21 04:27:37,214 [INFO] [297/300] loss 1079.24 | compact 14.4105 | spectral 17.2579 | recons_loss: 0.147477 | sparse_loss: 1.03065 | 
2025-07-21 04:27:37,214 [INFO] [Iter 297] LR: 0.00000001
2025-07-21 04:27:37,215 [INFO] No improvement: current loss 1079.239487, best loss 1079.239548
2025-07-21 04:27:37,812 [INFO] [298/300] loss 1079.24 | compact 14.4105 | spectral 17.2579 | recons_loss: 0.147477 | sparse_loss: 1.03065 | 
2025-07-21 04:27:37,812 [INFO] [Iter 298] LR: 0.00000001
2025-07-21 04:27:37,813 [INFO] No improvement: current loss 1079.239488, best loss 1079.239548
2025-07-21 04:27:37,988 [INFO] H: 600, W: 166
2025-07-21 04:27:38,080 [INFO] [0 1 2 3 4 5]
2025-07-21 04:27:38,181 [INFO] y_target: [1 2 3 4 5 6]
2025-07-21 04:27:38,182 [INFO] y_predict: [0 1 2 3 4 5]
2025-07-21 04:27:38,270 [INFO] Epoch = 299 OA = 0.8900 Kappa = 0.8531 NMI = 0.8215
2025-07-21 04:27:38,745 [INFO] [299/300] loss 1079.24 | compact 14.4105 | spectral 17.2579 | recons_loss: 0.147477 | sparse_loss: 1.03065 | 
2025-07-21 04:27:38,746 [INFO] [Iter 299] LR: 0.00000001
2025-07-21 04:27:38,747 [INFO] No improvement: current loss 1079.239490, best loss 1079.239548
2025-07-21 04:27:38,747 [INFO] Training finished. Best model loaded.
