2025-07-21 05:57:37,346 [INFO] ========== Training Configuration ==========
2025-07-21 05:57:37,347 [INFO] out_dir: ./log
2025-07-21 05:57:37,347 [INFO] lr: 0.1
2025-07-21 05:57:37,347 [INFO] train_iter: 300
2025-07-21 05:57:37,347 [INFO] niter: 5
2025-07-21 05:57:37,347 [INFO] nspix: 300
2025-07-21 05:57:37,347 [INFO] weight: weight
2025-07-21 05:57:37,347 [INFO] weight_representation: 295.0
2025-07-21 05:57:37,347 [INFO] weight_noise: 50.0
2025-07-21 05:57:37,347 [INFO] dataset: trento
2025-07-21 05:57:37,347 [INFO] device: cuda:0
2025-07-21 05:57:37,347 [INFO] log: trento11
2025-07-21 05:57:37,347 [INFO] ============================================
2025-07-21 05:57:40,272 [INFO] H: 600, W: 166
2025-07-21 05:57:40,370 [INFO] [0 1 2 3 4 5]
2025-07-21 05:57:40,567 [INFO] y_target: [1 2 3 4 5 6]
2025-07-21 05:57:40,567 [INFO] y_predict: [0 1 2 3 4 5]
2025-07-21 05:57:40,657 [INFO] Epoch = 0 OA = 0.8509 Kappa = 0.8011 NMI = 0.7884
2025-07-21 05:57:41,178 [INFO] [0/300] loss 2190.42 | compact 13.9608 | spectral 17.8474 | recons_loss: 0.260069 | sparse_loss: 1.04467 | 
2025-07-21 05:57:41,178 [INFO] [Iter 0] LR: 0.10000000
2025-07-21 05:57:41,179 [INFO] Saving best model at iteration 0
2025-07-21 05:57:41,777 [INFO] [1/300] loss 2189.22 | compact 13.966 | spectral 17.8357 | recons_loss: 0.258684 | sparse_loss: 1.04471 | 
2025-07-21 05:57:41,777 [INFO] [Iter 1] LR: 0.10000000
2025-07-21 05:57:41,778 [INFO] Saving best model at iteration 1
2025-07-21 05:57:42,375 [INFO] [2/300] loss 2187.4 | compact 13.9714 | spectral 17.8216 | recons_loss: 0.256814 | sparse_loss: 1.04467 | 
2025-07-21 05:57:42,375 [INFO] [Iter 2] LR: 0.10000000
2025-07-21 05:57:42,376 [INFO] Saving best model at iteration 2
2025-07-21 05:57:42,974 [INFO] [3/300] loss 2184.87 | compact 13.9806 | spectral 17.8037 | recons_loss: 0.254224 | sparse_loss: 1.04444 | 
2025-07-21 05:57:42,975 [INFO] [Iter 3] LR: 0.10000000
2025-07-21 05:57:42,977 [INFO] Saving best model at iteration 3
2025-07-21 05:57:43,575 [INFO] [4/300] loss 2181.69 | compact 13.9901 | spectral 17.788 | recons_loss: 0.250815 | sparse_loss: 1.04404 | 
2025-07-21 05:57:43,575 [INFO] [Iter 4] LR: 0.10000000
2025-07-21 05:57:43,576 [INFO] Saving best model at iteration 4
2025-07-21 05:57:44,174 [INFO] [5/300] loss 2178.18 | compact 14.0005 | spectral 17.7696 | recons_loss: 0.247062 | sparse_loss: 1.04353 | 
2025-07-21 05:57:44,174 [INFO] [Iter 5] LR: 0.10000000
2025-07-21 05:57:44,175 [INFO] Saving best model at iteration 5
2025-07-21 05:57:44,779 [INFO] [6/300] loss 2174.47 | compact 14.0149 | spectral 17.7453 | recons_loss: 0.243061 | sparse_loss: 1.04296 | 
2025-07-21 05:57:44,779 [INFO] [Iter 6] LR: 0.10000000
2025-07-21 05:57:44,780 [INFO] Saving best model at iteration 6
2025-07-21 05:57:45,377 [INFO] [7/300] loss 2170.62 | compact 14.0339 | spectral 17.7133 | recons_loss: 0.238866 | sparse_loss: 1.0424 | 
2025-07-21 05:57:45,378 [INFO] [Iter 7] LR: 0.10000000
2025-07-21 05:57:45,379 [INFO] Saving best model at iteration 7
2025-07-21 05:57:45,976 [INFO] [8/300] loss 2166.95 | compact 14.0575 | spectral 17.6876 | recons_loss: 0.234858 | sparse_loss: 1.04187 | 
2025-07-21 05:57:45,976 [INFO] [Iter 8] LR: 0.10000000
2025-07-21 05:57:45,977 [INFO] Saving best model at iteration 8
2025-07-21 05:57:46,575 [INFO] [9/300] loss 2163.25 | compact 14.078 | spectral 17.6614 | recons_loss: 0.230716 | sparse_loss: 1.04136 | 
2025-07-21 05:57:46,575 [INFO] [Iter 9] LR: 0.10000000
2025-07-21 05:57:46,576 [INFO] Saving best model at iteration 9
2025-07-21 05:57:47,173 [INFO] [10/300] loss 2159.62 | compact 14.0945 | spectral 17.6379 | recons_loss: 0.226516 | sparse_loss: 1.04087 | 
2025-07-21 05:57:47,174 [INFO] [Iter 10] LR: 0.10000000
2025-07-21 05:57:47,175 [INFO] Saving best model at iteration 10
2025-07-21 05:57:47,779 [INFO] [11/300] loss 2156.01 | compact 14.1092 | spectral 17.6143 | recons_loss: 0.22229 | sparse_loss: 1.04037 | 
2025-07-21 05:57:47,779 [INFO] [Iter 11] LR: 0.10000000
2025-07-21 05:57:47,780 [INFO] Saving best model at iteration 11
2025-07-21 05:57:48,378 [INFO] [12/300] loss 2152.48 | compact 14.121 | spectral 17.5924 | recons_loss: 0.218041 | sparse_loss: 1.03985 | 
2025-07-21 05:57:48,378 [INFO] [Iter 12] LR: 0.10000000
2025-07-21 05:57:48,379 [INFO] Saving best model at iteration 12
2025-07-21 05:57:48,976 [INFO] [13/300] loss 2149.02 | compact 14.1333 | spectral 17.5665 | recons_loss: 0.213815 | sparse_loss: 1.03933 | 
2025-07-21 05:57:48,977 [INFO] [Iter 13] LR: 0.10000000
2025-07-21 05:57:48,978 [INFO] Saving best model at iteration 13
2025-07-21 05:57:49,574 [INFO] [14/300] loss 2145.68 | compact 14.1459 | spectral 17.5432 | recons_loss: 0.209634 | sparse_loss: 1.03882 | 
2025-07-21 05:57:49,575 [INFO] [Iter 14] LR: 0.10000000
2025-07-21 05:57:49,576 [INFO] Saving best model at iteration 14
2025-07-21 05:57:50,173 [INFO] [15/300] loss 2142.45 | compact 14.1575 | spectral 17.5218 | recons_loss: 0.205512 | sparse_loss: 1.03835 | 
2025-07-21 05:57:50,173 [INFO] [Iter 15] LR: 0.10000000
2025-07-21 05:57:50,174 [INFO] Saving best model at iteration 15
2025-07-21 05:57:50,771 [INFO] [16/300] loss 2139.34 | compact 14.1695 | spectral 17.5 | recons_loss: 0.201476 | sparse_loss: 1.03792 | 
2025-07-21 05:57:50,771 [INFO] [Iter 16] LR: 0.10000000
2025-07-21 05:57:50,772 [INFO] Saving best model at iteration 16
2025-07-21 05:57:51,369 [INFO] [17/300] loss 2136.34 | compact 14.1806 | spectral 17.4773 | recons_loss: 0.197526 | sparse_loss: 1.03756 | 
2025-07-21 05:57:51,369 [INFO] [Iter 17] LR: 0.10000000
2025-07-21 05:57:51,370 [INFO] Saving best model at iteration 17
2025-07-21 05:57:51,968 [INFO] [18/300] loss 2133.46 | compact 14.1902 | spectral 17.4567 | recons_loss: 0.193691 | sparse_loss: 1.03723 | 
2025-07-21 05:57:51,969 [INFO] [Iter 18] LR: 0.10000000
2025-07-21 05:57:51,971 [INFO] Saving best model at iteration 18
2025-07-21 05:57:52,569 [INFO] [19/300] loss 2130.73 | compact 14.1978 | spectral 17.4374 | recons_loss: 0.189989 | sparse_loss: 1.03693 | 
2025-07-21 05:57:52,569 [INFO] [Iter 19] LR: 0.10000000
2025-07-21 05:57:52,570 [INFO] Saving best model at iteration 19
2025-07-21 05:57:53,168 [INFO] [20/300] loss 2128.12 | compact 14.2056 | spectral 17.4198 | recons_loss: 0.186424 | sparse_loss: 1.03664 | 
2025-07-21 05:57:53,168 [INFO] [Iter 20] LR: 0.10000000
2025-07-21 05:57:53,169 [INFO] Saving best model at iteration 20
2025-07-21 05:57:53,766 [INFO] [21/300] loss 2125.61 | compact 14.2156 | spectral 17.4087 | recons_loss: 0.182937 | sparse_loss: 1.03635 | 
2025-07-21 05:57:53,766 [INFO] [Iter 21] LR: 0.10000000
2025-07-21 05:57:53,767 [INFO] Saving best model at iteration 21
2025-07-21 05:57:54,375 [INFO] [22/300] loss 2123.21 | compact 14.2237 | spectral 17.4 | recons_loss: 0.179569 | sparse_loss: 1.03608 | 
2025-07-21 05:57:54,375 [INFO] [Iter 22] LR: 0.10000000
2025-07-21 05:57:54,376 [INFO] Saving best model at iteration 22
2025-07-21 05:57:54,983 [INFO] [23/300] loss 2120.89 | compact 14.2343 | spectral 17.3812 | recons_loss: 0.176333 | sparse_loss: 1.03582 | 
2025-07-21 05:57:54,983 [INFO] [Iter 23] LR: 0.10000000
2025-07-21 05:57:54,984 [INFO] Saving best model at iteration 23
2025-07-21 05:57:55,596 [INFO] [24/300] loss 2118.67 | compact 14.2426 | spectral 17.3652 | recons_loss: 0.173236 | sparse_loss: 1.03559 | 
2025-07-21 05:57:55,596 [INFO] [Iter 24] LR: 0.10000000
2025-07-21 05:57:55,597 [INFO] Saving best model at iteration 24
2025-07-21 05:57:56,209 [INFO] [25/300] loss 2116.54 | compact 14.2491 | spectral 17.349 | recons_loss: 0.170269 | sparse_loss: 1.0354 | 
2025-07-21 05:57:56,209 [INFO] [Iter 25] LR: 0.10000000
2025-07-21 05:57:56,210 [INFO] Saving best model at iteration 25
2025-07-21 05:57:56,820 [INFO] [26/300] loss 2114.52 | compact 14.2545 | spectral 17.3344 | recons_loss: 0.167449 | sparse_loss: 1.03522 | 
2025-07-21 05:57:56,821 [INFO] [Iter 26] LR: 0.10000000
2025-07-21 05:57:56,822 [INFO] Saving best model at iteration 26
2025-07-21 05:57:57,419 [INFO] [27/300] loss 2112.58 | compact 14.2599 | spectral 17.3224 | recons_loss: 0.164728 | sparse_loss: 1.03507 | 
2025-07-21 05:57:57,419 [INFO] [Iter 27] LR: 0.10000000
2025-07-21 05:57:57,420 [INFO] Saving best model at iteration 27
2025-07-21 05:57:58,017 [INFO] [28/300] loss 2110.68 | compact 14.2636 | spectral 17.3152 | recons_loss: 0.162046 | sparse_loss: 1.03492 | 
2025-07-21 05:57:58,017 [INFO] [Iter 28] LR: 0.10000000
2025-07-21 05:57:58,018 [INFO] Saving best model at iteration 28
2025-07-21 05:57:58,615 [INFO] [29/300] loss 2108.9 | compact 14.2692 | spectral 17.308 | recons_loss: 0.159512 | sparse_loss: 1.03476 | 
2025-07-21 05:57:58,615 [INFO] [Iter 29] LR: 0.10000000
2025-07-21 05:57:58,616 [INFO] Saving best model at iteration 29
2025-07-21 05:57:59,213 [INFO] [30/300] loss 2107.22 | compact 14.2758 | spectral 17.3011 | recons_loss: 0.157128 | sparse_loss: 1.03461 | 
2025-07-21 05:57:59,213 [INFO] [Iter 30] LR: 0.10000000
2025-07-21 05:57:59,214 [INFO] Saving best model at iteration 30
2025-07-21 05:57:59,811 [INFO] [31/300] loss 2105.63 | compact 14.2825 | spectral 17.2941 | recons_loss: 0.154882 | sparse_loss: 1.03445 | 
2025-07-21 05:57:59,811 [INFO] [Iter 31] LR: 0.10000000
2025-07-21 05:57:59,812 [INFO] Saving best model at iteration 31
2025-07-21 05:58:00,410 [INFO] [32/300] loss 2104.14 | compact 14.2892 | spectral 17.2892 | recons_loss: 0.152761 | sparse_loss: 1.03431 | 
2025-07-21 05:58:00,410 [INFO] [Iter 32] LR: 0.10000000
2025-07-21 05:58:00,411 [INFO] Saving best model at iteration 32
2025-07-21 05:58:01,016 [INFO] [33/300] loss 2102.72 | compact 14.2963 | spectral 17.2853 | recons_loss: 0.15076 | sparse_loss: 1.03418 | 
2025-07-21 05:58:01,017 [INFO] [Iter 33] LR: 0.10000000
2025-07-21 05:58:01,019 [INFO] Saving best model at iteration 33
2025-07-21 05:58:01,616 [INFO] [34/300] loss 2101.37 | compact 14.304 | spectral 17.2828 | recons_loss: 0.148878 | sparse_loss: 1.03405 | 
2025-07-21 05:58:01,617 [INFO] [Iter 34] LR: 0.10000000
2025-07-21 05:58:01,618 [INFO] Saving best model at iteration 34
2025-07-21 05:58:02,216 [INFO] [35/300] loss 2100.09 | compact 14.3105 | spectral 17.2811 | recons_loss: 0.147116 | sparse_loss: 1.03391 | 
2025-07-21 05:58:02,216 [INFO] [Iter 35] LR: 0.10000000
2025-07-21 05:58:02,217 [INFO] Saving best model at iteration 35
2025-07-21 05:58:02,825 [INFO] [36/300] loss 2098.84 | compact 14.3176 | spectral 17.2744 | recons_loss: 0.145446 | sparse_loss: 1.03377 | 
2025-07-21 05:58:02,826 [INFO] [Iter 36] LR: 0.10000000
2025-07-21 05:58:02,827 [INFO] Saving best model at iteration 36
2025-07-21 05:58:03,426 [INFO] [37/300] loss 2097.64 | compact 14.3249 | spectral 17.2663 | recons_loss: 0.143876 | sparse_loss: 1.03362 | 
2025-07-21 05:58:03,426 [INFO] [Iter 37] LR: 0.10000000
2025-07-21 05:58:03,427 [INFO] Saving best model at iteration 37
2025-07-21 05:58:04,024 [INFO] [38/300] loss 2096.49 | compact 14.3319 | spectral 17.2578 | recons_loss: 0.142395 | sparse_loss: 1.03347 | 
2025-07-21 05:58:04,025 [INFO] [Iter 38] LR: 0.10000000
2025-07-21 05:58:04,026 [INFO] Saving best model at iteration 38
2025-07-21 05:58:04,624 [INFO] [39/300] loss 2095.39 | compact 14.3382 | spectral 17.2507 | recons_loss: 0.140997 | sparse_loss: 1.03333 | 
2025-07-21 05:58:04,624 [INFO] [Iter 39] LR: 0.10000000
2025-07-21 05:58:04,627 [INFO] Saving best model at iteration 39
2025-07-21 05:58:05,224 [INFO] [40/300] loss 2094.35 | compact 14.3431 | spectral 17.2461 | recons_loss: 0.139681 | sparse_loss: 1.0332 | 
2025-07-21 05:58:05,224 [INFO] [Iter 40] LR: 0.10000000
2025-07-21 05:58:05,226 [INFO] Saving best model at iteration 40
2025-07-21 05:58:05,822 [INFO] [41/300] loss 2093.35 | compact 14.3505 | spectral 17.2428 | recons_loss: 0.138444 | sparse_loss: 1.03308 | 
2025-07-21 05:58:05,823 [INFO] [Iter 41] LR: 0.10000000
2025-07-21 05:58:05,824 [INFO] Saving best model at iteration 41
2025-07-21 05:58:06,422 [INFO] [42/300] loss 2092.38 | compact 14.3539 | spectral 17.2371 | recons_loss: 0.13729 | sparse_loss: 1.03296 | 
2025-07-21 05:58:06,422 [INFO] [Iter 42] LR: 0.10000000
2025-07-21 05:58:06,423 [INFO] Saving best model at iteration 42
2025-07-21 05:58:07,020 [INFO] [43/300] loss 2091.45 | compact 14.3574 | spectral 17.231 | recons_loss: 0.136199 | sparse_loss: 1.03284 | 
2025-07-21 05:58:07,020 [INFO] [Iter 43] LR: 0.10000000
2025-07-21 05:58:07,022 [INFO] Saving best model at iteration 43
2025-07-21 05:58:07,619 [INFO] [44/300] loss 2090.56 | compact 14.3599 | spectral 17.2273 | recons_loss: 0.135157 | sparse_loss: 1.03273 | 
2025-07-21 05:58:07,619 [INFO] [Iter 44] LR: 0.10000000
2025-07-21 05:58:07,620 [INFO] Saving best model at iteration 44
2025-07-21 05:58:08,219 [INFO] [45/300] loss 2089.71 | compact 14.3618 | spectral 17.2261 | recons_loss: 0.134172 | sparse_loss: 1.03262 | 
2025-07-21 05:58:08,220 [INFO] [Iter 45] LR: 0.10000000
2025-07-21 05:58:08,221 [INFO] Saving best model at iteration 45
2025-07-21 05:58:08,817 [INFO] [46/300] loss 2088.89 | compact 14.3635 | spectral 17.2255 | recons_loss: 0.13323 | sparse_loss: 1.03253 | 
2025-07-21 05:58:08,818 [INFO] [Iter 46] LR: 0.10000000
2025-07-21 05:58:08,819 [INFO] Saving best model at iteration 46
2025-07-21 05:58:09,415 [INFO] [47/300] loss 2088.11 | compact 14.365 | spectral 17.2251 | recons_loss: 0.13233 | sparse_loss: 1.03245 | 
2025-07-21 05:58:09,416 [INFO] [Iter 47] LR: 0.10000000
2025-07-21 05:58:09,417 [INFO] Saving best model at iteration 47
2025-07-21 05:58:10,014 [INFO] [48/300] loss 2087.35 | compact 14.366 | spectral 17.2258 | recons_loss: 0.131465 | sparse_loss: 1.03237 | 
2025-07-21 05:58:10,014 [INFO] [Iter 48] LR: 0.10000000
2025-07-21 05:58:10,015 [INFO] Saving best model at iteration 48
2025-07-21 05:58:10,629 [INFO] [49/300] loss 2086.63 | compact 14.3666 | spectral 17.2266 | recons_loss: 0.13064 | sparse_loss: 1.03229 | 
2025-07-21 05:58:10,629 [INFO] [Iter 49] LR: 0.10000000
2025-07-21 05:58:10,631 [INFO] Saving best model at iteration 49
2025-07-21 05:58:10,831 [INFO] H: 600, W: 166
2025-07-21 05:58:10,928 [INFO] [0 1 2 3 4 5]
2025-07-21 05:58:11,027 [INFO] y_target: [1 2 3 4 5 6]
2025-07-21 05:58:11,027 [INFO] y_predict: [0 1 2 3 4 5]
2025-07-21 05:58:11,114 [INFO] Epoch = 50 OA = 0.7987 Kappa = 0.7437 NMI = 0.7516
2025-07-21 05:58:11,590 [INFO] [50/300] loss 2085.93 | compact 14.367 | spectral 17.2267 | recons_loss: 0.129863 | sparse_loss: 1.03221 | 
2025-07-21 05:58:11,590 [INFO] [Iter 50] LR: 0.10000000
2025-07-21 05:58:11,591 [INFO] Saving best model at iteration 50
2025-07-21 05:58:12,189 [INFO] [51/300] loss 2085.26 | compact 14.3664 | spectral 17.229 | recons_loss: 0.129122 | sparse_loss: 1.03212 | 
2025-07-21 05:58:12,189 [INFO] [Iter 51] LR: 0.10000000
2025-07-21 05:58:12,190 [INFO] Saving best model at iteration 51
2025-07-21 05:58:12,787 [INFO] [52/300] loss 2084.66 | compact 14.3679 | spectral 17.2385 | recons_loss: 0.128415 | sparse_loss: 1.03205 | 
2025-07-21 05:58:12,788 [INFO] [Iter 52] LR: 0.10000000
2025-07-21 05:58:12,789 [INFO] Saving best model at iteration 52
2025-07-21 05:58:13,397 [INFO] [53/300] loss 2084.07 | compact 14.3659 | spectral 17.2416 | recons_loss: 0.127746 | sparse_loss: 1.03198 | 
2025-07-21 05:58:13,397 [INFO] [Iter 53] LR: 0.10000000
2025-07-21 05:58:13,398 [INFO] Saving best model at iteration 53
2025-07-21 05:58:13,996 [INFO] [54/300] loss 2083.51 | compact 14.3648 | spectral 17.2445 | recons_loss: 0.127116 | sparse_loss: 1.03192 | 
2025-07-21 05:58:13,996 [INFO] [Iter 54] LR: 0.10000000
2025-07-21 05:58:13,997 [INFO] Saving best model at iteration 54
2025-07-21 05:58:14,594 [INFO] [55/300] loss 2082.98 | compact 14.3622 | spectral 17.2431 | recons_loss: 0.126553 | sparse_loss: 1.03186 | 
2025-07-21 05:58:14,595 [INFO] [Iter 55] LR: 0.10000000
2025-07-21 05:58:14,596 [INFO] Saving best model at iteration 55
2025-07-21 05:58:15,193 [INFO] [56/300] loss 2082.48 | compact 14.3611 | spectral 17.2428 | recons_loss: 0.126022 | sparse_loss: 1.03182 | 
2025-07-21 05:58:15,193 [INFO] [Iter 56] LR: 0.10000000
2025-07-21 05:58:15,194 [INFO] Saving best model at iteration 56
2025-07-21 05:58:15,793 [INFO] [57/300] loss 2082 | compact 14.3597 | spectral 17.2442 | recons_loss: 0.125505 | sparse_loss: 1.03178 | 
2025-07-21 05:58:15,794 [INFO] [Iter 57] LR: 0.10000000
2025-07-21 05:58:15,796 [INFO] Saving best model at iteration 57
2025-07-21 05:58:16,411 [INFO] [58/300] loss 2081.54 | compact 14.3586 | spectral 17.2455 | recons_loss: 0.125013 | sparse_loss: 1.03175 | 
2025-07-21 05:58:16,411 [INFO] [Iter 58] LR: 0.10000000
2025-07-21 05:58:16,412 [INFO] Saving best model at iteration 58
2025-07-21 05:58:17,010 [INFO] [59/300] loss 2081.1 | compact 14.3593 | spectral 17.245 | recons_loss: 0.12454 | sparse_loss: 1.03171 | 
2025-07-21 05:58:17,011 [INFO] [Iter 59] LR: 0.10000000
2025-07-21 05:58:17,012 [INFO] Saving best model at iteration 59
2025-07-21 05:58:17,608 [INFO] [60/300] loss 2080.66 | compact 14.362 | spectral 17.242 | recons_loss: 0.124085 | sparse_loss: 1.03166 | 
2025-07-21 05:58:17,609 [INFO] [Iter 60] LR: 0.10000000
2025-07-21 05:58:17,610 [INFO] Saving best model at iteration 60
2025-07-21 05:58:18,207 [INFO] [61/300] loss 2080.22 | compact 14.3628 | spectral 17.2415 | recons_loss: 0.123638 | sparse_loss: 1.03162 | 
2025-07-21 05:58:18,207 [INFO] [Iter 61] LR: 0.10000000
2025-07-21 05:58:18,208 [INFO] Saving best model at iteration 61
2025-07-21 05:58:18,805 [INFO] [62/300] loss 2079.79 | compact 14.3636 | spectral 17.2409 | recons_loss: 0.123207 | sparse_loss: 1.03158 | 
2025-07-21 05:58:18,806 [INFO] [Iter 62] LR: 0.10000000
2025-07-21 05:58:18,807 [INFO] Saving best model at iteration 62
2025-07-21 05:58:19,404 [INFO] [63/300] loss 2079.39 | compact 14.3637 | spectral 17.2408 | recons_loss: 0.122785 | sparse_loss: 1.03153 | 
2025-07-21 05:58:19,404 [INFO] [Iter 63] LR: 0.10000000
2025-07-21 05:58:19,405 [INFO] Saving best model at iteration 63
2025-07-21 05:58:20,003 [INFO] [64/300] loss 2079 | compact 14.3649 | spectral 17.2392 | recons_loss: 0.122351 | sparse_loss: 1.0315 | 
2025-07-21 05:58:20,003 [INFO] [Iter 64] LR: 0.10000000
2025-07-21 05:58:20,004 [INFO] Saving best model at iteration 64
2025-07-21 05:58:20,607 [INFO] [65/300] loss 2078.62 | compact 14.3663 | spectral 17.2379 | recons_loss: 0.121929 | sparse_loss: 1.03146 | 
2025-07-21 05:58:20,607 [INFO] [Iter 65] LR: 0.10000000
2025-07-21 05:58:20,608 [INFO] Saving best model at iteration 65
2025-07-21 05:58:21,206 [INFO] [66/300] loss 2078.24 | compact 14.3676 | spectral 17.2354 | recons_loss: 0.121525 | sparse_loss: 1.03141 | 
2025-07-21 05:58:21,207 [INFO] [Iter 66] LR: 0.10000000
2025-07-21 05:58:21,209 [INFO] Saving best model at iteration 66
2025-07-21 05:58:21,810 [INFO] [67/300] loss 2077.88 | compact 14.3681 | spectral 17.2366 | recons_loss: 0.121143 | sparse_loss: 1.03136 | 
2025-07-21 05:58:21,810 [INFO] [Iter 67] LR: 0.10000000
2025-07-21 05:58:21,811 [INFO] Saving best model at iteration 67
2025-07-21 05:58:22,408 [INFO] [68/300] loss 2077.53 | compact 14.3693 | spectral 17.2327 | recons_loss: 0.120779 | sparse_loss: 1.0313 | 
2025-07-21 05:58:22,408 [INFO] [Iter 68] LR: 0.10000000
2025-07-21 05:58:22,409 [INFO] Saving best model at iteration 68
2025-07-21 05:58:23,007 [INFO] [69/300] loss 2077.2 | compact 14.3686 | spectral 17.2328 | recons_loss: 0.120425 | sparse_loss: 1.03124 | 
2025-07-21 05:58:23,007 [INFO] [Iter 69] LR: 0.10000000
2025-07-21 05:58:23,008 [INFO] Saving best model at iteration 69
2025-07-21 05:58:23,615 [INFO] [70/300] loss 2076.89 | compact 14.3672 | spectral 17.2336 | recons_loss: 0.120085 | sparse_loss: 1.0312 | 
2025-07-21 05:58:23,615 [INFO] [Iter 70] LR: 0.10000000
2025-07-21 05:58:23,616 [INFO] Saving best model at iteration 70
2025-07-21 05:58:24,214 [INFO] [71/300] loss 2076.57 | compact 14.3665 | spectral 17.2338 | recons_loss: 0.119757 | sparse_loss: 1.03115 | 
2025-07-21 05:58:24,214 [INFO] [Iter 71] LR: 0.10000000
2025-07-21 05:58:24,215 [INFO] Saving best model at iteration 71
2025-07-21 05:58:24,812 [INFO] [72/300] loss 2076.27 | compact 14.3647 | spectral 17.2362 | recons_loss: 0.119458 | sparse_loss: 1.03111 | 
2025-07-21 05:58:24,813 [INFO] [Iter 72] LR: 0.10000000
2025-07-21 05:58:24,814 [INFO] Saving best model at iteration 72
2025-07-21 05:58:25,410 [INFO] [73/300] loss 2075.95 | compact 14.3642 | spectral 17.2371 | recons_loss: 0.119151 | sparse_loss: 1.03106 | 
2025-07-21 05:58:25,411 [INFO] [Iter 73] LR: 0.10000000
2025-07-21 05:58:25,412 [INFO] Saving best model at iteration 73
2025-07-21 05:58:26,009 [INFO] [74/300] loss 2075.66 | compact 14.3627 | spectral 17.24 | recons_loss: 0.118855 | sparse_loss: 1.03101 | 
2025-07-21 05:58:26,009 [INFO] [Iter 74] LR: 0.10000000
2025-07-21 05:58:26,010 [INFO] Saving best model at iteration 74
2025-07-21 05:58:26,608 [INFO] [75/300] loss 2075.37 | compact 14.3626 | spectral 17.2426 | recons_loss: 0.118568 | sparse_loss: 1.03096 | 
2025-07-21 05:58:26,608 [INFO] [Iter 75] LR: 0.10000000
2025-07-21 05:58:26,609 [INFO] Saving best model at iteration 75
2025-07-21 05:58:27,206 [INFO] [76/300] loss 2075.07 | compact 14.3615 | spectral 17.247 | recons_loss: 0.118279 | sparse_loss: 1.03091 | 
2025-07-21 05:58:27,207 [INFO] [Iter 76] LR: 0.10000000
2025-07-21 05:58:27,208 [INFO] Saving best model at iteration 76
2025-07-21 05:58:27,805 [INFO] [77/300] loss 2074.79 | compact 14.3605 | spectral 17.2515 | recons_loss: 0.117999 | sparse_loss: 1.03087 | 
2025-07-21 05:58:27,805 [INFO] [Iter 77] LR: 0.10000000
2025-07-21 05:58:27,806 [INFO] Saving best model at iteration 77
2025-07-21 05:58:28,412 [INFO] [78/300] loss 2074.51 | compact 14.3597 | spectral 17.2563 | recons_loss: 0.11772 | sparse_loss: 1.03083 | 
2025-07-21 05:58:28,413 [INFO] [Iter 78] LR: 0.10000000
2025-07-21 05:58:28,414 [INFO] Saving best model at iteration 78
2025-07-21 05:58:29,012 [INFO] [79/300] loss 2074.24 | compact 14.358 | spectral 17.2615 | recons_loss: 0.11746 | sparse_loss: 1.03078 | 
2025-07-21 05:58:29,012 [INFO] [Iter 79] LR: 0.10000000
2025-07-21 05:58:29,013 [INFO] Saving best model at iteration 79
2025-07-21 05:58:29,611 [INFO] [80/300] loss 2073.98 | compact 14.3565 | spectral 17.2671 | recons_loss: 0.11721 | sparse_loss: 1.03073 | 
2025-07-21 05:58:29,611 [INFO] [Iter 80] LR: 0.10000000
2025-07-21 05:58:29,612 [INFO] Saving best model at iteration 80
2025-07-21 05:58:30,210 [INFO] [81/300] loss 2073.73 | compact 14.3555 | spectral 17.2737 | recons_loss: 0.116963 | sparse_loss: 1.03068 | 
2025-07-21 05:58:30,210 [INFO] [Iter 81] LR: 0.10000000
2025-07-21 05:58:30,212 [INFO] Saving best model at iteration 81
2025-07-21 05:58:30,809 [INFO] [82/300] loss 2073.48 | compact 14.3547 | spectral 17.2799 | recons_loss: 0.116716 | sparse_loss: 1.03063 | 
2025-07-21 05:58:30,809 [INFO] [Iter 82] LR: 0.10000000
2025-07-21 05:58:30,811 [INFO] Saving best model at iteration 82
2025-07-21 05:58:31,409 [INFO] [83/300] loss 2073.23 | compact 14.3553 | spectral 17.2844 | recons_loss: 0.116459 | sparse_loss: 1.03059 | 
2025-07-21 05:58:31,409 [INFO] [Iter 83] LR: 0.10000000
2025-07-21 05:58:31,410 [INFO] Saving best model at iteration 83
2025-07-21 05:58:32,008 [INFO] [84/300] loss 2072.98 | compact 14.3561 | spectral 17.2861 | recons_loss: 0.116213 | sparse_loss: 1.03055 | 
2025-07-21 05:58:32,008 [INFO] [Iter 84] LR: 0.10000000
2025-07-21 05:58:32,010 [INFO] Saving best model at iteration 84
2025-07-21 05:58:32,607 [INFO] [85/300] loss 2072.74 | compact 14.3583 | spectral 17.2864 | recons_loss: 0.115978 | sparse_loss: 1.03051 | 
2025-07-21 05:58:32,607 [INFO] [Iter 85] LR: 0.10000000
2025-07-21 05:58:32,608 [INFO] Saving best model at iteration 85
2025-07-21 05:58:33,206 [INFO] [86/300] loss 2072.51 | compact 14.3614 | spectral 17.2822 | recons_loss: 0.115768 | sparse_loss: 1.03047 | 
2025-07-21 05:58:33,207 [INFO] [Iter 86] LR: 0.10000000
2025-07-21 05:58:33,208 [INFO] Saving best model at iteration 86
2025-07-21 05:58:33,812 [INFO] [87/300] loss 2072.28 | compact 14.3646 | spectral 17.2774 | recons_loss: 0.11556 | sparse_loss: 1.03043 | 
2025-07-21 05:58:33,812 [INFO] [Iter 87] LR: 0.10000000
2025-07-21 05:58:33,813 [INFO] Saving best model at iteration 87
2025-07-21 05:58:34,421 [INFO] [88/300] loss 2072.06 | compact 14.3667 | spectral 17.2734 | recons_loss: 0.115366 | sparse_loss: 1.03039 | 
2025-07-21 05:58:34,421 [INFO] [Iter 88] LR: 0.10000000
2025-07-21 05:58:34,423 [INFO] Saving best model at iteration 88
2025-07-21 05:58:35,021 [INFO] [89/300] loss 2071.85 | compact 14.3682 | spectral 17.2714 | recons_loss: 0.115178 | sparse_loss: 1.03035 | 
2025-07-21 05:58:35,021 [INFO] [Iter 89] LR: 0.10000000
2025-07-21 05:58:35,022 [INFO] Saving best model at iteration 89
2025-07-21 05:58:35,629 [INFO] [90/300] loss 2071.63 | compact 14.3697 | spectral 17.2693 | recons_loss: 0.114979 | sparse_loss: 1.03031 | 
2025-07-21 05:58:35,629 [INFO] [Iter 90] LR: 0.10000000
2025-07-21 05:58:35,630 [INFO] Saving best model at iteration 90
2025-07-21 05:58:36,241 [INFO] [91/300] loss 2071.41 | compact 14.3723 | spectral 17.269 | recons_loss: 0.114777 | sparse_loss: 1.03027 | 
2025-07-21 05:58:36,241 [INFO] [Iter 91] LR: 0.10000000
2025-07-21 05:58:36,242 [INFO] Saving best model at iteration 91
2025-07-21 05:58:36,846 [INFO] [92/300] loss 2071.19 | compact 14.375 | spectral 17.2696 | recons_loss: 0.114576 | sparse_loss: 1.03023 | 
2025-07-21 05:58:36,847 [INFO] [Iter 92] LR: 0.10000000
2025-07-21 05:58:36,848 [INFO] Saving best model at iteration 92
2025-07-21 05:58:37,445 [INFO] [93/300] loss 2070.96 | compact 14.3783 | spectral 17.2683 | recons_loss: 0.114376 | sparse_loss: 1.03019 | 
2025-07-21 05:58:37,445 [INFO] [Iter 93] LR: 0.10000000
2025-07-21 05:58:37,447 [INFO] Saving best model at iteration 93
2025-07-21 05:58:38,045 [INFO] [94/300] loss 2070.74 | compact 14.3827 | spectral 17.2666 | recons_loss: 0.114186 | sparse_loss: 1.03016 | 
2025-07-21 05:58:38,045 [INFO] [Iter 94] LR: 0.10000000
2025-07-21 05:58:38,047 [INFO] Saving best model at iteration 94
2025-07-21 05:58:38,648 [INFO] [95/300] loss 2070.52 | compact 14.3871 | spectral 17.2693 | recons_loss: 0.113999 | sparse_loss: 1.03013 | 
2025-07-21 05:58:38,648 [INFO] [Iter 95] LR: 0.10000000
2025-07-21 05:58:38,649 [INFO] Saving best model at iteration 95
2025-07-21 05:58:39,246 [INFO] [96/300] loss 2070.32 | compact 14.3903 | spectral 17.281 | recons_loss: 0.113842 | sparse_loss: 1.0301 | 
2025-07-21 05:58:39,246 [INFO] [Iter 96] LR: 0.10000000
2025-07-21 05:58:39,247 [INFO] Saving best model at iteration 96
2025-07-21 05:58:39,852 [INFO] [97/300] loss 2070.17 | compact 14.394 | spectral 17.2914 | recons_loss: 0.113755 | sparse_loss: 1.03009 | 
2025-07-21 05:58:39,852 [INFO] [Iter 97] LR: 0.10000000
2025-07-21 05:58:39,855 [INFO] Saving best model at iteration 97
2025-07-21 05:58:40,454 [INFO] [98/300] loss 2070.04 | compact 14.3988 | spectral 17.315 | recons_loss: 0.11367 | sparse_loss: 1.03005 | 
2025-07-21 05:58:40,454 [INFO] [Iter 98] LR: 0.05000000
2025-07-21 05:58:40,455 [INFO] Saving best model at iteration 98
2025-07-21 05:58:41,053 [INFO] [99/300] loss 2069.91 | compact 14.4016 | spectral 17.33 | recons_loss: 0.113584 | sparse_loss: 1.03003 | 
2025-07-21 05:58:41,053 [INFO] [Iter 99] LR: 0.05000000
2025-07-21 05:58:41,054 [INFO] Saving best model at iteration 99
2025-07-21 05:58:41,237 [INFO] H: 600, W: 166
2025-07-21 05:58:41,325 [INFO] [0 1 2 3 4 5]
2025-07-21 05:58:41,622 [INFO] y_target: [1 2 3 4 5 6]
2025-07-21 05:58:41,623 [INFO] y_predict: [0 1 2 3 4 5]
2025-07-21 05:58:41,709 [INFO] Epoch = 100 OA = 0.6804 Kappa = 0.5998 NMI = 0.6925
2025-07-21 05:58:42,185 [INFO] [100/300] loss 2069.77 | compact 14.4047 | spectral 17.3397 | recons_loss: 0.113516 | sparse_loss: 1.03 | 
2025-07-21 05:58:42,186 [INFO] [Iter 100] LR: 0.05000000
2025-07-21 05:58:42,187 [INFO] Saving best model at iteration 100
2025-07-21 05:58:42,785 [INFO] [101/300] loss 2069.63 | compact 14.4071 | spectral 17.3496 | recons_loss: 0.113457 | sparse_loss: 1.02996 | 
2025-07-21 05:58:42,785 [INFO] [Iter 101] LR: 0.05000000
2025-07-21 05:58:42,786 [INFO] Saving best model at iteration 101
2025-07-21 05:58:43,384 [INFO] [102/300] loss 2069.47 | compact 14.4093 | spectral 17.3546 | recons_loss: 0.113399 | sparse_loss: 1.02991 | 
2025-07-21 05:58:43,384 [INFO] [Iter 102] LR: 0.05000000
2025-07-21 05:58:43,385 [INFO] Saving best model at iteration 102
2025-07-21 05:58:43,987 [INFO] [103/300] loss 2069.31 | compact 14.4115 | spectral 17.3598 | recons_loss: 0.113331 | sparse_loss: 1.02987 | 
2025-07-21 05:58:43,987 [INFO] [Iter 103] LR: 0.05000000
2025-07-21 05:58:43,988 [INFO] Saving best model at iteration 103
2025-07-21 05:58:44,586 [INFO] [104/300] loss 2069.17 | compact 14.4132 | spectral 17.3645 | recons_loss: 0.113263 | sparse_loss: 1.02983 | 
2025-07-21 05:58:44,587 [INFO] [Iter 104] LR: 0.05000000
2025-07-21 05:58:44,588 [INFO] Saving best model at iteration 104
2025-07-21 05:58:45,186 [INFO] [105/300] loss 2069.02 | compact 14.4142 | spectral 17.3682 | recons_loss: 0.1132 | sparse_loss: 1.0298 | 
2025-07-21 05:58:45,186 [INFO] [Iter 105] LR: 0.05000000
2025-07-21 05:58:45,188 [INFO] Saving best model at iteration 105
2025-07-21 05:58:45,787 [INFO] [106/300] loss 2068.86 | compact 14.4152 | spectral 17.3705 | recons_loss: 0.113129 | sparse_loss: 1.02978 | 
2025-07-21 05:58:45,787 [INFO] [Iter 106] LR: 0.05000000
2025-07-21 05:58:45,788 [INFO] Saving best model at iteration 106
2025-07-21 05:58:46,385 [INFO] [107/300] loss 2068.71 | compact 14.4157 | spectral 17.3736 | recons_loss: 0.113073 | sparse_loss: 1.02974 | 
2025-07-21 05:58:46,386 [INFO] [Iter 107] LR: 0.05000000
2025-07-21 05:58:46,387 [INFO] Saving best model at iteration 107
2025-07-21 05:58:46,984 [INFO] [108/300] loss 2068.57 | compact 14.4166 | spectral 17.3762 | recons_loss: 0.112988 | sparse_loss: 1.02972 | 
2025-07-21 05:58:46,984 [INFO] [Iter 108] LR: 0.05000000
2025-07-21 05:58:46,985 [INFO] Saving best model at iteration 108
2025-07-21 05:58:47,582 [INFO] [109/300] loss 2068.41 | compact 14.418 | spectral 17.378 | recons_loss: 0.112922 | sparse_loss: 1.02968 | 
2025-07-21 05:58:47,583 [INFO] [Iter 109] LR: 0.05000000
2025-07-21 05:58:47,584 [INFO] Saving best model at iteration 109
2025-07-21 05:58:48,181 [INFO] [110/300] loss 2068.25 | compact 14.4195 | spectral 17.3798 | recons_loss: 0.112866 | sparse_loss: 1.02963 | 
2025-07-21 05:58:48,181 [INFO] [Iter 110] LR: 0.05000000
2025-07-21 05:58:48,182 [INFO] Saving best model at iteration 110
2025-07-21 05:58:48,781 [INFO] [111/300] loss 2068.11 | compact 14.4207 | spectral 17.382 | recons_loss: 0.112819 | sparse_loss: 1.02959 | 
2025-07-21 05:58:48,781 [INFO] [Iter 111] LR: 0.05000000
2025-07-21 05:58:48,784 [INFO] Saving best model at iteration 111
2025-07-21 05:58:49,382 [INFO] [112/300] loss 2067.97 | compact 14.422 | spectral 17.3831 | recons_loss: 0.11278 | sparse_loss: 1.02956 | 
2025-07-21 05:58:49,382 [INFO] [Iter 112] LR: 0.05000000
2025-07-21 05:58:49,383 [INFO] Saving best model at iteration 112
2025-07-21 05:58:49,981 [INFO] [113/300] loss 2067.83 | compact 14.4231 | spectral 17.3842 | recons_loss: 0.112736 | sparse_loss: 1.02954 | 
2025-07-21 05:58:49,981 [INFO] [Iter 113] LR: 0.05000000
2025-07-21 05:58:49,983 [INFO] Saving best model at iteration 113
2025-07-21 05:58:50,580 [INFO] [114/300] loss 2067.69 | compact 14.4239 | spectral 17.3861 | recons_loss: 0.112686 | sparse_loss: 1.02952 | 
2025-07-21 05:58:50,580 [INFO] [Iter 114] LR: 0.05000000
2025-07-21 05:58:50,581 [INFO] Saving best model at iteration 114
2025-07-21 05:58:51,181 [INFO] [115/300] loss 2067.57 | compact 14.4253 | spectral 17.3876 | recons_loss: 0.112637 | sparse_loss: 1.02949 | 
2025-07-21 05:58:51,181 [INFO] [Iter 115] LR: 0.05000000
2025-07-21 05:58:51,182 [INFO] Saving best model at iteration 115
2025-07-21 05:58:51,779 [INFO] [116/300] loss 2067.44 | compact 14.4257 | spectral 17.3904 | recons_loss: 0.112584 | sparse_loss: 1.02946 | 
2025-07-21 05:58:51,779 [INFO] [Iter 116] LR: 0.05000000
2025-07-21 05:58:51,780 [INFO] Saving best model at iteration 116
2025-07-21 05:58:52,382 [INFO] [117/300] loss 2067.31 | compact 14.4263 | spectral 17.3922 | recons_loss: 0.112529 | sparse_loss: 1.02942 | 
2025-07-21 05:58:52,382 [INFO] [Iter 117] LR: 0.05000000
2025-07-21 05:58:52,383 [INFO] Saving best model at iteration 117
2025-07-21 05:58:52,980 [INFO] [118/300] loss 2067.17 | compact 14.4271 | spectral 17.3931 | recons_loss: 0.112468 | sparse_loss: 1.02939 | 
2025-07-21 05:58:52,981 [INFO] [Iter 118] LR: 0.05000000
2025-07-21 05:58:52,982 [INFO] Saving best model at iteration 118
2025-07-21 05:58:53,597 [INFO] [119/300] loss 2067.04 | compact 14.4277 | spectral 17.394 | recons_loss: 0.112406 | sparse_loss: 1.02936 | 
2025-07-21 05:58:53,598 [INFO] [Iter 119] LR: 0.05000000
2025-07-21 05:58:53,599 [INFO] Saving best model at iteration 119
2025-07-21 05:58:54,196 [INFO] [120/300] loss 2066.91 | compact 14.4279 | spectral 17.3954 | recons_loss: 0.112343 | sparse_loss: 1.02933 | 
2025-07-21 05:58:54,196 [INFO] [Iter 120] LR: 0.05000000
2025-07-21 05:58:54,197 [INFO] Saving best model at iteration 120
2025-07-21 05:58:54,796 [INFO] [121/300] loss 2066.79 | compact 14.428 | spectral 17.3976 | recons_loss: 0.11228 | sparse_loss: 1.02931 | 
2025-07-21 05:58:54,796 [INFO] [Iter 121] LR: 0.05000000
2025-07-21 05:58:54,798 [INFO] Saving best model at iteration 121
2025-07-21 05:58:55,415 [INFO] [122/300] loss 2066.67 | compact 14.4278 | spectral 17.3998 | recons_loss: 0.11222 | sparse_loss: 1.02928 | 
2025-07-21 05:58:55,416 [INFO] [Iter 122] LR: 0.05000000
2025-07-21 05:58:55,417 [INFO] Saving best model at iteration 122
2025-07-21 05:58:56,014 [INFO] [123/300] loss 2066.55 | compact 14.4278 | spectral 17.4011 | recons_loss: 0.112159 | sparse_loss: 1.02926 | 
2025-07-21 05:58:56,015 [INFO] [Iter 123] LR: 0.05000000
2025-07-21 05:58:56,016 [INFO] Saving best model at iteration 123
2025-07-21 05:58:56,615 [INFO] [124/300] loss 2066.44 | compact 14.4294 | spectral 17.4023 | recons_loss: 0.112097 | sparse_loss: 1.02924 | 
2025-07-21 05:58:56,616 [INFO] [Iter 124] LR: 0.05000000
2025-07-21 05:58:56,617 [INFO] Saving best model at iteration 124
2025-07-21 05:58:57,215 [INFO] [125/300] loss 2066.32 | compact 14.4314 | spectral 17.4019 | recons_loss: 0.112031 | sparse_loss: 1.02922 | 
2025-07-21 05:58:57,215 [INFO] [Iter 125] LR: 0.05000000
2025-07-21 05:58:57,216 [INFO] Saving best model at iteration 125
2025-07-21 05:58:57,813 [INFO] [126/300] loss 2066.2 | compact 14.4327 | spectral 17.401 | recons_loss: 0.111968 | sparse_loss: 1.0292 | 
2025-07-21 05:58:57,814 [INFO] [Iter 126] LR: 0.05000000
2025-07-21 05:58:57,815 [INFO] Saving best model at iteration 126
2025-07-21 05:58:58,412 [INFO] [127/300] loss 2066.09 | compact 14.4338 | spectral 17.4008 | recons_loss: 0.111906 | sparse_loss: 1.02919 | 
2025-07-21 05:58:58,412 [INFO] [Iter 127] LR: 0.05000000
2025-07-21 05:58:58,413 [INFO] Saving best model at iteration 127
2025-07-21 05:58:59,011 [INFO] [128/300] loss 2065.98 | compact 14.4351 | spectral 17.3998 | recons_loss: 0.111845 | sparse_loss: 1.02918 | 
2025-07-21 05:58:59,011 [INFO] [Iter 128] LR: 0.05000000
2025-07-21 05:58:59,012 [INFO] Saving best model at iteration 128
2025-07-21 05:58:59,627 [INFO] [129/300] loss 2065.87 | compact 14.4358 | spectral 17.3999 | recons_loss: 0.111786 | sparse_loss: 1.02917 | 
2025-07-21 05:58:59,627 [INFO] [Iter 129] LR: 0.05000000
2025-07-21 05:58:59,628 [INFO] Saving best model at iteration 129
2025-07-21 05:59:00,244 [INFO] [130/300] loss 2065.76 | compact 14.4365 | spectral 17.4001 | recons_loss: 0.111729 | sparse_loss: 1.02916 | 
2025-07-21 05:59:00,244 [INFO] [Iter 130] LR: 0.05000000
2025-07-21 05:59:00,245 [INFO] Saving best model at iteration 130
2025-07-21 05:59:00,843 [INFO] [131/300] loss 2065.66 | compact 14.4366 | spectral 17.4011 | recons_loss: 0.11167 | sparse_loss: 1.02915 | 
2025-07-21 05:59:00,843 [INFO] [Iter 131] LR: 0.05000000
2025-07-21 05:59:00,844 [INFO] Saving best model at iteration 131
2025-07-21 05:59:01,442 [INFO] [132/300] loss 2065.56 | compact 14.4371 | spectral 17.4022 | recons_loss: 0.111612 | sparse_loss: 1.02914 | 
2025-07-21 05:59:01,442 [INFO] [Iter 132] LR: 0.05000000
2025-07-21 05:59:01,443 [INFO] Saving best model at iteration 132
2025-07-21 05:59:02,040 [INFO] [133/300] loss 2065.46 | compact 14.4373 | spectral 17.4034 | recons_loss: 0.111557 | sparse_loss: 1.02912 | 
2025-07-21 05:59:02,040 [INFO] [Iter 133] LR: 0.05000000
2025-07-21 05:59:02,041 [INFO] Saving best model at iteration 133
2025-07-21 05:59:02,647 [INFO] [134/300] loss 2065.36 | compact 14.4375 | spectral 17.4045 | recons_loss: 0.111503 | sparse_loss: 1.02911 | 
2025-07-21 05:59:02,648 [INFO] [Iter 134] LR: 0.05000000
2025-07-21 05:59:02,649 [INFO] Saving best model at iteration 134
2025-07-21 05:59:03,259 [INFO] [135/300] loss 2065.26 | compact 14.4378 | spectral 17.405 | recons_loss: 0.111447 | sparse_loss: 1.02909 | 
2025-07-21 05:59:03,259 [INFO] [Iter 135] LR: 0.05000000
2025-07-21 05:59:03,260 [INFO] Saving best model at iteration 135
2025-07-21 05:59:03,863 [INFO] [136/300] loss 2065.16 | compact 14.4386 | spectral 17.4045 | recons_loss: 0.111392 | sparse_loss: 1.02908 | 
2025-07-21 05:59:03,863 [INFO] [Iter 136] LR: 0.05000000
2025-07-21 05:59:03,864 [INFO] Saving best model at iteration 136
2025-07-21 05:59:04,471 [INFO] [137/300] loss 2065.07 | compact 14.4393 | spectral 17.4043 | recons_loss: 0.111336 | sparse_loss: 1.02906 | 
2025-07-21 05:59:04,471 [INFO] [Iter 137] LR: 0.05000000
2025-07-21 05:59:04,472 [INFO] Saving best model at iteration 137
2025-07-21 05:59:05,069 [INFO] [138/300] loss 2064.97 | compact 14.4407 | spectral 17.4046 | recons_loss: 0.111281 | sparse_loss: 1.02905 | 
2025-07-21 05:59:05,070 [INFO] [Iter 138] LR: 0.05000000
2025-07-21 05:59:05,071 [INFO] Saving best model at iteration 138
2025-07-21 05:59:05,671 [INFO] [139/300] loss 2064.88 | compact 14.4418 | spectral 17.4053 | recons_loss: 0.111229 | sparse_loss: 1.02903 | 
2025-07-21 05:59:05,671 [INFO] [Iter 139] LR: 0.05000000
2025-07-21 05:59:05,672 [INFO] Saving best model at iteration 139
2025-07-21 05:59:06,273 [INFO] [140/300] loss 2064.79 | compact 14.4433 | spectral 17.4062 | recons_loss: 0.111179 | sparse_loss: 1.02901 | 
2025-07-21 05:59:06,274 [INFO] [Iter 140] LR: 0.05000000
2025-07-21 05:59:06,275 [INFO] Saving best model at iteration 140
2025-07-21 05:59:06,875 [INFO] [141/300] loss 2064.72 | compact 14.4441 | spectral 17.4084 | recons_loss: 0.111134 | sparse_loss: 1.02899 | 
2025-07-21 05:59:06,875 [INFO] [Iter 141] LR: 0.02500000
2025-07-21 05:59:06,876 [INFO] Saving best model at iteration 141
2025-07-21 05:59:07,474 [INFO] [142/300] loss 2064.63 | compact 14.445 | spectral 17.4097 | recons_loss: 0.11109 | sparse_loss: 1.02898 | 
2025-07-21 05:59:07,475 [INFO] [Iter 142] LR: 0.02500000
2025-07-21 05:59:07,476 [INFO] Saving best model at iteration 142
2025-07-21 05:59:08,074 [INFO] [143/300] loss 2064.55 | compact 14.4457 | spectral 17.4107 | recons_loss: 0.111045 | sparse_loss: 1.02896 | 
2025-07-21 05:59:08,074 [INFO] [Iter 143] LR: 0.02500000
2025-07-21 05:59:08,075 [INFO] Saving best model at iteration 143
2025-07-21 05:59:08,672 [INFO] [144/300] loss 2064.47 | compact 14.446 | spectral 17.4133 | recons_loss: 0.111 | sparse_loss: 1.02895 | 
2025-07-21 05:59:08,672 [INFO] [Iter 144] LR: 0.02500000
2025-07-21 05:59:08,673 [INFO] Saving best model at iteration 144
2025-07-21 05:59:09,271 [INFO] [145/300] loss 2064.4 | compact 14.4459 | spectral 17.4171 | recons_loss: 0.110952 | sparse_loss: 1.02894 | 
2025-07-21 05:59:09,272 [INFO] [Iter 145] LR: 0.01250000
2025-07-21 05:59:09,273 [INFO] Saving best model at iteration 145
2025-07-21 05:59:09,873 [INFO] [146/300] loss 2064.32 | compact 14.446 | spectral 17.4206 | recons_loss: 0.110894 | sparse_loss: 1.02892 | 
2025-07-21 05:59:09,873 [INFO] [Iter 146] LR: 0.01250000
2025-07-21 05:59:09,876 [INFO] Saving best model at iteration 146
2025-07-21 05:59:10,473 [INFO] [147/300] loss 2064.25 | compact 14.4459 | spectral 17.4239 | recons_loss: 0.110841 | sparse_loss: 1.02891 | 
2025-07-21 05:59:10,474 [INFO] [Iter 147] LR: 0.01250000
2025-07-21 05:59:10,475 [INFO] Saving best model at iteration 147
2025-07-21 05:59:11,072 [INFO] [148/300] loss 2064.18 | compact 14.4461 | spectral 17.4261 | recons_loss: 0.110791 | sparse_loss: 1.02891 | 
2025-07-21 05:59:11,072 [INFO] [Iter 148] LR: 0.01250000
2025-07-21 05:59:11,073 [INFO] Saving best model at iteration 148
2025-07-21 05:59:11,670 [INFO] [149/300] loss 2064.12 | compact 14.4464 | spectral 17.4278 | recons_loss: 0.110744 | sparse_loss: 1.0289 | 
2025-07-21 05:59:11,670 [INFO] [Iter 149] LR: 0.00625000
2025-07-21 05:59:11,671 [INFO] Saving best model at iteration 149
2025-07-21 05:59:11,854 [INFO] H: 600, W: 166
2025-07-21 05:59:11,981 [INFO] [0 1 2 3 4 5]
2025-07-21 05:59:12,077 [INFO] y_target: [1 2 3 4 5 6]
2025-07-21 05:59:12,077 [INFO] y_predict: [0 1 2 3 4 5]
2025-07-21 05:59:12,164 [INFO] Epoch = 150 OA = 0.8263 Kappa = 0.7737 NMI = 0.7580
2025-07-21 05:59:12,641 [INFO] [150/300] loss 2064.05 | compact 14.4468 | spectral 17.4293 | recons_loss: 0.110701 | sparse_loss: 1.02888 | 
2025-07-21 05:59:12,641 [INFO] [Iter 150] LR: 0.00625000
2025-07-21 05:59:12,644 [INFO] Saving best model at iteration 150
2025-07-21 05:59:13,242 [INFO] [151/300] loss 2063.99 | compact 14.4471 | spectral 17.4307 | recons_loss: 0.110662 | sparse_loss: 1.02887 | 
2025-07-21 05:59:13,243 [INFO] [Iter 151] LR: 0.00625000
2025-07-21 05:59:13,244 [INFO] Saving best model at iteration 151
2025-07-21 05:59:13,842 [INFO] [152/300] loss 2063.94 | compact 14.4473 | spectral 17.4319 | recons_loss: 0.110626 | sparse_loss: 1.02886 | 
2025-07-21 05:59:13,842 [INFO] [Iter 152] LR: 0.00625000
2025-07-21 05:59:13,843 [INFO] Saving best model at iteration 152
2025-07-21 05:59:14,440 [INFO] [153/300] loss 2063.89 | compact 14.4476 | spectral 17.433 | recons_loss: 0.110592 | sparse_loss: 1.02886 | 
2025-07-21 05:59:14,440 [INFO] [Iter 153] LR: 0.00625000
2025-07-21 05:59:14,441 [INFO] Saving best model at iteration 153
2025-07-21 05:59:15,039 [INFO] [154/300] loss 2063.84 | compact 14.4479 | spectral 17.4339 | recons_loss: 0.110562 | sparse_loss: 1.02885 | 
2025-07-21 05:59:15,039 [INFO] [Iter 154] LR: 0.00625000
2025-07-21 05:59:15,040 [INFO] Saving best model at iteration 154
2025-07-21 05:59:15,637 [INFO] [155/300] loss 2063.79 | compact 14.4482 | spectral 17.4347 | recons_loss: 0.110534 | sparse_loss: 1.02884 | 
2025-07-21 05:59:15,638 [INFO] [Iter 155] LR: 0.00312500
2025-07-21 05:59:15,639 [INFO] Saving best model at iteration 155
2025-07-21 05:59:16,237 [INFO] [156/300] loss 2063.75 | compact 14.4486 | spectral 17.4354 | recons_loss: 0.110508 | sparse_loss: 1.02883 | 
2025-07-21 05:59:16,237 [INFO] [Iter 156] LR: 0.00312500
2025-07-21 05:59:16,238 [INFO] Saving best model at iteration 156
2025-07-21 05:59:16,836 [INFO] [157/300] loss 2063.71 | compact 14.4489 | spectral 17.4361 | recons_loss: 0.110484 | sparse_loss: 1.02882 | 
2025-07-21 05:59:16,836 [INFO] [Iter 157] LR: 0.00312500
2025-07-21 05:59:16,838 [INFO] Saving best model at iteration 157
2025-07-21 05:59:17,442 [INFO] [158/300] loss 2063.67 | compact 14.4491 | spectral 17.4366 | recons_loss: 0.110462 | sparse_loss: 1.02881 | 
2025-07-21 05:59:17,442 [INFO] [Iter 158] LR: 0.00156250
2025-07-21 05:59:17,443 [INFO] Saving best model at iteration 158
2025-07-21 05:59:18,041 [INFO] [159/300] loss 2063.64 | compact 14.4494 | spectral 17.4371 | recons_loss: 0.110443 | sparse_loss: 1.02881 | 
2025-07-21 05:59:18,042 [INFO] [Iter 159] LR: 0.00156250
2025-07-21 05:59:18,044 [INFO] Saving best model at iteration 159
2025-07-21 05:59:18,651 [INFO] [160/300] loss 2063.61 | compact 14.4496 | spectral 17.4376 | recons_loss: 0.110425 | sparse_loss: 1.0288 | 
2025-07-21 05:59:18,651 [INFO] [Iter 160] LR: 0.00156250
2025-07-21 05:59:18,652 [INFO] Saving best model at iteration 160
2025-07-21 05:59:19,250 [INFO] [161/300] loss 2063.58 | compact 14.4499 | spectral 17.4379 | recons_loss: 0.110409 | sparse_loss: 1.0288 | 
2025-07-21 05:59:19,250 [INFO] [Iter 161] LR: 0.00078125
2025-07-21 05:59:19,252 [INFO] Saving best model at iteration 161
2025-07-21 05:59:19,850 [INFO] [162/300] loss 2063.55 | compact 14.4501 | spectral 17.4382 | recons_loss: 0.110394 | sparse_loss: 1.02879 | 
2025-07-21 05:59:19,851 [INFO] [Iter 162] LR: 0.00078125
2025-07-21 05:59:19,853 [INFO] Saving best model at iteration 162
2025-07-21 05:59:20,463 [INFO] [163/300] loss 2063.53 | compact 14.4503 | spectral 17.4385 | recons_loss: 0.110381 | sparse_loss: 1.02879 | 
2025-07-21 05:59:20,463 [INFO] [Iter 163] LR: 0.00078125
2025-07-21 05:59:20,464 [INFO] Saving best model at iteration 163
2025-07-21 05:59:21,062 [INFO] [164/300] loss 2063.5 | compact 14.4505 | spectral 17.4388 | recons_loss: 0.110369 | sparse_loss: 1.02879 | 
2025-07-21 05:59:21,062 [INFO] [Iter 164] LR: 0.00039063
2025-07-21 05:59:21,063 [INFO] Saving best model at iteration 164
2025-07-21 05:59:21,660 [INFO] [165/300] loss 2063.48 | compact 14.4506 | spectral 17.439 | recons_loss: 0.110358 | sparse_loss: 1.02878 | 
2025-07-21 05:59:21,660 [INFO] [Iter 165] LR: 0.00039063
2025-07-21 05:59:21,661 [INFO] Saving best model at iteration 165
2025-07-21 05:59:22,259 [INFO] [166/300] loss 2063.47 | compact 14.4508 | spectral 17.4392 | recons_loss: 0.110348 | sparse_loss: 1.02878 | 
2025-07-21 05:59:22,260 [INFO] [Iter 166] LR: 0.00039063
2025-07-21 05:59:22,261 [INFO] Saving best model at iteration 166
2025-07-21 05:59:22,867 [INFO] [167/300] loss 2063.45 | compact 14.4509 | spectral 17.4394 | recons_loss: 0.110339 | sparse_loss: 1.02878 | 
2025-07-21 05:59:22,868 [INFO] [Iter 167] LR: 0.00019531
2025-07-21 05:59:22,869 [INFO] Saving best model at iteration 167
2025-07-21 05:59:23,481 [INFO] [168/300] loss 2063.43 | compact 14.451 | spectral 17.4395 | recons_loss: 0.110331 | sparse_loss: 1.02877 | 
2025-07-21 05:59:23,481 [INFO] [Iter 168] LR: 0.00019531
2025-07-21 05:59:23,483 [INFO] Saving best model at iteration 168
2025-07-21 05:59:24,083 [INFO] [169/300] loss 2063.42 | compact 14.4511 | spectral 17.4397 | recons_loss: 0.110323 | sparse_loss: 1.02877 | 
2025-07-21 05:59:24,083 [INFO] [Iter 169] LR: 0.00019531
2025-07-21 05:59:24,084 [INFO] Saving best model at iteration 169
2025-07-21 05:59:24,692 [INFO] [170/300] loss 2063.41 | compact 14.4512 | spectral 17.4398 | recons_loss: 0.110317 | sparse_loss: 1.02877 | 
2025-07-21 05:59:24,692 [INFO] [Iter 170] LR: 0.00009766
2025-07-21 05:59:24,693 [INFO] Saving best model at iteration 170
2025-07-21 05:59:25,300 [INFO] [171/300] loss 2063.4 | compact 14.4513 | spectral 17.44 | recons_loss: 0.110311 | sparse_loss: 1.02877 | 
2025-07-21 05:59:25,300 [INFO] [Iter 171] LR: 0.00009766
2025-07-21 05:59:25,301 [INFO] Saving best model at iteration 171
2025-07-21 05:59:25,898 [INFO] [172/300] loss 2063.39 | compact 14.4514 | spectral 17.4401 | recons_loss: 0.110305 | sparse_loss: 1.02877 | 
2025-07-21 05:59:25,899 [INFO] [Iter 172] LR: 0.00009766
2025-07-21 05:59:25,900 [INFO] Saving best model at iteration 172
2025-07-21 05:59:26,498 [INFO] [173/300] loss 2063.38 | compact 14.4514 | spectral 17.4402 | recons_loss: 0.1103 | sparse_loss: 1.02876 | 
2025-07-21 05:59:26,498 [INFO] [Iter 173] LR: 0.00004883
2025-07-21 05:59:26,499 [INFO] Saving best model at iteration 173
2025-07-21 05:59:27,096 [INFO] [174/300] loss 2063.37 | compact 14.4515 | spectral 17.4403 | recons_loss: 0.110296 | sparse_loss: 1.02876 | 
2025-07-21 05:59:27,096 [INFO] [Iter 174] LR: 0.00004883
2025-07-21 05:59:27,098 [INFO] Saving best model at iteration 174
2025-07-21 05:59:27,695 [INFO] [175/300] loss 2063.36 | compact 14.4515 | spectral 17.4404 | recons_loss: 0.110292 | sparse_loss: 1.02876 | 
2025-07-21 05:59:27,695 [INFO] [Iter 175] LR: 0.00004883
2025-07-21 05:59:27,696 [INFO] Saving best model at iteration 175
2025-07-21 05:59:28,294 [INFO] [176/300] loss 2063.35 | compact 14.4516 | spectral 17.4405 | recons_loss: 0.110288 | sparse_loss: 1.02876 | 
2025-07-21 05:59:28,295 [INFO] [Iter 176] LR: 0.00002441
2025-07-21 05:59:28,297 [INFO] Saving best model at iteration 176
2025-07-21 05:59:28,915 [INFO] [177/300] loss 2063.35 | compact 14.4516 | spectral 17.4406 | recons_loss: 0.110285 | sparse_loss: 1.02876 | 
2025-07-21 05:59:28,916 [INFO] [Iter 177] LR: 0.00002441
2025-07-21 05:59:28,918 [INFO] Saving best model at iteration 177
2025-07-21 05:59:29,519 [INFO] [178/300] loss 2063.34 | compact 14.4517 | spectral 17.4406 | recons_loss: 0.110282 | sparse_loss: 1.02876 | 
2025-07-21 05:59:29,519 [INFO] [Iter 178] LR: 0.00002441
2025-07-21 05:59:29,520 [INFO] Saving best model at iteration 178
2025-07-21 05:59:30,117 [INFO] [179/300] loss 2063.34 | compact 14.4517 | spectral 17.4407 | recons_loss: 0.11028 | sparse_loss: 1.02876 | 
2025-07-21 05:59:30,117 [INFO] [Iter 179] LR: 0.00001221
2025-07-21 05:59:30,118 [INFO] Saving best model at iteration 179
2025-07-21 05:59:30,716 [INFO] [180/300] loss 2063.33 | compact 14.4517 | spectral 17.4407 | recons_loss: 0.110277 | sparse_loss: 1.02876 | 
2025-07-21 05:59:30,716 [INFO] [Iter 180] LR: 0.00001221
2025-07-21 05:59:30,718 [INFO] Saving best model at iteration 180
2025-07-21 05:59:31,318 [INFO] [181/300] loss 2063.33 | compact 14.4517 | spectral 17.4408 | recons_loss: 0.110275 | sparse_loss: 1.02876 | 
2025-07-21 05:59:31,319 [INFO] [Iter 181] LR: 0.00001221
2025-07-21 05:59:31,320 [INFO] Saving best model at iteration 181
2025-07-21 05:59:31,917 [INFO] [182/300] loss 2063.33 | compact 14.4518 | spectral 17.4408 | recons_loss: 0.110273 | sparse_loss: 1.02875 | 
2025-07-21 05:59:31,918 [INFO] [Iter 182] LR: 0.00000610
2025-07-21 05:59:31,919 [INFO] Saving best model at iteration 182
2025-07-21 05:59:32,518 [INFO] [183/300] loss 2063.32 | compact 14.4518 | spectral 17.4409 | recons_loss: 0.110272 | sparse_loss: 1.02875 | 
2025-07-21 05:59:32,518 [INFO] [Iter 183] LR: 0.00000610
2025-07-21 05:59:32,519 [INFO] Saving best model at iteration 183
2025-07-21 05:59:33,117 [INFO] [184/300] loss 2063.32 | compact 14.4518 | spectral 17.4409 | recons_loss: 0.11027 | sparse_loss: 1.02875 | 
2025-07-21 05:59:33,117 [INFO] [Iter 184] LR: 0.00000610
2025-07-21 05:59:33,119 [INFO] Saving best model at iteration 184
2025-07-21 05:59:33,719 [INFO] [185/300] loss 2063.32 | compact 14.4518 | spectral 17.4409 | recons_loss: 0.110269 | sparse_loss: 1.02875 | 
2025-07-21 05:59:33,719 [INFO] [Iter 185] LR: 0.00000305
2025-07-21 05:59:33,720 [INFO] Saving best model at iteration 185
2025-07-21 05:59:34,317 [INFO] [186/300] loss 2063.31 | compact 14.4518 | spectral 17.441 | recons_loss: 0.110267 | sparse_loss: 1.02875 | 
2025-07-21 05:59:34,318 [INFO] [Iter 186] LR: 0.00000305
2025-07-21 05:59:34,319 [INFO] Saving best model at iteration 186
2025-07-21 05:59:34,916 [INFO] [187/300] loss 2063.31 | compact 14.4518 | spectral 17.441 | recons_loss: 0.110266 | sparse_loss: 1.02875 | 
2025-07-21 05:59:34,917 [INFO] [Iter 187] LR: 0.00000305
2025-07-21 05:59:34,918 [INFO] Saving best model at iteration 187
2025-07-21 05:59:35,515 [INFO] [188/300] loss 2063.31 | compact 14.4519 | spectral 17.441 | recons_loss: 0.110265 | sparse_loss: 1.02875 | 
2025-07-21 05:59:35,515 [INFO] [Iter 188] LR: 0.00000153
2025-07-21 05:59:35,516 [INFO] Saving best model at iteration 188
2025-07-21 05:59:36,128 [INFO] [189/300] loss 2063.31 | compact 14.4519 | spectral 17.441 | recons_loss: 0.110264 | sparse_loss: 1.02875 | 
2025-07-21 05:59:36,128 [INFO] [Iter 189] LR: 0.00000153
2025-07-21 05:59:36,129 [INFO] Saving best model at iteration 189
2025-07-21 05:59:36,726 [INFO] [190/300] loss 2063.31 | compact 14.4519 | spectral 17.4411 | recons_loss: 0.110263 | sparse_loss: 1.02875 | 
2025-07-21 05:59:36,727 [INFO] [Iter 190] LR: 0.00000153
2025-07-21 05:59:36,728 [INFO] Saving best model at iteration 190
2025-07-21 05:59:37,325 [INFO] [191/300] loss 2063.3 | compact 14.4519 | spectral 17.4411 | recons_loss: 0.110263 | sparse_loss: 1.02875 | 
2025-07-21 05:59:37,325 [INFO] [Iter 191] LR: 0.00000076
2025-07-21 05:59:37,326 [INFO] Saving best model at iteration 191
2025-07-21 05:59:37,923 [INFO] [192/300] loss 2063.3 | compact 14.4519 | spectral 17.4411 | recons_loss: 0.110262 | sparse_loss: 1.02875 | 
2025-07-21 05:59:37,924 [INFO] [Iter 192] LR: 0.00000076
2025-07-21 05:59:37,925 [INFO] Saving best model at iteration 192
2025-07-21 05:59:38,522 [INFO] [193/300] loss 2063.3 | compact 14.4519 | spectral 17.4411 | recons_loss: 0.110261 | sparse_loss: 1.02875 | 
2025-07-21 05:59:38,522 [INFO] [Iter 193] LR: 0.00000076
2025-07-21 05:59:38,524 [INFO] Saving best model at iteration 193
2025-07-21 05:59:39,121 [INFO] [194/300] loss 2063.3 | compact 14.4519 | spectral 17.4411 | recons_loss: 0.110261 | sparse_loss: 1.02875 | 
2025-07-21 05:59:39,122 [INFO] [Iter 194] LR: 0.00000038
2025-07-21 05:59:39,123 [INFO] Saving best model at iteration 194
2025-07-21 05:59:39,722 [INFO] [195/300] loss 2063.3 | compact 14.4519 | spectral 17.4411 | recons_loss: 0.11026 | sparse_loss: 1.02875 | 
2025-07-21 05:59:39,722 [INFO] [Iter 195] LR: 0.00000038
2025-07-21 05:59:39,723 [INFO] Saving best model at iteration 195
2025-07-21 05:59:40,322 [INFO] [196/300] loss 2063.3 | compact 14.4519 | spectral 17.4411 | recons_loss: 0.11026 | sparse_loss: 1.02875 | 
2025-07-21 05:59:40,322 [INFO] [Iter 196] LR: 0.00000038
2025-07-21 05:59:40,323 [INFO] Saving best model at iteration 196
2025-07-21 05:59:40,921 [INFO] [197/300] loss 2063.3 | compact 14.4519 | spectral 17.4411 | recons_loss: 0.11026 | sparse_loss: 1.02875 | 
2025-07-21 05:59:40,921 [INFO] [Iter 197] LR: 0.00000019
2025-07-21 05:59:40,923 [INFO] Saving best model at iteration 197
2025-07-21 05:59:41,520 [INFO] [198/300] loss 2063.3 | compact 14.4519 | spectral 17.4412 | recons_loss: 0.110259 | sparse_loss: 1.02875 | 
2025-07-21 05:59:41,520 [INFO] [Iter 198] LR: 0.00000019
2025-07-21 05:59:41,521 [INFO] Saving best model at iteration 198
2025-07-21 05:59:42,119 [INFO] [199/300] loss 2063.3 | compact 14.4519 | spectral 17.4412 | recons_loss: 0.110259 | sparse_loss: 1.02875 | 
2025-07-21 05:59:42,119 [INFO] [Iter 199] LR: 0.00000019
2025-07-21 05:59:42,120 [INFO] Saving best model at iteration 199
2025-07-21 05:59:42,300 [INFO] H: 600, W: 166
2025-07-21 05:59:42,365 [INFO] [0 1 2 3 4 5]
2025-07-21 05:59:42,460 [INFO] y_target: [1 2 3 4 5 6]
2025-07-21 05:59:42,461 [INFO] y_predict: [0 1 2 3 4 5]
2025-07-21 05:59:42,549 [INFO] Epoch = 200 OA = 0.8263 Kappa = 0.7738 NMI = 0.7580
2025-07-21 05:59:43,024 [INFO] [200/300] loss 2063.3 | compact 14.4519 | spectral 17.4412 | recons_loss: 0.110259 | sparse_loss: 1.02875 | 
2025-07-21 05:59:43,025 [INFO] [Iter 200] LR: 0.00000010
2025-07-21 05:59:43,026 [INFO] Saving best model at iteration 200
2025-07-21 05:59:43,625 [INFO] [201/300] loss 2063.3 | compact 14.4519 | spectral 17.4412 | recons_loss: 0.110258 | sparse_loss: 1.02875 | 
2025-07-21 05:59:43,625 [INFO] [Iter 201] LR: 0.00000010
2025-07-21 05:59:43,627 [INFO] Saving best model at iteration 201
2025-07-21 05:59:44,227 [INFO] [202/300] loss 2063.3 | compact 14.4519 | spectral 17.4412 | recons_loss: 0.110258 | sparse_loss: 1.02875 | 
2025-07-21 05:59:44,227 [INFO] [Iter 202] LR: 0.00000010
2025-07-21 05:59:44,228 [INFO] Saving best model at iteration 202
2025-07-21 05:59:44,825 [INFO] [203/300] loss 2063.3 | compact 14.452 | spectral 17.4412 | recons_loss: 0.110258 | sparse_loss: 1.02875 | 
2025-07-21 05:59:44,826 [INFO] [Iter 203] LR: 0.00000005
2025-07-21 05:59:44,827 [INFO] Saving best model at iteration 203
2025-07-21 05:59:45,425 [INFO] [204/300] loss 2063.29 | compact 14.452 | spectral 17.4412 | recons_loss: 0.110258 | sparse_loss: 1.02875 | 
2025-07-21 05:59:45,425 [INFO] [Iter 204] LR: 0.00000005
2025-07-21 05:59:45,427 [INFO] Saving best model at iteration 204
2025-07-21 05:59:46,045 [INFO] [205/300] loss 2063.29 | compact 14.452 | spectral 17.4412 | recons_loss: 0.110258 | sparse_loss: 1.02875 | 
2025-07-21 05:59:46,045 [INFO] [Iter 205] LR: 0.00000005
2025-07-21 05:59:46,048 [INFO] Saving best model at iteration 205
2025-07-21 05:59:46,646 [INFO] [206/300] loss 2063.29 | compact 14.452 | spectral 17.4412 | recons_loss: 0.110257 | sparse_loss: 1.02875 | 
2025-07-21 05:59:46,646 [INFO] [Iter 206] LR: 0.00000002
2025-07-21 05:59:46,647 [INFO] Saving best model at iteration 206
2025-07-21 05:59:47,247 [INFO] [207/300] loss 2063.29 | compact 14.452 | spectral 17.4412 | recons_loss: 0.110257 | sparse_loss: 1.02875 | 
2025-07-21 05:59:47,247 [INFO] [Iter 207] LR: 0.00000002
2025-07-21 05:59:47,249 [INFO] Saving best model at iteration 207
2025-07-21 05:59:47,848 [INFO] [208/300] loss 2063.29 | compact 14.452 | spectral 17.4412 | recons_loss: 0.110257 | sparse_loss: 1.02875 | 
2025-07-21 05:59:47,848 [INFO] [Iter 208] LR: 0.00000002
2025-07-21 05:59:47,849 [INFO] Saving best model at iteration 208
2025-07-21 05:59:48,446 [INFO] [209/300] loss 2063.29 | compact 14.452 | spectral 17.4412 | recons_loss: 0.110257 | sparse_loss: 1.02875 | 
2025-07-21 05:59:48,447 [INFO] [Iter 209] LR: 0.00000001
2025-07-21 05:59:48,448 [INFO] Saving best model at iteration 209
2025-07-21 05:59:49,045 [INFO] [210/300] loss 2063.29 | compact 14.452 | spectral 17.4412 | recons_loss: 0.110257 | sparse_loss: 1.02875 | 
2025-07-21 05:59:49,046 [INFO] [Iter 210] LR: 0.00000001
2025-07-21 05:59:49,048 [INFO] Saving best model at iteration 210
2025-07-21 05:59:49,647 [INFO] [211/300] loss 2063.29 | compact 14.452 | spectral 17.4412 | recons_loss: 0.110257 | sparse_loss: 1.02875 | 
2025-07-21 05:59:49,648 [INFO] [Iter 211] LR: 0.00000001
2025-07-21 05:59:49,649 [INFO] Saving best model at iteration 211
2025-07-21 05:59:50,246 [INFO] [212/300] loss 2063.29 | compact 14.452 | spectral 17.4412 | recons_loss: 0.110257 | sparse_loss: 1.02875 | 
2025-07-21 05:59:50,246 [INFO] [Iter 212] LR: 0.00000001
2025-07-21 05:59:50,247 [INFO] Saving best model at iteration 212
2025-07-21 05:59:50,845 [INFO] [213/300] loss 2063.29 | compact 14.452 | spectral 17.4412 | recons_loss: 0.110257 | sparse_loss: 1.02875 | 
2025-07-21 05:59:50,845 [INFO] [Iter 213] LR: 0.00000001
2025-07-21 05:59:50,846 [INFO] Saving best model at iteration 213
2025-07-21 05:59:51,446 [INFO] [214/300] loss 2063.29 | compact 14.452 | spectral 17.4412 | recons_loss: 0.110257 | sparse_loss: 1.02875 | 
2025-07-21 05:59:51,447 [INFO] [Iter 214] LR: 0.00000001
2025-07-21 05:59:51,448 [INFO] Saving best model at iteration 214
2025-07-21 05:59:52,045 [INFO] [215/300] loss 2063.29 | compact 14.452 | spectral 17.4412 | recons_loss: 0.110257 | sparse_loss: 1.02875 | 
2025-07-21 05:59:52,046 [INFO] [Iter 215] LR: 0.00000001
2025-07-21 05:59:52,047 [INFO] Saving best model at iteration 215
2025-07-21 05:59:52,644 [INFO] [216/300] loss 2063.29 | compact 14.452 | spectral 17.4412 | recons_loss: 0.110257 | sparse_loss: 1.02875 | 
2025-07-21 05:59:52,645 [INFO] [Iter 216] LR: 0.00000001
2025-07-21 05:59:52,646 [INFO] Saving best model at iteration 216
2025-07-21 05:59:53,247 [INFO] [217/300] loss 2063.29 | compact 14.452 | spectral 17.4412 | recons_loss: 0.110256 | sparse_loss: 1.02875 | 
2025-07-21 05:59:53,247 [INFO] [Iter 217] LR: 0.00000001
2025-07-21 05:59:53,249 [INFO] No improvement: current loss 2063.292344, best loss 2063.292437
2025-07-21 05:59:53,846 [INFO] [218/300] loss 2063.29 | compact 14.452 | spectral 17.4412 | recons_loss: 0.110256 | sparse_loss: 1.02875 | 
2025-07-21 05:59:53,846 [INFO] [Iter 218] LR: 0.00000001
2025-07-21 05:59:53,847 [INFO] Saving best model at iteration 218
2025-07-21 05:59:54,445 [INFO] [219/300] loss 2063.29 | compact 14.452 | spectral 17.4412 | recons_loss: 0.110256 | sparse_loss: 1.02875 | 
2025-07-21 05:59:54,445 [INFO] [Iter 219] LR: 0.00000001
2025-07-21 05:59:54,448 [INFO] No improvement: current loss 2063.292184, best loss 2063.292260
2025-07-21 05:59:55,048 [INFO] [220/300] loss 2063.29 | compact 14.452 | spectral 17.4412 | recons_loss: 0.110256 | sparse_loss: 1.02875 | 
2025-07-21 05:59:55,048 [INFO] [Iter 220] LR: 0.00000001
2025-07-21 05:59:55,050 [INFO] Saving best model at iteration 220
2025-07-21 05:59:55,647 [INFO] [221/300] loss 2063.29 | compact 14.452 | spectral 17.4412 | recons_loss: 0.110256 | sparse_loss: 1.02875 | 
2025-07-21 05:59:55,647 [INFO] [Iter 221] LR: 0.00000001
2025-07-21 05:59:55,648 [INFO] No improvement: current loss 2063.292055, best loss 2063.292116
2025-07-21 05:59:56,245 [INFO] [222/300] loss 2063.29 | compact 14.452 | spectral 17.4412 | recons_loss: 0.110256 | sparse_loss: 1.02875 | 
2025-07-21 05:59:56,246 [INFO] [Iter 222] LR: 0.00000001
2025-07-21 05:59:56,247 [INFO] Saving best model at iteration 222
2025-07-21 05:59:56,844 [INFO] [223/300] loss 2063.29 | compact 14.452 | spectral 17.4412 | recons_loss: 0.110256 | sparse_loss: 1.02875 | 
2025-07-21 05:59:56,844 [INFO] [Iter 223] LR: 0.00000001
2025-07-21 05:59:56,845 [INFO] No improvement: current loss 2063.291950, best loss 2063.292000
2025-07-21 05:59:57,443 [INFO] [224/300] loss 2063.29 | compact 14.452 | spectral 17.4412 | recons_loss: 0.110256 | sparse_loss: 1.02875 | 
2025-07-21 05:59:57,443 [INFO] [Iter 224] LR: 0.00000001
2025-07-21 05:59:57,444 [INFO] No improvement: current loss 2063.291906, best loss 2063.292000
2025-07-21 05:59:58,041 [INFO] [225/300] loss 2063.29 | compact 14.452 | spectral 17.4412 | recons_loss: 0.110256 | sparse_loss: 1.02875 | 
2025-07-21 05:59:58,042 [INFO] [Iter 225] LR: 0.00000001
2025-07-21 05:59:58,043 [INFO] Saving best model at iteration 225
2025-07-21 05:59:58,660 [INFO] [226/300] loss 2063.29 | compact 14.452 | spectral 17.4412 | recons_loss: 0.110256 | sparse_loss: 1.02875 | 
2025-07-21 05:59:58,660 [INFO] [Iter 226] LR: 0.00000001
2025-07-21 05:59:58,662 [INFO] No improvement: current loss 2063.291829, best loss 2063.291865
2025-07-21 05:59:59,264 [INFO] [227/300] loss 2063.29 | compact 14.452 | spectral 17.4412 | recons_loss: 0.110256 | sparse_loss: 1.02875 | 
2025-07-21 05:59:59,264 [INFO] [Iter 227] LR: 0.00000001
2025-07-21 05:59:59,267 [INFO] No improvement: current loss 2063.291797, best loss 2063.291865
2025-07-21 05:59:59,866 [INFO] [228/300] loss 2063.29 | compact 14.452 | spectral 17.4412 | recons_loss: 0.110256 | sparse_loss: 1.02875 | 
2025-07-21 05:59:59,866 [INFO] [Iter 228] LR: 0.00000001
2025-07-21 05:59:59,868 [INFO] No improvement: current loss 2063.291768, best loss 2063.291865
2025-07-21 06:00:00,479 [INFO] [229/300] loss 2063.29 | compact 14.452 | spectral 17.4412 | recons_loss: 0.110256 | sparse_loss: 1.02875 | 
2025-07-21 06:00:00,479 [INFO] [Iter 229] LR: 0.00000001
2025-07-21 06:00:00,480 [INFO] Saving best model at iteration 229
2025-07-21 06:00:01,083 [INFO] [230/300] loss 2063.29 | compact 14.452 | spectral 17.4412 | recons_loss: 0.110256 | sparse_loss: 1.02875 | 
2025-07-21 06:00:01,083 [INFO] [Iter 230] LR: 0.00000001
2025-07-21 06:00:01,084 [INFO] No improvement: current loss 2063.291717, best loss 2063.291741
2025-07-21 06:00:01,683 [INFO] [231/300] loss 2063.29 | compact 14.452 | spectral 17.4412 | recons_loss: 0.110256 | sparse_loss: 1.02875 | 
2025-07-21 06:00:01,683 [INFO] [Iter 231] LR: 0.00000001
2025-07-21 06:00:01,684 [INFO] No improvement: current loss 2063.291696, best loss 2063.291741
2025-07-21 06:00:02,282 [INFO] [232/300] loss 2063.29 | compact 14.452 | spectral 17.4412 | recons_loss: 0.110256 | sparse_loss: 1.02875 | 
2025-07-21 06:00:02,282 [INFO] [Iter 232] LR: 0.00000001
2025-07-21 06:00:02,283 [INFO] No improvement: current loss 2063.291677, best loss 2063.291741
2025-07-21 06:00:02,880 [INFO] [233/300] loss 2063.29 | compact 14.452 | spectral 17.4412 | recons_loss: 0.110256 | sparse_loss: 1.02875 | 
2025-07-21 06:00:02,880 [INFO] [Iter 233] LR: 0.00000001
2025-07-21 06:00:02,881 [INFO] No improvement: current loss 2063.291660, best loss 2063.291741
2025-07-21 06:00:03,479 [INFO] [234/300] loss 2063.29 | compact 14.452 | spectral 17.4412 | recons_loss: 0.110256 | sparse_loss: 1.02875 | 
2025-07-21 06:00:03,479 [INFO] [Iter 234] LR: 0.00000001
2025-07-21 06:00:03,481 [INFO] No improvement: current loss 2063.291644, best loss 2063.291741
2025-07-21 06:00:04,078 [INFO] [235/300] loss 2063.29 | compact 14.452 | spectral 17.4412 | recons_loss: 0.110256 | sparse_loss: 1.02875 | 
2025-07-21 06:00:04,078 [INFO] [Iter 235] LR: 0.00000001
2025-07-21 06:00:04,079 [INFO] Saving best model at iteration 235
2025-07-21 06:00:04,677 [INFO] [236/300] loss 2063.29 | compact 14.452 | spectral 17.4412 | recons_loss: 0.110256 | sparse_loss: 1.02875 | 
2025-07-21 06:00:04,677 [INFO] [Iter 236] LR: 0.00000001
2025-07-21 06:00:04,678 [INFO] No improvement: current loss 2063.291617, best loss 2063.291630
2025-07-21 06:00:05,276 [INFO] [237/300] loss 2063.29 | compact 14.452 | spectral 17.4412 | recons_loss: 0.110256 | sparse_loss: 1.02875 | 
2025-07-21 06:00:05,276 [INFO] [Iter 237] LR: 0.00000001
2025-07-21 06:00:05,278 [INFO] No improvement: current loss 2063.291606, best loss 2063.291630
2025-07-21 06:00:05,877 [INFO] [238/300] loss 2063.29 | compact 14.452 | spectral 17.4412 | recons_loss: 0.110256 | sparse_loss: 1.02875 | 
2025-07-21 06:00:05,878 [INFO] [Iter 238] LR: 0.00000001
2025-07-21 06:00:05,880 [INFO] No improvement: current loss 2063.291596, best loss 2063.291630
2025-07-21 06:00:06,485 [INFO] [239/300] loss 2063.29 | compact 14.452 | spectral 17.4412 | recons_loss: 0.110256 | sparse_loss: 1.02875 | 
2025-07-21 06:00:06,485 [INFO] [Iter 239] LR: 0.00000001
2025-07-21 06:00:06,486 [INFO] No improvement: current loss 2063.291587, best loss 2063.291630
2025-07-21 06:00:07,089 [INFO] [240/300] loss 2063.29 | compact 14.452 | spectral 17.4412 | recons_loss: 0.110256 | sparse_loss: 1.02875 | 
2025-07-21 06:00:07,089 [INFO] [Iter 240] LR: 0.00000001
2025-07-21 06:00:07,091 [INFO] No improvement: current loss 2063.291578, best loss 2063.291630
2025-07-21 06:00:07,699 [INFO] [241/300] loss 2063.29 | compact 14.452 | spectral 17.4412 | recons_loss: 0.110256 | sparse_loss: 1.02875 | 
2025-07-21 06:00:07,699 [INFO] [Iter 241] LR: 0.00000001
2025-07-21 06:00:07,700 [INFO] No improvement: current loss 2063.291571, best loss 2063.291630
2025-07-21 06:00:08,297 [INFO] [242/300] loss 2063.29 | compact 14.452 | spectral 17.4412 | recons_loss: 0.110256 | sparse_loss: 1.02875 | 
2025-07-21 06:00:08,298 [INFO] [Iter 242] LR: 0.00000001
2025-07-21 06:00:08,299 [INFO] No improvement: current loss 2063.291564, best loss 2063.291630
2025-07-21 06:00:08,896 [INFO] [243/300] loss 2063.29 | compact 14.452 | spectral 17.4412 | recons_loss: 0.110256 | sparse_loss: 1.02875 | 
2025-07-21 06:00:08,897 [INFO] [Iter 243] LR: 0.00000001
2025-07-21 06:00:08,898 [INFO] No improvement: current loss 2063.291558, best loss 2063.291630
2025-07-21 06:00:09,495 [INFO] [244/300] loss 2063.29 | compact 14.452 | spectral 17.4412 | recons_loss: 0.110256 | sparse_loss: 1.02875 | 
2025-07-21 06:00:09,495 [INFO] [Iter 244] LR: 0.00000001
2025-07-21 06:00:09,496 [INFO] No improvement: current loss 2063.291553, best loss 2063.291630
2025-07-21 06:00:10,093 [INFO] [245/300] loss 2063.29 | compact 14.452 | spectral 17.4412 | recons_loss: 0.110256 | sparse_loss: 1.02875 | 
2025-07-21 06:00:10,094 [INFO] [Iter 245] LR: 0.00000001
2025-07-21 06:00:10,095 [INFO] No improvement: current loss 2063.291548, best loss 2063.291630
2025-07-21 06:00:10,692 [INFO] [246/300] loss 2063.29 | compact 14.452 | spectral 17.4412 | recons_loss: 0.110256 | sparse_loss: 1.02875 | 
2025-07-21 06:00:10,692 [INFO] [Iter 246] LR: 0.00000001
2025-07-21 06:00:10,693 [INFO] No improvement: current loss 2063.291543, best loss 2063.291630
2025-07-21 06:00:11,290 [INFO] [247/300] loss 2063.29 | compact 14.452 | spectral 17.4412 | recons_loss: 0.110256 | sparse_loss: 1.02875 | 
2025-07-21 06:00:11,290 [INFO] [Iter 247] LR: 0.00000001
2025-07-21 06:00:11,292 [INFO] No improvement: current loss 2063.291540, best loss 2063.291630
2025-07-21 06:00:11,889 [INFO] [248/300] loss 2063.29 | compact 14.452 | spectral 17.4412 | recons_loss: 0.110256 | sparse_loss: 1.02875 | 
2025-07-21 06:00:11,889 [INFO] [Iter 248] LR: 0.00000001
2025-07-21 06:00:11,891 [INFO] No improvement: current loss 2063.291536, best loss 2063.291630
2025-07-21 06:00:12,488 [INFO] [249/300] loss 2063.29 | compact 14.452 | spectral 17.4412 | recons_loss: 0.110256 | sparse_loss: 1.02875 | 
2025-07-21 06:00:12,489 [INFO] [Iter 249] LR: 0.00000001
2025-07-21 06:00:12,490 [INFO] No improvement: current loss 2063.291533, best loss 2063.291630
2025-07-21 06:00:12,673 [INFO] H: 600, W: 166
2025-07-21 06:00:12,819 [INFO] [0 1 2 3 4 5]
2025-07-21 06:00:12,922 [INFO] y_target: [1 2 3 4 5 6]
2025-07-21 06:00:12,923 [INFO] y_predict: [0 1 2 3 4 5]
2025-07-21 06:00:13,011 [INFO] Epoch = 250 OA = 0.8263 Kappa = 0.7738 NMI = 0.7580
2025-07-21 06:00:13,487 [INFO] [250/300] loss 2063.29 | compact 14.452 | spectral 17.4412 | recons_loss: 0.110256 | sparse_loss: 1.02875 | 
2025-07-21 06:00:13,487 [INFO] [Iter 250] LR: 0.00000001
2025-07-21 06:00:13,489 [INFO] Saving best model at iteration 250
2025-07-21 06:00:14,086 [INFO] [251/300] loss 2063.29 | compact 14.452 | spectral 17.4412 | recons_loss: 0.110256 | sparse_loss: 1.02875 | 
2025-07-21 06:00:14,086 [INFO] [Iter 251] LR: 0.00000001
2025-07-21 06:00:14,087 [INFO] No improvement: current loss 2063.291527, best loss 2063.291530
2025-07-21 06:00:14,685 [INFO] [252/300] loss 2063.29 | compact 14.452 | spectral 17.4412 | recons_loss: 0.110256 | sparse_loss: 1.02875 | 
2025-07-21 06:00:14,686 [INFO] [Iter 252] LR: 0.00000001
2025-07-21 06:00:14,688 [INFO] No improvement: current loss 2063.291525, best loss 2063.291530
2025-07-21 06:00:15,292 [INFO] [253/300] loss 2063.29 | compact 14.452 | spectral 17.4412 | recons_loss: 0.110256 | sparse_loss: 1.02875 | 
2025-07-21 06:00:15,292 [INFO] [Iter 253] LR: 0.00000001
2025-07-21 06:00:15,293 [INFO] No improvement: current loss 2063.291523, best loss 2063.291530
2025-07-21 06:00:15,891 [INFO] [254/300] loss 2063.29 | compact 14.452 | spectral 17.4412 | recons_loss: 0.110256 | sparse_loss: 1.02875 | 
2025-07-21 06:00:15,891 [INFO] [Iter 254] LR: 0.00000001
2025-07-21 06:00:15,893 [INFO] No improvement: current loss 2063.291521, best loss 2063.291530
2025-07-21 06:00:16,494 [INFO] [255/300] loss 2063.29 | compact 14.452 | spectral 17.4412 | recons_loss: 0.110256 | sparse_loss: 1.02875 | 
2025-07-21 06:00:16,495 [INFO] [Iter 255] LR: 0.00000001
2025-07-21 06:00:16,496 [INFO] No improvement: current loss 2063.291519, best loss 2063.291530
2025-07-21 06:00:17,094 [INFO] [256/300] loss 2063.29 | compact 14.452 | spectral 17.4412 | recons_loss: 0.110256 | sparse_loss: 1.02875 | 
2025-07-21 06:00:17,094 [INFO] [Iter 256] LR: 0.00000001
2025-07-21 06:00:17,095 [INFO] No improvement: current loss 2063.291518, best loss 2063.291530
2025-07-21 06:00:17,692 [INFO] [257/300] loss 2063.29 | compact 14.452 | spectral 17.4412 | recons_loss: 0.110256 | sparse_loss: 1.02875 | 
2025-07-21 06:00:17,693 [INFO] [Iter 257] LR: 0.00000001
2025-07-21 06:00:17,694 [INFO] No improvement: current loss 2063.291516, best loss 2063.291530
2025-07-21 06:00:18,296 [INFO] [258/300] loss 2063.29 | compact 14.452 | spectral 17.4412 | recons_loss: 0.110256 | sparse_loss: 1.02875 | 
2025-07-21 06:00:18,296 [INFO] [Iter 258] LR: 0.00000001
2025-07-21 06:00:18,299 [INFO] No improvement: current loss 2063.291515, best loss 2063.291530
2025-07-21 06:00:18,907 [INFO] [259/300] loss 2063.29 | compact 14.452 | spectral 17.4412 | recons_loss: 0.110256 | sparse_loss: 1.02875 | 
2025-07-21 06:00:18,907 [INFO] [Iter 259] LR: 0.00000001
2025-07-21 06:00:18,908 [INFO] No improvement: current loss 2063.291514, best loss 2063.291530
2025-07-21 06:00:19,506 [INFO] [260/300] loss 2063.29 | compact 14.452 | spectral 17.4412 | recons_loss: 0.110256 | sparse_loss: 1.02875 | 
2025-07-21 06:00:19,506 [INFO] [Iter 260] LR: 0.00000001
2025-07-21 06:00:19,508 [INFO] No improvement: current loss 2063.291513, best loss 2063.291530
2025-07-21 06:00:20,105 [INFO] [261/300] loss 2063.29 | compact 14.452 | spectral 17.4412 | recons_loss: 0.110256 | sparse_loss: 1.02875 | 
2025-07-21 06:00:20,105 [INFO] [Iter 261] LR: 0.00000001
2025-07-21 06:00:20,106 [INFO] No improvement: current loss 2063.291512, best loss 2063.291530
2025-07-21 06:00:20,705 [INFO] [262/300] loss 2063.29 | compact 14.452 | spectral 17.4412 | recons_loss: 0.110256 | sparse_loss: 1.02875 | 
2025-07-21 06:00:20,705 [INFO] [Iter 262] LR: 0.00000001
2025-07-21 06:00:20,707 [INFO] No improvement: current loss 2063.291511, best loss 2063.291530
2025-07-21 06:00:21,306 [INFO] [263/300] loss 2063.29 | compact 14.452 | spectral 17.4412 | recons_loss: 0.110256 | sparse_loss: 1.02875 | 
2025-07-21 06:00:21,307 [INFO] [Iter 263] LR: 0.00000001
2025-07-21 06:00:21,308 [INFO] No improvement: current loss 2063.291511, best loss 2063.291530
2025-07-21 06:00:21,905 [INFO] [264/300] loss 2063.29 | compact 14.452 | spectral 17.4412 | recons_loss: 0.110256 | sparse_loss: 1.02875 | 
2025-07-21 06:00:21,906 [INFO] [Iter 264] LR: 0.00000001
2025-07-21 06:00:21,907 [INFO] No improvement: current loss 2063.291510, best loss 2063.291530
2025-07-21 06:00:22,506 [INFO] [265/300] loss 2063.29 | compact 14.452 | spectral 17.4412 | recons_loss: 0.110256 | sparse_loss: 1.02875 | 
2025-07-21 06:00:22,506 [INFO] [Iter 265] LR: 0.00000001
2025-07-21 06:00:22,507 [INFO] No improvement: current loss 2063.291509, best loss 2063.291530
2025-07-21 06:00:23,105 [INFO] [266/300] loss 2063.29 | compact 14.452 | spectral 17.4412 | recons_loss: 0.110256 | sparse_loss: 1.02875 | 
2025-07-21 06:00:23,105 [INFO] [Iter 266] LR: 0.00000001
2025-07-21 06:00:23,106 [INFO] No improvement: current loss 2063.291509, best loss 2063.291530
2025-07-21 06:00:23,703 [INFO] [267/300] loss 2063.29 | compact 14.452 | spectral 17.4412 | recons_loss: 0.110256 | sparse_loss: 1.02875 | 
2025-07-21 06:00:23,704 [INFO] [Iter 267] LR: 0.00000001
2025-07-21 06:00:23,705 [INFO] No improvement: current loss 2063.291508, best loss 2063.291530
2025-07-21 06:00:24,302 [INFO] [268/300] loss 2063.29 | compact 14.452 | spectral 17.4412 | recons_loss: 0.110256 | sparse_loss: 1.02875 | 
2025-07-21 06:00:24,302 [INFO] [Iter 268] LR: 0.00000001
2025-07-21 06:00:24,303 [INFO] No improvement: current loss 2063.291508, best loss 2063.291530
2025-07-21 06:00:24,901 [INFO] [269/300] loss 2063.29 | compact 14.452 | spectral 17.4412 | recons_loss: 0.110256 | sparse_loss: 1.02875 | 
2025-07-21 06:00:24,901 [INFO] [Iter 269] LR: 0.00000001
2025-07-21 06:00:24,902 [INFO] No improvement: current loss 2063.291507, best loss 2063.291530
2025-07-21 06:00:25,507 [INFO] [270/300] loss 2063.29 | compact 14.452 | spectral 17.4412 | recons_loss: 0.110256 | sparse_loss: 1.02875 | 
2025-07-21 06:00:25,508 [INFO] [Iter 270] LR: 0.00000001
2025-07-21 06:00:25,509 [INFO] No improvement: current loss 2063.291507, best loss 2063.291530
2025-07-21 06:00:26,106 [INFO] [271/300] loss 2063.29 | compact 14.452 | spectral 17.4412 | recons_loss: 0.110256 | sparse_loss: 1.02875 | 
2025-07-21 06:00:26,106 [INFO] [Iter 271] LR: 0.00000001
2025-07-21 06:00:26,108 [INFO] No improvement: current loss 2063.291507, best loss 2063.291530
2025-07-21 06:00:26,708 [INFO] [272/300] loss 2063.29 | compact 14.452 | spectral 17.4412 | recons_loss: 0.110256 | sparse_loss: 1.02875 | 
2025-07-21 06:00:26,708 [INFO] [Iter 272] LR: 0.00000001
2025-07-21 06:00:26,709 [INFO] No improvement: current loss 2063.291506, best loss 2063.291530
2025-07-21 06:00:27,307 [INFO] [273/300] loss 2063.29 | compact 14.452 | spectral 17.4412 | recons_loss: 0.110256 | sparse_loss: 1.02875 | 
2025-07-21 06:00:27,307 [INFO] [Iter 273] LR: 0.00000001
2025-07-21 06:00:27,308 [INFO] No improvement: current loss 2063.291506, best loss 2063.291530
2025-07-21 06:00:27,905 [INFO] [274/300] loss 2063.29 | compact 14.452 | spectral 17.4412 | recons_loss: 0.110256 | sparse_loss: 1.02875 | 
2025-07-21 06:00:27,906 [INFO] [Iter 274] LR: 0.00000001
2025-07-21 06:00:27,907 [INFO] No improvement: current loss 2063.291506, best loss 2063.291530
2025-07-21 06:00:28,505 [INFO] [275/300] loss 2063.29 | compact 14.452 | spectral 17.4412 | recons_loss: 0.110256 | sparse_loss: 1.02875 | 
2025-07-21 06:00:28,505 [INFO] [Iter 275] LR: 0.00000001
2025-07-21 06:00:28,507 [INFO] No improvement: current loss 2063.291506, best loss 2063.291530
2025-07-21 06:00:29,124 [INFO] [276/300] loss 2063.29 | compact 14.452 | spectral 17.4412 | recons_loss: 0.110256 | sparse_loss: 1.02875 | 
2025-07-21 06:00:29,124 [INFO] [Iter 276] LR: 0.00000001
2025-07-21 06:00:29,127 [INFO] No improvement: current loss 2063.291506, best loss 2063.291530
2025-07-21 06:00:29,735 [INFO] [277/300] loss 2063.29 | compact 14.452 | spectral 17.4412 | recons_loss: 0.110256 | sparse_loss: 1.02875 | 
2025-07-21 06:00:29,736 [INFO] [Iter 277] LR: 0.00000001
2025-07-21 06:00:29,737 [INFO] No improvement: current loss 2063.291505, best loss 2063.291530
2025-07-21 06:00:30,335 [INFO] [278/300] loss 2063.29 | compact 14.452 | spectral 17.4412 | recons_loss: 0.110256 | sparse_loss: 1.02875 | 
2025-07-21 06:00:30,336 [INFO] [Iter 278] LR: 0.00000001
2025-07-21 06:00:30,337 [INFO] No improvement: current loss 2063.291505, best loss 2063.291530
2025-07-21 06:00:30,934 [INFO] [279/300] loss 2063.29 | compact 14.452 | spectral 17.4412 | recons_loss: 0.110256 | sparse_loss: 1.02875 | 
2025-07-21 06:00:30,934 [INFO] [Iter 279] LR: 0.00000001
2025-07-21 06:00:30,935 [INFO] No improvement: current loss 2063.291505, best loss 2063.291530
2025-07-21 06:00:31,533 [INFO] [280/300] loss 2063.29 | compact 14.452 | spectral 17.4412 | recons_loss: 0.110256 | sparse_loss: 1.02875 | 
2025-07-21 06:00:31,533 [INFO] [Iter 280] LR: 0.00000001
2025-07-21 06:00:31,534 [INFO] No improvement: current loss 2063.291505, best loss 2063.291530
2025-07-21 06:00:32,132 [INFO] [281/300] loss 2063.29 | compact 14.452 | spectral 17.4412 | recons_loss: 0.110256 | sparse_loss: 1.02875 | 
2025-07-21 06:00:32,132 [INFO] [Iter 281] LR: 0.00000001
2025-07-21 06:00:32,133 [INFO] No improvement: current loss 2063.291505, best loss 2063.291530
2025-07-21 06:00:32,731 [INFO] [282/300] loss 2063.29 | compact 14.452 | spectral 17.4412 | recons_loss: 0.110256 | sparse_loss: 1.02875 | 
2025-07-21 06:00:32,732 [INFO] [Iter 282] LR: 0.00000001
2025-07-21 06:00:32,733 [INFO] No improvement: current loss 2063.291505, best loss 2063.291530
2025-07-21 06:00:33,331 [INFO] [283/300] loss 2063.29 | compact 14.452 | spectral 17.4412 | recons_loss: 0.110256 | sparse_loss: 1.02875 | 
2025-07-21 06:00:33,331 [INFO] [Iter 283] LR: 0.00000001
2025-07-21 06:00:33,332 [INFO] No improvement: current loss 2063.291505, best loss 2063.291530
2025-07-21 06:00:33,931 [INFO] [284/300] loss 2063.29 | compact 14.452 | spectral 17.4412 | recons_loss: 0.110256 | sparse_loss: 1.02875 | 
2025-07-21 06:00:33,931 [INFO] [Iter 284] LR: 0.00000001
2025-07-21 06:00:33,933 [INFO] No improvement: current loss 2063.291505, best loss 2063.291530
2025-07-21 06:00:34,539 [INFO] [285/300] loss 2063.29 | compact 14.452 | spectral 17.4412 | recons_loss: 0.110256 | sparse_loss: 1.02875 | 
2025-07-21 06:00:34,539 [INFO] [Iter 285] LR: 0.00000001
2025-07-21 06:00:34,540 [INFO] No improvement: current loss 2063.291505, best loss 2063.291530
2025-07-21 06:00:35,137 [INFO] [286/300] loss 2063.29 | compact 14.452 | spectral 17.4412 | recons_loss: 0.110256 | sparse_loss: 1.02875 | 
2025-07-21 06:00:35,138 [INFO] [Iter 286] LR: 0.00000001
2025-07-21 06:00:35,139 [INFO] No improvement: current loss 2063.291504, best loss 2063.291530
2025-07-21 06:00:35,736 [INFO] [287/300] loss 2063.29 | compact 14.452 | spectral 17.4412 | recons_loss: 0.110256 | sparse_loss: 1.02875 | 
2025-07-21 06:00:35,736 [INFO] [Iter 287] LR: 0.00000001
2025-07-21 06:00:35,737 [INFO] No improvement: current loss 2063.291504, best loss 2063.291530
2025-07-21 06:00:36,342 [INFO] [288/300] loss 2063.29 | compact 14.452 | spectral 17.4412 | recons_loss: 0.110256 | sparse_loss: 1.02875 | 
2025-07-21 06:00:36,343 [INFO] [Iter 288] LR: 0.00000001
2025-07-21 06:00:36,344 [INFO] No improvement: current loss 2063.291504, best loss 2063.291530
2025-07-21 06:00:36,940 [INFO] [289/300] loss 2063.29 | compact 14.452 | spectral 17.4412 | recons_loss: 0.110256 | sparse_loss: 1.02875 | 
2025-07-21 06:00:36,941 [INFO] [Iter 289] LR: 0.00000001
2025-07-21 06:00:36,942 [INFO] No improvement: current loss 2063.291504, best loss 2063.291530
2025-07-21 06:00:37,539 [INFO] [290/300] loss 2063.29 | compact 14.452 | spectral 17.4412 | recons_loss: 0.110256 | sparse_loss: 1.02875 | 
2025-07-21 06:00:37,539 [INFO] [Iter 290] LR: 0.00000001
2025-07-21 06:00:37,540 [INFO] No improvement: current loss 2063.291504, best loss 2063.291530
2025-07-21 06:00:38,137 [INFO] [291/300] loss 2063.29 | compact 14.452 | spectral 17.4412 | recons_loss: 0.110256 | sparse_loss: 1.02875 | 
2025-07-21 06:00:38,137 [INFO] [Iter 291] LR: 0.00000001
2025-07-21 06:00:38,138 [INFO] No improvement: current loss 2063.291504, best loss 2063.291530
2025-07-21 06:00:38,735 [INFO] [292/300] loss 2063.29 | compact 14.452 | spectral 17.4412 | recons_loss: 0.110256 | sparse_loss: 1.02875 | 
2025-07-21 06:00:38,736 [INFO] [Iter 292] LR: 0.00000001
2025-07-21 06:00:38,737 [INFO] No improvement: current loss 2063.291504, best loss 2063.291530
2025-07-21 06:00:39,335 [INFO] [293/300] loss 2063.29 | compact 14.452 | spectral 17.4412 | recons_loss: 0.110256 | sparse_loss: 1.02875 | 
2025-07-21 06:00:39,335 [INFO] [Iter 293] LR: 0.00000001
2025-07-21 06:00:39,338 [INFO] No improvement: current loss 2063.291504, best loss 2063.291530
2025-07-21 06:00:39,936 [INFO] [294/300] loss 2063.29 | compact 14.452 | spectral 17.4412 | recons_loss: 0.110256 | sparse_loss: 1.02875 | 
2025-07-21 06:00:39,936 [INFO] [Iter 294] LR: 0.00000001
2025-07-21 06:00:39,937 [INFO] No improvement: current loss 2063.291504, best loss 2063.291530
2025-07-21 06:00:40,535 [INFO] [295/300] loss 2063.29 | compact 14.452 | spectral 17.4412 | recons_loss: 0.110256 | sparse_loss: 1.02875 | 
2025-07-21 06:00:40,535 [INFO] [Iter 295] LR: 0.00000001
2025-07-21 06:00:40,536 [INFO] No improvement: current loss 2063.291504, best loss 2063.291530
2025-07-21 06:00:41,133 [INFO] [296/300] loss 2063.29 | compact 14.452 | spectral 17.4412 | recons_loss: 0.110256 | sparse_loss: 1.02875 | 
2025-07-21 06:00:41,133 [INFO] [Iter 296] LR: 0.00000001
2025-07-21 06:00:41,134 [INFO] No improvement: current loss 2063.291504, best loss 2063.291530
2025-07-21 06:00:41,735 [INFO] [297/300] loss 2063.29 | compact 14.452 | spectral 17.4412 | recons_loss: 0.110256 | sparse_loss: 1.02875 | 
2025-07-21 06:00:41,735 [INFO] [Iter 297] LR: 0.00000001
2025-07-21 06:00:41,736 [INFO] No improvement: current loss 2063.291504, best loss 2063.291530
2025-07-21 06:00:42,339 [INFO] [298/300] loss 2063.29 | compact 14.452 | spectral 17.4412 | recons_loss: 0.110256 | sparse_loss: 1.02875 | 
2025-07-21 06:00:42,339 [INFO] [Iter 298] LR: 0.00000001
2025-07-21 06:00:42,341 [INFO] No improvement: current loss 2063.291504, best loss 2063.291530
2025-07-21 06:00:42,517 [INFO] H: 600, W: 166
2025-07-21 06:00:42,610 [INFO] [0 1 2 3 4 5]
2025-07-21 06:00:42,705 [INFO] y_target: [1 2 3 4 5 6]
2025-07-21 06:00:42,705 [INFO] y_predict: [0 1 2 3 4 5]
2025-07-21 06:00:42,793 [INFO] Epoch = 299 OA = 0.8263 Kappa = 0.7738 NMI = 0.7580
2025-07-21 06:00:43,269 [INFO] [299/300] loss 2063.29 | compact 14.452 | spectral 17.4412 | recons_loss: 0.110256 | sparse_loss: 1.02875 | 
2025-07-21 06:00:43,269 [INFO] [Iter 299] LR: 0.00000001
2025-07-21 06:00:43,270 [INFO] No improvement: current loss 2063.291504, best loss 2063.291530
2025-07-21 06:00:43,270 [INFO] Training finished. Best model loaded.
