2025-07-21 03:07:23,944 [INFO] ========== Training Configuration ==========
2025-07-21 03:07:23,945 [INFO] out_dir: ./log
2025-07-21 03:07:23,945 [INFO] lr: 0.1
2025-07-21 03:07:23,945 [INFO] train_iter: 300
2025-07-21 03:07:23,945 [INFO] niter: 5
2025-07-21 03:07:23,945 [INFO] nspix: 300
2025-07-21 03:07:23,945 [INFO] weight: weight
2025-07-21 03:07:23,945 [INFO] weight_representation: 30.0
2025-07-21 03:07:23,945 [INFO] weight_noise: 50.0
2025-07-21 03:07:23,945 [INFO] dataset: trento
2025-07-21 03:07:23,945 [INFO] device: cuda:0
2025-07-21 03:07:23,945 [INFO] log: trento11
2025-07-21 03:07:23,945 [INFO] ============================================
2025-07-21 03:07:26,942 [INFO] H: 600, W: 166
2025-07-21 03:07:26,996 [INFO] [0 1 2 3 4 5]
2025-07-21 03:07:27,191 [INFO] y_target: [1 2 3 4 5 6]
2025-07-21 03:07:27,191 [INFO] y_predict: [0 1 2 3 4 5]
2025-07-21 03:07:27,280 [INFO] Epoch = 0 OA = 0.8509 Kappa = 0.8011 NMI = 0.7884
2025-07-21 03:07:27,805 [INFO] [0/300] loss 239.36 | compact 13.9608 | spectral 17.8474 | recons_loss: 0.260069 | sparse_loss: 1.04467 | 
2025-07-21 03:07:27,805 [INFO] [Iter 0] LR: 0.10000000
2025-07-21 03:07:27,806 [INFO] Saving best model at iteration 0
2025-07-21 03:07:28,404 [INFO] [1/300] loss 239.258 | compact 13.9611 | spectral 17.8161 | recons_loss: 0.258758 | sparse_loss: 1.04471 | 
2025-07-21 03:07:28,405 [INFO] [Iter 1] LR: 0.10000000
2025-07-21 03:07:28,406 [INFO] Saving best model at iteration 1
2025-07-21 03:07:29,003 [INFO] [2/300] loss 239.13 | compact 13.9639 | spectral 17.7634 | recons_loss: 0.257068 | sparse_loss: 1.04466 | 
2025-07-21 03:07:29,004 [INFO] [Iter 2] LR: 0.10000000
2025-07-21 03:07:29,005 [INFO] Saving best model at iteration 2
2025-07-21 03:07:29,616 [INFO] [3/300] loss 238.985 | compact 13.9674 | spectral 17.6996 | recons_loss: 0.254965 | sparse_loss: 1.04447 | 
2025-07-21 03:07:29,616 [INFO] [Iter 3] LR: 0.10000000
2025-07-21 03:07:29,617 [INFO] Saving best model at iteration 3
2025-07-21 03:07:30,227 [INFO] [4/300] loss 238.842 | compact 13.9723 | spectral 17.6344 | recons_loss: 0.252657 | sparse_loss: 1.04412 | 
2025-07-21 03:07:30,227 [INFO] [Iter 4] LR: 0.10000000
2025-07-21 03:07:30,229 [INFO] Saving best model at iteration 4
2025-07-21 03:07:30,828 [INFO] [5/300] loss 238.705 | compact 13.9764 | spectral 17.5757 | recons_loss: 0.25026 | sparse_loss: 1.04366 | 
2025-07-21 03:07:30,828 [INFO] [Iter 5] LR: 0.10000000
2025-07-21 03:07:30,829 [INFO] Saving best model at iteration 5
2025-07-21 03:07:31,426 [INFO] [6/300] loss 238.571 | compact 13.9828 | spectral 17.5161 | recons_loss: 0.247871 | sparse_loss: 1.04317 | 
2025-07-21 03:07:31,426 [INFO] [Iter 6] LR: 0.10000000
2025-07-21 03:07:31,427 [INFO] Saving best model at iteration 6
2025-07-21 03:07:32,025 [INFO] [7/300] loss 238.439 | compact 13.9882 | spectral 17.4638 | recons_loss: 0.245488 | sparse_loss: 1.04268 | 
2025-07-21 03:07:32,025 [INFO] [Iter 7] LR: 0.10000000
2025-07-21 03:07:32,026 [INFO] Saving best model at iteration 7
2025-07-21 03:07:32,623 [INFO] [8/300] loss 238.308 | compact 13.9958 | spectral 17.4171 | recons_loss: 0.243168 | sparse_loss: 1.0422 | 
2025-07-21 03:07:32,624 [INFO] [Iter 8] LR: 0.10000000
2025-07-21 03:07:32,625 [INFO] Saving best model at iteration 8
2025-07-21 03:07:33,223 [INFO] [9/300] loss 238.179 | compact 14.0048 | spectral 17.3746 | recons_loss: 0.241002 | sparse_loss: 1.04175 | 
2025-07-21 03:07:33,223 [INFO] [Iter 9] LR: 0.10000000
2025-07-21 03:07:33,225 [INFO] Saving best model at iteration 9
2025-07-21 03:07:33,840 [INFO] [10/300] loss 238.046 | compact 14.0158 | spectral 17.3446 | recons_loss: 0.238786 | sparse_loss: 1.0413 | 
2025-07-21 03:07:33,841 [INFO] [Iter 10] LR: 0.10000000
2025-07-21 03:07:33,842 [INFO] Saving best model at iteration 10
2025-07-21 03:07:34,439 [INFO] [11/300] loss 237.921 | compact 14.0262 | spectral 17.3186 | recons_loss: 0.236792 | sparse_loss: 1.04084 | 
2025-07-21 03:07:34,439 [INFO] [Iter 11] LR: 0.10000000
2025-07-21 03:07:34,441 [INFO] Saving best model at iteration 11
2025-07-21 03:07:35,038 [INFO] [12/300] loss 237.801 | compact 14.0378 | spectral 17.2968 | recons_loss: 0.234984 | sparse_loss: 1.04038 | 
2025-07-21 03:07:35,038 [INFO] [Iter 12] LR: 0.10000000
2025-07-21 03:07:35,040 [INFO] Saving best model at iteration 12
2025-07-21 03:07:35,647 [INFO] [13/300] loss 237.688 | compact 14.0499 | spectral 17.2787 | recons_loss: 0.233331 | sparse_loss: 1.03992 | 
2025-07-21 03:07:35,647 [INFO] [Iter 13] LR: 0.10000000
2025-07-21 03:07:35,649 [INFO] Saving best model at iteration 13
2025-07-21 03:07:36,269 [INFO] [14/300] loss 237.582 | compact 14.0611 | spectral 17.2657 | recons_loss: 0.231848 | sparse_loss: 1.03948 | 
2025-07-21 03:07:36,269 [INFO] [Iter 14] LR: 0.10000000
2025-07-21 03:07:36,270 [INFO] Saving best model at iteration 14
2025-07-21 03:07:36,868 [INFO] [15/300] loss 237.484 | compact 14.0714 | spectral 17.2563 | recons_loss: 0.230524 | sparse_loss: 1.03907 | 
2025-07-21 03:07:36,868 [INFO] [Iter 15] LR: 0.10000000
2025-07-21 03:07:36,869 [INFO] Saving best model at iteration 15
2025-07-21 03:07:37,478 [INFO] [16/300] loss 237.39 | compact 14.0827 | spectral 17.2478 | recons_loss: 0.229307 | sparse_loss: 1.0387 | 
2025-07-21 03:07:37,479 [INFO] [Iter 16] LR: 0.10000000
2025-07-21 03:07:37,480 [INFO] Saving best model at iteration 16
2025-07-21 03:07:38,077 [INFO] [17/300] loss 237.302 | compact 14.0943 | spectral 17.2395 | recons_loss: 0.228225 | sparse_loss: 1.03837 | 
2025-07-21 03:07:38,078 [INFO] [Iter 17] LR: 0.10000000
2025-07-21 03:07:38,079 [INFO] Saving best model at iteration 17
2025-07-21 03:07:38,691 [INFO] [18/300] loss 237.215 | compact 14.107 | spectral 17.2291 | recons_loss: 0.227236 | sparse_loss: 1.03806 | 
2025-07-21 03:07:38,692 [INFO] [Iter 18] LR: 0.10000000
2025-07-21 03:07:38,693 [INFO] Saving best model at iteration 18
2025-07-21 03:07:39,290 [INFO] [19/300] loss 237.133 | compact 14.1203 | spectral 17.2195 | recons_loss: 0.226328 | sparse_loss: 1.03777 | 
2025-07-21 03:07:39,290 [INFO] [Iter 19] LR: 0.10000000
2025-07-21 03:07:39,291 [INFO] Saving best model at iteration 19
2025-07-21 03:07:39,888 [INFO] [20/300] loss 237.056 | compact 14.1313 | spectral 17.2126 | recons_loss: 0.225506 | sparse_loss: 1.03749 | 
2025-07-21 03:07:39,888 [INFO] [Iter 20] LR: 0.10000000
2025-07-21 03:07:39,890 [INFO] Saving best model at iteration 20
2025-07-21 03:07:40,491 [INFO] [21/300] loss 236.981 | compact 14.1424 | spectral 17.2049 | recons_loss: 0.224758 | sparse_loss: 1.0372 | 
2025-07-21 03:07:40,491 [INFO] [Iter 21] LR: 0.10000000
2025-07-21 03:07:40,493 [INFO] Saving best model at iteration 21
2025-07-21 03:07:41,092 [INFO] [22/300] loss 236.91 | compact 14.1552 | spectral 17.1984 | recons_loss: 0.224074 | sparse_loss: 1.03693 | 
2025-07-21 03:07:41,093 [INFO] [Iter 22] LR: 0.10000000
2025-07-21 03:07:41,095 [INFO] Saving best model at iteration 22
2025-07-21 03:07:41,698 [INFO] [23/300] loss 236.844 | compact 14.1686 | spectral 17.1946 | recons_loss: 0.223455 | sparse_loss: 1.03667 | 
2025-07-21 03:07:41,699 [INFO] [Iter 23] LR: 0.10000000
2025-07-21 03:07:41,700 [INFO] Saving best model at iteration 23
2025-07-21 03:07:42,297 [INFO] [24/300] loss 236.78 | compact 14.183 | spectral 17.1912 | recons_loss: 0.222895 | sparse_loss: 1.03644 | 
2025-07-21 03:07:42,297 [INFO] [Iter 24] LR: 0.10000000
2025-07-21 03:07:42,298 [INFO] Saving best model at iteration 24
2025-07-21 03:07:42,895 [INFO] [25/300] loss 236.718 | compact 14.1972 | spectral 17.1873 | recons_loss: 0.222386 | sparse_loss: 1.03624 | 
2025-07-21 03:07:42,896 [INFO] [Iter 25] LR: 0.10000000
2025-07-21 03:07:42,897 [INFO] Saving best model at iteration 25
2025-07-21 03:07:43,494 [INFO] [26/300] loss 236.671 | compact 14.2112 | spectral 17.1944 | recons_loss: 0.221955 | sparse_loss: 1.03606 | 
2025-07-21 03:07:43,494 [INFO] [Iter 26] LR: 0.10000000
2025-07-21 03:07:43,495 [INFO] Saving best model at iteration 26
2025-07-21 03:07:44,092 [INFO] [27/300] loss 236.618 | compact 14.2264 | spectral 17.1938 | recons_loss: 0.221529 | sparse_loss: 1.03591 | 
2025-07-21 03:07:44,092 [INFO] [Iter 27] LR: 0.10000000
2025-07-21 03:07:44,093 [INFO] Saving best model at iteration 27
2025-07-21 03:07:44,690 [INFO] [28/300] loss 236.567 | compact 14.2428 | spectral 17.1935 | recons_loss: 0.221133 | sparse_loss: 1.03577 | 
2025-07-21 03:07:44,691 [INFO] [Iter 28] LR: 0.10000000
2025-07-21 03:07:44,691 [INFO] Saving best model at iteration 28
2025-07-21 03:07:45,289 [INFO] [29/300] loss 236.519 | compact 14.2591 | spectral 17.194 | recons_loss: 0.220774 | sparse_loss: 1.03562 | 
2025-07-21 03:07:45,289 [INFO] [Iter 29] LR: 0.10000000
2025-07-21 03:07:45,290 [INFO] Saving best model at iteration 29
2025-07-21 03:07:45,903 [INFO] [30/300] loss 236.474 | compact 14.2762 | spectral 17.1943 | recons_loss: 0.220434 | sparse_loss: 1.03547 | 
2025-07-21 03:07:45,904 [INFO] [Iter 30] LR: 0.10000000
2025-07-21 03:07:45,906 [INFO] Saving best model at iteration 30
2025-07-21 03:07:46,506 [INFO] [31/300] loss 236.429 | compact 14.2917 | spectral 17.1947 | recons_loss: 0.22013 | sparse_loss: 1.03532 | 
2025-07-21 03:07:46,507 [INFO] [Iter 31] LR: 0.10000000
2025-07-21 03:07:46,508 [INFO] Saving best model at iteration 31
2025-07-21 03:07:47,105 [INFO] [32/300] loss 236.388 | compact 14.3049 | spectral 17.1973 | recons_loss: 0.219844 | sparse_loss: 1.03518 | 
2025-07-21 03:07:47,105 [INFO] [Iter 32] LR: 0.10000000
2025-07-21 03:07:47,106 [INFO] Saving best model at iteration 32
2025-07-21 03:07:47,704 [INFO] [33/300] loss 236.348 | compact 14.3166 | spectral 17.1984 | recons_loss: 0.219585 | sparse_loss: 1.03508 | 
2025-07-21 03:07:47,704 [INFO] [Iter 33] LR: 0.10000000
2025-07-21 03:07:47,705 [INFO] Saving best model at iteration 33
2025-07-21 03:07:48,302 [INFO] [34/300] loss 236.311 | compact 14.3277 | spectral 17.2003 | recons_loss: 0.219355 | sparse_loss: 1.035 | 
2025-07-21 03:07:48,302 [INFO] [Iter 34] LR: 0.10000000
2025-07-21 03:07:48,303 [INFO] Saving best model at iteration 34
2025-07-21 03:07:48,900 [INFO] [35/300] loss 236.272 | compact 14.3404 | spectral 17.199 | recons_loss: 0.21914 | sparse_loss: 1.03492 | 
2025-07-21 03:07:48,901 [INFO] [Iter 35] LR: 0.10000000
2025-07-21 03:07:48,903 [INFO] Saving best model at iteration 35
2025-07-21 03:07:49,501 [INFO] [36/300] loss 236.232 | compact 14.3529 | spectral 17.196 | recons_loss: 0.218941 | sparse_loss: 1.03483 | 
2025-07-21 03:07:49,502 [INFO] [Iter 36] LR: 0.10000000
2025-07-21 03:07:49,503 [INFO] Saving best model at iteration 36
2025-07-21 03:07:50,100 [INFO] [37/300] loss 236.192 | compact 14.3649 | spectral 17.1925 | recons_loss: 0.218746 | sparse_loss: 1.03475 | 
2025-07-21 03:07:50,100 [INFO] [Iter 37] LR: 0.10000000
2025-07-21 03:07:50,102 [INFO] Saving best model at iteration 37
2025-07-21 03:07:50,700 [INFO] [38/300] loss 236.156 | compact 14.377 | spectral 17.1901 | recons_loss: 0.218557 | sparse_loss: 1.03466 | 
2025-07-21 03:07:50,700 [INFO] [Iter 38] LR: 0.10000000
2025-07-21 03:07:50,701 [INFO] Saving best model at iteration 38
2025-07-21 03:07:51,299 [INFO] [39/300] loss 236.123 | compact 14.3886 | spectral 17.1886 | recons_loss: 0.218406 | sparse_loss: 1.03457 | 
2025-07-21 03:07:51,299 [INFO] [Iter 39] LR: 0.10000000
2025-07-21 03:07:51,300 [INFO] Saving best model at iteration 39
2025-07-21 03:07:51,897 [INFO] [40/300] loss 236.091 | compact 14.3989 | spectral 17.1878 | recons_loss: 0.218258 | sparse_loss: 1.0345 | 
2025-07-21 03:07:51,897 [INFO] [Iter 40] LR: 0.10000000
2025-07-21 03:07:51,898 [INFO] Saving best model at iteration 40
2025-07-21 03:07:52,509 [INFO] [41/300] loss 236.06 | compact 14.4097 | spectral 17.1866 | recons_loss: 0.218115 | sparse_loss: 1.03443 | 
2025-07-21 03:07:52,509 [INFO] [Iter 41] LR: 0.10000000
2025-07-21 03:07:52,510 [INFO] Saving best model at iteration 41
2025-07-21 03:07:53,121 [INFO] [42/300] loss 236.031 | compact 14.42 | spectral 17.1864 | recons_loss: 0.217977 | sparse_loss: 1.03437 | 
2025-07-21 03:07:53,121 [INFO] [Iter 42] LR: 0.10000000
2025-07-21 03:07:53,123 [INFO] Saving best model at iteration 42
2025-07-21 03:07:53,720 [INFO] [43/300] loss 236.002 | compact 14.4304 | spectral 17.1862 | recons_loss: 0.217839 | sparse_loss: 1.0343 | 
2025-07-21 03:07:53,720 [INFO] [Iter 43] LR: 0.10000000
2025-07-21 03:07:53,721 [INFO] Saving best model at iteration 43
2025-07-21 03:07:54,319 [INFO] [44/300] loss 235.976 | compact 14.4386 | spectral 17.1869 | recons_loss: 0.217721 | sparse_loss: 1.03423 | 
2025-07-21 03:07:54,319 [INFO] [Iter 44] LR: 0.10000000
2025-07-21 03:07:54,320 [INFO] Saving best model at iteration 44
2025-07-21 03:07:54,929 [INFO] [45/300] loss 235.952 | compact 14.444 | spectral 17.1895 | recons_loss: 0.217605 | sparse_loss: 1.03415 | 
2025-07-21 03:07:54,929 [INFO] [Iter 45] LR: 0.10000000
2025-07-21 03:07:54,931 [INFO] Saving best model at iteration 45
2025-07-21 03:07:55,529 [INFO] [46/300] loss 235.93 | compact 14.4491 | spectral 17.1926 | recons_loss: 0.217498 | sparse_loss: 1.03408 | 
2025-07-21 03:07:55,529 [INFO] [Iter 46] LR: 0.05000000
2025-07-21 03:07:55,530 [INFO] Saving best model at iteration 46
2025-07-21 03:07:56,128 [INFO] [47/300] loss 235.908 | compact 14.4543 | spectral 17.1961 | recons_loss: 0.217399 | sparse_loss: 1.03401 | 
2025-07-21 03:07:56,128 [INFO] [Iter 47] LR: 0.05000000
2025-07-21 03:07:56,129 [INFO] Saving best model at iteration 47
2025-07-21 03:07:56,727 [INFO] [48/300] loss 235.887 | compact 14.459 | spectral 17.1993 | recons_loss: 0.217311 | sparse_loss: 1.03395 | 
2025-07-21 03:07:56,727 [INFO] [Iter 48] LR: 0.05000000
2025-07-21 03:07:56,728 [INFO] Saving best model at iteration 48
2025-07-21 03:07:57,324 [INFO] [49/300] loss 235.867 | compact 14.4634 | spectral 17.203 | recons_loss: 0.217229 | sparse_loss: 1.03389 | 
2025-07-21 03:07:57,325 [INFO] [Iter 49] LR: 0.05000000
2025-07-21 03:07:57,326 [INFO] Saving best model at iteration 49
2025-07-21 03:07:57,504 [INFO] H: 600, W: 166
2025-07-21 03:07:57,611 [INFO] [0 1 2 3 4 5]
2025-07-21 03:07:57,708 [INFO] y_target: [1 2 3 4 5 6]
2025-07-21 03:07:57,709 [INFO] y_predict: [0 1 2 3 4 5]
2025-07-21 03:07:57,797 [INFO] Epoch = 50 OA = 0.8443 Kappa = 0.7923 NMI = 0.7839
2025-07-21 03:07:58,273 [INFO] [50/300] loss 235.843 | compact 14.4703 | spectral 17.2011 | recons_loss: 0.217151 | sparse_loss: 1.03383 | 
2025-07-21 03:07:58,273 [INFO] [Iter 50] LR: 0.05000000
2025-07-21 03:07:58,274 [INFO] Saving best model at iteration 50
2025-07-21 03:07:58,872 [INFO] [51/300] loss 235.819 | compact 14.4759 | spectral 17.1993 | recons_loss: 0.217082 | sparse_loss: 1.03376 | 
2025-07-21 03:07:58,872 [INFO] [Iter 51] LR: 0.05000000
2025-07-21 03:07:58,873 [INFO] Saving best model at iteration 51
2025-07-21 03:07:59,470 [INFO] [52/300] loss 235.796 | compact 14.4809 | spectral 17.1989 | recons_loss: 0.217021 | sparse_loss: 1.03369 | 
2025-07-21 03:07:59,470 [INFO] [Iter 52] LR: 0.05000000
2025-07-21 03:07:59,472 [INFO] Saving best model at iteration 52
2025-07-21 03:08:00,071 [INFO] [53/300] loss 235.768 | compact 14.4862 | spectral 17.1924 | recons_loss: 0.216967 | sparse_loss: 1.03363 | 
2025-07-21 03:08:00,072 [INFO] [Iter 53] LR: 0.05000000
2025-07-21 03:08:00,073 [INFO] Saving best model at iteration 53
2025-07-21 03:08:00,669 [INFO] [54/300] loss 235.742 | compact 14.4904 | spectral 17.1876 | recons_loss: 0.216917 | sparse_loss: 1.03358 | 
2025-07-21 03:08:00,670 [INFO] [Iter 54] LR: 0.05000000
2025-07-21 03:08:00,671 [INFO] Saving best model at iteration 54
2025-07-21 03:08:01,268 [INFO] [55/300] loss 235.718 | compact 14.4948 | spectral 17.1836 | recons_loss: 0.216869 | sparse_loss: 1.03352 | 
2025-07-21 03:08:01,268 [INFO] [Iter 55] LR: 0.05000000
2025-07-21 03:08:01,270 [INFO] Saving best model at iteration 55
2025-07-21 03:08:01,867 [INFO] [56/300] loss 235.694 | compact 14.4984 | spectral 17.1799 | recons_loss: 0.216825 | sparse_loss: 1.03347 | 
2025-07-21 03:08:01,868 [INFO] [Iter 56] LR: 0.05000000
2025-07-21 03:08:01,869 [INFO] Saving best model at iteration 56
2025-07-21 03:08:02,471 [INFO] [57/300] loss 235.67 | compact 14.5023 | spectral 17.1767 | recons_loss: 0.216781 | sparse_loss: 1.03342 | 
2025-07-21 03:08:02,471 [INFO] [Iter 57] LR: 0.05000000
2025-07-21 03:08:02,472 [INFO] Saving best model at iteration 57
2025-07-21 03:08:03,079 [INFO] [58/300] loss 235.648 | compact 14.5062 | spectral 17.1738 | recons_loss: 0.216738 | sparse_loss: 1.03337 | 
2025-07-21 03:08:03,080 [INFO] [Iter 58] LR: 0.05000000
2025-07-21 03:08:03,081 [INFO] Saving best model at iteration 58
2025-07-21 03:08:03,681 [INFO] [59/300] loss 235.627 | compact 14.5095 | spectral 17.1712 | recons_loss: 0.216706 | sparse_loss: 1.03332 | 
2025-07-21 03:08:03,681 [INFO] [Iter 59] LR: 0.05000000
2025-07-21 03:08:03,682 [INFO] Saving best model at iteration 59
2025-07-21 03:08:04,288 [INFO] [60/300] loss 235.607 | compact 14.5131 | spectral 17.169 | recons_loss: 0.216671 | sparse_loss: 1.03327 | 
2025-07-21 03:08:04,288 [INFO] [Iter 60] LR: 0.05000000
2025-07-21 03:08:04,289 [INFO] Saving best model at iteration 60
2025-07-21 03:08:04,887 [INFO] [61/300] loss 235.588 | compact 14.5156 | spectral 17.1677 | recons_loss: 0.216643 | sparse_loss: 1.03322 | 
2025-07-21 03:08:04,887 [INFO] [Iter 61] LR: 0.05000000
2025-07-21 03:08:04,889 [INFO] Saving best model at iteration 61
2025-07-21 03:08:05,488 [INFO] [62/300] loss 235.571 | compact 14.5174 | spectral 17.1676 | recons_loss: 0.216618 | sparse_loss: 1.03317 | 
2025-07-21 03:08:05,488 [INFO] [Iter 62] LR: 0.05000000
2025-07-21 03:08:05,489 [INFO] Saving best model at iteration 62
2025-07-21 03:08:06,086 [INFO] [63/300] loss 235.554 | compact 14.5194 | spectral 17.1666 | recons_loss: 0.21658 | sparse_loss: 1.03313 | 
2025-07-21 03:08:06,086 [INFO] [Iter 63] LR: 0.05000000
2025-07-21 03:08:06,087 [INFO] Saving best model at iteration 63
2025-07-21 03:08:06,685 [INFO] [64/300] loss 235.537 | compact 14.5212 | spectral 17.166 | recons_loss: 0.216545 | sparse_loss: 1.03308 | 
2025-07-21 03:08:06,685 [INFO] [Iter 64] LR: 0.05000000
2025-07-21 03:08:06,687 [INFO] Saving best model at iteration 64
2025-07-21 03:08:07,285 [INFO] [65/300] loss 235.522 | compact 14.5227 | spectral 17.1659 | recons_loss: 0.216514 | sparse_loss: 1.03304 | 
2025-07-21 03:08:07,285 [INFO] [Iter 65] LR: 0.05000000
2025-07-21 03:08:07,286 [INFO] Saving best model at iteration 65
2025-07-21 03:08:07,884 [INFO] [66/300] loss 235.506 | compact 14.5245 | spectral 17.1652 | recons_loss: 0.21648 | sparse_loss: 1.033 | 
2025-07-21 03:08:07,885 [INFO] [Iter 66] LR: 0.05000000
2025-07-21 03:08:07,887 [INFO] Saving best model at iteration 66
2025-07-21 03:08:08,504 [INFO] [67/300] loss 235.492 | compact 14.5259 | spectral 17.1651 | recons_loss: 0.216452 | sparse_loss: 1.03296 | 
2025-07-21 03:08:08,505 [INFO] [Iter 67] LR: 0.05000000
2025-07-21 03:08:08,506 [INFO] Saving best model at iteration 67
2025-07-21 03:08:09,102 [INFO] [68/300] loss 235.477 | compact 14.5275 | spectral 17.165 | recons_loss: 0.216426 | sparse_loss: 1.03293 | 
2025-07-21 03:08:09,103 [INFO] [Iter 68] LR: 0.05000000
2025-07-21 03:08:09,104 [INFO] Saving best model at iteration 68
2025-07-21 03:08:09,701 [INFO] [69/300] loss 235.464 | compact 14.5291 | spectral 17.1656 | recons_loss: 0.216405 | sparse_loss: 1.0329 | 
2025-07-21 03:08:09,701 [INFO] [Iter 69] LR: 0.02500000
2025-07-21 03:08:09,702 [INFO] Saving best model at iteration 69
2025-07-21 03:08:10,299 [INFO] [70/300] loss 235.452 | compact 14.5307 | spectral 17.1659 | recons_loss: 0.216382 | sparse_loss: 1.03287 | 
2025-07-21 03:08:10,300 [INFO] [Iter 70] LR: 0.02500000
2025-07-21 03:08:10,301 [INFO] Saving best model at iteration 70
2025-07-21 03:08:10,899 [INFO] [71/300] loss 235.439 | compact 14.5325 | spectral 17.1659 | recons_loss: 0.216357 | sparse_loss: 1.03284 | 
2025-07-21 03:08:10,899 [INFO] [Iter 71] LR: 0.02500000
2025-07-21 03:08:10,900 [INFO] Saving best model at iteration 71
2025-07-21 03:08:11,498 [INFO] [72/300] loss 235.427 | compact 14.5344 | spectral 17.1658 | recons_loss: 0.216334 | sparse_loss: 1.03281 | 
2025-07-21 03:08:11,498 [INFO] [Iter 72] LR: 0.02500000
2025-07-21 03:08:11,499 [INFO] Saving best model at iteration 72
2025-07-21 03:08:12,116 [INFO] [73/300] loss 235.415 | compact 14.5361 | spectral 17.1655 | recons_loss: 0.21631 | sparse_loss: 1.03279 | 
2025-07-21 03:08:12,116 [INFO] [Iter 73] LR: 0.02500000
2025-07-21 03:08:12,119 [INFO] Saving best model at iteration 73
2025-07-21 03:08:12,719 [INFO] [74/300] loss 235.403 | compact 14.5374 | spectral 17.1653 | recons_loss: 0.21629 | sparse_loss: 1.03276 | 
2025-07-21 03:08:12,720 [INFO] [Iter 74] LR: 0.02500000
2025-07-21 03:08:12,721 [INFO] Saving best model at iteration 74
2025-07-21 03:08:13,318 [INFO] [75/300] loss 235.392 | compact 14.5389 | spectral 17.1651 | recons_loss: 0.216267 | sparse_loss: 1.03274 | 
2025-07-21 03:08:13,318 [INFO] [Iter 75] LR: 0.02500000
2025-07-21 03:08:13,319 [INFO] Saving best model at iteration 75
2025-07-21 03:08:13,916 [INFO] [76/300] loss 235.382 | compact 14.5402 | spectral 17.165 | recons_loss: 0.216244 | sparse_loss: 1.03272 | 
2025-07-21 03:08:13,916 [INFO] [Iter 76] LR: 0.01250000
2025-07-21 03:08:13,917 [INFO] Saving best model at iteration 76
2025-07-21 03:08:14,515 [INFO] [77/300] loss 235.372 | compact 14.5411 | spectral 17.1651 | recons_loss: 0.216219 | sparse_loss: 1.0327 | 
2025-07-21 03:08:14,515 [INFO] [Iter 77] LR: 0.01250000
2025-07-21 03:08:14,516 [INFO] Saving best model at iteration 77
2025-07-21 03:08:15,113 [INFO] [78/300] loss 235.363 | compact 14.5419 | spectral 17.1653 | recons_loss: 0.216195 | sparse_loss: 1.03268 | 
2025-07-21 03:08:15,114 [INFO] [Iter 78] LR: 0.01250000
2025-07-21 03:08:15,115 [INFO] Saving best model at iteration 78
2025-07-21 03:08:15,716 [INFO] [79/300] loss 235.354 | compact 14.5427 | spectral 17.1655 | recons_loss: 0.216173 | sparse_loss: 1.03267 | 
2025-07-21 03:08:15,716 [INFO] [Iter 79] LR: 0.01250000
2025-07-21 03:08:15,717 [INFO] Saving best model at iteration 79
2025-07-21 03:08:16,314 [INFO] [80/300] loss 235.346 | compact 14.5435 | spectral 17.1655 | recons_loss: 0.216154 | sparse_loss: 1.03265 | 
2025-07-21 03:08:16,314 [INFO] [Iter 80] LR: 0.01250000
2025-07-21 03:08:16,315 [INFO] Saving best model at iteration 80
2025-07-21 03:08:16,912 [INFO] [81/300] loss 235.338 | compact 14.5444 | spectral 17.1653 | recons_loss: 0.216136 | sparse_loss: 1.03263 | 
2025-07-21 03:08:16,912 [INFO] [Iter 81] LR: 0.00625000
2025-07-21 03:08:16,914 [INFO] Saving best model at iteration 81
2025-07-21 03:08:17,519 [INFO] [82/300] loss 235.33 | compact 14.5452 | spectral 17.1653 | recons_loss: 0.216118 | sparse_loss: 1.03262 | 
2025-07-21 03:08:17,519 [INFO] [Iter 82] LR: 0.00625000
2025-07-21 03:08:17,521 [INFO] Saving best model at iteration 82
2025-07-21 03:08:18,118 [INFO] [83/300] loss 235.323 | compact 14.546 | spectral 17.165 | recons_loss: 0.216102 | sparse_loss: 1.0326 | 
2025-07-21 03:08:18,118 [INFO] [Iter 83] LR: 0.00625000
2025-07-21 03:08:18,119 [INFO] Saving best model at iteration 83
2025-07-21 03:08:18,716 [INFO] [84/300] loss 235.316 | compact 14.5468 | spectral 17.1647 | recons_loss: 0.216086 | sparse_loss: 1.03259 | 
2025-07-21 03:08:18,717 [INFO] [Iter 84] LR: 0.00625000
2025-07-21 03:08:18,718 [INFO] Saving best model at iteration 84
2025-07-21 03:08:19,315 [INFO] [85/300] loss 235.309 | compact 14.5475 | spectral 17.1645 | recons_loss: 0.216071 | sparse_loss: 1.03258 | 
2025-07-21 03:08:19,315 [INFO] [Iter 85] LR: 0.00625000
2025-07-21 03:08:19,317 [INFO] Saving best model at iteration 85
2025-07-21 03:08:19,915 [INFO] [86/300] loss 235.303 | compact 14.5483 | spectral 17.1641 | recons_loss: 0.216056 | sparse_loss: 1.03256 | 
2025-07-21 03:08:19,915 [INFO] [Iter 86] LR: 0.00312500
2025-07-21 03:08:19,916 [INFO] Saving best model at iteration 86
2025-07-21 03:08:20,519 [INFO] [87/300] loss 235.297 | compact 14.5491 | spectral 17.1636 | recons_loss: 0.216043 | sparse_loss: 1.03255 | 
2025-07-21 03:08:20,519 [INFO] [Iter 87] LR: 0.00312500
2025-07-21 03:08:20,521 [INFO] Saving best model at iteration 87
2025-07-21 03:08:21,140 [INFO] [88/300] loss 235.291 | compact 14.5499 | spectral 17.1632 | recons_loss: 0.21603 | sparse_loss: 1.03254 | 
2025-07-21 03:08:21,141 [INFO] [Iter 88] LR: 0.00312500
2025-07-21 03:08:21,142 [INFO] Saving best model at iteration 88
2025-07-21 03:08:21,739 [INFO] [89/300] loss 235.286 | compact 14.5506 | spectral 17.1628 | recons_loss: 0.216018 | sparse_loss: 1.03253 | 
2025-07-21 03:08:21,739 [INFO] [Iter 89] LR: 0.00156250
2025-07-21 03:08:21,740 [INFO] Saving best model at iteration 89
2025-07-21 03:08:22,337 [INFO] [90/300] loss 235.281 | compact 14.5512 | spectral 17.1624 | recons_loss: 0.216007 | sparse_loss: 1.03252 | 
2025-07-21 03:08:22,338 [INFO] [Iter 90] LR: 0.00156250
2025-07-21 03:08:22,339 [INFO] Saving best model at iteration 90
2025-07-21 03:08:22,936 [INFO] [91/300] loss 235.277 | compact 14.5518 | spectral 17.1621 | recons_loss: 0.215997 | sparse_loss: 1.03251 | 
2025-07-21 03:08:22,937 [INFO] [Iter 91] LR: 0.00156250
2025-07-21 03:08:22,939 [INFO] Saving best model at iteration 91
2025-07-21 03:08:23,537 [INFO] [92/300] loss 235.273 | compact 14.5523 | spectral 17.1617 | recons_loss: 0.215988 | sparse_loss: 1.0325 | 
2025-07-21 03:08:23,537 [INFO] [Iter 92] LR: 0.00078125
2025-07-21 03:08:23,538 [INFO] Saving best model at iteration 92
2025-07-21 03:08:24,135 [INFO] [93/300] loss 235.269 | compact 14.5528 | spectral 17.1614 | recons_loss: 0.215979 | sparse_loss: 1.03249 | 
2025-07-21 03:08:24,135 [INFO] [Iter 93] LR: 0.00078125
2025-07-21 03:08:24,136 [INFO] Saving best model at iteration 93
2025-07-21 03:08:24,733 [INFO] [94/300] loss 235.266 | compact 14.5533 | spectral 17.1611 | recons_loss: 0.215971 | sparse_loss: 1.03248 | 
2025-07-21 03:08:24,734 [INFO] [Iter 94] LR: 0.00078125
2025-07-21 03:08:24,735 [INFO] Saving best model at iteration 94
2025-07-21 03:08:25,332 [INFO] [95/300] loss 235.263 | compact 14.5537 | spectral 17.1608 | recons_loss: 0.215964 | sparse_loss: 1.03248 | 
2025-07-21 03:08:25,332 [INFO] [Iter 95] LR: 0.00039063
2025-07-21 03:08:25,333 [INFO] Saving best model at iteration 95
2025-07-21 03:08:25,930 [INFO] [96/300] loss 235.26 | compact 14.5541 | spectral 17.1606 | recons_loss: 0.215957 | sparse_loss: 1.03247 | 
2025-07-21 03:08:25,930 [INFO] [Iter 96] LR: 0.00039063
2025-07-21 03:08:25,931 [INFO] Saving best model at iteration 96
2025-07-21 03:08:26,528 [INFO] [97/300] loss 235.257 | compact 14.5544 | spectral 17.1604 | recons_loss: 0.215951 | sparse_loss: 1.03247 | 
2025-07-21 03:08:26,528 [INFO] [Iter 97] LR: 0.00039063
2025-07-21 03:08:26,529 [INFO] Saving best model at iteration 97
2025-07-21 03:08:27,127 [INFO] [98/300] loss 235.255 | compact 14.5547 | spectral 17.1602 | recons_loss: 0.215946 | sparse_loss: 1.03246 | 
2025-07-21 03:08:27,127 [INFO] [Iter 98] LR: 0.00019531
2025-07-21 03:08:27,128 [INFO] Saving best model at iteration 98
2025-07-21 03:08:27,735 [INFO] [99/300] loss 235.253 | compact 14.555 | spectral 17.16 | recons_loss: 0.215941 | sparse_loss: 1.03246 | 
2025-07-21 03:08:27,735 [INFO] [Iter 99] LR: 0.00019531
2025-07-21 03:08:27,736 [INFO] Saving best model at iteration 99
2025-07-21 03:08:27,921 [INFO] H: 600, W: 166
2025-07-21 03:08:28,025 [INFO] [0 1 2 3 4 5]
2025-07-21 03:08:28,325 [INFO] y_target: [1 2 3 4 5 6]
2025-07-21 03:08:28,326 [INFO] y_predict: [0 1 2 3 4 5]
2025-07-21 03:08:28,414 [INFO] Epoch = 100 OA = 0.8896 Kappa = 0.8523 NMI = 0.8144
2025-07-21 03:08:28,889 [INFO] [100/300] loss 235.251 | compact 14.5553 | spectral 17.1599 | recons_loss: 0.215937 | sparse_loss: 1.03245 | 
2025-07-21 03:08:28,890 [INFO] [Iter 100] LR: 0.00019531
2025-07-21 03:08:28,891 [INFO] Saving best model at iteration 100
2025-07-21 03:08:29,488 [INFO] [101/300] loss 235.249 | compact 14.5555 | spectral 17.1598 | recons_loss: 0.215933 | sparse_loss: 1.03245 | 
2025-07-21 03:08:29,488 [INFO] [Iter 101] LR: 0.00009766
2025-07-21 03:08:29,490 [INFO] Saving best model at iteration 101
2025-07-21 03:08:30,087 [INFO] [102/300] loss 235.247 | compact 14.5557 | spectral 17.1596 | recons_loss: 0.215929 | sparse_loss: 1.03245 | 
2025-07-21 03:08:30,088 [INFO] [Iter 102] LR: 0.00009766
2025-07-21 03:08:30,089 [INFO] Saving best model at iteration 102
2025-07-21 03:08:30,686 [INFO] [103/300] loss 235.246 | compact 14.5559 | spectral 17.1595 | recons_loss: 0.215926 | sparse_loss: 1.03245 | 
2025-07-21 03:08:30,686 [INFO] [Iter 103] LR: 0.00009766
2025-07-21 03:08:30,688 [INFO] Saving best model at iteration 103
2025-07-21 03:08:31,284 [INFO] [104/300] loss 235.245 | compact 14.556 | spectral 17.1594 | recons_loss: 0.215923 | sparse_loss: 1.03244 | 
2025-07-21 03:08:31,285 [INFO] [Iter 104] LR: 0.00004883
2025-07-21 03:08:31,286 [INFO] Saving best model at iteration 104
2025-07-21 03:08:31,883 [INFO] [105/300] loss 235.243 | compact 14.5562 | spectral 17.1593 | recons_loss: 0.21592 | sparse_loss: 1.03244 | 
2025-07-21 03:08:31,883 [INFO] [Iter 105] LR: 0.00004883
2025-07-21 03:08:31,885 [INFO] Saving best model at iteration 105
2025-07-21 03:08:32,482 [INFO] [106/300] loss 235.242 | compact 14.5563 | spectral 17.1593 | recons_loss: 0.215918 | sparse_loss: 1.03244 | 
2025-07-21 03:08:32,482 [INFO] [Iter 106] LR: 0.00004883
2025-07-21 03:08:32,484 [INFO] Saving best model at iteration 106
2025-07-21 03:08:33,082 [INFO] [107/300] loss 235.241 | compact 14.5564 | spectral 17.1592 | recons_loss: 0.215915 | sparse_loss: 1.03244 | 
2025-07-21 03:08:33,082 [INFO] [Iter 107] LR: 0.00002441
2025-07-21 03:08:33,084 [INFO] Saving best model at iteration 107
2025-07-21 03:08:33,689 [INFO] [108/300] loss 235.241 | compact 14.5565 | spectral 17.1591 | recons_loss: 0.215913 | sparse_loss: 1.03243 | 
2025-07-21 03:08:33,689 [INFO] [Iter 108] LR: 0.00002441
2025-07-21 03:08:33,690 [INFO] Saving best model at iteration 108
2025-07-21 03:08:34,308 [INFO] [109/300] loss 235.24 | compact 14.5566 | spectral 17.1591 | recons_loss: 0.215912 | sparse_loss: 1.03243 | 
2025-07-21 03:08:34,308 [INFO] [Iter 109] LR: 0.00002441
2025-07-21 03:08:34,310 [INFO] Saving best model at iteration 109
2025-07-21 03:08:34,908 [INFO] [110/300] loss 235.239 | compact 14.5567 | spectral 17.159 | recons_loss: 0.21591 | sparse_loss: 1.03243 | 
2025-07-21 03:08:34,909 [INFO] [Iter 110] LR: 0.00001221
2025-07-21 03:08:34,910 [INFO] Saving best model at iteration 110
2025-07-21 03:08:35,508 [INFO] [111/300] loss 235.238 | compact 14.5568 | spectral 17.159 | recons_loss: 0.215909 | sparse_loss: 1.03243 | 
2025-07-21 03:08:35,508 [INFO] [Iter 111] LR: 0.00001221
2025-07-21 03:08:35,509 [INFO] Saving best model at iteration 111
2025-07-21 03:08:36,126 [INFO] [112/300] loss 235.238 | compact 14.5569 | spectral 17.1589 | recons_loss: 0.215907 | sparse_loss: 1.03243 | 
2025-07-21 03:08:36,126 [INFO] [Iter 112] LR: 0.00001221
2025-07-21 03:08:36,128 [INFO] Saving best model at iteration 112
2025-07-21 03:08:36,725 [INFO] [113/300] loss 235.237 | compact 14.5569 | spectral 17.1589 | recons_loss: 0.215906 | sparse_loss: 1.03243 | 
2025-07-21 03:08:36,725 [INFO] [Iter 113] LR: 0.00000610
2025-07-21 03:08:36,726 [INFO] Saving best model at iteration 113
2025-07-21 03:08:37,323 [INFO] [114/300] loss 235.237 | compact 14.557 | spectral 17.1588 | recons_loss: 0.215905 | sparse_loss: 1.03243 | 
2025-07-21 03:08:37,324 [INFO] [Iter 114] LR: 0.00000610
2025-07-21 03:08:37,325 [INFO] Saving best model at iteration 114
2025-07-21 03:08:37,922 [INFO] [115/300] loss 235.236 | compact 14.557 | spectral 17.1588 | recons_loss: 0.215904 | sparse_loss: 1.03243 | 
2025-07-21 03:08:37,923 [INFO] [Iter 115] LR: 0.00000610
2025-07-21 03:08:37,925 [INFO] Saving best model at iteration 115
2025-07-21 03:08:38,531 [INFO] [116/300] loss 235.236 | compact 14.5571 | spectral 17.1588 | recons_loss: 0.215903 | sparse_loss: 1.03243 | 
2025-07-21 03:08:38,531 [INFO] [Iter 116] LR: 0.00000305
2025-07-21 03:08:38,532 [INFO] Saving best model at iteration 116
2025-07-21 03:08:39,131 [INFO] [117/300] loss 235.236 | compact 14.5571 | spectral 17.1588 | recons_loss: 0.215903 | sparse_loss: 1.03243 | 
2025-07-21 03:08:39,131 [INFO] [Iter 117] LR: 0.00000305
2025-07-21 03:08:39,133 [INFO] Saving best model at iteration 117
2025-07-21 03:08:39,732 [INFO] [118/300] loss 235.235 | compact 14.5572 | spectral 17.1587 | recons_loss: 0.215902 | sparse_loss: 1.03242 | 
2025-07-21 03:08:39,732 [INFO] [Iter 118] LR: 0.00000305
2025-07-21 03:08:39,733 [INFO] Saving best model at iteration 118
2025-07-21 03:08:40,330 [INFO] [119/300] loss 235.235 | compact 14.5572 | spectral 17.1587 | recons_loss: 0.215901 | sparse_loss: 1.03242 | 
2025-07-21 03:08:40,331 [INFO] [Iter 119] LR: 0.00000305
2025-07-21 03:08:40,332 [INFO] Saving best model at iteration 119
2025-07-21 03:08:40,929 [INFO] [120/300] loss 235.235 | compact 14.5572 | spectral 17.1587 | recons_loss: 0.215901 | sparse_loss: 1.03242 | 
2025-07-21 03:08:40,929 [INFO] [Iter 120] LR: 0.00000305
2025-07-21 03:08:40,932 [INFO] Saving best model at iteration 120
2025-07-21 03:08:41,530 [INFO] [121/300] loss 235.235 | compact 14.5572 | spectral 17.1587 | recons_loss: 0.2159 | sparse_loss: 1.03242 | 
2025-07-21 03:08:41,530 [INFO] [Iter 121] LR: 0.00000153
2025-07-21 03:08:41,531 [INFO] Saving best model at iteration 121
2025-07-21 03:08:42,129 [INFO] [122/300] loss 235.234 | compact 14.5573 | spectral 17.1587 | recons_loss: 0.2159 | sparse_loss: 1.03242 | 
2025-07-21 03:08:42,130 [INFO] [Iter 122] LR: 0.00000153
2025-07-21 03:08:42,131 [INFO] Saving best model at iteration 122
2025-07-21 03:08:42,728 [INFO] [123/300] loss 235.234 | compact 14.5573 | spectral 17.1586 | recons_loss: 0.215899 | sparse_loss: 1.03242 | 
2025-07-21 03:08:42,729 [INFO] [Iter 123] LR: 0.00000153
2025-07-21 03:08:42,730 [INFO] Saving best model at iteration 123
2025-07-21 03:08:43,327 [INFO] [124/300] loss 235.234 | compact 14.5573 | spectral 17.1586 | recons_loss: 0.215899 | sparse_loss: 1.03242 | 
2025-07-21 03:08:43,327 [INFO] [Iter 124] LR: 0.00000076
2025-07-21 03:08:43,328 [INFO] Saving best model at iteration 124
2025-07-21 03:08:43,926 [INFO] [125/300] loss 235.234 | compact 14.5573 | spectral 17.1586 | recons_loss: 0.215899 | sparse_loss: 1.03242 | 
2025-07-21 03:08:43,926 [INFO] [Iter 125] LR: 0.00000076
2025-07-21 03:08:43,927 [INFO] Saving best model at iteration 125
2025-07-21 03:08:44,524 [INFO] [126/300] loss 235.234 | compact 14.5573 | spectral 17.1586 | recons_loss: 0.215898 | sparse_loss: 1.03242 | 
2025-07-21 03:08:44,524 [INFO] [Iter 126] LR: 0.00000076
2025-07-21 03:08:44,525 [INFO] Saving best model at iteration 126
2025-07-21 03:08:45,123 [INFO] [127/300] loss 235.234 | compact 14.5574 | spectral 17.1586 | recons_loss: 0.215898 | sparse_loss: 1.03242 | 
2025-07-21 03:08:45,123 [INFO] [Iter 127] LR: 0.00000038
2025-07-21 03:08:45,124 [INFO] Saving best model at iteration 127
2025-07-21 03:08:45,721 [INFO] [128/300] loss 235.234 | compact 14.5574 | spectral 17.1586 | recons_loss: 0.215898 | sparse_loss: 1.03242 | 
2025-07-21 03:08:45,722 [INFO] [Iter 128] LR: 0.00000038
2025-07-21 03:08:45,723 [INFO] Saving best model at iteration 128
2025-07-21 03:08:46,320 [INFO] [129/300] loss 235.233 | compact 14.5574 | spectral 17.1586 | recons_loss: 0.215898 | sparse_loss: 1.03242 | 
2025-07-21 03:08:46,320 [INFO] [Iter 129] LR: 0.00000038
2025-07-21 03:08:46,321 [INFO] No improvement: current loss 235.233456, best loss 235.233552
2025-07-21 03:08:46,919 [INFO] [130/300] loss 235.233 | compact 14.5574 | spectral 17.1586 | recons_loss: 0.215898 | sparse_loss: 1.03242 | 
2025-07-21 03:08:46,919 [INFO] [Iter 130] LR: 0.00000019
2025-07-21 03:08:46,920 [INFO] Saving best model at iteration 130
2025-07-21 03:08:47,518 [INFO] [131/300] loss 235.233 | compact 14.5574 | spectral 17.1586 | recons_loss: 0.215897 | sparse_loss: 1.03242 | 
2025-07-21 03:08:47,518 [INFO] [Iter 131] LR: 0.00000019
2025-07-21 03:08:47,519 [INFO] No improvement: current loss 235.233290, best loss 235.233368
2025-07-21 03:08:48,116 [INFO] [132/300] loss 235.233 | compact 14.5574 | spectral 17.1586 | recons_loss: 0.215897 | sparse_loss: 1.03242 | 
2025-07-21 03:08:48,116 [INFO] [Iter 132] LR: 0.00000019
2025-07-21 03:08:48,117 [INFO] Saving best model at iteration 132
2025-07-21 03:08:48,714 [INFO] [133/300] loss 235.233 | compact 14.5574 | spectral 17.1586 | recons_loss: 0.215897 | sparse_loss: 1.03242 | 
2025-07-21 03:08:48,714 [INFO] [Iter 133] LR: 0.00000010
2025-07-21 03:08:48,716 [INFO] No improvement: current loss 235.233156, best loss 235.233219
2025-07-21 03:08:49,312 [INFO] [134/300] loss 235.233 | compact 14.5574 | spectral 17.1586 | recons_loss: 0.215897 | sparse_loss: 1.03242 | 
2025-07-21 03:08:49,313 [INFO] [Iter 134] LR: 0.00000010
2025-07-21 03:08:49,314 [INFO] Saving best model at iteration 134
2025-07-21 03:08:49,910 [INFO] [135/300] loss 235.233 | compact 14.5574 | spectral 17.1586 | recons_loss: 0.215897 | sparse_loss: 1.03242 | 
2025-07-21 03:08:49,911 [INFO] [Iter 135] LR: 0.00000010
2025-07-21 03:08:49,912 [INFO] No improvement: current loss 235.233048, best loss 235.233099
2025-07-21 03:08:50,509 [INFO] [136/300] loss 235.233 | compact 14.5574 | spectral 17.1586 | recons_loss: 0.215897 | sparse_loss: 1.03242 | 
2025-07-21 03:08:50,509 [INFO] [Iter 136] LR: 0.00000005
2025-07-21 03:08:50,510 [INFO] No improvement: current loss 235.233002, best loss 235.233099
2025-07-21 03:08:51,107 [INFO] [137/300] loss 235.233 | compact 14.5574 | spectral 17.1586 | recons_loss: 0.215897 | sparse_loss: 1.03242 | 
2025-07-21 03:08:51,108 [INFO] [Iter 137] LR: 0.00000005
2025-07-21 03:08:51,109 [INFO] Saving best model at iteration 137
2025-07-21 03:08:51,706 [INFO] [138/300] loss 235.233 | compact 14.5574 | spectral 17.1586 | recons_loss: 0.215897 | sparse_loss: 1.03242 | 
2025-07-21 03:08:51,707 [INFO] [Iter 138] LR: 0.00000005
2025-07-21 03:08:51,708 [INFO] No improvement: current loss 235.232923, best loss 235.232960
2025-07-21 03:08:52,305 [INFO] [139/300] loss 235.233 | compact 14.5575 | spectral 17.1586 | recons_loss: 0.215896 | sparse_loss: 1.03242 | 
2025-07-21 03:08:52,305 [INFO] [Iter 139] LR: 0.00000002
2025-07-21 03:08:52,307 [INFO] No improvement: current loss 235.232889, best loss 235.232960
2025-07-21 03:08:52,905 [INFO] [140/300] loss 235.233 | compact 14.5575 | spectral 17.1585 | recons_loss: 0.215896 | sparse_loss: 1.03242 | 
2025-07-21 03:08:52,905 [INFO] [Iter 140] LR: 0.00000002
2025-07-21 03:08:52,907 [INFO] Saving best model at iteration 140
2025-07-21 03:08:53,526 [INFO] [141/300] loss 235.233 | compact 14.5575 | spectral 17.1585 | recons_loss: 0.215896 | sparse_loss: 1.03242 | 
2025-07-21 03:08:53,527 [INFO] [Iter 141] LR: 0.00000002
2025-07-21 03:08:53,528 [INFO] No improvement: current loss 235.232831, best loss 235.232858
2025-07-21 03:08:54,139 [INFO] [142/300] loss 235.233 | compact 14.5575 | spectral 17.1585 | recons_loss: 0.215896 | sparse_loss: 1.03242 | 
2025-07-21 03:08:54,140 [INFO] [Iter 142] LR: 0.00000001
2025-07-21 03:08:54,141 [INFO] No improvement: current loss 235.232807, best loss 235.232858
2025-07-21 03:08:54,738 [INFO] [143/300] loss 235.233 | compact 14.5575 | spectral 17.1585 | recons_loss: 0.215896 | sparse_loss: 1.03242 | 
2025-07-21 03:08:54,738 [INFO] [Iter 143] LR: 0.00000001
2025-07-21 03:08:54,739 [INFO] No improvement: current loss 235.232785, best loss 235.232858
2025-07-21 03:08:55,336 [INFO] [144/300] loss 235.233 | compact 14.5575 | spectral 17.1585 | recons_loss: 0.215896 | sparse_loss: 1.03242 | 
2025-07-21 03:08:55,336 [INFO] [Iter 144] LR: 0.00000001
2025-07-21 03:08:55,337 [INFO] No improvement: current loss 235.232764, best loss 235.232858
2025-07-21 03:08:55,934 [INFO] [145/300] loss 235.233 | compact 14.5575 | spectral 17.1585 | recons_loss: 0.215896 | sparse_loss: 1.03242 | 
2025-07-21 03:08:55,935 [INFO] [Iter 145] LR: 0.00000001
2025-07-21 03:08:55,935 [INFO] Saving best model at iteration 145
2025-07-21 03:08:56,533 [INFO] [146/300] loss 235.233 | compact 14.5575 | spectral 17.1585 | recons_loss: 0.215896 | sparse_loss: 1.03242 | 
2025-07-21 03:08:56,533 [INFO] [Iter 146] LR: 0.00000001
2025-07-21 03:08:56,534 [INFO] No improvement: current loss 235.232728, best loss 235.232745
2025-07-21 03:08:57,131 [INFO] [147/300] loss 235.233 | compact 14.5575 | spectral 17.1585 | recons_loss: 0.215896 | sparse_loss: 1.03242 | 
2025-07-21 03:08:57,132 [INFO] [Iter 147] LR: 0.00000001
2025-07-21 03:08:57,133 [INFO] No improvement: current loss 235.232714, best loss 235.232745
2025-07-21 03:08:57,730 [INFO] [148/300] loss 235.233 | compact 14.5575 | spectral 17.1585 | recons_loss: 0.215896 | sparse_loss: 1.03242 | 
2025-07-21 03:08:57,730 [INFO] [Iter 148] LR: 0.00000001
2025-07-21 03:08:57,731 [INFO] No improvement: current loss 235.232702, best loss 235.232745
2025-07-21 03:08:58,328 [INFO] [149/300] loss 235.233 | compact 14.5575 | spectral 17.1585 | recons_loss: 0.215896 | sparse_loss: 1.03242 | 
2025-07-21 03:08:58,328 [INFO] [Iter 149] LR: 0.00000001
2025-07-21 03:08:58,329 [INFO] No improvement: current loss 235.232691, best loss 235.232745
2025-07-21 03:08:58,525 [INFO] H: 600, W: 166
2025-07-21 03:08:58,647 [INFO] [0 1 2 3 4 5]
2025-07-21 03:08:58,745 [INFO] y_target: [1 2 3 4 5 6]
2025-07-21 03:08:58,745 [INFO] y_predict: [0 1 2 3 4 5]
2025-07-21 03:08:58,832 [INFO] Epoch = 150 OA = 0.8896 Kappa = 0.8523 NMI = 0.8144
2025-07-21 03:08:59,309 [INFO] [150/300] loss 235.233 | compact 14.5575 | spectral 17.1585 | recons_loss: 0.215896 | sparse_loss: 1.03242 | 
2025-07-21 03:08:59,309 [INFO] [Iter 150] LR: 0.00000001
2025-07-21 03:08:59,310 [INFO] No improvement: current loss 235.232680, best loss 235.232745
2025-07-21 03:08:59,908 [INFO] [151/300] loss 235.233 | compact 14.5575 | spectral 17.1585 | recons_loss: 0.215896 | sparse_loss: 1.03242 | 
2025-07-21 03:08:59,909 [INFO] [Iter 151] LR: 0.00000001
2025-07-21 03:08:59,910 [INFO] No improvement: current loss 235.232670, best loss 235.232745
2025-07-21 03:09:00,509 [INFO] [152/300] loss 235.233 | compact 14.5575 | spectral 17.1585 | recons_loss: 0.215896 | sparse_loss: 1.03242 | 
2025-07-21 03:09:00,509 [INFO] [Iter 152] LR: 0.00000001
2025-07-21 03:09:00,510 [INFO] No improvement: current loss 235.232662, best loss 235.232745
2025-07-21 03:09:01,107 [INFO] [153/300] loss 235.233 | compact 14.5575 | spectral 17.1585 | recons_loss: 0.215896 | sparse_loss: 1.03242 | 
2025-07-21 03:09:01,107 [INFO] [Iter 153] LR: 0.00000001
2025-07-21 03:09:01,108 [INFO] No improvement: current loss 235.232653, best loss 235.232745
2025-07-21 03:09:01,705 [INFO] [154/300] loss 235.233 | compact 14.5575 | spectral 17.1585 | recons_loss: 0.215896 | sparse_loss: 1.03242 | 
2025-07-21 03:09:01,706 [INFO] [Iter 154] LR: 0.00000001
2025-07-21 03:09:01,707 [INFO] No improvement: current loss 235.232647, best loss 235.232745
2025-07-21 03:09:02,304 [INFO] [155/300] loss 235.233 | compact 14.5575 | spectral 17.1585 | recons_loss: 0.215896 | sparse_loss: 1.03242 | 
2025-07-21 03:09:02,305 [INFO] [Iter 155] LR: 0.00000001
2025-07-21 03:09:02,306 [INFO] Saving best model at iteration 155
2025-07-21 03:09:02,907 [INFO] [156/300] loss 235.233 | compact 14.5575 | spectral 17.1585 | recons_loss: 0.215896 | sparse_loss: 1.03242 | 
2025-07-21 03:09:02,907 [INFO] [Iter 156] LR: 0.00000001
2025-07-21 03:09:02,910 [INFO] No improvement: current loss 235.232633, best loss 235.232640
2025-07-21 03:09:03,519 [INFO] [157/300] loss 235.233 | compact 14.5575 | spectral 17.1585 | recons_loss: 0.215896 | sparse_loss: 1.03242 | 
2025-07-21 03:09:03,519 [INFO] [Iter 157] LR: 0.00000001
2025-07-21 03:09:03,521 [INFO] No improvement: current loss 235.232629, best loss 235.232640
2025-07-21 03:09:04,136 [INFO] [158/300] loss 235.233 | compact 14.5575 | spectral 17.1585 | recons_loss: 0.215896 | sparse_loss: 1.03242 | 
2025-07-21 03:09:04,136 [INFO] [Iter 158] LR: 0.00000001
2025-07-21 03:09:04,139 [INFO] No improvement: current loss 235.232625, best loss 235.232640
2025-07-21 03:09:04,737 [INFO] [159/300] loss 235.233 | compact 14.5575 | spectral 17.1585 | recons_loss: 0.215896 | sparse_loss: 1.03242 | 
2025-07-21 03:09:04,737 [INFO] [Iter 159] LR: 0.00000001
2025-07-21 03:09:04,738 [INFO] No improvement: current loss 235.232621, best loss 235.232640
2025-07-21 03:09:05,335 [INFO] [160/300] loss 235.233 | compact 14.5575 | spectral 17.1585 | recons_loss: 0.215896 | sparse_loss: 1.03242 | 
2025-07-21 03:09:05,336 [INFO] [Iter 160] LR: 0.00000001
2025-07-21 03:09:05,337 [INFO] No improvement: current loss 235.232618, best loss 235.232640
2025-07-21 03:09:05,934 [INFO] [161/300] loss 235.233 | compact 14.5575 | spectral 17.1585 | recons_loss: 0.215896 | sparse_loss: 1.03242 | 
2025-07-21 03:09:05,935 [INFO] [Iter 161] LR: 0.00000001
2025-07-21 03:09:05,936 [INFO] No improvement: current loss 235.232614, best loss 235.232640
2025-07-21 03:09:06,534 [INFO] [162/300] loss 235.233 | compact 14.5575 | spectral 17.1585 | recons_loss: 0.215896 | sparse_loss: 1.03242 | 
2025-07-21 03:09:06,534 [INFO] [Iter 162] LR: 0.00000001
2025-07-21 03:09:06,535 [INFO] No improvement: current loss 235.232611, best loss 235.232640
2025-07-21 03:09:07,132 [INFO] [163/300] loss 235.233 | compact 14.5575 | spectral 17.1585 | recons_loss: 0.215896 | sparse_loss: 1.03242 | 
2025-07-21 03:09:07,132 [INFO] [Iter 163] LR: 0.00000001
2025-07-21 03:09:07,133 [INFO] No improvement: current loss 235.232609, best loss 235.232640
2025-07-21 03:09:07,747 [INFO] [164/300] loss 235.233 | compact 14.5575 | spectral 17.1585 | recons_loss: 0.215896 | sparse_loss: 1.03242 | 
2025-07-21 03:09:07,748 [INFO] [Iter 164] LR: 0.00000001
2025-07-21 03:09:07,749 [INFO] No improvement: current loss 235.232606, best loss 235.232640
2025-07-21 03:09:08,347 [INFO] [165/300] loss 235.233 | compact 14.5575 | spectral 17.1585 | recons_loss: 0.215896 | sparse_loss: 1.03242 | 
2025-07-21 03:09:08,348 [INFO] [Iter 165] LR: 0.00000001
2025-07-21 03:09:08,350 [INFO] No improvement: current loss 235.232603, best loss 235.232640
2025-07-21 03:09:08,959 [INFO] [166/300] loss 235.233 | compact 14.5575 | spectral 17.1585 | recons_loss: 0.215896 | sparse_loss: 1.03242 | 
2025-07-21 03:09:08,959 [INFO] [Iter 166] LR: 0.00000001
2025-07-21 03:09:08,960 [INFO] No improvement: current loss 235.232600, best loss 235.232640
2025-07-21 03:09:09,558 [INFO] [167/300] loss 235.233 | compact 14.5575 | spectral 17.1585 | recons_loss: 0.215896 | sparse_loss: 1.03242 | 
2025-07-21 03:09:09,558 [INFO] [Iter 167] LR: 0.00000001
2025-07-21 03:09:09,559 [INFO] No improvement: current loss 235.232599, best loss 235.232640
2025-07-21 03:09:10,156 [INFO] [168/300] loss 235.233 | compact 14.5575 | spectral 17.1585 | recons_loss: 0.215896 | sparse_loss: 1.03242 | 
2025-07-21 03:09:10,157 [INFO] [Iter 168] LR: 0.00000001
2025-07-21 03:09:10,158 [INFO] No improvement: current loss 235.232598, best loss 235.232640
2025-07-21 03:09:10,757 [INFO] [169/300] loss 235.233 | compact 14.5575 | spectral 17.1585 | recons_loss: 0.215896 | sparse_loss: 1.03242 | 
2025-07-21 03:09:10,757 [INFO] [Iter 169] LR: 0.00000001
2025-07-21 03:09:10,758 [INFO] No improvement: current loss 235.232596, best loss 235.232640
2025-07-21 03:09:11,357 [INFO] [170/300] loss 235.233 | compact 14.5575 | spectral 17.1585 | recons_loss: 0.215896 | sparse_loss: 1.03242 | 
2025-07-21 03:09:11,357 [INFO] [Iter 170] LR: 0.00000001
2025-07-21 03:09:11,358 [INFO] No improvement: current loss 235.232593, best loss 235.232640
2025-07-21 03:09:11,961 [INFO] [171/300] loss 235.233 | compact 14.5575 | spectral 17.1585 | recons_loss: 0.215896 | sparse_loss: 1.03242 | 
2025-07-21 03:09:11,961 [INFO] [Iter 171] LR: 0.00000001
2025-07-21 03:09:11,962 [INFO] No improvement: current loss 235.232592, best loss 235.232640
2025-07-21 03:09:12,560 [INFO] [172/300] loss 235.233 | compact 14.5575 | spectral 17.1585 | recons_loss: 0.215896 | sparse_loss: 1.03242 | 
2025-07-21 03:09:12,560 [INFO] [Iter 172] LR: 0.00000001
2025-07-21 03:09:12,563 [INFO] No improvement: current loss 235.232590, best loss 235.232640
2025-07-21 03:09:13,160 [INFO] [173/300] loss 235.233 | compact 14.5575 | spectral 17.1585 | recons_loss: 0.215896 | sparse_loss: 1.03242 | 
2025-07-21 03:09:13,161 [INFO] [Iter 173] LR: 0.00000001
2025-07-21 03:09:13,162 [INFO] No improvement: current loss 235.232588, best loss 235.232640
2025-07-21 03:09:13,759 [INFO] [174/300] loss 235.233 | compact 14.5575 | spectral 17.1585 | recons_loss: 0.215896 | sparse_loss: 1.03242 | 
2025-07-21 03:09:13,760 [INFO] [Iter 174] LR: 0.00000001
2025-07-21 03:09:13,761 [INFO] No improvement: current loss 235.232588, best loss 235.232640
2025-07-21 03:09:14,358 [INFO] [175/300] loss 235.233 | compact 14.5575 | spectral 17.1585 | recons_loss: 0.215896 | sparse_loss: 1.03242 | 
2025-07-21 03:09:14,358 [INFO] [Iter 175] LR: 0.00000001
2025-07-21 03:09:14,360 [INFO] No improvement: current loss 235.232587, best loss 235.232640
2025-07-21 03:09:14,957 [INFO] [176/300] loss 235.233 | compact 14.5575 | spectral 17.1585 | recons_loss: 0.215896 | sparse_loss: 1.03242 | 
2025-07-21 03:09:14,957 [INFO] [Iter 176] LR: 0.00000001
2025-07-21 03:09:14,958 [INFO] No improvement: current loss 235.232587, best loss 235.232640
2025-07-21 03:09:15,555 [INFO] [177/300] loss 235.233 | compact 14.5575 | spectral 17.1585 | recons_loss: 0.215896 | sparse_loss: 1.03242 | 
2025-07-21 03:09:15,555 [INFO] [Iter 177] LR: 0.00000001
2025-07-21 03:09:15,556 [INFO] No improvement: current loss 235.232586, best loss 235.232640
2025-07-21 03:09:16,152 [INFO] [178/300] loss 235.233 | compact 14.5575 | spectral 17.1585 | recons_loss: 0.215896 | sparse_loss: 1.03242 | 
2025-07-21 03:09:16,152 [INFO] [Iter 178] LR: 0.00000001
2025-07-21 03:09:16,153 [INFO] No improvement: current loss 235.232586, best loss 235.232640
2025-07-21 03:09:16,751 [INFO] [179/300] loss 235.233 | compact 14.5575 | spectral 17.1585 | recons_loss: 0.215896 | sparse_loss: 1.03242 | 
2025-07-21 03:09:16,751 [INFO] [Iter 179] LR: 0.00000001
2025-07-21 03:09:16,752 [INFO] No improvement: current loss 235.232585, best loss 235.232640
2025-07-21 03:09:17,349 [INFO] [180/300] loss 235.233 | compact 14.5575 | spectral 17.1585 | recons_loss: 0.215896 | sparse_loss: 1.03242 | 
2025-07-21 03:09:17,350 [INFO] [Iter 180] LR: 0.00000001
2025-07-21 03:09:17,351 [INFO] No improvement: current loss 235.232586, best loss 235.232640
2025-07-21 03:09:17,948 [INFO] [181/300] loss 235.233 | compact 14.5575 | spectral 17.1585 | recons_loss: 0.215896 | sparse_loss: 1.03242 | 
2025-07-21 03:09:17,948 [INFO] [Iter 181] LR: 0.00000001
2025-07-21 03:09:17,949 [INFO] No improvement: current loss 235.232585, best loss 235.232640
2025-07-21 03:09:18,547 [INFO] [182/300] loss 235.233 | compact 14.5575 | spectral 17.1585 | recons_loss: 0.215896 | sparse_loss: 1.03242 | 
2025-07-21 03:09:18,547 [INFO] [Iter 182] LR: 0.00000001
2025-07-21 03:09:18,548 [INFO] No improvement: current loss 235.232584, best loss 235.232640
2025-07-21 03:09:19,147 [INFO] [183/300] loss 235.233 | compact 14.5575 | spectral 17.1585 | recons_loss: 0.215896 | sparse_loss: 1.03242 | 
2025-07-21 03:09:19,148 [INFO] [Iter 183] LR: 0.00000001
2025-07-21 03:09:19,150 [INFO] No improvement: current loss 235.232583, best loss 235.232640
2025-07-21 03:09:19,767 [INFO] [184/300] loss 235.233 | compact 14.5575 | spectral 17.1585 | recons_loss: 0.215896 | sparse_loss: 1.03242 | 
2025-07-21 03:09:19,767 [INFO] [Iter 184] LR: 0.00000001
2025-07-21 03:09:19,768 [INFO] No improvement: current loss 235.232582, best loss 235.232640
2025-07-21 03:09:20,366 [INFO] [185/300] loss 235.233 | compact 14.5575 | spectral 17.1585 | recons_loss: 0.215896 | sparse_loss: 1.03242 | 
2025-07-21 03:09:20,367 [INFO] [Iter 185] LR: 0.00000001
2025-07-21 03:09:20,369 [INFO] No improvement: current loss 235.232581, best loss 235.232640
2025-07-21 03:09:20,988 [INFO] [186/300] loss 235.233 | compact 14.5575 | spectral 17.1585 | recons_loss: 0.215896 | sparse_loss: 1.03242 | 
2025-07-21 03:09:20,988 [INFO] [Iter 186] LR: 0.00000001
2025-07-21 03:09:20,991 [INFO] No improvement: current loss 235.232580, best loss 235.232640
2025-07-21 03:09:21,590 [INFO] [187/300] loss 235.233 | compact 14.5575 | spectral 17.1585 | recons_loss: 0.215896 | sparse_loss: 1.03242 | 
2025-07-21 03:09:21,591 [INFO] [Iter 187] LR: 0.00000001
2025-07-21 03:09:21,592 [INFO] No improvement: current loss 235.232580, best loss 235.232640
2025-07-21 03:09:22,190 [INFO] [188/300] loss 235.233 | compact 14.5575 | spectral 17.1585 | recons_loss: 0.215896 | sparse_loss: 1.03242 | 
2025-07-21 03:09:22,190 [INFO] [Iter 188] LR: 0.00000001
2025-07-21 03:09:22,192 [INFO] No improvement: current loss 235.232579, best loss 235.232640
2025-07-21 03:09:22,791 [INFO] [189/300] loss 235.233 | compact 14.5575 | spectral 17.1585 | recons_loss: 0.215896 | sparse_loss: 1.03242 | 
2025-07-21 03:09:22,791 [INFO] [Iter 189] LR: 0.00000001
2025-07-21 03:09:22,792 [INFO] No improvement: current loss 235.232580, best loss 235.232640
2025-07-21 03:09:23,389 [INFO] [190/300] loss 235.233 | compact 14.5575 | spectral 17.1585 | recons_loss: 0.215896 | sparse_loss: 1.03242 | 
2025-07-21 03:09:23,390 [INFO] [Iter 190] LR: 0.00000001
2025-07-21 03:09:23,391 [INFO] No improvement: current loss 235.232581, best loss 235.232640
2025-07-21 03:09:23,989 [INFO] [191/300] loss 235.233 | compact 14.5575 | spectral 17.1585 | recons_loss: 0.215896 | sparse_loss: 1.03242 | 
2025-07-21 03:09:23,990 [INFO] [Iter 191] LR: 0.00000001
2025-07-21 03:09:23,991 [INFO] No improvement: current loss 235.232581, best loss 235.232640
2025-07-21 03:09:24,589 [INFO] [192/300] loss 235.233 | compact 14.5575 | spectral 17.1585 | recons_loss: 0.215896 | sparse_loss: 1.03242 | 
2025-07-21 03:09:24,590 [INFO] [Iter 192] LR: 0.00000001
2025-07-21 03:09:24,591 [INFO] No improvement: current loss 235.232580, best loss 235.232640
2025-07-21 03:09:25,188 [INFO] [193/300] loss 235.233 | compact 14.5575 | spectral 17.1585 | recons_loss: 0.215896 | sparse_loss: 1.03242 | 
2025-07-21 03:09:25,189 [INFO] [Iter 193] LR: 0.00000001
2025-07-21 03:09:25,190 [INFO] No improvement: current loss 235.232579, best loss 235.232640
2025-07-21 03:09:25,792 [INFO] [194/300] loss 235.233 | compact 14.5575 | spectral 17.1585 | recons_loss: 0.215896 | sparse_loss: 1.03242 | 
2025-07-21 03:09:25,792 [INFO] [Iter 194] LR: 0.00000001
2025-07-21 03:09:25,794 [INFO] No improvement: current loss 235.232579, best loss 235.232640
2025-07-21 03:09:26,401 [INFO] [195/300] loss 235.233 | compact 14.5575 | spectral 17.1585 | recons_loss: 0.215896 | sparse_loss: 1.03242 | 
2025-07-21 03:09:26,401 [INFO] [Iter 195] LR: 0.00000001
2025-07-21 03:09:26,403 [INFO] No improvement: current loss 235.232580, best loss 235.232640
2025-07-21 03:09:27,011 [INFO] [196/300] loss 235.233 | compact 14.5575 | spectral 17.1585 | recons_loss: 0.215896 | sparse_loss: 1.03242 | 
2025-07-21 03:09:27,012 [INFO] [Iter 196] LR: 0.00000001
2025-07-21 03:09:27,014 [INFO] No improvement: current loss 235.232581, best loss 235.232640
2025-07-21 03:09:27,612 [INFO] [197/300] loss 235.233 | compact 14.5575 | spectral 17.1585 | recons_loss: 0.215896 | sparse_loss: 1.03242 | 
2025-07-21 03:09:27,612 [INFO] [Iter 197] LR: 0.00000001
2025-07-21 03:09:27,614 [INFO] No improvement: current loss 235.232580, best loss 235.232640
2025-07-21 03:09:28,217 [INFO] [198/300] loss 235.233 | compact 14.5575 | spectral 17.1585 | recons_loss: 0.215896 | sparse_loss: 1.03242 | 
2025-07-21 03:09:28,217 [INFO] [Iter 198] LR: 0.00000001
2025-07-21 03:09:28,220 [INFO] No improvement: current loss 235.232580, best loss 235.232640
2025-07-21 03:09:28,819 [INFO] [199/300] loss 235.233 | compact 14.5575 | spectral 17.1585 | recons_loss: 0.215896 | sparse_loss: 1.03242 | 
2025-07-21 03:09:28,820 [INFO] [Iter 199] LR: 0.00000001
2025-07-21 03:09:28,821 [INFO] No improvement: current loss 235.232581, best loss 235.232640
2025-07-21 03:09:29,016 [INFO] H: 600, W: 166
2025-07-21 03:09:29,124 [INFO] [0 1 2 3 4 5]
2025-07-21 03:09:29,222 [INFO] y_target: [1 2 3 4 5 6]
2025-07-21 03:09:29,222 [INFO] y_predict: [0 1 2 3 4 5]
2025-07-21 03:09:29,309 [INFO] Epoch = 200 OA = 0.8896 Kappa = 0.8523 NMI = 0.8144
2025-07-21 03:09:29,785 [INFO] [200/300] loss 235.233 | compact 14.5575 | spectral 17.1585 | recons_loss: 0.215896 | sparse_loss: 1.03242 | 
2025-07-21 03:09:29,785 [INFO] [Iter 200] LR: 0.00000001
2025-07-21 03:09:29,787 [INFO] No improvement: current loss 235.232582, best loss 235.232640
2025-07-21 03:09:30,385 [INFO] [201/300] loss 235.233 | compact 14.5575 | spectral 17.1585 | recons_loss: 0.215896 | sparse_loss: 1.03242 | 
2025-07-21 03:09:30,385 [INFO] [Iter 201] LR: 0.00000001
2025-07-21 03:09:30,388 [INFO] No improvement: current loss 235.232581, best loss 235.232640
2025-07-21 03:09:30,988 [INFO] [202/300] loss 235.233 | compact 14.5575 | spectral 17.1585 | recons_loss: 0.215896 | sparse_loss: 1.03242 | 
2025-07-21 03:09:30,988 [INFO] [Iter 202] LR: 0.00000001
2025-07-21 03:09:30,989 [INFO] No improvement: current loss 235.232580, best loss 235.232640
2025-07-21 03:09:31,587 [INFO] [203/300] loss 235.233 | compact 14.5575 | spectral 17.1585 | recons_loss: 0.215896 | sparse_loss: 1.03242 | 
2025-07-21 03:09:31,587 [INFO] [Iter 203] LR: 0.00000001
2025-07-21 03:09:31,588 [INFO] No improvement: current loss 235.232581, best loss 235.232640
2025-07-21 03:09:32,186 [INFO] [204/300] loss 235.233 | compact 14.5575 | spectral 17.1585 | recons_loss: 0.215896 | sparse_loss: 1.03242 | 
2025-07-21 03:09:32,186 [INFO] [Iter 204] LR: 0.00000001
2025-07-21 03:09:32,188 [INFO] No improvement: current loss 235.232581, best loss 235.232640
2025-07-21 03:09:32,785 [INFO] [205/300] loss 235.233 | compact 14.5575 | spectral 17.1585 | recons_loss: 0.215896 | sparse_loss: 1.03242 | 
2025-07-21 03:09:32,785 [INFO] [Iter 205] LR: 0.00000001
2025-07-21 03:09:32,786 [INFO] No improvement: current loss 235.232580, best loss 235.232640
2025-07-21 03:09:33,383 [INFO] [206/300] loss 235.233 | compact 14.5575 | spectral 17.1585 | recons_loss: 0.215896 | sparse_loss: 1.03242 | 
2025-07-21 03:09:33,383 [INFO] [Iter 206] LR: 0.00000001
2025-07-21 03:09:33,384 [INFO] No improvement: current loss 235.232581, best loss 235.232640
2025-07-21 03:09:33,983 [INFO] [207/300] loss 235.233 | compact 14.5575 | spectral 17.1585 | recons_loss: 0.215896 | sparse_loss: 1.03242 | 
2025-07-21 03:09:33,983 [INFO] [Iter 207] LR: 0.00000001
2025-07-21 03:09:33,985 [INFO] No improvement: current loss 235.232582, best loss 235.232640
2025-07-21 03:09:34,583 [INFO] [208/300] loss 235.233 | compact 14.5575 | spectral 17.1585 | recons_loss: 0.215896 | sparse_loss: 1.03242 | 
2025-07-21 03:09:34,583 [INFO] [Iter 208] LR: 0.00000001
2025-07-21 03:09:34,585 [INFO] No improvement: current loss 235.232583, best loss 235.232640
2025-07-21 03:09:35,186 [INFO] [209/300] loss 235.233 | compact 14.5575 | spectral 17.1585 | recons_loss: 0.215896 | sparse_loss: 1.03242 | 
2025-07-21 03:09:35,186 [INFO] [Iter 209] LR: 0.00000001
2025-07-21 03:09:35,187 [INFO] No improvement: current loss 235.232582, best loss 235.232640
2025-07-21 03:09:35,784 [INFO] [210/300] loss 235.233 | compact 14.5575 | spectral 17.1585 | recons_loss: 0.215896 | sparse_loss: 1.03242 | 
2025-07-21 03:09:35,785 [INFO] [Iter 210] LR: 0.00000001
2025-07-21 03:09:35,786 [INFO] No improvement: current loss 235.232583, best loss 235.232640
2025-07-21 03:09:36,382 [INFO] [211/300] loss 235.233 | compact 14.5575 | spectral 17.1585 | recons_loss: 0.215896 | sparse_loss: 1.03242 | 
2025-07-21 03:09:36,382 [INFO] [Iter 211] LR: 0.00000001
2025-07-21 03:09:36,383 [INFO] No improvement: current loss 235.232583, best loss 235.232640
2025-07-21 03:09:36,984 [INFO] [212/300] loss 235.233 | compact 14.5575 | spectral 17.1585 | recons_loss: 0.215896 | sparse_loss: 1.03242 | 
2025-07-21 03:09:36,984 [INFO] [Iter 212] LR: 0.00000001
2025-07-21 03:09:36,987 [INFO] No improvement: current loss 235.232582, best loss 235.232640
2025-07-21 03:09:37,593 [INFO] [213/300] loss 235.233 | compact 14.5575 | spectral 17.1585 | recons_loss: 0.215896 | sparse_loss: 1.03242 | 
2025-07-21 03:09:37,593 [INFO] [Iter 213] LR: 0.00000001
2025-07-21 03:09:37,594 [INFO] No improvement: current loss 235.232583, best loss 235.232640
2025-07-21 03:09:38,191 [INFO] [214/300] loss 235.233 | compact 14.5575 | spectral 17.1585 | recons_loss: 0.215896 | sparse_loss: 1.03242 | 
2025-07-21 03:09:38,191 [INFO] [Iter 214] LR: 0.00000001
2025-07-21 03:09:38,193 [INFO] No improvement: current loss 235.232582, best loss 235.232640
2025-07-21 03:09:38,789 [INFO] [215/300] loss 235.233 | compact 14.5575 | spectral 17.1585 | recons_loss: 0.215896 | sparse_loss: 1.03242 | 
2025-07-21 03:09:38,790 [INFO] [Iter 215] LR: 0.00000001
2025-07-21 03:09:38,791 [INFO] No improvement: current loss 235.232581, best loss 235.232640
2025-07-21 03:09:39,395 [INFO] [216/300] loss 235.233 | compact 14.5575 | spectral 17.1585 | recons_loss: 0.215896 | sparse_loss: 1.03242 | 
2025-07-21 03:09:39,395 [INFO] [Iter 216] LR: 0.00000001
2025-07-21 03:09:39,396 [INFO] No improvement: current loss 235.232582, best loss 235.232640
2025-07-21 03:09:39,994 [INFO] [217/300] loss 235.233 | compact 14.5575 | spectral 17.1585 | recons_loss: 0.215896 | sparse_loss: 1.03242 | 
2025-07-21 03:09:39,994 [INFO] [Iter 217] LR: 0.00000001
2025-07-21 03:09:39,996 [INFO] No improvement: current loss 235.232583, best loss 235.232640
2025-07-21 03:09:40,599 [INFO] [218/300] loss 235.233 | compact 14.5575 | spectral 17.1585 | recons_loss: 0.215896 | sparse_loss: 1.03242 | 
2025-07-21 03:09:40,599 [INFO] [Iter 218] LR: 0.00000001
2025-07-21 03:09:40,600 [INFO] No improvement: current loss 235.232584, best loss 235.232640
2025-07-21 03:09:41,198 [INFO] [219/300] loss 235.233 | compact 14.5575 | spectral 17.1585 | recons_loss: 0.215896 | sparse_loss: 1.03242 | 
2025-07-21 03:09:41,198 [INFO] [Iter 219] LR: 0.00000001
2025-07-21 03:09:41,199 [INFO] No improvement: current loss 235.232583, best loss 235.232640
2025-07-21 03:09:41,797 [INFO] [220/300] loss 235.233 | compact 14.5575 | spectral 17.1585 | recons_loss: 0.215896 | sparse_loss: 1.03242 | 
2025-07-21 03:09:41,797 [INFO] [Iter 220] LR: 0.00000001
2025-07-21 03:09:41,798 [INFO] No improvement: current loss 235.232582, best loss 235.232640
2025-07-21 03:09:42,395 [INFO] [221/300] loss 235.233 | compact 14.5575 | spectral 17.1585 | recons_loss: 0.215896 | sparse_loss: 1.03242 | 
2025-07-21 03:09:42,395 [INFO] [Iter 221] LR: 0.00000001
2025-07-21 03:09:42,397 [INFO] No improvement: current loss 235.232581, best loss 235.232640
2025-07-21 03:09:42,994 [INFO] [222/300] loss 235.233 | compact 14.5575 | spectral 17.1585 | recons_loss: 0.215896 | sparse_loss: 1.03242 | 
2025-07-21 03:09:42,994 [INFO] [Iter 222] LR: 0.00000001
2025-07-21 03:09:42,995 [INFO] No improvement: current loss 235.232581, best loss 235.232640
2025-07-21 03:09:43,593 [INFO] [223/300] loss 235.233 | compact 14.5575 | spectral 17.1585 | recons_loss: 0.215896 | sparse_loss: 1.03242 | 
2025-07-21 03:09:43,593 [INFO] [Iter 223] LR: 0.00000001
2025-07-21 03:09:43,594 [INFO] No improvement: current loss 235.232581, best loss 235.232640
2025-07-21 03:09:44,191 [INFO] [224/300] loss 235.233 | compact 14.5575 | spectral 17.1585 | recons_loss: 0.215896 | sparse_loss: 1.03242 | 
2025-07-21 03:09:44,191 [INFO] [Iter 224] LR: 0.00000001
2025-07-21 03:09:44,192 [INFO] No improvement: current loss 235.232582, best loss 235.232640
2025-07-21 03:09:44,790 [INFO] [225/300] loss 235.233 | compact 14.5575 | spectral 17.1585 | recons_loss: 0.215896 | sparse_loss: 1.03242 | 
2025-07-21 03:09:44,790 [INFO] [Iter 225] LR: 0.00000001
2025-07-21 03:09:44,791 [INFO] No improvement: current loss 235.232581, best loss 235.232640
2025-07-21 03:09:45,403 [INFO] [226/300] loss 235.233 | compact 14.5575 | spectral 17.1585 | recons_loss: 0.215896 | sparse_loss: 1.03242 | 
2025-07-21 03:09:45,403 [INFO] [Iter 226] LR: 0.00000001
2025-07-21 03:09:45,404 [INFO] No improvement: current loss 235.232581, best loss 235.232640
2025-07-21 03:09:46,001 [INFO] [227/300] loss 235.233 | compact 14.5575 | spectral 17.1585 | recons_loss: 0.215896 | sparse_loss: 1.03242 | 
2025-07-21 03:09:46,002 [INFO] [Iter 227] LR: 0.00000001
2025-07-21 03:09:46,003 [INFO] No improvement: current loss 235.232582, best loss 235.232640
2025-07-21 03:09:46,600 [INFO] [228/300] loss 235.233 | compact 14.5575 | spectral 17.1585 | recons_loss: 0.215896 | sparse_loss: 1.03242 | 
2025-07-21 03:09:46,600 [INFO] [Iter 228] LR: 0.00000001
2025-07-21 03:09:46,602 [INFO] No improvement: current loss 235.232581, best loss 235.232640
2025-07-21 03:09:47,199 [INFO] [229/300] loss 235.233 | compact 14.5575 | spectral 17.1585 | recons_loss: 0.215896 | sparse_loss: 1.03242 | 
2025-07-21 03:09:47,200 [INFO] [Iter 229] LR: 0.00000001
2025-07-21 03:09:47,201 [INFO] No improvement: current loss 235.232580, best loss 235.232640
2025-07-21 03:09:47,799 [INFO] [230/300] loss 235.233 | compact 14.5575 | spectral 17.1585 | recons_loss: 0.215896 | sparse_loss: 1.03242 | 
2025-07-21 03:09:47,799 [INFO] [Iter 230] LR: 0.00000001
2025-07-21 03:09:47,801 [INFO] No improvement: current loss 235.232581, best loss 235.232640
2025-07-21 03:09:48,413 [INFO] [231/300] loss 235.233 | compact 14.5575 | spectral 17.1585 | recons_loss: 0.215896 | sparse_loss: 1.03242 | 
2025-07-21 03:09:48,413 [INFO] [Iter 231] LR: 0.00000001
2025-07-21 03:09:48,414 [INFO] No improvement: current loss 235.232581, best loss 235.232640
2025-07-21 03:09:49,011 [INFO] [232/300] loss 235.233 | compact 14.5575 | spectral 17.1585 | recons_loss: 0.215896 | sparse_loss: 1.03242 | 
2025-07-21 03:09:49,011 [INFO] [Iter 232] LR: 0.00000001
2025-07-21 03:09:49,012 [INFO] No improvement: current loss 235.232580, best loss 235.232640
2025-07-21 03:09:49,609 [INFO] [233/300] loss 235.233 | compact 14.5575 | spectral 17.1585 | recons_loss: 0.215896 | sparse_loss: 1.03242 | 
2025-07-21 03:09:49,609 [INFO] [Iter 233] LR: 0.00000001
2025-07-21 03:09:49,611 [INFO] No improvement: current loss 235.232579, best loss 235.232640
2025-07-21 03:09:50,209 [INFO] [234/300] loss 235.233 | compact 14.5575 | spectral 17.1585 | recons_loss: 0.215896 | sparse_loss: 1.03242 | 
2025-07-21 03:09:50,209 [INFO] [Iter 234] LR: 0.00000001
2025-07-21 03:09:50,212 [INFO] No improvement: current loss 235.232579, best loss 235.232640
2025-07-21 03:09:50,826 [INFO] [235/300] loss 235.233 | compact 14.5575 | spectral 17.1585 | recons_loss: 0.215896 | sparse_loss: 1.03242 | 
2025-07-21 03:09:50,827 [INFO] [Iter 235] LR: 0.00000001
2025-07-21 03:09:50,828 [INFO] No improvement: current loss 235.232578, best loss 235.232640
2025-07-21 03:09:51,425 [INFO] [236/300] loss 235.233 | compact 14.5575 | spectral 17.1585 | recons_loss: 0.215896 | sparse_loss: 1.03242 | 
2025-07-21 03:09:51,426 [INFO] [Iter 236] LR: 0.00000001
2025-07-21 03:09:51,428 [INFO] No improvement: current loss 235.232580, best loss 235.232640
2025-07-21 03:09:52,036 [INFO] [237/300] loss 235.233 | compact 14.5575 | spectral 17.1585 | recons_loss: 0.215896 | sparse_loss: 1.03242 | 
2025-07-21 03:09:52,037 [INFO] [Iter 237] LR: 0.00000001
2025-07-21 03:09:52,038 [INFO] No improvement: current loss 235.232579, best loss 235.232640
2025-07-21 03:09:52,649 [INFO] [238/300] loss 235.233 | compact 14.5575 | spectral 17.1585 | recons_loss: 0.215896 | sparse_loss: 1.03242 | 
2025-07-21 03:09:52,650 [INFO] [Iter 238] LR: 0.00000001
2025-07-21 03:09:52,652 [INFO] No improvement: current loss 235.232580, best loss 235.232640
2025-07-21 03:09:53,267 [INFO] [239/300] loss 235.233 | compact 14.5575 | spectral 17.1585 | recons_loss: 0.215896 | sparse_loss: 1.03242 | 
2025-07-21 03:09:53,267 [INFO] [Iter 239] LR: 0.00000001
2025-07-21 03:09:53,268 [INFO] No improvement: current loss 235.232580, best loss 235.232640
2025-07-21 03:09:53,876 [INFO] [240/300] loss 235.233 | compact 14.5575 | spectral 17.1585 | recons_loss: 0.215896 | sparse_loss: 1.03242 | 
2025-07-21 03:09:53,877 [INFO] [Iter 240] LR: 0.00000001
2025-07-21 03:09:53,878 [INFO] No improvement: current loss 235.232581, best loss 235.232640
2025-07-21 03:09:54,474 [INFO] [241/300] loss 235.233 | compact 14.5575 | spectral 17.1585 | recons_loss: 0.215896 | sparse_loss: 1.03242 | 
2025-07-21 03:09:54,474 [INFO] [Iter 241] LR: 0.00000001
2025-07-21 03:09:54,475 [INFO] No improvement: current loss 235.232580, best loss 235.232640
2025-07-21 03:09:55,072 [INFO] [242/300] loss 235.233 | compact 14.5575 | spectral 17.1585 | recons_loss: 0.215896 | sparse_loss: 1.03242 | 
2025-07-21 03:09:55,073 [INFO] [Iter 242] LR: 0.00000001
2025-07-21 03:09:55,073 [INFO] No improvement: current loss 235.232581, best loss 235.232640
2025-07-21 03:09:55,671 [INFO] [243/300] loss 235.233 | compact 14.5575 | spectral 17.1585 | recons_loss: 0.215896 | sparse_loss: 1.03242 | 
2025-07-21 03:09:55,672 [INFO] [Iter 243] LR: 0.00000001
2025-07-21 03:09:55,673 [INFO] No improvement: current loss 235.232582, best loss 235.232640
2025-07-21 03:09:56,285 [INFO] [244/300] loss 235.233 | compact 14.5575 | spectral 17.1585 | recons_loss: 0.215896 | sparse_loss: 1.03242 | 
2025-07-21 03:09:56,285 [INFO] [Iter 244] LR: 0.00000001
2025-07-21 03:09:56,286 [INFO] No improvement: current loss 235.232583, best loss 235.232640
2025-07-21 03:09:56,883 [INFO] [245/300] loss 235.233 | compact 14.5575 | spectral 17.1585 | recons_loss: 0.215896 | sparse_loss: 1.03242 | 
2025-07-21 03:09:56,883 [INFO] [Iter 245] LR: 0.00000001
2025-07-21 03:09:56,884 [INFO] No improvement: current loss 235.232583, best loss 235.232640
2025-07-21 03:09:57,481 [INFO] [246/300] loss 235.233 | compact 14.5575 | spectral 17.1585 | recons_loss: 0.215896 | sparse_loss: 1.03242 | 
2025-07-21 03:09:57,481 [INFO] [Iter 246] LR: 0.00000001
2025-07-21 03:09:57,482 [INFO] No improvement: current loss 235.232582, best loss 235.232640
2025-07-21 03:09:58,078 [INFO] [247/300] loss 235.233 | compact 14.5575 | spectral 17.1585 | recons_loss: 0.215896 | sparse_loss: 1.03242 | 
2025-07-21 03:09:58,079 [INFO] [Iter 247] LR: 0.00000001
2025-07-21 03:09:58,080 [INFO] No improvement: current loss 235.232583, best loss 235.232640
2025-07-21 03:09:58,678 [INFO] [248/300] loss 235.233 | compact 14.5575 | spectral 17.1585 | recons_loss: 0.215896 | sparse_loss: 1.03242 | 
2025-07-21 03:09:58,679 [INFO] [Iter 248] LR: 0.00000001
2025-07-21 03:09:58,681 [INFO] No improvement: current loss 235.232584, best loss 235.232640
2025-07-21 03:09:59,283 [INFO] [249/300] loss 235.233 | compact 14.5575 | spectral 17.1585 | recons_loss: 0.215896 | sparse_loss: 1.03242 | 
2025-07-21 03:09:59,283 [INFO] [Iter 249] LR: 0.00000001
2025-07-21 03:09:59,284 [INFO] No improvement: current loss 235.232583, best loss 235.232640
2025-07-21 03:09:59,503 [INFO] H: 600, W: 166
2025-07-21 03:09:59,610 [INFO] [0 1 2 3 4 5]
2025-07-21 03:09:59,706 [INFO] y_target: [1 2 3 4 5 6]
2025-07-21 03:09:59,707 [INFO] y_predict: [0 1 2 3 4 5]
2025-07-21 03:09:59,794 [INFO] Epoch = 250 OA = 0.8896 Kappa = 0.8523 NMI = 0.8144
2025-07-21 03:10:00,270 [INFO] [250/300] loss 235.233 | compact 14.5575 | spectral 17.1585 | recons_loss: 0.215896 | sparse_loss: 1.03242 | 
2025-07-21 03:10:00,270 [INFO] [Iter 250] LR: 0.00000001
2025-07-21 03:10:00,271 [INFO] No improvement: current loss 235.232582, best loss 235.232640
2025-07-21 03:10:00,875 [INFO] [251/300] loss 235.233 | compact 14.5575 | spectral 17.1585 | recons_loss: 0.215896 | sparse_loss: 1.03242 | 
2025-07-21 03:10:00,875 [INFO] [Iter 251] LR: 0.00000001
2025-07-21 03:10:00,876 [INFO] No improvement: current loss 235.232583, best loss 235.232640
2025-07-21 03:10:01,474 [INFO] [252/300] loss 235.233 | compact 14.5575 | spectral 17.1585 | recons_loss: 0.215896 | sparse_loss: 1.03242 | 
2025-07-21 03:10:01,474 [INFO] [Iter 252] LR: 0.00000001
2025-07-21 03:10:01,475 [INFO] No improvement: current loss 235.232582, best loss 235.232640
2025-07-21 03:10:02,084 [INFO] [253/300] loss 235.233 | compact 14.5575 | spectral 17.1585 | recons_loss: 0.215896 | sparse_loss: 1.03242 | 
2025-07-21 03:10:02,084 [INFO] [Iter 253] LR: 0.00000001
2025-07-21 03:10:02,085 [INFO] No improvement: current loss 235.232583, best loss 235.232640
2025-07-21 03:10:02,699 [INFO] [254/300] loss 235.233 | compact 14.5575 | spectral 17.1585 | recons_loss: 0.215896 | sparse_loss: 1.03242 | 
2025-07-21 03:10:02,699 [INFO] [Iter 254] LR: 0.00000001
2025-07-21 03:10:02,700 [INFO] No improvement: current loss 235.232583, best loss 235.232640
2025-07-21 03:10:03,300 [INFO] [255/300] loss 235.233 | compact 14.5575 | spectral 17.1585 | recons_loss: 0.215896 | sparse_loss: 1.03242 | 
2025-07-21 03:10:03,301 [INFO] [Iter 255] LR: 0.00000001
2025-07-21 03:10:03,303 [INFO] No improvement: current loss 235.232583, best loss 235.232640
2025-07-21 03:10:03,912 [INFO] [256/300] loss 235.233 | compact 14.5575 | spectral 17.1585 | recons_loss: 0.215896 | sparse_loss: 1.03242 | 
2025-07-21 03:10:03,912 [INFO] [Iter 256] LR: 0.00000001
2025-07-21 03:10:03,913 [INFO] No improvement: current loss 235.232582, best loss 235.232640
2025-07-21 03:10:04,513 [INFO] [257/300] loss 235.233 | compact 14.5575 | spectral 17.1585 | recons_loss: 0.215896 | sparse_loss: 1.03242 | 
2025-07-21 03:10:04,513 [INFO] [Iter 257] LR: 0.00000001
2025-07-21 03:10:04,514 [INFO] No improvement: current loss 235.232581, best loss 235.232640
2025-07-21 03:10:05,112 [INFO] [258/300] loss 235.233 | compact 14.5575 | spectral 17.1585 | recons_loss: 0.215896 | sparse_loss: 1.03242 | 
2025-07-21 03:10:05,112 [INFO] [Iter 258] LR: 0.00000001
2025-07-21 03:10:05,113 [INFO] No improvement: current loss 235.232582, best loss 235.232640
2025-07-21 03:10:05,710 [INFO] [259/300] loss 235.233 | compact 14.5575 | spectral 17.1585 | recons_loss: 0.215896 | sparse_loss: 1.03242 | 
2025-07-21 03:10:05,711 [INFO] [Iter 259] LR: 0.00000001
2025-07-21 03:10:05,712 [INFO] No improvement: current loss 235.232583, best loss 235.232640
2025-07-21 03:10:06,309 [INFO] [260/300] loss 235.233 | compact 14.5575 | spectral 17.1585 | recons_loss: 0.215896 | sparse_loss: 1.03242 | 
2025-07-21 03:10:06,310 [INFO] [Iter 260] LR: 0.00000001
2025-07-21 03:10:06,312 [INFO] No improvement: current loss 235.232582, best loss 235.232640
2025-07-21 03:10:06,909 [INFO] [261/300] loss 235.233 | compact 14.5575 | spectral 17.1585 | recons_loss: 0.215896 | sparse_loss: 1.03242 | 
2025-07-21 03:10:06,910 [INFO] [Iter 261] LR: 0.00000001
2025-07-21 03:10:06,911 [INFO] No improvement: current loss 235.232581, best loss 235.232640
2025-07-21 03:10:07,510 [INFO] [262/300] loss 235.233 | compact 14.5575 | spectral 17.1585 | recons_loss: 0.215896 | sparse_loss: 1.03242 | 
2025-07-21 03:10:07,510 [INFO] [Iter 262] LR: 0.00000001
2025-07-21 03:10:07,512 [INFO] No improvement: current loss 235.232580, best loss 235.232640
2025-07-21 03:10:08,109 [INFO] [263/300] loss 235.233 | compact 14.5575 | spectral 17.1585 | recons_loss: 0.215896 | sparse_loss: 1.03242 | 
2025-07-21 03:10:08,109 [INFO] [Iter 263] LR: 0.00000001
2025-07-21 03:10:08,110 [INFO] No improvement: current loss 235.232581, best loss 235.232640
2025-07-21 03:10:08,707 [INFO] [264/300] loss 235.233 | compact 14.5575 | spectral 17.1585 | recons_loss: 0.215896 | sparse_loss: 1.03242 | 
2025-07-21 03:10:08,708 [INFO] [Iter 264] LR: 0.00000001
2025-07-21 03:10:08,709 [INFO] No improvement: current loss 235.232581, best loss 235.232640
2025-07-21 03:10:09,323 [INFO] [265/300] loss 235.233 | compact 14.5575 | spectral 17.1585 | recons_loss: 0.215896 | sparse_loss: 1.03242 | 
2025-07-21 03:10:09,323 [INFO] [Iter 265] LR: 0.00000001
2025-07-21 03:10:09,326 [INFO] No improvement: current loss 235.232580, best loss 235.232640
2025-07-21 03:10:09,924 [INFO] [266/300] loss 235.233 | compact 14.5575 | spectral 17.1585 | recons_loss: 0.215896 | sparse_loss: 1.03242 | 
2025-07-21 03:10:09,924 [INFO] [Iter 266] LR: 0.00000001
2025-07-21 03:10:09,926 [INFO] No improvement: current loss 235.232580, best loss 235.232640
2025-07-21 03:10:10,523 [INFO] [267/300] loss 235.233 | compact 14.5575 | spectral 17.1585 | recons_loss: 0.215896 | sparse_loss: 1.03242 | 
2025-07-21 03:10:10,524 [INFO] [Iter 267] LR: 0.00000001
2025-07-21 03:10:10,525 [INFO] No improvement: current loss 235.232579, best loss 235.232640
2025-07-21 03:10:11,122 [INFO] [268/300] loss 235.233 | compact 14.5575 | spectral 17.1585 | recons_loss: 0.215896 | sparse_loss: 1.03242 | 
2025-07-21 03:10:11,123 [INFO] [Iter 268] LR: 0.00000001
2025-07-21 03:10:11,124 [INFO] No improvement: current loss 235.232579, best loss 235.232640
2025-07-21 03:10:11,721 [INFO] [269/300] loss 235.233 | compact 14.5575 | spectral 17.1585 | recons_loss: 0.215896 | sparse_loss: 1.03242 | 
2025-07-21 03:10:11,722 [INFO] [Iter 269] LR: 0.00000001
2025-07-21 03:10:11,723 [INFO] No improvement: current loss 235.232578, best loss 235.232640
2025-07-21 03:10:12,321 [INFO] [270/300] loss 235.233 | compact 14.5575 | spectral 17.1585 | recons_loss: 0.215896 | sparse_loss: 1.03242 | 
2025-07-21 03:10:12,322 [INFO] [Iter 270] LR: 0.00000001
2025-07-21 03:10:12,323 [INFO] No improvement: current loss 235.232578, best loss 235.232640
2025-07-21 03:10:12,921 [INFO] [271/300] loss 235.233 | compact 14.5575 | spectral 17.1585 | recons_loss: 0.215896 | sparse_loss: 1.03242 | 
2025-07-21 03:10:12,922 [INFO] [Iter 271] LR: 0.00000001
2025-07-21 03:10:12,923 [INFO] No improvement: current loss 235.232577, best loss 235.232640
2025-07-21 03:10:13,523 [INFO] [272/300] loss 235.233 | compact 14.5575 | spectral 17.1585 | recons_loss: 0.215896 | sparse_loss: 1.03242 | 
2025-07-21 03:10:13,524 [INFO] [Iter 272] LR: 0.00000001
2025-07-21 03:10:13,526 [INFO] No improvement: current loss 235.232577, best loss 235.232640
2025-07-21 03:10:14,144 [INFO] [273/300] loss 235.233 | compact 14.5575 | spectral 17.1585 | recons_loss: 0.215896 | sparse_loss: 1.03242 | 
2025-07-21 03:10:14,144 [INFO] [Iter 273] LR: 0.00000001
2025-07-21 03:10:14,145 [INFO] No improvement: current loss 235.232577, best loss 235.232640
2025-07-21 03:10:14,743 [INFO] [274/300] loss 235.233 | compact 14.5575 | spectral 17.1585 | recons_loss: 0.215896 | sparse_loss: 1.03242 | 
2025-07-21 03:10:14,743 [INFO] [Iter 274] LR: 0.00000001
2025-07-21 03:10:14,744 [INFO] No improvement: current loss 235.232577, best loss 235.232640
2025-07-21 03:10:15,342 [INFO] [275/300] loss 235.233 | compact 14.5575 | spectral 17.1585 | recons_loss: 0.215896 | sparse_loss: 1.03242 | 
2025-07-21 03:10:15,342 [INFO] [Iter 275] LR: 0.00000001
2025-07-21 03:10:15,343 [INFO] No improvement: current loss 235.232578, best loss 235.232640
2025-07-21 03:10:15,940 [INFO] [276/300] loss 235.233 | compact 14.5575 | spectral 17.1585 | recons_loss: 0.215896 | sparse_loss: 1.03242 | 
2025-07-21 03:10:15,941 [INFO] [Iter 276] LR: 0.00000001
2025-07-21 03:10:15,942 [INFO] No improvement: current loss 235.232578, best loss 235.232640
2025-07-21 03:10:16,539 [INFO] [277/300] loss 235.233 | compact 14.5575 | spectral 17.1585 | recons_loss: 0.215896 | sparse_loss: 1.03242 | 
2025-07-21 03:10:16,540 [INFO] [Iter 277] LR: 0.00000001
2025-07-21 03:10:16,541 [INFO] No improvement: current loss 235.232579, best loss 235.232640
2025-07-21 03:10:17,152 [INFO] [278/300] loss 235.233 | compact 14.5575 | spectral 17.1585 | recons_loss: 0.215896 | sparse_loss: 1.03242 | 
2025-07-21 03:10:17,153 [INFO] [Iter 278] LR: 0.00000001
2025-07-21 03:10:17,155 [INFO] No improvement: current loss 235.232580, best loss 235.232640
2025-07-21 03:10:17,759 [INFO] [279/300] loss 235.233 | compact 14.5575 | spectral 17.1585 | recons_loss: 0.215896 | sparse_loss: 1.03242 | 
2025-07-21 03:10:17,759 [INFO] [Iter 279] LR: 0.00000001
2025-07-21 03:10:17,760 [INFO] No improvement: current loss 235.232579, best loss 235.232640
2025-07-21 03:10:18,357 [INFO] [280/300] loss 235.233 | compact 14.5575 | spectral 17.1585 | recons_loss: 0.215896 | sparse_loss: 1.03242 | 
2025-07-21 03:10:18,358 [INFO] [Iter 280] LR: 0.00000001
2025-07-21 03:10:18,359 [INFO] No improvement: current loss 235.232579, best loss 235.232640
2025-07-21 03:10:18,956 [INFO] [281/300] loss 235.233 | compact 14.5575 | spectral 17.1585 | recons_loss: 0.215896 | sparse_loss: 1.03242 | 
2025-07-21 03:10:18,956 [INFO] [Iter 281] LR: 0.00000001
2025-07-21 03:10:18,957 [INFO] No improvement: current loss 235.232580, best loss 235.232640
2025-07-21 03:10:19,554 [INFO] [282/300] loss 235.233 | compact 14.5575 | spectral 17.1585 | recons_loss: 0.215896 | sparse_loss: 1.03242 | 
2025-07-21 03:10:19,554 [INFO] [Iter 282] LR: 0.00000001
2025-07-21 03:10:19,555 [INFO] No improvement: current loss 235.232581, best loss 235.232640
2025-07-21 03:10:20,152 [INFO] [283/300] loss 235.233 | compact 14.5575 | spectral 17.1585 | recons_loss: 0.215896 | sparse_loss: 1.03242 | 
2025-07-21 03:10:20,152 [INFO] [Iter 283] LR: 0.00000001
2025-07-21 03:10:20,153 [INFO] No improvement: current loss 235.232580, best loss 235.232640
2025-07-21 03:10:20,751 [INFO] [284/300] loss 235.233 | compact 14.5575 | spectral 17.1585 | recons_loss: 0.215896 | sparse_loss: 1.03242 | 
2025-07-21 03:10:20,751 [INFO] [Iter 284] LR: 0.00000001
2025-07-21 03:10:20,752 [INFO] No improvement: current loss 235.232580, best loss 235.232640
2025-07-21 03:10:21,349 [INFO] [285/300] loss 235.233 | compact 14.5575 | spectral 17.1585 | recons_loss: 0.215896 | sparse_loss: 1.03242 | 
2025-07-21 03:10:21,349 [INFO] [Iter 285] LR: 0.00000001
2025-07-21 03:10:21,350 [INFO] No improvement: current loss 235.232581, best loss 235.232640
2025-07-21 03:10:21,947 [INFO] [286/300] loss 235.233 | compact 14.5575 | spectral 17.1585 | recons_loss: 0.215896 | sparse_loss: 1.03242 | 
2025-07-21 03:10:21,947 [INFO] [Iter 286] LR: 0.00000001
2025-07-21 03:10:21,948 [INFO] No improvement: current loss 235.232580, best loss 235.232640
2025-07-21 03:10:22,547 [INFO] [287/300] loss 235.233 | compact 14.5575 | spectral 17.1585 | recons_loss: 0.215896 | sparse_loss: 1.03242 | 
2025-07-21 03:10:22,547 [INFO] [Iter 287] LR: 0.00000001
2025-07-21 03:10:22,549 [INFO] No improvement: current loss 235.232581, best loss 235.232640
2025-07-21 03:10:23,160 [INFO] [288/300] loss 235.233 | compact 14.5575 | spectral 17.1585 | recons_loss: 0.215896 | sparse_loss: 1.03242 | 
2025-07-21 03:10:23,161 [INFO] [Iter 288] LR: 0.00000001
2025-07-21 03:10:23,162 [INFO] No improvement: current loss 235.232580, best loss 235.232640
2025-07-21 03:10:23,760 [INFO] [289/300] loss 235.233 | compact 14.5575 | spectral 17.1585 | recons_loss: 0.215896 | sparse_loss: 1.03242 | 
2025-07-21 03:10:23,760 [INFO] [Iter 289] LR: 0.00000001
2025-07-21 03:10:23,762 [INFO] No improvement: current loss 235.232581, best loss 235.232640
2025-07-21 03:10:24,360 [INFO] [290/300] loss 235.233 | compact 14.5575 | spectral 17.1585 | recons_loss: 0.215896 | sparse_loss: 1.03242 | 
2025-07-21 03:10:24,360 [INFO] [Iter 290] LR: 0.00000001
2025-07-21 03:10:24,361 [INFO] No improvement: current loss 235.232582, best loss 235.232640
2025-07-21 03:10:24,973 [INFO] [291/300] loss 235.233 | compact 14.5575 | spectral 17.1585 | recons_loss: 0.215896 | sparse_loss: 1.03242 | 
2025-07-21 03:10:24,973 [INFO] [Iter 291] LR: 0.00000001
2025-07-21 03:10:24,974 [INFO] No improvement: current loss 235.232581, best loss 235.232640
2025-07-21 03:10:25,573 [INFO] [292/300] loss 235.233 | compact 14.5575 | spectral 17.1585 | recons_loss: 0.215896 | sparse_loss: 1.03242 | 
2025-07-21 03:10:25,573 [INFO] [Iter 292] LR: 0.00000001
2025-07-21 03:10:25,575 [INFO] No improvement: current loss 235.232581, best loss 235.232640
2025-07-21 03:10:26,173 [INFO] [293/300] loss 235.233 | compact 14.5575 | spectral 17.1585 | recons_loss: 0.215896 | sparse_loss: 1.03242 | 
2025-07-21 03:10:26,173 [INFO] [Iter 293] LR: 0.00000001
2025-07-21 03:10:26,176 [INFO] No improvement: current loss 235.232582, best loss 235.232640
2025-07-21 03:10:26,779 [INFO] [294/300] loss 235.233 | compact 14.5575 | spectral 17.1585 | recons_loss: 0.215896 | sparse_loss: 1.03242 | 
2025-07-21 03:10:26,779 [INFO] [Iter 294] LR: 0.00000001
2025-07-21 03:10:26,781 [INFO] No improvement: current loss 235.232581, best loss 235.232640
2025-07-21 03:10:27,400 [INFO] [295/300] loss 235.233 | compact 14.5575 | spectral 17.1585 | recons_loss: 0.215896 | sparse_loss: 1.03242 | 
2025-07-21 03:10:27,401 [INFO] [Iter 295] LR: 0.00000001
2025-07-21 03:10:27,403 [INFO] No improvement: current loss 235.232582, best loss 235.232640
2025-07-21 03:10:28,001 [INFO] [296/300] loss 235.233 | compact 14.5575 | spectral 17.1585 | recons_loss: 0.215896 | sparse_loss: 1.03242 | 
2025-07-21 03:10:28,001 [INFO] [Iter 296] LR: 0.00000001
2025-07-21 03:10:28,003 [INFO] No improvement: current loss 235.232581, best loss 235.232640
2025-07-21 03:10:28,600 [INFO] [297/300] loss 235.233 | compact 14.5575 | spectral 17.1585 | recons_loss: 0.215896 | sparse_loss: 1.03242 | 
2025-07-21 03:10:28,600 [INFO] [Iter 297] LR: 0.00000001
2025-07-21 03:10:28,601 [INFO] No improvement: current loss 235.232582, best loss 235.232640
2025-07-21 03:10:29,205 [INFO] [298/300] loss 235.233 | compact 14.5575 | spectral 17.1585 | recons_loss: 0.215896 | sparse_loss: 1.03242 | 
2025-07-21 03:10:29,205 [INFO] [Iter 298] LR: 0.00000001
2025-07-21 03:10:29,206 [INFO] No improvement: current loss 235.232581, best loss 235.232640
2025-07-21 03:10:29,419 [INFO] H: 600, W: 166
2025-07-21 03:10:29,516 [INFO] [0 1 2 3 4 5]
2025-07-21 03:10:29,612 [INFO] y_target: [1 2 3 4 5 6]
2025-07-21 03:10:29,612 [INFO] y_predict: [0 1 2 3 4 5]
2025-07-21 03:10:29,700 [INFO] Epoch = 299 OA = 0.8896 Kappa = 0.8523 NMI = 0.8144
2025-07-21 03:10:30,176 [INFO] [299/300] loss 235.233 | compact 14.5575 | spectral 17.1585 | recons_loss: 0.215896 | sparse_loss: 1.03242 | 
2025-07-21 03:10:30,176 [INFO] [Iter 299] LR: 0.00000001
2025-07-21 03:10:30,177 [INFO] No improvement: current loss 235.232582, best loss 235.232640
2025-07-21 03:10:30,177 [INFO] Training finished. Best model loaded.
