2025-07-21 05:31:56,652 [INFO] ========== Training Configuration ==========
2025-07-21 05:31:56,652 [INFO] out_dir: ./log
2025-07-21 05:31:56,652 [INFO] lr: 0.1
2025-07-21 05:31:56,652 [INFO] train_iter: 300
2025-07-21 05:31:56,652 [INFO] niter: 5
2025-07-21 05:31:56,652 [INFO] nspix: 300
2025-07-21 05:31:56,652 [INFO] weight: weight
2025-07-21 05:31:56,652 [INFO] weight_representation: 255.0
2025-07-21 05:31:56,652 [INFO] weight_noise: 50.0
2025-07-21 05:31:56,652 [INFO] dataset: trento
2025-07-21 05:31:56,652 [INFO] device: cuda:0
2025-07-21 05:31:56,652 [INFO] log: trento11
2025-07-21 05:31:56,652 [INFO] ============================================
2025-07-21 05:31:59,767 [INFO] H: 600, W: 166
2025-07-21 05:31:59,817 [INFO] [0 1 2 3 4 5]
2025-07-21 05:32:00,012 [INFO] y_target: [1 2 3 4 5 6]
2025-07-21 05:32:00,012 [INFO] y_predict: [0 1 2 3 4 5]
2025-07-21 05:32:00,102 [INFO] Epoch = 0 OA = 0.8509 Kappa = 0.8011 NMI = 0.7884
2025-07-21 05:32:00,623 [INFO] [0/300] loss 1895.92 | compact 13.9608 | spectral 17.8474 | recons_loss: 0.260069 | sparse_loss: 1.04467 | 
2025-07-21 05:32:00,623 [INFO] [Iter 0] LR: 0.10000000
2025-07-21 05:32:00,625 [INFO] Saving best model at iteration 0
2025-07-21 05:32:01,221 [INFO] [1/300] loss 1894.89 | compact 13.9658 | spectral 17.8352 | recons_loss: 0.258684 | sparse_loss: 1.04471 | 
2025-07-21 05:32:01,222 [INFO] [Iter 1] LR: 0.10000000
2025-07-21 05:32:01,223 [INFO] Saving best model at iteration 1
2025-07-21 05:32:01,819 [INFO] [2/300] loss 1893.33 | compact 13.9696 | spectral 17.8215 | recons_loss: 0.256817 | sparse_loss: 1.04466 | 
2025-07-21 05:32:01,819 [INFO] [Iter 2] LR: 0.10000000
2025-07-21 05:32:01,820 [INFO] Saving best model at iteration 2
2025-07-21 05:32:02,417 [INFO] [3/300] loss 1891.23 | compact 13.9764 | spectral 17.8037 | recons_loss: 0.254286 | sparse_loss: 1.04446 | 
2025-07-21 05:32:02,417 [INFO] [Iter 3] LR: 0.10000000
2025-07-21 05:32:02,418 [INFO] Saving best model at iteration 3
2025-07-21 05:32:03,016 [INFO] [4/300] loss 1888.73 | compact 13.9852 | spectral 17.7823 | recons_loss: 0.25123 | sparse_loss: 1.04409 | 
2025-07-21 05:32:03,016 [INFO] [Iter 4] LR: 0.10000000
2025-07-21 05:32:03,018 [INFO] Saving best model at iteration 4
2025-07-21 05:32:03,623 [INFO] [5/300] loss 1885.98 | compact 13.9933 | spectral 17.757 | recons_loss: 0.247854 | sparse_loss: 1.0436 | 
2025-07-21 05:32:03,623 [INFO] [Iter 5] LR: 0.10000000
2025-07-21 05:32:03,626 [INFO] Saving best model at iteration 5
2025-07-21 05:32:04,230 [INFO] [6/300] loss 1883.02 | compact 14.0043 | spectral 17.7262 | recons_loss: 0.244162 | sparse_loss: 1.04304 | 
2025-07-21 05:32:04,230 [INFO] [Iter 6] LR: 0.10000000
2025-07-21 05:32:04,231 [INFO] Saving best model at iteration 6
2025-07-21 05:32:04,843 [INFO] [7/300] loss 1879.94 | compact 14.0148 | spectral 17.696 | recons_loss: 0.24019 | sparse_loss: 1.04249 | 
2025-07-21 05:32:04,844 [INFO] [Iter 7] LR: 0.10000000
2025-07-21 05:32:04,846 [INFO] Saving best model at iteration 7
2025-07-21 05:32:05,444 [INFO] [8/300] loss 1876.8 | compact 14.0263 | spectral 17.6685 | recons_loss: 0.236071 | sparse_loss: 1.04197 | 
2025-07-21 05:32:05,445 [INFO] [Iter 8] LR: 0.10000000
2025-07-21 05:32:05,446 [INFO] Saving best model at iteration 8
2025-07-21 05:32:06,042 [INFO] [9/300] loss 1873.66 | compact 14.0346 | spectral 17.6435 | recons_loss: 0.231813 | sparse_loss: 1.04146 | 
2025-07-21 05:32:06,043 [INFO] [Iter 9] LR: 0.10000000
2025-07-21 05:32:06,044 [INFO] Saving best model at iteration 9
2025-07-21 05:32:06,641 [INFO] [10/300] loss 1870.54 | compact 14.0482 | spectral 17.6112 | recons_loss: 0.227493 | sparse_loss: 1.04097 | 
2025-07-21 05:32:06,642 [INFO] [Iter 10] LR: 0.10000000
2025-07-21 05:32:06,643 [INFO] Saving best model at iteration 10
2025-07-21 05:32:07,240 [INFO] [11/300] loss 1867.48 | compact 14.0605 | spectral 17.5818 | recons_loss: 0.223165 | sparse_loss: 1.04046 | 
2025-07-21 05:32:07,240 [INFO] [Iter 11] LR: 0.10000000
2025-07-21 05:32:07,241 [INFO] Saving best model at iteration 11
2025-07-21 05:32:07,837 [INFO] [12/300] loss 1864.5 | compact 14.0728 | spectral 17.5524 | recons_loss: 0.218869 | sparse_loss: 1.03994 | 
2025-07-21 05:32:07,837 [INFO] [Iter 12] LR: 0.10000000
2025-07-21 05:32:07,838 [INFO] Saving best model at iteration 12
2025-07-21 05:32:08,435 [INFO] [13/300] loss 1861.62 | compact 14.0819 | spectral 17.5281 | recons_loss: 0.214635 | sparse_loss: 1.03942 | 
2025-07-21 05:32:08,435 [INFO] [Iter 13] LR: 0.10000000
2025-07-21 05:32:08,436 [INFO] Saving best model at iteration 13
2025-07-21 05:32:09,033 [INFO] [14/300] loss 1858.84 | compact 14.0906 | spectral 17.5001 | recons_loss: 0.210487 | sparse_loss: 1.03892 | 
2025-07-21 05:32:09,033 [INFO] [Iter 14] LR: 0.10000000
2025-07-21 05:32:09,034 [INFO] Saving best model at iteration 14
2025-07-21 05:32:09,631 [INFO] [15/300] loss 1856.19 | compact 14.0993 | spectral 17.4762 | recons_loss: 0.206422 | sparse_loss: 1.03845 | 
2025-07-21 05:32:09,631 [INFO] [Iter 15] LR: 0.10000000
2025-07-21 05:32:09,632 [INFO] Saving best model at iteration 15
2025-07-21 05:32:10,228 [INFO] [16/300] loss 1853.63 | compact 14.107 | spectral 17.4505 | recons_loss: 0.202434 | sparse_loss: 1.03802 | 
2025-07-21 05:32:10,228 [INFO] [Iter 16] LR: 0.10000000
2025-07-21 05:32:10,229 [INFO] Saving best model at iteration 16
2025-07-21 05:32:10,826 [INFO] [17/300] loss 1851.18 | compact 14.118 | spectral 17.4241 | recons_loss: 0.198535 | sparse_loss: 1.03763 | 
2025-07-21 05:32:10,826 [INFO] [Iter 17] LR: 0.10000000
2025-07-21 05:32:10,827 [INFO] Saving best model at iteration 17
2025-07-21 05:32:11,425 [INFO] [18/300] loss 1848.84 | compact 14.1293 | spectral 17.4017 | recons_loss: 0.194741 | sparse_loss: 1.0373 | 
2025-07-21 05:32:11,425 [INFO] [Iter 18] LR: 0.10000000
2025-07-21 05:32:11,426 [INFO] Saving best model at iteration 18
2025-07-21 05:32:12,025 [INFO] [19/300] loss 1846.6 | compact 14.1396 | spectral 17.3792 | recons_loss: 0.191068 | sparse_loss: 1.03698 | 
2025-07-21 05:32:12,026 [INFO] [Iter 19] LR: 0.10000000
2025-07-21 05:32:12,028 [INFO] Saving best model at iteration 19
2025-07-21 05:32:12,626 [INFO] [20/300] loss 1844.47 | compact 14.1493 | spectral 17.3628 | recons_loss: 0.187544 | sparse_loss: 1.03669 | 
2025-07-21 05:32:12,626 [INFO] [Iter 20] LR: 0.10000000
2025-07-21 05:32:12,627 [INFO] Saving best model at iteration 20
2025-07-21 05:32:13,224 [INFO] [21/300] loss 1842.4 | compact 14.1607 | spectral 17.3581 | recons_loss: 0.18403 | sparse_loss: 1.03642 | 
2025-07-21 05:32:13,225 [INFO] [Iter 21] LR: 0.10000000
2025-07-21 05:32:13,226 [INFO] Saving best model at iteration 21
2025-07-21 05:32:13,822 [INFO] [22/300] loss 1840.42 | compact 14.1712 | spectral 17.3549 | recons_loss: 0.180652 | sparse_loss: 1.03614 | 
2025-07-21 05:32:13,822 [INFO] [Iter 22] LR: 0.10000000
2025-07-21 05:32:13,823 [INFO] Saving best model at iteration 22
2025-07-21 05:32:14,420 [INFO] [23/300] loss 1838.51 | compact 14.1786 | spectral 17.3488 | recons_loss: 0.177438 | sparse_loss: 1.03588 | 
2025-07-21 05:32:14,420 [INFO] [Iter 23] LR: 0.10000000
2025-07-21 05:32:14,421 [INFO] Saving best model at iteration 23
2025-07-21 05:32:15,019 [INFO] [24/300] loss 1836.69 | compact 14.1858 | spectral 17.3342 | recons_loss: 0.174369 | sparse_loss: 1.03564 | 
2025-07-21 05:32:15,019 [INFO] [Iter 24] LR: 0.10000000
2025-07-21 05:32:15,020 [INFO] Saving best model at iteration 24
2025-07-21 05:32:15,618 [INFO] [25/300] loss 1834.95 | compact 14.1937 | spectral 17.319 | recons_loss: 0.171453 | sparse_loss: 1.03544 | 
2025-07-21 05:32:15,618 [INFO] [Iter 25] LR: 0.10000000
2025-07-21 05:32:15,619 [INFO] Saving best model at iteration 25
2025-07-21 05:32:16,216 [INFO] [26/300] loss 1833.3 | compact 14.2025 | spectral 17.3022 | recons_loss: 0.168692 | sparse_loss: 1.03527 | 
2025-07-21 05:32:16,217 [INFO] [Iter 26] LR: 0.10000000
2025-07-21 05:32:16,218 [INFO] Saving best model at iteration 26
2025-07-21 05:32:16,816 [INFO] [27/300] loss 1831.73 | compact 14.2112 | spectral 17.2868 | recons_loss: 0.166085 | sparse_loss: 1.0351 | 
2025-07-21 05:32:16,816 [INFO] [Iter 27] LR: 0.10000000
2025-07-21 05:32:16,817 [INFO] Saving best model at iteration 27
2025-07-21 05:32:17,414 [INFO] [28/300] loss 1830.24 | compact 14.2186 | spectral 17.273 | recons_loss: 0.163636 | sparse_loss: 1.03492 | 
2025-07-21 05:32:17,415 [INFO] [Iter 28] LR: 0.10000000
2025-07-21 05:32:17,416 [INFO] Saving best model at iteration 28
2025-07-21 05:32:18,013 [INFO] [29/300] loss 1828.83 | compact 14.2246 | spectral 17.2642 | recons_loss: 0.161329 | sparse_loss: 1.03473 | 
2025-07-21 05:32:18,013 [INFO] [Iter 29] LR: 0.10000000
2025-07-21 05:32:18,014 [INFO] Saving best model at iteration 29
2025-07-21 05:32:18,611 [INFO] [30/300] loss 1827.48 | compact 14.2334 | spectral 17.2526 | recons_loss: 0.159151 | sparse_loss: 1.03455 | 
2025-07-21 05:32:18,611 [INFO] [Iter 30] LR: 0.10000000
2025-07-21 05:32:18,613 [INFO] Saving best model at iteration 30
2025-07-21 05:32:19,218 [INFO] [31/300] loss 1826.25 | compact 14.2423 | spectral 17.2411 | recons_loss: 0.157116 | sparse_loss: 1.03437 | 
2025-07-21 05:32:19,219 [INFO] [Iter 31] LR: 0.10000000
2025-07-21 05:32:19,220 [INFO] Saving best model at iteration 31
2025-07-21 05:32:19,818 [INFO] [32/300] loss 1825.08 | compact 14.25 | spectral 17.2381 | recons_loss: 0.155193 | sparse_loss: 1.0342 | 
2025-07-21 05:32:19,818 [INFO] [Iter 32] LR: 0.10000000
2025-07-21 05:32:19,819 [INFO] Saving best model at iteration 32
2025-07-21 05:32:20,430 [INFO] [33/300] loss 1823.97 | compact 14.2572 | spectral 17.2359 | recons_loss: 0.153388 | sparse_loss: 1.03405 | 
2025-07-21 05:32:20,430 [INFO] [Iter 33] LR: 0.10000000
2025-07-21 05:32:20,432 [INFO] Saving best model at iteration 33
2025-07-21 05:32:21,032 [INFO] [34/300] loss 1822.91 | compact 14.266 | spectral 17.2326 | recons_loss: 0.151679 | sparse_loss: 1.03391 | 
2025-07-21 05:32:21,032 [INFO] [Iter 34] LR: 0.10000000
2025-07-21 05:32:21,034 [INFO] Saving best model at iteration 34
2025-07-21 05:32:21,632 [INFO] [35/300] loss 1821.88 | compact 14.2742 | spectral 17.2287 | recons_loss: 0.150045 | sparse_loss: 1.03378 | 
2025-07-21 05:32:21,632 [INFO] [Iter 35] LR: 0.10000000
2025-07-21 05:32:21,633 [INFO] Saving best model at iteration 35
2025-07-21 05:32:22,232 [INFO] [36/300] loss 1820.89 | compact 14.281 | spectral 17.2258 | recons_loss: 0.148514 | sparse_loss: 1.03364 | 
2025-07-21 05:32:22,232 [INFO] [Iter 36] LR: 0.10000000
2025-07-21 05:32:22,234 [INFO] Saving best model at iteration 36
2025-07-21 05:32:22,831 [INFO] [37/300] loss 1819.95 | compact 14.2875 | spectral 17.223 | recons_loss: 0.147072 | sparse_loss: 1.0335 | 
2025-07-21 05:32:22,831 [INFO] [Iter 37] LR: 0.10000000
2025-07-21 05:32:22,832 [INFO] Saving best model at iteration 37
2025-07-21 05:32:23,429 [INFO] [38/300] loss 1819.04 | compact 14.2949 | spectral 17.2106 | recons_loss: 0.145726 | sparse_loss: 1.03336 | 
2025-07-21 05:32:23,430 [INFO] [Iter 38] LR: 0.10000000
2025-07-21 05:32:23,431 [INFO] Saving best model at iteration 38
2025-07-21 05:32:24,046 [INFO] [39/300] loss 1818.18 | compact 14.3024 | spectral 17.1986 | recons_loss: 0.144455 | sparse_loss: 1.03324 | 
2025-07-21 05:32:24,047 [INFO] [Iter 39] LR: 0.10000000
2025-07-21 05:32:24,048 [INFO] Saving best model at iteration 39
2025-07-21 05:32:24,646 [INFO] [40/300] loss 1817.35 | compact 14.3092 | spectral 17.1878 | recons_loss: 0.143258 | sparse_loss: 1.03313 | 
2025-07-21 05:32:24,646 [INFO] [Iter 40] LR: 0.10000000
2025-07-21 05:32:24,649 [INFO] Saving best model at iteration 40
2025-07-21 05:32:25,249 [INFO] [41/300] loss 1816.56 | compact 14.3155 | spectral 17.1801 | recons_loss: 0.142127 | sparse_loss: 1.03302 | 
2025-07-21 05:32:25,249 [INFO] [Iter 41] LR: 0.10000000
2025-07-21 05:32:25,251 [INFO] Saving best model at iteration 41
2025-07-21 05:32:25,848 [INFO] [42/300] loss 1815.8 | compact 14.3179 | spectral 17.1744 | recons_loss: 0.141068 | sparse_loss: 1.03292 | 
2025-07-21 05:32:25,848 [INFO] [Iter 42] LR: 0.10000000
2025-07-21 05:32:25,850 [INFO] Saving best model at iteration 42
2025-07-21 05:32:26,448 [INFO] [43/300] loss 1815.1 | compact 14.3196 | spectral 17.1701 | recons_loss: 0.140086 | sparse_loss: 1.03281 | 
2025-07-21 05:32:26,448 [INFO] [Iter 43] LR: 0.10000000
2025-07-21 05:32:26,451 [INFO] Saving best model at iteration 43
2025-07-21 05:32:27,063 [INFO] [44/300] loss 1814.41 | compact 14.3205 | spectral 17.167 | recons_loss: 0.139158 | sparse_loss: 1.0327 | 
2025-07-21 05:32:27,063 [INFO] [Iter 44] LR: 0.10000000
2025-07-21 05:32:27,064 [INFO] Saving best model at iteration 44
2025-07-21 05:32:27,661 [INFO] [45/300] loss 1813.74 | compact 14.3213 | spectral 17.1636 | recons_loss: 0.138269 | sparse_loss: 1.0326 | 
2025-07-21 05:32:27,662 [INFO] [Iter 45] LR: 0.10000000
2025-07-21 05:32:27,663 [INFO] Saving best model at iteration 45
2025-07-21 05:32:28,268 [INFO] [46/300] loss 1813.09 | compact 14.323 | spectral 17.1595 | recons_loss: 0.137426 | sparse_loss: 1.0325 | 
2025-07-21 05:32:28,268 [INFO] [Iter 46] LR: 0.10000000
2025-07-21 05:32:28,269 [INFO] Saving best model at iteration 46
2025-07-21 05:32:28,866 [INFO] [47/300] loss 1812.49 | compact 14.3236 | spectral 17.1613 | recons_loss: 0.136629 | sparse_loss: 1.03242 | 
2025-07-21 05:32:28,866 [INFO] [Iter 47] LR: 0.10000000
2025-07-21 05:32:28,868 [INFO] Saving best model at iteration 47
2025-07-21 05:32:29,478 [INFO] [48/300] loss 1811.92 | compact 14.3213 | spectral 17.1635 | recons_loss: 0.135881 | sparse_loss: 1.03233 | 
2025-07-21 05:32:29,478 [INFO] [Iter 48] LR: 0.10000000
2025-07-21 05:32:29,479 [INFO] Saving best model at iteration 48
2025-07-21 05:32:30,077 [INFO] [49/300] loss 1811.36 | compact 14.3192 | spectral 17.1653 | recons_loss: 0.135173 | sparse_loss: 1.03225 | 
2025-07-21 05:32:30,077 [INFO] [Iter 49] LR: 0.10000000
2025-07-21 05:32:30,078 [INFO] Saving best model at iteration 49
2025-07-21 05:32:30,261 [INFO] H: 600, W: 166
2025-07-21 05:32:30,365 [INFO] [0 1 2 3 4 5]
2025-07-21 05:32:30,463 [INFO] y_target: [1 2 3 4 5 6]
2025-07-21 05:32:30,463 [INFO] y_predict: [0 1 2 3 4 5]
2025-07-21 05:32:30,552 [INFO] Epoch = 50 OA = 0.8937 Kappa = 0.8581 NMI = 0.8278
2025-07-21 05:32:31,029 [INFO] [50/300] loss 1810.83 | compact 14.3172 | spectral 17.1672 | recons_loss: 0.1345 | sparse_loss: 1.03216 | 
2025-07-21 05:32:31,029 [INFO] [Iter 50] LR: 0.10000000
2025-07-21 05:32:31,031 [INFO] Saving best model at iteration 50
2025-07-21 05:32:31,629 [INFO] [51/300] loss 1810.32 | compact 14.3155 | spectral 17.1693 | recons_loss: 0.133844 | sparse_loss: 1.03208 | 
2025-07-21 05:32:31,629 [INFO] [Iter 51] LR: 0.10000000
2025-07-21 05:32:31,630 [INFO] Saving best model at iteration 51
2025-07-21 05:32:32,239 [INFO] [52/300] loss 1809.82 | compact 14.3141 | spectral 17.172 | recons_loss: 0.133222 | sparse_loss: 1.03201 | 
2025-07-21 05:32:32,239 [INFO] [Iter 52] LR: 0.10000000
2025-07-21 05:32:32,240 [INFO] Saving best model at iteration 52
2025-07-21 05:32:32,837 [INFO] [53/300] loss 1809.34 | compact 14.3132 | spectral 17.175 | recons_loss: 0.132625 | sparse_loss: 1.03194 | 
2025-07-21 05:32:32,838 [INFO] [Iter 53] LR: 0.10000000
2025-07-21 05:32:32,839 [INFO] Saving best model at iteration 53
2025-07-21 05:32:33,440 [INFO] [54/300] loss 1808.89 | compact 14.3108 | spectral 17.1798 | recons_loss: 0.132075 | sparse_loss: 1.03188 | 
2025-07-21 05:32:33,441 [INFO] [Iter 54] LR: 0.10000000
2025-07-21 05:32:33,442 [INFO] Saving best model at iteration 54
2025-07-21 05:32:34,047 [INFO] [55/300] loss 1808.45 | compact 14.3079 | spectral 17.1847 | recons_loss: 0.131544 | sparse_loss: 1.03182 | 
2025-07-21 05:32:34,047 [INFO] [Iter 55] LR: 0.10000000
2025-07-21 05:32:34,048 [INFO] Saving best model at iteration 55
2025-07-21 05:32:34,645 [INFO] [56/300] loss 1808.02 | compact 14.3058 | spectral 17.1891 | recons_loss: 0.131036 | sparse_loss: 1.03176 | 
2025-07-21 05:32:34,645 [INFO] [Iter 56] LR: 0.10000000
2025-07-21 05:32:34,646 [INFO] Saving best model at iteration 56
2025-07-21 05:32:35,243 [INFO] [57/300] loss 1807.61 | compact 14.3039 | spectral 17.1948 | recons_loss: 0.130548 | sparse_loss: 1.03169 | 
2025-07-21 05:32:35,243 [INFO] [Iter 57] LR: 0.10000000
2025-07-21 05:32:35,245 [INFO] Saving best model at iteration 57
2025-07-21 05:32:35,842 [INFO] [58/300] loss 1807.22 | compact 14.302 | spectral 17.2002 | recons_loss: 0.130086 | sparse_loss: 1.03162 | 
2025-07-21 05:32:35,842 [INFO] [Iter 58] LR: 0.10000000
2025-07-21 05:32:35,843 [INFO] Saving best model at iteration 58
2025-07-21 05:32:36,440 [INFO] [59/300] loss 1806.85 | compact 14.2997 | spectral 17.2056 | recons_loss: 0.12964 | sparse_loss: 1.03156 | 
2025-07-21 05:32:36,440 [INFO] [Iter 59] LR: 0.10000000
2025-07-21 05:32:36,441 [INFO] Saving best model at iteration 59
2025-07-21 05:32:37,039 [INFO] [60/300] loss 1806.49 | compact 14.2985 | spectral 17.2091 | recons_loss: 0.12921 | sparse_loss: 1.0315 | 
2025-07-21 05:32:37,039 [INFO] [Iter 60] LR: 0.10000000
2025-07-21 05:32:37,040 [INFO] Saving best model at iteration 60
2025-07-21 05:32:37,636 [INFO] [61/300] loss 1806.13 | compact 14.2981 | spectral 17.212 | recons_loss: 0.128796 | sparse_loss: 1.03144 | 
2025-07-21 05:32:37,637 [INFO] [Iter 61] LR: 0.10000000
2025-07-21 05:32:37,638 [INFO] Saving best model at iteration 61
2025-07-21 05:32:38,235 [INFO] [62/300] loss 1805.78 | compact 14.2978 | spectral 17.2145 | recons_loss: 0.128392 | sparse_loss: 1.03138 | 
2025-07-21 05:32:38,235 [INFO] [Iter 62] LR: 0.10000000
2025-07-21 05:32:38,236 [INFO] Saving best model at iteration 62
2025-07-21 05:32:38,839 [INFO] [63/300] loss 1805.44 | compact 14.2973 | spectral 17.2173 | recons_loss: 0.127995 | sparse_loss: 1.03131 | 
2025-07-21 05:32:38,840 [INFO] [Iter 63] LR: 0.10000000
2025-07-21 05:32:38,842 [INFO] Saving best model at iteration 63
2025-07-21 05:32:39,441 [INFO] [64/300] loss 1805.11 | compact 14.2972 | spectral 17.2195 | recons_loss: 0.127607 | sparse_loss: 1.03125 | 
2025-07-21 05:32:39,441 [INFO] [Iter 64] LR: 0.10000000
2025-07-21 05:32:39,443 [INFO] Saving best model at iteration 64
2025-07-21 05:32:40,046 [INFO] [65/300] loss 1804.8 | compact 14.2988 | spectral 17.2226 | recons_loss: 0.127231 | sparse_loss: 1.03119 | 
2025-07-21 05:32:40,046 [INFO] [Iter 65] LR: 0.10000000
2025-07-21 05:32:40,047 [INFO] Saving best model at iteration 65
2025-07-21 05:32:40,644 [INFO] [66/300] loss 1804.5 | compact 14.2994 | spectral 17.2268 | recons_loss: 0.126863 | sparse_loss: 1.03114 | 
2025-07-21 05:32:40,644 [INFO] [Iter 66] LR: 0.10000000
2025-07-21 05:32:40,645 [INFO] Saving best model at iteration 66
2025-07-21 05:32:41,242 [INFO] [67/300] loss 1804.22 | compact 14.3012 | spectral 17.2342 | recons_loss: 0.126512 | sparse_loss: 1.0311 | 
2025-07-21 05:32:41,242 [INFO] [Iter 67] LR: 0.10000000
2025-07-21 05:32:41,243 [INFO] Saving best model at iteration 67
2025-07-21 05:32:41,839 [INFO] [68/300] loss 1803.94 | compact 14.3019 | spectral 17.2426 | recons_loss: 0.126169 | sparse_loss: 1.03106 | 
2025-07-21 05:32:41,840 [INFO] [Iter 68] LR: 0.10000000
2025-07-21 05:32:41,841 [INFO] Saving best model at iteration 68
2025-07-21 05:32:42,437 [INFO] [69/300] loss 1803.68 | compact 14.3044 | spectral 17.2512 | recons_loss: 0.125838 | sparse_loss: 1.03102 | 
2025-07-21 05:32:42,437 [INFO] [Iter 69] LR: 0.10000000
2025-07-21 05:32:42,438 [INFO] Saving best model at iteration 69
2025-07-21 05:32:43,035 [INFO] [70/300] loss 1803.42 | compact 14.3068 | spectral 17.2597 | recons_loss: 0.125522 | sparse_loss: 1.03097 | 
2025-07-21 05:32:43,035 [INFO] [Iter 70] LR: 0.10000000
2025-07-21 05:32:43,036 [INFO] Saving best model at iteration 70
2025-07-21 05:32:43,634 [INFO] [71/300] loss 1803.17 | compact 14.31 | spectral 17.2669 | recons_loss: 0.125222 | sparse_loss: 1.03092 | 
2025-07-21 05:32:43,634 [INFO] [Iter 71] LR: 0.10000000
2025-07-21 05:32:43,637 [INFO] Saving best model at iteration 71
2025-07-21 05:32:44,253 [INFO] [72/300] loss 1802.93 | compact 14.314 | spectral 17.2719 | recons_loss: 0.124939 | sparse_loss: 1.03087 | 
2025-07-21 05:32:44,253 [INFO] [Iter 72] LR: 0.10000000
2025-07-21 05:32:44,254 [INFO] Saving best model at iteration 72
2025-07-21 05:32:44,856 [INFO] [73/300] loss 1802.69 | compact 14.3182 | spectral 17.2757 | recons_loss: 0.124667 | sparse_loss: 1.03083 | 
2025-07-21 05:32:44,856 [INFO] [Iter 73] LR: 0.10000000
2025-07-21 05:32:44,858 [INFO] Saving best model at iteration 73
2025-07-21 05:32:45,457 [INFO] [74/300] loss 1802.46 | compact 14.3227 | spectral 17.2787 | recons_loss: 0.124398 | sparse_loss: 1.03081 | 
2025-07-21 05:32:45,457 [INFO] [Iter 74] LR: 0.10000000
2025-07-21 05:32:45,458 [INFO] Saving best model at iteration 74
2025-07-21 05:32:46,059 [INFO] [75/300] loss 1802.23 | compact 14.327 | spectral 17.2812 | recons_loss: 0.124144 | sparse_loss: 1.03077 | 
2025-07-21 05:32:46,059 [INFO] [Iter 75] LR: 0.10000000
2025-07-21 05:32:46,060 [INFO] Saving best model at iteration 75
2025-07-21 05:32:46,659 [INFO] [76/300] loss 1802.01 | compact 14.3307 | spectral 17.2845 | recons_loss: 0.123902 | sparse_loss: 1.03073 | 
2025-07-21 05:32:46,660 [INFO] [Iter 76] LR: 0.10000000
2025-07-21 05:32:46,662 [INFO] Saving best model at iteration 76
2025-07-21 05:32:47,261 [INFO] [77/300] loss 1801.8 | compact 14.3337 | spectral 17.2874 | recons_loss: 0.123671 | sparse_loss: 1.03068 | 
2025-07-21 05:32:47,261 [INFO] [Iter 77] LR: 0.10000000
2025-07-21 05:32:47,263 [INFO] Saving best model at iteration 77
2025-07-21 05:32:47,866 [INFO] [78/300] loss 1801.59 | compact 14.3367 | spectral 17.2919 | recons_loss: 0.123439 | sparse_loss: 1.03063 | 
2025-07-21 05:32:47,867 [INFO] [Iter 78] LR: 0.10000000
2025-07-21 05:32:47,868 [INFO] Saving best model at iteration 78
2025-07-21 05:32:48,465 [INFO] [79/300] loss 1801.4 | compact 14.3401 | spectral 17.2968 | recons_loss: 0.123217 | sparse_loss: 1.0306 | 
2025-07-21 05:32:48,465 [INFO] [Iter 79] LR: 0.10000000
2025-07-21 05:32:48,466 [INFO] Saving best model at iteration 79
2025-07-21 05:32:49,064 [INFO] [80/300] loss 1801.2 | compact 14.3425 | spectral 17.3002 | recons_loss: 0.122999 | sparse_loss: 1.03057 | 
2025-07-21 05:32:49,064 [INFO] [Iter 80] LR: 0.10000000
2025-07-21 05:32:49,066 [INFO] Saving best model at iteration 80
2025-07-21 05:32:49,664 [INFO] [81/300] loss 1801 | compact 14.3455 | spectral 17.3033 | recons_loss: 0.122789 | sparse_loss: 1.03053 | 
2025-07-21 05:32:49,664 [INFO] [Iter 81] LR: 0.10000000
2025-07-21 05:32:49,666 [INFO] Saving best model at iteration 81
2025-07-21 05:32:50,263 [INFO] [82/300] loss 1800.81 | compact 14.3485 | spectral 17.3057 | recons_loss: 0.122579 | sparse_loss: 1.0305 | 
2025-07-21 05:32:50,263 [INFO] [Iter 82] LR: 0.10000000
2025-07-21 05:32:50,264 [INFO] Saving best model at iteration 82
2025-07-21 05:32:50,861 [INFO] [83/300] loss 1800.62 | compact 14.3521 | spectral 17.3075 | recons_loss: 0.122374 | sparse_loss: 1.03048 | 
2025-07-21 05:32:50,861 [INFO] [Iter 83] LR: 0.10000000
2025-07-21 05:32:50,862 [INFO] Saving best model at iteration 83
2025-07-21 05:32:51,460 [INFO] [84/300] loss 1800.44 | compact 14.3552 | spectral 17.3092 | recons_loss: 0.122171 | sparse_loss: 1.03044 | 
2025-07-21 05:32:51,460 [INFO] [Iter 84] LR: 0.10000000
2025-07-21 05:32:51,461 [INFO] Saving best model at iteration 84
2025-07-21 05:32:52,059 [INFO] [85/300] loss 1800.25 | compact 14.3581 | spectral 17.3109 | recons_loss: 0.121972 | sparse_loss: 1.03041 | 
2025-07-21 05:32:52,059 [INFO] [Iter 85] LR: 0.10000000
2025-07-21 05:32:52,060 [INFO] Saving best model at iteration 85
2025-07-21 05:32:52,658 [INFO] [86/300] loss 1800.07 | compact 14.3605 | spectral 17.3122 | recons_loss: 0.121779 | sparse_loss: 1.03037 | 
2025-07-21 05:32:52,658 [INFO] [Iter 86] LR: 0.10000000
2025-07-21 05:32:52,659 [INFO] Saving best model at iteration 86
2025-07-21 05:32:53,257 [INFO] [87/300] loss 1799.88 | compact 14.3631 | spectral 17.3135 | recons_loss: 0.121589 | sparse_loss: 1.03033 | 
2025-07-21 05:32:53,257 [INFO] [Iter 87] LR: 0.10000000
2025-07-21 05:32:53,258 [INFO] Saving best model at iteration 87
2025-07-21 05:32:53,856 [INFO] [88/300] loss 1799.7 | compact 14.365 | spectral 17.3158 | recons_loss: 0.121408 | sparse_loss: 1.03029 | 
2025-07-21 05:32:53,856 [INFO] [Iter 88] LR: 0.10000000
2025-07-21 05:32:53,857 [INFO] Saving best model at iteration 88
2025-07-21 05:32:54,466 [INFO] [89/300] loss 1799.51 | compact 14.3664 | spectral 17.3185 | recons_loss: 0.121238 | sparse_loss: 1.03026 | 
2025-07-21 05:32:54,466 [INFO] [Iter 89] LR: 0.10000000
2025-07-21 05:32:54,467 [INFO] Saving best model at iteration 89
2025-07-21 05:32:55,067 [INFO] [90/300] loss 1799.34 | compact 14.3682 | spectral 17.3199 | recons_loss: 0.12108 | sparse_loss: 1.03022 | 
2025-07-21 05:32:55,067 [INFO] [Iter 90] LR: 0.10000000
2025-07-21 05:32:55,068 [INFO] Saving best model at iteration 90
2025-07-21 05:32:55,665 [INFO] [91/300] loss 1799.17 | compact 14.3699 | spectral 17.3221 | recons_loss: 0.120941 | sparse_loss: 1.03018 | 
2025-07-21 05:32:55,666 [INFO] [Iter 91] LR: 0.10000000
2025-07-21 05:32:55,667 [INFO] Saving best model at iteration 91
2025-07-21 05:32:56,264 [INFO] [92/300] loss 1799.01 | compact 14.372 | spectral 17.3232 | recons_loss: 0.120806 | sparse_loss: 1.03015 | 
2025-07-21 05:32:56,264 [INFO] [Iter 92] LR: 0.10000000
2025-07-21 05:32:56,266 [INFO] Saving best model at iteration 92
2025-07-21 05:32:56,866 [INFO] [93/300] loss 1798.86 | compact 14.3734 | spectral 17.3246 | recons_loss: 0.120681 | sparse_loss: 1.03012 | 
2025-07-21 05:32:56,866 [INFO] [Iter 93] LR: 0.10000000
2025-07-21 05:32:56,867 [INFO] Saving best model at iteration 93
2025-07-21 05:32:57,464 [INFO] [94/300] loss 1798.7 | compact 14.3751 | spectral 17.3262 | recons_loss: 0.120556 | sparse_loss: 1.0301 | 
2025-07-21 05:32:57,464 [INFO] [Iter 94] LR: 0.10000000
2025-07-21 05:32:57,465 [INFO] Saving best model at iteration 94
2025-07-21 05:32:58,062 [INFO] [95/300] loss 1798.55 | compact 14.3765 | spectral 17.3277 | recons_loss: 0.12043 | sparse_loss: 1.03006 | 
2025-07-21 05:32:58,062 [INFO] [Iter 95] LR: 0.10000000
2025-07-21 05:32:58,064 [INFO] Saving best model at iteration 95
2025-07-21 05:32:58,661 [INFO] [96/300] loss 1798.4 | compact 14.3781 | spectral 17.3281 | recons_loss: 0.120304 | sparse_loss: 1.03003 | 
2025-07-21 05:32:58,661 [INFO] [Iter 96] LR: 0.10000000
2025-07-21 05:32:58,662 [INFO] Saving best model at iteration 96
2025-07-21 05:32:59,260 [INFO] [97/300] loss 1798.26 | compact 14.3798 | spectral 17.3288 | recons_loss: 0.12018 | sparse_loss: 1.03 | 
2025-07-21 05:32:59,261 [INFO] [Iter 97] LR: 0.10000000
2025-07-21 05:32:59,263 [INFO] Saving best model at iteration 97
2025-07-21 05:32:59,879 [INFO] [98/300] loss 1798.11 | compact 14.382 | spectral 17.329 | recons_loss: 0.120058 | sparse_loss: 1.02997 | 
2025-07-21 05:32:59,879 [INFO] [Iter 98] LR: 0.10000000
2025-07-21 05:32:59,880 [INFO] Saving best model at iteration 98
2025-07-21 05:33:00,478 [INFO] [99/300] loss 1797.98 | compact 14.3843 | spectral 17.3307 | recons_loss: 0.119936 | sparse_loss: 1.02994 | 
2025-07-21 05:33:00,478 [INFO] [Iter 99] LR: 0.10000000
2025-07-21 05:33:00,479 [INFO] Saving best model at iteration 99
2025-07-21 05:33:00,663 [INFO] H: 600, W: 166
2025-07-21 05:33:00,767 [INFO] [0 1 2 3 4 5]
2025-07-21 05:33:01,066 [INFO] y_target: [1 2 3 4 5 6]
2025-07-21 05:33:01,066 [INFO] y_predict: [0 1 2 3 4 5]
2025-07-21 05:33:01,155 [INFO] Epoch = 100 OA = 0.9025 Kappa = 0.8700 NMI = 0.8337
2025-07-21 05:33:01,631 [INFO] [100/300] loss 1797.85 | compact 14.3887 | spectral 17.3304 | recons_loss: 0.119813 | sparse_loss: 1.02992 | 
2025-07-21 05:33:01,631 [INFO] [Iter 100] LR: 0.10000000
2025-07-21 05:33:01,632 [INFO] Saving best model at iteration 100
2025-07-21 05:33:02,231 [INFO] [101/300] loss 1797.73 | compact 14.3917 | spectral 17.3329 | recons_loss: 0.119697 | sparse_loss: 1.02991 | 
2025-07-21 05:33:02,232 [INFO] [Iter 101] LR: 0.10000000
2025-07-21 05:33:02,233 [INFO] Saving best model at iteration 101
2025-07-21 05:33:02,839 [INFO] [102/300] loss 1797.63 | compact 14.3945 | spectral 17.3365 | recons_loss: 0.119587 | sparse_loss: 1.02989 | 
2025-07-21 05:33:02,839 [INFO] [Iter 102] LR: 0.10000000
2025-07-21 05:33:02,840 [INFO] Saving best model at iteration 102
2025-07-21 05:33:03,438 [INFO] [103/300] loss 1797.52 | compact 14.3969 | spectral 17.3398 | recons_loss: 0.119477 | sparse_loss: 1.02988 | 
2025-07-21 05:33:03,439 [INFO] [Iter 103] LR: 0.10000000
2025-07-21 05:33:03,441 [INFO] Saving best model at iteration 103
2025-07-21 05:33:04,040 [INFO] [104/300] loss 1797.4 | compact 14.3991 | spectral 17.3421 | recons_loss: 0.119368 | sparse_loss: 1.02987 | 
2025-07-21 05:33:04,040 [INFO] [Iter 104] LR: 0.10000000
2025-07-21 05:33:04,042 [INFO] Saving best model at iteration 104
2025-07-21 05:33:04,641 [INFO] [105/300] loss 1797.3 | compact 14.4013 | spectral 17.3459 | recons_loss: 0.119264 | sparse_loss: 1.02986 | 
2025-07-21 05:33:04,641 [INFO] [Iter 105] LR: 0.10000000
2025-07-21 05:33:04,644 [INFO] Saving best model at iteration 105
2025-07-21 05:33:05,255 [INFO] [106/300] loss 1797.19 | compact 14.402 | spectral 17.349 | recons_loss: 0.119167 | sparse_loss: 1.02984 | 
2025-07-21 05:33:05,256 [INFO] [Iter 106] LR: 0.10000000
2025-07-21 05:33:05,257 [INFO] Saving best model at iteration 106
2025-07-21 05:33:05,854 [INFO] [107/300] loss 1797.12 | compact 14.4026 | spectral 17.3561 | recons_loss: 0.119081 | sparse_loss: 1.02983 | 
2025-07-21 05:33:05,855 [INFO] [Iter 107] LR: 0.10000000
2025-07-21 05:33:05,856 [INFO] Saving best model at iteration 107
2025-07-21 05:33:06,453 [INFO] [108/300] loss 1797.03 | compact 14.4031 | spectral 17.3627 | recons_loss: 0.118989 | sparse_loss: 1.02982 | 
2025-07-21 05:33:06,453 [INFO] [Iter 108] LR: 0.10000000
2025-07-21 05:33:06,454 [INFO] Saving best model at iteration 108
2025-07-21 05:33:07,051 [INFO] [109/300] loss 1796.93 | compact 14.4045 | spectral 17.3682 | recons_loss: 0.118876 | sparse_loss: 1.02982 | 
2025-07-21 05:33:07,051 [INFO] [Iter 109] LR: 0.05000000
2025-07-21 05:33:07,052 [INFO] Saving best model at iteration 109
2025-07-21 05:33:07,649 [INFO] [110/300] loss 1796.85 | compact 14.4062 | spectral 17.3731 | recons_loss: 0.118768 | sparse_loss: 1.0298 | 
2025-07-21 05:33:07,649 [INFO] [Iter 110] LR: 0.05000000
2025-07-21 05:33:07,652 [INFO] Saving best model at iteration 110
2025-07-21 05:33:08,262 [INFO] [111/300] loss 1796.76 | compact 14.4079 | spectral 17.3776 | recons_loss: 0.118666 | sparse_loss: 1.02979 | 
2025-07-21 05:33:08,263 [INFO] [Iter 111] LR: 0.05000000
2025-07-21 05:33:08,264 [INFO] Saving best model at iteration 111
2025-07-21 05:33:08,861 [INFO] [112/300] loss 1796.66 | compact 14.4106 | spectral 17.3809 | recons_loss: 0.11856 | sparse_loss: 1.02978 | 
2025-07-21 05:33:08,862 [INFO] [Iter 112] LR: 0.05000000
2025-07-21 05:33:08,863 [INFO] Saving best model at iteration 112
2025-07-21 05:33:09,467 [INFO] [113/300] loss 1796.56 | compact 14.4133 | spectral 17.3843 | recons_loss: 0.118454 | sparse_loss: 1.02976 | 
2025-07-21 05:33:09,467 [INFO] [Iter 113] LR: 0.05000000
2025-07-21 05:33:09,468 [INFO] Saving best model at iteration 113
2025-07-21 05:33:10,066 [INFO] [114/300] loss 1796.46 | compact 14.4151 | spectral 17.3881 | recons_loss: 0.118353 | sparse_loss: 1.02975 | 
2025-07-21 05:33:10,066 [INFO] [Iter 114] LR: 0.05000000
2025-07-21 05:33:10,067 [INFO] Saving best model at iteration 114
2025-07-21 05:33:10,665 [INFO] [115/300] loss 1796.36 | compact 14.4178 | spectral 17.3915 | recons_loss: 0.11825 | sparse_loss: 1.02973 | 
2025-07-21 05:33:10,666 [INFO] [Iter 115] LR: 0.05000000
2025-07-21 05:33:10,667 [INFO] Saving best model at iteration 115
2025-07-21 05:33:11,264 [INFO] [116/300] loss 1796.26 | compact 14.4212 | spectral 17.3958 | recons_loss: 0.118148 | sparse_loss: 1.02971 | 
2025-07-21 05:33:11,264 [INFO] [Iter 116] LR: 0.05000000
2025-07-21 05:33:11,266 [INFO] Saving best model at iteration 116
2025-07-21 05:33:11,863 [INFO] [117/300] loss 1796.15 | compact 14.424 | spectral 17.3998 | recons_loss: 0.118051 | sparse_loss: 1.02969 | 
2025-07-21 05:33:11,863 [INFO] [Iter 117] LR: 0.05000000
2025-07-21 05:33:11,864 [INFO] Saving best model at iteration 117
2025-07-21 05:33:12,461 [INFO] [118/300] loss 1796.05 | compact 14.4274 | spectral 17.4028 | recons_loss: 0.117959 | sparse_loss: 1.02966 | 
2025-07-21 05:33:12,462 [INFO] [Iter 118] LR: 0.05000000
2025-07-21 05:33:12,463 [INFO] Saving best model at iteration 118
2025-07-21 05:33:13,061 [INFO] [119/300] loss 1795.94 | compact 14.4303 | spectral 17.4052 | recons_loss: 0.117871 | sparse_loss: 1.02964 | 
2025-07-21 05:33:13,061 [INFO] [Iter 119] LR: 0.05000000
2025-07-21 05:33:13,062 [INFO] Saving best model at iteration 119
2025-07-21 05:33:13,659 [INFO] [120/300] loss 1795.83 | compact 14.4334 | spectral 17.4071 | recons_loss: 0.117783 | sparse_loss: 1.02961 | 
2025-07-21 05:33:13,659 [INFO] [Iter 120] LR: 0.05000000
2025-07-21 05:33:13,660 [INFO] Saving best model at iteration 120
2025-07-21 05:33:14,257 [INFO] [121/300] loss 1795.72 | compact 14.4365 | spectral 17.4082 | recons_loss: 0.117698 | sparse_loss: 1.02959 | 
2025-07-21 05:33:14,258 [INFO] [Iter 121] LR: 0.05000000
2025-07-21 05:33:14,259 [INFO] Saving best model at iteration 121
2025-07-21 05:33:14,856 [INFO] [122/300] loss 1795.61 | compact 14.4394 | spectral 17.4098 | recons_loss: 0.117617 | sparse_loss: 1.02957 | 
2025-07-21 05:33:14,856 [INFO] [Iter 122] LR: 0.05000000
2025-07-21 05:33:14,857 [INFO] Saving best model at iteration 122
2025-07-21 05:33:15,454 [INFO] [123/300] loss 1795.5 | compact 14.4423 | spectral 17.4111 | recons_loss: 0.117538 | sparse_loss: 1.02956 | 
2025-07-21 05:33:15,455 [INFO] [Iter 123] LR: 0.05000000
2025-07-21 05:33:15,456 [INFO] Saving best model at iteration 123
2025-07-21 05:33:16,053 [INFO] [124/300] loss 1795.39 | compact 14.4453 | spectral 17.4123 | recons_loss: 0.117462 | sparse_loss: 1.02954 | 
2025-07-21 05:33:16,054 [INFO] [Iter 124] LR: 0.05000000
2025-07-21 05:33:16,055 [INFO] Saving best model at iteration 124
2025-07-21 05:33:16,672 [INFO] [125/300] loss 1795.29 | compact 14.4485 | spectral 17.4122 | recons_loss: 0.117393 | sparse_loss: 1.02952 | 
2025-07-21 05:33:16,673 [INFO] [Iter 125] LR: 0.05000000
2025-07-21 05:33:16,675 [INFO] Saving best model at iteration 125
2025-07-21 05:33:17,295 [INFO] [126/300] loss 1795.19 | compact 14.4518 | spectral 17.4122 | recons_loss: 0.117328 | sparse_loss: 1.0295 | 
2025-07-21 05:33:17,296 [INFO] [Iter 126] LR: 0.05000000
2025-07-21 05:33:17,297 [INFO] Saving best model at iteration 126
2025-07-21 05:33:17,895 [INFO] [127/300] loss 1795.08 | compact 14.4546 | spectral 17.4118 | recons_loss: 0.117267 | sparse_loss: 1.02948 | 
2025-07-21 05:33:17,895 [INFO] [Iter 127] LR: 0.05000000
2025-07-21 05:33:17,896 [INFO] Saving best model at iteration 127
2025-07-21 05:33:18,494 [INFO] [128/300] loss 1794.98 | compact 14.457 | spectral 17.4107 | recons_loss: 0.117207 | sparse_loss: 1.02946 | 
2025-07-21 05:33:18,494 [INFO] [Iter 128] LR: 0.05000000
2025-07-21 05:33:18,495 [INFO] Saving best model at iteration 128
2025-07-21 05:33:19,092 [INFO] [129/300] loss 1794.88 | compact 14.4602 | spectral 17.409 | recons_loss: 0.117151 | sparse_loss: 1.02944 | 
2025-07-21 05:33:19,093 [INFO] [Iter 129] LR: 0.05000000
2025-07-21 05:33:19,094 [INFO] Saving best model at iteration 129
2025-07-21 05:33:19,691 [INFO] [130/300] loss 1794.78 | compact 14.4629 | spectral 17.4077 | recons_loss: 0.117096 | sparse_loss: 1.02942 | 
2025-07-21 05:33:19,691 [INFO] [Iter 130] LR: 0.05000000
2025-07-21 05:33:19,692 [INFO] Saving best model at iteration 130
2025-07-21 05:33:20,289 [INFO] [131/300] loss 1794.69 | compact 14.4654 | spectral 17.4066 | recons_loss: 0.117043 | sparse_loss: 1.02939 | 
2025-07-21 05:33:20,289 [INFO] [Iter 131] LR: 0.05000000
2025-07-21 05:33:20,291 [INFO] Saving best model at iteration 131
2025-07-21 05:33:20,889 [INFO] [132/300] loss 1794.59 | compact 14.468 | spectral 17.406 | recons_loss: 0.11699 | sparse_loss: 1.02937 | 
2025-07-21 05:33:20,890 [INFO] [Iter 132] LR: 0.05000000
2025-07-21 05:33:20,892 [INFO] Saving best model at iteration 132
2025-07-21 05:33:21,491 [INFO] [133/300] loss 1794.5 | compact 14.4716 | spectral 17.4042 | recons_loss: 0.116942 | sparse_loss: 1.02935 | 
2025-07-21 05:33:21,492 [INFO] [Iter 133] LR: 0.05000000
2025-07-21 05:33:21,494 [INFO] Saving best model at iteration 133
2025-07-21 05:33:22,093 [INFO] [134/300] loss 1794.41 | compact 14.4742 | spectral 17.4034 | recons_loss: 0.116895 | sparse_loss: 1.02933 | 
2025-07-21 05:33:22,093 [INFO] [Iter 134] LR: 0.05000000
2025-07-21 05:33:22,094 [INFO] Saving best model at iteration 134
2025-07-21 05:33:22,700 [INFO] [135/300] loss 1794.33 | compact 14.4766 | spectral 17.4022 | recons_loss: 0.116853 | sparse_loss: 1.02931 | 
2025-07-21 05:33:22,701 [INFO] [Iter 135] LR: 0.02500000
2025-07-21 05:33:22,703 [INFO] Saving best model at iteration 135
2025-07-21 05:33:23,312 [INFO] [136/300] loss 1794.25 | compact 14.4786 | spectral 17.401 | recons_loss: 0.116813 | sparse_loss: 1.02929 | 
2025-07-21 05:33:23,312 [INFO] [Iter 136] LR: 0.02500000
2025-07-21 05:33:23,313 [INFO] Saving best model at iteration 136
2025-07-21 05:33:23,918 [INFO] [137/300] loss 1794.16 | compact 14.4805 | spectral 17.4003 | recons_loss: 0.116773 | sparse_loss: 1.02928 | 
2025-07-21 05:33:23,918 [INFO] [Iter 137] LR: 0.02500000
2025-07-21 05:33:23,920 [INFO] Saving best model at iteration 137
2025-07-21 05:33:24,524 [INFO] [138/300] loss 1794.09 | compact 14.4818 | spectral 17.3998 | recons_loss: 0.116735 | sparse_loss: 1.02926 | 
2025-07-21 05:33:24,524 [INFO] [Iter 138] LR: 0.02500000
2025-07-21 05:33:24,525 [INFO] Saving best model at iteration 138
2025-07-21 05:33:25,139 [INFO] [139/300] loss 1794.01 | compact 14.483 | spectral 17.3996 | recons_loss: 0.116696 | sparse_loss: 1.02925 | 
2025-07-21 05:33:25,139 [INFO] [Iter 139] LR: 0.02500000
2025-07-21 05:33:25,140 [INFO] Saving best model at iteration 139
2025-07-21 05:33:25,737 [INFO] [140/300] loss 1793.94 | compact 14.4845 | spectral 17.3992 | recons_loss: 0.116661 | sparse_loss: 1.02923 | 
2025-07-21 05:33:25,738 [INFO] [Iter 140] LR: 0.02500000
2025-07-21 05:33:25,739 [INFO] Saving best model at iteration 140
2025-07-21 05:33:26,336 [INFO] [141/300] loss 1793.87 | compact 14.4857 | spectral 17.3991 | recons_loss: 0.116627 | sparse_loss: 1.02921 | 
2025-07-21 05:33:26,337 [INFO] [Iter 141] LR: 0.02500000
2025-07-21 05:33:26,338 [INFO] Saving best model at iteration 141
2025-07-21 05:33:26,935 [INFO] [142/300] loss 1793.8 | compact 14.4868 | spectral 17.399 | recons_loss: 0.116593 | sparse_loss: 1.02919 | 
2025-07-21 05:33:26,936 [INFO] [Iter 142] LR: 0.01250000
2025-07-21 05:33:26,937 [INFO] Saving best model at iteration 142
2025-07-21 05:33:27,534 [INFO] [143/300] loss 1793.73 | compact 14.4887 | spectral 17.3985 | recons_loss: 0.116562 | sparse_loss: 1.02917 | 
2025-07-21 05:33:27,534 [INFO] [Iter 143] LR: 0.01250000
2025-07-21 05:33:27,536 [INFO] Saving best model at iteration 143
2025-07-21 05:33:28,133 [INFO] [144/300] loss 1793.67 | compact 14.4904 | spectral 17.398 | recons_loss: 0.116533 | sparse_loss: 1.02915 | 
2025-07-21 05:33:28,133 [INFO] [Iter 144] LR: 0.01250000
2025-07-21 05:33:28,134 [INFO] Saving best model at iteration 144
2025-07-21 05:33:28,732 [INFO] [145/300] loss 1793.61 | compact 14.492 | spectral 17.3974 | recons_loss: 0.116504 | sparse_loss: 1.02913 | 
2025-07-21 05:33:28,732 [INFO] [Iter 145] LR: 0.01250000
2025-07-21 05:33:28,733 [INFO] Saving best model at iteration 145
2025-07-21 05:33:29,331 [INFO] [146/300] loss 1793.55 | compact 14.4935 | spectral 17.3968 | recons_loss: 0.116478 | sparse_loss: 1.02911 | 
2025-07-21 05:33:29,332 [INFO] [Iter 146] LR: 0.00625000
2025-07-21 05:33:29,334 [INFO] Saving best model at iteration 146
2025-07-21 05:33:29,935 [INFO] [147/300] loss 1793.49 | compact 14.4948 | spectral 17.3962 | recons_loss: 0.116453 | sparse_loss: 1.02909 | 
2025-07-21 05:33:29,935 [INFO] [Iter 147] LR: 0.00625000
2025-07-21 05:33:29,936 [INFO] Saving best model at iteration 147
2025-07-21 05:33:30,546 [INFO] [148/300] loss 1793.44 | compact 14.496 | spectral 17.3959 | recons_loss: 0.116429 | sparse_loss: 1.02907 | 
2025-07-21 05:33:30,546 [INFO] [Iter 148] LR: 0.00625000
2025-07-21 05:33:30,547 [INFO] Saving best model at iteration 148
2025-07-21 05:33:31,145 [INFO] [149/300] loss 1793.4 | compact 14.4971 | spectral 17.3958 | recons_loss: 0.116408 | sparse_loss: 1.02906 | 
2025-07-21 05:33:31,145 [INFO] [Iter 149] LR: 0.00312500
2025-07-21 05:33:31,148 [INFO] Saving best model at iteration 149
2025-07-21 05:33:31,324 [INFO] H: 600, W: 166
2025-07-21 05:33:31,432 [INFO] [0 1 2 3 4 5]
2025-07-21 05:33:31,529 [INFO] y_target: [1 2 3 4 5 6]
2025-07-21 05:33:31,529 [INFO] y_predict: [0 1 2 3 4 5]
2025-07-21 05:33:31,616 [INFO] Epoch = 150 OA = 0.9027 Kappa = 0.8702 NMI = 0.8325
2025-07-21 05:33:32,093 [INFO] [150/300] loss 1793.35 | compact 14.4981 | spectral 17.3957 | recons_loss: 0.116389 | sparse_loss: 1.02905 | 
2025-07-21 05:33:32,093 [INFO] [Iter 150] LR: 0.00312500
2025-07-21 05:33:32,096 [INFO] Saving best model at iteration 150
2025-07-21 05:33:32,697 [INFO] [151/300] loss 1793.31 | compact 14.499 | spectral 17.3957 | recons_loss: 0.116371 | sparse_loss: 1.02904 | 
2025-07-21 05:33:32,698 [INFO] [Iter 151] LR: 0.00312500
2025-07-21 05:33:32,700 [INFO] Saving best model at iteration 151
2025-07-21 05:33:33,316 [INFO] [152/300] loss 1793.28 | compact 14.4999 | spectral 17.3957 | recons_loss: 0.116354 | sparse_loss: 1.02903 | 
2025-07-21 05:33:33,317 [INFO] [Iter 152] LR: 0.00156250
2025-07-21 05:33:33,319 [INFO] Saving best model at iteration 152
2025-07-21 05:33:33,917 [INFO] [153/300] loss 1793.24 | compact 14.5005 | spectral 17.3958 | recons_loss: 0.116339 | sparse_loss: 1.02902 | 
2025-07-21 05:33:33,918 [INFO] [Iter 153] LR: 0.00156250
2025-07-21 05:33:33,919 [INFO] Saving best model at iteration 153
2025-07-21 05:33:34,516 [INFO] [154/300] loss 1793.21 | compact 14.5011 | spectral 17.3959 | recons_loss: 0.116325 | sparse_loss: 1.02901 | 
2025-07-21 05:33:34,516 [INFO] [Iter 154] LR: 0.00156250
2025-07-21 05:33:34,517 [INFO] Saving best model at iteration 154
2025-07-21 05:33:35,127 [INFO] [155/300] loss 1793.18 | compact 14.5016 | spectral 17.396 | recons_loss: 0.116313 | sparse_loss: 1.029 | 
2025-07-21 05:33:35,128 [INFO] [Iter 155] LR: 0.00156250
2025-07-21 05:33:35,130 [INFO] Saving best model at iteration 155
2025-07-21 05:33:35,729 [INFO] [156/300] loss 1793.16 | compact 14.5021 | spectral 17.396 | recons_loss: 0.116302 | sparse_loss: 1.02899 | 
2025-07-21 05:33:35,730 [INFO] [Iter 156] LR: 0.00078125
2025-07-21 05:33:35,731 [INFO] Saving best model at iteration 156
2025-07-21 05:33:36,328 [INFO] [157/300] loss 1793.13 | compact 14.5026 | spectral 17.3961 | recons_loss: 0.116292 | sparse_loss: 1.02898 | 
2025-07-21 05:33:36,328 [INFO] [Iter 157] LR: 0.00078125
2025-07-21 05:33:36,329 [INFO] Saving best model at iteration 157
2025-07-21 05:33:36,927 [INFO] [158/300] loss 1793.11 | compact 14.503 | spectral 17.3962 | recons_loss: 0.116283 | sparse_loss: 1.02898 | 
2025-07-21 05:33:36,927 [INFO] [Iter 158] LR: 0.00078125
2025-07-21 05:33:36,928 [INFO] Saving best model at iteration 158
2025-07-21 05:33:37,525 [INFO] [159/300] loss 1793.09 | compact 14.5034 | spectral 17.3962 | recons_loss: 0.116274 | sparse_loss: 1.02897 | 
2025-07-21 05:33:37,525 [INFO] [Iter 159] LR: 0.00039063
2025-07-21 05:33:37,526 [INFO] Saving best model at iteration 159
2025-07-21 05:33:38,123 [INFO] [160/300] loss 1793.07 | compact 14.5036 | spectral 17.3964 | recons_loss: 0.116267 | sparse_loss: 1.02896 | 
2025-07-21 05:33:38,123 [INFO] [Iter 160] LR: 0.00039063
2025-07-21 05:33:38,124 [INFO] Saving best model at iteration 160
2025-07-21 05:33:38,721 [INFO] [161/300] loss 1793.06 | compact 14.5038 | spectral 17.3965 | recons_loss: 0.11626 | sparse_loss: 1.02896 | 
2025-07-21 05:33:38,721 [INFO] [Iter 161] LR: 0.00039063
2025-07-21 05:33:38,722 [INFO] Saving best model at iteration 161
2025-07-21 05:33:39,319 [INFO] [162/300] loss 1793.04 | compact 14.5039 | spectral 17.3966 | recons_loss: 0.116254 | sparse_loss: 1.02896 | 
2025-07-21 05:33:39,320 [INFO] [Iter 162] LR: 0.00019531
2025-07-21 05:33:39,321 [INFO] Saving best model at iteration 162
2025-07-21 05:33:39,931 [INFO] [163/300] loss 1793.03 | compact 14.504 | spectral 17.3969 | recons_loss: 0.116248 | sparse_loss: 1.02895 | 
2025-07-21 05:33:39,931 [INFO] [Iter 163] LR: 0.00019531
2025-07-21 05:33:39,932 [INFO] Saving best model at iteration 163
2025-07-21 05:33:40,530 [INFO] [164/300] loss 1793.01 | compact 14.504 | spectral 17.3971 | recons_loss: 0.116243 | sparse_loss: 1.02895 | 
2025-07-21 05:33:40,530 [INFO] [Iter 164] LR: 0.00019531
2025-07-21 05:33:40,532 [INFO] Saving best model at iteration 164
2025-07-21 05:33:41,132 [INFO] [165/300] loss 1793 | compact 14.504 | spectral 17.3972 | recons_loss: 0.116238 | sparse_loss: 1.02894 | 
2025-07-21 05:33:41,132 [INFO] [Iter 165] LR: 0.00009766
2025-07-21 05:33:41,133 [INFO] Saving best model at iteration 165
2025-07-21 05:33:41,743 [INFO] [166/300] loss 1792.99 | compact 14.504 | spectral 17.3974 | recons_loss: 0.116233 | sparse_loss: 1.02894 | 
2025-07-21 05:33:41,744 [INFO] [Iter 166] LR: 0.00009766
2025-07-21 05:33:41,745 [INFO] Saving best model at iteration 166
2025-07-21 05:33:42,346 [INFO] [167/300] loss 1792.98 | compact 14.5041 | spectral 17.3975 | recons_loss: 0.116229 | sparse_loss: 1.02894 | 
2025-07-21 05:33:42,347 [INFO] [Iter 167] LR: 0.00009766
2025-07-21 05:33:42,348 [INFO] Saving best model at iteration 167
2025-07-21 05:33:42,956 [INFO] [168/300] loss 1792.97 | compact 14.5041 | spectral 17.3977 | recons_loss: 0.116226 | sparse_loss: 1.02893 | 
2025-07-21 05:33:42,957 [INFO] [Iter 168] LR: 0.00004883
2025-07-21 05:33:42,958 [INFO] Saving best model at iteration 168
2025-07-21 05:33:43,555 [INFO] [169/300] loss 1792.96 | compact 14.5041 | spectral 17.3978 | recons_loss: 0.116223 | sparse_loss: 1.02893 | 
2025-07-21 05:33:43,555 [INFO] [Iter 169] LR: 0.00004883
2025-07-21 05:33:43,557 [INFO] Saving best model at iteration 169
2025-07-21 05:33:44,154 [INFO] [170/300] loss 1792.95 | compact 14.5041 | spectral 17.3979 | recons_loss: 0.11622 | sparse_loss: 1.02893 | 
2025-07-21 05:33:44,154 [INFO] [Iter 170] LR: 0.00004883
2025-07-21 05:33:44,155 [INFO] Saving best model at iteration 170
2025-07-21 05:33:44,752 [INFO] [171/300] loss 1792.95 | compact 14.5041 | spectral 17.398 | recons_loss: 0.116217 | sparse_loss: 1.02893 | 
2025-07-21 05:33:44,752 [INFO] [Iter 171] LR: 0.00002441
2025-07-21 05:33:44,753 [INFO] Saving best model at iteration 171
2025-07-21 05:33:45,351 [INFO] [172/300] loss 1792.94 | compact 14.5041 | spectral 17.3981 | recons_loss: 0.116215 | sparse_loss: 1.02893 | 
2025-07-21 05:33:45,351 [INFO] [Iter 172] LR: 0.00002441
2025-07-21 05:33:45,352 [INFO] Saving best model at iteration 172
2025-07-21 05:33:45,950 [INFO] [173/300] loss 1792.94 | compact 14.5041 | spectral 17.3981 | recons_loss: 0.116213 | sparse_loss: 1.02892 | 
2025-07-21 05:33:45,950 [INFO] [Iter 173] LR: 0.00002441
2025-07-21 05:33:45,951 [INFO] Saving best model at iteration 173
2025-07-21 05:33:46,548 [INFO] [174/300] loss 1792.93 | compact 14.5041 | spectral 17.3982 | recons_loss: 0.116211 | sparse_loss: 1.02892 | 
2025-07-21 05:33:46,549 [INFO] [Iter 174] LR: 0.00001221
2025-07-21 05:33:46,550 [INFO] Saving best model at iteration 174
2025-07-21 05:33:47,147 [INFO] [175/300] loss 1792.93 | compact 14.5041 | spectral 17.3983 | recons_loss: 0.116209 | sparse_loss: 1.02892 | 
2025-07-21 05:33:47,147 [INFO] [Iter 175] LR: 0.00001221
2025-07-21 05:33:47,148 [INFO] Saving best model at iteration 175
2025-07-21 05:33:47,746 [INFO] [176/300] loss 1792.92 | compact 14.5041 | spectral 17.3983 | recons_loss: 0.116208 | sparse_loss: 1.02892 | 
2025-07-21 05:33:47,746 [INFO] [Iter 176] LR: 0.00001221
2025-07-21 05:33:47,747 [INFO] Saving best model at iteration 176
2025-07-21 05:33:48,344 [INFO] [177/300] loss 1792.92 | compact 14.5041 | spectral 17.3984 | recons_loss: 0.116206 | sparse_loss: 1.02892 | 
2025-07-21 05:33:48,344 [INFO] [Iter 177] LR: 0.00000610
2025-07-21 05:33:48,345 [INFO] Saving best model at iteration 177
2025-07-21 05:33:48,942 [INFO] [178/300] loss 1792.92 | compact 14.5041 | spectral 17.3984 | recons_loss: 0.116205 | sparse_loss: 1.02892 | 
2025-07-21 05:33:48,942 [INFO] [Iter 178] LR: 0.00000610
2025-07-21 05:33:48,944 [INFO] Saving best model at iteration 178
2025-07-21 05:33:49,541 [INFO] [179/300] loss 1792.91 | compact 14.5041 | spectral 17.3985 | recons_loss: 0.116204 | sparse_loss: 1.02892 | 
2025-07-21 05:33:49,541 [INFO] [Iter 179] LR: 0.00000610
2025-07-21 05:33:49,542 [INFO] Saving best model at iteration 179
2025-07-21 05:33:50,140 [INFO] [180/300] loss 1792.91 | compact 14.5041 | spectral 17.3985 | recons_loss: 0.116203 | sparse_loss: 1.02892 | 
2025-07-21 05:33:50,140 [INFO] [Iter 180] LR: 0.00000305
2025-07-21 05:33:50,141 [INFO] Saving best model at iteration 180
2025-07-21 05:33:50,748 [INFO] [181/300] loss 1792.91 | compact 14.5041 | spectral 17.3985 | recons_loss: 0.116202 | sparse_loss: 1.02892 | 
2025-07-21 05:33:50,748 [INFO] [Iter 181] LR: 0.00000305
2025-07-21 05:33:50,749 [INFO] Saving best model at iteration 181
2025-07-21 05:33:51,348 [INFO] [182/300] loss 1792.91 | compact 14.5041 | spectral 17.3986 | recons_loss: 0.116201 | sparse_loss: 1.02891 | 
2025-07-21 05:33:51,348 [INFO] [Iter 182] LR: 0.00000305
2025-07-21 05:33:51,349 [INFO] Saving best model at iteration 182
2025-07-21 05:33:51,947 [INFO] [183/300] loss 1792.91 | compact 14.5041 | spectral 17.3986 | recons_loss: 0.1162 | sparse_loss: 1.02891 | 
2025-07-21 05:33:51,948 [INFO] [Iter 183] LR: 0.00000153
2025-07-21 05:33:51,949 [INFO] Saving best model at iteration 183
2025-07-21 05:33:52,551 [INFO] [184/300] loss 1792.9 | compact 14.5041 | spectral 17.3986 | recons_loss: 0.1162 | sparse_loss: 1.02891 | 
2025-07-21 05:33:52,551 [INFO] [Iter 184] LR: 0.00000153
2025-07-21 05:33:52,552 [INFO] Saving best model at iteration 184
2025-07-21 05:33:53,150 [INFO] [185/300] loss 1792.9 | compact 14.5041 | spectral 17.3986 | recons_loss: 0.116199 | sparse_loss: 1.02891 | 
2025-07-21 05:33:53,151 [INFO] [Iter 185] LR: 0.00000153
2025-07-21 05:33:53,152 [INFO] Saving best model at iteration 185
2025-07-21 05:33:53,750 [INFO] [186/300] loss 1792.9 | compact 14.5041 | spectral 17.3987 | recons_loss: 0.116199 | sparse_loss: 1.02891 | 
2025-07-21 05:33:53,750 [INFO] [Iter 186] LR: 0.00000076
2025-07-21 05:33:53,752 [INFO] Saving best model at iteration 186
2025-07-21 05:33:54,369 [INFO] [187/300] loss 1792.9 | compact 14.5041 | spectral 17.3987 | recons_loss: 0.116198 | sparse_loss: 1.02891 | 
2025-07-21 05:33:54,369 [INFO] [Iter 187] LR: 0.00000076
2025-07-21 05:33:54,371 [INFO] Saving best model at iteration 187
2025-07-21 05:33:54,972 [INFO] [188/300] loss 1792.9 | compact 14.5041 | spectral 17.3987 | recons_loss: 0.116198 | sparse_loss: 1.02891 | 
2025-07-21 05:33:54,972 [INFO] [Iter 188] LR: 0.00000076
2025-07-21 05:33:54,973 [INFO] Saving best model at iteration 188
2025-07-21 05:33:55,570 [INFO] [189/300] loss 1792.9 | compact 14.5041 | spectral 17.3987 | recons_loss: 0.116197 | sparse_loss: 1.02891 | 
2025-07-21 05:33:55,570 [INFO] [Iter 189] LR: 0.00000038
2025-07-21 05:33:55,571 [INFO] Saving best model at iteration 189
2025-07-21 05:33:56,169 [INFO] [190/300] loss 1792.9 | compact 14.5041 | spectral 17.3987 | recons_loss: 0.116197 | sparse_loss: 1.02891 | 
2025-07-21 05:33:56,169 [INFO] [Iter 190] LR: 0.00000038
2025-07-21 05:33:56,170 [INFO] Saving best model at iteration 190
2025-07-21 05:33:56,766 [INFO] [191/300] loss 1792.9 | compact 14.5041 | spectral 17.3987 | recons_loss: 0.116197 | sparse_loss: 1.02891 | 
2025-07-21 05:33:56,766 [INFO] [Iter 191] LR: 0.00000038
2025-07-21 05:33:56,768 [INFO] Saving best model at iteration 191
2025-07-21 05:33:57,370 [INFO] [192/300] loss 1792.89 | compact 14.5041 | spectral 17.3987 | recons_loss: 0.116196 | sparse_loss: 1.02891 | 
2025-07-21 05:33:57,370 [INFO] [Iter 192] LR: 0.00000019
2025-07-21 05:33:57,372 [INFO] Saving best model at iteration 192
2025-07-21 05:33:57,969 [INFO] [193/300] loss 1792.89 | compact 14.5041 | spectral 17.3988 | recons_loss: 0.116196 | sparse_loss: 1.02891 | 
2025-07-21 05:33:57,970 [INFO] [Iter 193] LR: 0.00000019
2025-07-21 05:33:57,971 [INFO] Saving best model at iteration 193
2025-07-21 05:33:58,569 [INFO] [194/300] loss 1792.89 | compact 14.5041 | spectral 17.3988 | recons_loss: 0.116196 | sparse_loss: 1.02891 | 
2025-07-21 05:33:58,569 [INFO] [Iter 194] LR: 0.00000019
2025-07-21 05:33:58,571 [INFO] Saving best model at iteration 194
2025-07-21 05:33:59,169 [INFO] [195/300] loss 1792.89 | compact 14.5041 | spectral 17.3988 | recons_loss: 0.116196 | sparse_loss: 1.02891 | 
2025-07-21 05:33:59,170 [INFO] [Iter 195] LR: 0.00000010
2025-07-21 05:33:59,171 [INFO] Saving best model at iteration 195
2025-07-21 05:33:59,768 [INFO] [196/300] loss 1792.89 | compact 14.5041 | spectral 17.3988 | recons_loss: 0.116195 | sparse_loss: 1.02891 | 
2025-07-21 05:33:59,769 [INFO] [Iter 196] LR: 0.00000010
2025-07-21 05:33:59,770 [INFO] Saving best model at iteration 196
2025-07-21 05:34:00,368 [INFO] [197/300] loss 1792.89 | compact 14.5041 | spectral 17.3988 | recons_loss: 0.116195 | sparse_loss: 1.02891 | 
2025-07-21 05:34:00,369 [INFO] [Iter 197] LR: 0.00000010
2025-07-21 05:34:00,371 [INFO] Saving best model at iteration 197
2025-07-21 05:34:00,968 [INFO] [198/300] loss 1792.89 | compact 14.5041 | spectral 17.3988 | recons_loss: 0.116195 | sparse_loss: 1.02891 | 
2025-07-21 05:34:00,969 [INFO] [Iter 198] LR: 0.00000005
2025-07-21 05:34:00,970 [INFO] Saving best model at iteration 198
2025-07-21 05:34:01,567 [INFO] [199/300] loss 1792.89 | compact 14.5041 | spectral 17.3988 | recons_loss: 0.116195 | sparse_loss: 1.02891 | 
2025-07-21 05:34:01,567 [INFO] [Iter 199] LR: 0.00000005
2025-07-21 05:34:01,568 [INFO] Saving best model at iteration 199
2025-07-21 05:34:01,749 [INFO] H: 600, W: 166
2025-07-21 05:34:01,850 [INFO] [0 1 2 3 4 5]
2025-07-21 05:34:01,957 [INFO] y_target: [1 2 3 4 5 6]
2025-07-21 05:34:01,957 [INFO] y_predict: [0 1 2 3 4 5]
2025-07-21 05:34:02,044 [INFO] Epoch = 200 OA = 0.9027 Kappa = 0.8702 NMI = 0.8325
2025-07-21 05:34:02,522 [INFO] [200/300] loss 1792.89 | compact 14.5041 | spectral 17.3988 | recons_loss: 0.116195 | sparse_loss: 1.02891 | 
2025-07-21 05:34:02,522 [INFO] [Iter 200] LR: 0.00000005
2025-07-21 05:34:02,523 [INFO] Saving best model at iteration 200
2025-07-21 05:34:03,131 [INFO] [201/300] loss 1792.89 | compact 14.5041 | spectral 17.3988 | recons_loss: 0.116195 | sparse_loss: 1.02891 | 
2025-07-21 05:34:03,131 [INFO] [Iter 201] LR: 0.00000002
2025-07-21 05:34:03,132 [INFO] Saving best model at iteration 201
2025-07-21 05:34:03,730 [INFO] [202/300] loss 1792.89 | compact 14.5041 | spectral 17.3988 | recons_loss: 0.116195 | sparse_loss: 1.02891 | 
2025-07-21 05:34:03,730 [INFO] [Iter 202] LR: 0.00000002
2025-07-21 05:34:03,731 [INFO] Saving best model at iteration 202
2025-07-21 05:34:04,328 [INFO] [203/300] loss 1792.89 | compact 14.5041 | spectral 17.3988 | recons_loss: 0.116195 | sparse_loss: 1.02891 | 
2025-07-21 05:34:04,328 [INFO] [Iter 203] LR: 0.00000002
2025-07-21 05:34:04,329 [INFO] Saving best model at iteration 203
2025-07-21 05:34:04,931 [INFO] [204/300] loss 1792.89 | compact 14.5041 | spectral 17.3988 | recons_loss: 0.116195 | sparse_loss: 1.02891 | 
2025-07-21 05:34:04,931 [INFO] [Iter 204] LR: 0.00000001
2025-07-21 05:34:04,932 [INFO] Saving best model at iteration 204
2025-07-21 05:34:05,529 [INFO] [205/300] loss 1792.89 | compact 14.5041 | spectral 17.3988 | recons_loss: 0.116194 | sparse_loss: 1.02891 | 
2025-07-21 05:34:05,529 [INFO] [Iter 205] LR: 0.00000001
2025-07-21 05:34:05,530 [INFO] Saving best model at iteration 205
2025-07-21 05:34:06,128 [INFO] [206/300] loss 1792.89 | compact 14.5041 | spectral 17.3988 | recons_loss: 0.116194 | sparse_loss: 1.02891 | 
2025-07-21 05:34:06,128 [INFO] [Iter 206] LR: 0.00000001
2025-07-21 05:34:06,129 [INFO] Saving best model at iteration 206
2025-07-21 05:34:06,729 [INFO] [207/300] loss 1792.89 | compact 14.5041 | spectral 17.3988 | recons_loss: 0.116194 | sparse_loss: 1.02891 | 
2025-07-21 05:34:06,729 [INFO] [Iter 207] LR: 0.00000001
2025-07-21 05:34:06,732 [INFO] Saving best model at iteration 207
2025-07-21 05:34:07,347 [INFO] [208/300] loss 1792.89 | compact 14.5041 | spectral 17.3988 | recons_loss: 0.116194 | sparse_loss: 1.02891 | 
2025-07-21 05:34:07,347 [INFO] [Iter 208] LR: 0.00000001
2025-07-21 05:34:07,348 [INFO] Saving best model at iteration 208
2025-07-21 05:34:07,946 [INFO] [209/300] loss 1792.89 | compact 14.5041 | spectral 17.3988 | recons_loss: 0.116194 | sparse_loss: 1.02891 | 
2025-07-21 05:34:07,946 [INFO] [Iter 209] LR: 0.00000001
2025-07-21 05:34:07,947 [INFO] Saving best model at iteration 209
2025-07-21 05:34:08,547 [INFO] [210/300] loss 1792.89 | compact 14.5041 | spectral 17.3988 | recons_loss: 0.116194 | sparse_loss: 1.02891 | 
2025-07-21 05:34:08,547 [INFO] [Iter 210] LR: 0.00000001
2025-07-21 05:34:08,548 [INFO] Saving best model at iteration 210
2025-07-21 05:34:09,146 [INFO] [211/300] loss 1792.89 | compact 14.5041 | spectral 17.3988 | recons_loss: 0.116194 | sparse_loss: 1.02891 | 
2025-07-21 05:34:09,146 [INFO] [Iter 211] LR: 0.00000001
2025-07-21 05:34:09,147 [INFO] No improvement: current loss 1792.888816, best loss 1792.888900
2025-07-21 05:34:09,746 [INFO] [212/300] loss 1792.89 | compact 14.5041 | spectral 17.3988 | recons_loss: 0.116194 | sparse_loss: 1.02891 | 
2025-07-21 05:34:09,746 [INFO] [Iter 212] LR: 0.00000001
2025-07-21 05:34:09,749 [INFO] Saving best model at iteration 212
2025-07-21 05:34:10,359 [INFO] [213/300] loss 1792.89 | compact 14.5041 | spectral 17.3988 | recons_loss: 0.116194 | sparse_loss: 1.02891 | 
2025-07-21 05:34:10,359 [INFO] [Iter 213] LR: 0.00000001
2025-07-21 05:34:10,360 [INFO] No improvement: current loss 1792.888673, best loss 1792.888740
2025-07-21 05:34:10,957 [INFO] [214/300] loss 1792.89 | compact 14.5041 | spectral 17.3988 | recons_loss: 0.116194 | sparse_loss: 1.02891 | 
2025-07-21 05:34:10,957 [INFO] [Iter 214] LR: 0.00000001
2025-07-21 05:34:10,959 [INFO] Saving best model at iteration 214
2025-07-21 05:34:11,556 [INFO] [215/300] loss 1792.89 | compact 14.5041 | spectral 17.3988 | recons_loss: 0.116194 | sparse_loss: 1.02891 | 
2025-07-21 05:34:11,556 [INFO] [Iter 215] LR: 0.00000001
2025-07-21 05:34:11,557 [INFO] No improvement: current loss 1792.888534, best loss 1792.888587
2025-07-21 05:34:12,155 [INFO] [216/300] loss 1792.89 | compact 14.5041 | spectral 17.3988 | recons_loss: 0.116194 | sparse_loss: 1.02891 | 
2025-07-21 05:34:12,155 [INFO] [Iter 216] LR: 0.00000001
2025-07-21 05:34:12,156 [INFO] No improvement: current loss 1792.888487, best loss 1792.888587
2025-07-21 05:34:12,753 [INFO] [217/300] loss 1792.89 | compact 14.5041 | spectral 17.3988 | recons_loss: 0.116194 | sparse_loss: 1.02891 | 
2025-07-21 05:34:12,754 [INFO] [Iter 217] LR: 0.00000001
2025-07-21 05:34:12,755 [INFO] Saving best model at iteration 217
2025-07-21 05:34:13,352 [INFO] [218/300] loss 1792.89 | compact 14.5041 | spectral 17.3988 | recons_loss: 0.116194 | sparse_loss: 1.02891 | 
2025-07-21 05:34:13,352 [INFO] [Iter 218] LR: 0.00000001
2025-07-21 05:34:13,355 [INFO] No improvement: current loss 1792.888360, best loss 1792.888420
2025-07-21 05:34:13,955 [INFO] [219/300] loss 1792.89 | compact 14.5041 | spectral 17.3988 | recons_loss: 0.116194 | sparse_loss: 1.02891 | 
2025-07-21 05:34:13,955 [INFO] [Iter 219] LR: 0.00000001
2025-07-21 05:34:13,956 [INFO] Saving best model at iteration 219
2025-07-21 05:34:14,553 [INFO] [220/300] loss 1792.89 | compact 14.5041 | spectral 17.3988 | recons_loss: 0.116194 | sparse_loss: 1.02891 | 
2025-07-21 05:34:14,554 [INFO] [Iter 220] LR: 0.00000001
2025-07-21 05:34:14,555 [INFO] No improvement: current loss 1792.888257, best loss 1792.888306
2025-07-21 05:34:15,152 [INFO] [221/300] loss 1792.89 | compact 14.5041 | spectral 17.3988 | recons_loss: 0.116194 | sparse_loss: 1.02891 | 
2025-07-21 05:34:15,152 [INFO] [Iter 221] LR: 0.00000001
2025-07-21 05:34:15,154 [INFO] No improvement: current loss 1792.888237, best loss 1792.888306
2025-07-21 05:34:15,751 [INFO] [222/300] loss 1792.89 | compact 14.5041 | spectral 17.3988 | recons_loss: 0.116194 | sparse_loss: 1.02891 | 
2025-07-21 05:34:15,752 [INFO] [Iter 222] LR: 0.00000001
2025-07-21 05:34:15,753 [INFO] No improvement: current loss 1792.888220, best loss 1792.888306
2025-07-21 05:34:16,357 [INFO] [223/300] loss 1792.89 | compact 14.5041 | spectral 17.3988 | recons_loss: 0.116194 | sparse_loss: 1.02891 | 
2025-07-21 05:34:16,357 [INFO] [Iter 223] LR: 0.00000001
2025-07-21 05:34:16,358 [INFO] Saving best model at iteration 223
2025-07-21 05:34:16,959 [INFO] [224/300] loss 1792.89 | compact 14.5041 | spectral 17.3988 | recons_loss: 0.116194 | sparse_loss: 1.02891 | 
2025-07-21 05:34:16,959 [INFO] [Iter 224] LR: 0.00000001
2025-07-21 05:34:16,961 [INFO] No improvement: current loss 1792.888143, best loss 1792.888179
2025-07-21 05:34:17,560 [INFO] [225/300] loss 1792.89 | compact 14.5041 | spectral 17.3988 | recons_loss: 0.116194 | sparse_loss: 1.02891 | 
2025-07-21 05:34:17,561 [INFO] [Iter 225] LR: 0.00000001
2025-07-21 05:34:17,562 [INFO] No improvement: current loss 1792.888123, best loss 1792.888179
2025-07-21 05:34:18,159 [INFO] [226/300] loss 1792.89 | compact 14.5041 | spectral 17.3988 | recons_loss: 0.116194 | sparse_loss: 1.02891 | 
2025-07-21 05:34:18,159 [INFO] [Iter 226] LR: 0.00000001
2025-07-21 05:34:18,160 [INFO] No improvement: current loss 1792.888105, best loss 1792.888179
2025-07-21 05:34:18,764 [INFO] [227/300] loss 1792.89 | compact 14.5041 | spectral 17.3988 | recons_loss: 0.116194 | sparse_loss: 1.02891 | 
2025-07-21 05:34:18,764 [INFO] [Iter 227] LR: 0.00000001
2025-07-21 05:34:18,766 [INFO] Saving best model at iteration 227
2025-07-21 05:34:19,365 [INFO] [228/300] loss 1792.89 | compact 14.5041 | spectral 17.3988 | recons_loss: 0.116194 | sparse_loss: 1.02891 | 
2025-07-21 05:34:19,365 [INFO] [Iter 228] LR: 0.00000001
2025-07-21 05:34:19,366 [INFO] No improvement: current loss 1792.888050, best loss 1792.888076
2025-07-21 05:34:19,965 [INFO] [229/300] loss 1792.89 | compact 14.5041 | spectral 17.3988 | recons_loss: 0.116194 | sparse_loss: 1.02891 | 
2025-07-21 05:34:19,965 [INFO] [Iter 229] LR: 0.00000001
2025-07-21 05:34:19,967 [INFO] No improvement: current loss 1792.888039, best loss 1792.888076
2025-07-21 05:34:20,567 [INFO] [230/300] loss 1792.89 | compact 14.5041 | spectral 17.3988 | recons_loss: 0.116194 | sparse_loss: 1.02891 | 
2025-07-21 05:34:20,567 [INFO] [Iter 230] LR: 0.00000001
2025-07-21 05:34:20,568 [INFO] No improvement: current loss 1792.888017, best loss 1792.888076
2025-07-21 05:34:21,165 [INFO] [231/300] loss 1792.89 | compact 14.5041 | spectral 17.3988 | recons_loss: 0.116194 | sparse_loss: 1.02891 | 
2025-07-21 05:34:21,165 [INFO] [Iter 231] LR: 0.00000001
2025-07-21 05:34:21,166 [INFO] No improvement: current loss 1792.888009, best loss 1792.888076
2025-07-21 05:34:21,764 [INFO] [232/300] loss 1792.89 | compact 14.5041 | spectral 17.3988 | recons_loss: 0.116194 | sparse_loss: 1.02891 | 
2025-07-21 05:34:21,764 [INFO] [Iter 232] LR: 0.00000001
2025-07-21 05:34:21,766 [INFO] No improvement: current loss 1792.888014, best loss 1792.888076
2025-07-21 05:34:22,364 [INFO] [233/300] loss 1792.89 | compact 14.5041 | spectral 17.3988 | recons_loss: 0.116194 | sparse_loss: 1.02891 | 
2025-07-21 05:34:22,364 [INFO] [Iter 233] LR: 0.00000001
2025-07-21 05:34:22,365 [INFO] No improvement: current loss 1792.887995, best loss 1792.888076
2025-07-21 05:34:22,963 [INFO] [234/300] loss 1792.89 | compact 14.5041 | spectral 17.3988 | recons_loss: 0.116194 | sparse_loss: 1.02891 | 
2025-07-21 05:34:22,963 [INFO] [Iter 234] LR: 0.00000001
2025-07-21 05:34:22,964 [INFO] No improvement: current loss 1792.887989, best loss 1792.888076
2025-07-21 05:34:23,562 [INFO] [235/300] loss 1792.89 | compact 14.5041 | spectral 17.3988 | recons_loss: 0.116194 | sparse_loss: 1.02891 | 
2025-07-21 05:34:23,562 [INFO] [Iter 235] LR: 0.00000001
2025-07-21 05:34:23,563 [INFO] No improvement: current loss 1792.887984, best loss 1792.888076
2025-07-21 05:34:24,161 [INFO] [236/300] loss 1792.89 | compact 14.5041 | spectral 17.3988 | recons_loss: 0.116194 | sparse_loss: 1.02891 | 
2025-07-21 05:34:24,161 [INFO] [Iter 236] LR: 0.00000001
2025-07-21 05:34:24,162 [INFO] No improvement: current loss 1792.887980, best loss 1792.888076
2025-07-21 05:34:24,773 [INFO] [237/300] loss 1792.89 | compact 14.5041 | spectral 17.3988 | recons_loss: 0.116194 | sparse_loss: 1.02891 | 
2025-07-21 05:34:24,773 [INFO] [Iter 237] LR: 0.00000001
2025-07-21 05:34:24,775 [INFO] Saving best model at iteration 237
2025-07-21 05:34:25,373 [INFO] [238/300] loss 1792.89 | compact 14.5041 | spectral 17.3988 | recons_loss: 0.116194 | sparse_loss: 1.02891 | 
2025-07-21 05:34:25,373 [INFO] [Iter 238] LR: 0.00000001
2025-07-21 05:34:25,374 [INFO] No improvement: current loss 1792.887960, best loss 1792.887976
2025-07-21 05:34:25,973 [INFO] [239/300] loss 1792.89 | compact 14.5041 | spectral 17.3988 | recons_loss: 0.116194 | sparse_loss: 1.02891 | 
2025-07-21 05:34:25,973 [INFO] [Iter 239] LR: 0.00000001
2025-07-21 05:34:25,975 [INFO] No improvement: current loss 1792.887946, best loss 1792.887976
2025-07-21 05:34:26,585 [INFO] [240/300] loss 1792.89 | compact 14.5041 | spectral 17.3988 | recons_loss: 0.116194 | sparse_loss: 1.02891 | 
2025-07-21 05:34:26,585 [INFO] [Iter 240] LR: 0.00000001
2025-07-21 05:34:26,587 [INFO] No improvement: current loss 1792.887933, best loss 1792.887976
2025-07-21 05:34:27,198 [INFO] [241/300] loss 1792.89 | compact 14.5041 | spectral 17.3988 | recons_loss: 0.116194 | sparse_loss: 1.02891 | 
2025-07-21 05:34:27,198 [INFO] [Iter 241] LR: 0.00000001
2025-07-21 05:34:27,199 [INFO] No improvement: current loss 1792.887921, best loss 1792.887976
2025-07-21 05:34:27,808 [INFO] [242/300] loss 1792.89 | compact 14.5041 | spectral 17.3988 | recons_loss: 0.116194 | sparse_loss: 1.02891 | 
2025-07-21 05:34:27,809 [INFO] [Iter 242] LR: 0.00000001
2025-07-21 05:34:27,811 [INFO] No improvement: current loss 1792.887911, best loss 1792.887976
2025-07-21 05:34:28,415 [INFO] [243/300] loss 1792.89 | compact 14.5041 | spectral 17.3988 | recons_loss: 0.116194 | sparse_loss: 1.02891 | 
2025-07-21 05:34:28,416 [INFO] [Iter 243] LR: 0.00000001
2025-07-21 05:34:28,418 [INFO] No improvement: current loss 1792.887901, best loss 1792.887976
2025-07-21 05:34:29,029 [INFO] [244/300] loss 1792.89 | compact 14.5041 | spectral 17.3988 | recons_loss: 0.116194 | sparse_loss: 1.02891 | 
2025-07-21 05:34:29,029 [INFO] [Iter 244] LR: 0.00000001
2025-07-21 05:34:29,032 [INFO] No improvement: current loss 1792.887893, best loss 1792.887976
2025-07-21 05:34:29,635 [INFO] [245/300] loss 1792.89 | compact 14.5041 | spectral 17.3988 | recons_loss: 0.116194 | sparse_loss: 1.02891 | 
2025-07-21 05:34:29,635 [INFO] [Iter 245] LR: 0.00000001
2025-07-21 05:34:29,636 [INFO] No improvement: current loss 1792.887886, best loss 1792.887976
2025-07-21 05:34:30,233 [INFO] [246/300] loss 1792.89 | compact 14.5041 | spectral 17.3988 | recons_loss: 0.116194 | sparse_loss: 1.02891 | 
2025-07-21 05:34:30,234 [INFO] [Iter 246] LR: 0.00000001
2025-07-21 05:34:30,235 [INFO] No improvement: current loss 1792.887879, best loss 1792.887976
2025-07-21 05:34:30,832 [INFO] [247/300] loss 1792.89 | compact 14.5041 | spectral 17.3988 | recons_loss: 0.116194 | sparse_loss: 1.02891 | 
2025-07-21 05:34:30,832 [INFO] [Iter 247] LR: 0.00000001
2025-07-21 05:34:30,833 [INFO] No improvement: current loss 1792.887885, best loss 1792.887976
2025-07-21 05:34:31,434 [INFO] [248/300] loss 1792.89 | compact 14.5041 | spectral 17.3988 | recons_loss: 0.116194 | sparse_loss: 1.02891 | 
2025-07-21 05:34:31,434 [INFO] [Iter 248] LR: 0.00000001
2025-07-21 05:34:31,435 [INFO] No improvement: current loss 1792.887890, best loss 1792.887976
2025-07-21 05:34:32,036 [INFO] [249/300] loss 1792.89 | compact 14.5041 | spectral 17.3988 | recons_loss: 0.116194 | sparse_loss: 1.02891 | 
2025-07-21 05:34:32,036 [INFO] [Iter 249] LR: 0.00000001
2025-07-21 05:34:32,038 [INFO] No improvement: current loss 1792.887883, best loss 1792.887976
2025-07-21 05:34:32,219 [INFO] H: 600, W: 166
2025-07-21 05:34:32,320 [INFO] [0 1 2 3 4 5]
2025-07-21 05:34:32,418 [INFO] y_target: [1 2 3 4 5 6]
2025-07-21 05:34:32,418 [INFO] y_predict: [0 1 2 3 4 5]
2025-07-21 05:34:32,506 [INFO] Epoch = 250 OA = 0.9027 Kappa = 0.8702 NMI = 0.8325
2025-07-21 05:34:32,982 [INFO] [250/300] loss 1792.89 | compact 14.5041 | spectral 17.3988 | recons_loss: 0.116194 | sparse_loss: 1.02891 | 
2025-07-21 05:34:32,983 [INFO] [Iter 250] LR: 0.00000001
2025-07-21 05:34:32,984 [INFO] No improvement: current loss 1792.887876, best loss 1792.887976
2025-07-21 05:34:33,581 [INFO] [251/300] loss 1792.89 | compact 14.5041 | spectral 17.3988 | recons_loss: 0.116194 | sparse_loss: 1.02891 | 
2025-07-21 05:34:33,582 [INFO] [Iter 251] LR: 0.00000001
2025-07-21 05:34:33,583 [INFO] Saving best model at iteration 251
2025-07-21 05:34:34,180 [INFO] [252/300] loss 1792.89 | compact 14.5041 | spectral 17.3988 | recons_loss: 0.116194 | sparse_loss: 1.02891 | 
2025-07-21 05:34:34,180 [INFO] [Iter 252] LR: 0.00000001
2025-07-21 05:34:34,181 [INFO] No improvement: current loss 1792.887877, best loss 1792.887870
2025-07-21 05:34:34,783 [INFO] [253/300] loss 1792.89 | compact 14.5041 | spectral 17.3988 | recons_loss: 0.116194 | sparse_loss: 1.02891 | 
2025-07-21 05:34:34,784 [INFO] [Iter 253] LR: 0.00000001
2025-07-21 05:34:34,785 [INFO] No improvement: current loss 1792.887884, best loss 1792.887870
2025-07-21 05:34:35,382 [INFO] [254/300] loss 1792.89 | compact 14.5041 | spectral 17.3988 | recons_loss: 0.116194 | sparse_loss: 1.02891 | 
2025-07-21 05:34:35,382 [INFO] [Iter 254] LR: 0.00000001
2025-07-21 05:34:35,384 [INFO] No improvement: current loss 1792.887877, best loss 1792.887870
2025-07-21 05:34:35,980 [INFO] [255/300] loss 1792.89 | compact 14.5041 | spectral 17.3988 | recons_loss: 0.116194 | sparse_loss: 1.02891 | 
2025-07-21 05:34:35,981 [INFO] [Iter 255] LR: 0.00000001
2025-07-21 05:34:35,982 [INFO] No improvement: current loss 1792.887895, best loss 1792.887870
2025-07-21 05:34:36,579 [INFO] [256/300] loss 1792.89 | compact 14.5041 | spectral 17.3988 | recons_loss: 0.116194 | sparse_loss: 1.02891 | 
2025-07-21 05:34:36,579 [INFO] [Iter 256] LR: 0.00000001
2025-07-21 05:34:36,580 [INFO] No improvement: current loss 1792.887888, best loss 1792.887870
2025-07-21 05:34:37,177 [INFO] [257/300] loss 1792.89 | compact 14.5041 | spectral 17.3988 | recons_loss: 0.116194 | sparse_loss: 1.02891 | 
2025-07-21 05:34:37,177 [INFO] [Iter 257] LR: 0.00000001
2025-07-21 05:34:37,178 [INFO] No improvement: current loss 1792.887905, best loss 1792.887870
2025-07-21 05:34:37,793 [INFO] [258/300] loss 1792.89 | compact 14.5041 | spectral 17.3988 | recons_loss: 0.116194 | sparse_loss: 1.02891 | 
2025-07-21 05:34:37,793 [INFO] [Iter 258] LR: 0.00000001
2025-07-21 05:34:37,794 [INFO] No improvement: current loss 1792.887896, best loss 1792.887870
2025-07-21 05:34:38,392 [INFO] [259/300] loss 1792.89 | compact 14.5041 | spectral 17.3988 | recons_loss: 0.116194 | sparse_loss: 1.02891 | 
2025-07-21 05:34:38,392 [INFO] [Iter 259] LR: 0.00000001
2025-07-21 05:34:38,393 [INFO] No improvement: current loss 1792.887913, best loss 1792.887870
2025-07-21 05:34:38,991 [INFO] [260/300] loss 1792.89 | compact 14.5041 | spectral 17.3988 | recons_loss: 0.116194 | sparse_loss: 1.02891 | 
2025-07-21 05:34:38,991 [INFO] [Iter 260] LR: 0.00000001
2025-07-21 05:34:38,992 [INFO] No improvement: current loss 1792.887903, best loss 1792.887870
2025-07-21 05:34:39,590 [INFO] [261/300] loss 1792.89 | compact 14.5041 | spectral 17.3988 | recons_loss: 0.116194 | sparse_loss: 1.02891 | 
2025-07-21 05:34:39,591 [INFO] [Iter 261] LR: 0.00000001
2025-07-21 05:34:39,592 [INFO] No improvement: current loss 1792.887907, best loss 1792.887870
2025-07-21 05:34:40,192 [INFO] [262/300] loss 1792.89 | compact 14.5041 | spectral 17.3988 | recons_loss: 0.116194 | sparse_loss: 1.02891 | 
2025-07-21 05:34:40,192 [INFO] [Iter 262] LR: 0.00000001
2025-07-21 05:34:40,193 [INFO] No improvement: current loss 1792.887898, best loss 1792.887870
2025-07-21 05:34:40,791 [INFO] [263/300] loss 1792.89 | compact 14.5041 | spectral 17.3988 | recons_loss: 0.116194 | sparse_loss: 1.02891 | 
2025-07-21 05:34:40,791 [INFO] [Iter 263] LR: 0.00000001
2025-07-21 05:34:40,793 [INFO] No improvement: current loss 1792.887890, best loss 1792.887870
2025-07-21 05:34:41,392 [INFO] [264/300] loss 1792.89 | compact 14.5041 | spectral 17.3988 | recons_loss: 0.116194 | sparse_loss: 1.02891 | 
2025-07-21 05:34:41,392 [INFO] [Iter 264] LR: 0.00000001
2025-07-21 05:34:41,393 [INFO] No improvement: current loss 1792.887883, best loss 1792.887870
2025-07-21 05:34:41,990 [INFO] [265/300] loss 1792.89 | compact 14.5041 | spectral 17.3988 | recons_loss: 0.116194 | sparse_loss: 1.02891 | 
2025-07-21 05:34:41,991 [INFO] [Iter 265] LR: 0.00000001
2025-07-21 05:34:41,992 [INFO] No improvement: current loss 1792.887901, best loss 1792.887870
2025-07-21 05:34:42,590 [INFO] [266/300] loss 1792.89 | compact 14.5041 | spectral 17.3988 | recons_loss: 0.116194 | sparse_loss: 1.02891 | 
2025-07-21 05:34:42,590 [INFO] [Iter 266] LR: 0.00000001
2025-07-21 05:34:42,592 [INFO] No improvement: current loss 1792.887917, best loss 1792.887870
2025-07-21 05:34:43,199 [INFO] [267/300] loss 1792.89 | compact 14.5041 | spectral 17.3988 | recons_loss: 0.116194 | sparse_loss: 1.02891 | 
2025-07-21 05:34:43,199 [INFO] [Iter 267] LR: 0.00000001
2025-07-21 05:34:43,200 [INFO] No improvement: current loss 1792.887919, best loss 1792.887870
2025-07-21 05:34:43,798 [INFO] [268/300] loss 1792.89 | compact 14.5041 | spectral 17.3988 | recons_loss: 0.116194 | sparse_loss: 1.02891 | 
2025-07-21 05:34:43,798 [INFO] [Iter 268] LR: 0.00000001
2025-07-21 05:34:43,799 [INFO] No improvement: current loss 1792.887933, best loss 1792.887870
2025-07-21 05:34:44,403 [INFO] [269/300] loss 1792.89 | compact 14.5041 | spectral 17.3988 | recons_loss: 0.116194 | sparse_loss: 1.02891 | 
2025-07-21 05:34:44,403 [INFO] [Iter 269] LR: 0.00000001
2025-07-21 05:34:44,405 [INFO] No improvement: current loss 1792.887922, best loss 1792.887870
2025-07-21 05:34:45,018 [INFO] [270/300] loss 1792.89 | compact 14.5041 | spectral 17.3988 | recons_loss: 0.116194 | sparse_loss: 1.02891 | 
2025-07-21 05:34:45,018 [INFO] [Iter 270] LR: 0.00000001
2025-07-21 05:34:45,019 [INFO] No improvement: current loss 1792.887911, best loss 1792.887870
2025-07-21 05:34:45,616 [INFO] [271/300] loss 1792.89 | compact 14.5041 | spectral 17.3988 | recons_loss: 0.116194 | sparse_loss: 1.02891 | 
2025-07-21 05:34:45,617 [INFO] [Iter 271] LR: 0.00000001
2025-07-21 05:34:45,618 [INFO] No improvement: current loss 1792.887902, best loss 1792.887870
2025-07-21 05:34:46,223 [INFO] [272/300] loss 1792.89 | compact 14.5041 | spectral 17.3988 | recons_loss: 0.116194 | sparse_loss: 1.02891 | 
2025-07-21 05:34:46,223 [INFO] [Iter 272] LR: 0.00000001
2025-07-21 05:34:46,226 [INFO] No improvement: current loss 1792.887893, best loss 1792.887870
2025-07-21 05:34:46,844 [INFO] [273/300] loss 1792.89 | compact 14.5041 | spectral 17.3988 | recons_loss: 0.116194 | sparse_loss: 1.02891 | 
2025-07-21 05:34:46,844 [INFO] [Iter 273] LR: 0.00000001
2025-07-21 05:34:46,845 [INFO] No improvement: current loss 1792.887910, best loss 1792.887870
2025-07-21 05:34:47,443 [INFO] [274/300] loss 1792.89 | compact 14.5041 | spectral 17.3988 | recons_loss: 0.116194 | sparse_loss: 1.02891 | 
2025-07-21 05:34:47,443 [INFO] [Iter 274] LR: 0.00000001
2025-07-21 05:34:47,444 [INFO] No improvement: current loss 1792.887901, best loss 1792.887870
2025-07-21 05:34:48,042 [INFO] [275/300] loss 1792.89 | compact 14.5041 | spectral 17.3988 | recons_loss: 0.116194 | sparse_loss: 1.02891 | 
2025-07-21 05:34:48,042 [INFO] [Iter 275] LR: 0.00000001
2025-07-21 05:34:48,043 [INFO] No improvement: current loss 1792.887893, best loss 1792.887870
2025-07-21 05:34:48,641 [INFO] [276/300] loss 1792.89 | compact 14.5041 | spectral 17.3988 | recons_loss: 0.116194 | sparse_loss: 1.02891 | 
2025-07-21 05:34:48,641 [INFO] [Iter 276] LR: 0.00000001
2025-07-21 05:34:48,642 [INFO] No improvement: current loss 1792.887885, best loss 1792.887870
2025-07-21 05:34:49,240 [INFO] [277/300] loss 1792.89 | compact 14.5041 | spectral 17.3988 | recons_loss: 0.116194 | sparse_loss: 1.02891 | 
2025-07-21 05:34:49,241 [INFO] [Iter 277] LR: 0.00000001
2025-07-21 05:34:49,243 [INFO] No improvement: current loss 1792.887878, best loss 1792.887870
2025-07-21 05:34:49,863 [INFO] [278/300] loss 1792.89 | compact 14.5041 | spectral 17.3988 | recons_loss: 0.116194 | sparse_loss: 1.02891 | 
2025-07-21 05:34:49,863 [INFO] [Iter 278] LR: 0.00000001
2025-07-21 05:34:49,864 [INFO] No improvement: current loss 1792.887897, best loss 1792.887870
2025-07-21 05:34:50,465 [INFO] [279/300] loss 1792.89 | compact 14.5041 | spectral 17.3988 | recons_loss: 0.116194 | sparse_loss: 1.02891 | 
2025-07-21 05:34:50,466 [INFO] [Iter 279] LR: 0.00000001
2025-07-21 05:34:50,467 [INFO] No improvement: current loss 1792.887889, best loss 1792.887870
2025-07-21 05:34:51,064 [INFO] [280/300] loss 1792.89 | compact 14.5041 | spectral 17.3988 | recons_loss: 0.116194 | sparse_loss: 1.02891 | 
2025-07-21 05:34:51,064 [INFO] [Iter 280] LR: 0.00000001
2025-07-21 05:34:51,065 [INFO] No improvement: current loss 1792.887882, best loss 1792.887870
2025-07-21 05:34:51,663 [INFO] [281/300] loss 1792.89 | compact 14.5041 | spectral 17.3988 | recons_loss: 0.116194 | sparse_loss: 1.02891 | 
2025-07-21 05:34:51,663 [INFO] [Iter 281] LR: 0.00000001
2025-07-21 05:34:51,666 [INFO] No improvement: current loss 1792.887900, best loss 1792.887870
2025-07-21 05:34:52,265 [INFO] [282/300] loss 1792.89 | compact 14.5041 | spectral 17.3988 | recons_loss: 0.116194 | sparse_loss: 1.02891 | 
2025-07-21 05:34:52,265 [INFO] [Iter 282] LR: 0.00000001
2025-07-21 05:34:52,266 [INFO] No improvement: current loss 1792.887891, best loss 1792.887870
2025-07-21 05:34:52,864 [INFO] [283/300] loss 1792.89 | compact 14.5041 | spectral 17.3988 | recons_loss: 0.116194 | sparse_loss: 1.02891 | 
2025-07-21 05:34:52,864 [INFO] [Iter 283] LR: 0.00000001
2025-07-21 05:34:52,865 [INFO] No improvement: current loss 1792.887908, best loss 1792.887870
2025-07-21 05:34:53,463 [INFO] [284/300] loss 1792.89 | compact 14.5041 | spectral 17.3988 | recons_loss: 0.116194 | sparse_loss: 1.02891 | 
2025-07-21 05:34:53,463 [INFO] [Iter 284] LR: 0.00000001
2025-07-21 05:34:53,464 [INFO] No improvement: current loss 1792.887924, best loss 1792.887870
2025-07-21 05:34:54,061 [INFO] [285/300] loss 1792.89 | compact 14.5041 | spectral 17.3988 | recons_loss: 0.116194 | sparse_loss: 1.02891 | 
2025-07-21 05:34:54,061 [INFO] [Iter 285] LR: 0.00000001
2025-07-21 05:34:54,062 [INFO] No improvement: current loss 1792.887937, best loss 1792.887870
2025-07-21 05:34:54,660 [INFO] [286/300] loss 1792.89 | compact 14.5041 | spectral 17.3988 | recons_loss: 0.116194 | sparse_loss: 1.02891 | 
2025-07-21 05:34:54,661 [INFO] [Iter 286] LR: 0.00000001
2025-07-21 05:34:54,663 [INFO] No improvement: current loss 1792.887925, best loss 1792.887870
2025-07-21 05:34:55,271 [INFO] [287/300] loss 1792.89 | compact 14.5041 | spectral 17.3988 | recons_loss: 0.116194 | sparse_loss: 1.02891 | 
2025-07-21 05:34:55,271 [INFO] [Iter 287] LR: 0.00000001
2025-07-21 05:34:55,272 [INFO] No improvement: current loss 1792.887939, best loss 1792.887870
2025-07-21 05:34:55,875 [INFO] [288/300] loss 1792.89 | compact 14.5041 | spectral 17.3988 | recons_loss: 0.116194 | sparse_loss: 1.02891 | 
2025-07-21 05:34:55,876 [INFO] [Iter 288] LR: 0.00000001
2025-07-21 05:34:55,878 [INFO] No improvement: current loss 1792.887927, best loss 1792.887870
2025-07-21 05:34:56,478 [INFO] [289/300] loss 1792.89 | compact 14.5041 | spectral 17.3988 | recons_loss: 0.116194 | sparse_loss: 1.02891 | 
2025-07-21 05:34:56,478 [INFO] [Iter 289] LR: 0.00000001
2025-07-21 05:34:56,480 [INFO] No improvement: current loss 1792.887916, best loss 1792.887870
2025-07-21 05:34:57,078 [INFO] [290/300] loss 1792.89 | compact 14.5041 | spectral 17.3988 | recons_loss: 0.116194 | sparse_loss: 1.02891 | 
2025-07-21 05:34:57,078 [INFO] [Iter 290] LR: 0.00000001
2025-07-21 05:34:57,079 [INFO] No improvement: current loss 1792.887906, best loss 1792.887870
2025-07-21 05:34:57,683 [INFO] [291/300] loss 1792.89 | compact 14.5041 | spectral 17.3988 | recons_loss: 0.116194 | sparse_loss: 1.02891 | 
2025-07-21 05:34:57,684 [INFO] [Iter 291] LR: 0.00000001
2025-07-21 05:34:57,686 [INFO] No improvement: current loss 1792.887897, best loss 1792.887870
2025-07-21 05:34:58,285 [INFO] [292/300] loss 1792.89 | compact 14.5041 | spectral 17.3988 | recons_loss: 0.116194 | sparse_loss: 1.02891 | 
2025-07-21 05:34:58,285 [INFO] [Iter 292] LR: 0.00000001
2025-07-21 05:34:58,286 [INFO] No improvement: current loss 1792.887889, best loss 1792.887870
2025-07-21 05:34:58,902 [INFO] [293/300] loss 1792.89 | compact 14.5041 | spectral 17.3988 | recons_loss: 0.116194 | sparse_loss: 1.02891 | 
2025-07-21 05:34:58,902 [INFO] [Iter 293] LR: 0.00000001
2025-07-21 05:34:58,903 [INFO] No improvement: current loss 1792.887882, best loss 1792.887870
2025-07-21 05:34:59,501 [INFO] [294/300] loss 1792.89 | compact 14.5041 | spectral 17.3988 | recons_loss: 0.116194 | sparse_loss: 1.02891 | 
2025-07-21 05:34:59,502 [INFO] [Iter 294] LR: 0.00000001
2025-07-21 05:34:59,503 [INFO] No improvement: current loss 1792.887900, best loss 1792.887870
2025-07-21 05:35:00,100 [INFO] [295/300] loss 1792.89 | compact 14.5041 | spectral 17.3988 | recons_loss: 0.116194 | sparse_loss: 1.02891 | 
2025-07-21 05:35:00,100 [INFO] [Iter 295] LR: 0.00000001
2025-07-21 05:35:00,101 [INFO] No improvement: current loss 1792.887892, best loss 1792.887870
2025-07-21 05:35:00,698 [INFO] [296/300] loss 1792.89 | compact 14.5041 | spectral 17.3988 | recons_loss: 0.116194 | sparse_loss: 1.02891 | 
2025-07-21 05:35:00,699 [INFO] [Iter 296] LR: 0.00000001
2025-07-21 05:35:00,700 [INFO] No improvement: current loss 1792.887884, best loss 1792.887870
2025-07-21 05:35:01,296 [INFO] [297/300] loss 1792.89 | compact 14.5041 | spectral 17.3988 | recons_loss: 0.116194 | sparse_loss: 1.02891 | 
2025-07-21 05:35:01,297 [INFO] [Iter 297] LR: 0.00000001
2025-07-21 05:35:01,298 [INFO] No improvement: current loss 1792.887878, best loss 1792.887870
2025-07-21 05:35:01,896 [INFO] [298/300] loss 1792.89 | compact 14.5041 | spectral 17.3988 | recons_loss: 0.116194 | sparse_loss: 1.02891 | 
2025-07-21 05:35:01,896 [INFO] [Iter 298] LR: 0.00000001
2025-07-21 05:35:01,899 [INFO] No improvement: current loss 1792.887872, best loss 1792.887870
2025-07-21 05:35:02,102 [INFO] H: 600, W: 166
2025-07-21 05:35:02,201 [INFO] [0 1 2 3 4 5]
2025-07-21 05:35:02,296 [INFO] y_target: [1 2 3 4 5 6]
2025-07-21 05:35:02,297 [INFO] y_predict: [0 1 2 3 4 5]
2025-07-21 05:35:02,384 [INFO] Epoch = 299 OA = 0.9027 Kappa = 0.8702 NMI = 0.8325
2025-07-21 05:35:02,861 [INFO] [299/300] loss 1792.89 | compact 14.5041 | spectral 17.3988 | recons_loss: 0.116194 | sparse_loss: 1.02891 | 
2025-07-21 05:35:02,861 [INFO] [Iter 299] LR: 0.00000001
2025-07-21 05:35:02,862 [INFO] No improvement: current loss 1792.887866, best loss 1792.887870
2025-07-21 05:35:02,862 [INFO] Training finished. Best model loaded.
