2025-07-21 03:00:57,871 [INFO] ========== Training Configuration ==========
2025-07-21 03:00:57,871 [INFO] out_dir: ./log
2025-07-21 03:00:57,871 [INFO] lr: 0.1
2025-07-21 03:00:57,871 [INFO] train_iter: 300
2025-07-21 03:00:57,871 [INFO] niter: 5
2025-07-21 03:00:57,871 [INFO] nspix: 300
2025-07-21 03:00:57,871 [INFO] weight: weight
2025-07-21 03:00:57,871 [INFO] weight_representation: 20.0
2025-07-21 03:00:57,871 [INFO] weight_noise: 50.0
2025-07-21 03:00:57,871 [INFO] dataset: trento
2025-07-21 03:00:57,871 [INFO] device: cuda:0
2025-07-21 03:00:57,871 [INFO] log: trento11
2025-07-21 03:00:57,871 [INFO] ============================================
2025-07-21 03:01:00,910 [INFO] H: 600, W: 166
2025-07-21 03:01:01,008 [INFO] [0 1 2 3 4 5]
2025-07-21 03:01:01,219 [INFO] y_target: [1 2 3 4 5 6]
2025-07-21 03:01:01,219 [INFO] y_predict: [0 1 2 3 4 5]
2025-07-21 03:01:01,309 [INFO] Epoch = 0 OA = 0.8509 Kappa = 0.8011 NMI = 0.7884
2025-07-21 03:01:01,827 [INFO] [0/300] loss 165.735 | compact 13.9608 | spectral 17.8474 | recons_loss: 0.260069 | sparse_loss: 1.04467 | 
2025-07-21 03:01:01,827 [INFO] [Iter 0] LR: 0.10000000
2025-07-21 03:01:01,829 [INFO] Saving best model at iteration 0
2025-07-21 03:01:02,431 [INFO] [1/300] loss 165.668 | compact 13.9619 | spectral 17.8088 | recons_loss: 0.258821 | sparse_loss: 1.04471 | 
2025-07-21 03:01:02,432 [INFO] [Iter 1] LR: 0.10000000
2025-07-21 03:01:02,433 [INFO] Saving best model at iteration 1
2025-07-21 03:01:03,040 [INFO] [2/300] loss 165.579 | compact 13.9609 | spectral 17.7532 | recons_loss: 0.256985 | sparse_loss: 1.0447 | 
2025-07-21 03:01:03,040 [INFO] [Iter 2] LR: 0.10000000
2025-07-21 03:01:03,042 [INFO] Saving best model at iteration 2
2025-07-21 03:01:03,660 [INFO] [3/300] loss 165.496 | compact 13.9598 | spectral 17.6867 | recons_loss: 0.255126 | sparse_loss: 1.04454 | 
2025-07-21 03:01:03,661 [INFO] [Iter 3] LR: 0.10000000
2025-07-21 03:01:03,662 [INFO] Saving best model at iteration 3
2025-07-21 03:01:04,272 [INFO] [4/300] loss 165.42 | compact 13.9581 | spectral 17.6207 | recons_loss: 0.253172 | sparse_loss: 1.04424 | 
2025-07-21 03:01:04,273 [INFO] [Iter 4] LR: 0.10000000
2025-07-21 03:01:04,275 [INFO] Saving best model at iteration 4
2025-07-21 03:01:04,874 [INFO] [5/300] loss 165.348 | compact 13.9577 | spectral 17.5602 | recons_loss: 0.251212 | sparse_loss: 1.04385 | 
2025-07-21 03:01:04,874 [INFO] [Iter 5] LR: 0.10000000
2025-07-21 03:01:04,875 [INFO] Saving best model at iteration 5
2025-07-21 03:01:05,476 [INFO] [6/300] loss 165.275 | compact 13.9594 | spectral 17.5055 | recons_loss: 0.249321 | sparse_loss: 1.04341 | 
2025-07-21 03:01:05,476 [INFO] [Iter 6] LR: 0.10000000
2025-07-21 03:01:05,477 [INFO] Saving best model at iteration 6
2025-07-21 03:01:06,078 [INFO] [7/300] loss 165.205 | compact 13.9632 | spectral 17.4569 | recons_loss: 0.247583 | sparse_loss: 1.04299 | 
2025-07-21 03:01:06,078 [INFO] [Iter 7] LR: 0.10000000
2025-07-21 03:01:06,080 [INFO] Saving best model at iteration 7
2025-07-21 03:01:06,680 [INFO] [8/300] loss 165.144 | compact 13.9641 | spectral 17.4198 | recons_loss: 0.245994 | sparse_loss: 1.0426 | 
2025-07-21 03:01:06,680 [INFO] [Iter 8] LR: 0.10000000
2025-07-21 03:01:06,681 [INFO] Saving best model at iteration 8
2025-07-21 03:01:07,284 [INFO] [9/300] loss 165.081 | compact 13.9643 | spectral 17.3887 | recons_loss: 0.244531 | sparse_loss: 1.04223 | 
2025-07-21 03:01:07,284 [INFO] [Iter 9] LR: 0.10000000
2025-07-21 03:01:07,285 [INFO] Saving best model at iteration 9
2025-07-21 03:01:07,898 [INFO] [10/300] loss 165.02 | compact 13.9636 | spectral 17.3636 | recons_loss: 0.243248 | sparse_loss: 1.04185 | 
2025-07-21 03:01:07,898 [INFO] [Iter 10] LR: 0.10000000
2025-07-21 03:01:07,900 [INFO] Saving best model at iteration 10
2025-07-21 03:01:08,502 [INFO] [11/300] loss 164.96 | compact 13.9613 | spectral 17.3432 | recons_loss: 0.242112 | sparse_loss: 1.04145 | 
2025-07-21 03:01:08,502 [INFO] [Iter 11] LR: 0.10000000
2025-07-21 03:01:08,503 [INFO] Saving best model at iteration 11
2025-07-21 03:01:09,101 [INFO] [12/300] loss 164.901 | compact 13.9592 | spectral 17.3257 | recons_loss: 0.241114 | sparse_loss: 1.04102 | 
2025-07-21 03:01:09,101 [INFO] [Iter 12] LR: 0.10000000
2025-07-21 03:01:09,103 [INFO] Saving best model at iteration 12
2025-07-21 03:01:09,700 [INFO] [13/300] loss 191.562 | compact 13.9619 | spectral 44.0275 | recons_loss: 0.240282 | sparse_loss: 1.04059 | 
2025-07-21 03:01:09,701 [INFO] [Iter 13] LR: 0.10000000
2025-07-21 03:01:09,702 [INFO] No improvement: current loss 191.561626, best loss 164.901461
2025-07-21 03:01:10,301 [INFO] [14/300] loss 188.846 | compact 13.9658 | spectral 41.3529 | recons_loss: 0.239546 | sparse_loss: 1.04016 | 
2025-07-21 03:01:10,301 [INFO] [Iter 14] LR: 0.10000000
2025-07-21 03:01:10,303 [INFO] No improvement: current loss 188.846386, best loss 164.901461
2025-07-21 03:01:10,917 [INFO] [15/300] loss 186.399 | compact 13.9708 | spectral 38.9459 | recons_loss: 0.238882 | sparse_loss: 1.03978 | 
2025-07-21 03:01:10,917 [INFO] [Iter 15] LR: 0.05000000
2025-07-21 03:01:10,918 [INFO] No improvement: current loss 186.399095, best loss 164.901461
2025-07-21 03:01:11,519 [INFO] [16/300] loss 184.191 | compact 13.9751 | spectral 36.7754 | recons_loss: 0.238352 | sparse_loss: 1.03943 | 
2025-07-21 03:01:11,519 [INFO] [Iter 16] LR: 0.05000000
2025-07-21 03:01:11,520 [INFO] No improvement: current loss 184.191075, best loss 164.901461
2025-07-21 03:01:12,117 [INFO] [17/300] loss 182.2 | compact 13.9795 | spectral 34.821 | recons_loss: 0.237852 | sparse_loss: 1.03912 | 
2025-07-21 03:01:12,118 [INFO] [Iter 17] LR: 0.05000000
2025-07-21 03:01:12,119 [INFO] No improvement: current loss 182.200297, best loss 164.901461
2025-07-21 03:01:12,716 [INFO] [18/300] loss 180.404 | compact 13.9839 | spectral 33.0609 | recons_loss: 0.237385 | sparse_loss: 1.03883 | 
2025-07-21 03:01:12,717 [INFO] [Iter 18] LR: 0.05000000
2025-07-21 03:01:12,718 [INFO] No improvement: current loss 180.404420, best loss 164.901461
2025-07-21 03:01:13,317 [INFO] [19/300] loss 178.781 | compact 13.989 | spectral 31.4732 | recons_loss: 0.23691 | sparse_loss: 1.03857 | 
2025-07-21 03:01:13,318 [INFO] [Iter 19] LR: 0.05000000
2025-07-21 03:01:13,319 [INFO] No improvement: current loss 178.780633, best loss 164.901461
2025-07-21 03:01:13,928 [INFO] [20/300] loss 177.329 | compact 13.9957 | spectral 30.055 | recons_loss: 0.23646 | sparse_loss: 1.03832 | 
2025-07-21 03:01:13,928 [INFO] [Iter 20] LR: 0.05000000
2025-07-21 03:01:13,929 [INFO] No improvement: current loss 177.328662, best loss 164.901461
2025-07-21 03:01:14,529 [INFO] [21/300] loss 176.016 | compact 14.0027 | spectral 28.7756 | recons_loss: 0.236048 | sparse_loss: 1.03808 | 
2025-07-21 03:01:14,529 [INFO] [Iter 21] LR: 0.05000000
2025-07-21 03:01:14,532 [INFO] No improvement: current loss 176.016193, best loss 164.901461
2025-07-21 03:01:15,140 [INFO] [22/300] loss 174.831 | compact 14.0113 | spectral 27.6214 | recons_loss: 0.235649 | sparse_loss: 1.03787 | 
2025-07-21 03:01:15,140 [INFO] [Iter 22] LR: 0.02500000
2025-07-21 03:01:15,141 [INFO] No improvement: current loss 174.830935, best loss 164.901461
2025-07-21 03:01:15,746 [INFO] [23/300] loss 173.761 | compact 14.0207 | spectral 26.5802 | recons_loss: 0.235296 | sparse_loss: 1.03766 | 
2025-07-21 03:01:15,746 [INFO] [Iter 23] LR: 0.02500000
2025-07-21 03:01:15,748 [INFO] No improvement: current loss 173.760627, best loss 164.901461
2025-07-21 03:01:16,347 [INFO] [24/300] loss 172.796 | compact 14.0294 | spectral 25.6427 | recons_loss: 0.234979 | sparse_loss: 1.03747 | 
2025-07-21 03:01:16,347 [INFO] [Iter 24] LR: 0.02500000
2025-07-21 03:01:16,348 [INFO] No improvement: current loss 172.795908, best loss 164.901461
2025-07-21 03:01:16,958 [INFO] [25/300] loss 171.926 | compact 14.0372 | spectral 24.799 | recons_loss: 0.234691 | sparse_loss: 1.03729 | 
2025-07-21 03:01:16,959 [INFO] [Iter 25] LR: 0.02500000
2025-07-21 03:01:16,961 [INFO] No improvement: current loss 171.926363, best loss 164.901461
2025-07-21 03:01:17,565 [INFO] [26/300] loss 171.142 | compact 14.0452 | spectral 24.0393 | recons_loss: 0.234427 | sparse_loss: 1.03713 | 
2025-07-21 03:01:17,566 [INFO] [Iter 26] LR: 0.02500000
2025-07-21 03:01:17,568 [INFO] No improvement: current loss 171.141756, best loss 164.901461
2025-07-21 03:01:18,166 [INFO] [27/300] loss 170.435 | compact 14.0524 | spectral 23.356 | recons_loss: 0.234188 | sparse_loss: 1.03698 | 
2025-07-21 03:01:18,167 [INFO] [Iter 27] LR: 0.02500000
2025-07-21 03:01:18,168 [INFO] No improvement: current loss 170.434635, best loss 164.901461
2025-07-21 03:01:18,767 [INFO] [28/300] loss 169.797 | compact 14.0585 | spectral 22.7415 | recons_loss: 0.23397 | sparse_loss: 1.03686 | 
2025-07-21 03:01:18,768 [INFO] [Iter 28] LR: 0.02500000
2025-07-21 03:01:18,769 [INFO] No improvement: current loss 169.797382, best loss 164.901461
2025-07-21 03:01:19,368 [INFO] [29/300] loss 169.222 | compact 14.065 | spectral 22.1881 | recons_loss: 0.233761 | sparse_loss: 1.03674 | 
2025-07-21 03:01:19,368 [INFO] [Iter 29] LR: 0.02500000
2025-07-21 03:01:19,370 [INFO] No improvement: current loss 169.222108, best loss 164.901461
2025-07-21 03:01:19,988 [INFO] [30/300] loss 168.703 | compact 14.072 | spectral 21.69 | recons_loss: 0.233566 | sparse_loss: 1.03664 | 
2025-07-21 03:01:19,988 [INFO] [Iter 30] LR: 0.02500000
2025-07-21 03:01:19,989 [INFO] No improvement: current loss 168.702879, best loss 164.901461
2025-07-21 03:01:20,595 [INFO] [31/300] loss 168.234 | compact 14.0788 | spectral 21.2416 | recons_loss: 0.233384 | sparse_loss: 1.03656 | 
2025-07-21 03:01:20,595 [INFO] [Iter 31] LR: 0.02500000
2025-07-21 03:01:20,597 [INFO] No improvement: current loss 168.234428, best loss 164.901461
2025-07-21 03:01:21,197 [INFO] [32/300] loss 167.811 | compact 14.0854 | spectral 20.8374 | recons_loss: 0.233216 | sparse_loss: 1.03648 | 
2025-07-21 03:01:21,197 [INFO] [Iter 32] LR: 0.02500000
2025-07-21 03:01:21,198 [INFO] No improvement: current loss 167.810999, best loss 164.901461
2025-07-21 03:01:21,798 [INFO] [33/300] loss 167.429 | compact 14.091 | spectral 20.4742 | recons_loss: 0.233063 | sparse_loss: 1.03641 | 
2025-07-21 03:01:21,798 [INFO] [Iter 33] LR: 0.02500000
2025-07-21 03:01:21,800 [INFO] No improvement: current loss 167.429390, best loss 164.901461
2025-07-21 03:01:22,400 [INFO] [34/300] loss 167.083 | compact 14.097 | spectral 20.1453 | recons_loss: 0.232921 | sparse_loss: 1.03634 | 
2025-07-21 03:01:22,401 [INFO] [Iter 34] LR: 0.02500000
2025-07-21 03:01:22,402 [INFO] No improvement: current loss 167.082973, best loss 164.901461
2025-07-21 03:01:23,007 [INFO] [35/300] loss 166.77 | compact 14.1026 | spectral 19.8492 | recons_loss: 0.232791 | sparse_loss: 1.03628 | 
2025-07-21 03:01:23,007 [INFO] [Iter 35] LR: 0.02500000
2025-07-21 03:01:23,009 [INFO] No improvement: current loss 166.770071, best loss 164.901461
2025-07-21 03:01:23,608 [INFO] [36/300] loss 166.488 | compact 14.1078 | spectral 19.5825 | recons_loss: 0.232672 | sparse_loss: 1.03622 | 
2025-07-21 03:01:23,609 [INFO] [Iter 36] LR: 0.02500000
2025-07-21 03:01:23,610 [INFO] No improvement: current loss 166.487593, best loss 164.901461
2025-07-21 03:01:24,207 [INFO] [37/300] loss 166.232 | compact 14.1131 | spectral 19.342 | recons_loss: 0.232563 | sparse_loss: 1.03616 | 
2025-07-21 03:01:24,208 [INFO] [Iter 37] LR: 0.02500000
2025-07-21 03:01:24,209 [INFO] No improvement: current loss 166.231890, best loss 164.901461
2025-07-21 03:01:24,808 [INFO] [38/300] loss 166 | compact 14.1186 | spectral 19.1247 | recons_loss: 0.232461 | sparse_loss: 1.0361 | 
2025-07-21 03:01:24,808 [INFO] [Iter 38] LR: 0.02500000
2025-07-21 03:01:24,809 [INFO] No improvement: current loss 166.000162, best loss 164.901461
2025-07-21 03:01:25,419 [INFO] [39/300] loss 165.791 | compact 14.1234 | spectral 18.9296 | recons_loss: 0.232368 | sparse_loss: 1.03605 | 
2025-07-21 03:01:25,419 [INFO] [Iter 39] LR: 0.02500000
2025-07-21 03:01:25,420 [INFO] No improvement: current loss 165.791195, best loss 164.901461
2025-07-21 03:01:26,018 [INFO] [40/300] loss 165.602 | compact 14.1281 | spectral 18.7537 | recons_loss: 0.232282 | sparse_loss: 1.03599 | 
2025-07-21 03:01:26,018 [INFO] [Iter 40] LR: 0.02500000
2025-07-21 03:01:26,019 [INFO] No improvement: current loss 165.602032, best loss 164.901461
2025-07-21 03:01:26,617 [INFO] [41/300] loss 165.431 | compact 14.1322 | spectral 18.5953 | recons_loss: 0.232201 | sparse_loss: 1.03594 | 
2025-07-21 03:01:26,617 [INFO] [Iter 41] LR: 0.02500000
2025-07-21 03:01:26,619 [INFO] No improvement: current loss 165.430763, best loss 164.901461
2025-07-21 03:01:27,237 [INFO] [42/300] loss 165.277 | compact 14.136 | spectral 18.4534 | recons_loss: 0.232127 | sparse_loss: 1.03589 | 
2025-07-21 03:01:27,238 [INFO] [Iter 42] LR: 0.02500000
2025-07-21 03:01:27,240 [INFO] No improvement: current loss 165.276888, best loss 164.901461
2025-07-21 03:01:27,842 [INFO] [43/300] loss 165.137 | compact 14.1393 | spectral 18.3255 | recons_loss: 0.232059 | sparse_loss: 1.03585 | 
2025-07-21 03:01:27,842 [INFO] [Iter 43] LR: 0.02500000
2025-07-21 03:01:27,844 [INFO] No improvement: current loss 165.137314, best loss 164.901461
2025-07-21 03:01:28,441 [INFO] [44/300] loss 165.012 | compact 14.1416 | spectral 18.2113 | recons_loss: 0.231998 | sparse_loss: 1.03581 | 
2025-07-21 03:01:28,442 [INFO] [Iter 44] LR: 0.01250000
2025-07-21 03:01:28,443 [INFO] No improvement: current loss 165.011716, best loss 164.901461
2025-07-21 03:01:29,041 [INFO] [45/300] loss 164.898 | compact 14.1439 | spectral 18.1083 | recons_loss: 0.231944 | sparse_loss: 1.03577 | 
2025-07-21 03:01:29,041 [INFO] [Iter 45] LR: 0.01250000
2025-07-21 03:01:29,042 [INFO] Saving best model at iteration 45
2025-07-21 03:01:29,660 [INFO] [46/300] loss 164.795 | compact 14.1461 | spectral 18.0155 | recons_loss: 0.231896 | sparse_loss: 1.03574 | 
2025-07-21 03:01:29,660 [INFO] [Iter 46] LR: 0.01250000
2025-07-21 03:01:29,661 [INFO] Saving best model at iteration 46
2025-07-21 03:01:30,262 [INFO] [47/300] loss 164.702 | compact 14.148 | spectral 17.9322 | recons_loss: 0.23185 | sparse_loss: 1.03571 | 
2025-07-21 03:01:30,263 [INFO] [Iter 47] LR: 0.01250000
2025-07-21 03:01:30,264 [INFO] Saving best model at iteration 47
2025-07-21 03:01:30,871 [INFO] [48/300] loss 164.618 | compact 14.1495 | spectral 17.8577 | recons_loss: 0.231809 | sparse_loss: 1.03569 | 
2025-07-21 03:01:30,872 [INFO] [Iter 48] LR: 0.00625000
2025-07-21 03:01:30,873 [INFO] Saving best model at iteration 48
2025-07-21 03:01:31,472 [INFO] [49/300] loss 164.543 | compact 14.1511 | spectral 17.7904 | recons_loss: 0.231774 | sparse_loss: 1.03566 | 
2025-07-21 03:01:31,472 [INFO] [Iter 49] LR: 0.00625000
2025-07-21 03:01:31,474 [INFO] Saving best model at iteration 49
2025-07-21 03:01:31,662 [INFO] H: 600, W: 166
2025-07-21 03:01:31,772 [INFO] [0 1 2 3 4 5]
2025-07-21 03:01:32,075 [INFO] y_target: [1 2 3 4 5 6]
2025-07-21 03:01:32,075 [INFO] y_predict: [0 1 2 3 4 5]
2025-07-21 03:01:32,164 [INFO] Epoch = 50 OA = 0.8503 Kappa = 0.8000 NMI = 0.8036
2025-07-21 03:01:32,641 [INFO] [50/300] loss 164.474 | compact 14.1524 | spectral 17.7299 | recons_loss: 0.231742 | sparse_loss: 1.03564 | 
2025-07-21 03:01:32,641 [INFO] [Iter 50] LR: 0.00625000
2025-07-21 03:01:32,642 [INFO] Saving best model at iteration 50
2025-07-21 03:01:33,255 [INFO] [51/300] loss 164.413 | compact 14.1536 | spectral 17.6754 | recons_loss: 0.231712 | sparse_loss: 1.03562 | 
2025-07-21 03:01:33,256 [INFO] [Iter 51] LR: 0.00312500
2025-07-21 03:01:33,257 [INFO] Saving best model at iteration 51
2025-07-21 03:01:33,855 [INFO] [52/300] loss 164.356 | compact 14.1553 | spectral 17.6257 | recons_loss: 0.231686 | sparse_loss: 1.03561 | 
2025-07-21 03:01:33,855 [INFO] [Iter 52] LR: 0.00312500
2025-07-21 03:01:33,857 [INFO] Saving best model at iteration 52
2025-07-21 03:01:34,472 [INFO] [53/300] loss 164.305 | compact 14.1571 | spectral 17.5808 | recons_loss: 0.231664 | sparse_loss: 1.03559 | 
2025-07-21 03:01:34,472 [INFO] [Iter 53] LR: 0.00312500
2025-07-21 03:01:34,473 [INFO] Saving best model at iteration 53
2025-07-21 03:01:35,076 [INFO] [54/300] loss 164.259 | compact 14.1591 | spectral 17.5402 | recons_loss: 0.231644 | sparse_loss: 1.03558 | 
2025-07-21 03:01:35,076 [INFO] [Iter 54] LR: 0.00312500
2025-07-21 03:01:35,077 [INFO] Saving best model at iteration 54
2025-07-21 03:01:35,678 [INFO] [55/300] loss 164.221 | compact 14.1616 | spectral 17.5074 | recons_loss: 0.231633 | sparse_loss: 1.03556 | 
2025-07-21 03:01:35,679 [INFO] [Iter 55] LR: 0.00156250
2025-07-21 03:01:35,680 [INFO] Saving best model at iteration 55
2025-07-21 03:01:36,279 [INFO] [56/300] loss 164.187 | compact 14.1639 | spectral 17.4779 | recons_loss: 0.231624 | sparse_loss: 1.03555 | 
2025-07-21 03:01:36,279 [INFO] [Iter 56] LR: 0.00156250
2025-07-21 03:01:36,280 [INFO] Saving best model at iteration 56
2025-07-21 03:01:36,887 [INFO] [57/300] loss 164.157 | compact 14.1659 | spectral 17.4514 | recons_loss: 0.231615 | sparse_loss: 1.03554 | 
2025-07-21 03:01:36,887 [INFO] [Iter 57] LR: 0.00156250
2025-07-21 03:01:36,889 [INFO] Saving best model at iteration 57
2025-07-21 03:01:37,486 [INFO] [58/300] loss 164.13 | compact 14.1678 | spectral 17.4276 | recons_loss: 0.231607 | sparse_loss: 1.03553 | 
2025-07-21 03:01:37,487 [INFO] [Iter 58] LR: 0.00078125
2025-07-21 03:01:37,488 [INFO] Saving best model at iteration 58
2025-07-21 03:01:38,095 [INFO] [59/300] loss 164.105 | compact 14.1694 | spectral 17.4065 | recons_loss: 0.2316 | sparse_loss: 1.03552 | 
2025-07-21 03:01:38,096 [INFO] [Iter 59] LR: 0.00078125
2025-07-21 03:01:38,097 [INFO] Saving best model at iteration 59
2025-07-21 03:01:38,695 [INFO] [60/300] loss 164.083 | compact 14.1709 | spectral 17.3876 | recons_loss: 0.231594 | sparse_loss: 1.03551 | 
2025-07-21 03:01:38,695 [INFO] [Iter 60] LR: 0.00078125
2025-07-21 03:01:38,696 [INFO] Saving best model at iteration 60
2025-07-21 03:01:39,294 [INFO] [61/300] loss 164.064 | compact 14.1722 | spectral 17.3705 | recons_loss: 0.231589 | sparse_loss: 1.0355 | 
2025-07-21 03:01:39,294 [INFO] [Iter 61] LR: 0.00039063
2025-07-21 03:01:39,295 [INFO] Saving best model at iteration 61
2025-07-21 03:01:39,893 [INFO] [62/300] loss 164.046 | compact 14.1735 | spectral 17.3552 | recons_loss: 0.231584 | sparse_loss: 1.03549 | 
2025-07-21 03:01:39,893 [INFO] [Iter 62] LR: 0.00039063
2025-07-21 03:01:39,894 [INFO] Saving best model at iteration 62
2025-07-21 03:01:40,493 [INFO] [63/300] loss 164.03 | compact 14.1745 | spectral 17.3414 | recons_loss: 0.231579 | sparse_loss: 1.03548 | 
2025-07-21 03:01:40,494 [INFO] [Iter 63] LR: 0.00039063
2025-07-21 03:01:40,495 [INFO] Saving best model at iteration 63
2025-07-21 03:01:41,095 [INFO] [64/300] loss 164.015 | compact 14.1755 | spectral 17.3289 | recons_loss: 0.231575 | sparse_loss: 1.03547 | 
2025-07-21 03:01:41,096 [INFO] [Iter 64] LR: 0.00019531
2025-07-21 03:01:41,097 [INFO] Saving best model at iteration 64
2025-07-21 03:01:41,695 [INFO] [65/300] loss 164.002 | compact 14.1763 | spectral 17.3177 | recons_loss: 0.231571 | sparse_loss: 1.03547 | 
2025-07-21 03:01:41,695 [INFO] [Iter 65] LR: 0.00019531
2025-07-21 03:01:41,696 [INFO] Saving best model at iteration 65
2025-07-21 03:01:42,298 [INFO] [66/300] loss 163.99 | compact 14.1771 | spectral 17.3077 | recons_loss: 0.231568 | sparse_loss: 1.03546 | 
2025-07-21 03:01:42,298 [INFO] [Iter 66] LR: 0.00019531
2025-07-21 03:01:42,301 [INFO] Saving best model at iteration 66
2025-07-21 03:01:42,899 [INFO] [67/300] loss 163.98 | compact 14.1778 | spectral 17.2986 | recons_loss: 0.231564 | sparse_loss: 1.03546 | 
2025-07-21 03:01:42,900 [INFO] [Iter 67] LR: 0.00009766
2025-07-21 03:01:42,901 [INFO] Saving best model at iteration 67
2025-07-21 03:01:43,513 [INFO] [68/300] loss 163.97 | compact 14.1784 | spectral 17.2905 | recons_loss: 0.231561 | sparse_loss: 1.03545 | 
2025-07-21 03:01:43,513 [INFO] [Iter 68] LR: 0.00009766
2025-07-21 03:01:43,515 [INFO] Saving best model at iteration 68
2025-07-21 03:01:44,120 [INFO] [69/300] loss 163.962 | compact 14.179 | spectral 17.2831 | recons_loss: 0.231559 | sparse_loss: 1.03545 | 
2025-07-21 03:01:44,120 [INFO] [Iter 69] LR: 0.00009766
2025-07-21 03:01:44,121 [INFO] Saving best model at iteration 69
2025-07-21 03:01:44,723 [INFO] [70/300] loss 163.954 | compact 14.1795 | spectral 17.2765 | recons_loss: 0.231557 | sparse_loss: 1.03544 | 
2025-07-21 03:01:44,724 [INFO] [Iter 70] LR: 0.00004883
2025-07-21 03:01:44,725 [INFO] Saving best model at iteration 70
2025-07-21 03:01:45,324 [INFO] [71/300] loss 163.947 | compact 14.18 | spectral 17.2706 | recons_loss: 0.231554 | sparse_loss: 1.03544 | 
2025-07-21 03:01:45,324 [INFO] [Iter 71] LR: 0.00004883
2025-07-21 03:01:45,326 [INFO] Saving best model at iteration 71
2025-07-21 03:01:45,927 [INFO] [72/300] loss 163.941 | compact 14.1804 | spectral 17.2652 | recons_loss: 0.231552 | sparse_loss: 1.03544 | 
2025-07-21 03:01:45,927 [INFO] [Iter 72] LR: 0.00004883
2025-07-21 03:01:45,929 [INFO] Saving best model at iteration 72
2025-07-21 03:01:46,545 [INFO] [73/300] loss 163.935 | compact 14.1808 | spectral 17.2604 | recons_loss: 0.231551 | sparse_loss: 1.03543 | 
2025-07-21 03:01:46,545 [INFO] [Iter 73] LR: 0.00002441
2025-07-21 03:01:46,546 [INFO] Saving best model at iteration 73
2025-07-21 03:01:47,145 [INFO] [74/300] loss 163.93 | compact 14.1811 | spectral 17.256 | recons_loss: 0.231549 | sparse_loss: 1.03543 | 
2025-07-21 03:01:47,145 [INFO] [Iter 74] LR: 0.00002441
2025-07-21 03:01:47,146 [INFO] Saving best model at iteration 74
2025-07-21 03:01:47,758 [INFO] [75/300] loss 163.925 | compact 14.1814 | spectral 17.2521 | recons_loss: 0.231548 | sparse_loss: 1.03543 | 
2025-07-21 03:01:47,758 [INFO] [Iter 75] LR: 0.00002441
2025-07-21 03:01:47,759 [INFO] Saving best model at iteration 75
2025-07-21 03:01:48,357 [INFO] [76/300] loss 163.921 | compact 14.1817 | spectral 17.2486 | recons_loss: 0.231547 | sparse_loss: 1.03543 | 
2025-07-21 03:01:48,357 [INFO] [Iter 76] LR: 0.00001221
2025-07-21 03:01:48,359 [INFO] Saving best model at iteration 76
2025-07-21 03:01:48,971 [INFO] [77/300] loss 163.917 | compact 14.1819 | spectral 17.2455 | recons_loss: 0.231545 | sparse_loss: 1.03542 | 
2025-07-21 03:01:48,971 [INFO] [Iter 77] LR: 0.00001221
2025-07-21 03:01:48,973 [INFO] Saving best model at iteration 77
2025-07-21 03:01:49,570 [INFO] [78/300] loss 163.914 | compact 14.1822 | spectral 17.2426 | recons_loss: 0.231544 | sparse_loss: 1.03542 | 
2025-07-21 03:01:49,571 [INFO] [Iter 78] LR: 0.00001221
2025-07-21 03:01:49,572 [INFO] Saving best model at iteration 78
2025-07-21 03:01:50,172 [INFO] [79/300] loss 163.911 | compact 14.1824 | spectral 17.2401 | recons_loss: 0.231543 | sparse_loss: 1.03542 | 
2025-07-21 03:01:50,172 [INFO] [Iter 79] LR: 0.00000610
2025-07-21 03:01:50,173 [INFO] Saving best model at iteration 79
2025-07-21 03:01:50,788 [INFO] [80/300] loss 163.908 | compact 14.1825 | spectral 17.2378 | recons_loss: 0.231543 | sparse_loss: 1.03542 | 
2025-07-21 03:01:50,788 [INFO] [Iter 80] LR: 0.00000610
2025-07-21 03:01:50,789 [INFO] Saving best model at iteration 80
2025-07-21 03:01:51,397 [INFO] [81/300] loss 163.906 | compact 14.1827 | spectral 17.2357 | recons_loss: 0.231542 | sparse_loss: 1.03542 | 
2025-07-21 03:01:51,397 [INFO] [Iter 81] LR: 0.00000610
2025-07-21 03:01:51,400 [INFO] Saving best model at iteration 81
2025-07-21 03:01:51,999 [INFO] [82/300] loss 163.904 | compact 14.1828 | spectral 17.2338 | recons_loss: 0.231541 | sparse_loss: 1.03542 | 
2025-07-21 03:01:51,999 [INFO] [Iter 82] LR: 0.00000305
2025-07-21 03:01:52,000 [INFO] Saving best model at iteration 82
2025-07-21 03:01:52,609 [INFO] [83/300] loss 163.902 | compact 14.183 | spectral 17.2321 | recons_loss: 0.231541 | sparse_loss: 1.03542 | 
2025-07-21 03:01:52,609 [INFO] [Iter 83] LR: 0.00000305
2025-07-21 03:01:52,611 [INFO] Saving best model at iteration 83
2025-07-21 03:01:53,216 [INFO] [84/300] loss 163.9 | compact 14.1831 | spectral 17.2306 | recons_loss: 0.23154 | sparse_loss: 1.03542 | 
2025-07-21 03:01:53,216 [INFO] [Iter 84] LR: 0.00000305
2025-07-21 03:01:53,218 [INFO] Saving best model at iteration 84
2025-07-21 03:01:53,834 [INFO] [85/300] loss 163.898 | compact 14.1832 | spectral 17.2293 | recons_loss: 0.23154 | sparse_loss: 1.03541 | 
2025-07-21 03:01:53,835 [INFO] [Iter 85] LR: 0.00000153
2025-07-21 03:01:53,836 [INFO] Saving best model at iteration 85
2025-07-21 03:01:54,437 [INFO] [86/300] loss 163.897 | compact 14.1833 | spectral 17.2281 | recons_loss: 0.231539 | sparse_loss: 1.03541 | 
2025-07-21 03:01:54,437 [INFO] [Iter 86] LR: 0.00000153
2025-07-21 03:01:54,438 [INFO] Saving best model at iteration 86
2025-07-21 03:01:55,048 [INFO] [87/300] loss 163.896 | compact 14.1834 | spectral 17.227 | recons_loss: 0.231539 | sparse_loss: 1.03541 | 
2025-07-21 03:01:55,049 [INFO] [Iter 87] LR: 0.00000153
2025-07-21 03:01:55,051 [INFO] Saving best model at iteration 87
2025-07-21 03:01:55,662 [INFO] [88/300] loss 163.894 | compact 14.1835 | spectral 17.226 | recons_loss: 0.231538 | sparse_loss: 1.03541 | 
2025-07-21 03:01:55,662 [INFO] [Iter 88] LR: 0.00000076
2025-07-21 03:01:55,664 [INFO] Saving best model at iteration 88
2025-07-21 03:01:56,262 [INFO] [89/300] loss 163.893 | compact 14.1835 | spectral 17.2251 | recons_loss: 0.231538 | sparse_loss: 1.03541 | 
2025-07-21 03:01:56,263 [INFO] [Iter 89] LR: 0.00000076
2025-07-21 03:01:56,265 [INFO] Saving best model at iteration 89
2025-07-21 03:01:56,867 [INFO] [90/300] loss 163.892 | compact 14.1836 | spectral 17.2243 | recons_loss: 0.231538 | sparse_loss: 1.03541 | 
2025-07-21 03:01:56,868 [INFO] [Iter 90] LR: 0.00000076
2025-07-21 03:01:56,869 [INFO] Saving best model at iteration 90
2025-07-21 03:01:57,476 [INFO] [91/300] loss 163.892 | compact 14.1836 | spectral 17.2235 | recons_loss: 0.231537 | sparse_loss: 1.03541 | 
2025-07-21 03:01:57,477 [INFO] [Iter 91] LR: 0.00000038
2025-07-21 03:01:57,478 [INFO] Saving best model at iteration 91
2025-07-21 03:01:58,083 [INFO] [92/300] loss 163.891 | compact 14.1837 | spectral 17.2229 | recons_loss: 0.231537 | sparse_loss: 1.03541 | 
2025-07-21 03:01:58,083 [INFO] [Iter 92] LR: 0.00000038
2025-07-21 03:01:58,084 [INFO] Saving best model at iteration 92
2025-07-21 03:01:58,699 [INFO] [93/300] loss 163.89 | compact 14.1837 | spectral 17.2223 | recons_loss: 0.231537 | sparse_loss: 1.03541 | 
2025-07-21 03:01:58,699 [INFO] [Iter 93] LR: 0.00000038
2025-07-21 03:01:58,700 [INFO] Saving best model at iteration 93
2025-07-21 03:01:59,298 [INFO] [94/300] loss 163.89 | compact 14.1838 | spectral 17.2218 | recons_loss: 0.231537 | sparse_loss: 1.03541 | 
2025-07-21 03:01:59,299 [INFO] [Iter 94] LR: 0.00000019
2025-07-21 03:01:59,300 [INFO] Saving best model at iteration 94
2025-07-21 03:01:59,898 [INFO] [95/300] loss 163.889 | compact 14.1838 | spectral 17.2213 | recons_loss: 0.231537 | sparse_loss: 1.03541 | 
2025-07-21 03:01:59,898 [INFO] [Iter 95] LR: 0.00000019
2025-07-21 03:01:59,899 [INFO] Saving best model at iteration 95
2025-07-21 03:02:00,500 [INFO] [96/300] loss 163.889 | compact 14.1839 | spectral 17.2209 | recons_loss: 0.231536 | sparse_loss: 1.03541 | 
2025-07-21 03:02:00,500 [INFO] [Iter 96] LR: 0.00000019
2025-07-21 03:02:00,501 [INFO] Saving best model at iteration 96
2025-07-21 03:02:01,101 [INFO] [97/300] loss 163.888 | compact 14.1839 | spectral 17.2205 | recons_loss: 0.231536 | sparse_loss: 1.03541 | 
2025-07-21 03:02:01,102 [INFO] [Iter 97] LR: 0.00000010
2025-07-21 03:02:01,104 [INFO] Saving best model at iteration 97
2025-07-21 03:02:01,702 [INFO] [98/300] loss 163.888 | compact 14.1839 | spectral 17.2201 | recons_loss: 0.231536 | sparse_loss: 1.03541 | 
2025-07-21 03:02:01,703 [INFO] [Iter 98] LR: 0.00000010
2025-07-21 03:02:01,704 [INFO] Saving best model at iteration 98
2025-07-21 03:02:02,303 [INFO] [99/300] loss 163.887 | compact 14.1839 | spectral 17.2198 | recons_loss: 0.231536 | sparse_loss: 1.03541 | 
2025-07-21 03:02:02,304 [INFO] [Iter 99] LR: 0.00000010
2025-07-21 03:02:02,305 [INFO] Saving best model at iteration 99
2025-07-21 03:02:02,492 [INFO] H: 600, W: 166
2025-07-21 03:02:02,603 [INFO] [0 1 2 3 4 5]
2025-07-21 03:02:02,710 [INFO] y_target: [1 2 3 4 5 6]
2025-07-21 03:02:02,710 [INFO] y_predict: [0 1 2 3 4 5]
2025-07-21 03:02:02,798 [INFO] Epoch = 100 OA = 0.8742 Kappa = 0.8314 NMI = 0.8128
2025-07-21 03:02:03,276 [INFO] [100/300] loss 163.887 | compact 14.184 | spectral 17.2196 | recons_loss: 0.231536 | sparse_loss: 1.03541 | 
2025-07-21 03:02:03,276 [INFO] [Iter 100] LR: 0.00000005
2025-07-21 03:02:03,277 [INFO] Saving best model at iteration 100
2025-07-21 03:02:03,884 [INFO] [101/300] loss 163.887 | compact 14.184 | spectral 17.2193 | recons_loss: 0.231536 | sparse_loss: 1.03541 | 
2025-07-21 03:02:03,884 [INFO] [Iter 101] LR: 0.00000005
2025-07-21 03:02:03,887 [INFO] Saving best model at iteration 101
2025-07-21 03:02:04,496 [INFO] [102/300] loss 163.886 | compact 14.184 | spectral 17.2191 | recons_loss: 0.231536 | sparse_loss: 1.03541 | 
2025-07-21 03:02:04,496 [INFO] [Iter 102] LR: 0.00000005
2025-07-21 03:02:04,497 [INFO] Saving best model at iteration 102
2025-07-21 03:02:05,095 [INFO] [103/300] loss 163.886 | compact 14.184 | spectral 17.2189 | recons_loss: 0.231536 | sparse_loss: 1.03541 | 
2025-07-21 03:02:05,095 [INFO] [Iter 103] LR: 0.00000002
2025-07-21 03:02:05,096 [INFO] Saving best model at iteration 103
2025-07-21 03:02:05,694 [INFO] [104/300] loss 163.886 | compact 14.184 | spectral 17.2187 | recons_loss: 0.231536 | sparse_loss: 1.03541 | 
2025-07-21 03:02:05,694 [INFO] [Iter 104] LR: 0.00000002
2025-07-21 03:02:05,695 [INFO] Saving best model at iteration 104
2025-07-21 03:02:06,293 [INFO] [105/300] loss 163.886 | compact 14.184 | spectral 17.2185 | recons_loss: 0.231536 | sparse_loss: 1.03541 | 
2025-07-21 03:02:06,294 [INFO] [Iter 105] LR: 0.00000002
2025-07-21 03:02:06,296 [INFO] Saving best model at iteration 105
2025-07-21 03:02:06,909 [INFO] [106/300] loss 163.886 | compact 14.1841 | spectral 17.2184 | recons_loss: 0.231536 | sparse_loss: 1.03541 | 
2025-07-21 03:02:06,909 [INFO] [Iter 106] LR: 0.00000001
2025-07-21 03:02:06,910 [INFO] Saving best model at iteration 106
2025-07-21 03:02:07,525 [INFO] [107/300] loss 163.885 | compact 14.1841 | spectral 17.2182 | recons_loss: 0.231536 | sparse_loss: 1.03541 | 
2025-07-21 03:02:07,526 [INFO] [Iter 107] LR: 0.00000001
2025-07-21 03:02:07,527 [INFO] Saving best model at iteration 107
2025-07-21 03:02:08,127 [INFO] [108/300] loss 163.885 | compact 14.1841 | spectral 17.2181 | recons_loss: 0.231535 | sparse_loss: 1.03541 | 
2025-07-21 03:02:08,127 [INFO] [Iter 108] LR: 0.00000001
2025-07-21 03:02:08,128 [INFO] Saving best model at iteration 108
2025-07-21 03:02:08,727 [INFO] [109/300] loss 163.885 | compact 14.1841 | spectral 17.218 | recons_loss: 0.231535 | sparse_loss: 1.03541 | 
2025-07-21 03:02:08,727 [INFO] [Iter 109] LR: 0.00000001
2025-07-21 03:02:08,728 [INFO] Saving best model at iteration 109
2025-07-21 03:02:09,326 [INFO] [110/300] loss 163.885 | compact 14.1841 | spectral 17.2179 | recons_loss: 0.231535 | sparse_loss: 1.03541 | 
2025-07-21 03:02:09,326 [INFO] [Iter 110] LR: 0.00000001
2025-07-21 03:02:09,328 [INFO] Saving best model at iteration 110
2025-07-21 03:02:09,926 [INFO] [111/300] loss 163.885 | compact 14.1841 | spectral 17.2178 | recons_loss: 0.231535 | sparse_loss: 1.03541 | 
2025-07-21 03:02:09,927 [INFO] [Iter 111] LR: 0.00000001
2025-07-21 03:02:09,928 [INFO] Saving best model at iteration 111
2025-07-21 03:02:10,526 [INFO] [112/300] loss 190.612 | compact 14.1841 | spectral 43.9449 | recons_loss: 0.231535 | sparse_loss: 1.03541 | 
2025-07-21 03:02:10,526 [INFO] [Iter 112] LR: 0.00000001
2025-07-21 03:02:10,528 [INFO] No improvement: current loss 190.611987, best loss 163.884908
2025-07-21 03:02:11,125 [INFO] [113/300] loss 187.939 | compact 14.1841 | spectral 41.2721 | recons_loss: 0.231535 | sparse_loss: 1.03541 | 
2025-07-21 03:02:11,125 [INFO] [Iter 113] LR: 0.00000001
2025-07-21 03:02:11,126 [INFO] No improvement: current loss 187.939187, best loss 163.884908
2025-07-21 03:02:11,724 [INFO] [114/300] loss 185.534 | compact 14.1841 | spectral 38.8666 | recons_loss: 0.231535 | sparse_loss: 1.03541 | 
2025-07-21 03:02:11,725 [INFO] [Iter 114] LR: 0.00000001
2025-07-21 03:02:11,727 [INFO] No improvement: current loss 185.533666, best loss 163.884908
2025-07-21 03:02:12,331 [INFO] [115/300] loss 183.369 | compact 14.1841 | spectral 36.7017 | recons_loss: 0.231535 | sparse_loss: 1.03541 | 
2025-07-21 03:02:12,332 [INFO] [Iter 115] LR: 0.00000001
2025-07-21 03:02:12,334 [INFO] No improvement: current loss 183.368698, best loss 163.884908
2025-07-21 03:02:12,944 [INFO] [116/300] loss 208.147 | compact 14.1841 | spectral 61.4804 | recons_loss: 0.231535 | sparse_loss: 1.03541 | 
2025-07-21 03:02:12,945 [INFO] [Iter 116] LR: 0.00000001
2025-07-21 03:02:12,946 [INFO] No improvement: current loss 208.147401, best loss 163.884908
2025-07-21 03:02:13,545 [INFO] [117/300] loss 230.448 | compact 14.1841 | spectral 83.7812 | recons_loss: 0.231535 | sparse_loss: 1.03541 | 
2025-07-21 03:02:13,545 [INFO] [Iter 117] LR: 0.00000001
2025-07-21 03:02:13,546 [INFO] No improvement: current loss 230.448234, best loss 163.884908
2025-07-21 03:02:14,147 [INFO] [118/300] loss 223.792 | compact 14.1841 | spectral 77.1248 | recons_loss: 0.231535 | sparse_loss: 1.03541 | 
2025-07-21 03:02:14,147 [INFO] [Iter 118] LR: 0.00000001
2025-07-21 03:02:14,148 [INFO] No improvement: current loss 223.791808, best loss 163.884908
2025-07-21 03:02:14,748 [INFO] [119/300] loss 217.801 | compact 14.1841 | spectral 71.134 | recons_loss: 0.231535 | sparse_loss: 1.03541 | 
2025-07-21 03:02:14,748 [INFO] [Iter 119] LR: 0.00000001
2025-07-21 03:02:14,750 [INFO] No improvement: current loss 217.801026, best loss 163.884908
2025-07-21 03:02:15,373 [INFO] [120/300] loss 212.409 | compact 14.1841 | spectral 65.7423 | recons_loss: 0.231535 | sparse_loss: 1.03541 | 
2025-07-21 03:02:15,374 [INFO] [Iter 120] LR: 0.00000001
2025-07-21 03:02:15,375 [INFO] No improvement: current loss 212.409321, best loss 163.884908
2025-07-21 03:02:15,979 [INFO] [121/300] loss 207.557 | compact 14.1841 | spectral 60.8898 | recons_loss: 0.231535 | sparse_loss: 1.03541 | 
2025-07-21 03:02:15,980 [INFO] [Iter 121] LR: 0.00000001
2025-07-21 03:02:15,981 [INFO] No improvement: current loss 207.556786, best loss 163.884908
2025-07-21 03:02:16,579 [INFO] [122/300] loss 203.19 | compact 14.1841 | spectral 56.5225 | recons_loss: 0.231535 | sparse_loss: 1.03541 | 
2025-07-21 03:02:16,579 [INFO] [Iter 122] LR: 0.00000001
2025-07-21 03:02:16,581 [INFO] No improvement: current loss 203.189504, best loss 163.884908
2025-07-21 03:02:17,180 [INFO] [123/300] loss 199.259 | compact 14.1841 | spectral 52.592 | recons_loss: 0.231535 | sparse_loss: 1.03541 | 
2025-07-21 03:02:17,180 [INFO] [Iter 123] LR: 0.00000001
2025-07-21 03:02:17,182 [INFO] No improvement: current loss 199.258951, best loss 163.884908
2025-07-21 03:02:17,780 [INFO] [124/300] loss 195.721 | compact 14.1841 | spectral 49.0545 | recons_loss: 0.231535 | sparse_loss: 1.03541 | 
2025-07-21 03:02:17,780 [INFO] [Iter 124] LR: 0.00000001
2025-07-21 03:02:17,781 [INFO] No improvement: current loss 195.721453, best loss 163.884908
2025-07-21 03:02:18,381 [INFO] [125/300] loss 192.538 | compact 14.1841 | spectral 45.8707 | recons_loss: 0.231535 | sparse_loss: 1.03541 | 
2025-07-21 03:02:18,381 [INFO] [Iter 125] LR: 0.00000001
2025-07-21 03:02:18,382 [INFO] No improvement: current loss 192.537705, best loss 163.884908
2025-07-21 03:02:18,992 [INFO] [126/300] loss 189.672 | compact 14.1841 | spectral 43.0054 | recons_loss: 0.231535 | sparse_loss: 1.03541 | 
2025-07-21 03:02:18,993 [INFO] [Iter 126] LR: 0.00000001
2025-07-21 03:02:18,995 [INFO] No improvement: current loss 189.672330, best loss 163.884908
2025-07-21 03:02:19,596 [INFO] [127/300] loss 187.093 | compact 14.1841 | spectral 40.4265 | recons_loss: 0.231535 | sparse_loss: 1.03541 | 
2025-07-21 03:02:19,596 [INFO] [Iter 127] LR: 0.00000001
2025-07-21 03:02:19,598 [INFO] No improvement: current loss 187.093496, best loss 163.884908
2025-07-21 03:02:20,195 [INFO] [128/300] loss 184.773 | compact 14.1841 | spectral 38.1056 | recons_loss: 0.231535 | sparse_loss: 1.03541 | 
2025-07-21 03:02:20,196 [INFO] [Iter 128] LR: 0.00000001
2025-07-21 03:02:20,197 [INFO] No improvement: current loss 184.772544, best loss 163.884908
2025-07-21 03:02:20,795 [INFO] [129/300] loss 182.684 | compact 14.1841 | spectral 36.0167 | recons_loss: 0.231535 | sparse_loss: 1.03541 | 
2025-07-21 03:02:20,795 [INFO] [Iter 129] LR: 0.00000001
2025-07-21 03:02:20,796 [INFO] No improvement: current loss 182.683688, best loss 163.884908
2025-07-21 03:02:21,408 [INFO] [130/300] loss 180.804 | compact 14.1841 | spectral 34.1368 | recons_loss: 0.231535 | sparse_loss: 1.03541 | 
2025-07-21 03:02:21,408 [INFO] [Iter 130] LR: 0.00000001
2025-07-21 03:02:21,409 [INFO] No improvement: current loss 180.803716, best loss 163.884908
2025-07-21 03:02:22,019 [INFO] [131/300] loss 179.112 | compact 14.1841 | spectral 32.4448 | recons_loss: 0.231535 | sparse_loss: 1.03541 | 
2025-07-21 03:02:22,019 [INFO] [Iter 131] LR: 0.00000001
2025-07-21 03:02:22,020 [INFO] No improvement: current loss 179.111742, best loss 163.884908
2025-07-21 03:02:22,627 [INFO] [132/300] loss 177.589 | compact 14.1841 | spectral 30.922 | recons_loss: 0.231535 | sparse_loss: 1.03541 | 
2025-07-21 03:02:22,628 [INFO] [Iter 132] LR: 0.00000001
2025-07-21 03:02:22,629 [INFO] No improvement: current loss 177.588967, best loss 163.884908
2025-07-21 03:02:23,228 [INFO] [133/300] loss 176.218 | compact 14.1841 | spectral 29.5515 | recons_loss: 0.231535 | sparse_loss: 1.03541 | 
2025-07-21 03:02:23,228 [INFO] [Iter 133] LR: 0.00000001
2025-07-21 03:02:23,229 [INFO] No improvement: current loss 176.218469, best loss 163.884908
2025-07-21 03:02:23,827 [INFO] [134/300] loss 174.985 | compact 14.1842 | spectral 28.3181 | recons_loss: 0.231535 | sparse_loss: 1.03541 | 
2025-07-21 03:02:23,828 [INFO] [Iter 134] LR: 0.00000001
2025-07-21 03:02:23,829 [INFO] No improvement: current loss 174.985019, best loss 163.884908
2025-07-21 03:02:24,435 [INFO] [135/300] loss 173.875 | compact 14.1842 | spectral 27.208 | recons_loss: 0.231535 | sparse_loss: 1.03541 | 
2025-07-21 03:02:24,436 [INFO] [Iter 135] LR: 0.00000001
2025-07-21 03:02:24,437 [INFO] No improvement: current loss 173.874914, best loss 163.884908
2025-07-21 03:02:25,035 [INFO] [136/300] loss 172.876 | compact 14.1842 | spectral 26.2089 | recons_loss: 0.231535 | sparse_loss: 1.03541 | 
2025-07-21 03:02:25,035 [INFO] [Iter 136] LR: 0.00000001
2025-07-21 03:02:25,036 [INFO] No improvement: current loss 172.875820, best loss 163.884908
2025-07-21 03:02:25,634 [INFO] [137/300] loss 171.977 | compact 14.1842 | spectral 25.3097 | recons_loss: 0.231535 | sparse_loss: 1.03541 | 
2025-07-21 03:02:25,634 [INFO] [Iter 137] LR: 0.00000001
2025-07-21 03:02:25,636 [INFO] No improvement: current loss 171.976637, best loss 163.884908
2025-07-21 03:02:26,234 [INFO] [138/300] loss 171.167 | compact 14.1842 | spectral 24.5004 | recons_loss: 0.231535 | sparse_loss: 1.03541 | 
2025-07-21 03:02:26,234 [INFO] [Iter 138] LR: 0.00000001
2025-07-21 03:02:26,235 [INFO] No improvement: current loss 171.167370, best loss 163.884908
2025-07-21 03:02:26,833 [INFO] [139/300] loss 170.439 | compact 14.1842 | spectral 23.7721 | recons_loss: 0.231535 | sparse_loss: 1.03541 | 
2025-07-21 03:02:26,833 [INFO] [Iter 139] LR: 0.00000001
2025-07-21 03:02:26,834 [INFO] No improvement: current loss 170.439032, best loss 163.884908
2025-07-21 03:02:27,444 [INFO] [140/300] loss 169.784 | compact 14.1842 | spectral 23.1166 | recons_loss: 0.231535 | sparse_loss: 1.03541 | 
2025-07-21 03:02:27,445 [INFO] [Iter 140] LR: 0.00000001
2025-07-21 03:02:27,447 [INFO] No improvement: current loss 169.783526, best loss 163.884908
2025-07-21 03:02:28,063 [INFO] [141/300] loss 169.194 | compact 14.1842 | spectral 22.5266 | recons_loss: 0.231535 | sparse_loss: 1.03541 | 
2025-07-21 03:02:28,064 [INFO] [Iter 141] LR: 0.00000001
2025-07-21 03:02:28,065 [INFO] No improvement: current loss 169.193571, best loss 163.884908
2025-07-21 03:02:28,663 [INFO] [142/300] loss 168.663 | compact 14.1842 | spectral 21.9957 | recons_loss: 0.231535 | sparse_loss: 1.03541 | 
2025-07-21 03:02:28,664 [INFO] [Iter 142] LR: 0.00000001
2025-07-21 03:02:28,666 [INFO] No improvement: current loss 168.662612, best loss 163.884908
2025-07-21 03:02:29,267 [INFO] [143/300] loss 168.185 | compact 14.1842 | spectral 21.5178 | recons_loss: 0.231535 | sparse_loss: 1.03541 | 
2025-07-21 03:02:29,267 [INFO] [Iter 143] LR: 0.00000001
2025-07-21 03:02:29,268 [INFO] No improvement: current loss 168.184750, best loss 163.884908
2025-07-21 03:02:29,867 [INFO] [144/300] loss 167.755 | compact 14.1842 | spectral 21.0877 | recons_loss: 0.231535 | sparse_loss: 1.03541 | 
2025-07-21 03:02:29,867 [INFO] [Iter 144] LR: 0.00000001
2025-07-21 03:02:29,868 [INFO] No improvement: current loss 167.754672, best loss 163.884908
2025-07-21 03:02:30,466 [INFO] [145/300] loss 167.368 | compact 14.1842 | spectral 20.7007 | recons_loss: 0.231535 | sparse_loss: 1.03541 | 
2025-07-21 03:02:30,467 [INFO] [Iter 145] LR: 0.00000001
2025-07-21 03:02:30,468 [INFO] No improvement: current loss 167.367604, best loss 163.884908
2025-07-21 03:02:31,066 [INFO] [146/300] loss 167.019 | compact 14.1842 | spectral 20.3523 | recons_loss: 0.231535 | sparse_loss: 1.03541 | 
2025-07-21 03:02:31,066 [INFO] [Iter 146] LR: 0.00000001
2025-07-21 03:02:31,067 [INFO] No improvement: current loss 167.019240, best loss 163.884908
2025-07-21 03:02:31,665 [INFO] [147/300] loss 166.706 | compact 14.1842 | spectral 20.0388 | recons_loss: 0.231535 | sparse_loss: 1.03541 | 
2025-07-21 03:02:31,665 [INFO] [Iter 147] LR: 0.00000001
2025-07-21 03:02:31,666 [INFO] No improvement: current loss 166.705715, best loss 163.884908
2025-07-21 03:02:32,266 [INFO] [148/300] loss 166.424 | compact 14.1842 | spectral 19.7566 | recons_loss: 0.231535 | sparse_loss: 1.03541 | 
2025-07-21 03:02:32,266 [INFO] [Iter 148] LR: 0.00000001
2025-07-21 03:02:32,267 [INFO] No improvement: current loss 166.423541, best loss 163.884908
2025-07-21 03:02:32,866 [INFO] [149/300] loss 166.17 | compact 14.1842 | spectral 19.5026 | recons_loss: 0.231535 | sparse_loss: 1.03541 | 
2025-07-21 03:02:32,867 [INFO] [Iter 149] LR: 0.00000001
2025-07-21 03:02:32,869 [INFO] No improvement: current loss 166.169584, best loss 163.884908
2025-07-21 03:02:33,060 [INFO] H: 600, W: 166
2025-07-21 03:02:33,208 [INFO] [0 1 2 3 4 5]
2025-07-21 03:02:33,308 [INFO] y_target: [1 2 3 4 5 6]
2025-07-21 03:02:33,309 [INFO] y_predict: [0 1 2 3 4 5]
2025-07-21 03:02:33,398 [INFO] Epoch = 150 OA = 0.8742 Kappa = 0.8314 NMI = 0.8128
2025-07-21 03:02:33,873 [INFO] [150/300] loss 165.941 | compact 14.1842 | spectral 19.2741 | recons_loss: 0.231535 | sparse_loss: 1.03541 | 
2025-07-21 03:02:33,874 [INFO] [Iter 150] LR: 0.00000001
2025-07-21 03:02:33,875 [INFO] No improvement: current loss 165.941023, best loss 163.884908
2025-07-21 03:02:34,473 [INFO] [151/300] loss 165.735 | compact 14.1842 | spectral 19.0684 | recons_loss: 0.231535 | sparse_loss: 1.03541 | 
2025-07-21 03:02:34,473 [INFO] [Iter 151] LR: 0.00000001
2025-07-21 03:02:34,474 [INFO] No improvement: current loss 165.735318, best loss 163.884908
2025-07-21 03:02:35,073 [INFO] [152/300] loss 165.55 | compact 14.1842 | spectral 18.8832 | recons_loss: 0.231535 | sparse_loss: 1.03541 | 
2025-07-21 03:02:35,073 [INFO] [Iter 152] LR: 0.00000001
2025-07-21 03:02:35,074 [INFO] No improvement: current loss 165.550183, best loss 163.884908
2025-07-21 03:02:35,675 [INFO] [153/300] loss 165.384 | compact 14.1842 | spectral 18.7166 | recons_loss: 0.231535 | sparse_loss: 1.03541 | 
2025-07-21 03:02:35,675 [INFO] [Iter 153] LR: 0.00000001
2025-07-21 03:02:35,676 [INFO] No improvement: current loss 165.383564, best loss 163.884908
2025-07-21 03:02:36,279 [INFO] [154/300] loss 165.234 | compact 14.1842 | spectral 18.5667 | recons_loss: 0.231535 | sparse_loss: 1.03541 | 
2025-07-21 03:02:36,279 [INFO] [Iter 154] LR: 0.00000001
2025-07-21 03:02:36,280 [INFO] No improvement: current loss 165.233604, best loss 163.884908
2025-07-21 03:02:36,880 [INFO] [155/300] loss 165.099 | compact 14.1842 | spectral 18.4317 | recons_loss: 0.231535 | sparse_loss: 1.03541 | 
2025-07-21 03:02:36,880 [INFO] [Iter 155] LR: 0.00000001
2025-07-21 03:02:36,881 [INFO] No improvement: current loss 165.098641, best loss 163.884908
2025-07-21 03:02:37,480 [INFO] [156/300] loss 164.977 | compact 14.1842 | spectral 18.3102 | recons_loss: 0.231535 | sparse_loss: 1.03541 | 
2025-07-21 03:02:37,481 [INFO] [Iter 156] LR: 0.00000001
2025-07-21 03:02:37,482 [INFO] No improvement: current loss 164.977174, best loss 163.884908
2025-07-21 03:02:38,082 [INFO] [157/300] loss 164.868 | compact 14.1842 | spectral 18.2009 | recons_loss: 0.231535 | sparse_loss: 1.03541 | 
2025-07-21 03:02:38,082 [INFO] [Iter 157] LR: 0.00000001
2025-07-21 03:02:38,083 [INFO] No improvement: current loss 164.867856, best loss 163.884908
2025-07-21 03:02:38,685 [INFO] [158/300] loss 164.769 | compact 14.1842 | spectral 18.1025 | recons_loss: 0.231535 | sparse_loss: 1.03541 | 
2025-07-21 03:02:38,685 [INFO] [Iter 158] LR: 0.00000001
2025-07-21 03:02:38,686 [INFO] No improvement: current loss 164.769467, best loss 163.884908
2025-07-21 03:02:39,291 [INFO] [159/300] loss 164.681 | compact 14.1842 | spectral 18.014 | recons_loss: 0.231535 | sparse_loss: 1.03541 | 
2025-07-21 03:02:39,291 [INFO] [Iter 159] LR: 0.00000001
2025-07-21 03:02:39,292 [INFO] No improvement: current loss 164.680918, best loss 163.884908
2025-07-21 03:02:39,891 [INFO] [160/300] loss 164.601 | compact 14.1842 | spectral 17.9343 | recons_loss: 0.231535 | sparse_loss: 1.03541 | 
2025-07-21 03:02:39,891 [INFO] [Iter 160] LR: 0.00000001
2025-07-21 03:02:39,892 [INFO] No improvement: current loss 164.601223, best loss 163.884908
2025-07-21 03:02:40,491 [INFO] [161/300] loss 164.529 | compact 14.1842 | spectral 17.8626 | recons_loss: 0.231535 | sparse_loss: 1.03541 | 
2025-07-21 03:02:40,491 [INFO] [Iter 161] LR: 0.00000001
2025-07-21 03:02:40,492 [INFO] No improvement: current loss 164.529497, best loss 163.884908
2025-07-21 03:02:41,091 [INFO] [162/300] loss 164.465 | compact 14.1842 | spectral 17.798 | recons_loss: 0.231535 | sparse_loss: 1.03541 | 
2025-07-21 03:02:41,091 [INFO] [Iter 162] LR: 0.00000001
2025-07-21 03:02:41,093 [INFO] No improvement: current loss 164.464944, best loss 163.884908
2025-07-21 03:02:41,693 [INFO] [163/300] loss 164.407 | compact 14.1842 | spectral 17.7399 | recons_loss: 0.231535 | sparse_loss: 1.03541 | 
2025-07-21 03:02:41,693 [INFO] [Iter 163] LR: 0.00000001
2025-07-21 03:02:41,694 [INFO] No improvement: current loss 164.406847, best loss 163.884908
2025-07-21 03:02:42,294 [INFO] [164/300] loss 164.355 | compact 14.1842 | spectral 17.6876 | recons_loss: 0.231535 | sparse_loss: 1.03541 | 
2025-07-21 03:02:42,294 [INFO] [Iter 164] LR: 0.00000001
2025-07-21 03:02:42,295 [INFO] No improvement: current loss 164.354559, best loss 163.884908
2025-07-21 03:02:42,896 [INFO] [165/300] loss 164.308 | compact 14.1842 | spectral 17.6406 | recons_loss: 0.231535 | sparse_loss: 1.03541 | 
2025-07-21 03:02:42,897 [INFO] [Iter 165] LR: 0.00000001
2025-07-21 03:02:42,899 [INFO] No improvement: current loss 164.307501, best loss 163.884908
2025-07-21 03:02:43,508 [INFO] [166/300] loss 164.265 | compact 14.1842 | spectral 17.5982 | recons_loss: 0.231535 | sparse_loss: 1.03541 | 
2025-07-21 03:02:43,509 [INFO] [Iter 166] LR: 0.00000001
2025-07-21 03:02:43,511 [INFO] No improvement: current loss 164.265149, best loss 163.884908
2025-07-21 03:02:44,110 [INFO] [167/300] loss 164.227 | compact 14.1842 | spectral 17.5601 | recons_loss: 0.231535 | sparse_loss: 1.03541 | 
2025-07-21 03:02:44,110 [INFO] [Iter 167] LR: 0.00000001
2025-07-21 03:02:44,111 [INFO] No improvement: current loss 164.227032, best loss 163.884908
2025-07-21 03:02:44,712 [INFO] [168/300] loss 164.193 | compact 14.1842 | spectral 17.5258 | recons_loss: 0.231535 | sparse_loss: 1.03541 | 
2025-07-21 03:02:44,712 [INFO] [Iter 168] LR: 0.00000001
2025-07-21 03:02:44,713 [INFO] No improvement: current loss 164.192727, best loss 163.884908
2025-07-21 03:02:45,311 [INFO] [169/300] loss 164.162 | compact 14.1842 | spectral 17.4949 | recons_loss: 0.231535 | sparse_loss: 1.03541 | 
2025-07-21 03:02:45,312 [INFO] [Iter 169] LR: 0.00000001
2025-07-21 03:02:45,313 [INFO] No improvement: current loss 164.161852, best loss 163.884908
2025-07-21 03:02:45,916 [INFO] [170/300] loss 164.134 | compact 14.1842 | spectral 17.4671 | recons_loss: 0.231535 | sparse_loss: 1.03541 | 
2025-07-21 03:02:45,916 [INFO] [Iter 170] LR: 0.00000001
2025-07-21 03:02:45,918 [INFO] No improvement: current loss 164.134064, best loss 163.884908
2025-07-21 03:02:46,521 [INFO] [171/300] loss 164.109 | compact 14.1842 | spectral 17.4421 | recons_loss: 0.231535 | sparse_loss: 1.03541 | 
2025-07-21 03:02:46,521 [INFO] [Iter 171] LR: 0.00000001
2025-07-21 03:02:46,523 [INFO] No improvement: current loss 164.109055, best loss 163.884908
2025-07-21 03:02:47,124 [INFO] [172/300] loss 164.087 | compact 14.1842 | spectral 17.4196 | recons_loss: 0.231535 | sparse_loss: 1.03541 | 
2025-07-21 03:02:47,125 [INFO] [Iter 172] LR: 0.00000001
2025-07-21 03:02:47,127 [INFO] No improvement: current loss 164.086546, best loss 163.884908
2025-07-21 03:02:47,728 [INFO] [173/300] loss 164.066 | compact 14.1842 | spectral 17.3993 | recons_loss: 0.231535 | sparse_loss: 1.03541 | 
2025-07-21 03:02:47,729 [INFO] [Iter 173] LR: 0.00000001
2025-07-21 03:02:47,731 [INFO] No improvement: current loss 164.066289, best loss 163.884908
2025-07-21 03:02:48,330 [INFO] [174/300] loss 164.048 | compact 14.1842 | spectral 17.3811 | recons_loss: 0.231535 | sparse_loss: 1.03541 | 
2025-07-21 03:02:48,330 [INFO] [Iter 174] LR: 0.00000001
2025-07-21 03:02:48,331 [INFO] No improvement: current loss 164.048057, best loss 163.884908
2025-07-21 03:02:48,929 [INFO] [175/300] loss 164.032 | compact 14.1842 | spectral 17.3647 | recons_loss: 0.231535 | sparse_loss: 1.03541 | 
2025-07-21 03:02:48,929 [INFO] [Iter 175] LR: 0.00000001
2025-07-21 03:02:48,930 [INFO] No improvement: current loss 164.031650, best loss 163.884908
2025-07-21 03:02:49,531 [INFO] [176/300] loss 164.017 | compact 14.1842 | spectral 17.3499 | recons_loss: 0.231535 | sparse_loss: 1.03541 | 
2025-07-21 03:02:49,531 [INFO] [Iter 176] LR: 0.00000001
2025-07-21 03:02:49,532 [INFO] No improvement: current loss 164.016884, best loss 163.884908
2025-07-21 03:02:50,130 [INFO] [177/300] loss 164.004 | compact 14.1842 | spectral 17.3367 | recons_loss: 0.231535 | sparse_loss: 1.03541 | 
2025-07-21 03:02:50,130 [INFO] [Iter 177] LR: 0.00000001
2025-07-21 03:02:50,132 [INFO] No improvement: current loss 164.003593, best loss 163.884908
2025-07-21 03:02:50,730 [INFO] [178/300] loss 163.992 | compact 14.1842 | spectral 17.3247 | recons_loss: 0.231535 | sparse_loss: 1.03541 | 
2025-07-21 03:02:50,730 [INFO] [Iter 178] LR: 0.00000001
2025-07-21 03:02:50,732 [INFO] No improvement: current loss 163.991631, best loss 163.884908
2025-07-21 03:02:51,331 [INFO] [179/300] loss 163.981 | compact 14.1842 | spectral 17.3139 | recons_loss: 0.231535 | sparse_loss: 1.03541 | 
2025-07-21 03:02:51,331 [INFO] [Iter 179] LR: 0.00000001
2025-07-21 03:02:51,333 [INFO] No improvement: current loss 163.980865, best loss 163.884908
2025-07-21 03:02:51,931 [INFO] [180/300] loss 163.971 | compact 14.1842 | spectral 17.3042 | recons_loss: 0.231535 | sparse_loss: 1.03541 | 
2025-07-21 03:02:51,931 [INFO] [Iter 180] LR: 0.00000001
2025-07-21 03:02:51,933 [INFO] No improvement: current loss 163.971176, best loss 163.884908
2025-07-21 03:02:52,548 [INFO] [181/300] loss 163.962 | compact 14.1842 | spectral 17.2955 | recons_loss: 0.231535 | sparse_loss: 1.03541 | 
2025-07-21 03:02:52,548 [INFO] [Iter 181] LR: 0.00000001
2025-07-21 03:02:52,549 [INFO] No improvement: current loss 163.962457, best loss 163.884908
2025-07-21 03:02:53,148 [INFO] [182/300] loss 163.955 | compact 14.1842 | spectral 17.2877 | recons_loss: 0.231535 | sparse_loss: 1.03541 | 
2025-07-21 03:02:53,148 [INFO] [Iter 182] LR: 0.00000001
2025-07-21 03:02:53,149 [INFO] No improvement: current loss 163.954608, best loss 163.884908
2025-07-21 03:02:53,761 [INFO] [183/300] loss 163.948 | compact 14.1842 | spectral 17.2806 | recons_loss: 0.231535 | sparse_loss: 1.03541 | 
2025-07-21 03:02:53,761 [INFO] [Iter 183] LR: 0.00000001
2025-07-21 03:02:53,762 [INFO] No improvement: current loss 163.947546, best loss 163.884908
2025-07-21 03:02:54,366 [INFO] [184/300] loss 163.941 | compact 14.1842 | spectral 17.2742 | recons_loss: 0.231535 | sparse_loss: 1.03541 | 
2025-07-21 03:02:54,366 [INFO] [Iter 184] LR: 0.00000001
2025-07-21 03:02:54,368 [INFO] No improvement: current loss 163.941190, best loss 163.884908
2025-07-21 03:02:54,968 [INFO] [185/300] loss 163.935 | compact 14.1842 | spectral 17.2685 | recons_loss: 0.231535 | sparse_loss: 1.03541 | 
2025-07-21 03:02:54,968 [INFO] [Iter 185] LR: 0.00000001
2025-07-21 03:02:54,970 [INFO] No improvement: current loss 163.935470, best loss 163.884908
2025-07-21 03:02:55,569 [INFO] [186/300] loss 163.93 | compact 14.1842 | spectral 17.2634 | recons_loss: 0.231535 | sparse_loss: 1.03541 | 
2025-07-21 03:02:55,569 [INFO] [Iter 186] LR: 0.00000001
2025-07-21 03:02:55,570 [INFO] No improvement: current loss 163.930320, best loss 163.884908
2025-07-21 03:02:56,170 [INFO] [187/300] loss 163.926 | compact 14.1842 | spectral 17.2587 | recons_loss: 0.231535 | sparse_loss: 1.03541 | 
2025-07-21 03:02:56,171 [INFO] [Iter 187] LR: 0.00000001
2025-07-21 03:02:56,172 [INFO] No improvement: current loss 163.925687, best loss 163.884908
2025-07-21 03:02:56,770 [INFO] [188/300] loss 163.922 | compact 14.1842 | spectral 17.2546 | recons_loss: 0.231535 | sparse_loss: 1.03541 | 
2025-07-21 03:02:56,771 [INFO] [Iter 188] LR: 0.00000001
2025-07-21 03:02:56,772 [INFO] No improvement: current loss 163.921516, best loss 163.884908
2025-07-21 03:02:57,374 [INFO] [189/300] loss 163.918 | compact 14.1842 | spectral 17.2508 | recons_loss: 0.231535 | sparse_loss: 1.03541 | 
2025-07-21 03:02:57,374 [INFO] [Iter 189] LR: 0.00000001
2025-07-21 03:02:57,376 [INFO] No improvement: current loss 163.917761, best loss 163.884908
2025-07-21 03:02:57,975 [INFO] [190/300] loss 163.914 | compact 14.1842 | spectral 17.2474 | recons_loss: 0.231535 | sparse_loss: 1.03541 | 
2025-07-21 03:02:57,975 [INFO] [Iter 190] LR: 0.00000001
2025-07-21 03:02:57,977 [INFO] No improvement: current loss 163.914381, best loss 163.884908
2025-07-21 03:02:58,577 [INFO] [191/300] loss 163.911 | compact 14.1842 | spectral 17.2444 | recons_loss: 0.231535 | sparse_loss: 1.03541 | 
2025-07-21 03:02:58,577 [INFO] [Iter 191] LR: 0.00000001
2025-07-21 03:02:58,578 [INFO] No improvement: current loss 163.911340, best loss 163.884908
2025-07-21 03:02:59,184 [INFO] [192/300] loss 163.909 | compact 14.1842 | spectral 17.2417 | recons_loss: 0.231535 | sparse_loss: 1.03541 | 
2025-07-21 03:02:59,185 [INFO] [Iter 192] LR: 0.00000001
2025-07-21 03:02:59,187 [INFO] No improvement: current loss 163.908603, best loss 163.884908
2025-07-21 03:02:59,789 [INFO] [193/300] loss 163.906 | compact 14.1842 | spectral 17.2392 | recons_loss: 0.231535 | sparse_loss: 1.03541 | 
2025-07-21 03:02:59,789 [INFO] [Iter 193] LR: 0.00000001
2025-07-21 03:02:59,791 [INFO] No improvement: current loss 163.906140, best loss 163.884908
2025-07-21 03:03:00,389 [INFO] [194/300] loss 163.904 | compact 14.1842 | spectral 17.237 | recons_loss: 0.231535 | sparse_loss: 1.03541 | 
2025-07-21 03:03:00,389 [INFO] [Iter 194] LR: 0.00000001
2025-07-21 03:03:00,390 [INFO] No improvement: current loss 163.903923, best loss 163.884908
2025-07-21 03:03:00,990 [INFO] [195/300] loss 163.902 | compact 14.1842 | spectral 17.235 | recons_loss: 0.231535 | sparse_loss: 1.03541 | 
2025-07-21 03:03:00,991 [INFO] [Iter 195] LR: 0.00000001
2025-07-21 03:03:00,992 [INFO] No improvement: current loss 163.901928, best loss 163.884908
2025-07-21 03:03:01,592 [INFO] [196/300] loss 163.9 | compact 14.1842 | spectral 17.2332 | recons_loss: 0.231535 | sparse_loss: 1.03541 | 
2025-07-21 03:03:01,593 [INFO] [Iter 196] LR: 0.00000001
2025-07-21 03:03:01,595 [INFO] No improvement: current loss 163.900133, best loss 163.884908
2025-07-21 03:03:02,207 [INFO] [197/300] loss 163.899 | compact 14.1842 | spectral 17.2316 | recons_loss: 0.231535 | sparse_loss: 1.03541 | 
2025-07-21 03:03:02,208 [INFO] [Iter 197] LR: 0.00000001
2025-07-21 03:03:02,209 [INFO] No improvement: current loss 163.898515, best loss 163.884908
2025-07-21 03:03:02,807 [INFO] [198/300] loss 163.897 | compact 14.1842 | spectral 17.2301 | recons_loss: 0.231535 | sparse_loss: 1.03541 | 
2025-07-21 03:03:02,807 [INFO] [Iter 198] LR: 0.00000001
2025-07-21 03:03:02,808 [INFO] No improvement: current loss 163.897061, best loss 163.884908
2025-07-21 03:03:03,407 [INFO] [199/300] loss 163.896 | compact 14.1842 | spectral 17.2288 | recons_loss: 0.231535 | sparse_loss: 1.03541 | 
2025-07-21 03:03:03,407 [INFO] [Iter 199] LR: 0.00000001
2025-07-21 03:03:03,409 [INFO] No improvement: current loss 163.895752, best loss 163.884908
2025-07-21 03:03:03,595 [INFO] H: 600, W: 166
2025-07-21 03:03:03,698 [INFO] [0 1 2 3 4 5]
2025-07-21 03:03:03,794 [INFO] y_target: [1 2 3 4 5 6]
2025-07-21 03:03:03,794 [INFO] y_predict: [0 1 2 3 4 5]
2025-07-21 03:03:03,882 [INFO] Epoch = 200 OA = 0.8742 Kappa = 0.8314 NMI = 0.8128
2025-07-21 03:03:04,358 [INFO] [200/300] loss 163.895 | compact 14.1842 | spectral 17.2276 | recons_loss: 0.231535 | sparse_loss: 1.03541 | 
2025-07-21 03:03:04,359 [INFO] [Iter 200] LR: 0.00000001
2025-07-21 03:03:04,360 [INFO] No improvement: current loss 163.894574, best loss 163.884908
2025-07-21 03:03:04,963 [INFO] [201/300] loss 163.894 | compact 14.1842 | spectral 17.2266 | recons_loss: 0.231535 | sparse_loss: 1.03541 | 
2025-07-21 03:03:04,964 [INFO] [Iter 201] LR: 0.00000001
2025-07-21 03:03:04,965 [INFO] No improvement: current loss 163.893514, best loss 163.884908
2025-07-21 03:03:05,565 [INFO] [202/300] loss 163.893 | compact 14.1842 | spectral 17.2256 | recons_loss: 0.231535 | sparse_loss: 1.03541 | 
2025-07-21 03:03:05,565 [INFO] [Iter 202] LR: 0.00000001
2025-07-21 03:03:05,566 [INFO] No improvement: current loss 163.892560, best loss 163.884908
2025-07-21 03:03:06,167 [INFO] [203/300] loss 163.892 | compact 14.1842 | spectral 17.2248 | recons_loss: 0.231535 | sparse_loss: 1.03541 | 
2025-07-21 03:03:06,167 [INFO] [Iter 203] LR: 0.00000001
2025-07-21 03:03:06,168 [INFO] No improvement: current loss 163.891701, best loss 163.884908
2025-07-21 03:03:06,768 [INFO] [204/300] loss 163.891 | compact 14.1842 | spectral 17.224 | recons_loss: 0.231535 | sparse_loss: 1.03541 | 
2025-07-21 03:03:06,768 [INFO] [Iter 204] LR: 0.00000001
2025-07-21 03:03:06,771 [INFO] No improvement: current loss 163.890926, best loss 163.884908
2025-07-21 03:03:07,385 [INFO] [205/300] loss 163.89 | compact 14.1842 | spectral 17.2233 | recons_loss: 0.231535 | sparse_loss: 1.03541 | 
2025-07-21 03:03:07,385 [INFO] [Iter 205] LR: 0.00000001
2025-07-21 03:03:07,388 [INFO] No improvement: current loss 163.890233, best loss 163.884908
2025-07-21 03:03:07,988 [INFO] [206/300] loss 163.89 | compact 14.1842 | spectral 17.2227 | recons_loss: 0.231535 | sparse_loss: 1.03541 | 
2025-07-21 03:03:07,989 [INFO] [Iter 206] LR: 0.00000001
2025-07-21 03:03:07,991 [INFO] No improvement: current loss 163.889606, best loss 163.884908
2025-07-21 03:03:08,592 [INFO] [207/300] loss 163.889 | compact 14.1842 | spectral 17.2221 | recons_loss: 0.231535 | sparse_loss: 1.03541 | 
2025-07-21 03:03:08,592 [INFO] [Iter 207] LR: 0.00000001
2025-07-21 03:03:08,593 [INFO] No improvement: current loss 163.889043, best loss 163.884908
2025-07-21 03:03:09,191 [INFO] [208/300] loss 163.889 | compact 14.1842 | spectral 17.2216 | recons_loss: 0.231535 | sparse_loss: 1.03541 | 
2025-07-21 03:03:09,191 [INFO] [Iter 208] LR: 0.00000001
2025-07-21 03:03:09,193 [INFO] No improvement: current loss 163.888534, best loss 163.884908
2025-07-21 03:03:09,795 [INFO] [209/300] loss 163.888 | compact 14.1842 | spectral 17.2211 | recons_loss: 0.231535 | sparse_loss: 1.03541 | 
2025-07-21 03:03:09,795 [INFO] [Iter 209] LR: 0.00000001
2025-07-21 03:03:09,796 [INFO] No improvement: current loss 163.888078, best loss 163.884908
2025-07-21 03:03:10,394 [INFO] [210/300] loss 163.888 | compact 14.1842 | spectral 17.2207 | recons_loss: 0.231535 | sparse_loss: 1.03541 | 
2025-07-21 03:03:10,395 [INFO] [Iter 210] LR: 0.00000001
2025-07-21 03:03:10,396 [INFO] No improvement: current loss 163.887668, best loss 163.884908
2025-07-21 03:03:11,003 [INFO] [211/300] loss 163.887 | compact 14.1842 | spectral 17.2204 | recons_loss: 0.231535 | sparse_loss: 1.03541 | 
2025-07-21 03:03:11,004 [INFO] [Iter 211] LR: 0.00000001
2025-07-21 03:03:11,005 [INFO] No improvement: current loss 163.887298, best loss 163.884908
2025-07-21 03:03:11,603 [INFO] [212/300] loss 163.887 | compact 14.1842 | spectral 17.22 | recons_loss: 0.231535 | sparse_loss: 1.03541 | 
2025-07-21 03:03:11,603 [INFO] [Iter 212] LR: 0.00000001
2025-07-21 03:03:11,604 [INFO] No improvement: current loss 163.886965, best loss 163.884908
2025-07-21 03:03:12,205 [INFO] [213/300] loss 163.887 | compact 14.1842 | spectral 17.2197 | recons_loss: 0.231535 | sparse_loss: 1.03541 | 
2025-07-21 03:03:12,205 [INFO] [Iter 213] LR: 0.00000001
2025-07-21 03:03:12,207 [INFO] No improvement: current loss 163.886666, best loss 163.884908
2025-07-21 03:03:12,815 [INFO] [214/300] loss 163.886 | compact 14.1842 | spectral 17.2195 | recons_loss: 0.231535 | sparse_loss: 1.03541 | 
2025-07-21 03:03:12,816 [INFO] [Iter 214] LR: 0.00000001
2025-07-21 03:03:12,817 [INFO] No improvement: current loss 163.886397, best loss 163.884908
2025-07-21 03:03:13,432 [INFO] [215/300] loss 163.886 | compact 14.1842 | spectral 17.2192 | recons_loss: 0.231535 | sparse_loss: 1.03541 | 
2025-07-21 03:03:13,433 [INFO] [Iter 215] LR: 0.00000001
2025-07-21 03:03:13,435 [INFO] No improvement: current loss 163.886154, best loss 163.884908
2025-07-21 03:03:14,054 [INFO] [216/300] loss 163.886 | compact 14.1842 | spectral 17.219 | recons_loss: 0.231535 | sparse_loss: 1.03541 | 
2025-07-21 03:03:14,054 [INFO] [Iter 216] LR: 0.00000001
2025-07-21 03:03:14,057 [INFO] No improvement: current loss 163.885938, best loss 163.884908
2025-07-21 03:03:14,676 [INFO] [217/300] loss 163.886 | compact 14.1842 | spectral 17.2188 | recons_loss: 0.231535 | sparse_loss: 1.03541 | 
2025-07-21 03:03:14,676 [INFO] [Iter 217] LR: 0.00000001
2025-07-21 03:03:14,678 [INFO] No improvement: current loss 163.885741, best loss 163.884908
2025-07-21 03:03:15,293 [INFO] [218/300] loss 163.886 | compact 14.1842 | spectral 17.2186 | recons_loss: 0.231535 | sparse_loss: 1.03541 | 
2025-07-21 03:03:15,293 [INFO] [Iter 218] LR: 0.00000001
2025-07-21 03:03:15,294 [INFO] No improvement: current loss 163.885563, best loss 163.884908
2025-07-21 03:03:15,895 [INFO] [219/300] loss 163.885 | compact 14.1842 | spectral 17.2185 | recons_loss: 0.231535 | sparse_loss: 1.03541 | 
2025-07-21 03:03:15,895 [INFO] [Iter 219] LR: 0.00000001
2025-07-21 03:03:15,896 [INFO] No improvement: current loss 163.885404, best loss 163.884908
2025-07-21 03:03:16,497 [INFO] [220/300] loss 163.885 | compact 14.1842 | spectral 17.2183 | recons_loss: 0.231535 | sparse_loss: 1.03541 | 
2025-07-21 03:03:16,497 [INFO] [Iter 220] LR: 0.00000001
2025-07-21 03:03:16,498 [INFO] No improvement: current loss 163.885260, best loss 163.884908
2025-07-21 03:03:17,098 [INFO] [221/300] loss 163.885 | compact 14.1842 | spectral 17.2182 | recons_loss: 0.231535 | sparse_loss: 1.03541 | 
2025-07-21 03:03:17,099 [INFO] [Iter 221] LR: 0.00000001
2025-07-21 03:03:17,100 [INFO] No improvement: current loss 163.885132, best loss 163.884908
2025-07-21 03:03:17,716 [INFO] [222/300] loss 163.885 | compact 14.1842 | spectral 17.2181 | recons_loss: 0.231535 | sparse_loss: 1.03541 | 
2025-07-21 03:03:17,716 [INFO] [Iter 222] LR: 0.00000001
2025-07-21 03:03:17,717 [INFO] No improvement: current loss 163.885017, best loss 163.884908
2025-07-21 03:03:18,316 [INFO] [223/300] loss 163.885 | compact 14.1842 | spectral 17.218 | recons_loss: 0.231535 | sparse_loss: 1.03541 | 
2025-07-21 03:03:18,316 [INFO] [Iter 223] LR: 0.00000001
2025-07-21 03:03:18,317 [INFO] No improvement: current loss 163.884911, best loss 163.884908
2025-07-21 03:03:18,916 [INFO] [224/300] loss 163.885 | compact 14.1842 | spectral 17.2179 | recons_loss: 0.231535 | sparse_loss: 1.03541 | 
2025-07-21 03:03:18,916 [INFO] [Iter 224] LR: 0.00000001
2025-07-21 03:03:18,918 [INFO] No improvement: current loss 163.884819, best loss 163.884908
2025-07-21 03:03:19,528 [INFO] [225/300] loss 163.885 | compact 14.1842 | spectral 17.2178 | recons_loss: 0.231535 | sparse_loss: 1.03541 | 
2025-07-21 03:03:19,528 [INFO] [Iter 225] LR: 0.00000001
2025-07-21 03:03:19,529 [INFO] Saving best model at iteration 225
2025-07-21 03:03:20,127 [INFO] [226/300] loss 163.885 | compact 14.1842 | spectral 17.2177 | recons_loss: 0.231535 | sparse_loss: 1.03541 | 
2025-07-21 03:03:20,127 [INFO] [Iter 226] LR: 0.00000001
2025-07-21 03:03:20,129 [INFO] No improvement: current loss 163.884658, best loss 163.884734
2025-07-21 03:03:20,740 [INFO] [227/300] loss 163.885 | compact 14.1842 | spectral 17.2177 | recons_loss: 0.231535 | sparse_loss: 1.03541 | 
2025-07-21 03:03:20,740 [INFO] [Iter 227] LR: 0.00000001
2025-07-21 03:03:20,741 [INFO] Saving best model at iteration 227
2025-07-21 03:03:21,347 [INFO] [228/300] loss 163.885 | compact 14.1842 | spectral 17.2176 | recons_loss: 0.231535 | sparse_loss: 1.03541 | 
2025-07-21 03:03:21,347 [INFO] [Iter 228] LR: 0.00000001
2025-07-21 03:03:21,348 [INFO] No improvement: current loss 163.884526, best loss 163.884589
2025-07-21 03:03:21,948 [INFO] [229/300] loss 163.884 | compact 14.1842 | spectral 17.2175 | recons_loss: 0.231535 | sparse_loss: 1.03541 | 
2025-07-21 03:03:21,949 [INFO] [Iter 229] LR: 0.00000001
2025-07-21 03:03:21,951 [INFO] Saving best model at iteration 229
2025-07-21 03:03:22,560 [INFO] [230/300] loss 163.884 | compact 14.1842 | spectral 17.2175 | recons_loss: 0.231535 | sparse_loss: 1.03541 | 
2025-07-21 03:03:22,561 [INFO] [Iter 230] LR: 0.00000001
2025-07-21 03:03:22,562 [INFO] No improvement: current loss 163.884421, best loss 163.884471
2025-07-21 03:03:23,162 [INFO] [231/300] loss 163.884 | compact 14.1842 | spectral 17.2174 | recons_loss: 0.231535 | sparse_loss: 1.03541 | 
2025-07-21 03:03:23,162 [INFO] [Iter 231] LR: 0.00000001
2025-07-21 03:03:23,164 [INFO] No improvement: current loss 163.884376, best loss 163.884471
2025-07-21 03:03:23,770 [INFO] [232/300] loss 163.884 | compact 14.1842 | spectral 17.2174 | recons_loss: 0.231535 | sparse_loss: 1.03541 | 
2025-07-21 03:03:23,771 [INFO] [Iter 232] LR: 0.00000001
2025-07-21 03:03:23,772 [INFO] Saving best model at iteration 232
2025-07-21 03:03:24,370 [INFO] [233/300] loss 163.884 | compact 14.1842 | spectral 17.2174 | recons_loss: 0.231535 | sparse_loss: 1.03541 | 
2025-07-21 03:03:24,371 [INFO] [Iter 233] LR: 0.00000001
2025-07-21 03:03:24,372 [INFO] No improvement: current loss 163.884299, best loss 163.884336
2025-07-21 03:03:24,976 [INFO] [234/300] loss 163.884 | compact 14.1842 | spectral 17.2173 | recons_loss: 0.231535 | sparse_loss: 1.03541 | 
2025-07-21 03:03:24,976 [INFO] [Iter 234] LR: 0.00000001
2025-07-21 03:03:24,977 [INFO] No improvement: current loss 163.884268, best loss 163.884336
2025-07-21 03:03:25,575 [INFO] [235/300] loss 163.884 | compact 14.1842 | spectral 17.2173 | recons_loss: 0.231535 | sparse_loss: 1.03541 | 
2025-07-21 03:03:25,576 [INFO] [Iter 235] LR: 0.00000001
2025-07-21 03:03:25,578 [INFO] No improvement: current loss 163.884238, best loss 163.884336
2025-07-21 03:03:26,177 [INFO] [236/300] loss 163.884 | compact 14.1842 | spectral 17.2173 | recons_loss: 0.231535 | sparse_loss: 1.03541 | 
2025-07-21 03:03:26,177 [INFO] [Iter 236] LR: 0.00000001
2025-07-21 03:03:26,178 [INFO] Saving best model at iteration 236
2025-07-21 03:03:26,776 [INFO] [237/300] loss 163.884 | compact 14.1842 | spectral 17.2173 | recons_loss: 0.231535 | sparse_loss: 1.03541 | 
2025-07-21 03:03:26,777 [INFO] [Iter 237] LR: 0.00000001
2025-07-21 03:03:26,778 [INFO] No improvement: current loss 163.884188, best loss 163.884212
2025-07-21 03:03:27,376 [INFO] [238/300] loss 163.884 | compact 14.1842 | spectral 17.2172 | recons_loss: 0.231535 | sparse_loss: 1.03541 | 
2025-07-21 03:03:27,376 [INFO] [Iter 238] LR: 0.00000001
2025-07-21 03:03:27,379 [INFO] No improvement: current loss 163.884166, best loss 163.884212
2025-07-21 03:03:27,977 [INFO] [239/300] loss 163.884 | compact 14.1842 | spectral 17.2172 | recons_loss: 0.231535 | sparse_loss: 1.03541 | 
2025-07-21 03:03:27,978 [INFO] [Iter 239] LR: 0.00000001
2025-07-21 03:03:27,979 [INFO] No improvement: current loss 163.884147, best loss 163.884212
2025-07-21 03:03:28,577 [INFO] [240/300] loss 163.884 | compact 14.1842 | spectral 17.2172 | recons_loss: 0.231535 | sparse_loss: 1.03541 | 
2025-07-21 03:03:28,578 [INFO] [Iter 240] LR: 0.00000001
2025-07-21 03:03:28,579 [INFO] No improvement: current loss 163.884129, best loss 163.884212
2025-07-21 03:03:29,181 [INFO] [241/300] loss 163.884 | compact 14.1842 | spectral 17.2172 | recons_loss: 0.231535 | sparse_loss: 1.03541 | 
2025-07-21 03:03:29,181 [INFO] [Iter 241] LR: 0.00000001
2025-07-21 03:03:29,182 [INFO] No improvement: current loss 163.884112, best loss 163.884212
2025-07-21 03:03:29,786 [INFO] [242/300] loss 163.884 | compact 14.1842 | spectral 17.2172 | recons_loss: 0.231535 | sparse_loss: 1.03541 | 
2025-07-21 03:03:29,787 [INFO] [Iter 242] LR: 0.00000001
2025-07-21 03:03:29,788 [INFO] Saving best model at iteration 242
2025-07-21 03:03:30,386 [INFO] [243/300] loss 163.884 | compact 14.1842 | spectral 17.2171 | recons_loss: 0.231535 | sparse_loss: 1.03541 | 
2025-07-21 03:03:30,387 [INFO] [Iter 243] LR: 0.00000001
2025-07-21 03:03:30,388 [INFO] No improvement: current loss 163.884086, best loss 163.884098
2025-07-21 03:03:30,986 [INFO] [244/300] loss 163.884 | compact 14.1842 | spectral 17.2171 | recons_loss: 0.231535 | sparse_loss: 1.03541 | 
2025-07-21 03:03:30,986 [INFO] [Iter 244] LR: 0.00000001
2025-07-21 03:03:30,987 [INFO] No improvement: current loss 163.884074, best loss 163.884098
2025-07-21 03:03:31,585 [INFO] [245/300] loss 163.884 | compact 14.1842 | spectral 17.2171 | recons_loss: 0.231535 | sparse_loss: 1.03541 | 
2025-07-21 03:03:31,586 [INFO] [Iter 245] LR: 0.00000001
2025-07-21 03:03:31,587 [INFO] No improvement: current loss 163.884063, best loss 163.884098
2025-07-21 03:03:32,196 [INFO] [246/300] loss 163.884 | compact 14.1842 | spectral 17.2171 | recons_loss: 0.231535 | sparse_loss: 1.03541 | 
2025-07-21 03:03:32,196 [INFO] [Iter 246] LR: 0.00000001
2025-07-21 03:03:32,198 [INFO] No improvement: current loss 163.884055, best loss 163.884098
2025-07-21 03:03:32,797 [INFO] [247/300] loss 163.884 | compact 14.1842 | spectral 17.2171 | recons_loss: 0.231535 | sparse_loss: 1.03541 | 
2025-07-21 03:03:32,797 [INFO] [Iter 247] LR: 0.00000001
2025-07-21 03:03:32,799 [INFO] No improvement: current loss 163.884047, best loss 163.884098
2025-07-21 03:03:33,397 [INFO] [248/300] loss 163.884 | compact 14.1842 | spectral 17.2171 | recons_loss: 0.231535 | sparse_loss: 1.03541 | 
2025-07-21 03:03:33,398 [INFO] [Iter 248] LR: 0.00000001
2025-07-21 03:03:33,399 [INFO] No improvement: current loss 163.884041, best loss 163.884098
2025-07-21 03:03:34,004 [INFO] [249/300] loss 163.884 | compact 14.1842 | spectral 17.2171 | recons_loss: 0.231535 | sparse_loss: 1.03541 | 
2025-07-21 03:03:34,005 [INFO] [Iter 249] LR: 0.00000001
2025-07-21 03:03:34,006 [INFO] No improvement: current loss 163.884032, best loss 163.884098
2025-07-21 03:03:34,234 [INFO] H: 600, W: 166
2025-07-21 03:03:34,420 [INFO] [0 1 2 3 4 5]
2025-07-21 03:03:34,547 [INFO] y_target: [1 2 3 4 5 6]
2025-07-21 03:03:34,548 [INFO] y_predict: [0 1 2 3 4 5]
2025-07-21 03:03:34,637 [INFO] Epoch = 250 OA = 0.8742 Kappa = 0.8314 NMI = 0.8128
2025-07-21 03:03:35,114 [INFO] [250/300] loss 163.884 | compact 14.1842 | spectral 17.2171 | recons_loss: 0.231535 | sparse_loss: 1.03541 | 
2025-07-21 03:03:35,114 [INFO] [Iter 250] LR: 0.00000001
2025-07-21 03:03:35,115 [INFO] No improvement: current loss 163.884026, best loss 163.884098
2025-07-21 03:03:35,717 [INFO] [251/300] loss 163.884 | compact 14.1842 | spectral 17.2171 | recons_loss: 0.231535 | sparse_loss: 1.03541 | 
2025-07-21 03:03:35,717 [INFO] [Iter 251] LR: 0.00000001
2025-07-21 03:03:35,718 [INFO] No improvement: current loss 163.884019, best loss 163.884098
2025-07-21 03:03:36,320 [INFO] [252/300] loss 163.884 | compact 14.1842 | spectral 17.2171 | recons_loss: 0.231535 | sparse_loss: 1.03541 | 
2025-07-21 03:03:36,320 [INFO] [Iter 252] LR: 0.00000001
2025-07-21 03:03:36,321 [INFO] No improvement: current loss 163.884015, best loss 163.884098
2025-07-21 03:03:36,923 [INFO] [253/300] loss 163.884 | compact 14.1842 | spectral 17.2171 | recons_loss: 0.231535 | sparse_loss: 1.03541 | 
2025-07-21 03:03:36,923 [INFO] [Iter 253] LR: 0.00000001
2025-07-21 03:03:36,925 [INFO] No improvement: current loss 163.884009, best loss 163.884098
2025-07-21 03:03:37,523 [INFO] [254/300] loss 163.884 | compact 14.1842 | spectral 17.2171 | recons_loss: 0.231535 | sparse_loss: 1.03541 | 
2025-07-21 03:03:37,523 [INFO] [Iter 254] LR: 0.00000001
2025-07-21 03:03:37,524 [INFO] No improvement: current loss 163.884005, best loss 163.884098
2025-07-21 03:03:38,131 [INFO] [255/300] loss 163.884 | compact 14.1842 | spectral 17.2171 | recons_loss: 0.231535 | sparse_loss: 1.03541 | 
2025-07-21 03:03:38,132 [INFO] [Iter 255] LR: 0.00000001
2025-07-21 03:03:38,133 [INFO] No improvement: current loss 163.884000, best loss 163.884098
2025-07-21 03:03:38,732 [INFO] [256/300] loss 163.884 | compact 14.1842 | spectral 17.2171 | recons_loss: 0.231535 | sparse_loss: 1.03541 | 
2025-07-21 03:03:38,732 [INFO] [Iter 256] LR: 0.00000001
2025-07-21 03:03:38,733 [INFO] Saving best model at iteration 256
2025-07-21 03:03:39,333 [INFO] [257/300] loss 163.884 | compact 14.1842 | spectral 17.2171 | recons_loss: 0.231535 | sparse_loss: 1.03541 | 
2025-07-21 03:03:39,333 [INFO] [Iter 257] LR: 0.00000001
2025-07-21 03:03:39,336 [INFO] No improvement: current loss 163.883995, best loss 163.883998
2025-07-21 03:03:39,945 [INFO] [258/300] loss 163.884 | compact 14.1842 | spectral 17.2171 | recons_loss: 0.231535 | sparse_loss: 1.03541 | 
2025-07-21 03:03:39,946 [INFO] [Iter 258] LR: 0.00000001
2025-07-21 03:03:39,947 [INFO] No improvement: current loss 163.883993, best loss 163.883998
2025-07-21 03:03:40,551 [INFO] [259/300] loss 163.884 | compact 14.1842 | spectral 17.2171 | recons_loss: 0.231535 | sparse_loss: 1.03541 | 
2025-07-21 03:03:40,551 [INFO] [Iter 259] LR: 0.00000001
2025-07-21 03:03:40,553 [INFO] No improvement: current loss 163.883989, best loss 163.883998
2025-07-21 03:03:41,165 [INFO] [260/300] loss 163.884 | compact 14.1842 | spectral 17.2171 | recons_loss: 0.231535 | sparse_loss: 1.03541 | 
2025-07-21 03:03:41,165 [INFO] [Iter 260] LR: 0.00000001
2025-07-21 03:03:41,166 [INFO] No improvement: current loss 163.883989, best loss 163.883998
2025-07-21 03:03:41,772 [INFO] [261/300] loss 163.884 | compact 14.1842 | spectral 17.2171 | recons_loss: 0.231535 | sparse_loss: 1.03541 | 
2025-07-21 03:03:41,772 [INFO] [Iter 261] LR: 0.00000001
2025-07-21 03:03:41,775 [INFO] No improvement: current loss 163.883987, best loss 163.883998
2025-07-21 03:03:42,375 [INFO] [262/300] loss 163.884 | compact 14.1842 | spectral 17.2171 | recons_loss: 0.231535 | sparse_loss: 1.03541 | 
2025-07-21 03:03:42,375 [INFO] [Iter 262] LR: 0.00000001
2025-07-21 03:03:42,377 [INFO] No improvement: current loss 163.883986, best loss 163.883998
2025-07-21 03:03:42,975 [INFO] [263/300] loss 163.884 | compact 14.1842 | spectral 17.217 | recons_loss: 0.231535 | sparse_loss: 1.03541 | 
2025-07-21 03:03:42,975 [INFO] [Iter 263] LR: 0.00000001
2025-07-21 03:03:42,976 [INFO] No improvement: current loss 163.883984, best loss 163.883998
2025-07-21 03:03:43,574 [INFO] [264/300] loss 163.884 | compact 14.1842 | spectral 17.217 | recons_loss: 0.231535 | sparse_loss: 1.03541 | 
2025-07-21 03:03:43,575 [INFO] [Iter 264] LR: 0.00000001
2025-07-21 03:03:43,576 [INFO] No improvement: current loss 163.883983, best loss 163.883998
2025-07-21 03:03:44,174 [INFO] [265/300] loss 163.884 | compact 14.1842 | spectral 17.217 | recons_loss: 0.231535 | sparse_loss: 1.03541 | 
2025-07-21 03:03:44,174 [INFO] [Iter 265] LR: 0.00000001
2025-07-21 03:03:44,176 [INFO] No improvement: current loss 163.883982, best loss 163.883998
2025-07-21 03:03:44,793 [INFO] [266/300] loss 163.884 | compact 14.1842 | spectral 17.217 | recons_loss: 0.231535 | sparse_loss: 1.03541 | 
2025-07-21 03:03:44,793 [INFO] [Iter 266] LR: 0.00000001
2025-07-21 03:03:44,795 [INFO] No improvement: current loss 163.883980, best loss 163.883998
2025-07-21 03:03:45,402 [INFO] [267/300] loss 163.884 | compact 14.1842 | spectral 17.217 | recons_loss: 0.231535 | sparse_loss: 1.03541 | 
2025-07-21 03:03:45,402 [INFO] [Iter 267] LR: 0.00000001
2025-07-21 03:03:45,403 [INFO] No improvement: current loss 163.883979, best loss 163.883998
2025-07-21 03:03:46,004 [INFO] [268/300] loss 163.884 | compact 14.1842 | spectral 17.217 | recons_loss: 0.231535 | sparse_loss: 1.03541 | 
2025-07-21 03:03:46,004 [INFO] [Iter 268] LR: 0.00000001
2025-07-21 03:03:46,006 [INFO] No improvement: current loss 163.883978, best loss 163.883998
2025-07-21 03:03:46,606 [INFO] [269/300] loss 163.884 | compact 14.1842 | spectral 17.217 | recons_loss: 0.231535 | sparse_loss: 1.03541 | 
2025-07-21 03:03:46,606 [INFO] [Iter 269] LR: 0.00000001
2025-07-21 03:03:46,607 [INFO] No improvement: current loss 163.883978, best loss 163.883998
2025-07-21 03:03:47,207 [INFO] [270/300] loss 163.884 | compact 14.1842 | spectral 17.217 | recons_loss: 0.231535 | sparse_loss: 1.03541 | 
2025-07-21 03:03:47,207 [INFO] [Iter 270] LR: 0.00000001
2025-07-21 03:03:47,209 [INFO] No improvement: current loss 163.883977, best loss 163.883998
2025-07-21 03:03:47,816 [INFO] [271/300] loss 163.884 | compact 14.1842 | spectral 17.217 | recons_loss: 0.231535 | sparse_loss: 1.03541 | 
2025-07-21 03:03:47,817 [INFO] [Iter 271] LR: 0.00000001
2025-07-21 03:03:47,819 [INFO] No improvement: current loss 163.883978, best loss 163.883998
2025-07-21 03:03:48,432 [INFO] [272/300] loss 163.884 | compact 14.1842 | spectral 17.217 | recons_loss: 0.231535 | sparse_loss: 1.03541 | 
2025-07-21 03:03:48,433 [INFO] [Iter 272] LR: 0.00000001
2025-07-21 03:03:48,434 [INFO] No improvement: current loss 163.883977, best loss 163.883998
2025-07-21 03:03:49,034 [INFO] [273/300] loss 163.884 | compact 14.1842 | spectral 17.217 | recons_loss: 0.231535 | sparse_loss: 1.03541 | 
2025-07-21 03:03:49,035 [INFO] [Iter 273] LR: 0.00000001
2025-07-21 03:03:49,037 [INFO] No improvement: current loss 163.883977, best loss 163.883998
2025-07-21 03:03:49,637 [INFO] [274/300] loss 163.884 | compact 14.1842 | spectral 17.217 | recons_loss: 0.231535 | sparse_loss: 1.03541 | 
2025-07-21 03:03:49,637 [INFO] [Iter 274] LR: 0.00000001
2025-07-21 03:03:49,638 [INFO] No improvement: current loss 163.883976, best loss 163.883998
2025-07-21 03:03:50,236 [INFO] [275/300] loss 163.884 | compact 14.1842 | spectral 17.217 | recons_loss: 0.231535 | sparse_loss: 1.03541 | 
2025-07-21 03:03:50,236 [INFO] [Iter 275] LR: 0.00000001
2025-07-21 03:03:50,237 [INFO] No improvement: current loss 163.883978, best loss 163.883998
2025-07-21 03:03:50,835 [INFO] [276/300] loss 163.884 | compact 14.1842 | spectral 17.217 | recons_loss: 0.231535 | sparse_loss: 1.03541 | 
2025-07-21 03:03:50,835 [INFO] [Iter 276] LR: 0.00000001
2025-07-21 03:03:50,837 [INFO] No improvement: current loss 163.883979, best loss 163.883998
2025-07-21 03:03:51,437 [INFO] [277/300] loss 163.884 | compact 14.1842 | spectral 17.217 | recons_loss: 0.231535 | sparse_loss: 1.03541 | 
2025-07-21 03:03:51,438 [INFO] [Iter 277] LR: 0.00000001
2025-07-21 03:03:51,440 [INFO] No improvement: current loss 163.883978, best loss 163.883998
2025-07-21 03:03:52,056 [INFO] [278/300] loss 163.884 | compact 14.1842 | spectral 17.217 | recons_loss: 0.231535 | sparse_loss: 1.03541 | 
2025-07-21 03:03:52,056 [INFO] [Iter 278] LR: 0.00000001
2025-07-21 03:03:52,057 [INFO] No improvement: current loss 163.883976, best loss 163.883998
2025-07-21 03:03:52,670 [INFO] [279/300] loss 163.884 | compact 14.1842 | spectral 17.217 | recons_loss: 0.231535 | sparse_loss: 1.03541 | 
2025-07-21 03:03:52,670 [INFO] [Iter 279] LR: 0.00000001
2025-07-21 03:03:52,671 [INFO] No improvement: current loss 163.883977, best loss 163.883998
2025-07-21 03:03:53,270 [INFO] [280/300] loss 163.884 | compact 14.1842 | spectral 17.217 | recons_loss: 0.231535 | sparse_loss: 1.03541 | 
2025-07-21 03:03:53,270 [INFO] [Iter 280] LR: 0.00000001
2025-07-21 03:03:53,271 [INFO] No improvement: current loss 163.883976, best loss 163.883998
2025-07-21 03:03:53,869 [INFO] [281/300] loss 163.884 | compact 14.1842 | spectral 17.217 | recons_loss: 0.231535 | sparse_loss: 1.03541 | 
2025-07-21 03:03:53,869 [INFO] [Iter 281] LR: 0.00000001
2025-07-21 03:03:53,870 [INFO] No improvement: current loss 163.883975, best loss 163.883998
2025-07-21 03:03:54,484 [INFO] [282/300] loss 163.884 | compact 14.1842 | spectral 17.217 | recons_loss: 0.231535 | sparse_loss: 1.03541 | 
2025-07-21 03:03:54,484 [INFO] [Iter 282] LR: 0.00000001
2025-07-21 03:03:54,485 [INFO] No improvement: current loss 163.883976, best loss 163.883998
2025-07-21 03:03:55,083 [INFO] [283/300] loss 163.884 | compact 14.1842 | spectral 17.217 | recons_loss: 0.231535 | sparse_loss: 1.03541 | 
2025-07-21 03:03:55,084 [INFO] [Iter 283] LR: 0.00000001
2025-07-21 03:03:55,085 [INFO] No improvement: current loss 163.883975, best loss 163.883998
2025-07-21 03:03:55,694 [INFO] [284/300] loss 163.884 | compact 14.1842 | spectral 17.217 | recons_loss: 0.231535 | sparse_loss: 1.03541 | 
2025-07-21 03:03:55,694 [INFO] [Iter 284] LR: 0.00000001
2025-07-21 03:03:55,695 [INFO] No improvement: current loss 163.883975, best loss 163.883998
2025-07-21 03:03:56,299 [INFO] [285/300] loss 163.884 | compact 14.1842 | spectral 17.217 | recons_loss: 0.231535 | sparse_loss: 1.03541 | 
2025-07-21 03:03:56,299 [INFO] [Iter 285] LR: 0.00000001
2025-07-21 03:03:56,300 [INFO] No improvement: current loss 163.883975, best loss 163.883998
2025-07-21 03:03:56,897 [INFO] [286/300] loss 163.884 | compact 14.1842 | spectral 17.217 | recons_loss: 0.231535 | sparse_loss: 1.03541 | 
2025-07-21 03:03:56,898 [INFO] [Iter 286] LR: 0.00000001
2025-07-21 03:03:56,899 [INFO] No improvement: current loss 163.883975, best loss 163.883998
2025-07-21 03:03:57,496 [INFO] [287/300] loss 163.884 | compact 14.1842 | spectral 17.217 | recons_loss: 0.231535 | sparse_loss: 1.03541 | 
2025-07-21 03:03:57,497 [INFO] [Iter 287] LR: 0.00000001
2025-07-21 03:03:57,498 [INFO] No improvement: current loss 163.883974, best loss 163.883998
2025-07-21 03:03:58,097 [INFO] [288/300] loss 163.884 | compact 14.1842 | spectral 17.217 | recons_loss: 0.231535 | sparse_loss: 1.03541 | 
2025-07-21 03:03:58,097 [INFO] [Iter 288] LR: 0.00000001
2025-07-21 03:03:58,099 [INFO] No improvement: current loss 163.883974, best loss 163.883998
2025-07-21 03:03:58,697 [INFO] [289/300] loss 163.884 | compact 14.1842 | spectral 17.217 | recons_loss: 0.231535 | sparse_loss: 1.03541 | 
2025-07-21 03:03:58,698 [INFO] [Iter 289] LR: 0.00000001
2025-07-21 03:03:58,700 [INFO] No improvement: current loss 163.883972, best loss 163.883998
2025-07-21 03:03:59,299 [INFO] [290/300] loss 163.884 | compact 14.1842 | spectral 17.217 | recons_loss: 0.231535 | sparse_loss: 1.03541 | 
2025-07-21 03:03:59,299 [INFO] [Iter 290] LR: 0.00000001
2025-07-21 03:03:59,301 [INFO] No improvement: current loss 163.883972, best loss 163.883998
2025-07-21 03:03:59,898 [INFO] [291/300] loss 163.884 | compact 14.1842 | spectral 17.217 | recons_loss: 0.231535 | sparse_loss: 1.03541 | 
2025-07-21 03:03:59,899 [INFO] [Iter 291] LR: 0.00000001
2025-07-21 03:03:59,900 [INFO] No improvement: current loss 163.883971, best loss 163.883998
2025-07-21 03:04:00,497 [INFO] [292/300] loss 163.884 | compact 14.1842 | spectral 17.217 | recons_loss: 0.231535 | sparse_loss: 1.03541 | 
2025-07-21 03:04:00,497 [INFO] [Iter 292] LR: 0.00000001
2025-07-21 03:04:00,499 [INFO] No improvement: current loss 163.883969, best loss 163.883998
2025-07-21 03:04:01,097 [INFO] [293/300] loss 163.884 | compact 14.1842 | spectral 17.217 | recons_loss: 0.231535 | sparse_loss: 1.03541 | 
2025-07-21 03:04:01,098 [INFO] [Iter 293] LR: 0.00000001
2025-07-21 03:04:01,099 [INFO] No improvement: current loss 163.883971, best loss 163.883998
2025-07-21 03:04:01,697 [INFO] [294/300] loss 163.884 | compact 14.1842 | spectral 17.217 | recons_loss: 0.231535 | sparse_loss: 1.03541 | 
2025-07-21 03:04:01,697 [INFO] [Iter 294] LR: 0.00000001
2025-07-21 03:04:01,698 [INFO] No improvement: current loss 163.883970, best loss 163.883998
2025-07-21 03:04:02,308 [INFO] [295/300] loss 163.884 | compact 14.1842 | spectral 17.217 | recons_loss: 0.231535 | sparse_loss: 1.03541 | 
2025-07-21 03:04:02,308 [INFO] [Iter 295] LR: 0.00000001
2025-07-21 03:04:02,309 [INFO] No improvement: current loss 163.883972, best loss 163.883998
2025-07-21 03:04:02,907 [INFO] [296/300] loss 163.884 | compact 14.1842 | spectral 17.217 | recons_loss: 0.231535 | sparse_loss: 1.03541 | 
2025-07-21 03:04:02,907 [INFO] [Iter 296] LR: 0.00000001
2025-07-21 03:04:02,908 [INFO] No improvement: current loss 163.883972, best loss 163.883998
2025-07-21 03:04:03,510 [INFO] [297/300] loss 163.884 | compact 14.1842 | spectral 17.217 | recons_loss: 0.231535 | sparse_loss: 1.03541 | 
2025-07-21 03:04:03,510 [INFO] [Iter 297] LR: 0.00000001
2025-07-21 03:04:03,511 [INFO] No improvement: current loss 163.883972, best loss 163.883998
2025-07-21 03:04:04,108 [INFO] [298/300] loss 163.884 | compact 14.1842 | spectral 17.217 | recons_loss: 0.231535 | sparse_loss: 1.03541 | 
2025-07-21 03:04:04,108 [INFO] [Iter 298] LR: 0.00000001
2025-07-21 03:04:04,109 [INFO] No improvement: current loss 163.883972, best loss 163.883998
2025-07-21 03:04:04,303 [INFO] H: 600, W: 166
2025-07-21 03:04:04,403 [INFO] [0 1 2 3 4 5]
2025-07-21 03:04:04,496 [INFO] y_target: [1 2 3 4 5 6]
2025-07-21 03:04:04,496 [INFO] y_predict: [0 1 2 3 4 5]
2025-07-21 03:04:04,585 [INFO] Epoch = 299 OA = 0.8742 Kappa = 0.8314 NMI = 0.8128
2025-07-21 03:04:05,061 [INFO] [299/300] loss 163.884 | compact 14.1842 | spectral 17.217 | recons_loss: 0.231535 | sparse_loss: 1.03541 | 
2025-07-21 03:04:05,061 [INFO] [Iter 299] LR: 0.00000001
2025-07-21 03:04:05,062 [INFO] No improvement: current loss 163.883972, best loss 163.883998
2025-07-21 03:04:05,062 [INFO] Training finished. Best model loaded.
