2025-07-21 04:08:30,146 [INFO] ========== Training Configuration ==========
2025-07-21 04:08:30,146 [INFO] out_dir: ./log
2025-07-21 04:08:30,146 [INFO] lr: 0.1
2025-07-21 04:08:30,146 [INFO] train_iter: 300
2025-07-21 04:08:30,146 [INFO] niter: 5
2025-07-21 04:08:30,146 [INFO] nspix: 300
2025-07-21 04:08:30,146 [INFO] weight: weight
2025-07-21 04:08:30,146 [INFO] weight_representation: 125.0
2025-07-21 04:08:30,146 [INFO] weight_noise: 50.0
2025-07-21 04:08:30,146 [INFO] dataset: trento
2025-07-21 04:08:30,146 [INFO] device: cuda:0
2025-07-21 04:08:30,146 [INFO] log: trento11
2025-07-21 04:08:30,146 [INFO] ============================================
2025-07-21 04:08:33,134 [INFO] H: 600, W: 166
2025-07-21 04:08:33,282 [INFO] [0 1 2 3 4 5]
2025-07-21 04:08:33,482 [INFO] y_target: [1 2 3 4 5 6]
2025-07-21 04:08:33,482 [INFO] y_predict: [0 1 2 3 4 5]
2025-07-21 04:08:33,575 [INFO] Epoch = 0 OA = 0.8509 Kappa = 0.8011 NMI = 0.7884
2025-07-21 04:08:34,095 [INFO] [0/300] loss 938.797 | compact 13.9608 | spectral 17.8474 | recons_loss: 0.260069 | sparse_loss: 1.04467 | 
2025-07-21 04:08:34,095 [INFO] [Iter 0] LR: 0.10000000
2025-07-21 04:08:34,097 [INFO] Saving best model at iteration 0
2025-07-21 04:08:34,704 [INFO] [1/300] loss 938.305 | compact 13.9648 | spectral 17.8321 | recons_loss: 0.258684 | sparse_loss: 1.04471 | 
2025-07-21 04:08:34,705 [INFO] [Iter 1] LR: 0.10000000
2025-07-21 04:08:34,706 [INFO] Saving best model at iteration 1
2025-07-21 04:08:35,302 [INFO] [2/300] loss 937.519 | compact 13.9688 | spectral 17.8103 | recons_loss: 0.25648 | sparse_loss: 1.04467 | 
2025-07-21 04:08:35,303 [INFO] [Iter 2] LR: 0.10000000
2025-07-21 04:08:35,304 [INFO] Saving best model at iteration 2
2025-07-21 04:08:35,902 [INFO] [3/300] loss 936.527 | compact 13.9735 | spectral 17.7836 | recons_loss: 0.253637 | sparse_loss: 1.04445 | 
2025-07-21 04:08:35,903 [INFO] [Iter 3] LR: 0.10000000
2025-07-21 04:08:35,904 [INFO] Saving best model at iteration 3
2025-07-21 04:08:36,505 [INFO] [4/300] loss 935.407 | compact 13.9781 | spectral 17.7525 | recons_loss: 0.250385 | sparse_loss: 1.04406 | 
2025-07-21 04:08:36,505 [INFO] [Iter 4] LR: 0.10000000
2025-07-21 04:08:36,508 [INFO] Saving best model at iteration 4
2025-07-21 04:08:37,111 [INFO] [5/300] loss 934.221 | compact 13.981 | spectral 17.7197 | recons_loss: 0.246841 | sparse_loss: 1.04354 | 
2025-07-21 04:08:37,111 [INFO] [Iter 5] LR: 0.10000000
2025-07-21 04:08:37,112 [INFO] Saving best model at iteration 5
2025-07-21 04:08:37,709 [INFO] [6/300] loss 933.004 | compact 13.9897 | spectral 17.6849 | recons_loss: 0.242984 | sparse_loss: 1.04298 | 
2025-07-21 04:08:37,709 [INFO] [Iter 6] LR: 0.10000000
2025-07-21 04:08:37,710 [INFO] Saving best model at iteration 6
2025-07-21 04:08:38,308 [INFO] [7/300] loss 931.777 | compact 13.9968 | spectral 17.6486 | recons_loss: 0.238967 | sparse_loss: 1.04242 | 
2025-07-21 04:08:38,308 [INFO] [Iter 7] LR: 0.10000000
2025-07-21 04:08:38,309 [INFO] Saving best model at iteration 7
2025-07-21 04:08:38,907 [INFO] [8/300] loss 930.562 | compact 14.0051 | spectral 17.6104 | recons_loss: 0.234864 | sparse_loss: 1.04188 | 
2025-07-21 04:08:38,907 [INFO] [Iter 8] LR: 0.10000000
2025-07-21 04:08:38,908 [INFO] Saving best model at iteration 8
2025-07-21 04:08:39,507 [INFO] [9/300] loss 929.386 | compact 14.0128 | spectral 17.5733 | recons_loss: 0.230816 | sparse_loss: 1.04136 | 
2025-07-21 04:08:39,507 [INFO] [Iter 9] LR: 0.10000000
2025-07-21 04:08:39,509 [INFO] Saving best model at iteration 9
2025-07-21 04:08:40,111 [INFO] [10/300] loss 928.255 | compact 14.0197 | spectral 17.5376 | recons_loss: 0.226813 | sparse_loss: 1.04083 | 
2025-07-21 04:08:40,111 [INFO] [Iter 10] LR: 0.10000000
2025-07-21 04:08:40,112 [INFO] Saving best model at iteration 10
2025-07-21 04:08:40,709 [INFO] [11/300] loss 927.172 | compact 14.0277 | spectral 17.5035 | recons_loss: 0.22286 | sparse_loss: 1.04031 | 
2025-07-21 04:08:40,710 [INFO] [Iter 11] LR: 0.10000000
2025-07-21 04:08:40,711 [INFO] Saving best model at iteration 11
2025-07-21 04:08:41,308 [INFO] [12/300] loss 926.135 | compact 14.0328 | spectral 17.4706 | recons_loss: 0.219017 | sparse_loss: 1.03976 | 
2025-07-21 04:08:41,308 [INFO] [Iter 12] LR: 0.10000000
2025-07-21 04:08:41,309 [INFO] Saving best model at iteration 12
2025-07-21 04:08:41,906 [INFO] [13/300] loss 925.148 | compact 14.0398 | spectral 17.4373 | recons_loss: 0.215305 | sparse_loss: 1.03922 | 
2025-07-21 04:08:41,906 [INFO] [Iter 13] LR: 0.10000000
2025-07-21 04:08:41,907 [INFO] Saving best model at iteration 13
2025-07-21 04:08:42,505 [INFO] [14/300] loss 924.213 | compact 14.0451 | spectral 17.4079 | recons_loss: 0.211748 | sparse_loss: 1.03869 | 
2025-07-21 04:08:42,505 [INFO] [Iter 14] LR: 0.10000000
2025-07-21 04:08:42,506 [INFO] Saving best model at iteration 14
2025-07-21 04:08:43,103 [INFO] [15/300] loss 923.329 | compact 14.0485 | spectral 17.3846 | recons_loss: 0.208314 | sparse_loss: 1.03822 | 
2025-07-21 04:08:43,103 [INFO] [Iter 15] LR: 0.10000000
2025-07-21 04:08:43,105 [INFO] Saving best model at iteration 15
2025-07-21 04:08:43,717 [INFO] [16/300] loss 922.488 | compact 14.0528 | spectral 17.3628 | recons_loss: 0.205024 | sparse_loss: 1.03779 | 
2025-07-21 04:08:43,717 [INFO] [Iter 16] LR: 0.10000000
2025-07-21 04:08:43,718 [INFO] Saving best model at iteration 16
2025-07-21 04:08:44,314 [INFO] [17/300] loss 921.691 | compact 14.0588 | spectral 17.3421 | recons_loss: 0.201901 | sparse_loss: 1.03739 | 
2025-07-21 04:08:44,315 [INFO] [Iter 17] LR: 0.10000000
2025-07-21 04:08:44,316 [INFO] Saving best model at iteration 17
2025-07-21 04:08:44,913 [INFO] [18/300] loss 920.945 | compact 14.0669 | spectral 17.328 | recons_loss: 0.198955 | sparse_loss: 1.03703 | 
2025-07-21 04:08:44,914 [INFO] [Iter 18] LR: 0.10000000
2025-07-21 04:08:44,915 [INFO] Saving best model at iteration 18
2025-07-21 04:08:45,513 [INFO] [19/300] loss 920.222 | compact 14.0759 | spectral 17.3085 | recons_loss: 0.196164 | sparse_loss: 1.03668 | 
2025-07-21 04:08:45,513 [INFO] [Iter 19] LR: 0.10000000
2025-07-21 04:08:45,514 [INFO] Saving best model at iteration 19
2025-07-21 04:08:46,111 [INFO] [20/300] loss 919.54 | compact 14.0846 | spectral 17.2934 | recons_loss: 0.193539 | sparse_loss: 1.03634 | 
2025-07-21 04:08:46,111 [INFO] [Iter 20] LR: 0.10000000
2025-07-21 04:08:46,112 [INFO] Saving best model at iteration 20
2025-07-21 04:08:46,709 [INFO] [21/300] loss 918.896 | compact 14.0968 | spectral 17.2786 | recons_loss: 0.191084 | sparse_loss: 1.03601 | 
2025-07-21 04:08:46,710 [INFO] [Iter 21] LR: 0.10000000
2025-07-21 04:08:46,711 [INFO] Saving best model at iteration 21
2025-07-21 04:08:47,308 [INFO] [22/300] loss 918.287 | compact 14.109 | spectral 17.2628 | recons_loss: 0.188792 | sparse_loss: 1.03571 | 
2025-07-21 04:08:47,308 [INFO] [Iter 22] LR: 0.10000000
2025-07-21 04:08:47,309 [INFO] Saving best model at iteration 22
2025-07-21 04:08:47,907 [INFO] [23/300] loss 917.715 | compact 14.1241 | spectral 17.2475 | recons_loss: 0.186651 | sparse_loss: 1.03543 | 
2025-07-21 04:08:47,907 [INFO] [Iter 23] LR: 0.10000000
2025-07-21 04:08:47,909 [INFO] Saving best model at iteration 23
2025-07-21 04:08:48,506 [INFO] [24/300] loss 917.173 | compact 14.1371 | spectral 17.2327 | recons_loss: 0.184623 | sparse_loss: 1.03521 | 
2025-07-21 04:08:48,506 [INFO] [Iter 24] LR: 0.10000000
2025-07-21 04:08:48,507 [INFO] Saving best model at iteration 24
2025-07-21 04:08:49,109 [INFO] [25/300] loss 916.658 | compact 14.1497 | spectral 17.218 | recons_loss: 0.182731 | sparse_loss: 1.03501 | 
2025-07-21 04:08:49,109 [INFO] [Iter 25] LR: 0.10000000
2025-07-21 04:08:49,110 [INFO] Saving best model at iteration 25
2025-07-21 04:08:49,708 [INFO] [26/300] loss 916.174 | compact 14.1613 | spectral 17.2056 | recons_loss: 0.180985 | sparse_loss: 1.03484 | 
2025-07-21 04:08:49,708 [INFO] [Iter 26] LR: 0.10000000
2025-07-21 04:08:49,709 [INFO] Saving best model at iteration 26
2025-07-21 04:08:50,307 [INFO] [27/300] loss 915.79 | compact 14.1707 | spectral 17.1929 | recons_loss: 0.179672 | sparse_loss: 1.03465 | 
2025-07-21 04:08:50,308 [INFO] [Iter 27] LR: 0.10000000
2025-07-21 04:08:50,309 [INFO] Saving best model at iteration 27
2025-07-21 04:08:50,907 [INFO] [28/300] loss 915.428 | compact 14.1792 | spectral 17.1853 | recons_loss: 0.178449 | sparse_loss: 1.03447 | 
2025-07-21 04:08:50,908 [INFO] [Iter 28] LR: 0.10000000
2025-07-21 04:08:50,909 [INFO] Saving best model at iteration 28
2025-07-21 04:08:51,514 [INFO] [29/300] loss 915.086 | compact 14.1854 | spectral 17.1818 | recons_loss: 0.177304 | sparse_loss: 1.03429 | 
2025-07-21 04:08:51,514 [INFO] [Iter 29] LR: 0.05000000
2025-07-21 04:08:51,515 [INFO] Saving best model at iteration 29
2025-07-21 04:08:52,116 [INFO] [30/300] loss 914.757 | compact 14.192 | spectral 17.1782 | recons_loss: 0.176226 | sparse_loss: 1.03414 | 
2025-07-21 04:08:52,116 [INFO] [Iter 30] LR: 0.05000000
2025-07-21 04:08:52,117 [INFO] Saving best model at iteration 30
2025-07-21 04:08:52,715 [INFO] [31/300] loss 914.451 | compact 14.1977 | spectral 17.1766 | recons_loss: 0.175227 | sparse_loss: 1.034 | 
2025-07-21 04:08:52,715 [INFO] [Iter 31] LR: 0.05000000
2025-07-21 04:08:52,717 [INFO] Saving best model at iteration 31
2025-07-21 04:08:53,323 [INFO] [32/300] loss 914.159 | compact 14.2031 | spectral 17.1743 | recons_loss: 0.174309 | sparse_loss: 1.03387 | 
2025-07-21 04:08:53,323 [INFO] [Iter 32] LR: 0.05000000
2025-07-21 04:08:53,324 [INFO] Saving best model at iteration 32
2025-07-21 04:08:53,926 [INFO] [33/300] loss 913.879 | compact 14.2098 | spectral 17.1717 | recons_loss: 0.173463 | sparse_loss: 1.03375 | 
2025-07-21 04:08:53,927 [INFO] [Iter 33] LR: 0.05000000
2025-07-21 04:08:53,928 [INFO] Saving best model at iteration 33
2025-07-21 04:08:54,524 [INFO] [34/300] loss 913.615 | compact 14.2152 | spectral 17.1694 | recons_loss: 0.17268 | sparse_loss: 1.03364 | 
2025-07-21 04:08:54,525 [INFO] [Iter 34] LR: 0.05000000
2025-07-21 04:08:54,526 [INFO] Saving best model at iteration 34
2025-07-21 04:08:55,143 [INFO] [35/300] loss 913.315 | compact 14.2209 | spectral 17.1708 | recons_loss: 0.171744 | sparse_loss: 1.03354 | 
2025-07-21 04:08:55,143 [INFO] [Iter 35] LR: 0.05000000
2025-07-21 04:08:55,144 [INFO] Saving best model at iteration 35
2025-07-21 04:08:55,743 [INFO] [36/300] loss 913.024 | compact 14.2262 | spectral 17.1711 | recons_loss: 0.170859 | sparse_loss: 1.03344 | 
2025-07-21 04:08:55,743 [INFO] [Iter 36] LR: 0.05000000
2025-07-21 04:08:55,745 [INFO] Saving best model at iteration 36
2025-07-21 04:08:56,342 [INFO] [37/300] loss 912.753 | compact 14.2307 | spectral 17.1716 | recons_loss: 0.170054 | sparse_loss: 1.03334 | 
2025-07-21 04:08:56,343 [INFO] [Iter 37] LR: 0.05000000
2025-07-21 04:08:56,344 [INFO] Saving best model at iteration 37
2025-07-21 04:08:56,951 [INFO] [38/300] loss 912.498 | compact 14.2353 | spectral 17.1721 | recons_loss: 0.169323 | sparse_loss: 1.03324 | 
2025-07-21 04:08:56,951 [INFO] [Iter 38] LR: 0.05000000
2025-07-21 04:08:56,952 [INFO] Saving best model at iteration 38
2025-07-21 04:08:57,550 [INFO] [39/300] loss 912.257 | compact 14.2398 | spectral 17.1723 | recons_loss: 0.168656 | sparse_loss: 1.03314 | 
2025-07-21 04:08:57,550 [INFO] [Iter 39] LR: 0.05000000
2025-07-21 04:08:57,551 [INFO] Saving best model at iteration 39
2025-07-21 04:08:58,152 [INFO] [40/300] loss 912.031 | compact 14.2442 | spectral 17.1719 | recons_loss: 0.168046 | sparse_loss: 1.03305 | 
2025-07-21 04:08:58,153 [INFO] [Iter 40] LR: 0.05000000
2025-07-21 04:08:58,155 [INFO] Saving best model at iteration 40
2025-07-21 04:08:58,753 [INFO] [41/300] loss 911.817 | compact 14.2483 | spectral 17.172 | recons_loss: 0.167481 | sparse_loss: 1.03296 | 
2025-07-21 04:08:58,753 [INFO] [Iter 41] LR: 0.05000000
2025-07-21 04:08:58,754 [INFO] Saving best model at iteration 41
2025-07-21 04:08:59,359 [INFO] [42/300] loss 911.619 | compact 14.2524 | spectral 17.1731 | recons_loss: 0.166967 | sparse_loss: 1.03289 | 
2025-07-21 04:08:59,359 [INFO] [Iter 42] LR: 0.05000000
2025-07-21 04:08:59,360 [INFO] Saving best model at iteration 42
2025-07-21 04:08:59,958 [INFO] [43/300] loss 911.438 | compact 14.2571 | spectral 17.1752 | recons_loss: 0.166515 | sparse_loss: 1.03283 | 
2025-07-21 04:08:59,958 [INFO] [Iter 43] LR: 0.05000000
2025-07-21 04:08:59,959 [INFO] Saving best model at iteration 43
2025-07-21 04:09:00,556 [INFO] [44/300] loss 911.266 | compact 14.261 | spectral 17.1776 | recons_loss: 0.166085 | sparse_loss: 1.03277 | 
2025-07-21 04:09:00,557 [INFO] [Iter 44] LR: 0.05000000
2025-07-21 04:09:00,558 [INFO] Saving best model at iteration 44
2025-07-21 04:09:01,156 [INFO] [45/300] loss 911.101 | compact 14.2653 | spectral 17.1785 | recons_loss: 0.165688 | sparse_loss: 1.03271 | 
2025-07-21 04:09:01,156 [INFO] [Iter 45] LR: 0.05000000
2025-07-21 04:09:01,159 [INFO] Saving best model at iteration 45
2025-07-21 04:09:01,774 [INFO] [46/300] loss 910.944 | compact 14.2693 | spectral 17.1803 | recons_loss: 0.165323 | sparse_loss: 1.03266 | 
2025-07-21 04:09:01,774 [INFO] [Iter 46] LR: 0.05000000
2025-07-21 04:09:01,775 [INFO] Saving best model at iteration 46
2025-07-21 04:09:02,372 [INFO] [47/300] loss 910.795 | compact 14.2729 | spectral 17.1818 | recons_loss: 0.165007 | sparse_loss: 1.03259 | 
2025-07-21 04:09:02,373 [INFO] [Iter 47] LR: 0.05000000
2025-07-21 04:09:02,374 [INFO] Saving best model at iteration 47
2025-07-21 04:09:02,972 [INFO] [48/300] loss 910.648 | compact 14.2761 | spectral 17.1816 | recons_loss: 0.164709 | sparse_loss: 1.03252 | 
2025-07-21 04:09:02,972 [INFO] [Iter 48] LR: 0.05000000
2025-07-21 04:09:02,973 [INFO] Saving best model at iteration 48
2025-07-21 04:09:03,570 [INFO] [49/300] loss 910.503 | compact 14.2794 | spectral 17.1799 | recons_loss: 0.164428 | sparse_loss: 1.03246 | 
2025-07-21 04:09:03,570 [INFO] [Iter 49] LR: 0.05000000
2025-07-21 04:09:03,572 [INFO] Saving best model at iteration 49
2025-07-21 04:09:03,750 [INFO] H: 600, W: 166
2025-07-21 04:09:03,864 [INFO] [0 1 2 3 4 5]
2025-07-21 04:09:03,962 [INFO] y_target: [1 2 3 4 5 6]
2025-07-21 04:09:03,962 [INFO] y_predict: [0 1 2 3 4 5]
2025-07-21 04:09:04,051 [INFO] Epoch = 50 OA = 0.8828 Kappa = 0.8435 NMI = 0.8088
2025-07-21 04:09:04,527 [INFO] [50/300] loss 910.366 | compact 14.2833 | spectral 17.177 | recons_loss: 0.164173 | sparse_loss: 1.0324 | 
2025-07-21 04:09:04,527 [INFO] [Iter 50] LR: 0.05000000
2025-07-21 04:09:04,528 [INFO] Saving best model at iteration 50
2025-07-21 04:09:05,126 [INFO] [51/300] loss 910.238 | compact 14.2865 | spectral 17.1741 | recons_loss: 0.163936 | sparse_loss: 1.03235 | 
2025-07-21 04:09:05,126 [INFO] [Iter 51] LR: 0.05000000
2025-07-21 04:09:05,127 [INFO] Saving best model at iteration 51
2025-07-21 04:09:05,725 [INFO] [52/300] loss 910.118 | compact 14.289 | spectral 17.1727 | recons_loss: 0.163716 | sparse_loss: 1.03231 | 
2025-07-21 04:09:05,726 [INFO] [Iter 52] LR: 0.05000000
2025-07-21 04:09:05,728 [INFO] Saving best model at iteration 52
2025-07-21 04:09:06,325 [INFO] [53/300] loss 910.002 | compact 14.2917 | spectral 17.1717 | recons_loss: 0.163504 | sparse_loss: 1.03228 | 
2025-07-21 04:09:06,326 [INFO] [Iter 53] LR: 0.05000000
2025-07-21 04:09:06,327 [INFO] Saving best model at iteration 53
2025-07-21 04:09:06,925 [INFO] [54/300] loss 909.891 | compact 14.2942 | spectral 17.1714 | recons_loss: 0.163299 | sparse_loss: 1.03224 | 
2025-07-21 04:09:06,925 [INFO] [Iter 54] LR: 0.05000000
2025-07-21 04:09:06,927 [INFO] Saving best model at iteration 54
2025-07-21 04:09:07,528 [INFO] [55/300] loss 909.785 | compact 14.297 | spectral 17.1705 | recons_loss: 0.163112 | sparse_loss: 1.0322 | 
2025-07-21 04:09:07,528 [INFO] [Iter 55] LR: 0.05000000
2025-07-21 04:09:07,529 [INFO] Saving best model at iteration 55
2025-07-21 04:09:08,127 [INFO] [56/300] loss 909.681 | compact 14.2997 | spectral 17.1691 | recons_loss: 0.162935 | sparse_loss: 1.03216 | 
2025-07-21 04:09:08,127 [INFO] [Iter 56] LR: 0.05000000
2025-07-21 04:09:08,128 [INFO] Saving best model at iteration 56
2025-07-21 04:09:08,726 [INFO] [57/300] loss 909.58 | compact 14.302 | spectral 17.1681 | recons_loss: 0.162768 | sparse_loss: 1.03212 | 
2025-07-21 04:09:08,726 [INFO] [Iter 57] LR: 0.05000000
2025-07-21 04:09:08,727 [INFO] Saving best model at iteration 57
2025-07-21 04:09:09,330 [INFO] [58/300] loss 909.484 | compact 14.3043 | spectral 17.1673 | recons_loss: 0.16261 | sparse_loss: 1.03208 | 
2025-07-21 04:09:09,330 [INFO] [Iter 58] LR: 0.05000000
2025-07-21 04:09:09,331 [INFO] Saving best model at iteration 58
2025-07-21 04:09:09,929 [INFO] [59/300] loss 909.392 | compact 14.3062 | spectral 17.1668 | recons_loss: 0.162465 | sparse_loss: 1.03205 | 
2025-07-21 04:09:09,930 [INFO] [Iter 59] LR: 0.05000000
2025-07-21 04:09:09,931 [INFO] Saving best model at iteration 59
2025-07-21 04:09:10,528 [INFO] [60/300] loss 909.303 | compact 14.3081 | spectral 17.1661 | recons_loss: 0.162325 | sparse_loss: 1.03201 | 
2025-07-21 04:09:10,528 [INFO] [Iter 60] LR: 0.05000000
2025-07-21 04:09:10,530 [INFO] Saving best model at iteration 60
2025-07-21 04:09:11,127 [INFO] [61/300] loss 909.217 | compact 14.3099 | spectral 17.1654 | recons_loss: 0.162192 | sparse_loss: 1.03198 | 
2025-07-21 04:09:11,128 [INFO] [Iter 61] LR: 0.05000000
2025-07-21 04:09:11,130 [INFO] Saving best model at iteration 61
2025-07-21 04:09:11,729 [INFO] [62/300] loss 909.135 | compact 14.3118 | spectral 17.1649 | recons_loss: 0.162065 | sparse_loss: 1.03195 | 
2025-07-21 04:09:11,729 [INFO] [Iter 62] LR: 0.05000000
2025-07-21 04:09:11,731 [INFO] Saving best model at iteration 62
2025-07-21 04:09:12,329 [INFO] [63/300] loss 909.059 | compact 14.3133 | spectral 17.1654 | recons_loss: 0.161941 | sparse_loss: 1.03193 | 
2025-07-21 04:09:12,329 [INFO] [Iter 63] LR: 0.05000000
2025-07-21 04:09:12,330 [INFO] Saving best model at iteration 63
2025-07-21 04:09:12,928 [INFO] [64/300] loss 908.994 | compact 14.313 | spectral 17.1681 | recons_loss: 0.161832 | sparse_loss: 1.0319 | 
2025-07-21 04:09:12,928 [INFO] [Iter 64] LR: 0.02500000
2025-07-21 04:09:12,929 [INFO] Saving best model at iteration 64
2025-07-21 04:09:13,535 [INFO] [65/300] loss 908.932 | compact 14.313 | spectral 17.1711 | recons_loss: 0.161726 | sparse_loss: 1.03187 | 
2025-07-21 04:09:13,535 [INFO] [Iter 65] LR: 0.02500000
2025-07-21 04:09:13,536 [INFO] Saving best model at iteration 65
2025-07-21 04:09:14,134 [INFO] [66/300] loss 908.872 | compact 14.313 | spectral 17.1736 | recons_loss: 0.161626 | sparse_loss: 1.03184 | 
2025-07-21 04:09:14,134 [INFO] [Iter 66] LR: 0.02500000
2025-07-21 04:09:14,135 [INFO] Saving best model at iteration 66
2025-07-21 04:09:14,733 [INFO] [67/300] loss 908.815 | compact 14.3132 | spectral 17.1758 | recons_loss: 0.161531 | sparse_loss: 1.03182 | 
2025-07-21 04:09:14,734 [INFO] [Iter 67] LR: 0.02500000
2025-07-21 04:09:14,736 [INFO] Saving best model at iteration 67
2025-07-21 04:09:15,355 [INFO] [68/300] loss 908.759 | compact 14.3132 | spectral 17.1777 | recons_loss: 0.161443 | sparse_loss: 1.03179 | 
2025-07-21 04:09:15,356 [INFO] [Iter 68] LR: 0.02500000
2025-07-21 04:09:15,358 [INFO] Saving best model at iteration 68
2025-07-21 04:09:15,957 [INFO] [69/300] loss 908.705 | compact 14.3133 | spectral 17.1798 | recons_loss: 0.161357 | sparse_loss: 1.03177 | 
2025-07-21 04:09:15,958 [INFO] [Iter 69] LR: 0.02500000
2025-07-21 04:09:15,960 [INFO] Saving best model at iteration 69
2025-07-21 04:09:16,569 [INFO] [70/300] loss 908.654 | compact 14.3135 | spectral 17.1813 | recons_loss: 0.161275 | sparse_loss: 1.03175 | 
2025-07-21 04:09:16,569 [INFO] [Iter 70] LR: 0.02500000
2025-07-21 04:09:16,570 [INFO] Saving best model at iteration 70
2025-07-21 04:09:17,168 [INFO] [71/300] loss 908.604 | compact 14.3136 | spectral 17.1826 | recons_loss: 0.161198 | sparse_loss: 1.03172 | 
2025-07-21 04:09:17,169 [INFO] [Iter 71] LR: 0.02500000
2025-07-21 04:09:17,171 [INFO] Saving best model at iteration 71
2025-07-21 04:09:17,772 [INFO] [72/300] loss 908.557 | compact 14.3136 | spectral 17.184 | recons_loss: 0.161124 | sparse_loss: 1.0317 | 
2025-07-21 04:09:17,773 [INFO] [Iter 72] LR: 0.02500000
2025-07-21 04:09:17,775 [INFO] Saving best model at iteration 72
2025-07-21 04:09:18,373 [INFO] [73/300] loss 908.511 | compact 14.3138 | spectral 17.1851 | recons_loss: 0.161052 | sparse_loss: 1.03168 | 
2025-07-21 04:09:18,373 [INFO] [Iter 73] LR: 0.02500000
2025-07-21 04:09:18,374 [INFO] Saving best model at iteration 73
2025-07-21 04:09:18,972 [INFO] [74/300] loss 908.466 | compact 14.3142 | spectral 17.1859 | recons_loss: 0.160983 | sparse_loss: 1.03166 | 
2025-07-21 04:09:18,972 [INFO] [Iter 74] LR: 0.02500000
2025-07-21 04:09:18,974 [INFO] Saving best model at iteration 74
2025-07-21 04:09:19,575 [INFO] [75/300] loss 908.424 | compact 14.3143 | spectral 17.187 | recons_loss: 0.160916 | sparse_loss: 1.03164 | 
2025-07-21 04:09:19,576 [INFO] [Iter 75] LR: 0.01250000
2025-07-21 04:09:19,577 [INFO] Saving best model at iteration 75
2025-07-21 04:09:20,181 [INFO] [76/300] loss 908.382 | compact 14.3146 | spectral 17.1877 | recons_loss: 0.16085 | sparse_loss: 1.03162 | 
2025-07-21 04:09:20,181 [INFO] [Iter 76] LR: 0.01250000
2025-07-21 04:09:20,184 [INFO] Saving best model at iteration 76
2025-07-21 04:09:20,782 [INFO] [77/300] loss 908.343 | compact 14.3148 | spectral 17.1884 | recons_loss: 0.16079 | sparse_loss: 1.0316 | 
2025-07-21 04:09:20,783 [INFO] [Iter 77] LR: 0.01250000
2025-07-21 04:09:20,784 [INFO] Saving best model at iteration 77
2025-07-21 04:09:21,381 [INFO] [78/300] loss 908.305 | compact 14.315 | spectral 17.189 | recons_loss: 0.160732 | sparse_loss: 1.03158 | 
2025-07-21 04:09:21,381 [INFO] [Iter 78] LR: 0.01250000
2025-07-21 04:09:21,382 [INFO] Saving best model at iteration 78
2025-07-21 04:09:21,980 [INFO] [79/300] loss 908.27 | compact 14.3151 | spectral 17.1896 | recons_loss: 0.160678 | sparse_loss: 1.03157 | 
2025-07-21 04:09:21,981 [INFO] [Iter 79] LR: 0.00625000
2025-07-21 04:09:21,982 [INFO] Saving best model at iteration 79
2025-07-21 04:09:22,585 [INFO] [80/300] loss 908.237 | compact 14.3151 | spectral 17.1902 | recons_loss: 0.160626 | sparse_loss: 1.03155 | 
2025-07-21 04:09:22,586 [INFO] [Iter 80] LR: 0.00625000
2025-07-21 04:09:22,588 [INFO] Saving best model at iteration 80
2025-07-21 04:09:23,193 [INFO] [81/300] loss 908.206 | compact 14.3152 | spectral 17.1907 | recons_loss: 0.160579 | sparse_loss: 1.03153 | 
2025-07-21 04:09:23,193 [INFO] [Iter 81] LR: 0.00625000
2025-07-21 04:09:23,194 [INFO] Saving best model at iteration 81
2025-07-21 04:09:23,799 [INFO] [82/300] loss 908.177 | compact 14.3153 | spectral 17.1911 | recons_loss: 0.160534 | sparse_loss: 1.03152 | 
2025-07-21 04:09:23,799 [INFO] [Iter 82] LR: 0.00312500
2025-07-21 04:09:23,800 [INFO] Saving best model at iteration 82
2025-07-21 04:09:24,398 [INFO] [83/300] loss 908.151 | compact 14.3152 | spectral 17.1917 | recons_loss: 0.160493 | sparse_loss: 1.03151 | 
2025-07-21 04:09:24,398 [INFO] [Iter 83] LR: 0.00312500
2025-07-21 04:09:24,399 [INFO] Saving best model at iteration 83
2025-07-21 04:09:25,002 [INFO] [84/300] loss 908.127 | compact 14.3151 | spectral 17.1922 | recons_loss: 0.160456 | sparse_loss: 1.0315 | 
2025-07-21 04:09:25,003 [INFO] [Iter 84] LR: 0.00312500
2025-07-21 04:09:25,004 [INFO] Saving best model at iteration 84
2025-07-21 04:09:25,602 [INFO] [85/300] loss 908.104 | compact 14.315 | spectral 17.1928 | recons_loss: 0.160422 | sparse_loss: 1.03149 | 
2025-07-21 04:09:25,602 [INFO] [Iter 85] LR: 0.00312500
2025-07-21 04:09:25,604 [INFO] Saving best model at iteration 85
2025-07-21 04:09:26,201 [INFO] [86/300] loss 908.084 | compact 14.3149 | spectral 17.1934 | recons_loss: 0.16039 | sparse_loss: 1.03148 | 
2025-07-21 04:09:26,201 [INFO] [Iter 86] LR: 0.00156250
2025-07-21 04:09:26,202 [INFO] Saving best model at iteration 86
2025-07-21 04:09:26,799 [INFO] [87/300] loss 908.064 | compact 14.3149 | spectral 17.1939 | recons_loss: 0.160362 | sparse_loss: 1.03147 | 
2025-07-21 04:09:26,800 [INFO] [Iter 87] LR: 0.00156250
2025-07-21 04:09:26,801 [INFO] Saving best model at iteration 87
2025-07-21 04:09:27,399 [INFO] [88/300] loss 908.047 | compact 14.3147 | spectral 17.1944 | recons_loss: 0.160335 | sparse_loss: 1.03146 | 
2025-07-21 04:09:27,399 [INFO] [Iter 88] LR: 0.00156250
2025-07-21 04:09:27,401 [INFO] Saving best model at iteration 88
2025-07-21 04:09:28,000 [INFO] [89/300] loss 908.031 | compact 14.3146 | spectral 17.195 | recons_loss: 0.160311 | sparse_loss: 1.03146 | 
2025-07-21 04:09:28,000 [INFO] [Iter 89] LR: 0.00078125
2025-07-21 04:09:28,002 [INFO] Saving best model at iteration 89
2025-07-21 04:09:28,601 [INFO] [90/300] loss 908.017 | compact 14.3146 | spectral 17.1955 | recons_loss: 0.160289 | sparse_loss: 1.03145 | 
2025-07-21 04:09:28,602 [INFO] [Iter 90] LR: 0.00078125
2025-07-21 04:09:28,603 [INFO] Saving best model at iteration 90
2025-07-21 04:09:29,201 [INFO] [91/300] loss 908.003 | compact 14.3145 | spectral 17.1959 | recons_loss: 0.160269 | sparse_loss: 1.03145 | 
2025-07-21 04:09:29,201 [INFO] [Iter 91] LR: 0.00078125
2025-07-21 04:09:29,203 [INFO] Saving best model at iteration 91
2025-07-21 04:09:29,804 [INFO] [92/300] loss 907.991 | compact 14.3145 | spectral 17.1963 | recons_loss: 0.160251 | sparse_loss: 1.03144 | 
2025-07-21 04:09:29,804 [INFO] [Iter 92] LR: 0.00039063
2025-07-21 04:09:29,805 [INFO] Saving best model at iteration 92
2025-07-21 04:09:30,403 [INFO] [93/300] loss 907.98 | compact 14.3144 | spectral 17.1965 | recons_loss: 0.160234 | sparse_loss: 1.03143 | 
2025-07-21 04:09:30,404 [INFO] [Iter 93] LR: 0.00039063
2025-07-21 04:09:30,405 [INFO] Saving best model at iteration 93
2025-07-21 04:09:31,003 [INFO] [94/300] loss 907.97 | compact 14.3144 | spectral 17.1968 | recons_loss: 0.160219 | sparse_loss: 1.03143 | 
2025-07-21 04:09:31,003 [INFO] [Iter 94] LR: 0.00039063
2025-07-21 04:09:31,004 [INFO] Saving best model at iteration 94
2025-07-21 04:09:31,615 [INFO] [95/300] loss 907.961 | compact 14.3144 | spectral 17.197 | recons_loss: 0.160206 | sparse_loss: 1.03143 | 
2025-07-21 04:09:31,615 [INFO] [Iter 95] LR: 0.00019531
2025-07-21 04:09:31,616 [INFO] Saving best model at iteration 95
2025-07-21 04:09:32,213 [INFO] [96/300] loss 907.952 | compact 14.3143 | spectral 17.1972 | recons_loss: 0.160193 | sparse_loss: 1.03142 | 
2025-07-21 04:09:32,214 [INFO] [Iter 96] LR: 0.00019531
2025-07-21 04:09:32,215 [INFO] Saving best model at iteration 96
2025-07-21 04:09:32,813 [INFO] [97/300] loss 907.945 | compact 14.3143 | spectral 17.1973 | recons_loss: 0.160182 | sparse_loss: 1.03142 | 
2025-07-21 04:09:32,813 [INFO] [Iter 97] LR: 0.00019531
2025-07-21 04:09:32,814 [INFO] Saving best model at iteration 97
2025-07-21 04:09:33,415 [INFO] [98/300] loss 907.938 | compact 14.3143 | spectral 17.1975 | recons_loss: 0.160172 | sparse_loss: 1.03142 | 
2025-07-21 04:09:33,415 [INFO] [Iter 98] LR: 0.00009766
2025-07-21 04:09:33,416 [INFO] Saving best model at iteration 98
2025-07-21 04:09:34,014 [INFO] [99/300] loss 907.932 | compact 14.3143 | spectral 17.1976 | recons_loss: 0.160163 | sparse_loss: 1.03141 | 
2025-07-21 04:09:34,014 [INFO] [Iter 99] LR: 0.00009766
2025-07-21 04:09:34,015 [INFO] Saving best model at iteration 99
2025-07-21 04:09:34,196 [INFO] H: 600, W: 166
2025-07-21 04:09:34,299 [INFO] [0 1 2 3 4 5]
2025-07-21 04:09:34,596 [INFO] y_target: [1 2 3 4 5 6]
2025-07-21 04:09:34,596 [INFO] y_predict: [0 1 2 3 4 5]
2025-07-21 04:09:34,684 [INFO] Epoch = 100 OA = 0.8817 Kappa = 0.8420 NMI = 0.8090
2025-07-21 04:09:35,160 [INFO] [100/300] loss 907.926 | compact 14.3143 | spectral 17.1978 | recons_loss: 0.160155 | sparse_loss: 1.03141 | 
2025-07-21 04:09:35,160 [INFO] [Iter 100] LR: 0.00009766
2025-07-21 04:09:35,161 [INFO] Saving best model at iteration 100
2025-07-21 04:09:35,765 [INFO] [101/300] loss 907.921 | compact 14.3143 | spectral 17.1979 | recons_loss: 0.160148 | sparse_loss: 1.03141 | 
2025-07-21 04:09:35,765 [INFO] [Iter 101] LR: 0.00004883
2025-07-21 04:09:35,767 [INFO] Saving best model at iteration 101
2025-07-21 04:09:36,366 [INFO] [102/300] loss 907.917 | compact 14.3143 | spectral 17.198 | recons_loss: 0.160141 | sparse_loss: 1.03141 | 
2025-07-21 04:09:36,366 [INFO] [Iter 102] LR: 0.00004883
2025-07-21 04:09:36,369 [INFO] Saving best model at iteration 102
2025-07-21 04:09:36,967 [INFO] [103/300] loss 907.913 | compact 14.3143 | spectral 17.1981 | recons_loss: 0.160135 | sparse_loss: 1.0314 | 
2025-07-21 04:09:36,967 [INFO] [Iter 103] LR: 0.00004883
2025-07-21 04:09:36,968 [INFO] Saving best model at iteration 103
2025-07-21 04:09:37,565 [INFO] [104/300] loss 907.909 | compact 14.3143 | spectral 17.1982 | recons_loss: 0.16013 | sparse_loss: 1.0314 | 
2025-07-21 04:09:37,566 [INFO] [Iter 104] LR: 0.00002441
2025-07-21 04:09:37,567 [INFO] Saving best model at iteration 104
2025-07-21 04:09:38,164 [INFO] [105/300] loss 907.905 | compact 14.3143 | spectral 17.1982 | recons_loss: 0.160125 | sparse_loss: 1.0314 | 
2025-07-21 04:09:38,165 [INFO] [Iter 105] LR: 0.00002441
2025-07-21 04:09:38,167 [INFO] Saving best model at iteration 105
2025-07-21 04:09:38,767 [INFO] [106/300] loss 907.902 | compact 14.3143 | spectral 17.1983 | recons_loss: 0.160121 | sparse_loss: 1.0314 | 
2025-07-21 04:09:38,767 [INFO] [Iter 106] LR: 0.00002441
2025-07-21 04:09:38,768 [INFO] Saving best model at iteration 106
2025-07-21 04:09:39,366 [INFO] [107/300] loss 907.9 | compact 14.3143 | spectral 17.1984 | recons_loss: 0.160117 | sparse_loss: 1.0314 | 
2025-07-21 04:09:39,366 [INFO] [Iter 107] LR: 0.00001221
2025-07-21 04:09:39,368 [INFO] Saving best model at iteration 107
2025-07-21 04:09:39,966 [INFO] [108/300] loss 907.897 | compact 14.3143 | spectral 17.1984 | recons_loss: 0.160113 | sparse_loss: 1.0314 | 
2025-07-21 04:09:39,967 [INFO] [Iter 108] LR: 0.00001221
2025-07-21 04:09:39,969 [INFO] Saving best model at iteration 108
2025-07-21 04:09:40,587 [INFO] [109/300] loss 907.895 | compact 14.3142 | spectral 17.1985 | recons_loss: 0.16011 | sparse_loss: 1.0314 | 
2025-07-21 04:09:40,587 [INFO] [Iter 109] LR: 0.00001221
2025-07-21 04:09:40,589 [INFO] Saving best model at iteration 109
2025-07-21 04:09:41,190 [INFO] [110/300] loss 907.893 | compact 14.3142 | spectral 17.1985 | recons_loss: 0.160107 | sparse_loss: 1.0314 | 
2025-07-21 04:09:41,191 [INFO] [Iter 110] LR: 0.00000610
2025-07-21 04:09:41,192 [INFO] Saving best model at iteration 110
2025-07-21 04:09:41,789 [INFO] [111/300] loss 907.891 | compact 14.3142 | spectral 17.1986 | recons_loss: 0.160105 | sparse_loss: 1.0314 | 
2025-07-21 04:09:41,790 [INFO] [Iter 111] LR: 0.00000610
2025-07-21 04:09:41,790 [INFO] Saving best model at iteration 111
2025-07-21 04:09:42,388 [INFO] [112/300] loss 907.89 | compact 14.3142 | spectral 17.1986 | recons_loss: 0.160102 | sparse_loss: 1.03139 | 
2025-07-21 04:09:42,388 [INFO] [Iter 112] LR: 0.00000610
2025-07-21 04:09:42,390 [INFO] Saving best model at iteration 112
2025-07-21 04:09:42,988 [INFO] [113/300] loss 907.888 | compact 14.3142 | spectral 17.1986 | recons_loss: 0.1601 | sparse_loss: 1.03139 | 
2025-07-21 04:09:42,988 [INFO] [Iter 113] LR: 0.00000305
2025-07-21 04:09:42,989 [INFO] Saving best model at iteration 113
2025-07-21 04:09:43,586 [INFO] [114/300] loss 907.887 | compact 14.3142 | spectral 17.1987 | recons_loss: 0.160098 | sparse_loss: 1.03139 | 
2025-07-21 04:09:43,587 [INFO] [Iter 114] LR: 0.00000305
2025-07-21 04:09:43,588 [INFO] Saving best model at iteration 114
2025-07-21 04:09:44,186 [INFO] [115/300] loss 907.886 | compact 14.3142 | spectral 17.1987 | recons_loss: 0.160097 | sparse_loss: 1.03139 | 
2025-07-21 04:09:44,186 [INFO] [Iter 115] LR: 0.00000305
2025-07-21 04:09:44,188 [INFO] Saving best model at iteration 115
2025-07-21 04:09:44,785 [INFO] [116/300] loss 907.884 | compact 14.3142 | spectral 17.1987 | recons_loss: 0.160095 | sparse_loss: 1.03139 | 
2025-07-21 04:09:44,786 [INFO] [Iter 116] LR: 0.00000153
2025-07-21 04:09:44,787 [INFO] Saving best model at iteration 116
2025-07-21 04:09:45,384 [INFO] [117/300] loss 907.883 | compact 14.3142 | spectral 17.1987 | recons_loss: 0.160094 | sparse_loss: 1.03139 | 
2025-07-21 04:09:45,384 [INFO] [Iter 117] LR: 0.00000153
2025-07-21 04:09:45,385 [INFO] Saving best model at iteration 117
2025-07-21 04:09:45,982 [INFO] [118/300] loss 907.883 | compact 14.3142 | spectral 17.1988 | recons_loss: 0.160093 | sparse_loss: 1.03139 | 
2025-07-21 04:09:45,983 [INFO] [Iter 118] LR: 0.00000153
2025-07-21 04:09:45,984 [INFO] Saving best model at iteration 118
2025-07-21 04:09:46,582 [INFO] [119/300] loss 907.882 | compact 14.3142 | spectral 17.1988 | recons_loss: 0.160091 | sparse_loss: 1.03139 | 
2025-07-21 04:09:46,582 [INFO] [Iter 119] LR: 0.00000076
2025-07-21 04:09:46,583 [INFO] Saving best model at iteration 119
2025-07-21 04:09:47,181 [INFO] [120/300] loss 907.881 | compact 14.3142 | spectral 17.1988 | recons_loss: 0.16009 | sparse_loss: 1.03139 | 
2025-07-21 04:09:47,182 [INFO] [Iter 120] LR: 0.00000076
2025-07-21 04:09:47,184 [INFO] Saving best model at iteration 120
2025-07-21 04:09:47,801 [INFO] [121/300] loss 907.881 | compact 14.3142 | spectral 17.1988 | recons_loss: 0.16009 | sparse_loss: 1.03139 | 
2025-07-21 04:09:47,801 [INFO] [Iter 121] LR: 0.00000076
2025-07-21 04:09:47,802 [INFO] Saving best model at iteration 121
2025-07-21 04:09:48,400 [INFO] [122/300] loss 907.88 | compact 14.3142 | spectral 17.1988 | recons_loss: 0.160089 | sparse_loss: 1.03139 | 
2025-07-21 04:09:48,401 [INFO] [Iter 122] LR: 0.00000038
2025-07-21 04:09:48,403 [INFO] Saving best model at iteration 122
2025-07-21 04:09:49,003 [INFO] [123/300] loss 907.879 | compact 14.3142 | spectral 17.1988 | recons_loss: 0.160088 | sparse_loss: 1.03139 | 
2025-07-21 04:09:49,004 [INFO] [Iter 123] LR: 0.00000038
2025-07-21 04:09:49,005 [INFO] Saving best model at iteration 123
2025-07-21 04:09:49,602 [INFO] [124/300] loss 907.879 | compact 14.3142 | spectral 17.1988 | recons_loss: 0.160087 | sparse_loss: 1.03139 | 
2025-07-21 04:09:49,603 [INFO] [Iter 124] LR: 0.00000038
2025-07-21 04:09:49,604 [INFO] Saving best model at iteration 124
2025-07-21 04:09:50,201 [INFO] [125/300] loss 907.879 | compact 14.3142 | spectral 17.1988 | recons_loss: 0.160087 | sparse_loss: 1.03139 | 
2025-07-21 04:09:50,202 [INFO] [Iter 125] LR: 0.00000019
2025-07-21 04:09:50,203 [INFO] Saving best model at iteration 125
2025-07-21 04:09:50,800 [INFO] [126/300] loss 907.878 | compact 14.3142 | spectral 17.1989 | recons_loss: 0.160086 | sparse_loss: 1.03139 | 
2025-07-21 04:09:50,801 [INFO] [Iter 126] LR: 0.00000019
2025-07-21 04:09:50,802 [INFO] Saving best model at iteration 126
2025-07-21 04:09:51,406 [INFO] [127/300] loss 907.878 | compact 14.3142 | spectral 17.1989 | recons_loss: 0.160086 | sparse_loss: 1.03139 | 
2025-07-21 04:09:51,406 [INFO] [Iter 127] LR: 0.00000019
2025-07-21 04:09:51,407 [INFO] Saving best model at iteration 127
2025-07-21 04:09:52,005 [INFO] [128/300] loss 907.878 | compact 14.3142 | spectral 17.1989 | recons_loss: 0.160085 | sparse_loss: 1.03139 | 
2025-07-21 04:09:52,005 [INFO] [Iter 128] LR: 0.00000010
2025-07-21 04:09:52,006 [INFO] Saving best model at iteration 128
2025-07-21 04:09:52,604 [INFO] [129/300] loss 907.877 | compact 14.3142 | spectral 17.1989 | recons_loss: 0.160085 | sparse_loss: 1.03139 | 
2025-07-21 04:09:52,604 [INFO] [Iter 129] LR: 0.00000010
2025-07-21 04:09:52,605 [INFO] Saving best model at iteration 129
2025-07-21 04:09:53,211 [INFO] [130/300] loss 907.877 | compact 14.3142 | spectral 17.1989 | recons_loss: 0.160085 | sparse_loss: 1.03139 | 
2025-07-21 04:09:53,211 [INFO] [Iter 130] LR: 0.00000010
2025-07-21 04:09:53,213 [INFO] Saving best model at iteration 130
2025-07-21 04:09:53,819 [INFO] [131/300] loss 907.877 | compact 14.3142 | spectral 17.1989 | recons_loss: 0.160084 | sparse_loss: 1.03139 | 
2025-07-21 04:09:53,819 [INFO] [Iter 131] LR: 0.00000005
2025-07-21 04:09:53,820 [INFO] Saving best model at iteration 131
2025-07-21 04:09:54,418 [INFO] [132/300] loss 907.877 | compact 14.3142 | spectral 17.1989 | recons_loss: 0.160084 | sparse_loss: 1.03139 | 
2025-07-21 04:09:54,418 [INFO] [Iter 132] LR: 0.00000005
2025-07-21 04:09:54,419 [INFO] Saving best model at iteration 132
2025-07-21 04:09:55,018 [INFO] [133/300] loss 907.876 | compact 14.3142 | spectral 17.1989 | recons_loss: 0.160084 | sparse_loss: 1.03139 | 
2025-07-21 04:09:55,018 [INFO] [Iter 133] LR: 0.00000005
2025-07-21 04:09:55,020 [INFO] Saving best model at iteration 133
2025-07-21 04:09:55,624 [INFO] [134/300] loss 907.876 | compact 14.3142 | spectral 17.1989 | recons_loss: 0.160084 | sparse_loss: 1.03139 | 
2025-07-21 04:09:55,624 [INFO] [Iter 134] LR: 0.00000002
2025-07-21 04:09:55,625 [INFO] Saving best model at iteration 134
2025-07-21 04:09:56,223 [INFO] [135/300] loss 907.876 | compact 14.3142 | spectral 17.1989 | recons_loss: 0.160083 | sparse_loss: 1.03139 | 
2025-07-21 04:09:56,223 [INFO] [Iter 135] LR: 0.00000002
2025-07-21 04:09:56,224 [INFO] Saving best model at iteration 135
2025-07-21 04:09:56,822 [INFO] [136/300] loss 907.876 | compact 14.3142 | spectral 17.1989 | recons_loss: 0.160083 | sparse_loss: 1.03139 | 
2025-07-21 04:09:56,822 [INFO] [Iter 136] LR: 0.00000002
2025-07-21 04:09:56,823 [INFO] Saving best model at iteration 136
2025-07-21 04:09:57,420 [INFO] [137/300] loss 907.876 | compact 14.3142 | spectral 17.1989 | recons_loss: 0.160083 | sparse_loss: 1.03139 | 
2025-07-21 04:09:57,421 [INFO] [Iter 137] LR: 0.00000001
2025-07-21 04:09:57,422 [INFO] Saving best model at iteration 137
2025-07-21 04:09:58,020 [INFO] [138/300] loss 907.876 | compact 14.3142 | spectral 17.1989 | recons_loss: 0.160083 | sparse_loss: 1.03139 | 
2025-07-21 04:09:58,020 [INFO] [Iter 138] LR: 0.00000001
2025-07-21 04:09:58,023 [INFO] Saving best model at iteration 138
2025-07-21 04:09:58,622 [INFO] [139/300] loss 907.876 | compact 14.3142 | spectral 17.1989 | recons_loss: 0.160083 | sparse_loss: 1.03139 | 
2025-07-21 04:09:58,622 [INFO] [Iter 139] LR: 0.00000001
2025-07-21 04:09:58,624 [INFO] No improvement: current loss 907.875666, best loss 907.875761
2025-07-21 04:09:59,236 [INFO] [140/300] loss 907.876 | compact 14.3142 | spectral 17.1989 | recons_loss: 0.160083 | sparse_loss: 1.03139 | 
2025-07-21 04:09:59,236 [INFO] [Iter 140] LR: 0.00000001
2025-07-21 04:09:59,237 [INFO] Saving best model at iteration 140
2025-07-21 04:09:59,843 [INFO] [141/300] loss 907.876 | compact 14.3142 | spectral 17.1989 | recons_loss: 0.160082 | sparse_loss: 1.03139 | 
2025-07-21 04:09:59,843 [INFO] [Iter 141] LR: 0.00000001
2025-07-21 04:09:59,845 [INFO] No improvement: current loss 907.875510, best loss 907.875587
2025-07-21 04:10:00,463 [INFO] [142/300] loss 907.875 | compact 14.3142 | spectral 17.1989 | recons_loss: 0.160082 | sparse_loss: 1.03139 | 
2025-07-21 04:10:00,463 [INFO] [Iter 142] LR: 0.00000001
2025-07-21 04:10:00,464 [INFO] Saving best model at iteration 142
2025-07-21 04:10:01,062 [INFO] [143/300] loss 907.875 | compact 14.3142 | spectral 17.1989 | recons_loss: 0.160082 | sparse_loss: 1.03139 | 
2025-07-21 04:10:01,063 [INFO] [Iter 143] LR: 0.00000001
2025-07-21 04:10:01,065 [INFO] No improvement: current loss 907.875379, best loss 907.875441
2025-07-21 04:10:01,663 [INFO] [144/300] loss 907.875 | compact 14.3142 | spectral 17.1989 | recons_loss: 0.160082 | sparse_loss: 1.03139 | 
2025-07-21 04:10:01,663 [INFO] [Iter 144] LR: 0.00000001
2025-07-21 04:10:01,664 [INFO] Saving best model at iteration 144
2025-07-21 04:10:02,272 [INFO] [145/300] loss 907.875 | compact 14.3142 | spectral 17.1989 | recons_loss: 0.160082 | sparse_loss: 1.03139 | 
2025-07-21 04:10:02,272 [INFO] [Iter 145] LR: 0.00000001
2025-07-21 04:10:02,274 [INFO] No improvement: current loss 907.875266, best loss 907.875316
2025-07-21 04:10:02,875 [INFO] [146/300] loss 907.875 | compact 14.3142 | spectral 17.1989 | recons_loss: 0.160082 | sparse_loss: 1.03139 | 
2025-07-21 04:10:02,875 [INFO] [Iter 146] LR: 0.00000001
2025-07-21 04:10:02,876 [INFO] No improvement: current loss 907.875221, best loss 907.875316
2025-07-21 04:10:03,476 [INFO] [147/300] loss 907.875 | compact 14.3142 | spectral 17.1989 | recons_loss: 0.160082 | sparse_loss: 1.03139 | 
2025-07-21 04:10:03,476 [INFO] [Iter 147] LR: 0.00000001
2025-07-21 04:10:03,477 [INFO] Saving best model at iteration 147
2025-07-21 04:10:04,074 [INFO] [148/300] loss 907.875 | compact 14.3142 | spectral 17.1989 | recons_loss: 0.160082 | sparse_loss: 1.03139 | 
2025-07-21 04:10:04,075 [INFO] [Iter 148] LR: 0.00000001
2025-07-21 04:10:04,076 [INFO] No improvement: current loss 907.875145, best loss 907.875181
2025-07-21 04:10:04,674 [INFO] [149/300] loss 907.875 | compact 14.3142 | spectral 17.1989 | recons_loss: 0.160082 | sparse_loss: 1.03139 | 
2025-07-21 04:10:04,674 [INFO] [Iter 149] LR: 0.00000001
2025-07-21 04:10:04,677 [INFO] No improvement: current loss 907.875112, best loss 907.875181
2025-07-21 04:10:04,876 [INFO] H: 600, W: 166
2025-07-21 04:10:04,920 [INFO] [0 1 2 3 4 5]
2025-07-21 04:10:05,014 [INFO] y_target: [1 2 3 4 5 6]
2025-07-21 04:10:05,015 [INFO] y_predict: [0 1 2 3 4 5]
2025-07-21 04:10:05,103 [INFO] Epoch = 150 OA = 0.8817 Kappa = 0.8420 NMI = 0.8090
2025-07-21 04:10:05,579 [INFO] [150/300] loss 907.875 | compact 14.3142 | spectral 17.1989 | recons_loss: 0.160082 | sparse_loss: 1.03139 | 
2025-07-21 04:10:05,579 [INFO] [Iter 150] LR: 0.00000001
2025-07-21 04:10:05,580 [INFO] No improvement: current loss 907.875088, best loss 907.875181
2025-07-21 04:10:06,184 [INFO] [151/300] loss 907.875 | compact 14.3142 | spectral 17.1989 | recons_loss: 0.160082 | sparse_loss: 1.03139 | 
2025-07-21 04:10:06,184 [INFO] [Iter 151] LR: 0.00000001
2025-07-21 04:10:06,187 [INFO] Saving best model at iteration 151
2025-07-21 04:10:06,803 [INFO] [152/300] loss 907.875 | compact 14.3142 | spectral 17.1989 | recons_loss: 0.160082 | sparse_loss: 1.03139 | 
2025-07-21 04:10:06,803 [INFO] [Iter 152] LR: 0.00000001
2025-07-21 04:10:06,804 [INFO] No improvement: current loss 907.875037, best loss 907.875061
2025-07-21 04:10:07,407 [INFO] [153/300] loss 907.875 | compact 14.3142 | spectral 17.1989 | recons_loss: 0.160082 | sparse_loss: 1.03139 | 
2025-07-21 04:10:07,407 [INFO] [Iter 153] LR: 0.00000001
2025-07-21 04:10:07,408 [INFO] No improvement: current loss 907.875015, best loss 907.875061
2025-07-21 04:10:08,006 [INFO] [154/300] loss 907.875 | compact 14.3142 | spectral 17.1989 | recons_loss: 0.160082 | sparse_loss: 1.03139 | 
2025-07-21 04:10:08,006 [INFO] [Iter 154] LR: 0.00000001
2025-07-21 04:10:08,008 [INFO] No improvement: current loss 907.874995, best loss 907.875061
2025-07-21 04:10:08,606 [INFO] [155/300] loss 907.875 | compact 14.3142 | spectral 17.1989 | recons_loss: 0.160082 | sparse_loss: 1.03139 | 
2025-07-21 04:10:08,606 [INFO] [Iter 155] LR: 0.00000001
2025-07-21 04:10:08,607 [INFO] No improvement: current loss 907.874977, best loss 907.875061
2025-07-21 04:10:09,205 [INFO] [156/300] loss 907.875 | compact 14.3142 | spectral 17.1989 | recons_loss: 0.160082 | sparse_loss: 1.03139 | 
2025-07-21 04:10:09,205 [INFO] [Iter 156] LR: 0.00000001
2025-07-21 04:10:09,206 [INFO] Saving best model at iteration 156
2025-07-21 04:10:09,809 [INFO] [157/300] loss 907.875 | compact 14.3142 | spectral 17.1989 | recons_loss: 0.160082 | sparse_loss: 1.03139 | 
2025-07-21 04:10:09,810 [INFO] [Iter 157] LR: 0.00000001
2025-07-21 04:10:09,812 [INFO] No improvement: current loss 907.874947, best loss 907.874961
2025-07-21 04:10:10,414 [INFO] [158/300] loss 907.875 | compact 14.3142 | spectral 17.1989 | recons_loss: 0.160082 | sparse_loss: 1.03139 | 
2025-07-21 04:10:10,414 [INFO] [Iter 158] LR: 0.00000001
2025-07-21 04:10:10,415 [INFO] No improvement: current loss 907.874934, best loss 907.874961
2025-07-21 04:10:11,013 [INFO] [159/300] loss 907.875 | compact 14.3142 | spectral 17.1989 | recons_loss: 0.160082 | sparse_loss: 1.03139 | 
2025-07-21 04:10:11,014 [INFO] [Iter 159] LR: 0.00000001
2025-07-21 04:10:11,016 [INFO] No improvement: current loss 907.874922, best loss 907.874961
2025-07-21 04:10:11,614 [INFO] [160/300] loss 907.875 | compact 14.3142 | spectral 17.1989 | recons_loss: 0.160082 | sparse_loss: 1.03139 | 
2025-07-21 04:10:11,614 [INFO] [Iter 160] LR: 0.00000001
2025-07-21 04:10:11,615 [INFO] No improvement: current loss 907.874912, best loss 907.874961
2025-07-21 04:10:12,213 [INFO] [161/300] loss 907.875 | compact 14.3142 | spectral 17.1989 | recons_loss: 0.160082 | sparse_loss: 1.03139 | 
2025-07-21 04:10:12,214 [INFO] [Iter 161] LR: 0.00000001
2025-07-21 04:10:12,215 [INFO] No improvement: current loss 907.874902, best loss 907.874961
2025-07-21 04:10:12,813 [INFO] [162/300] loss 907.875 | compact 14.3142 | spectral 17.1989 | recons_loss: 0.160082 | sparse_loss: 1.03139 | 
2025-07-21 04:10:12,814 [INFO] [Iter 162] LR: 0.00000001
2025-07-21 04:10:12,815 [INFO] No improvement: current loss 907.874887, best loss 907.874961
2025-07-21 04:10:13,414 [INFO] [163/300] loss 907.875 | compact 14.3142 | spectral 17.1989 | recons_loss: 0.160082 | sparse_loss: 1.03139 | 
2025-07-21 04:10:13,414 [INFO] [Iter 163] LR: 0.00000001
2025-07-21 04:10:13,417 [INFO] No improvement: current loss 907.874880, best loss 907.874961
2025-07-21 04:10:14,028 [INFO] [164/300] loss 907.875 | compact 14.3142 | spectral 17.1989 | recons_loss: 0.160082 | sparse_loss: 1.03139 | 
2025-07-21 04:10:14,029 [INFO] [Iter 164] LR: 0.00000001
2025-07-21 04:10:14,030 [INFO] No improvement: current loss 907.874874, best loss 907.874961
2025-07-21 04:10:14,641 [INFO] [165/300] loss 907.875 | compact 14.3142 | spectral 17.1989 | recons_loss: 0.160082 | sparse_loss: 1.03139 | 
2025-07-21 04:10:14,641 [INFO] [Iter 165] LR: 0.00000001
2025-07-21 04:10:14,642 [INFO] No improvement: current loss 907.874868, best loss 907.874961
2025-07-21 04:10:15,240 [INFO] [166/300] loss 907.875 | compact 14.3142 | spectral 17.1989 | recons_loss: 0.160082 | sparse_loss: 1.03139 | 
2025-07-21 04:10:15,240 [INFO] [Iter 166] LR: 0.00000001
2025-07-21 04:10:15,241 [INFO] No improvement: current loss 907.874863, best loss 907.874961
2025-07-21 04:10:15,839 [INFO] [167/300] loss 907.875 | compact 14.3142 | spectral 17.1989 | recons_loss: 0.160082 | sparse_loss: 1.03139 | 
2025-07-21 04:10:15,839 [INFO] [Iter 167] LR: 0.00000001
2025-07-21 04:10:15,840 [INFO] Saving best model at iteration 167
2025-07-21 04:10:16,438 [INFO] [168/300] loss 907.875 | compact 14.3142 | spectral 17.1989 | recons_loss: 0.160082 | sparse_loss: 1.03139 | 
2025-07-21 04:10:16,439 [INFO] [Iter 168] LR: 0.00000001
2025-07-21 04:10:16,441 [INFO] No improvement: current loss 907.874854, best loss 907.874859
2025-07-21 04:10:17,040 [INFO] [169/300] loss 907.875 | compact 14.3142 | spectral 17.1989 | recons_loss: 0.160082 | sparse_loss: 1.03139 | 
2025-07-21 04:10:17,041 [INFO] [Iter 169] LR: 0.00000001
2025-07-21 04:10:17,042 [INFO] No improvement: current loss 907.874851, best loss 907.874859
2025-07-21 04:10:17,641 [INFO] [170/300] loss 907.875 | compact 14.3142 | spectral 17.1989 | recons_loss: 0.160082 | sparse_loss: 1.03139 | 
2025-07-21 04:10:17,641 [INFO] [Iter 170] LR: 0.00000001
2025-07-21 04:10:17,644 [INFO] No improvement: current loss 907.874847, best loss 907.874859
2025-07-21 04:10:18,251 [INFO] [171/300] loss 907.875 | compact 14.3142 | spectral 17.1989 | recons_loss: 0.160082 | sparse_loss: 1.03139 | 
2025-07-21 04:10:18,251 [INFO] [Iter 171] LR: 0.00000001
2025-07-21 04:10:18,252 [INFO] No improvement: current loss 907.874844, best loss 907.874859
2025-07-21 04:10:18,850 [INFO] [172/300] loss 907.875 | compact 14.3142 | spectral 17.1989 | recons_loss: 0.160081 | sparse_loss: 1.03139 | 
2025-07-21 04:10:18,850 [INFO] [Iter 172] LR: 0.00000001
2025-07-21 04:10:18,851 [INFO] No improvement: current loss 907.874842, best loss 907.874859
2025-07-21 04:10:19,449 [INFO] [173/300] loss 907.875 | compact 14.3142 | spectral 17.1989 | recons_loss: 0.160081 | sparse_loss: 1.03139 | 
2025-07-21 04:10:19,450 [INFO] [Iter 173] LR: 0.00000001
2025-07-21 04:10:19,451 [INFO] No improvement: current loss 907.874839, best loss 907.874859
2025-07-21 04:10:20,049 [INFO] [174/300] loss 907.875 | compact 14.3142 | spectral 17.1989 | recons_loss: 0.160081 | sparse_loss: 1.03139 | 
2025-07-21 04:10:20,049 [INFO] [Iter 174] LR: 0.00000001
2025-07-21 04:10:20,051 [INFO] No improvement: current loss 907.874837, best loss 907.874859
2025-07-21 04:10:20,649 [INFO] [175/300] loss 907.875 | compact 14.3142 | spectral 17.1989 | recons_loss: 0.160081 | sparse_loss: 1.03139 | 
2025-07-21 04:10:20,649 [INFO] [Iter 175] LR: 0.00000001
2025-07-21 04:10:20,651 [INFO] No improvement: current loss 907.874835, best loss 907.874859
2025-07-21 04:10:21,268 [INFO] [176/300] loss 907.875 | compact 14.3142 | spectral 17.1989 | recons_loss: 0.160081 | sparse_loss: 1.03139 | 
2025-07-21 04:10:21,268 [INFO] [Iter 176] LR: 0.00000001
2025-07-21 04:10:21,271 [INFO] No improvement: current loss 907.874833, best loss 907.874859
2025-07-21 04:10:21,875 [INFO] [177/300] loss 907.875 | compact 14.3142 | spectral 17.1989 | recons_loss: 0.160081 | sparse_loss: 1.03139 | 
2025-07-21 04:10:21,875 [INFO] [Iter 177] LR: 0.00000001
2025-07-21 04:10:21,876 [INFO] No improvement: current loss 907.874831, best loss 907.874859
2025-07-21 04:10:22,475 [INFO] [178/300] loss 907.875 | compact 14.3142 | spectral 17.1989 | recons_loss: 0.160081 | sparse_loss: 1.03139 | 
2025-07-21 04:10:22,475 [INFO] [Iter 178] LR: 0.00000001
2025-07-21 04:10:22,477 [INFO] No improvement: current loss 907.874830, best loss 907.874859
2025-07-21 04:10:23,074 [INFO] [179/300] loss 907.875 | compact 14.3142 | spectral 17.1989 | recons_loss: 0.160081 | sparse_loss: 1.03139 | 
2025-07-21 04:10:23,074 [INFO] [Iter 179] LR: 0.00000001
2025-07-21 04:10:23,075 [INFO] No improvement: current loss 907.874829, best loss 907.874859
2025-07-21 04:10:23,672 [INFO] [180/300] loss 907.875 | compact 14.3142 | spectral 17.1989 | recons_loss: 0.160081 | sparse_loss: 1.03139 | 
2025-07-21 04:10:23,673 [INFO] [Iter 180] LR: 0.00000001
2025-07-21 04:10:23,674 [INFO] No improvement: current loss 907.874827, best loss 907.874859
2025-07-21 04:10:24,271 [INFO] [181/300] loss 907.875 | compact 14.3142 | spectral 17.1989 | recons_loss: 0.160081 | sparse_loss: 1.03139 | 
2025-07-21 04:10:24,272 [INFO] [Iter 181] LR: 0.00000001
2025-07-21 04:10:24,273 [INFO] No improvement: current loss 907.874826, best loss 907.874859
2025-07-21 04:10:24,870 [INFO] [182/300] loss 907.875 | compact 14.3142 | spectral 17.1989 | recons_loss: 0.160081 | sparse_loss: 1.03139 | 
2025-07-21 04:10:24,870 [INFO] [Iter 182] LR: 0.00000001
2025-07-21 04:10:24,872 [INFO] No improvement: current loss 907.874825, best loss 907.874859
2025-07-21 04:10:25,482 [INFO] [183/300] loss 907.875 | compact 14.3142 | spectral 17.1989 | recons_loss: 0.160081 | sparse_loss: 1.03139 | 
2025-07-21 04:10:25,482 [INFO] [Iter 183] LR: 0.00000001
2025-07-21 04:10:25,483 [INFO] No improvement: current loss 907.874819, best loss 907.874859
2025-07-21 04:10:26,080 [INFO] [184/300] loss 907.875 | compact 14.3142 | spectral 17.1989 | recons_loss: 0.160081 | sparse_loss: 1.03139 | 
2025-07-21 04:10:26,081 [INFO] [Iter 184] LR: 0.00000001
2025-07-21 04:10:26,082 [INFO] No improvement: current loss 907.874818, best loss 907.874859
2025-07-21 04:10:26,679 [INFO] [185/300] loss 907.875 | compact 14.3142 | spectral 17.1989 | recons_loss: 0.160081 | sparse_loss: 1.03139 | 
2025-07-21 04:10:26,679 [INFO] [Iter 185] LR: 0.00000001
2025-07-21 04:10:26,680 [INFO] No improvement: current loss 907.874818, best loss 907.874859
2025-07-21 04:10:27,277 [INFO] [186/300] loss 907.875 | compact 14.3142 | spectral 17.1989 | recons_loss: 0.160081 | sparse_loss: 1.03139 | 
2025-07-21 04:10:27,278 [INFO] [Iter 186] LR: 0.00000001
2025-07-21 04:10:27,279 [INFO] No improvement: current loss 907.874818, best loss 907.874859
2025-07-21 04:10:27,876 [INFO] [187/300] loss 907.875 | compact 14.3142 | spectral 17.1989 | recons_loss: 0.160081 | sparse_loss: 1.03139 | 
2025-07-21 04:10:27,877 [INFO] [Iter 187] LR: 0.00000001
2025-07-21 04:10:27,878 [INFO] No improvement: current loss 907.874812, best loss 907.874859
2025-07-21 04:10:28,492 [INFO] [188/300] loss 907.875 | compact 14.3142 | spectral 17.1989 | recons_loss: 0.160081 | sparse_loss: 1.03139 | 
2025-07-21 04:10:28,492 [INFO] [Iter 188] LR: 0.00000001
2025-07-21 04:10:28,495 [INFO] No improvement: current loss 907.874812, best loss 907.874859
2025-07-21 04:10:29,093 [INFO] [189/300] loss 907.875 | compact 14.3142 | spectral 17.1989 | recons_loss: 0.160081 | sparse_loss: 1.03139 | 
2025-07-21 04:10:29,093 [INFO] [Iter 189] LR: 0.00000001
2025-07-21 04:10:29,096 [INFO] No improvement: current loss 907.874813, best loss 907.874859
2025-07-21 04:10:29,696 [INFO] [190/300] loss 907.875 | compact 14.3142 | spectral 17.1989 | recons_loss: 0.160081 | sparse_loss: 1.03139 | 
2025-07-21 04:10:29,696 [INFO] [Iter 190] LR: 0.00000001
2025-07-21 04:10:29,697 [INFO] No improvement: current loss 907.874813, best loss 907.874859
2025-07-21 04:10:30,303 [INFO] [191/300] loss 907.875 | compact 14.3142 | spectral 17.1989 | recons_loss: 0.160081 | sparse_loss: 1.03139 | 
2025-07-21 04:10:30,304 [INFO] [Iter 191] LR: 0.00000001
2025-07-21 04:10:30,305 [INFO] No improvement: current loss 907.874807, best loss 907.874859
2025-07-21 04:10:30,902 [INFO] [192/300] loss 907.875 | compact 14.3142 | spectral 17.1989 | recons_loss: 0.160081 | sparse_loss: 1.03139 | 
2025-07-21 04:10:30,902 [INFO] [Iter 192] LR: 0.00000001
2025-07-21 04:10:30,903 [INFO] No improvement: current loss 907.874808, best loss 907.874859
2025-07-21 04:10:31,500 [INFO] [193/300] loss 907.875 | compact 14.3142 | spectral 17.1989 | recons_loss: 0.160081 | sparse_loss: 1.03139 | 
2025-07-21 04:10:31,501 [INFO] [Iter 193] LR: 0.00000001
2025-07-21 04:10:31,502 [INFO] No improvement: current loss 907.874809, best loss 907.874859
2025-07-21 04:10:32,101 [INFO] [194/300] loss 907.875 | compact 14.3142 | spectral 17.1989 | recons_loss: 0.160081 | sparse_loss: 1.03139 | 
2025-07-21 04:10:32,101 [INFO] [Iter 194] LR: 0.00000001
2025-07-21 04:10:32,103 [INFO] No improvement: current loss 907.874810, best loss 907.874859
2025-07-21 04:10:32,701 [INFO] [195/300] loss 907.875 | compact 14.3142 | spectral 17.1989 | recons_loss: 0.160081 | sparse_loss: 1.03139 | 
2025-07-21 04:10:32,702 [INFO] [Iter 195] LR: 0.00000001
2025-07-21 04:10:32,703 [INFO] No improvement: current loss 907.874811, best loss 907.874859
2025-07-21 04:10:33,300 [INFO] [196/300] loss 907.875 | compact 14.3142 | spectral 17.1989 | recons_loss: 0.160081 | sparse_loss: 1.03139 | 
2025-07-21 04:10:33,301 [INFO] [Iter 196] LR: 0.00000001
2025-07-21 04:10:33,302 [INFO] No improvement: current loss 907.874811, best loss 907.874859
2025-07-21 04:10:33,900 [INFO] [197/300] loss 907.875 | compact 14.3142 | spectral 17.1989 | recons_loss: 0.160081 | sparse_loss: 1.03139 | 
2025-07-21 04:10:33,900 [INFO] [Iter 197] LR: 0.00000001
2025-07-21 04:10:33,903 [INFO] No improvement: current loss 907.874812, best loss 907.874859
2025-07-21 04:10:34,504 [INFO] [198/300] loss 907.875 | compact 14.3142 | spectral 17.1989 | recons_loss: 0.160081 | sparse_loss: 1.03139 | 
2025-07-21 04:10:34,504 [INFO] [Iter 198] LR: 0.00000001
2025-07-21 04:10:34,505 [INFO] No improvement: current loss 907.874812, best loss 907.874859
2025-07-21 04:10:35,102 [INFO] [199/300] loss 907.875 | compact 14.3142 | spectral 17.1989 | recons_loss: 0.160081 | sparse_loss: 1.03139 | 
2025-07-21 04:10:35,103 [INFO] [Iter 199] LR: 0.00000001
2025-07-21 04:10:35,104 [INFO] No improvement: current loss 907.874813, best loss 907.874859
2025-07-21 04:10:35,296 [INFO] H: 600, W: 166
2025-07-21 04:10:35,400 [INFO] [0 1 2 3 4 5]
2025-07-21 04:10:35,495 [INFO] y_target: [1 2 3 4 5 6]
2025-07-21 04:10:35,496 [INFO] y_predict: [0 1 2 3 4 5]
2025-07-21 04:10:35,583 [INFO] Epoch = 200 OA = 0.8817 Kappa = 0.8420 NMI = 0.8090
2025-07-21 04:10:36,059 [INFO] [200/300] loss 907.875 | compact 14.3142 | spectral 17.1989 | recons_loss: 0.160081 | sparse_loss: 1.03139 | 
2025-07-21 04:10:36,059 [INFO] [Iter 200] LR: 0.00000001
2025-07-21 04:10:36,060 [INFO] No improvement: current loss 907.874813, best loss 907.874859
2025-07-21 04:10:36,658 [INFO] [201/300] loss 907.875 | compact 14.3142 | spectral 17.1989 | recons_loss: 0.160081 | sparse_loss: 1.03139 | 
2025-07-21 04:10:36,658 [INFO] [Iter 201] LR: 0.00000001
2025-07-21 04:10:36,659 [INFO] No improvement: current loss 907.874820, best loss 907.874859
2025-07-21 04:10:37,257 [INFO] [202/300] loss 907.875 | compact 14.3142 | spectral 17.1989 | recons_loss: 0.160081 | sparse_loss: 1.03139 | 
2025-07-21 04:10:37,258 [INFO] [Iter 202] LR: 0.00000001
2025-07-21 04:10:37,259 [INFO] No improvement: current loss 907.874819, best loss 907.874859
2025-07-21 04:10:37,856 [INFO] [203/300] loss 907.875 | compact 14.3142 | spectral 17.1989 | recons_loss: 0.160081 | sparse_loss: 1.03139 | 
2025-07-21 04:10:37,856 [INFO] [Iter 203] LR: 0.00000001
2025-07-21 04:10:37,857 [INFO] No improvement: current loss 907.874819, best loss 907.874859
2025-07-21 04:10:38,469 [INFO] [204/300] loss 907.875 | compact 14.3142 | spectral 17.1989 | recons_loss: 0.160081 | sparse_loss: 1.03139 | 
2025-07-21 04:10:38,469 [INFO] [Iter 204] LR: 0.00000001
2025-07-21 04:10:38,470 [INFO] No improvement: current loss 907.874819, best loss 907.874859
2025-07-21 04:10:39,080 [INFO] [205/300] loss 907.875 | compact 14.3142 | spectral 17.1989 | recons_loss: 0.160081 | sparse_loss: 1.03139 | 
2025-07-21 04:10:39,081 [INFO] [Iter 205] LR: 0.00000001
2025-07-21 04:10:39,082 [INFO] No improvement: current loss 907.874819, best loss 907.874859
2025-07-21 04:10:39,680 [INFO] [206/300] loss 907.875 | compact 14.3142 | spectral 17.1989 | recons_loss: 0.160081 | sparse_loss: 1.03139 | 
2025-07-21 04:10:39,680 [INFO] [Iter 206] LR: 0.00000001
2025-07-21 04:10:39,683 [INFO] No improvement: current loss 907.874819, best loss 907.874859
2025-07-21 04:10:40,283 [INFO] [207/300] loss 907.875 | compact 14.3142 | spectral 17.1989 | recons_loss: 0.160081 | sparse_loss: 1.03139 | 
2025-07-21 04:10:40,283 [INFO] [Iter 207] LR: 0.00000001
2025-07-21 04:10:40,284 [INFO] No improvement: current loss 907.874818, best loss 907.874859
2025-07-21 04:10:40,882 [INFO] [208/300] loss 907.875 | compact 14.3142 | spectral 17.1989 | recons_loss: 0.160081 | sparse_loss: 1.03139 | 
2025-07-21 04:10:40,883 [INFO] [Iter 208] LR: 0.00000001
2025-07-21 04:10:40,884 [INFO] No improvement: current loss 907.874818, best loss 907.874859
2025-07-21 04:10:41,482 [INFO] [209/300] loss 907.875 | compact 14.3142 | spectral 17.1989 | recons_loss: 0.160081 | sparse_loss: 1.03139 | 
2025-07-21 04:10:41,482 [INFO] [Iter 209] LR: 0.00000001
2025-07-21 04:10:41,483 [INFO] No improvement: current loss 907.874818, best loss 907.874859
2025-07-21 04:10:42,081 [INFO] [210/300] loss 907.875 | compact 14.3142 | spectral 17.1989 | recons_loss: 0.160081 | sparse_loss: 1.03139 | 
2025-07-21 04:10:42,081 [INFO] [Iter 210] LR: 0.00000001
2025-07-21 04:10:42,083 [INFO] No improvement: current loss 907.874818, best loss 907.874859
2025-07-21 04:10:42,682 [INFO] [211/300] loss 907.875 | compact 14.3142 | spectral 17.1989 | recons_loss: 0.160081 | sparse_loss: 1.03139 | 
2025-07-21 04:10:42,683 [INFO] [Iter 211] LR: 0.00000001
2025-07-21 04:10:42,684 [INFO] No improvement: current loss 907.874818, best loss 907.874859
2025-07-21 04:10:43,283 [INFO] [212/300] loss 907.875 | compact 14.3142 | spectral 17.1989 | recons_loss: 0.160081 | sparse_loss: 1.03139 | 
2025-07-21 04:10:43,283 [INFO] [Iter 212] LR: 0.00000001
2025-07-21 04:10:43,284 [INFO] No improvement: current loss 907.874818, best loss 907.874859
2025-07-21 04:10:43,882 [INFO] [213/300] loss 907.875 | compact 14.3142 | spectral 17.1989 | recons_loss: 0.160081 | sparse_loss: 1.03139 | 
2025-07-21 04:10:43,882 [INFO] [Iter 213] LR: 0.00000001
2025-07-21 04:10:43,883 [INFO] No improvement: current loss 907.874818, best loss 907.874859
2025-07-21 04:10:44,481 [INFO] [214/300] loss 907.875 | compact 14.3142 | spectral 17.1989 | recons_loss: 0.160081 | sparse_loss: 1.03139 | 
2025-07-21 04:10:44,481 [INFO] [Iter 214] LR: 0.00000001
2025-07-21 04:10:44,482 [INFO] No improvement: current loss 907.874818, best loss 907.874859
2025-07-21 04:10:45,081 [INFO] [215/300] loss 907.875 | compact 14.3142 | spectral 17.1989 | recons_loss: 0.160081 | sparse_loss: 1.03139 | 
2025-07-21 04:10:45,082 [INFO] [Iter 215] LR: 0.00000001
2025-07-21 04:10:45,084 [INFO] No improvement: current loss 907.874818, best loss 907.874859
2025-07-21 04:10:45,687 [INFO] [216/300] loss 907.875 | compact 14.3142 | spectral 17.1989 | recons_loss: 0.160081 | sparse_loss: 1.03139 | 
2025-07-21 04:10:45,687 [INFO] [Iter 216] LR: 0.00000001
2025-07-21 04:10:45,688 [INFO] No improvement: current loss 907.874817, best loss 907.874859
2025-07-21 04:10:46,297 [INFO] [217/300] loss 907.875 | compact 14.3142 | spectral 17.1989 | recons_loss: 0.160081 | sparse_loss: 1.03139 | 
2025-07-21 04:10:46,298 [INFO] [Iter 217] LR: 0.00000001
2025-07-21 04:10:46,299 [INFO] No improvement: current loss 907.874811, best loss 907.874859
2025-07-21 04:10:46,897 [INFO] [218/300] loss 907.875 | compact 14.3142 | spectral 17.1989 | recons_loss: 0.160081 | sparse_loss: 1.03139 | 
2025-07-21 04:10:46,897 [INFO] [Iter 218] LR: 0.00000001
2025-07-21 04:10:46,898 [INFO] No improvement: current loss 907.874812, best loss 907.874859
2025-07-21 04:10:47,496 [INFO] [219/300] loss 907.875 | compact 14.3142 | spectral 17.1989 | recons_loss: 0.160081 | sparse_loss: 1.03139 | 
2025-07-21 04:10:47,496 [INFO] [Iter 219] LR: 0.00000001
2025-07-21 04:10:47,497 [INFO] No improvement: current loss 907.874812, best loss 907.874859
2025-07-21 04:10:48,095 [INFO] [220/300] loss 907.875 | compact 14.3142 | spectral 17.1989 | recons_loss: 0.160081 | sparse_loss: 1.03139 | 
2025-07-21 04:10:48,095 [INFO] [Iter 220] LR: 0.00000001
2025-07-21 04:10:48,096 [INFO] No improvement: current loss 907.874813, best loss 907.874859
2025-07-21 04:10:48,694 [INFO] [221/300] loss 907.875 | compact 14.3142 | spectral 17.1989 | recons_loss: 0.160081 | sparse_loss: 1.03139 | 
2025-07-21 04:10:48,694 [INFO] [Iter 221] LR: 0.00000001
2025-07-21 04:10:48,695 [INFO] No improvement: current loss 907.874813, best loss 907.874859
2025-07-21 04:10:49,293 [INFO] [222/300] loss 907.875 | compact 14.3142 | spectral 17.1989 | recons_loss: 0.160081 | sparse_loss: 1.03139 | 
2025-07-21 04:10:49,293 [INFO] [Iter 222] LR: 0.00000001
2025-07-21 04:10:49,295 [INFO] No improvement: current loss 907.874814, best loss 907.874859
2025-07-21 04:10:49,893 [INFO] [223/300] loss 907.875 | compact 14.3142 | spectral 17.1989 | recons_loss: 0.160081 | sparse_loss: 1.03139 | 
2025-07-21 04:10:49,894 [INFO] [Iter 223] LR: 0.00000001
2025-07-21 04:10:49,895 [INFO] No improvement: current loss 907.874814, best loss 907.874859
2025-07-21 04:10:50,493 [INFO] [224/300] loss 907.875 | compact 14.3142 | spectral 17.1989 | recons_loss: 0.160081 | sparse_loss: 1.03139 | 
2025-07-21 04:10:50,493 [INFO] [Iter 224] LR: 0.00000001
2025-07-21 04:10:50,494 [INFO] No improvement: current loss 907.874814, best loss 907.874859
2025-07-21 04:10:51,092 [INFO] [225/300] loss 907.875 | compact 14.3142 | spectral 17.1989 | recons_loss: 0.160081 | sparse_loss: 1.03139 | 
2025-07-21 04:10:51,093 [INFO] [Iter 225] LR: 0.00000001
2025-07-21 04:10:51,094 [INFO] No improvement: current loss 907.874814, best loss 907.874859
2025-07-21 04:10:51,692 [INFO] [226/300] loss 907.875 | compact 14.3142 | spectral 17.1989 | recons_loss: 0.160081 | sparse_loss: 1.03139 | 
2025-07-21 04:10:51,692 [INFO] [Iter 226] LR: 0.00000001
2025-07-21 04:10:51,693 [INFO] No improvement: current loss 907.874815, best loss 907.874859
2025-07-21 04:10:52,290 [INFO] [227/300] loss 907.875 | compact 14.3142 | spectral 17.1989 | recons_loss: 0.160081 | sparse_loss: 1.03139 | 
2025-07-21 04:10:52,291 [INFO] [Iter 227] LR: 0.00000001
2025-07-21 04:10:52,292 [INFO] No improvement: current loss 907.874815, best loss 907.874859
2025-07-21 04:10:52,889 [INFO] [228/300] loss 907.875 | compact 14.3142 | spectral 17.1989 | recons_loss: 0.160081 | sparse_loss: 1.03139 | 
2025-07-21 04:10:52,890 [INFO] [Iter 228] LR: 0.00000001
2025-07-21 04:10:52,891 [INFO] No improvement: current loss 907.874815, best loss 907.874859
2025-07-21 04:10:53,489 [INFO] [229/300] loss 907.875 | compact 14.3142 | spectral 17.1989 | recons_loss: 0.160081 | sparse_loss: 1.03139 | 
2025-07-21 04:10:53,490 [INFO] [Iter 229] LR: 0.00000001
2025-07-21 04:10:53,491 [INFO] No improvement: current loss 907.874815, best loss 907.874859
2025-07-21 04:10:54,098 [INFO] [230/300] loss 907.875 | compact 14.3142 | spectral 17.1989 | recons_loss: 0.160081 | sparse_loss: 1.03139 | 
2025-07-21 04:10:54,099 [INFO] [Iter 230] LR: 0.00000001
2025-07-21 04:10:54,100 [INFO] No improvement: current loss 907.874815, best loss 907.874859
2025-07-21 04:10:54,714 [INFO] [231/300] loss 907.875 | compact 14.3142 | spectral 17.1989 | recons_loss: 0.160081 | sparse_loss: 1.03139 | 
2025-07-21 04:10:54,715 [INFO] [Iter 231] LR: 0.00000001
2025-07-21 04:10:54,716 [INFO] No improvement: current loss 907.874816, best loss 907.874859
2025-07-21 04:10:55,314 [INFO] [232/300] loss 907.875 | compact 14.3142 | spectral 17.1989 | recons_loss: 0.160081 | sparse_loss: 1.03139 | 
2025-07-21 04:10:55,314 [INFO] [Iter 232] LR: 0.00000001
2025-07-21 04:10:55,316 [INFO] No improvement: current loss 907.874810, best loss 907.874859
2025-07-21 04:10:55,914 [INFO] [233/300] loss 907.875 | compact 14.3142 | spectral 17.1989 | recons_loss: 0.160081 | sparse_loss: 1.03139 | 
2025-07-21 04:10:55,914 [INFO] [Iter 233] LR: 0.00000001
2025-07-21 04:10:55,915 [INFO] No improvement: current loss 907.874810, best loss 907.874859
2025-07-21 04:10:56,513 [INFO] [234/300] loss 907.875 | compact 14.3142 | spectral 17.1989 | recons_loss: 0.160081 | sparse_loss: 1.03139 | 
2025-07-21 04:10:56,513 [INFO] [Iter 234] LR: 0.00000001
2025-07-21 04:10:56,514 [INFO] No improvement: current loss 907.874811, best loss 907.874859
2025-07-21 04:10:57,112 [INFO] [235/300] loss 907.875 | compact 14.3142 | spectral 17.1989 | recons_loss: 0.160081 | sparse_loss: 1.03139 | 
2025-07-21 04:10:57,113 [INFO] [Iter 235] LR: 0.00000001
2025-07-21 04:10:57,115 [INFO] No improvement: current loss 907.874812, best loss 907.874859
2025-07-21 04:10:57,715 [INFO] [236/300] loss 907.875 | compact 14.3142 | spectral 17.1989 | recons_loss: 0.160081 | sparse_loss: 1.03139 | 
2025-07-21 04:10:57,715 [INFO] [Iter 236] LR: 0.00000001
2025-07-21 04:10:57,716 [INFO] No improvement: current loss 907.874818, best loss 907.874859
2025-07-21 04:10:58,313 [INFO] [237/300] loss 907.875 | compact 14.3142 | spectral 17.1989 | recons_loss: 0.160081 | sparse_loss: 1.03139 | 
2025-07-21 04:10:58,314 [INFO] [Iter 237] LR: 0.00000001
2025-07-21 04:10:58,315 [INFO] No improvement: current loss 907.874818, best loss 907.874859
2025-07-21 04:10:58,912 [INFO] [238/300] loss 907.875 | compact 14.3142 | spectral 17.1989 | recons_loss: 0.160081 | sparse_loss: 1.03139 | 
2025-07-21 04:10:58,913 [INFO] [Iter 238] LR: 0.00000001
2025-07-21 04:10:58,914 [INFO] No improvement: current loss 907.874818, best loss 907.874859
2025-07-21 04:10:59,511 [INFO] [239/300] loss 907.875 | compact 14.3142 | spectral 17.1989 | recons_loss: 0.160081 | sparse_loss: 1.03139 | 
2025-07-21 04:10:59,512 [INFO] [Iter 239] LR: 0.00000001
2025-07-21 04:10:59,513 [INFO] No improvement: current loss 907.874812, best loss 907.874859
2025-07-21 04:11:00,117 [INFO] [240/300] loss 907.875 | compact 14.3142 | spectral 17.1989 | recons_loss: 0.160081 | sparse_loss: 1.03139 | 
2025-07-21 04:11:00,117 [INFO] [Iter 240] LR: 0.00000001
2025-07-21 04:11:00,119 [INFO] No improvement: current loss 907.874812, best loss 907.874859
2025-07-21 04:11:00,720 [INFO] [241/300] loss 907.875 | compact 14.3142 | spectral 17.1989 | recons_loss: 0.160081 | sparse_loss: 1.03139 | 
2025-07-21 04:11:00,720 [INFO] [Iter 241] LR: 0.00000001
2025-07-21 04:11:00,721 [INFO] No improvement: current loss 907.874807, best loss 907.874859
2025-07-21 04:11:01,319 [INFO] [242/300] loss 907.875 | compact 14.3142 | spectral 17.1989 | recons_loss: 0.160081 | sparse_loss: 1.03139 | 
2025-07-21 04:11:01,320 [INFO] [Iter 242] LR: 0.00000001
2025-07-21 04:11:01,321 [INFO] No improvement: current loss 907.874808, best loss 907.874859
2025-07-21 04:11:01,921 [INFO] [243/300] loss 907.875 | compact 14.3142 | spectral 17.1989 | recons_loss: 0.160081 | sparse_loss: 1.03139 | 
2025-07-21 04:11:01,921 [INFO] [Iter 243] LR: 0.00000001
2025-07-21 04:11:01,922 [INFO] No improvement: current loss 907.874809, best loss 907.874859
2025-07-21 04:11:02,520 [INFO] [244/300] loss 907.875 | compact 14.3142 | spectral 17.1989 | recons_loss: 0.160081 | sparse_loss: 1.03139 | 
2025-07-21 04:11:02,520 [INFO] [Iter 244] LR: 0.00000001
2025-07-21 04:11:02,521 [INFO] No improvement: current loss 907.874809, best loss 907.874859
2025-07-21 04:11:03,131 [INFO] [245/300] loss 907.875 | compact 14.3142 | spectral 17.1989 | recons_loss: 0.160081 | sparse_loss: 1.03139 | 
2025-07-21 04:11:03,131 [INFO] [Iter 245] LR: 0.00000001
2025-07-21 04:11:03,132 [INFO] No improvement: current loss 907.874804, best loss 907.874859
2025-07-21 04:11:03,729 [INFO] [246/300] loss 907.875 | compact 14.3142 | spectral 17.1989 | recons_loss: 0.160081 | sparse_loss: 1.03139 | 
2025-07-21 04:11:03,730 [INFO] [Iter 246] LR: 0.00000001
2025-07-21 04:11:03,731 [INFO] No improvement: current loss 907.874799, best loss 907.874859
2025-07-21 04:11:04,328 [INFO] [247/300] loss 907.875 | compact 14.3142 | spectral 17.1989 | recons_loss: 0.160081 | sparse_loss: 1.03139 | 
2025-07-21 04:11:04,328 [INFO] [Iter 247] LR: 0.00000001
2025-07-21 04:11:04,329 [INFO] No improvement: current loss 907.874801, best loss 907.874859
2025-07-21 04:11:04,927 [INFO] [248/300] loss 907.875 | compact 14.3142 | spectral 17.1989 | recons_loss: 0.160081 | sparse_loss: 1.03139 | 
2025-07-21 04:11:04,927 [INFO] [Iter 248] LR: 0.00000001
2025-07-21 04:11:04,928 [INFO] No improvement: current loss 907.874803, best loss 907.874859
2025-07-21 04:11:05,527 [INFO] [249/300] loss 907.875 | compact 14.3142 | spectral 17.1989 | recons_loss: 0.160081 | sparse_loss: 1.03139 | 
2025-07-21 04:11:05,527 [INFO] [Iter 249] LR: 0.00000001
2025-07-21 04:11:05,529 [INFO] No improvement: current loss 907.874804, best loss 907.874859
2025-07-21 04:11:05,715 [INFO] H: 600, W: 166
2025-07-21 04:11:05,842 [INFO] [0 1 2 3 4 5]
2025-07-21 04:11:05,940 [INFO] y_target: [1 2 3 4 5 6]
2025-07-21 04:11:05,940 [INFO] y_predict: [0 1 2 3 4 5]
2025-07-21 04:11:06,029 [INFO] Epoch = 250 OA = 0.8817 Kappa = 0.8420 NMI = 0.8090
2025-07-21 04:11:06,505 [INFO] [250/300] loss 907.875 | compact 14.3142 | spectral 17.1989 | recons_loss: 0.160081 | sparse_loss: 1.03139 | 
2025-07-21 04:11:06,505 [INFO] [Iter 250] LR: 0.00000001
2025-07-21 04:11:06,506 [INFO] No improvement: current loss 907.874805, best loss 907.874859
2025-07-21 04:11:07,111 [INFO] [251/300] loss 907.875 | compact 14.3142 | spectral 17.1989 | recons_loss: 0.160081 | sparse_loss: 1.03139 | 
2025-07-21 04:11:07,111 [INFO] [Iter 251] LR: 0.00000001
2025-07-21 04:11:07,112 [INFO] No improvement: current loss 907.874806, best loss 907.874859
2025-07-21 04:11:07,720 [INFO] [252/300] loss 907.875 | compact 14.3142 | spectral 17.1989 | recons_loss: 0.160081 | sparse_loss: 1.03139 | 
2025-07-21 04:11:07,720 [INFO] [Iter 252] LR: 0.00000001
2025-07-21 04:11:07,721 [INFO] No improvement: current loss 907.874801, best loss 907.874859
2025-07-21 04:11:08,339 [INFO] [253/300] loss 907.875 | compact 14.3142 | spectral 17.1989 | recons_loss: 0.160081 | sparse_loss: 1.03139 | 
2025-07-21 04:11:08,339 [INFO] [Iter 253] LR: 0.00000001
2025-07-21 04:11:08,340 [INFO] No improvement: current loss 907.874803, best loss 907.874859
2025-07-21 04:11:08,938 [INFO] [254/300] loss 907.875 | compact 14.3142 | spectral 17.1989 | recons_loss: 0.160081 | sparse_loss: 1.03139 | 
2025-07-21 04:11:08,938 [INFO] [Iter 254] LR: 0.00000001
2025-07-21 04:11:08,939 [INFO] No improvement: current loss 907.874804, best loss 907.874859
2025-07-21 04:11:09,538 [INFO] [255/300] loss 907.875 | compact 14.3142 | spectral 17.1989 | recons_loss: 0.160081 | sparse_loss: 1.03139 | 
2025-07-21 04:11:09,538 [INFO] [Iter 255] LR: 0.00000001
2025-07-21 04:11:09,540 [INFO] No improvement: current loss 907.874806, best loss 907.874859
2025-07-21 04:11:10,137 [INFO] [256/300] loss 907.875 | compact 14.3142 | spectral 17.1989 | recons_loss: 0.160081 | sparse_loss: 1.03139 | 
2025-07-21 04:11:10,137 [INFO] [Iter 256] LR: 0.00000001
2025-07-21 04:11:10,138 [INFO] No improvement: current loss 907.874813, best loss 907.874859
2025-07-21 04:11:10,740 [INFO] [257/300] loss 907.875 | compact 14.3142 | spectral 17.1989 | recons_loss: 0.160081 | sparse_loss: 1.03139 | 
2025-07-21 04:11:10,740 [INFO] [Iter 257] LR: 0.00000001
2025-07-21 04:11:10,741 [INFO] No improvement: current loss 907.874813, best loss 907.874859
2025-07-21 04:11:11,343 [INFO] [258/300] loss 907.875 | compact 14.3142 | spectral 17.1989 | recons_loss: 0.160081 | sparse_loss: 1.03139 | 
2025-07-21 04:11:11,344 [INFO] [Iter 258] LR: 0.00000001
2025-07-21 04:11:11,346 [INFO] No improvement: current loss 907.874814, best loss 907.874859
2025-07-21 04:11:11,960 [INFO] [259/300] loss 907.875 | compact 14.3142 | spectral 17.1989 | recons_loss: 0.160081 | sparse_loss: 1.03139 | 
2025-07-21 04:11:11,961 [INFO] [Iter 259] LR: 0.00000001
2025-07-21 04:11:11,962 [INFO] No improvement: current loss 907.874814, best loss 907.874859
2025-07-21 04:11:12,567 [INFO] [260/300] loss 907.875 | compact 14.3142 | spectral 17.1989 | recons_loss: 0.160081 | sparse_loss: 1.03139 | 
2025-07-21 04:11:12,568 [INFO] [Iter 260] LR: 0.00000001
2025-07-21 04:11:12,569 [INFO] No improvement: current loss 907.874814, best loss 907.874859
2025-07-21 04:11:13,166 [INFO] [261/300] loss 907.875 | compact 14.3142 | spectral 17.1989 | recons_loss: 0.160081 | sparse_loss: 1.03139 | 
2025-07-21 04:11:13,167 [INFO] [Iter 261] LR: 0.00000001
2025-07-21 04:11:13,168 [INFO] No improvement: current loss 907.874814, best loss 907.874859
2025-07-21 04:11:13,765 [INFO] [262/300] loss 907.875 | compact 14.3142 | spectral 17.1989 | recons_loss: 0.160081 | sparse_loss: 1.03139 | 
2025-07-21 04:11:13,765 [INFO] [Iter 262] LR: 0.00000001
2025-07-21 04:11:13,766 [INFO] No improvement: current loss 907.874815, best loss 907.874859
2025-07-21 04:11:14,364 [INFO] [263/300] loss 907.875 | compact 14.3142 | spectral 17.1989 | recons_loss: 0.160081 | sparse_loss: 1.03139 | 
2025-07-21 04:11:14,364 [INFO] [Iter 263] LR: 0.00000001
2025-07-21 04:11:14,365 [INFO] No improvement: current loss 907.874815, best loss 907.874859
2025-07-21 04:11:14,962 [INFO] [264/300] loss 907.875 | compact 14.3142 | spectral 17.1989 | recons_loss: 0.160081 | sparse_loss: 1.03139 | 
2025-07-21 04:11:14,962 [INFO] [Iter 264] LR: 0.00000001
2025-07-21 04:11:14,963 [INFO] No improvement: current loss 907.874815, best loss 907.874859
2025-07-21 04:11:15,560 [INFO] [265/300] loss 907.875 | compact 14.3142 | spectral 17.1989 | recons_loss: 0.160081 | sparse_loss: 1.03139 | 
2025-07-21 04:11:15,561 [INFO] [Iter 265] LR: 0.00000001
2025-07-21 04:11:15,562 [INFO] No improvement: current loss 907.874815, best loss 907.874859
2025-07-21 04:11:16,176 [INFO] [266/300] loss 907.875 | compact 14.3142 | spectral 17.1989 | recons_loss: 0.160081 | sparse_loss: 1.03139 | 
2025-07-21 04:11:16,176 [INFO] [Iter 266] LR: 0.00000001
2025-07-21 04:11:16,177 [INFO] No improvement: current loss 907.874815, best loss 907.874859
2025-07-21 04:11:16,775 [INFO] [267/300] loss 907.875 | compact 14.3142 | spectral 17.1989 | recons_loss: 0.160081 | sparse_loss: 1.03139 | 
2025-07-21 04:11:16,775 [INFO] [Iter 267] LR: 0.00000001
2025-07-21 04:11:16,776 [INFO] No improvement: current loss 907.874816, best loss 907.874859
2025-07-21 04:11:17,374 [INFO] [268/300] loss 907.875 | compact 14.3142 | spectral 17.1989 | recons_loss: 0.160081 | sparse_loss: 1.03139 | 
2025-07-21 04:11:17,374 [INFO] [Iter 268] LR: 0.00000001
2025-07-21 04:11:17,375 [INFO] No improvement: current loss 907.874816, best loss 907.874859
2025-07-21 04:11:17,973 [INFO] [269/300] loss 907.875 | compact 14.3142 | spectral 17.1989 | recons_loss: 0.160081 | sparse_loss: 1.03139 | 
2025-07-21 04:11:17,973 [INFO] [Iter 269] LR: 0.00000001
2025-07-21 04:11:17,974 [INFO] No improvement: current loss 907.874816, best loss 907.874859
2025-07-21 04:11:18,578 [INFO] [270/300] loss 907.875 | compact 14.3142 | spectral 17.1989 | recons_loss: 0.160081 | sparse_loss: 1.03139 | 
2025-07-21 04:11:18,578 [INFO] [Iter 270] LR: 0.00000001
2025-07-21 04:11:18,580 [INFO] No improvement: current loss 907.874816, best loss 907.874859
2025-07-21 04:11:19,189 [INFO] [271/300] loss 907.875 | compact 14.3142 | spectral 17.1989 | recons_loss: 0.160081 | sparse_loss: 1.03139 | 
2025-07-21 04:11:19,189 [INFO] [Iter 271] LR: 0.00000001
2025-07-21 04:11:19,191 [INFO] No improvement: current loss 907.874816, best loss 907.874859
2025-07-21 04:11:19,800 [INFO] [272/300] loss 907.875 | compact 14.3142 | spectral 17.1989 | recons_loss: 0.160081 | sparse_loss: 1.03139 | 
2025-07-21 04:11:19,801 [INFO] [Iter 272] LR: 0.00000001
2025-07-21 04:11:19,803 [INFO] No improvement: current loss 907.874816, best loss 907.874859
2025-07-21 04:11:20,405 [INFO] [273/300] loss 907.875 | compact 14.3142 | spectral 17.1989 | recons_loss: 0.160081 | sparse_loss: 1.03139 | 
2025-07-21 04:11:20,405 [INFO] [Iter 273] LR: 0.00000001
2025-07-21 04:11:20,406 [INFO] No improvement: current loss 907.874816, best loss 907.874859
2025-07-21 04:11:21,004 [INFO] [274/300] loss 907.875 | compact 14.3142 | spectral 17.1989 | recons_loss: 0.160081 | sparse_loss: 1.03139 | 
2025-07-21 04:11:21,005 [INFO] [Iter 274] LR: 0.00000001
2025-07-21 04:11:21,007 [INFO] No improvement: current loss 907.874816, best loss 907.874859
2025-07-21 04:11:21,622 [INFO] [275/300] loss 907.875 | compact 14.3142 | spectral 17.1989 | recons_loss: 0.160081 | sparse_loss: 1.03139 | 
2025-07-21 04:11:21,622 [INFO] [Iter 275] LR: 0.00000001
2025-07-21 04:11:21,623 [INFO] No improvement: current loss 907.874816, best loss 907.874859
2025-07-21 04:11:22,223 [INFO] [276/300] loss 907.875 | compact 14.3142 | spectral 17.1989 | recons_loss: 0.160081 | sparse_loss: 1.03139 | 
2025-07-21 04:11:22,223 [INFO] [Iter 276] LR: 0.00000001
2025-07-21 04:11:22,224 [INFO] No improvement: current loss 907.874816, best loss 907.874859
2025-07-21 04:11:22,823 [INFO] [277/300] loss 907.875 | compact 14.3142 | spectral 17.1989 | recons_loss: 0.160081 | sparse_loss: 1.03139 | 
2025-07-21 04:11:22,823 [INFO] [Iter 277] LR: 0.00000001
2025-07-21 04:11:22,824 [INFO] No improvement: current loss 907.874816, best loss 907.874859
2025-07-21 04:11:23,423 [INFO] [278/300] loss 907.875 | compact 14.3142 | spectral 17.1989 | recons_loss: 0.160081 | sparse_loss: 1.03139 | 
2025-07-21 04:11:23,423 [INFO] [Iter 278] LR: 0.00000001
2025-07-21 04:11:23,424 [INFO] No improvement: current loss 907.874816, best loss 907.874859
2025-07-21 04:11:24,041 [INFO] [279/300] loss 907.875 | compact 14.3142 | spectral 17.1989 | recons_loss: 0.160081 | sparse_loss: 1.03139 | 
2025-07-21 04:11:24,041 [INFO] [Iter 279] LR: 0.00000001
2025-07-21 04:11:24,044 [INFO] No improvement: current loss 907.874817, best loss 907.874859
2025-07-21 04:11:24,663 [INFO] [280/300] loss 907.875 | compact 14.3142 | spectral 17.1989 | recons_loss: 0.160081 | sparse_loss: 1.03139 | 
2025-07-21 04:11:24,664 [INFO] [Iter 280] LR: 0.00000001
2025-07-21 04:11:24,665 [INFO] No improvement: current loss 907.874817, best loss 907.874859
2025-07-21 04:11:25,263 [INFO] [281/300] loss 907.875 | compact 14.3142 | spectral 17.1989 | recons_loss: 0.160081 | sparse_loss: 1.03139 | 
2025-07-21 04:11:25,264 [INFO] [Iter 281] LR: 0.00000001
2025-07-21 04:11:25,265 [INFO] No improvement: current loss 907.874817, best loss 907.874859
2025-07-21 04:11:25,872 [INFO] [282/300] loss 907.875 | compact 14.3142 | spectral 17.1989 | recons_loss: 0.160081 | sparse_loss: 1.03139 | 
2025-07-21 04:11:25,872 [INFO] [Iter 282] LR: 0.00000001
2025-07-21 04:11:25,875 [INFO] No improvement: current loss 907.874817, best loss 907.874859
2025-07-21 04:11:26,488 [INFO] [283/300] loss 907.875 | compact 14.3142 | spectral 17.1989 | recons_loss: 0.160081 | sparse_loss: 1.03139 | 
2025-07-21 04:11:26,488 [INFO] [Iter 283] LR: 0.00000001
2025-07-21 04:11:26,489 [INFO] No improvement: current loss 907.874811, best loss 907.874859
2025-07-21 04:11:27,087 [INFO] [284/300] loss 907.875 | compact 14.3142 | spectral 17.1989 | recons_loss: 0.160081 | sparse_loss: 1.03139 | 
2025-07-21 04:11:27,088 [INFO] [Iter 284] LR: 0.00000001
2025-07-21 04:11:27,089 [INFO] No improvement: current loss 907.874811, best loss 907.874859
2025-07-21 04:11:27,703 [INFO] [285/300] loss 907.875 | compact 14.3142 | spectral 17.1989 | recons_loss: 0.160081 | sparse_loss: 1.03139 | 
2025-07-21 04:11:27,704 [INFO] [Iter 285] LR: 0.00000001
2025-07-21 04:11:27,706 [INFO] No improvement: current loss 907.874812, best loss 907.874859
2025-07-21 04:11:28,309 [INFO] [286/300] loss 907.875 | compact 14.3142 | spectral 17.1989 | recons_loss: 0.160081 | sparse_loss: 1.03139 | 
2025-07-21 04:11:28,309 [INFO] [Iter 286] LR: 0.00000001
2025-07-21 04:11:28,311 [INFO] No improvement: current loss 907.874812, best loss 907.874859
2025-07-21 04:11:28,909 [INFO] [287/300] loss 907.875 | compact 14.3142 | spectral 17.1989 | recons_loss: 0.160081 | sparse_loss: 1.03139 | 
2025-07-21 04:11:28,909 [INFO] [Iter 287] LR: 0.00000001
2025-07-21 04:11:28,910 [INFO] No improvement: current loss 907.874813, best loss 907.874859
2025-07-21 04:11:29,526 [INFO] [288/300] loss 907.875 | compact 14.3142 | spectral 17.1989 | recons_loss: 0.160081 | sparse_loss: 1.03139 | 
2025-07-21 04:11:29,526 [INFO] [Iter 288] LR: 0.00000001
2025-07-21 04:11:29,527 [INFO] No improvement: current loss 907.874813, best loss 907.874859
2025-07-21 04:11:30,127 [INFO] [289/300] loss 907.875 | compact 14.3142 | spectral 17.1989 | recons_loss: 0.160081 | sparse_loss: 1.03139 | 
2025-07-21 04:11:30,127 [INFO] [Iter 289] LR: 0.00000001
2025-07-21 04:11:30,128 [INFO] No improvement: current loss 907.874814, best loss 907.874859
2025-07-21 04:11:30,726 [INFO] [290/300] loss 907.875 | compact 14.3142 | spectral 17.1989 | recons_loss: 0.160081 | sparse_loss: 1.03139 | 
2025-07-21 04:11:30,727 [INFO] [Iter 290] LR: 0.00000001
2025-07-21 04:11:30,728 [INFO] No improvement: current loss 907.874808, best loss 907.874859
2025-07-21 04:11:31,326 [INFO] [291/300] loss 907.875 | compact 14.3142 | spectral 17.1989 | recons_loss: 0.160081 | sparse_loss: 1.03139 | 
2025-07-21 04:11:31,326 [INFO] [Iter 291] LR: 0.00000001
2025-07-21 04:11:31,327 [INFO] No improvement: current loss 907.874809, best loss 907.874859
2025-07-21 04:11:31,927 [INFO] [292/300] loss 907.875 | compact 14.3142 | spectral 17.1989 | recons_loss: 0.160081 | sparse_loss: 1.03139 | 
2025-07-21 04:11:31,927 [INFO] [Iter 292] LR: 0.00000001
2025-07-21 04:11:31,928 [INFO] No improvement: current loss 907.874809, best loss 907.874859
2025-07-21 04:11:32,539 [INFO] [293/300] loss 907.875 | compact 14.3142 | spectral 17.1989 | recons_loss: 0.160081 | sparse_loss: 1.03139 | 
2025-07-21 04:11:32,539 [INFO] [Iter 293] LR: 0.00000001
2025-07-21 04:11:32,540 [INFO] No improvement: current loss 907.874810, best loss 907.874859
2025-07-21 04:11:33,144 [INFO] [294/300] loss 907.875 | compact 14.3142 | spectral 17.1989 | recons_loss: 0.160081 | sparse_loss: 1.03139 | 
2025-07-21 04:11:33,144 [INFO] [Iter 294] LR: 0.00000001
2025-07-21 04:11:33,145 [INFO] No improvement: current loss 907.874811, best loss 907.874859
2025-07-21 04:11:33,742 [INFO] [295/300] loss 907.875 | compact 14.3142 | spectral 17.1989 | recons_loss: 0.160081 | sparse_loss: 1.03139 | 
2025-07-21 04:11:33,743 [INFO] [Iter 295] LR: 0.00000001
2025-07-21 04:11:33,744 [INFO] No improvement: current loss 907.874818, best loss 907.874859
2025-07-21 04:11:34,341 [INFO] [296/300] loss 907.875 | compact 14.3142 | spectral 17.1989 | recons_loss: 0.160081 | sparse_loss: 1.03139 | 
2025-07-21 04:11:34,341 [INFO] [Iter 296] LR: 0.00000001
2025-07-21 04:11:34,342 [INFO] No improvement: current loss 907.874811, best loss 907.874859
2025-07-21 04:11:34,940 [INFO] [297/300] loss 907.875 | compact 14.3142 | spectral 17.1989 | recons_loss: 0.160081 | sparse_loss: 1.03139 | 
2025-07-21 04:11:34,941 [INFO] [Iter 297] LR: 0.00000001
2025-07-21 04:11:34,942 [INFO] No improvement: current loss 907.874812, best loss 907.874859
2025-07-21 04:11:35,540 [INFO] [298/300] loss 907.875 | compact 14.3142 | spectral 17.1989 | recons_loss: 0.160081 | sparse_loss: 1.03139 | 
2025-07-21 04:11:35,540 [INFO] [Iter 298] LR: 0.00000001
2025-07-21 04:11:35,542 [INFO] No improvement: current loss 907.874812, best loss 907.874859
2025-07-21 04:11:35,720 [INFO] H: 600, W: 166
2025-07-21 04:11:35,830 [INFO] [0 1 2 3 4 5]
2025-07-21 04:11:35,929 [INFO] y_target: [1 2 3 4 5 6]
2025-07-21 04:11:35,929 [INFO] y_predict: [0 1 2 3 4 5]
2025-07-21 04:11:36,018 [INFO] Epoch = 299 OA = 0.8817 Kappa = 0.8420 NMI = 0.8090
2025-07-21 04:11:36,494 [INFO] [299/300] loss 907.875 | compact 14.3142 | spectral 17.1989 | recons_loss: 0.160081 | sparse_loss: 1.03139 | 
2025-07-21 04:11:36,494 [INFO] [Iter 299] LR: 0.00000001
2025-07-21 04:11:36,496 [INFO] No improvement: current loss 907.874813, best loss 907.874859
2025-07-21 04:11:36,496 [INFO] Training finished. Best model loaded.
