2025-07-21 04:21:20,284 [INFO] ========== Training Configuration ==========
2025-07-21 04:21:20,284 [INFO] out_dir: ./log
2025-07-21 04:21:20,284 [INFO] lr: 0.1
2025-07-21 04:21:20,284 [INFO] train_iter: 300
2025-07-21 04:21:20,284 [INFO] niter: 5
2025-07-21 04:21:20,284 [INFO] nspix: 300
2025-07-21 04:21:20,284 [INFO] weight: weight
2025-07-21 04:21:20,284 [INFO] weight_representation: 145.0
2025-07-21 04:21:20,285 [INFO] weight_noise: 50.0
2025-07-21 04:21:20,285 [INFO] dataset: trento
2025-07-21 04:21:20,285 [INFO] device: cuda:0
2025-07-21 04:21:20,285 [INFO] log: trento11
2025-07-21 04:21:20,285 [INFO] ============================================
2025-07-21 04:21:23,223 [INFO] H: 600, W: 166
2025-07-21 04:21:23,320 [INFO] [0 1 2 3 4 5]
2025-07-21 04:21:23,517 [INFO] y_target: [1 2 3 4 5 6]
2025-07-21 04:21:23,517 [INFO] y_predict: [0 1 2 3 4 5]
2025-07-21 04:21:23,606 [INFO] Epoch = 0 OA = 0.8509 Kappa = 0.8011 NMI = 0.7884
2025-07-21 04:21:24,131 [INFO] [0/300] loss 1086.05 | compact 13.9608 | spectral 17.8474 | recons_loss: 0.260069 | sparse_loss: 1.04467 | 
2025-07-21 04:21:24,132 [INFO] [Iter 0] LR: 0.10000000
2025-07-21 04:21:24,133 [INFO] Saving best model at iteration 0
2025-07-21 04:21:24,731 [INFO] [1/300] loss 1085.47 | compact 13.9649 | spectral 17.8331 | recons_loss: 0.258687 | sparse_loss: 1.04471 | 
2025-07-21 04:21:24,731 [INFO] [Iter 1] LR: 0.10000000
2025-07-21 04:21:24,732 [INFO] Saving best model at iteration 1
2025-07-21 04:21:25,329 [INFO] [2/300] loss 1084.64 | compact 13.9694 | spectral 17.811 | recons_loss: 0.25683 | sparse_loss: 1.04467 | 
2025-07-21 04:21:25,329 [INFO] [Iter 2] LR: 0.10000000
2025-07-21 04:21:25,330 [INFO] Saving best model at iteration 2
2025-07-21 04:21:25,927 [INFO] [3/300] loss 1083.55 | compact 13.9708 | spectral 17.7847 | recons_loss: 0.254358 | sparse_loss: 1.04444 | 
2025-07-21 04:21:25,927 [INFO] [Iter 3] LR: 0.10000000
2025-07-21 04:21:25,928 [INFO] Saving best model at iteration 3
2025-07-21 04:21:26,525 [INFO] [4/300] loss 1082.28 | compact 13.9736 | spectral 17.7537 | recons_loss: 0.251378 | sparse_loss: 1.04405 | 
2025-07-21 04:21:26,526 [INFO] [Iter 4] LR: 0.10000000
2025-07-21 04:21:26,527 [INFO] Saving best model at iteration 4
2025-07-21 04:21:27,124 [INFO] [5/300] loss 1080.88 | compact 13.9768 | spectral 17.7164 | recons_loss: 0.248005 | sparse_loss: 1.04354 | 
2025-07-21 04:21:27,124 [INFO] [Iter 5] LR: 0.10000000
2025-07-21 04:21:27,125 [INFO] Saving best model at iteration 5
2025-07-21 04:21:27,723 [INFO] [6/300] loss 1079.42 | compact 13.9791 | spectral 17.6764 | recons_loss: 0.244386 | sparse_loss: 1.04299 | 
2025-07-21 04:21:27,724 [INFO] [Iter 6] LR: 0.10000000
2025-07-21 04:21:27,725 [INFO] Saving best model at iteration 6
2025-07-21 04:21:28,322 [INFO] [7/300] loss 1077.94 | compact 13.9826 | spectral 17.6354 | recons_loss: 0.240554 | sparse_loss: 1.04243 | 
2025-07-21 04:21:28,322 [INFO] [Iter 7] LR: 0.10000000
2025-07-21 04:21:28,323 [INFO] Saving best model at iteration 7
2025-07-21 04:21:28,920 [INFO] [8/300] loss 1076.45 | compact 13.9862 | spectral 17.5938 | recons_loss: 0.236575 | sparse_loss: 1.0419 | 
2025-07-21 04:21:28,920 [INFO] [Iter 8] LR: 0.10000000
2025-07-21 04:21:28,921 [INFO] Saving best model at iteration 8
2025-07-21 04:21:29,520 [INFO] [9/300] loss 1074.95 | compact 13.9914 | spectral 17.5618 | recons_loss: 0.232315 | sparse_loss: 1.04137 | 
2025-07-21 04:21:29,521 [INFO] [Iter 9] LR: 0.10000000
2025-07-21 04:21:29,522 [INFO] Saving best model at iteration 9
2025-07-21 04:21:30,122 [INFO] [10/300] loss 1073.5 | compact 13.996 | spectral 17.5283 | recons_loss: 0.228114 | sparse_loss: 1.04085 | 
2025-07-21 04:21:30,122 [INFO] [Iter 10] LR: 0.10000000
2025-07-21 04:21:30,123 [INFO] Saving best model at iteration 10
2025-07-21 04:21:30,726 [INFO] [11/300] loss 1072.09 | compact 14.0025 | spectral 17.4911 | recons_loss: 0.22392 | sparse_loss: 1.04032 | 
2025-07-21 04:21:30,726 [INFO] [Iter 11] LR: 0.10000000
2025-07-21 04:21:30,727 [INFO] Saving best model at iteration 11
2025-07-21 04:21:31,325 [INFO] [12/300] loss 1070.74 | compact 14.0096 | spectral 17.4541 | recons_loss: 0.219796 | sparse_loss: 1.03978 | 
2025-07-21 04:21:31,325 [INFO] [Iter 12] LR: 0.10000000
2025-07-21 04:21:31,327 [INFO] Saving best model at iteration 12
2025-07-21 04:21:31,929 [INFO] [13/300] loss 1069.45 | compact 14.015 | spectral 17.4214 | recons_loss: 0.215809 | sparse_loss: 1.03923 | 
2025-07-21 04:21:31,930 [INFO] [Iter 13] LR: 0.10000000
2025-07-21 04:21:31,931 [INFO] Saving best model at iteration 13
2025-07-21 04:21:32,528 [INFO] [14/300] loss 1068.23 | compact 14.0198 | spectral 17.3914 | recons_loss: 0.21196 | sparse_loss: 1.0387 | 
2025-07-21 04:21:32,528 [INFO] [Iter 14] LR: 0.10000000
2025-07-21 04:21:32,529 [INFO] Saving best model at iteration 14
2025-07-21 04:21:33,126 [INFO] [15/300] loss 1067.06 | compact 14.0246 | spectral 17.3648 | recons_loss: 0.208237 | sparse_loss: 1.03821 | 
2025-07-21 04:21:33,126 [INFO] [Iter 15] LR: 0.10000000
2025-07-21 04:21:33,128 [INFO] Saving best model at iteration 15
2025-07-21 04:21:33,724 [INFO] [16/300] loss 1065.96 | compact 14.0315 | spectral 17.3375 | recons_loss: 0.204667 | sparse_loss: 1.03777 | 
2025-07-21 04:21:33,725 [INFO] [Iter 16] LR: 0.10000000
2025-07-21 04:21:33,727 [INFO] Saving best model at iteration 16
2025-07-21 04:21:34,338 [INFO] [17/300] loss 1064.94 | compact 14.0405 | spectral 17.3203 | recons_loss: 0.201262 | sparse_loss: 1.03738 | 
2025-07-21 04:21:34,338 [INFO] [Iter 17] LR: 0.10000000
2025-07-21 04:21:34,339 [INFO] Saving best model at iteration 17
2025-07-21 04:21:34,937 [INFO] [18/300] loss 1063.96 | compact 14.0468 | spectral 17.2984 | recons_loss: 0.198035 | sparse_loss: 1.03702 | 
2025-07-21 04:21:34,938 [INFO] [Iter 18] LR: 0.10000000
2025-07-21 04:21:34,940 [INFO] Saving best model at iteration 18
2025-07-21 04:21:35,539 [INFO] [19/300] loss 1063.01 | compact 14.0534 | spectral 17.2801 | recons_loss: 0.194976 | sparse_loss: 1.03666 | 
2025-07-21 04:21:35,539 [INFO] [Iter 19] LR: 0.10000000
2025-07-21 04:21:35,540 [INFO] Saving best model at iteration 19
2025-07-21 04:21:36,137 [INFO] [20/300] loss 1062.13 | compact 14.0598 | spectral 17.2659 | recons_loss: 0.192066 | sparse_loss: 1.03632 | 
2025-07-21 04:21:36,137 [INFO] [Iter 20] LR: 0.10000000
2025-07-21 04:21:36,138 [INFO] Saving best model at iteration 20
2025-07-21 04:21:36,743 [INFO] [21/300] loss 1061.29 | compact 14.0655 | spectral 17.2517 | recons_loss: 0.189336 | sparse_loss: 1.03599 | 
2025-07-21 04:21:36,743 [INFO] [Iter 21] LR: 0.10000000
2025-07-21 04:21:36,745 [INFO] Saving best model at iteration 21
2025-07-21 04:21:37,366 [INFO] [22/300] loss 1060.49 | compact 14.0714 | spectral 17.2402 | recons_loss: 0.18677 | sparse_loss: 1.03567 | 
2025-07-21 04:21:37,367 [INFO] [Iter 22] LR: 0.10000000
2025-07-21 04:21:37,368 [INFO] Saving best model at iteration 22
2025-07-21 04:21:37,978 [INFO] [23/300] loss 1059.73 | compact 14.0774 | spectral 17.2295 | recons_loss: 0.18436 | sparse_loss: 1.03539 | 
2025-07-21 04:21:37,978 [INFO] [Iter 23] LR: 0.10000000
2025-07-21 04:21:37,980 [INFO] Saving best model at iteration 23
2025-07-21 04:21:38,576 [INFO] [24/300] loss 1059.01 | compact 14.0823 | spectral 17.2206 | recons_loss: 0.182103 | sparse_loss: 1.03514 | 
2025-07-21 04:21:38,576 [INFO] [Iter 24] LR: 0.10000000
2025-07-21 04:21:38,577 [INFO] Saving best model at iteration 24
2025-07-21 04:21:39,174 [INFO] [25/300] loss 1058.33 | compact 14.0869 | spectral 17.2137 | recons_loss: 0.180003 | sparse_loss: 1.03492 | 
2025-07-21 04:21:39,174 [INFO] [Iter 25] LR: 0.10000000
2025-07-21 04:21:39,175 [INFO] Saving best model at iteration 25
2025-07-21 04:21:39,772 [INFO] [26/300] loss 1057.69 | compact 14.0914 | spectral 17.2063 | recons_loss: 0.178043 | sparse_loss: 1.03473 | 
2025-07-21 04:21:39,772 [INFO] [Iter 26] LR: 0.10000000
2025-07-21 04:21:39,774 [INFO] Saving best model at iteration 26
2025-07-21 04:21:40,377 [INFO] [27/300] loss 1057.09 | compact 14.0978 | spectral 17.1991 | recons_loss: 0.176221 | sparse_loss: 1.03454 | 
2025-07-21 04:21:40,377 [INFO] [Iter 27] LR: 0.10000000
2025-07-21 04:21:40,379 [INFO] Saving best model at iteration 27
2025-07-21 04:21:40,977 [INFO] [28/300] loss 1056.52 | compact 14.1029 | spectral 17.1949 | recons_loss: 0.174529 | sparse_loss: 1.03435 | 
2025-07-21 04:21:40,978 [INFO] [Iter 28] LR: 0.10000000
2025-07-21 04:21:40,979 [INFO] Saving best model at iteration 28
2025-07-21 04:21:41,577 [INFO] [29/300] loss 1055.98 | compact 14.1092 | spectral 17.1923 | recons_loss: 0.172952 | sparse_loss: 1.03416 | 
2025-07-21 04:21:41,577 [INFO] [Iter 29] LR: 0.10000000
2025-07-21 04:21:41,579 [INFO] Saving best model at iteration 29
2025-07-21 04:21:42,180 [INFO] [30/300] loss 1055.47 | compact 14.1164 | spectral 17.1881 | recons_loss: 0.171493 | sparse_loss: 1.03399 | 
2025-07-21 04:21:42,180 [INFO] [Iter 30] LR: 0.10000000
2025-07-21 04:21:42,182 [INFO] Saving best model at iteration 30
2025-07-21 04:21:42,792 [INFO] [31/300] loss 1055 | compact 14.1222 | spectral 17.1857 | recons_loss: 0.170151 | sparse_loss: 1.03383 | 
2025-07-21 04:21:42,793 [INFO] [Iter 31] LR: 0.10000000
2025-07-21 04:21:42,794 [INFO] Saving best model at iteration 31
2025-07-21 04:21:43,391 [INFO] [32/300] loss 1054.56 | compact 14.1273 | spectral 17.1901 | recons_loss: 0.168909 | sparse_loss: 1.03368 | 
2025-07-21 04:21:43,391 [INFO] [Iter 32] LR: 0.10000000
2025-07-21 04:21:43,392 [INFO] Saving best model at iteration 32
2025-07-21 04:21:43,988 [INFO] [33/300] loss 1054.14 | compact 14.1326 | spectral 17.1957 | recons_loss: 0.167758 | sparse_loss: 1.03356 | 
2025-07-21 04:21:43,989 [INFO] [Iter 33] LR: 0.10000000
2025-07-21 04:21:43,990 [INFO] Saving best model at iteration 33
2025-07-21 04:21:44,600 [INFO] [34/300] loss 1053.74 | compact 14.1368 | spectral 17.2026 | recons_loss: 0.166686 | sparse_loss: 1.03344 | 
2025-07-21 04:21:44,600 [INFO] [Iter 34] LR: 0.10000000
2025-07-21 04:21:44,601 [INFO] Saving best model at iteration 34
2025-07-21 04:21:45,203 [INFO] [35/300] loss 1053.37 | compact 14.1408 | spectral 17.2096 | recons_loss: 0.165684 | sparse_loss: 1.03331 | 
2025-07-21 04:21:45,203 [INFO] [Iter 35] LR: 0.10000000
2025-07-21 04:21:45,204 [INFO] Saving best model at iteration 35
2025-07-21 04:21:45,814 [INFO] [36/300] loss 1053.01 | compact 14.1453 | spectral 17.2168 | recons_loss: 0.164761 | sparse_loss: 1.03316 | 
2025-07-21 04:21:45,814 [INFO] [Iter 36] LR: 0.10000000
2025-07-21 04:21:45,815 [INFO] Saving best model at iteration 36
2025-07-21 04:21:46,423 [INFO] [37/300] loss 1052.67 | compact 14.1522 | spectral 17.2229 | recons_loss: 0.163916 | sparse_loss: 1.03303 | 
2025-07-21 04:21:46,424 [INFO] [Iter 37] LR: 0.10000000
2025-07-21 04:21:46,425 [INFO] Saving best model at iteration 37
2025-07-21 04:21:47,022 [INFO] [38/300] loss 1052.36 | compact 14.159 | spectral 17.2282 | recons_loss: 0.16312 | sparse_loss: 1.03291 | 
2025-07-21 04:21:47,022 [INFO] [Iter 38] LR: 0.10000000
2025-07-21 04:21:47,023 [INFO] Saving best model at iteration 38
2025-07-21 04:21:47,636 [INFO] [39/300] loss 1052.04 | compact 14.1641 | spectral 17.2343 | recons_loss: 0.162354 | sparse_loss: 1.03281 | 
2025-07-21 04:21:47,636 [INFO] [Iter 39] LR: 0.10000000
2025-07-21 04:21:47,638 [INFO] Saving best model at iteration 39
2025-07-21 04:21:48,237 [INFO] [40/300] loss 1051.74 | compact 14.1692 | spectral 17.2393 | recons_loss: 0.161642 | sparse_loss: 1.03271 | 
2025-07-21 04:21:48,237 [INFO] [Iter 40] LR: 0.10000000
2025-07-21 04:21:48,240 [INFO] Saving best model at iteration 40
2025-07-21 04:21:48,846 [INFO] [41/300] loss 1051.46 | compact 14.1739 | spectral 17.2455 | recons_loss: 0.160975 | sparse_loss: 1.03262 | 
2025-07-21 04:21:48,846 [INFO] [Iter 41] LR: 0.10000000
2025-07-21 04:21:48,847 [INFO] Saving best model at iteration 41
2025-07-21 04:21:49,445 [INFO] [42/300] loss 1051.19 | compact 14.1794 | spectral 17.2512 | recons_loss: 0.160357 | sparse_loss: 1.03252 | 
2025-07-21 04:21:49,445 [INFO] [Iter 42] LR: 0.10000000
2025-07-21 04:21:49,446 [INFO] Saving best model at iteration 42
2025-07-21 04:21:50,043 [INFO] [43/300] loss 1050.93 | compact 14.1823 | spectral 17.2592 | recons_loss: 0.159786 | sparse_loss: 1.03243 | 
2025-07-21 04:21:50,044 [INFO] [Iter 43] LR: 0.10000000
2025-07-21 04:21:50,045 [INFO] Saving best model at iteration 43
2025-07-21 04:21:50,641 [INFO] [44/300] loss 1050.69 | compact 14.1838 | spectral 17.2692 | recons_loss: 0.159255 | sparse_loss: 1.03234 | 
2025-07-21 04:21:50,641 [INFO] [Iter 44] LR: 0.10000000
2025-07-21 04:21:50,642 [INFO] Saving best model at iteration 44
2025-07-21 04:21:51,240 [INFO] [45/300] loss 1050.47 | compact 14.1861 | spectral 17.2785 | recons_loss: 0.158763 | sparse_loss: 1.03227 | 
2025-07-21 04:21:51,240 [INFO] [Iter 45] LR: 0.10000000
2025-07-21 04:21:51,241 [INFO] Saving best model at iteration 45
2025-07-21 04:21:51,838 [INFO] [46/300] loss 1050.25 | compact 14.1908 | spectral 17.2814 | recons_loss: 0.158303 | sparse_loss: 1.0322 | 
2025-07-21 04:21:51,838 [INFO] [Iter 46] LR: 0.10000000
2025-07-21 04:21:51,839 [INFO] Saving best model at iteration 46
2025-07-21 04:21:52,437 [INFO] [47/300] loss 1050.04 | compact 14.196 | spectral 17.2842 | recons_loss: 0.15786 | sparse_loss: 1.03213 | 
2025-07-21 04:21:52,437 [INFO] [Iter 47] LR: 0.10000000
2025-07-21 04:21:52,438 [INFO] Saving best model at iteration 47
2025-07-21 04:21:53,043 [INFO] [48/300] loss 1049.84 | compact 14.2014 | spectral 17.2873 | recons_loss: 0.157439 | sparse_loss: 1.03205 | 
2025-07-21 04:21:53,044 [INFO] [Iter 48] LR: 0.10000000
2025-07-21 04:21:53,045 [INFO] Saving best model at iteration 48
2025-07-21 04:21:53,645 [INFO] [49/300] loss 1049.66 | compact 14.2074 | spectral 17.2944 | recons_loss: 0.15704 | sparse_loss: 1.03198 | 
2025-07-21 04:21:53,645 [INFO] [Iter 49] LR: 0.10000000
2025-07-21 04:21:53,647 [INFO] Saving best model at iteration 49
2025-07-21 04:21:53,837 [INFO] H: 600, W: 166
2025-07-21 04:21:53,949 [INFO] [0 1 2 3 4 5]
2025-07-21 04:21:54,248 [INFO] y_target: [1 2 3 4 5 6]
2025-07-21 04:21:54,248 [INFO] y_predict: [0 1 2 3 4 5]
2025-07-21 04:21:54,336 [INFO] Epoch = 50 OA = 0.8891 Kappa = 0.8519 NMI = 0.8189
2025-07-21 04:21:54,812 [INFO] [50/300] loss 1049.48 | compact 14.2136 | spectral 17.3033 | recons_loss: 0.156656 | sparse_loss: 1.0319 | 
2025-07-21 04:21:54,812 [INFO] [Iter 50] LR: 0.10000000
2025-07-21 04:21:54,813 [INFO] Saving best model at iteration 50
2025-07-21 04:21:55,411 [INFO] [51/300] loss 1049.33 | compact 14.2157 | spectral 17.3167 | recons_loss: 0.156305 | sparse_loss: 1.03185 | 
2025-07-21 04:21:55,411 [INFO] [Iter 51] LR: 0.10000000
2025-07-21 04:21:55,412 [INFO] Saving best model at iteration 51
2025-07-21 04:21:56,010 [INFO] [52/300] loss 1049.17 | compact 14.2202 | spectral 17.3279 | recons_loss: 0.155959 | sparse_loss: 1.0318 | 
2025-07-21 04:21:56,010 [INFO] [Iter 52] LR: 0.10000000
2025-07-21 04:21:56,011 [INFO] Saving best model at iteration 52
2025-07-21 04:21:56,608 [INFO] [53/300] loss 1049.02 | compact 14.2249 | spectral 17.3413 | recons_loss: 0.155624 | sparse_loss: 1.03174 | 
2025-07-21 04:21:56,608 [INFO] [Iter 53] LR: 0.10000000
2025-07-21 04:21:56,609 [INFO] Saving best model at iteration 53
2025-07-21 04:21:57,206 [INFO] [54/300] loss 1048.87 | compact 14.23 | spectral 17.3503 | recons_loss: 0.155303 | sparse_loss: 1.03169 | 
2025-07-21 04:21:57,206 [INFO] [Iter 54] LR: 0.10000000
2025-07-21 04:21:57,207 [INFO] Saving best model at iteration 54
2025-07-21 04:21:57,805 [INFO] [55/300] loss 1048.72 | compact 14.2351 | spectral 17.3563 | recons_loss: 0.154996 | sparse_loss: 1.03164 | 
2025-07-21 04:21:57,805 [INFO] [Iter 55] LR: 0.10000000
2025-07-21 04:21:57,807 [INFO] Saving best model at iteration 55
2025-07-21 04:21:58,404 [INFO] [56/300] loss 1048.58 | compact 14.2393 | spectral 17.3631 | recons_loss: 0.154708 | sparse_loss: 1.03159 | 
2025-07-21 04:21:58,404 [INFO] [Iter 56] LR: 0.10000000
2025-07-21 04:21:58,405 [INFO] Saving best model at iteration 56
2025-07-21 04:21:59,002 [INFO] [57/300] loss 1048.44 | compact 14.243 | spectral 17.3696 | recons_loss: 0.154431 | sparse_loss: 1.03154 | 
2025-07-21 04:21:59,003 [INFO] [Iter 57] LR: 0.10000000
2025-07-21 04:21:59,004 [INFO] Saving best model at iteration 57
2025-07-21 04:21:59,607 [INFO] [58/300] loss 1048.31 | compact 14.2471 | spectral 17.3747 | recons_loss: 0.154154 | sparse_loss: 1.03149 | 
2025-07-21 04:21:59,607 [INFO] [Iter 58] LR: 0.10000000
2025-07-21 04:21:59,608 [INFO] Saving best model at iteration 58
2025-07-21 04:22:00,205 [INFO] [59/300] loss 1048.17 | compact 14.2521 | spectral 17.3785 | recons_loss: 0.153888 | sparse_loss: 1.03145 | 
2025-07-21 04:22:00,206 [INFO] [Iter 59] LR: 0.10000000
2025-07-21 04:22:00,207 [INFO] Saving best model at iteration 59
2025-07-21 04:22:00,804 [INFO] [60/300] loss 1048.04 | compact 14.2561 | spectral 17.383 | recons_loss: 0.153627 | sparse_loss: 1.03141 | 
2025-07-21 04:22:00,805 [INFO] [Iter 60] LR: 0.10000000
2025-07-21 04:22:00,806 [INFO] Saving best model at iteration 60
2025-07-21 04:22:01,413 [INFO] [61/300] loss 1047.92 | compact 14.26 | spectral 17.3893 | recons_loss: 0.153374 | sparse_loss: 1.03137 | 
2025-07-21 04:22:01,414 [INFO] [Iter 61] LR: 0.10000000
2025-07-21 04:22:01,415 [INFO] Saving best model at iteration 61
2025-07-21 04:22:02,012 [INFO] [62/300] loss 1047.8 | compact 14.264 | spectral 17.3948 | recons_loss: 0.153131 | sparse_loss: 1.03133 | 
2025-07-21 04:22:02,013 [INFO] [Iter 62] LR: 0.10000000
2025-07-21 04:22:02,014 [INFO] Saving best model at iteration 62
2025-07-21 04:22:02,611 [INFO] [63/300] loss 1047.69 | compact 14.2683 | spectral 17.4006 | recons_loss: 0.152898 | sparse_loss: 1.03128 | 
2025-07-21 04:22:02,612 [INFO] [Iter 63] LR: 0.10000000
2025-07-21 04:22:02,614 [INFO] Saving best model at iteration 63
2025-07-21 04:22:03,211 [INFO] [64/300] loss 1047.59 | compact 14.2701 | spectral 17.409 | recons_loss: 0.15268 | sparse_loss: 1.03124 | 
2025-07-21 04:22:03,212 [INFO] [Iter 64] LR: 0.10000000
2025-07-21 04:22:03,213 [INFO] Saving best model at iteration 64
2025-07-21 04:22:03,810 [INFO] [65/300] loss 1047.48 | compact 14.2743 | spectral 17.4153 | recons_loss: 0.152453 | sparse_loss: 1.0312 | 
2025-07-21 04:22:03,810 [INFO] [Iter 65] LR: 0.10000000
2025-07-21 04:22:03,811 [INFO] Saving best model at iteration 65
2025-07-21 04:22:04,408 [INFO] [66/300] loss 1047.37 | compact 14.2777 | spectral 17.4218 | recons_loss: 0.152236 | sparse_loss: 1.03116 | 
2025-07-21 04:22:04,408 [INFO] [Iter 66] LR: 0.10000000
2025-07-21 04:22:04,409 [INFO] Saving best model at iteration 66
2025-07-21 04:22:05,006 [INFO] [67/300] loss 1047.27 | compact 14.2818 | spectral 17.4287 | recons_loss: 0.15203 | sparse_loss: 1.03112 | 
2025-07-21 04:22:05,007 [INFO] [Iter 67] LR: 0.10000000
2025-07-21 04:22:05,008 [INFO] Saving best model at iteration 67
2025-07-21 04:22:05,605 [INFO] [68/300] loss 1047.17 | compact 14.2854 | spectral 17.4354 | recons_loss: 0.15184 | sparse_loss: 1.03107 | 
2025-07-21 04:22:05,605 [INFO] [Iter 68] LR: 0.10000000
2025-07-21 04:22:05,607 [INFO] Saving best model at iteration 68
2025-07-21 04:22:06,205 [INFO] [69/300] loss 1047.08 | compact 14.2878 | spectral 17.4417 | recons_loss: 0.151661 | sparse_loss: 1.03102 | 
2025-07-21 04:22:06,205 [INFO] [Iter 69] LR: 0.10000000
2025-07-21 04:22:06,206 [INFO] Saving best model at iteration 69
2025-07-21 04:22:06,804 [INFO] [70/300] loss 1046.98 | compact 14.2908 | spectral 17.4458 | recons_loss: 0.151494 | sparse_loss: 1.03097 | 
2025-07-21 04:22:06,805 [INFO] [Iter 70] LR: 0.10000000
2025-07-21 04:22:06,807 [INFO] Saving best model at iteration 70
2025-07-21 04:22:07,406 [INFO] [71/300] loss 1046.89 | compact 14.294 | spectral 17.4494 | recons_loss: 0.15133 | sparse_loss: 1.03093 | 
2025-07-21 04:22:07,406 [INFO] [Iter 71] LR: 0.10000000
2025-07-21 04:22:07,408 [INFO] Saving best model at iteration 71
2025-07-21 04:22:08,004 [INFO] [72/300] loss 1046.8 | compact 14.2962 | spectral 17.4531 | recons_loss: 0.151175 | sparse_loss: 1.03089 | 
2025-07-21 04:22:08,004 [INFO] [Iter 72] LR: 0.10000000
2025-07-21 04:22:08,005 [INFO] Saving best model at iteration 72
2025-07-21 04:22:08,603 [INFO] [73/300] loss 1046.71 | compact 14.299 | spectral 17.457 | recons_loss: 0.151026 | sparse_loss: 1.03086 | 
2025-07-21 04:22:08,603 [INFO] [Iter 73] LR: 0.10000000
2025-07-21 04:22:08,604 [INFO] Saving best model at iteration 73
2025-07-21 04:22:09,202 [INFO] [74/300] loss 1046.62 | compact 14.3013 | spectral 17.461 | recons_loss: 0.150884 | sparse_loss: 1.03082 | 
2025-07-21 04:22:09,202 [INFO] [Iter 74] LR: 0.10000000
2025-07-21 04:22:09,203 [INFO] Saving best model at iteration 74
2025-07-21 04:22:09,800 [INFO] [75/300] loss 1046.55 | compact 14.3029 | spectral 17.4697 | recons_loss: 0.150728 | sparse_loss: 1.03079 | 
2025-07-21 04:22:09,801 [INFO] [Iter 75] LR: 0.10000000
2025-07-21 04:22:09,802 [INFO] Saving best model at iteration 75
2025-07-21 04:22:10,399 [INFO] [76/300] loss 1046.48 | compact 14.3046 | spectral 17.4787 | recons_loss: 0.150585 | sparse_loss: 1.03076 | 
2025-07-21 04:22:10,399 [INFO] [Iter 76] LR: 0.05000000
2025-07-21 04:22:10,400 [INFO] Saving best model at iteration 76
2025-07-21 04:22:10,998 [INFO] [77/300] loss 1046.41 | compact 14.3064 | spectral 17.4863 | recons_loss: 0.150456 | sparse_loss: 1.03073 | 
2025-07-21 04:22:10,999 [INFO] [Iter 77] LR: 0.05000000
2025-07-21 04:22:11,000 [INFO] Saving best model at iteration 77
2025-07-21 04:22:11,597 [INFO] [78/300] loss 1046.34 | compact 14.3079 | spectral 17.4932 | recons_loss: 0.150336 | sparse_loss: 1.0307 | 
2025-07-21 04:22:11,597 [INFO] [Iter 78] LR: 0.05000000
2025-07-21 04:22:11,598 [INFO] Saving best model at iteration 78
2025-07-21 04:22:12,196 [INFO] [79/300] loss 1046.27 | compact 14.3095 | spectral 17.4994 | recons_loss: 0.150223 | sparse_loss: 1.03066 | 
2025-07-21 04:22:12,196 [INFO] [Iter 79] LR: 0.05000000
2025-07-21 04:22:12,197 [INFO] Saving best model at iteration 79
2025-07-21 04:22:12,795 [INFO] [80/300] loss 1046.2 | compact 14.3115 | spectral 17.5055 | recons_loss: 0.150117 | sparse_loss: 1.03063 | 
2025-07-21 04:22:12,795 [INFO] [Iter 80] LR: 0.05000000
2025-07-21 04:22:12,796 [INFO] Saving best model at iteration 80
2025-07-21 04:22:13,394 [INFO] [81/300] loss 1046.13 | compact 14.313 | spectral 17.5115 | recons_loss: 0.150017 | sparse_loss: 1.0306 | 
2025-07-21 04:22:13,394 [INFO] [Iter 81] LR: 0.05000000
2025-07-21 04:22:13,395 [INFO] Saving best model at iteration 81
2025-07-21 04:22:13,992 [INFO] [82/300] loss 1046.06 | compact 14.3149 | spectral 17.5165 | recons_loss: 0.149921 | sparse_loss: 1.03057 | 
2025-07-21 04:22:13,993 [INFO] [Iter 82] LR: 0.05000000
2025-07-21 04:22:13,994 [INFO] Saving best model at iteration 82
2025-07-21 04:22:14,591 [INFO] [83/300] loss 1046 | compact 14.3158 | spectral 17.5216 | recons_loss: 0.14983 | sparse_loss: 1.03054 | 
2025-07-21 04:22:14,591 [INFO] [Iter 83] LR: 0.05000000
2025-07-21 04:22:14,592 [INFO] Saving best model at iteration 83
2025-07-21 04:22:15,189 [INFO] [84/300] loss 1045.93 | compact 14.3167 | spectral 17.526 | recons_loss: 0.149743 | sparse_loss: 1.0305 | 
2025-07-21 04:22:15,190 [INFO] [Iter 84] LR: 0.05000000
2025-07-21 04:22:15,191 [INFO] Saving best model at iteration 84
2025-07-21 04:22:15,788 [INFO] [85/300] loss 1045.86 | compact 14.3175 | spectral 17.5303 | recons_loss: 0.14966 | sparse_loss: 1.03047 | 
2025-07-21 04:22:15,789 [INFO] [Iter 85] LR: 0.05000000
2025-07-21 04:22:15,790 [INFO] Saving best model at iteration 85
2025-07-21 04:22:16,387 [INFO] [86/300] loss 1045.79 | compact 14.3187 | spectral 17.534 | recons_loss: 0.14958 | sparse_loss: 1.03044 | 
2025-07-21 04:22:16,387 [INFO] [Iter 86] LR: 0.05000000
2025-07-21 04:22:16,388 [INFO] Saving best model at iteration 86
2025-07-21 04:22:16,985 [INFO] [87/300] loss 1045.73 | compact 14.32 | spectral 17.5377 | recons_loss: 0.149506 | sparse_loss: 1.03041 | 
2025-07-21 04:22:16,986 [INFO] [Iter 87] LR: 0.05000000
2025-07-21 04:22:16,987 [INFO] Saving best model at iteration 87
2025-07-21 04:22:17,584 [INFO] [88/300] loss 1045.66 | compact 14.3215 | spectral 17.5409 | recons_loss: 0.149435 | sparse_loss: 1.03038 | 
2025-07-21 04:22:17,584 [INFO] [Iter 88] LR: 0.05000000
2025-07-21 04:22:17,585 [INFO] Saving best model at iteration 88
2025-07-21 04:22:18,201 [INFO] [89/300] loss 1045.59 | compact 14.323 | spectral 17.5438 | recons_loss: 0.149366 | sparse_loss: 1.03035 | 
2025-07-21 04:22:18,201 [INFO] [Iter 89] LR: 0.05000000
2025-07-21 04:22:18,203 [INFO] Saving best model at iteration 89
2025-07-21 04:22:18,801 [INFO] [90/300] loss 1045.53 | compact 14.3246 | spectral 17.5469 | recons_loss: 0.149302 | sparse_loss: 1.03033 | 
2025-07-21 04:22:18,802 [INFO] [Iter 90] LR: 0.05000000
2025-07-21 04:22:18,803 [INFO] Saving best model at iteration 90
2025-07-21 04:22:19,400 [INFO] [91/300] loss 1045.47 | compact 14.3258 | spectral 17.551 | recons_loss: 0.149238 | sparse_loss: 1.0303 | 
2025-07-21 04:22:19,401 [INFO] [Iter 91] LR: 0.05000000
2025-07-21 04:22:19,402 [INFO] Saving best model at iteration 91
2025-07-21 04:22:19,999 [INFO] [92/300] loss 1045.41 | compact 14.3273 | spectral 17.5531 | recons_loss: 0.149177 | sparse_loss: 1.03027 | 
2025-07-21 04:22:19,999 [INFO] [Iter 92] LR: 0.05000000
2025-07-21 04:22:20,000 [INFO] Saving best model at iteration 92
2025-07-21 04:22:20,598 [INFO] [93/300] loss 1045.35 | compact 14.329 | spectral 17.5545 | recons_loss: 0.149119 | sparse_loss: 1.03025 | 
2025-07-21 04:22:20,598 [INFO] [Iter 93] LR: 0.05000000
2025-07-21 04:22:20,600 [INFO] Saving best model at iteration 93
2025-07-21 04:22:21,196 [INFO] [94/300] loss 1045.28 | compact 14.3307 | spectral 17.5549 | recons_loss: 0.149064 | sparse_loss: 1.03022 | 
2025-07-21 04:22:21,197 [INFO] [Iter 94] LR: 0.05000000
2025-07-21 04:22:21,197 [INFO] Saving best model at iteration 94
2025-07-21 04:22:21,807 [INFO] [95/300] loss 1045.22 | compact 14.3325 | spectral 17.5551 | recons_loss: 0.149011 | sparse_loss: 1.0302 | 
2025-07-21 04:22:21,807 [INFO] [Iter 95] LR: 0.05000000
2025-07-21 04:22:21,808 [INFO] Saving best model at iteration 95
2025-07-21 04:22:22,405 [INFO] [96/300] loss 1045.17 | compact 14.3332 | spectral 17.5564 | recons_loss: 0.148962 | sparse_loss: 1.03018 | 
2025-07-21 04:22:22,406 [INFO] [Iter 96] LR: 0.05000000
2025-07-21 04:22:22,407 [INFO] Saving best model at iteration 96
2025-07-21 04:22:23,005 [INFO] [97/300] loss 1045.11 | compact 14.3345 | spectral 17.5574 | recons_loss: 0.148918 | sparse_loss: 1.03016 | 
2025-07-21 04:22:23,005 [INFO] [Iter 97] LR: 0.05000000
2025-07-21 04:22:23,007 [INFO] Saving best model at iteration 97
2025-07-21 04:22:23,607 [INFO] [98/300] loss 1045.05 | compact 14.3354 | spectral 17.5582 | recons_loss: 0.148877 | sparse_loss: 1.03013 | 
2025-07-21 04:22:23,607 [INFO] [Iter 98] LR: 0.05000000
2025-07-21 04:22:23,608 [INFO] Saving best model at iteration 98
2025-07-21 04:22:24,205 [INFO] [99/300] loss 1045 | compact 14.3365 | spectral 17.5586 | recons_loss: 0.14883 | sparse_loss: 1.03011 | 
2025-07-21 04:22:24,205 [INFO] [Iter 99] LR: 0.05000000
2025-07-21 04:22:24,206 [INFO] Saving best model at iteration 99
2025-07-21 04:22:24,392 [INFO] H: 600, W: 166
2025-07-21 04:22:24,503 [INFO] [0 1 2 3 4 5]
2025-07-21 04:22:24,600 [INFO] y_target: [1 2 3 4 5 6]
2025-07-21 04:22:24,601 [INFO] y_predict: [0 1 2 3 4 5]
2025-07-21 04:22:24,689 [INFO] Epoch = 100 OA = 0.8932 Kappa = 0.8575 NMI = 0.8277
2025-07-21 04:22:25,165 [INFO] [100/300] loss 1044.94 | compact 14.3378 | spectral 17.5584 | recons_loss: 0.148781 | sparse_loss: 1.03009 | 
2025-07-21 04:22:25,165 [INFO] [Iter 100] LR: 0.05000000
2025-07-21 04:22:25,167 [INFO] Saving best model at iteration 100
2025-07-21 04:22:25,775 [INFO] [101/300] loss 1044.89 | compact 14.3391 | spectral 17.5581 | recons_loss: 0.148734 | sparse_loss: 1.03008 | 
2025-07-21 04:22:25,775 [INFO] [Iter 101] LR: 0.05000000
2025-07-21 04:22:25,776 [INFO] Saving best model at iteration 101
2025-07-21 04:22:26,373 [INFO] [102/300] loss 1044.84 | compact 14.3404 | spectral 17.558 | recons_loss: 0.148689 | sparse_loss: 1.03005 | 
2025-07-21 04:22:26,374 [INFO] [Iter 102] LR: 0.05000000
2025-07-21 04:22:26,375 [INFO] Saving best model at iteration 102
2025-07-21 04:22:26,973 [INFO] [103/300] loss 1044.79 | compact 14.3412 | spectral 17.5584 | recons_loss: 0.148642 | sparse_loss: 1.03003 | 
2025-07-21 04:22:26,973 [INFO] [Iter 103] LR: 0.05000000
2025-07-21 04:22:26,975 [INFO] Saving best model at iteration 103
2025-07-21 04:22:27,591 [INFO] [104/300] loss 1044.74 | compact 14.3418 | spectral 17.5588 | recons_loss: 0.148594 | sparse_loss: 1.03001 | 
2025-07-21 04:22:27,591 [INFO] [Iter 104] LR: 0.05000000
2025-07-21 04:22:27,592 [INFO] Saving best model at iteration 104
2025-07-21 04:22:28,193 [INFO] [105/300] loss 1044.69 | compact 14.3429 | spectral 17.5589 | recons_loss: 0.148537 | sparse_loss: 1.02999 | 
2025-07-21 04:22:28,193 [INFO] [Iter 105] LR: 0.05000000
2025-07-21 04:22:28,194 [INFO] Saving best model at iteration 105
2025-07-21 04:22:28,793 [INFO] [106/300] loss 1044.64 | compact 14.3437 | spectral 17.5595 | recons_loss: 0.148481 | sparse_loss: 1.02998 | 
2025-07-21 04:22:28,794 [INFO] [Iter 106] LR: 0.05000000
2025-07-21 04:22:28,796 [INFO] Saving best model at iteration 106
2025-07-21 04:22:29,404 [INFO] [107/300] loss 1044.6 | compact 14.3449 | spectral 17.56 | recons_loss: 0.148425 | sparse_loss: 1.02996 | 
2025-07-21 04:22:29,405 [INFO] [Iter 107] LR: 0.05000000
2025-07-21 04:22:29,406 [INFO] Saving best model at iteration 107
2025-07-21 04:22:30,003 [INFO] [108/300] loss 1044.55 | compact 14.3459 | spectral 17.5605 | recons_loss: 0.148373 | sparse_loss: 1.02994 | 
2025-07-21 04:22:30,003 [INFO] [Iter 108] LR: 0.05000000
2025-07-21 04:22:30,004 [INFO] Saving best model at iteration 108
2025-07-21 04:22:30,602 [INFO] [109/300] loss 1044.51 | compact 14.3466 | spectral 17.5611 | recons_loss: 0.148322 | sparse_loss: 1.02993 | 
2025-07-21 04:22:30,602 [INFO] [Iter 109] LR: 0.02500000
2025-07-21 04:22:30,604 [INFO] Saving best model at iteration 109
2025-07-21 04:22:31,202 [INFO] [110/300] loss 1044.46 | compact 14.3475 | spectral 17.5616 | recons_loss: 0.148272 | sparse_loss: 1.02991 | 
2025-07-21 04:22:31,202 [INFO] [Iter 110] LR: 0.02500000
2025-07-21 04:22:31,203 [INFO] Saving best model at iteration 110
2025-07-21 04:22:31,801 [INFO] [111/300] loss 1044.42 | compact 14.3483 | spectral 17.5621 | recons_loss: 0.148226 | sparse_loss: 1.02989 | 
2025-07-21 04:22:31,801 [INFO] [Iter 111] LR: 0.02500000
2025-07-21 04:22:31,802 [INFO] Saving best model at iteration 111
2025-07-21 04:22:32,400 [INFO] [112/300] loss 1044.38 | compact 14.349 | spectral 17.5628 | recons_loss: 0.148181 | sparse_loss: 1.02987 | 
2025-07-21 04:22:32,400 [INFO] [Iter 112] LR: 0.02500000
2025-07-21 04:22:32,401 [INFO] Saving best model at iteration 112
2025-07-21 04:22:32,998 [INFO] [113/300] loss 1044.34 | compact 14.3496 | spectral 17.5632 | recons_loss: 0.148137 | sparse_loss: 1.02985 | 
2025-07-21 04:22:32,998 [INFO] [Iter 113] LR: 0.01250000
2025-07-21 04:22:32,999 [INFO] Saving best model at iteration 113
2025-07-21 04:22:33,596 [INFO] [114/300] loss 1044.3 | compact 14.3502 | spectral 17.5635 | recons_loss: 0.148095 | sparse_loss: 1.02983 | 
2025-07-21 04:22:33,596 [INFO] [Iter 114] LR: 0.01250000
2025-07-21 04:22:33,597 [INFO] Saving best model at iteration 114
2025-07-21 04:22:34,207 [INFO] [115/300] loss 1044.27 | compact 14.3508 | spectral 17.5639 | recons_loss: 0.148056 | sparse_loss: 1.02982 | 
2025-07-21 04:22:34,208 [INFO] [Iter 115] LR: 0.01250000
2025-07-21 04:22:34,209 [INFO] Saving best model at iteration 115
2025-07-21 04:22:34,806 [INFO] [116/300] loss 1044.23 | compact 14.3514 | spectral 17.5642 | recons_loss: 0.148019 | sparse_loss: 1.0298 | 
2025-07-21 04:22:34,806 [INFO] [Iter 116] LR: 0.01250000
2025-07-21 04:22:34,807 [INFO] Saving best model at iteration 116
2025-07-21 04:22:35,404 [INFO] [117/300] loss 1044.2 | compact 14.3521 | spectral 17.5645 | recons_loss: 0.147984 | sparse_loss: 1.02979 | 
2025-07-21 04:22:35,405 [INFO] [Iter 117] LR: 0.00625000
2025-07-21 04:22:35,407 [INFO] Saving best model at iteration 117
2025-07-21 04:22:36,019 [INFO] [118/300] loss 1044.17 | compact 14.3527 | spectral 17.5648 | recons_loss: 0.147951 | sparse_loss: 1.02978 | 
2025-07-21 04:22:36,019 [INFO] [Iter 118] LR: 0.00625000
2025-07-21 04:22:36,020 [INFO] Saving best model at iteration 118
2025-07-21 04:22:36,618 [INFO] [119/300] loss 1044.14 | compact 14.3532 | spectral 17.5651 | recons_loss: 0.147921 | sparse_loss: 1.02977 | 
2025-07-21 04:22:36,618 [INFO] [Iter 119] LR: 0.00625000
2025-07-21 04:22:36,620 [INFO] Saving best model at iteration 119
2025-07-21 04:22:37,218 [INFO] [120/300] loss 1044.12 | compact 14.3538 | spectral 17.5654 | recons_loss: 0.147893 | sparse_loss: 1.02976 | 
2025-07-21 04:22:37,218 [INFO] [Iter 120] LR: 0.00312500
2025-07-21 04:22:37,219 [INFO] Saving best model at iteration 120
2025-07-21 04:22:37,817 [INFO] [121/300] loss 1044.09 | compact 14.3542 | spectral 17.5657 | recons_loss: 0.147868 | sparse_loss: 1.02974 | 
2025-07-21 04:22:37,817 [INFO] [Iter 121] LR: 0.00312500
2025-07-21 04:22:37,818 [INFO] Saving best model at iteration 121
2025-07-21 04:22:38,415 [INFO] [122/300] loss 1044.07 | compact 14.3545 | spectral 17.5659 | recons_loss: 0.147844 | sparse_loss: 1.02973 | 
2025-07-21 04:22:38,416 [INFO] [Iter 122] LR: 0.00312500
2025-07-21 04:22:38,418 [INFO] Saving best model at iteration 122
2025-07-21 04:22:39,034 [INFO] [123/300] loss 1044.05 | compact 14.3549 | spectral 17.5661 | recons_loss: 0.147823 | sparse_loss: 1.02973 | 
2025-07-21 04:22:39,034 [INFO] [Iter 123] LR: 0.00156250
2025-07-21 04:22:39,035 [INFO] Saving best model at iteration 123
2025-07-21 04:22:39,633 [INFO] [124/300] loss 1044.03 | compact 14.3552 | spectral 17.5663 | recons_loss: 0.147804 | sparse_loss: 1.02972 | 
2025-07-21 04:22:39,633 [INFO] [Iter 124] LR: 0.00156250
2025-07-21 04:22:39,634 [INFO] Saving best model at iteration 124
2025-07-21 04:22:40,232 [INFO] [125/300] loss 1044.01 | compact 14.3556 | spectral 17.5665 | recons_loss: 0.147786 | sparse_loss: 1.02971 | 
2025-07-21 04:22:40,232 [INFO] [Iter 125] LR: 0.00156250
2025-07-21 04:22:40,233 [INFO] Saving best model at iteration 125
2025-07-21 04:22:40,830 [INFO] [126/300] loss 1044 | compact 14.3559 | spectral 17.5666 | recons_loss: 0.14777 | sparse_loss: 1.0297 | 
2025-07-21 04:22:40,830 [INFO] [Iter 126] LR: 0.00156250
2025-07-21 04:22:40,831 [INFO] Saving best model at iteration 126
2025-07-21 04:22:41,429 [INFO] [127/300] loss 1043.98 | compact 14.3562 | spectral 17.5667 | recons_loss: 0.147756 | sparse_loss: 1.0297 | 
2025-07-21 04:22:41,429 [INFO] [Iter 127] LR: 0.00156250
2025-07-21 04:22:41,431 [INFO] Saving best model at iteration 127
2025-07-21 04:22:42,028 [INFO] [128/300] loss 1043.97 | compact 14.3565 | spectral 17.5667 | recons_loss: 0.147743 | sparse_loss: 1.02969 | 
2025-07-21 04:22:42,028 [INFO] [Iter 128] LR: 0.00156250
2025-07-21 04:22:42,029 [INFO] Saving best model at iteration 128
2025-07-21 04:22:42,627 [INFO] [129/300] loss 1043.96 | compact 14.3567 | spectral 17.5668 | recons_loss: 0.147731 | sparse_loss: 1.02968 | 
2025-07-21 04:22:42,627 [INFO] [Iter 129] LR: 0.00078125
2025-07-21 04:22:42,628 [INFO] Saving best model at iteration 129
2025-07-21 04:22:43,227 [INFO] [130/300] loss 1043.95 | compact 14.357 | spectral 17.5669 | recons_loss: 0.14772 | sparse_loss: 1.02968 | 
2025-07-21 04:22:43,227 [INFO] [Iter 130] LR: 0.00078125
2025-07-21 04:22:43,228 [INFO] Saving best model at iteration 130
2025-07-21 04:22:43,830 [INFO] [131/300] loss 1043.94 | compact 14.3572 | spectral 17.567 | recons_loss: 0.14771 | sparse_loss: 1.02968 | 
2025-07-21 04:22:43,831 [INFO] [Iter 131] LR: 0.00078125
2025-07-21 04:22:43,832 [INFO] Saving best model at iteration 131
2025-07-21 04:22:44,436 [INFO] [132/300] loss 1043.93 | compact 14.3574 | spectral 17.567 | recons_loss: 0.147701 | sparse_loss: 1.02967 | 
2025-07-21 04:22:44,436 [INFO] [Iter 132] LR: 0.00039063
2025-07-21 04:22:44,437 [INFO] Saving best model at iteration 132
2025-07-21 04:22:45,034 [INFO] [133/300] loss 1043.92 | compact 14.3576 | spectral 17.567 | recons_loss: 0.147692 | sparse_loss: 1.02967 | 
2025-07-21 04:22:45,035 [INFO] [Iter 133] LR: 0.00039063
2025-07-21 04:22:45,036 [INFO] Saving best model at iteration 133
2025-07-21 04:22:45,633 [INFO] [134/300] loss 1043.91 | compact 14.3577 | spectral 17.5671 | recons_loss: 0.147685 | sparse_loss: 1.02966 | 
2025-07-21 04:22:45,633 [INFO] [Iter 134] LR: 0.00039063
2025-07-21 04:22:45,634 [INFO] Saving best model at iteration 134
2025-07-21 04:22:46,237 [INFO] [135/300] loss 1043.9 | compact 14.3579 | spectral 17.5671 | recons_loss: 0.147678 | sparse_loss: 1.02966 | 
2025-07-21 04:22:46,237 [INFO] [Iter 135] LR: 0.00019531
2025-07-21 04:22:46,238 [INFO] Saving best model at iteration 135
2025-07-21 04:22:46,835 [INFO] [136/300] loss 1043.9 | compact 14.358 | spectral 17.5671 | recons_loss: 0.147672 | sparse_loss: 1.02966 | 
2025-07-21 04:22:46,835 [INFO] [Iter 136] LR: 0.00019531
2025-07-21 04:22:46,837 [INFO] Saving best model at iteration 136
2025-07-21 04:22:47,433 [INFO] [137/300] loss 1043.89 | compact 14.3581 | spectral 17.5672 | recons_loss: 0.147667 | sparse_loss: 1.02966 | 
2025-07-21 04:22:47,433 [INFO] [Iter 137] LR: 0.00019531
2025-07-21 04:22:47,434 [INFO] Saving best model at iteration 137
2025-07-21 04:22:48,031 [INFO] [138/300] loss 1043.89 | compact 14.3582 | spectral 17.5672 | recons_loss: 0.147662 | sparse_loss: 1.02965 | 
2025-07-21 04:22:48,031 [INFO] [Iter 138] LR: 0.00009766
2025-07-21 04:22:48,032 [INFO] Saving best model at iteration 138
2025-07-21 04:22:48,629 [INFO] [139/300] loss 1043.88 | compact 14.3583 | spectral 17.5673 | recons_loss: 0.147657 | sparse_loss: 1.02965 | 
2025-07-21 04:22:48,629 [INFO] [Iter 139] LR: 0.00009766
2025-07-21 04:22:48,630 [INFO] Saving best model at iteration 139
2025-07-21 04:22:49,227 [INFO] [140/300] loss 1043.88 | compact 14.3584 | spectral 17.5673 | recons_loss: 0.147653 | sparse_loss: 1.02965 | 
2025-07-21 04:22:49,227 [INFO] [Iter 140] LR: 0.00009766
2025-07-21 04:22:49,228 [INFO] Saving best model at iteration 140
2025-07-21 04:22:49,825 [INFO] [141/300] loss 1043.87 | compact 14.3584 | spectral 17.5673 | recons_loss: 0.147649 | sparse_loss: 1.02965 | 
2025-07-21 04:22:49,825 [INFO] [Iter 141] LR: 0.00004883
2025-07-21 04:22:49,826 [INFO] Saving best model at iteration 141
2025-07-21 04:22:50,424 [INFO] [142/300] loss 1043.87 | compact 14.3585 | spectral 17.5673 | recons_loss: 0.147646 | sparse_loss: 1.02965 | 
2025-07-21 04:22:50,424 [INFO] [Iter 142] LR: 0.00004883
2025-07-21 04:22:50,425 [INFO] Saving best model at iteration 142
2025-07-21 04:22:51,023 [INFO] [143/300] loss 1043.87 | compact 14.3586 | spectral 17.5673 | recons_loss: 0.147643 | sparse_loss: 1.02964 | 
2025-07-21 04:22:51,023 [INFO] [Iter 143] LR: 0.00004883
2025-07-21 04:22:51,024 [INFO] Saving best model at iteration 143
2025-07-21 04:22:51,629 [INFO] [144/300] loss 1043.86 | compact 14.3586 | spectral 17.5673 | recons_loss: 0.14764 | sparse_loss: 1.02964 | 
2025-07-21 04:22:51,630 [INFO] [Iter 144] LR: 0.00002441
2025-07-21 04:22:51,631 [INFO] Saving best model at iteration 144
2025-07-21 04:22:52,228 [INFO] [145/300] loss 1043.86 | compact 14.3587 | spectral 17.5674 | recons_loss: 0.147638 | sparse_loss: 1.02964 | 
2025-07-21 04:22:52,229 [INFO] [Iter 145] LR: 0.00002441
2025-07-21 04:22:52,231 [INFO] Saving best model at iteration 145
2025-07-21 04:22:52,833 [INFO] [146/300] loss 1043.86 | compact 14.3587 | spectral 17.5674 | recons_loss: 0.147635 | sparse_loss: 1.02964 | 
2025-07-21 04:22:52,833 [INFO] [Iter 146] LR: 0.00002441
2025-07-21 04:22:52,834 [INFO] Saving best model at iteration 146
2025-07-21 04:22:53,431 [INFO] [147/300] loss 1043.86 | compact 14.3588 | spectral 17.5674 | recons_loss: 0.147633 | sparse_loss: 1.02964 | 
2025-07-21 04:22:53,432 [INFO] [Iter 147] LR: 0.00001221
2025-07-21 04:22:53,432 [INFO] Saving best model at iteration 147
2025-07-21 04:22:54,030 [INFO] [148/300] loss 1043.86 | compact 14.3588 | spectral 17.5674 | recons_loss: 0.147631 | sparse_loss: 1.02964 | 
2025-07-21 04:22:54,030 [INFO] [Iter 148] LR: 0.00001221
2025-07-21 04:22:54,031 [INFO] Saving best model at iteration 148
2025-07-21 04:22:54,628 [INFO] [149/300] loss 1043.85 | compact 14.3589 | spectral 17.5674 | recons_loss: 0.14763 | sparse_loss: 1.02964 | 
2025-07-21 04:22:54,629 [INFO] [Iter 149] LR: 0.00001221
2025-07-21 04:22:54,630 [INFO] Saving best model at iteration 149
2025-07-21 04:22:54,812 [INFO] H: 600, W: 166
2025-07-21 04:22:54,921 [INFO] [0 1 2 3 4 5]
2025-07-21 04:22:55,037 [INFO] y_target: [1 2 3 4 5 6]
2025-07-21 04:22:55,037 [INFO] y_predict: [0 1 2 3 4 5]
2025-07-21 04:22:55,125 [INFO] Epoch = 150 OA = 0.8951 Kappa = 0.8600 NMI = 0.8285
2025-07-21 04:22:55,601 [INFO] [150/300] loss 1043.85 | compact 14.3589 | spectral 17.5674 | recons_loss: 0.147628 | sparse_loss: 1.02964 | 
2025-07-21 04:22:55,601 [INFO] [Iter 150] LR: 0.00000610
2025-07-21 04:22:55,603 [INFO] Saving best model at iteration 150
2025-07-21 04:22:56,199 [INFO] [151/300] loss 1043.85 | compact 14.3589 | spectral 17.5674 | recons_loss: 0.147627 | sparse_loss: 1.02964 | 
2025-07-21 04:22:56,200 [INFO] [Iter 151] LR: 0.00000610
2025-07-21 04:22:56,201 [INFO] Saving best model at iteration 151
2025-07-21 04:22:56,799 [INFO] [152/300] loss 1043.85 | compact 14.3589 | spectral 17.5674 | recons_loss: 0.147626 | sparse_loss: 1.02964 | 
2025-07-21 04:22:56,799 [INFO] [Iter 152] LR: 0.00000610
2025-07-21 04:22:56,800 [INFO] Saving best model at iteration 152
2025-07-21 04:22:57,398 [INFO] [153/300] loss 1043.85 | compact 14.359 | spectral 17.5674 | recons_loss: 0.147625 | sparse_loss: 1.02964 | 
2025-07-21 04:22:57,398 [INFO] [Iter 153] LR: 0.00000305
2025-07-21 04:22:57,399 [INFO] Saving best model at iteration 153
2025-07-21 04:22:57,996 [INFO] [154/300] loss 1043.85 | compact 14.359 | spectral 17.5674 | recons_loss: 0.147624 | sparse_loss: 1.02964 | 
2025-07-21 04:22:57,997 [INFO] [Iter 154] LR: 0.00000305
2025-07-21 04:22:57,998 [INFO] Saving best model at iteration 154
2025-07-21 04:22:58,595 [INFO] [155/300] loss 1043.85 | compact 14.359 | spectral 17.5674 | recons_loss: 0.147623 | sparse_loss: 1.02964 | 
2025-07-21 04:22:58,595 [INFO] [Iter 155] LR: 0.00000305
2025-07-21 04:22:58,596 [INFO] Saving best model at iteration 155
2025-07-21 04:22:59,192 [INFO] [156/300] loss 1043.85 | compact 14.359 | spectral 17.5674 | recons_loss: 0.147622 | sparse_loss: 1.02964 | 
2025-07-21 04:22:59,193 [INFO] [Iter 156] LR: 0.00000153
2025-07-21 04:22:59,194 [INFO] Saving best model at iteration 156
2025-07-21 04:22:59,790 [INFO] [157/300] loss 1043.84 | compact 14.359 | spectral 17.5674 | recons_loss: 0.147621 | sparse_loss: 1.02963 | 
2025-07-21 04:22:59,790 [INFO] [Iter 157] LR: 0.00000153
2025-07-21 04:22:59,792 [INFO] Saving best model at iteration 157
2025-07-21 04:23:00,390 [INFO] [158/300] loss 1043.84 | compact 14.3591 | spectral 17.5674 | recons_loss: 0.147621 | sparse_loss: 1.02963 | 
2025-07-21 04:23:00,390 [INFO] [Iter 158] LR: 0.00000153
2025-07-21 04:23:00,392 [INFO] Saving best model at iteration 158
2025-07-21 04:23:00,990 [INFO] [159/300] loss 1043.84 | compact 14.3591 | spectral 17.5674 | recons_loss: 0.14762 | sparse_loss: 1.02963 | 
2025-07-21 04:23:00,990 [INFO] [Iter 159] LR: 0.00000076
2025-07-21 04:23:00,991 [INFO] Saving best model at iteration 159
2025-07-21 04:23:01,592 [INFO] [160/300] loss 1043.84 | compact 14.3591 | spectral 17.5674 | recons_loss: 0.147619 | sparse_loss: 1.02963 | 
2025-07-21 04:23:01,592 [INFO] [Iter 160] LR: 0.00000076
2025-07-21 04:23:01,594 [INFO] Saving best model at iteration 160
2025-07-21 04:23:02,203 [INFO] [161/300] loss 1043.84 | compact 14.3591 | spectral 17.5674 | recons_loss: 0.147619 | sparse_loss: 1.02963 | 
2025-07-21 04:23:02,204 [INFO] [Iter 161] LR: 0.00000076
2025-07-21 04:23:02,205 [INFO] Saving best model at iteration 161
2025-07-21 04:23:02,821 [INFO] [162/300] loss 1043.84 | compact 14.3591 | spectral 17.5674 | recons_loss: 0.147618 | sparse_loss: 1.02963 | 
2025-07-21 04:23:02,822 [INFO] [Iter 162] LR: 0.00000038
2025-07-21 04:23:02,823 [INFO] Saving best model at iteration 162
2025-07-21 04:23:03,421 [INFO] [163/300] loss 1043.84 | compact 14.3591 | spectral 17.5674 | recons_loss: 0.147618 | sparse_loss: 1.02963 | 
2025-07-21 04:23:03,421 [INFO] [Iter 163] LR: 0.00000038
2025-07-21 04:23:03,422 [INFO] Saving best model at iteration 163
2025-07-21 04:23:04,021 [INFO] [164/300] loss 1043.84 | compact 14.3591 | spectral 17.5674 | recons_loss: 0.147618 | sparse_loss: 1.02963 | 
2025-07-21 04:23:04,021 [INFO] [Iter 164] LR: 0.00000038
2025-07-21 04:23:04,023 [INFO] Saving best model at iteration 164
2025-07-21 04:23:04,628 [INFO] [165/300] loss 1043.84 | compact 14.3591 | spectral 17.5674 | recons_loss: 0.147617 | sparse_loss: 1.02963 | 
2025-07-21 04:23:04,628 [INFO] [Iter 165] LR: 0.00000019
2025-07-21 04:23:04,630 [INFO] Saving best model at iteration 165
2025-07-21 04:23:05,231 [INFO] [166/300] loss 1043.84 | compact 14.3591 | spectral 17.5674 | recons_loss: 0.147617 | sparse_loss: 1.02963 | 
2025-07-21 04:23:05,232 [INFO] [Iter 166] LR: 0.00000019
2025-07-21 04:23:05,233 [INFO] Saving best model at iteration 166
2025-07-21 04:23:05,831 [INFO] [167/300] loss 1043.84 | compact 14.3591 | spectral 17.5674 | recons_loss: 0.147617 | sparse_loss: 1.02963 | 
2025-07-21 04:23:05,831 [INFO] [Iter 167] LR: 0.00000019
2025-07-21 04:23:05,832 [INFO] Saving best model at iteration 167
2025-07-21 04:23:06,429 [INFO] [168/300] loss 1043.84 | compact 14.3591 | spectral 17.5674 | recons_loss: 0.147617 | sparse_loss: 1.02963 | 
2025-07-21 04:23:06,430 [INFO] [Iter 168] LR: 0.00000010
2025-07-21 04:23:06,431 [INFO] Saving best model at iteration 168
2025-07-21 04:23:07,037 [INFO] [169/300] loss 1043.84 | compact 14.3591 | spectral 17.5674 | recons_loss: 0.147616 | sparse_loss: 1.02963 | 
2025-07-21 04:23:07,037 [INFO] [Iter 169] LR: 0.00000010
2025-07-21 04:23:07,038 [INFO] Saving best model at iteration 169
2025-07-21 04:23:07,636 [INFO] [170/300] loss 1043.84 | compact 14.3591 | spectral 17.5674 | recons_loss: 0.147616 | sparse_loss: 1.02963 | 
2025-07-21 04:23:07,637 [INFO] [Iter 170] LR: 0.00000010
2025-07-21 04:23:07,639 [INFO] Saving best model at iteration 170
2025-07-21 04:23:08,244 [INFO] [171/300] loss 1043.84 | compact 14.3591 | spectral 17.5674 | recons_loss: 0.147616 | sparse_loss: 1.02963 | 
2025-07-21 04:23:08,244 [INFO] [Iter 171] LR: 0.00000005
2025-07-21 04:23:08,245 [INFO] Saving best model at iteration 171
2025-07-21 04:23:08,853 [INFO] [172/300] loss 1043.84 | compact 14.3591 | spectral 17.5674 | recons_loss: 0.147616 | sparse_loss: 1.02963 | 
2025-07-21 04:23:08,854 [INFO] [Iter 172] LR: 0.00000005
2025-07-21 04:23:08,855 [INFO] Saving best model at iteration 172
2025-07-21 04:23:09,452 [INFO] [173/300] loss 1043.84 | compact 14.3592 | spectral 17.5674 | recons_loss: 0.147616 | sparse_loss: 1.02963 | 
2025-07-21 04:23:09,453 [INFO] [Iter 173] LR: 0.00000005
2025-07-21 04:23:09,454 [INFO] Saving best model at iteration 173
2025-07-21 04:23:10,062 [INFO] [174/300] loss 1043.84 | compact 14.3592 | spectral 17.5674 | recons_loss: 0.147616 | sparse_loss: 1.02963 | 
2025-07-21 04:23:10,063 [INFO] [Iter 174] LR: 0.00000002
2025-07-21 04:23:10,064 [INFO] Saving best model at iteration 174
2025-07-21 04:23:10,661 [INFO] [175/300] loss 1043.84 | compact 14.3592 | spectral 17.5674 | recons_loss: 0.147616 | sparse_loss: 1.02963 | 
2025-07-21 04:23:10,661 [INFO] [Iter 175] LR: 0.00000002
2025-07-21 04:23:10,662 [INFO] Saving best model at iteration 175
2025-07-21 04:23:11,259 [INFO] [176/300] loss 1043.84 | compact 14.3592 | spectral 17.5674 | recons_loss: 0.147615 | sparse_loss: 1.02963 | 
2025-07-21 04:23:11,260 [INFO] [Iter 176] LR: 0.00000002
2025-07-21 04:23:11,261 [INFO] Saving best model at iteration 176
2025-07-21 04:23:11,859 [INFO] [177/300] loss 1043.84 | compact 14.3592 | spectral 17.5674 | recons_loss: 0.147615 | sparse_loss: 1.02963 | 
2025-07-21 04:23:11,860 [INFO] [Iter 177] LR: 0.00000001
2025-07-21 04:23:11,860 [INFO] No improvement: current loss 1043.838197, best loss 1043.838285
2025-07-21 04:23:12,458 [INFO] [178/300] loss 1043.84 | compact 14.3592 | spectral 17.5674 | recons_loss: 0.147615 | sparse_loss: 1.02963 | 
2025-07-21 04:23:12,458 [INFO] [Iter 178] LR: 0.00000001
2025-07-21 04:23:12,459 [INFO] Saving best model at iteration 178
2025-07-21 04:23:13,067 [INFO] [179/300] loss 1043.84 | compact 14.3592 | spectral 17.5674 | recons_loss: 0.147615 | sparse_loss: 1.02963 | 
2025-07-21 04:23:13,067 [INFO] [Iter 179] LR: 0.00000001
2025-07-21 04:23:13,068 [INFO] No improvement: current loss 1043.838035, best loss 1043.838105
2025-07-21 04:23:13,665 [INFO] [180/300] loss 1043.84 | compact 14.3592 | spectral 17.5674 | recons_loss: 0.147615 | sparse_loss: 1.02963 | 
2025-07-21 04:23:13,665 [INFO] [Iter 180] LR: 0.00000001
2025-07-21 04:23:13,666 [INFO] Saving best model at iteration 180
2025-07-21 04:23:14,263 [INFO] [181/300] loss 1043.84 | compact 14.3592 | spectral 17.5674 | recons_loss: 0.147615 | sparse_loss: 1.02963 | 
2025-07-21 04:23:14,263 [INFO] [Iter 181] LR: 0.00000001
2025-07-21 04:23:14,265 [INFO] No improvement: current loss 1043.837915, best loss 1043.837971
2025-07-21 04:23:14,862 [INFO] [182/300] loss 1043.84 | compact 14.3592 | spectral 17.5674 | recons_loss: 0.147615 | sparse_loss: 1.02963 | 
2025-07-21 04:23:14,862 [INFO] [Iter 182] LR: 0.00000001
2025-07-21 04:23:14,864 [INFO] Saving best model at iteration 182
2025-07-21 04:23:15,461 [INFO] [183/300] loss 1043.84 | compact 14.3592 | spectral 17.5674 | recons_loss: 0.147615 | sparse_loss: 1.02963 | 
2025-07-21 04:23:15,461 [INFO] [Iter 183] LR: 0.00000001
2025-07-21 04:23:15,462 [INFO] No improvement: current loss 1043.837806, best loss 1043.837851
2025-07-21 04:23:16,077 [INFO] [184/300] loss 1043.84 | compact 14.3592 | spectral 17.5674 | recons_loss: 0.147615 | sparse_loss: 1.02963 | 
2025-07-21 04:23:16,078 [INFO] [Iter 184] LR: 0.00000001
2025-07-21 04:23:16,079 [INFO] No improvement: current loss 1043.837766, best loss 1043.837851
2025-07-21 04:23:16,677 [INFO] [185/300] loss 1043.84 | compact 14.3592 | spectral 17.5674 | recons_loss: 0.147615 | sparse_loss: 1.02963 | 
2025-07-21 04:23:16,677 [INFO] [Iter 185] LR: 0.00000001
2025-07-21 04:23:16,678 [INFO] Saving best model at iteration 185
2025-07-21 04:23:17,292 [INFO] [186/300] loss 1043.84 | compact 14.3592 | spectral 17.5674 | recons_loss: 0.147615 | sparse_loss: 1.02963 | 
2025-07-21 04:23:17,292 [INFO] [Iter 186] LR: 0.00000001
2025-07-21 04:23:17,293 [INFO] No improvement: current loss 1043.837686, best loss 1043.837717
2025-07-21 04:23:17,890 [INFO] [187/300] loss 1043.84 | compact 14.3592 | spectral 17.5674 | recons_loss: 0.147615 | sparse_loss: 1.02963 | 
2025-07-21 04:23:17,891 [INFO] [Iter 187] LR: 0.00000001
2025-07-21 04:23:17,892 [INFO] No improvement: current loss 1043.837657, best loss 1043.837717
2025-07-21 04:23:18,490 [INFO] [188/300] loss 1043.84 | compact 14.3592 | spectral 17.5674 | recons_loss: 0.147615 | sparse_loss: 1.02963 | 
2025-07-21 04:23:18,490 [INFO] [Iter 188] LR: 0.00000001
2025-07-21 04:23:18,491 [INFO] No improvement: current loss 1043.837620, best loss 1043.837717
2025-07-21 04:23:19,089 [INFO] [189/300] loss 1043.84 | compact 14.3592 | spectral 17.5674 | recons_loss: 0.147615 | sparse_loss: 1.02963 | 
2025-07-21 04:23:19,089 [INFO] [Iter 189] LR: 0.00000001
2025-07-21 04:23:19,090 [INFO] Saving best model at iteration 189
2025-07-21 04:23:19,687 [INFO] [190/300] loss 1043.84 | compact 14.3592 | spectral 17.5674 | recons_loss: 0.147615 | sparse_loss: 1.02963 | 
2025-07-21 04:23:19,687 [INFO] [Iter 190] LR: 0.00000001
2025-07-21 04:23:19,688 [INFO] No improvement: current loss 1043.837566, best loss 1043.837598
2025-07-21 04:23:20,285 [INFO] [191/300] loss 1043.84 | compact 14.3592 | spectral 17.5674 | recons_loss: 0.147615 | sparse_loss: 1.02963 | 
2025-07-21 04:23:20,285 [INFO] [Iter 191] LR: 0.00000001
2025-07-21 04:23:20,286 [INFO] No improvement: current loss 1043.837538, best loss 1043.837598
2025-07-21 04:23:20,883 [INFO] [192/300] loss 1043.84 | compact 14.3592 | spectral 17.5674 | recons_loss: 0.147615 | sparse_loss: 1.02963 | 
2025-07-21 04:23:20,883 [INFO] [Iter 192] LR: 0.00000001
2025-07-21 04:23:20,884 [INFO] No improvement: current loss 1043.837512, best loss 1043.837598
2025-07-21 04:23:21,481 [INFO] [193/300] loss 1043.84 | compact 14.3592 | spectral 17.5674 | recons_loss: 0.147615 | sparse_loss: 1.02963 | 
2025-07-21 04:23:21,482 [INFO] [Iter 193] LR: 0.00000001
2025-07-21 04:23:21,483 [INFO] No improvement: current loss 1043.837501, best loss 1043.837598
2025-07-21 04:23:22,079 [INFO] [194/300] loss 1043.84 | compact 14.3592 | spectral 17.5674 | recons_loss: 0.147615 | sparse_loss: 1.02963 | 
2025-07-21 04:23:22,080 [INFO] [Iter 194] LR: 0.00000001
2025-07-21 04:23:22,081 [INFO] Saving best model at iteration 194
2025-07-21 04:23:22,678 [INFO] [195/300] loss 1043.84 | compact 14.3592 | spectral 17.5674 | recons_loss: 0.147615 | sparse_loss: 1.02963 | 
2025-07-21 04:23:22,678 [INFO] [Iter 195] LR: 0.00000001
2025-07-21 04:23:22,679 [INFO] No improvement: current loss 1043.837460, best loss 1043.837467
2025-07-21 04:23:23,276 [INFO] [196/300] loss 1043.84 | compact 14.3592 | spectral 17.5674 | recons_loss: 0.147615 | sparse_loss: 1.02963 | 
2025-07-21 04:23:23,277 [INFO] [Iter 196] LR: 0.00000001
2025-07-21 04:23:23,278 [INFO] No improvement: current loss 1043.837442, best loss 1043.837467
2025-07-21 04:23:23,881 [INFO] [197/300] loss 1043.84 | compact 14.3592 | spectral 17.5674 | recons_loss: 0.147615 | sparse_loss: 1.02963 | 
2025-07-21 04:23:23,881 [INFO] [Iter 197] LR: 0.00000001
2025-07-21 04:23:23,882 [INFO] No improvement: current loss 1043.837438, best loss 1043.837467
2025-07-21 04:23:24,480 [INFO] [198/300] loss 1043.84 | compact 14.3592 | spectral 17.5674 | recons_loss: 0.147615 | sparse_loss: 1.02963 | 
2025-07-21 04:23:24,481 [INFO] [Iter 198] LR: 0.00000001
2025-07-21 04:23:24,482 [INFO] No improvement: current loss 1043.837435, best loss 1043.837467
2025-07-21 04:23:25,079 [INFO] [199/300] loss 1043.84 | compact 14.3592 | spectral 17.5674 | recons_loss: 0.147615 | sparse_loss: 1.02963 | 
2025-07-21 04:23:25,080 [INFO] [Iter 199] LR: 0.00000001
2025-07-21 04:23:25,082 [INFO] No improvement: current loss 1043.837431, best loss 1043.837467
2025-07-21 04:23:25,283 [INFO] H: 600, W: 166
2025-07-21 04:23:25,384 [INFO] [0 1 2 3 4 5]
2025-07-21 04:23:25,481 [INFO] y_target: [1 2 3 4 5 6]
2025-07-21 04:23:25,481 [INFO] y_predict: [0 1 2 3 4 5]
2025-07-21 04:23:25,569 [INFO] Epoch = 200 OA = 0.8951 Kappa = 0.8600 NMI = 0.8285
2025-07-21 04:23:26,046 [INFO] [200/300] loss 1043.84 | compact 14.3592 | spectral 17.5674 | recons_loss: 0.147615 | sparse_loss: 1.02963 | 
2025-07-21 04:23:26,046 [INFO] [Iter 200] LR: 0.00000001
2025-07-21 04:23:26,047 [INFO] No improvement: current loss 1043.837429, best loss 1043.837467
2025-07-21 04:23:26,646 [INFO] [201/300] loss 1043.84 | compact 14.3592 | spectral 17.5674 | recons_loss: 0.147615 | sparse_loss: 1.02963 | 
2025-07-21 04:23:26,646 [INFO] [Iter 201] LR: 0.00000001
2025-07-21 04:23:26,647 [INFO] No improvement: current loss 1043.837426, best loss 1043.837467
2025-07-21 04:23:27,255 [INFO] [202/300] loss 1043.84 | compact 14.3592 | spectral 17.5674 | recons_loss: 0.147615 | sparse_loss: 1.02963 | 
2025-07-21 04:23:27,255 [INFO] [Iter 202] LR: 0.00000001
2025-07-21 04:23:27,256 [INFO] No improvement: current loss 1043.837424, best loss 1043.837467
2025-07-21 04:23:27,854 [INFO] [203/300] loss 1043.84 | compact 14.3592 | spectral 17.5674 | recons_loss: 0.147615 | sparse_loss: 1.02963 | 
2025-07-21 04:23:27,855 [INFO] [Iter 203] LR: 0.00000001
2025-07-21 04:23:27,856 [INFO] No improvement: current loss 1043.837421, best loss 1043.837467
2025-07-21 04:23:28,453 [INFO] [204/300] loss 1043.84 | compact 14.3592 | spectral 17.5674 | recons_loss: 0.147615 | sparse_loss: 1.02963 | 
2025-07-21 04:23:28,454 [INFO] [Iter 204] LR: 0.00000001
2025-07-21 04:23:28,456 [INFO] No improvement: current loss 1043.837420, best loss 1043.837467
2025-07-21 04:23:29,054 [INFO] [205/300] loss 1043.84 | compact 14.3592 | spectral 17.5674 | recons_loss: 0.147615 | sparse_loss: 1.02963 | 
2025-07-21 04:23:29,054 [INFO] [Iter 205] LR: 0.00000001
2025-07-21 04:23:29,055 [INFO] No improvement: current loss 1043.837406, best loss 1043.837467
2025-07-21 04:23:29,652 [INFO] [206/300] loss 1043.84 | compact 14.3592 | spectral 17.5674 | recons_loss: 0.147615 | sparse_loss: 1.02963 | 
2025-07-21 04:23:29,653 [INFO] [Iter 206] LR: 0.00000001
2025-07-21 04:23:29,654 [INFO] No improvement: current loss 1043.837405, best loss 1043.837467
2025-07-21 04:23:30,253 [INFO] [207/300] loss 1043.84 | compact 14.3592 | spectral 17.5674 | recons_loss: 0.147615 | sparse_loss: 1.02963 | 
2025-07-21 04:23:30,254 [INFO] [Iter 207] LR: 0.00000001
2025-07-21 04:23:30,256 [INFO] No improvement: current loss 1043.837393, best loss 1043.837467
2025-07-21 04:23:30,857 [INFO] [208/300] loss 1043.84 | compact 14.3592 | spectral 17.5674 | recons_loss: 0.147615 | sparse_loss: 1.02963 | 
2025-07-21 04:23:30,857 [INFO] [Iter 208] LR: 0.00000001
2025-07-21 04:23:30,858 [INFO] No improvement: current loss 1043.837394, best loss 1043.837467
2025-07-21 04:23:31,456 [INFO] [209/300] loss 1043.84 | compact 14.3592 | spectral 17.5674 | recons_loss: 0.147615 | sparse_loss: 1.02963 | 
2025-07-21 04:23:31,456 [INFO] [Iter 209] LR: 0.00000001
2025-07-21 04:23:31,457 [INFO] No improvement: current loss 1043.837395, best loss 1043.837467
2025-07-21 04:23:32,054 [INFO] [210/300] loss 1043.84 | compact 14.3592 | spectral 17.5674 | recons_loss: 0.147615 | sparse_loss: 1.02963 | 
2025-07-21 04:23:32,054 [INFO] [Iter 210] LR: 0.00000001
2025-07-21 04:23:32,055 [INFO] No improvement: current loss 1043.837395, best loss 1043.837467
2025-07-21 04:23:32,652 [INFO] [211/300] loss 1043.84 | compact 14.3592 | spectral 17.5674 | recons_loss: 0.147615 | sparse_loss: 1.02963 | 
2025-07-21 04:23:32,652 [INFO] [Iter 211] LR: 0.00000001
2025-07-21 04:23:32,653 [INFO] No improvement: current loss 1043.837396, best loss 1043.837467
2025-07-21 04:23:33,250 [INFO] [212/300] loss 1043.84 | compact 14.3592 | spectral 17.5674 | recons_loss: 0.147615 | sparse_loss: 1.02963 | 
2025-07-21 04:23:33,250 [INFO] [Iter 212] LR: 0.00000001
2025-07-21 04:23:33,251 [INFO] No improvement: current loss 1043.837397, best loss 1043.837467
2025-07-21 04:23:33,848 [INFO] [213/300] loss 1043.84 | compact 14.3592 | spectral 17.5674 | recons_loss: 0.147615 | sparse_loss: 1.02963 | 
2025-07-21 04:23:33,848 [INFO] [Iter 213] LR: 0.00000001
2025-07-21 04:23:33,849 [INFO] No improvement: current loss 1043.837385, best loss 1043.837467
2025-07-21 04:23:34,447 [INFO] [214/300] loss 1043.84 | compact 14.3592 | spectral 17.5674 | recons_loss: 0.147615 | sparse_loss: 1.02963 | 
2025-07-21 04:23:34,447 [INFO] [Iter 214] LR: 0.00000001
2025-07-21 04:23:34,448 [INFO] No improvement: current loss 1043.837375, best loss 1043.837467
2025-07-21 04:23:35,052 [INFO] [215/300] loss 1043.84 | compact 14.3592 | spectral 17.5674 | recons_loss: 0.147615 | sparse_loss: 1.02963 | 
2025-07-21 04:23:35,053 [INFO] [Iter 215] LR: 0.00000001
2025-07-21 04:23:35,054 [INFO] No improvement: current loss 1043.837377, best loss 1043.837467
2025-07-21 04:23:35,651 [INFO] [216/300] loss 1043.84 | compact 14.3592 | spectral 17.5674 | recons_loss: 0.147615 | sparse_loss: 1.02963 | 
2025-07-21 04:23:35,652 [INFO] [Iter 216] LR: 0.00000001
2025-07-21 04:23:35,653 [INFO] No improvement: current loss 1043.837380, best loss 1043.837467
2025-07-21 04:23:36,250 [INFO] [217/300] loss 1043.84 | compact 14.3592 | spectral 17.5674 | recons_loss: 0.147615 | sparse_loss: 1.02963 | 
2025-07-21 04:23:36,250 [INFO] [Iter 217] LR: 0.00000001
2025-07-21 04:23:36,251 [INFO] No improvement: current loss 1043.837382, best loss 1043.837467
2025-07-21 04:23:36,848 [INFO] [218/300] loss 1043.84 | compact 14.3592 | spectral 17.5674 | recons_loss: 0.147615 | sparse_loss: 1.02963 | 
2025-07-21 04:23:36,849 [INFO] [Iter 218] LR: 0.00000001
2025-07-21 04:23:36,850 [INFO] No improvement: current loss 1043.837384, best loss 1043.837467
2025-07-21 04:23:37,453 [INFO] [219/300] loss 1043.84 | compact 14.3592 | spectral 17.5674 | recons_loss: 0.147615 | sparse_loss: 1.02963 | 
2025-07-21 04:23:37,454 [INFO] [Iter 219] LR: 0.00000001
2025-07-21 04:23:37,455 [INFO] No improvement: current loss 1043.837386, best loss 1043.837467
2025-07-21 04:23:38,053 [INFO] [220/300] loss 1043.84 | compact 14.3592 | spectral 17.5674 | recons_loss: 0.147615 | sparse_loss: 1.02963 | 
2025-07-21 04:23:38,053 [INFO] [Iter 220] LR: 0.00000001
2025-07-21 04:23:38,054 [INFO] No improvement: current loss 1043.837388, best loss 1043.837467
2025-07-21 04:23:38,668 [INFO] [221/300] loss 1043.84 | compact 14.3592 | spectral 17.5674 | recons_loss: 0.147615 | sparse_loss: 1.02963 | 
2025-07-21 04:23:38,669 [INFO] [Iter 221] LR: 0.00000001
2025-07-21 04:23:38,671 [INFO] No improvement: current loss 1043.837389, best loss 1043.837467
2025-07-21 04:23:39,271 [INFO] [222/300] loss 1043.84 | compact 14.3592 | spectral 17.5674 | recons_loss: 0.147615 | sparse_loss: 1.02963 | 
2025-07-21 04:23:39,271 [INFO] [Iter 222] LR: 0.00000001
2025-07-21 04:23:39,272 [INFO] No improvement: current loss 1043.837390, best loss 1043.837467
2025-07-21 04:23:39,876 [INFO] [223/300] loss 1043.84 | compact 14.3592 | spectral 17.5674 | recons_loss: 0.147615 | sparse_loss: 1.02963 | 
2025-07-21 04:23:39,877 [INFO] [Iter 223] LR: 0.00000001
2025-07-21 04:23:39,879 [INFO] No improvement: current loss 1043.837392, best loss 1043.837467
2025-07-21 04:23:40,487 [INFO] [224/300] loss 1043.84 | compact 14.3592 | spectral 17.5674 | recons_loss: 0.147615 | sparse_loss: 1.02963 | 
2025-07-21 04:23:40,488 [INFO] [Iter 224] LR: 0.00000001
2025-07-21 04:23:40,489 [INFO] No improvement: current loss 1043.837380, best loss 1043.837467
2025-07-21 04:23:41,087 [INFO] [225/300] loss 1043.84 | compact 14.3592 | spectral 17.5674 | recons_loss: 0.147615 | sparse_loss: 1.02963 | 
2025-07-21 04:23:41,088 [INFO] [Iter 225] LR: 0.00000001
2025-07-21 04:23:41,090 [INFO] No improvement: current loss 1043.837383, best loss 1043.837467
2025-07-21 04:23:41,711 [INFO] [226/300] loss 1043.84 | compact 14.3592 | spectral 17.5674 | recons_loss: 0.147615 | sparse_loss: 1.02963 | 
2025-07-21 04:23:41,711 [INFO] [Iter 226] LR: 0.00000001
2025-07-21 04:23:41,712 [INFO] No improvement: current loss 1043.837372, best loss 1043.837467
2025-07-21 04:23:42,330 [INFO] [227/300] loss 1043.84 | compact 14.3592 | spectral 17.5674 | recons_loss: 0.147615 | sparse_loss: 1.02963 | 
2025-07-21 04:23:42,330 [INFO] [Iter 227] LR: 0.00000001
2025-07-21 04:23:42,331 [INFO] Saving best model at iteration 227
2025-07-21 04:23:42,930 [INFO] [228/300] loss 1043.84 | compact 14.3592 | spectral 17.5674 | recons_loss: 0.147615 | sparse_loss: 1.02963 | 
2025-07-21 04:23:42,930 [INFO] [Iter 228] LR: 0.00000001
2025-07-21 04:23:42,931 [INFO] No improvement: current loss 1043.837367, best loss 1043.837363
2025-07-21 04:23:43,529 [INFO] [229/300] loss 1043.84 | compact 14.3592 | spectral 17.5674 | recons_loss: 0.147615 | sparse_loss: 1.02963 | 
2025-07-21 04:23:43,529 [INFO] [Iter 229] LR: 0.00000001
2025-07-21 04:23:43,530 [INFO] No improvement: current loss 1043.837371, best loss 1043.837363
2025-07-21 04:23:44,127 [INFO] [230/300] loss 1043.84 | compact 14.3592 | spectral 17.5674 | recons_loss: 0.147615 | sparse_loss: 1.02963 | 
2025-07-21 04:23:44,127 [INFO] [Iter 230] LR: 0.00000001
2025-07-21 04:23:44,129 [INFO] No improvement: current loss 1043.837362, best loss 1043.837363
2025-07-21 04:23:44,729 [INFO] [231/300] loss 1043.84 | compact 14.3592 | spectral 17.5674 | recons_loss: 0.147615 | sparse_loss: 1.02963 | 
2025-07-21 04:23:44,729 [INFO] [Iter 231] LR: 0.00000001
2025-07-21 04:23:44,730 [INFO] No improvement: current loss 1043.837353, best loss 1043.837363
2025-07-21 04:23:45,343 [INFO] [232/300] loss 1043.84 | compact 14.3592 | spectral 17.5674 | recons_loss: 0.147615 | sparse_loss: 1.02963 | 
2025-07-21 04:23:45,343 [INFO] [Iter 232] LR: 0.00000001
2025-07-21 04:23:45,344 [INFO] No improvement: current loss 1043.837346, best loss 1043.837363
2025-07-21 04:23:45,941 [INFO] [233/300] loss 1043.84 | compact 14.3592 | spectral 17.5674 | recons_loss: 0.147615 | sparse_loss: 1.02963 | 
2025-07-21 04:23:45,942 [INFO] [Iter 233] LR: 0.00000001
2025-07-21 04:23:45,943 [INFO] No improvement: current loss 1043.837340, best loss 1043.837363
2025-07-21 04:23:46,540 [INFO] [234/300] loss 1043.84 | compact 14.3592 | spectral 17.5674 | recons_loss: 0.147615 | sparse_loss: 1.02963 | 
2025-07-21 04:23:46,540 [INFO] [Iter 234] LR: 0.00000001
2025-07-21 04:23:46,541 [INFO] No improvement: current loss 1043.837334, best loss 1043.837363
2025-07-21 04:23:47,139 [INFO] [235/300] loss 1043.84 | compact 14.3592 | spectral 17.5674 | recons_loss: 0.147615 | sparse_loss: 1.02963 | 
2025-07-21 04:23:47,139 [INFO] [Iter 235] LR: 0.00000001
2025-07-21 04:23:47,140 [INFO] No improvement: current loss 1043.837340, best loss 1043.837363
2025-07-21 04:23:47,738 [INFO] [236/300] loss 1043.84 | compact 14.3592 | spectral 17.5674 | recons_loss: 0.147615 | sparse_loss: 1.02963 | 
2025-07-21 04:23:47,738 [INFO] [Iter 236] LR: 0.00000001
2025-07-21 04:23:47,740 [INFO] No improvement: current loss 1043.837347, best loss 1043.837363
2025-07-21 04:23:48,337 [INFO] [237/300] loss 1043.84 | compact 14.3592 | spectral 17.5674 | recons_loss: 0.147615 | sparse_loss: 1.02963 | 
2025-07-21 04:23:48,337 [INFO] [Iter 237] LR: 0.00000001
2025-07-21 04:23:48,338 [INFO] No improvement: current loss 1043.837352, best loss 1043.837363
2025-07-21 04:23:48,953 [INFO] [238/300] loss 1043.84 | compact 14.3592 | spectral 17.5674 | recons_loss: 0.147615 | sparse_loss: 1.02963 | 
2025-07-21 04:23:48,953 [INFO] [Iter 238] LR: 0.00000001
2025-07-21 04:23:48,954 [INFO] No improvement: current loss 1043.837345, best loss 1043.837363
2025-07-21 04:23:49,560 [INFO] [239/300] loss 1043.84 | compact 14.3592 | spectral 17.5674 | recons_loss: 0.147615 | sparse_loss: 1.02963 | 
2025-07-21 04:23:49,560 [INFO] [Iter 239] LR: 0.00000001
2025-07-21 04:23:49,563 [INFO] No improvement: current loss 1043.837351, best loss 1043.837363
2025-07-21 04:23:50,170 [INFO] [240/300] loss 1043.84 | compact 14.3592 | spectral 17.5674 | recons_loss: 0.147615 | sparse_loss: 1.02963 | 
2025-07-21 04:23:50,171 [INFO] [Iter 240] LR: 0.00000001
2025-07-21 04:23:50,172 [INFO] No improvement: current loss 1043.837356, best loss 1043.837363
2025-07-21 04:23:50,770 [INFO] [241/300] loss 1043.84 | compact 14.3592 | spectral 17.5674 | recons_loss: 0.147615 | sparse_loss: 1.02963 | 
2025-07-21 04:23:50,770 [INFO] [Iter 241] LR: 0.00000001
2025-07-21 04:23:50,771 [INFO] No improvement: current loss 1043.837361, best loss 1043.837363
2025-07-21 04:23:51,368 [INFO] [242/300] loss 1043.84 | compact 14.3592 | spectral 17.5674 | recons_loss: 0.147615 | sparse_loss: 1.02963 | 
2025-07-21 04:23:51,368 [INFO] [Iter 242] LR: 0.00000001
2025-07-21 04:23:51,369 [INFO] No improvement: current loss 1043.837365, best loss 1043.837363
2025-07-21 04:23:51,966 [INFO] [243/300] loss 1043.84 | compact 14.3592 | spectral 17.5674 | recons_loss: 0.147615 | sparse_loss: 1.02963 | 
2025-07-21 04:23:51,967 [INFO] [Iter 243] LR: 0.00000001
2025-07-21 04:23:51,968 [INFO] No improvement: current loss 1043.837356, best loss 1043.837363
2025-07-21 04:23:52,564 [INFO] [244/300] loss 1043.84 | compact 14.3592 | spectral 17.5674 | recons_loss: 0.147615 | sparse_loss: 1.02963 | 
2025-07-21 04:23:52,565 [INFO] [Iter 244] LR: 0.00000001
2025-07-21 04:23:52,566 [INFO] No improvement: current loss 1043.837361, best loss 1043.837363
2025-07-21 04:23:53,162 [INFO] [245/300] loss 1043.84 | compact 14.3592 | spectral 17.5674 | recons_loss: 0.147615 | sparse_loss: 1.02963 | 
2025-07-21 04:23:53,163 [INFO] [Iter 245] LR: 0.00000001
2025-07-21 04:23:53,164 [INFO] No improvement: current loss 1043.837365, best loss 1043.837363
2025-07-21 04:23:53,761 [INFO] [246/300] loss 1043.84 | compact 14.3592 | spectral 17.5674 | recons_loss: 0.147615 | sparse_loss: 1.02963 | 
2025-07-21 04:23:53,761 [INFO] [Iter 246] LR: 0.00000001
2025-07-21 04:23:53,763 [INFO] No improvement: current loss 1043.837357, best loss 1043.837363
2025-07-21 04:23:54,360 [INFO] [247/300] loss 1043.84 | compact 14.3592 | spectral 17.5674 | recons_loss: 0.147615 | sparse_loss: 1.02963 | 
2025-07-21 04:23:54,360 [INFO] [Iter 247] LR: 0.00000001
2025-07-21 04:23:54,361 [INFO] No improvement: current loss 1043.837361, best loss 1043.837363
2025-07-21 04:23:54,958 [INFO] [248/300] loss 1043.84 | compact 14.3592 | spectral 17.5674 | recons_loss: 0.147615 | sparse_loss: 1.02963 | 
2025-07-21 04:23:54,959 [INFO] [Iter 248] LR: 0.00000001
2025-07-21 04:23:54,960 [INFO] No improvement: current loss 1043.837365, best loss 1043.837363
2025-07-21 04:23:55,557 [INFO] [249/300] loss 1043.84 | compact 14.3592 | spectral 17.5674 | recons_loss: 0.147615 | sparse_loss: 1.02963 | 
2025-07-21 04:23:55,558 [INFO] [Iter 249] LR: 0.00000001
2025-07-21 04:23:55,559 [INFO] No improvement: current loss 1043.837369, best loss 1043.837363
2025-07-21 04:23:55,744 [INFO] H: 600, W: 166
2025-07-21 04:23:55,833 [INFO] [0 1 2 3 4 5]
2025-07-21 04:23:55,930 [INFO] y_target: [1 2 3 4 5 6]
2025-07-21 04:23:55,930 [INFO] y_predict: [0 1 2 3 4 5]
2025-07-21 04:23:56,018 [INFO] Epoch = 250 OA = 0.8951 Kappa = 0.8600 NMI = 0.8285
2025-07-21 04:23:56,494 [INFO] [250/300] loss 1043.84 | compact 14.3592 | spectral 17.5674 | recons_loss: 0.147615 | sparse_loss: 1.02963 | 
2025-07-21 04:23:56,495 [INFO] [Iter 250] LR: 0.00000001
2025-07-21 04:23:56,496 [INFO] No improvement: current loss 1043.837372, best loss 1043.837363
2025-07-21 04:23:57,094 [INFO] [251/300] loss 1043.84 | compact 14.3592 | spectral 17.5674 | recons_loss: 0.147615 | sparse_loss: 1.02963 | 
2025-07-21 04:23:57,094 [INFO] [Iter 251] LR: 0.00000001
2025-07-21 04:23:57,095 [INFO] No improvement: current loss 1043.837375, best loss 1043.837363
2025-07-21 04:23:57,692 [INFO] [252/300] loss 1043.84 | compact 14.3592 | spectral 17.5674 | recons_loss: 0.147615 | sparse_loss: 1.02963 | 
2025-07-21 04:23:57,692 [INFO] [Iter 252] LR: 0.00000001
2025-07-21 04:23:57,693 [INFO] No improvement: current loss 1043.837366, best loss 1043.837363
2025-07-21 04:23:58,291 [INFO] [253/300] loss 1043.84 | compact 14.3592 | spectral 17.5674 | recons_loss: 0.147615 | sparse_loss: 1.02963 | 
2025-07-21 04:23:58,291 [INFO] [Iter 253] LR: 0.00000001
2025-07-21 04:23:58,292 [INFO] No improvement: current loss 1043.837369, best loss 1043.837363
2025-07-21 04:23:58,889 [INFO] [254/300] loss 1043.84 | compact 14.3592 | spectral 17.5674 | recons_loss: 0.147615 | sparse_loss: 1.02963 | 
2025-07-21 04:23:58,889 [INFO] [Iter 254] LR: 0.00000001
2025-07-21 04:23:58,890 [INFO] No improvement: current loss 1043.837361, best loss 1043.837363
2025-07-21 04:23:59,487 [INFO] [255/300] loss 1043.84 | compact 14.3592 | spectral 17.5674 | recons_loss: 0.147615 | sparse_loss: 1.02963 | 
2025-07-21 04:23:59,487 [INFO] [Iter 255] LR: 0.00000001
2025-07-21 04:23:59,488 [INFO] No improvement: current loss 1043.837353, best loss 1043.837363
2025-07-21 04:24:00,085 [INFO] [256/300] loss 1043.84 | compact 14.3592 | spectral 17.5674 | recons_loss: 0.147615 | sparse_loss: 1.02963 | 
2025-07-21 04:24:00,085 [INFO] [Iter 256] LR: 0.00000001
2025-07-21 04:24:00,087 [INFO] No improvement: current loss 1043.837345, best loss 1043.837363
2025-07-21 04:24:00,692 [INFO] [257/300] loss 1043.84 | compact 14.3592 | spectral 17.5674 | recons_loss: 0.147615 | sparse_loss: 1.02963 | 
2025-07-21 04:24:00,693 [INFO] [Iter 257] LR: 0.00000001
2025-07-21 04:24:00,695 [INFO] No improvement: current loss 1043.837351, best loss 1043.837363
2025-07-21 04:24:01,293 [INFO] [258/300] loss 1043.84 | compact 14.3592 | spectral 17.5674 | recons_loss: 0.147615 | sparse_loss: 1.02963 | 
2025-07-21 04:24:01,293 [INFO] [Iter 258] LR: 0.00000001
2025-07-21 04:24:01,295 [INFO] No improvement: current loss 1043.837356, best loss 1043.837363
2025-07-21 04:24:01,892 [INFO] [259/300] loss 1043.84 | compact 14.3592 | spectral 17.5674 | recons_loss: 0.147615 | sparse_loss: 1.02963 | 
2025-07-21 04:24:01,892 [INFO] [Iter 259] LR: 0.00000001
2025-07-21 04:24:01,893 [INFO] No improvement: current loss 1043.837349, best loss 1043.837363
2025-07-21 04:24:02,490 [INFO] [260/300] loss 1043.84 | compact 14.3592 | spectral 17.5674 | recons_loss: 0.147615 | sparse_loss: 1.02963 | 
2025-07-21 04:24:02,491 [INFO] [Iter 260] LR: 0.00000001
2025-07-21 04:24:02,492 [INFO] No improvement: current loss 1043.837342, best loss 1043.837363
2025-07-21 04:24:03,088 [INFO] [261/300] loss 1043.84 | compact 14.3592 | spectral 17.5674 | recons_loss: 0.147615 | sparse_loss: 1.02963 | 
2025-07-21 04:24:03,089 [INFO] [Iter 261] LR: 0.00000001
2025-07-21 04:24:03,090 [INFO] No improvement: current loss 1043.837336, best loss 1043.837363
2025-07-21 04:24:03,687 [INFO] [262/300] loss 1043.84 | compact 14.3592 | spectral 17.5674 | recons_loss: 0.147615 | sparse_loss: 1.02963 | 
2025-07-21 04:24:03,687 [INFO] [Iter 262] LR: 0.00000001
2025-07-21 04:24:03,688 [INFO] No improvement: current loss 1043.837342, best loss 1043.837363
2025-07-21 04:24:04,291 [INFO] [263/300] loss 1043.84 | compact 14.3592 | spectral 17.5674 | recons_loss: 0.147615 | sparse_loss: 1.02963 | 
2025-07-21 04:24:04,291 [INFO] [Iter 263] LR: 0.00000001
2025-07-21 04:24:04,293 [INFO] No improvement: current loss 1043.837348, best loss 1043.837363
2025-07-21 04:24:04,891 [INFO] [264/300] loss 1043.84 | compact 14.3592 | spectral 17.5674 | recons_loss: 0.147615 | sparse_loss: 1.02963 | 
2025-07-21 04:24:04,891 [INFO] [Iter 264] LR: 0.00000001
2025-07-21 04:24:04,892 [INFO] No improvement: current loss 1043.837354, best loss 1043.837363
2025-07-21 04:24:05,489 [INFO] [265/300] loss 1043.84 | compact 14.3592 | spectral 17.5674 | recons_loss: 0.147615 | sparse_loss: 1.02963 | 
2025-07-21 04:24:05,489 [INFO] [Iter 265] LR: 0.00000001
2025-07-21 04:24:05,490 [INFO] No improvement: current loss 1043.837346, best loss 1043.837363
2025-07-21 04:24:06,087 [INFO] [266/300] loss 1043.84 | compact 14.3592 | spectral 17.5674 | recons_loss: 0.147615 | sparse_loss: 1.02963 | 
2025-07-21 04:24:06,088 [INFO] [Iter 266] LR: 0.00000001
2025-07-21 04:24:06,089 [INFO] No improvement: current loss 1043.837352, best loss 1043.837363
2025-07-21 04:24:06,686 [INFO] [267/300] loss 1043.84 | compact 14.3592 | spectral 17.5674 | recons_loss: 0.147615 | sparse_loss: 1.02963 | 
2025-07-21 04:24:06,686 [INFO] [Iter 267] LR: 0.00000001
2025-07-21 04:24:06,687 [INFO] No improvement: current loss 1043.837345, best loss 1043.837363
2025-07-21 04:24:07,284 [INFO] [268/300] loss 1043.84 | compact 14.3592 | spectral 17.5674 | recons_loss: 0.147615 | sparse_loss: 1.02963 | 
2025-07-21 04:24:07,285 [INFO] [Iter 268] LR: 0.00000001
2025-07-21 04:24:07,286 [INFO] No improvement: current loss 1043.837351, best loss 1043.837363
2025-07-21 04:24:07,883 [INFO] [269/300] loss 1043.84 | compact 14.3592 | spectral 17.5674 | recons_loss: 0.147615 | sparse_loss: 1.02963 | 
2025-07-21 04:24:07,883 [INFO] [Iter 269] LR: 0.00000001
2025-07-21 04:24:07,884 [INFO] No improvement: current loss 1043.837343, best loss 1043.837363
2025-07-21 04:24:08,482 [INFO] [270/300] loss 1043.84 | compact 14.3592 | spectral 17.5674 | recons_loss: 0.147615 | sparse_loss: 1.02963 | 
2025-07-21 04:24:08,482 [INFO] [Iter 270] LR: 0.00000001
2025-07-21 04:24:08,483 [INFO] No improvement: current loss 1043.837349, best loss 1043.837363
2025-07-21 04:24:09,086 [INFO] [271/300] loss 1043.84 | compact 14.3592 | spectral 17.5674 | recons_loss: 0.147615 | sparse_loss: 1.02963 | 
2025-07-21 04:24:09,087 [INFO] [Iter 271] LR: 0.00000001
2025-07-21 04:24:09,089 [INFO] No improvement: current loss 1043.837342, best loss 1043.837363
2025-07-21 04:24:09,687 [INFO] [272/300] loss 1043.84 | compact 14.3592 | spectral 17.5674 | recons_loss: 0.147615 | sparse_loss: 1.02963 | 
2025-07-21 04:24:09,688 [INFO] [Iter 272] LR: 0.00000001
2025-07-21 04:24:09,689 [INFO] No improvement: current loss 1043.837336, best loss 1043.837363
2025-07-21 04:24:10,286 [INFO] [273/300] loss 1043.84 | compact 14.3592 | spectral 17.5674 | recons_loss: 0.147615 | sparse_loss: 1.02963 | 
2025-07-21 04:24:10,286 [INFO] [Iter 273] LR: 0.00000001
2025-07-21 04:24:10,287 [INFO] No improvement: current loss 1043.837331, best loss 1043.837363
2025-07-21 04:24:10,885 [INFO] [274/300] loss 1043.84 | compact 14.3592 | spectral 17.5674 | recons_loss: 0.147615 | sparse_loss: 1.02963 | 
2025-07-21 04:24:10,885 [INFO] [Iter 274] LR: 0.00000001
2025-07-21 04:24:10,886 [INFO] No improvement: current loss 1043.837326, best loss 1043.837363
2025-07-21 04:24:11,484 [INFO] [275/300] loss 1043.84 | compact 14.3592 | spectral 17.5674 | recons_loss: 0.147615 | sparse_loss: 1.02963 | 
2025-07-21 04:24:11,484 [INFO] [Iter 275] LR: 0.00000001
2025-07-21 04:24:11,485 [INFO] No improvement: current loss 1043.837333, best loss 1043.837363
2025-07-21 04:24:12,082 [INFO] [276/300] loss 1043.84 | compact 14.3592 | spectral 17.5674 | recons_loss: 0.147615 | sparse_loss: 1.02963 | 
2025-07-21 04:24:12,082 [INFO] [Iter 276] LR: 0.00000001
2025-07-21 04:24:12,084 [INFO] No improvement: current loss 1043.837340, best loss 1043.837363
2025-07-21 04:24:12,685 [INFO] [277/300] loss 1043.84 | compact 14.3592 | spectral 17.5674 | recons_loss: 0.147615 | sparse_loss: 1.02963 | 
2025-07-21 04:24:12,685 [INFO] [Iter 277] LR: 0.00000001
2025-07-21 04:24:12,686 [INFO] No improvement: current loss 1043.837334, best loss 1043.837363
2025-07-21 04:24:13,283 [INFO] [278/300] loss 1043.84 | compact 14.3592 | spectral 17.5674 | recons_loss: 0.147615 | sparse_loss: 1.02963 | 
2025-07-21 04:24:13,284 [INFO] [Iter 278] LR: 0.00000001
2025-07-21 04:24:13,285 [INFO] No improvement: current loss 1043.837341, best loss 1043.837363
2025-07-21 04:24:13,882 [INFO] [279/300] loss 1043.84 | compact 14.3592 | spectral 17.5674 | recons_loss: 0.147615 | sparse_loss: 1.02963 | 
2025-07-21 04:24:13,883 [INFO] [Iter 279] LR: 0.00000001
2025-07-21 04:24:13,885 [INFO] No improvement: current loss 1043.837347, best loss 1043.837363
2025-07-21 04:24:14,485 [INFO] [280/300] loss 1043.84 | compact 14.3592 | spectral 17.5674 | recons_loss: 0.147615 | sparse_loss: 1.02963 | 
2025-07-21 04:24:14,485 [INFO] [Iter 280] LR: 0.00000001
2025-07-21 04:24:14,486 [INFO] No improvement: current loss 1043.837340, best loss 1043.837363
2025-07-21 04:24:15,083 [INFO] [281/300] loss 1043.84 | compact 14.3592 | spectral 17.5674 | recons_loss: 0.147615 | sparse_loss: 1.02963 | 
2025-07-21 04:24:15,084 [INFO] [Iter 281] LR: 0.00000001
2025-07-21 04:24:15,085 [INFO] No improvement: current loss 1043.837347, best loss 1043.837363
2025-07-21 04:24:15,683 [INFO] [282/300] loss 1043.84 | compact 14.3592 | spectral 17.5674 | recons_loss: 0.147615 | sparse_loss: 1.02963 | 
2025-07-21 04:24:15,684 [INFO] [Iter 282] LR: 0.00000001
2025-07-21 04:24:15,685 [INFO] No improvement: current loss 1043.837340, best loss 1043.837363
2025-07-21 04:24:16,300 [INFO] [283/300] loss 1043.84 | compact 14.3592 | spectral 17.5674 | recons_loss: 0.147615 | sparse_loss: 1.02963 | 
2025-07-21 04:24:16,300 [INFO] [Iter 283] LR: 0.00000001
2025-07-21 04:24:16,303 [INFO] No improvement: current loss 1043.837346, best loss 1043.837363
2025-07-21 04:24:16,919 [INFO] [284/300] loss 1043.84 | compact 14.3592 | spectral 17.5674 | recons_loss: 0.147615 | sparse_loss: 1.02963 | 
2025-07-21 04:24:16,920 [INFO] [Iter 284] LR: 0.00000001
2025-07-21 04:24:16,921 [INFO] No improvement: current loss 1043.837352, best loss 1043.837363
2025-07-21 04:24:17,518 [INFO] [285/300] loss 1043.84 | compact 14.3592 | spectral 17.5674 | recons_loss: 0.147615 | sparse_loss: 1.02963 | 
2025-07-21 04:24:17,519 [INFO] [Iter 285] LR: 0.00000001
2025-07-21 04:24:17,520 [INFO] No improvement: current loss 1043.837345, best loss 1043.837363
2025-07-21 04:24:18,116 [INFO] [286/300] loss 1043.84 | compact 14.3592 | spectral 17.5674 | recons_loss: 0.147615 | sparse_loss: 1.02963 | 
2025-07-21 04:24:18,116 [INFO] [Iter 286] LR: 0.00000001
2025-07-21 04:24:18,117 [INFO] No improvement: current loss 1043.837350, best loss 1043.837363
2025-07-21 04:24:18,715 [INFO] [287/300] loss 1043.84 | compact 14.3592 | spectral 17.5674 | recons_loss: 0.147615 | sparse_loss: 1.02963 | 
2025-07-21 04:24:18,715 [INFO] [Iter 287] LR: 0.00000001
2025-07-21 04:24:18,716 [INFO] No improvement: current loss 1043.837343, best loss 1043.837363
2025-07-21 04:24:19,313 [INFO] [288/300] loss 1043.84 | compact 14.3592 | spectral 17.5674 | recons_loss: 0.147615 | sparse_loss: 1.02963 | 
2025-07-21 04:24:19,314 [INFO] [Iter 288] LR: 0.00000001
2025-07-21 04:24:19,316 [INFO] No improvement: current loss 1043.837349, best loss 1043.837363
2025-07-21 04:24:19,932 [INFO] [289/300] loss 1043.84 | compact 14.3592 | spectral 17.5674 | recons_loss: 0.147615 | sparse_loss: 1.02963 | 
2025-07-21 04:24:19,933 [INFO] [Iter 289] LR: 0.00000001
2025-07-21 04:24:19,934 [INFO] No improvement: current loss 1043.837355, best loss 1043.837363
2025-07-21 04:24:20,532 [INFO] [290/300] loss 1043.84 | compact 14.3592 | spectral 17.5674 | recons_loss: 0.147615 | sparse_loss: 1.02963 | 
2025-07-21 04:24:20,532 [INFO] [Iter 290] LR: 0.00000001
2025-07-21 04:24:20,533 [INFO] No improvement: current loss 1043.837359, best loss 1043.837363
2025-07-21 04:24:21,131 [INFO] [291/300] loss 1043.84 | compact 14.3592 | spectral 17.5674 | recons_loss: 0.147615 | sparse_loss: 1.02963 | 
2025-07-21 04:24:21,131 [INFO] [Iter 291] LR: 0.00000001
2025-07-21 04:24:21,132 [INFO] No improvement: current loss 1043.837364, best loss 1043.837363
2025-07-21 04:24:21,730 [INFO] [292/300] loss 1043.84 | compact 14.3592 | spectral 17.5674 | recons_loss: 0.147615 | sparse_loss: 1.02963 | 
2025-07-21 04:24:21,731 [INFO] [Iter 292] LR: 0.00000001
2025-07-21 04:24:21,733 [INFO] No improvement: current loss 1043.837355, best loss 1043.837363
2025-07-21 04:24:22,331 [INFO] [293/300] loss 1043.84 | compact 14.3592 | spectral 17.5674 | recons_loss: 0.147615 | sparse_loss: 1.02963 | 
2025-07-21 04:24:22,331 [INFO] [Iter 293] LR: 0.00000001
2025-07-21 04:24:22,332 [INFO] No improvement: current loss 1043.837360, best loss 1043.837363
2025-07-21 04:24:22,936 [INFO] [294/300] loss 1043.84 | compact 14.3592 | spectral 17.5674 | recons_loss: 0.147615 | sparse_loss: 1.02963 | 
2025-07-21 04:24:22,936 [INFO] [Iter 294] LR: 0.00000001
2025-07-21 04:24:22,938 [INFO] No improvement: current loss 1043.837352, best loss 1043.837363
2025-07-21 04:24:23,546 [INFO] [295/300] loss 1043.84 | compact 14.3592 | spectral 17.5674 | recons_loss: 0.147615 | sparse_loss: 1.02963 | 
2025-07-21 04:24:23,546 [INFO] [Iter 295] LR: 0.00000001
2025-07-21 04:24:23,547 [INFO] No improvement: current loss 1043.837357, best loss 1043.837363
2025-07-21 04:24:24,145 [INFO] [296/300] loss 1043.84 | compact 14.3592 | spectral 17.5674 | recons_loss: 0.147615 | sparse_loss: 1.02963 | 
2025-07-21 04:24:24,146 [INFO] [Iter 296] LR: 0.00000001
2025-07-21 04:24:24,147 [INFO] No improvement: current loss 1043.837362, best loss 1043.837363
2025-07-21 04:24:24,745 [INFO] [297/300] loss 1043.84 | compact 14.3592 | spectral 17.5674 | recons_loss: 0.147615 | sparse_loss: 1.02963 | 
2025-07-21 04:24:24,745 [INFO] [Iter 297] LR: 0.00000001
2025-07-21 04:24:24,746 [INFO] No improvement: current loss 1043.837353, best loss 1043.837363
2025-07-21 04:24:25,344 [INFO] [298/300] loss 1043.84 | compact 14.3592 | spectral 17.5674 | recons_loss: 0.147615 | sparse_loss: 1.02963 | 
2025-07-21 04:24:25,344 [INFO] [Iter 298] LR: 0.00000001
2025-07-21 04:24:25,345 [INFO] No improvement: current loss 1043.837358, best loss 1043.837363
2025-07-21 04:24:25,520 [INFO] H: 600, W: 166
2025-07-21 04:24:25,573 [INFO] [0 1 2 3 4 5]
2025-07-21 04:24:25,669 [INFO] y_target: [1 2 3 4 5 6]
2025-07-21 04:24:25,669 [INFO] y_predict: [0 1 2 3 4 5]
2025-07-21 04:24:25,758 [INFO] Epoch = 299 OA = 0.8951 Kappa = 0.8600 NMI = 0.8285
2025-07-21 04:24:26,234 [INFO] [299/300] loss 1043.84 | compact 14.3592 | spectral 17.5674 | recons_loss: 0.147615 | sparse_loss: 1.02963 | 
2025-07-21 04:24:26,234 [INFO] [Iter 299] LR: 0.00000001
2025-07-21 04:24:26,236 [INFO] No improvement: current loss 1043.837351, best loss 1043.837363
2025-07-21 04:24:26,236 [INFO] Training finished. Best model loaded.
