2025-07-21 05:41:34,530 [INFO] ========== Training Configuration ==========
2025-07-21 05:41:34,531 [INFO] out_dir: ./log
2025-07-21 05:41:34,531 [INFO] lr: 0.1
2025-07-21 05:41:34,531 [INFO] train_iter: 300
2025-07-21 05:41:34,531 [INFO] niter: 5
2025-07-21 05:41:34,531 [INFO] nspix: 300
2025-07-21 05:41:34,531 [INFO] weight: weight
2025-07-21 05:41:34,531 [INFO] weight_representation: 270.0
2025-07-21 05:41:34,531 [INFO] weight_noise: 50.0
2025-07-21 05:41:34,531 [INFO] dataset: trento
2025-07-21 05:41:34,531 [INFO] device: cuda:0
2025-07-21 05:41:34,531 [INFO] log: trento11
2025-07-21 05:41:34,531 [INFO] ============================================
2025-07-21 05:41:37,529 [INFO] H: 600, W: 166
2025-07-21 05:41:37,625 [INFO] [0 1 2 3 4 5]
2025-07-21 05:41:37,820 [INFO] y_target: [1 2 3 4 5 6]
2025-07-21 05:41:37,820 [INFO] y_predict: [0 1 2 3 4 5]
2025-07-21 05:41:37,910 [INFO] Epoch = 0 OA = 0.8509 Kappa = 0.8011 NMI = 0.7884
2025-07-21 05:41:38,431 [INFO] [0/300] loss 2006.36 | compact 13.9608 | spectral 17.8474 | recons_loss: 0.260069 | sparse_loss: 1.04467 | 
2025-07-21 05:41:38,431 [INFO] [Iter 0] LR: 0.10000000
2025-07-21 05:41:38,432 [INFO] Saving best model at iteration 0
2025-07-21 05:41:39,029 [INFO] [1/300] loss 2005.26 | compact 13.9659 | spectral 17.8353 | recons_loss: 0.258684 | sparse_loss: 1.04471 | 
2025-07-21 05:41:39,029 [INFO] [Iter 1] LR: 0.10000000
2025-07-21 05:41:39,030 [INFO] Saving best model at iteration 1
2025-07-21 05:41:39,628 [INFO] [2/300] loss 2003.61 | compact 13.9694 | spectral 17.8226 | recons_loss: 0.25681 | sparse_loss: 1.04466 | 
2025-07-21 05:41:39,628 [INFO] [Iter 2] LR: 0.10000000
2025-07-21 05:41:39,630 [INFO] Saving best model at iteration 2
2025-07-21 05:41:40,239 [INFO] [3/300] loss 2001.17 | compact 13.9741 | spectral 17.8085 | recons_loss: 0.253913 | sparse_loss: 1.04443 | 
2025-07-21 05:41:40,240 [INFO] [Iter 3] LR: 0.10000000
2025-07-21 05:41:40,242 [INFO] Saving best model at iteration 3
2025-07-21 05:41:40,851 [INFO] [4/300] loss 1998.33 | compact 13.9846 | spectral 17.7918 | recons_loss: 0.250536 | sparse_loss: 1.04404 | 
2025-07-21 05:41:40,851 [INFO] [Iter 4] LR: 0.10000000
2025-07-21 05:41:40,853 [INFO] Saving best model at iteration 4
2025-07-21 05:41:41,450 [INFO] [5/300] loss 1995.24 | compact 13.9944 | spectral 17.7702 | recons_loss: 0.246872 | sparse_loss: 1.04354 | 
2025-07-21 05:41:41,450 [INFO] [Iter 5] LR: 0.10000000
2025-07-21 05:41:41,451 [INFO] Saving best model at iteration 5
2025-07-21 05:41:42,048 [INFO] [6/300] loss 1991.98 | compact 14.0019 | spectral 17.7499 | recons_loss: 0.242962 | sparse_loss: 1.04299 | 
2025-07-21 05:41:42,048 [INFO] [Iter 6] LR: 0.10000000
2025-07-21 05:41:42,049 [INFO] Saving best model at iteration 6
2025-07-21 05:41:42,647 [INFO] [7/300] loss 1988.6 | compact 14.0127 | spectral 17.7259 | recons_loss: 0.238805 | sparse_loss: 1.04243 | 
2025-07-21 05:41:42,647 [INFO] [Iter 7] LR: 0.10000000
2025-07-21 05:41:42,648 [INFO] Saving best model at iteration 7
2025-07-21 05:41:43,245 [INFO] [8/300] loss 1985.13 | compact 14.0207 | spectral 17.7026 | recons_loss: 0.23452 | sparse_loss: 1.04188 | 
2025-07-21 05:41:43,245 [INFO] [Iter 8] LR: 0.10000000
2025-07-21 05:41:43,246 [INFO] Saving best model at iteration 8
2025-07-21 05:41:43,843 [INFO] [9/300] loss 1981.68 | compact 14.0312 | spectral 17.6744 | recons_loss: 0.230182 | sparse_loss: 1.04136 | 
2025-07-21 05:41:43,844 [INFO] [Iter 9] LR: 0.10000000
2025-07-21 05:41:43,845 [INFO] Saving best model at iteration 9
2025-07-21 05:41:44,442 [INFO] [10/300] loss 1978.27 | compact 14.0427 | spectral 17.6436 | recons_loss: 0.225781 | sparse_loss: 1.04085 | 
2025-07-21 05:41:44,442 [INFO] [Iter 10] LR: 0.10000000
2025-07-21 05:41:44,444 [INFO] Saving best model at iteration 10
2025-07-21 05:41:45,046 [INFO] [11/300] loss 1974.96 | compact 14.0528 | spectral 17.6129 | recons_loss: 0.221451 | sparse_loss: 1.04034 | 
2025-07-21 05:41:45,047 [INFO] [Iter 11] LR: 0.10000000
2025-07-21 05:41:45,048 [INFO] Saving best model at iteration 11
2025-07-21 05:41:45,645 [INFO] [12/300] loss 1971.75 | compact 14.0623 | spectral 17.5876 | recons_loss: 0.21716 | sparse_loss: 1.03981 | 
2025-07-21 05:41:45,645 [INFO] [Iter 12] LR: 0.10000000
2025-07-21 05:41:45,646 [INFO] Saving best model at iteration 12
2025-07-21 05:41:46,243 [INFO] [13/300] loss 1968.62 | compact 14.0726 | spectral 17.5608 | recons_loss: 0.212875 | sparse_loss: 1.03928 | 
2025-07-21 05:41:46,244 [INFO] [Iter 13] LR: 0.10000000
2025-07-21 05:41:46,245 [INFO] Saving best model at iteration 13
2025-07-21 05:41:46,842 [INFO] [14/300] loss 1965.6 | compact 14.0824 | spectral 17.5344 | recons_loss: 0.20868 | sparse_loss: 1.03876 | 
2025-07-21 05:41:46,843 [INFO] [Iter 14] LR: 0.10000000
2025-07-21 05:41:46,844 [INFO] Saving best model at iteration 14
2025-07-21 05:41:47,442 [INFO] [15/300] loss 1962.71 | compact 14.0963 | spectral 17.5195 | recons_loss: 0.204559 | sparse_loss: 1.03829 | 
2025-07-21 05:41:47,443 [INFO] [Iter 15] LR: 0.10000000
2025-07-21 05:41:47,445 [INFO] Saving best model at iteration 15
2025-07-21 05:41:48,051 [INFO] [16/300] loss 1959.94 | compact 14.1066 | spectral 17.5082 | recons_loss: 0.200533 | sparse_loss: 1.03786 | 
2025-07-21 05:41:48,051 [INFO] [Iter 16] LR: 0.10000000
2025-07-21 05:41:48,052 [INFO] Saving best model at iteration 16
2025-07-21 05:41:48,649 [INFO] [17/300] loss 1957.28 | compact 14.1161 | spectral 17.4944 | recons_loss: 0.196622 | sparse_loss: 1.0375 | 
2025-07-21 05:41:48,649 [INFO] [Iter 17] LR: 0.10000000
2025-07-21 05:41:48,650 [INFO] Saving best model at iteration 17
2025-07-21 05:41:49,263 [INFO] [18/300] loss 1954.74 | compact 14.1284 | spectral 17.4825 | recons_loss: 0.192811 | sparse_loss: 1.03717 | 
2025-07-21 05:41:49,263 [INFO] [Iter 18] LR: 0.10000000
2025-07-21 05:41:49,264 [INFO] Saving best model at iteration 18
2025-07-21 05:41:49,862 [INFO] [19/300] loss 1952.3 | compact 14.1404 | spectral 17.4688 | recons_loss: 0.189174 | sparse_loss: 1.03686 | 
2025-07-21 05:41:49,862 [INFO] [Iter 19] LR: 0.10000000
2025-07-21 05:41:49,863 [INFO] Saving best model at iteration 19
2025-07-21 05:41:50,461 [INFO] [20/300] loss 1950.09 | compact 14.1529 | spectral 17.4492 | recons_loss: 0.185867 | sparse_loss: 1.03655 | 
2025-07-21 05:41:50,461 [INFO] [Iter 20] LR: 0.10000000
2025-07-21 05:41:50,462 [INFO] Saving best model at iteration 20
2025-07-21 05:41:51,059 [INFO] [21/300] loss 1947.98 | compact 14.164 | spectral 17.4342 | recons_loss: 0.182679 | sparse_loss: 1.03625 | 
2025-07-21 05:41:51,059 [INFO] [Iter 21] LR: 0.10000000
2025-07-21 05:41:51,060 [INFO] Saving best model at iteration 21
2025-07-21 05:41:51,657 [INFO] [22/300] loss 1945.95 | compact 14.1734 | spectral 17.423 | recons_loss: 0.179611 | sparse_loss: 1.03595 | 
2025-07-21 05:41:51,658 [INFO] [Iter 22] LR: 0.10000000
2025-07-21 05:41:51,659 [INFO] Saving best model at iteration 22
2025-07-21 05:41:52,255 [INFO] [23/300] loss 1943.98 | compact 14.1812 | spectral 17.4 | recons_loss: 0.176641 | sparse_loss: 1.03568 | 
2025-07-21 05:41:52,256 [INFO] [Iter 23] LR: 0.10000000
2025-07-21 05:41:52,257 [INFO] Saving best model at iteration 23
2025-07-21 05:41:52,854 [INFO] [24/300] loss 1942.1 | compact 14.1905 | spectral 17.3732 | recons_loss: 0.173773 | sparse_loss: 1.03544 | 
2025-07-21 05:41:52,854 [INFO] [Iter 24] LR: 0.10000000
2025-07-21 05:41:52,855 [INFO] Saving best model at iteration 24
2025-07-21 05:41:53,452 [INFO] [25/300] loss 1940.32 | compact 14.2 | spectral 17.3484 | recons_loss: 0.171044 | sparse_loss: 1.03523 | 
2025-07-21 05:41:53,452 [INFO] [Iter 25] LR: 0.10000000
2025-07-21 05:41:53,453 [INFO] Saving best model at iteration 25
2025-07-21 05:41:54,050 [INFO] [26/300] loss 1938.62 | compact 14.2095 | spectral 17.3256 | recons_loss: 0.168441 | sparse_loss: 1.03505 | 
2025-07-21 05:41:54,050 [INFO] [Iter 26] LR: 0.10000000
2025-07-21 05:41:54,051 [INFO] Saving best model at iteration 26
2025-07-21 05:41:54,648 [INFO] [27/300] loss 1937 | compact 14.218 | spectral 17.3054 | recons_loss: 0.165959 | sparse_loss: 1.03488 | 
2025-07-21 05:41:54,649 [INFO] [Iter 27] LR: 0.10000000
2025-07-21 05:41:54,651 [INFO] Saving best model at iteration 27
2025-07-21 05:41:55,251 [INFO] [28/300] loss 1935.46 | compact 14.2257 | spectral 17.2862 | recons_loss: 0.16362 | sparse_loss: 1.03471 | 
2025-07-21 05:41:55,251 [INFO] [Iter 28] LR: 0.10000000
2025-07-21 05:41:55,252 [INFO] Saving best model at iteration 28
2025-07-21 05:41:55,863 [INFO] [29/300] loss 1933.99 | compact 14.2319 | spectral 17.2682 | recons_loss: 0.161402 | sparse_loss: 1.03454 | 
2025-07-21 05:41:55,864 [INFO] [Iter 29] LR: 0.10000000
2025-07-21 05:41:55,867 [INFO] Saving best model at iteration 29
2025-07-21 05:41:56,467 [INFO] [30/300] loss 1932.59 | compact 14.2385 | spectral 17.2521 | recons_loss: 0.159311 | sparse_loss: 1.03436 | 
2025-07-21 05:41:56,467 [INFO] [Iter 30] LR: 0.10000000
2025-07-21 05:41:56,469 [INFO] Saving best model at iteration 30
2025-07-21 05:41:57,067 [INFO] [31/300] loss 1931.24 | compact 14.2438 | spectral 17.2388 | recons_loss: 0.157316 | sparse_loss: 1.0342 | 
2025-07-21 05:41:57,067 [INFO] [Iter 31] LR: 0.10000000
2025-07-21 05:41:57,068 [INFO] Saving best model at iteration 31
2025-07-21 05:41:57,664 [INFO] [32/300] loss 1929.97 | compact 14.2488 | spectral 17.2315 | recons_loss: 0.15543 | sparse_loss: 1.03403 | 
2025-07-21 05:41:57,664 [INFO] [Iter 32] LR: 0.10000000
2025-07-21 05:41:57,665 [INFO] Saving best model at iteration 32
2025-07-21 05:41:58,262 [INFO] [33/300] loss 1928.76 | compact 14.2548 | spectral 17.224 | recons_loss: 0.153651 | sparse_loss: 1.03388 | 
2025-07-21 05:41:58,262 [INFO] [Iter 33] LR: 0.10000000
2025-07-21 05:41:58,265 [INFO] Saving best model at iteration 33
2025-07-21 05:41:58,862 [INFO] [34/300] loss 1927.63 | compact 14.2609 | spectral 17.2209 | recons_loss: 0.151982 | sparse_loss: 1.03375 | 
2025-07-21 05:41:58,863 [INFO] [Iter 34] LR: 0.10000000
2025-07-21 05:41:58,865 [INFO] Saving best model at iteration 34
2025-07-21 05:41:59,466 [INFO] [35/300] loss 1926.54 | compact 14.2672 | spectral 17.2172 | recons_loss: 0.150401 | sparse_loss: 1.03361 | 
2025-07-21 05:41:59,466 [INFO] [Iter 35] LR: 0.10000000
2025-07-21 05:41:59,467 [INFO] Saving best model at iteration 35
2025-07-21 05:42:00,065 [INFO] [36/300] loss 1925.51 | compact 14.2746 | spectral 17.2168 | recons_loss: 0.148882 | sparse_loss: 1.03348 | 
2025-07-21 05:42:00,065 [INFO] [Iter 36] LR: 0.10000000
2025-07-21 05:42:00,067 [INFO] Saving best model at iteration 36
2025-07-21 05:42:00,663 [INFO] [37/300] loss 1924.52 | compact 14.2826 | spectral 17.2165 | recons_loss: 0.14745 | sparse_loss: 1.03334 | 
2025-07-21 05:42:00,664 [INFO] [Iter 37] LR: 0.10000000
2025-07-21 05:42:00,665 [INFO] Saving best model at iteration 37
2025-07-21 05:42:01,262 [INFO] [38/300] loss 1923.57 | compact 14.2905 | spectral 17.2165 | recons_loss: 0.146091 | sparse_loss: 1.03321 | 
2025-07-21 05:42:01,262 [INFO] [Iter 38] LR: 0.10000000
2025-07-21 05:42:01,263 [INFO] Saving best model at iteration 38
2025-07-21 05:42:01,860 [INFO] [39/300] loss 1922.65 | compact 14.2982 | spectral 17.2156 | recons_loss: 0.144804 | sparse_loss: 1.03308 | 
2025-07-21 05:42:01,860 [INFO] [Iter 39] LR: 0.10000000
2025-07-21 05:42:01,861 [INFO] Saving best model at iteration 39
2025-07-21 05:42:02,458 [INFO] [40/300] loss 1921.77 | compact 14.3053 | spectral 17.2152 | recons_loss: 0.143591 | sparse_loss: 1.03296 | 
2025-07-21 05:42:02,459 [INFO] [Iter 40] LR: 0.10000000
2025-07-21 05:42:02,460 [INFO] Saving best model at iteration 40
2025-07-21 05:42:03,057 [INFO] [41/300] loss 1920.94 | compact 14.3139 | spectral 17.2192 | recons_loss: 0.142446 | sparse_loss: 1.03285 | 
2025-07-21 05:42:03,057 [INFO] [Iter 41] LR: 0.10000000
2025-07-21 05:42:03,059 [INFO] Saving best model at iteration 41
2025-07-21 05:42:03,671 [INFO] [42/300] loss 1920.16 | compact 14.324 | spectral 17.2219 | recons_loss: 0.141374 | sparse_loss: 1.03276 | 
2025-07-21 05:42:03,671 [INFO] [Iter 42] LR: 0.10000000
2025-07-21 05:42:03,673 [INFO] Saving best model at iteration 42
2025-07-21 05:42:04,269 [INFO] [43/300] loss 1919.41 | compact 14.3339 | spectral 17.2239 | recons_loss: 0.140361 | sparse_loss: 1.03267 | 
2025-07-21 05:42:04,270 [INFO] [Iter 43] LR: 0.10000000
2025-07-21 05:42:04,271 [INFO] Saving best model at iteration 43
2025-07-21 05:42:04,884 [INFO] [44/300] loss 1918.69 | compact 14.3413 | spectral 17.2292 | recons_loss: 0.139413 | sparse_loss: 1.03257 | 
2025-07-21 05:42:04,884 [INFO] [Iter 44] LR: 0.10000000
2025-07-21 05:42:04,885 [INFO] Saving best model at iteration 44
2025-07-21 05:42:05,482 [INFO] [45/300] loss 1918 | compact 14.3478 | spectral 17.2333 | recons_loss: 0.138505 | sparse_loss: 1.03247 | 
2025-07-21 05:42:05,483 [INFO] [Iter 45] LR: 0.10000000
2025-07-21 05:42:05,484 [INFO] Saving best model at iteration 45
2025-07-21 05:42:06,081 [INFO] [46/300] loss 1917.33 | compact 14.3532 | spectral 17.239 | recons_loss: 0.137626 | sparse_loss: 1.03237 | 
2025-07-21 05:42:06,081 [INFO] [Iter 46] LR: 0.10000000
2025-07-21 05:42:06,082 [INFO] Saving best model at iteration 46
2025-07-21 05:42:06,679 [INFO] [47/300] loss 1916.67 | compact 14.3586 | spectral 17.2439 | recons_loss: 0.136773 | sparse_loss: 1.03227 | 
2025-07-21 05:42:06,679 [INFO] [Iter 47] LR: 0.10000000
2025-07-21 05:42:06,680 [INFO] Saving best model at iteration 47
2025-07-21 05:42:07,277 [INFO] [48/300] loss 1916.02 | compact 14.3637 | spectral 17.2467 | recons_loss: 0.135956 | sparse_loss: 1.03218 | 
2025-07-21 05:42:07,277 [INFO] [Iter 48] LR: 0.10000000
2025-07-21 05:42:07,278 [INFO] Saving best model at iteration 48
2025-07-21 05:42:07,875 [INFO] [49/300] loss 1915.39 | compact 14.3689 | spectral 17.2476 | recons_loss: 0.135172 | sparse_loss: 1.03209 | 
2025-07-21 05:42:07,875 [INFO] [Iter 49] LR: 0.10000000
2025-07-21 05:42:07,876 [INFO] Saving best model at iteration 49
2025-07-21 05:42:08,056 [INFO] H: 600, W: 166
2025-07-21 05:42:08,161 [INFO] [0 1 2 3 4 5]
2025-07-21 05:42:08,259 [INFO] y_target: [1 2 3 4 5 6]
2025-07-21 05:42:08,260 [INFO] y_predict: [0 1 2 3 4 5]
2025-07-21 05:42:08,348 [INFO] Epoch = 50 OA = 0.7938 Kappa = 0.7377 NMI = 0.7606
2025-07-21 05:42:08,824 [INFO] [50/300] loss 1914.79 | compact 14.3738 | spectral 17.2494 | recons_loss: 0.134424 | sparse_loss: 1.03201 | 
2025-07-21 05:42:08,825 [INFO] [Iter 50] LR: 0.10000000
2025-07-21 05:42:08,826 [INFO] Saving best model at iteration 50
2025-07-21 05:42:09,423 [INFO] [51/300] loss 1914.21 | compact 14.3783 | spectral 17.2516 | recons_loss: 0.133707 | sparse_loss: 1.03192 | 
2025-07-21 05:42:09,423 [INFO] [Iter 51] LR: 0.10000000
2025-07-21 05:42:09,425 [INFO] Saving best model at iteration 51
2025-07-21 05:42:10,035 [INFO] [52/300] loss 1913.64 | compact 14.3821 | spectral 17.2538 | recons_loss: 0.133018 | sparse_loss: 1.03184 | 
2025-07-21 05:42:10,035 [INFO] [Iter 52] LR: 0.10000000
2025-07-21 05:42:10,037 [INFO] Saving best model at iteration 52
2025-07-21 05:42:10,644 [INFO] [53/300] loss 1913.11 | compact 14.3856 | spectral 17.2554 | recons_loss: 0.132355 | sparse_loss: 1.03176 | 
2025-07-21 05:42:10,644 [INFO] [Iter 53] LR: 0.10000000
2025-07-21 05:42:10,645 [INFO] Saving best model at iteration 53
2025-07-21 05:42:11,242 [INFO] [54/300] loss 1912.59 | compact 14.3884 | spectral 17.2564 | recons_loss: 0.131713 | sparse_loss: 1.0317 | 
2025-07-21 05:42:11,242 [INFO] [Iter 54] LR: 0.10000000
2025-07-21 05:42:11,243 [INFO] Saving best model at iteration 54
2025-07-21 05:42:11,848 [INFO] [55/300] loss 1912.09 | compact 14.3918 | spectral 17.2553 | recons_loss: 0.131095 | sparse_loss: 1.03163 | 
2025-07-21 05:42:11,849 [INFO] [Iter 55] LR: 0.10000000
2025-07-21 05:42:11,850 [INFO] Saving best model at iteration 55
2025-07-21 05:42:12,448 [INFO] [56/300] loss 1911.6 | compact 14.3953 | spectral 17.2544 | recons_loss: 0.130498 | sparse_loss: 1.03157 | 
2025-07-21 05:42:12,449 [INFO] [Iter 56] LR: 0.10000000
2025-07-21 05:42:12,451 [INFO] Saving best model at iteration 56
2025-07-21 05:42:13,049 [INFO] [57/300] loss 1911.13 | compact 14.3988 | spectral 17.2532 | recons_loss: 0.129917 | sparse_loss: 1.0315 | 
2025-07-21 05:42:13,049 [INFO] [Iter 57] LR: 0.10000000
2025-07-21 05:42:13,050 [INFO] Saving best model at iteration 57
2025-07-21 05:42:13,651 [INFO] [58/300] loss 1910.7 | compact 14.4077 | spectral 17.2556 | recons_loss: 0.129365 | sparse_loss: 1.03145 | 
2025-07-21 05:42:13,651 [INFO] [Iter 58] LR: 0.10000000
2025-07-21 05:42:13,652 [INFO] Saving best model at iteration 58
2025-07-21 05:42:14,257 [INFO] [59/300] loss 1910.3 | compact 14.4163 | spectral 17.2647 | recons_loss: 0.128844 | sparse_loss: 1.0314 | 
2025-07-21 05:42:14,258 [INFO] [Iter 59] LR: 0.10000000
2025-07-21 05:42:14,260 [INFO] Saving best model at iteration 59
2025-07-21 05:42:14,858 [INFO] [60/300] loss 1909.89 | compact 14.4235 | spectral 17.264 | recons_loss: 0.128318 | sparse_loss: 1.03136 | 
2025-07-21 05:42:14,859 [INFO] [Iter 60] LR: 0.10000000
2025-07-21 05:42:14,860 [INFO] Saving best model at iteration 60
2025-07-21 05:42:15,467 [INFO] [61/300] loss 1909.51 | compact 14.4305 | spectral 17.265 | recons_loss: 0.127809 | sparse_loss: 1.03132 | 
2025-07-21 05:42:15,467 [INFO] [Iter 61] LR: 0.10000000
2025-07-21 05:42:15,468 [INFO] Saving best model at iteration 61
2025-07-21 05:42:16,066 [INFO] [62/300] loss 1909.13 | compact 14.4354 | spectral 17.2636 | recons_loss: 0.127314 | sparse_loss: 1.03128 | 
2025-07-21 05:42:16,066 [INFO] [Iter 62] LR: 0.10000000
2025-07-21 05:42:16,067 [INFO] Saving best model at iteration 62
2025-07-21 05:42:16,665 [INFO] [63/300] loss 1908.78 | compact 14.4393 | spectral 17.2629 | recons_loss: 0.126845 | sparse_loss: 1.03123 | 
2025-07-21 05:42:16,665 [INFO] [Iter 63] LR: 0.10000000
2025-07-21 05:42:16,667 [INFO] Saving best model at iteration 63
2025-07-21 05:42:17,283 [INFO] [64/300] loss 1908.43 | compact 14.4432 | spectral 17.2611 | recons_loss: 0.12639 | sparse_loss: 1.03118 | 
2025-07-21 05:42:17,283 [INFO] [Iter 64] LR: 0.10000000
2025-07-21 05:42:17,284 [INFO] Saving best model at iteration 64
2025-07-21 05:42:17,881 [INFO] [65/300] loss 1908.09 | compact 14.4465 | spectral 17.2613 | recons_loss: 0.125952 | sparse_loss: 1.03113 | 
2025-07-21 05:42:17,882 [INFO] [Iter 65] LR: 0.10000000
2025-07-21 05:42:17,883 [INFO] Saving best model at iteration 65
2025-07-21 05:42:18,481 [INFO] [66/300] loss 1907.78 | compact 14.4512 | spectral 17.2608 | recons_loss: 0.125525 | sparse_loss: 1.03109 | 
2025-07-21 05:42:18,481 [INFO] [Iter 66] LR: 0.10000000
2025-07-21 05:42:18,482 [INFO] Saving best model at iteration 66
2025-07-21 05:42:19,080 [INFO] [67/300] loss 1907.48 | compact 14.455 | spectral 17.2641 | recons_loss: 0.125115 | sparse_loss: 1.03104 | 
2025-07-21 05:42:19,080 [INFO] [Iter 67] LR: 0.10000000
2025-07-21 05:42:19,081 [INFO] Saving best model at iteration 67
2025-07-21 05:42:19,682 [INFO] [68/300] loss 1907.19 | compact 14.4581 | spectral 17.2663 | recons_loss: 0.124722 | sparse_loss: 1.03101 | 
2025-07-21 05:42:19,682 [INFO] [Iter 68] LR: 0.10000000
2025-07-21 05:42:19,683 [INFO] Saving best model at iteration 68
2025-07-21 05:42:20,280 [INFO] [69/300] loss 1906.9 | compact 14.4608 | spectral 17.2684 | recons_loss: 0.124353 | sparse_loss: 1.03096 | 
2025-07-21 05:42:20,281 [INFO] [Iter 69] LR: 0.10000000
2025-07-21 05:42:20,283 [INFO] Saving best model at iteration 69
2025-07-21 05:42:20,880 [INFO] [70/300] loss 1906.62 | compact 14.4641 | spectral 17.2704 | recons_loss: 0.123995 | sparse_loss: 1.03092 | 
2025-07-21 05:42:20,881 [INFO] [Iter 70] LR: 0.10000000
2025-07-21 05:42:20,882 [INFO] Saving best model at iteration 70
2025-07-21 05:42:21,494 [INFO] [71/300] loss 1906.35 | compact 14.4691 | spectral 17.2712 | recons_loss: 0.123649 | sparse_loss: 1.03088 | 
2025-07-21 05:42:21,495 [INFO] [Iter 71] LR: 0.10000000
2025-07-21 05:42:21,496 [INFO] Saving best model at iteration 71
2025-07-21 05:42:22,093 [INFO] [72/300] loss 1906.09 | compact 14.4728 | spectral 17.2723 | recons_loss: 0.123317 | sparse_loss: 1.03084 | 
2025-07-21 05:42:22,093 [INFO] [Iter 72] LR: 0.10000000
2025-07-21 05:42:22,094 [INFO] Saving best model at iteration 72
2025-07-21 05:42:22,692 [INFO] [73/300] loss 1905.82 | compact 14.4764 | spectral 17.2742 | recons_loss: 0.122998 | sparse_loss: 1.0308 | 
2025-07-21 05:42:22,692 [INFO] [Iter 73] LR: 0.10000000
2025-07-21 05:42:22,693 [INFO] Saving best model at iteration 73
2025-07-21 05:42:23,295 [INFO] [74/300] loss 1905.57 | compact 14.4805 | spectral 17.2775 | recons_loss: 0.122692 | sparse_loss: 1.03074 | 
2025-07-21 05:42:23,295 [INFO] [Iter 74] LR: 0.10000000
2025-07-21 05:42:23,296 [INFO] Saving best model at iteration 74
2025-07-21 05:42:23,893 [INFO] [75/300] loss 1905.32 | compact 14.4848 | spectral 17.2797 | recons_loss: 0.122395 | sparse_loss: 1.03069 | 
2025-07-21 05:42:23,894 [INFO] [Iter 75] LR: 0.10000000
2025-07-21 05:42:23,895 [INFO] Saving best model at iteration 75
2025-07-21 05:42:24,493 [INFO] [76/300] loss 1905.08 | compact 14.4883 | spectral 17.2796 | recons_loss: 0.122106 | sparse_loss: 1.03065 | 
2025-07-21 05:42:24,493 [INFO] [Iter 76] LR: 0.10000000
2025-07-21 05:42:24,495 [INFO] Saving best model at iteration 76
2025-07-21 05:42:25,096 [INFO] [77/300] loss 1904.83 | compact 14.4913 | spectral 17.276 | recons_loss: 0.121818 | sparse_loss: 1.03061 | 
2025-07-21 05:42:25,096 [INFO] [Iter 77] LR: 0.10000000
2025-07-21 05:42:25,098 [INFO] Saving best model at iteration 77
2025-07-21 05:42:25,722 [INFO] [78/300] loss 1904.6 | compact 14.4948 | spectral 17.2737 | recons_loss: 0.121545 | sparse_loss: 1.03058 | 
2025-07-21 05:42:25,723 [INFO] [Iter 78] LR: 0.10000000
2025-07-21 05:42:25,724 [INFO] Saving best model at iteration 78
2025-07-21 05:42:26,320 [INFO] [79/300] loss 1904.37 | compact 14.4989 | spectral 17.2712 | recons_loss: 0.121286 | sparse_loss: 1.03054 | 
2025-07-21 05:42:26,321 [INFO] [Iter 79] LR: 0.10000000
2025-07-21 05:42:26,322 [INFO] Saving best model at iteration 79
2025-07-21 05:42:26,919 [INFO] [80/300] loss 1904.16 | compact 14.5024 | spectral 17.2699 | recons_loss: 0.121034 | sparse_loss: 1.03051 | 
2025-07-21 05:42:26,920 [INFO] [Iter 80] LR: 0.10000000
2025-07-21 05:42:26,921 [INFO] Saving best model at iteration 80
2025-07-21 05:42:27,518 [INFO] [81/300] loss 1903.93 | compact 14.5063 | spectral 17.2685 | recons_loss: 0.120784 | sparse_loss: 1.03048 | 
2025-07-21 05:42:27,518 [INFO] [Iter 81] LR: 0.10000000
2025-07-21 05:42:27,519 [INFO] Saving best model at iteration 81
2025-07-21 05:42:28,116 [INFO] [82/300] loss 1903.72 | compact 14.5099 | spectral 17.2667 | recons_loss: 0.120539 | sparse_loss: 1.03045 | 
2025-07-21 05:42:28,117 [INFO] [Iter 82] LR: 0.10000000
2025-07-21 05:42:28,118 [INFO] Saving best model at iteration 82
2025-07-21 05:42:28,723 [INFO] [83/300] loss 1903.5 | compact 14.5132 | spectral 17.2647 | recons_loss: 0.1203 | sparse_loss: 1.03042 | 
2025-07-21 05:42:28,723 [INFO] [Iter 83] LR: 0.10000000
2025-07-21 05:42:28,724 [INFO] Saving best model at iteration 83
2025-07-21 05:42:29,322 [INFO] [84/300] loss 1903.29 | compact 14.5161 | spectral 17.2633 | recons_loss: 0.120075 | sparse_loss: 1.03039 | 
2025-07-21 05:42:29,322 [INFO] [Iter 84] LR: 0.10000000
2025-07-21 05:42:29,323 [INFO] Saving best model at iteration 84
2025-07-21 05:42:29,920 [INFO] [85/300] loss 1903.09 | compact 14.5192 | spectral 17.2613 | recons_loss: 0.119853 | sparse_loss: 1.03035 | 
2025-07-21 05:42:29,921 [INFO] [Iter 85] LR: 0.10000000
2025-07-21 05:42:29,922 [INFO] Saving best model at iteration 85
2025-07-21 05:42:30,520 [INFO] [86/300] loss 1902.88 | compact 14.5228 | spectral 17.262 | recons_loss: 0.119631 | sparse_loss: 1.03032 | 
2025-07-21 05:42:30,520 [INFO] [Iter 86] LR: 0.10000000
2025-07-21 05:42:30,522 [INFO] Saving best model at iteration 86
2025-07-21 05:42:31,120 [INFO] [87/300] loss 1902.69 | compact 14.5273 | spectral 17.2613 | recons_loss: 0.119418 | sparse_loss: 1.03029 | 
2025-07-21 05:42:31,121 [INFO] [Iter 87] LR: 0.10000000
2025-07-21 05:42:31,123 [INFO] Saving best model at iteration 87
2025-07-21 05:42:31,723 [INFO] [88/300] loss 1902.5 | compact 14.5322 | spectral 17.2602 | recons_loss: 0.119211 | sparse_loss: 1.03026 | 
2025-07-21 05:42:31,723 [INFO] [Iter 88] LR: 0.10000000
2025-07-21 05:42:31,724 [INFO] Saving best model at iteration 88
2025-07-21 05:42:32,321 [INFO] [89/300] loss 1902.29 | compact 14.5362 | spectral 17.2596 | recons_loss: 0.119012 | sparse_loss: 1.03022 | 
2025-07-21 05:42:32,321 [INFO] [Iter 89] LR: 0.10000000
2025-07-21 05:42:32,322 [INFO] Saving best model at iteration 89
2025-07-21 05:42:32,919 [INFO] [90/300] loss 1902.1 | compact 14.5416 | spectral 17.2573 | recons_loss: 0.11882 | sparse_loss: 1.03018 | 
2025-07-21 05:42:32,920 [INFO] [Iter 90] LR: 0.10000000
2025-07-21 05:42:32,921 [INFO] Saving best model at iteration 90
2025-07-21 05:42:33,518 [INFO] [91/300] loss 1901.93 | compact 14.5489 | spectral 17.2555 | recons_loss: 0.118658 | sparse_loss: 1.03015 | 
2025-07-21 05:42:33,518 [INFO] [Iter 91] LR: 0.10000000
2025-07-21 05:42:33,520 [INFO] Saving best model at iteration 91
2025-07-21 05:42:34,127 [INFO] [92/300] loss 1901.79 | compact 14.5551 | spectral 17.2529 | recons_loss: 0.118494 | sparse_loss: 1.03013 | 
2025-07-21 05:42:34,127 [INFO] [Iter 92] LR: 0.05000000
2025-07-21 05:42:34,128 [INFO] Saving best model at iteration 92
2025-07-21 05:42:34,725 [INFO] [93/300] loss 1901.64 | compact 14.5611 | spectral 17.2502 | recons_loss: 0.118332 | sparse_loss: 1.0301 | 
2025-07-21 05:42:34,726 [INFO] [Iter 93] LR: 0.05000000
2025-07-21 05:42:34,727 [INFO] Saving best model at iteration 93
2025-07-21 05:42:35,324 [INFO] [94/300] loss 1901.49 | compact 14.5675 | spectral 17.2476 | recons_loss: 0.11818 | sparse_loss: 1.03007 | 
2025-07-21 05:42:35,324 [INFO] [Iter 94] LR: 0.05000000
2025-07-21 05:42:35,325 [INFO] Saving best model at iteration 94
2025-07-21 05:42:35,922 [INFO] [95/300] loss 1901.34 | compact 14.5746 | spectral 17.2439 | recons_loss: 0.118035 | sparse_loss: 1.03004 | 
2025-07-21 05:42:35,922 [INFO] [Iter 95] LR: 0.05000000
2025-07-21 05:42:35,923 [INFO] Saving best model at iteration 95
2025-07-21 05:42:36,529 [INFO] [96/300] loss 1901.19 | compact 14.5807 | spectral 17.2406 | recons_loss: 0.117898 | sparse_loss: 1.03001 | 
2025-07-21 05:42:36,529 [INFO] [Iter 96] LR: 0.05000000
2025-07-21 05:42:36,531 [INFO] Saving best model at iteration 96
2025-07-21 05:42:37,128 [INFO] [97/300] loss 1901.05 | compact 14.5861 | spectral 17.2377 | recons_loss: 0.117767 | sparse_loss: 1.02997 | 
2025-07-21 05:42:37,128 [INFO] [Iter 97] LR: 0.05000000
2025-07-21 05:42:37,129 [INFO] Saving best model at iteration 97
2025-07-21 05:42:37,726 [INFO] [98/300] loss 1900.9 | compact 14.5917 | spectral 17.2339 | recons_loss: 0.117643 | sparse_loss: 1.02994 | 
2025-07-21 05:42:37,727 [INFO] [Iter 98] LR: 0.05000000
2025-07-21 05:42:37,728 [INFO] Saving best model at iteration 98
2025-07-21 05:42:38,325 [INFO] [99/300] loss 1900.76 | compact 14.5975 | spectral 17.2299 | recons_loss: 0.117523 | sparse_loss: 1.02991 | 
2025-07-21 05:42:38,325 [INFO] [Iter 99] LR: 0.05000000
2025-07-21 05:42:38,327 [INFO] Saving best model at iteration 99
2025-07-21 05:42:38,533 [INFO] H: 600, W: 166
2025-07-21 05:42:38,628 [INFO] [0 1 2 3 4 5]
2025-07-21 05:42:38,925 [INFO] y_target: [1 2 3 4 5 6]
2025-07-21 05:42:38,925 [INFO] y_predict: [0 1 2 3 4 5]
2025-07-21 05:42:39,011 [INFO] Epoch = 100 OA = 0.9046 Kappa = 0.8727 NMI = 0.8338
2025-07-21 05:42:39,487 [INFO] [100/300] loss 1900.62 | compact 14.6033 | spectral 17.2262 | recons_loss: 0.117408 | sparse_loss: 1.02989 | 
2025-07-21 05:42:39,488 [INFO] [Iter 100] LR: 0.05000000
2025-07-21 05:42:39,489 [INFO] Saving best model at iteration 100
2025-07-21 05:42:40,085 [INFO] [101/300] loss 1900.48 | compact 14.6092 | spectral 17.222 | recons_loss: 0.117295 | sparse_loss: 1.02986 | 
2025-07-21 05:42:40,086 [INFO] [Iter 101] LR: 0.05000000
2025-07-21 05:42:40,087 [INFO] Saving best model at iteration 101
2025-07-21 05:42:40,684 [INFO] [102/300] loss 1900.34 | compact 14.6147 | spectral 17.2185 | recons_loss: 0.117191 | sparse_loss: 1.02984 | 
2025-07-21 05:42:40,684 [INFO] [Iter 102] LR: 0.05000000
2025-07-21 05:42:40,685 [INFO] Saving best model at iteration 102
2025-07-21 05:42:41,283 [INFO] [103/300] loss 1900.21 | compact 14.6199 | spectral 17.2164 | recons_loss: 0.117094 | sparse_loss: 1.02981 | 
2025-07-21 05:42:41,283 [INFO] [Iter 103] LR: 0.05000000
2025-07-21 05:42:41,284 [INFO] Saving best model at iteration 103
2025-07-21 05:42:41,881 [INFO] [104/300] loss 1900.08 | compact 14.6253 | spectral 17.2135 | recons_loss: 0.117001 | sparse_loss: 1.02979 | 
2025-07-21 05:42:41,881 [INFO] [Iter 104] LR: 0.05000000
2025-07-21 05:42:41,883 [INFO] Saving best model at iteration 104
2025-07-21 05:42:42,480 [INFO] [105/300] loss 1899.96 | compact 14.6305 | spectral 17.2102 | recons_loss: 0.116914 | sparse_loss: 1.02977 | 
2025-07-21 05:42:42,480 [INFO] [Iter 105] LR: 0.05000000
2025-07-21 05:42:42,481 [INFO] Saving best model at iteration 105
2025-07-21 05:42:43,078 [INFO] [106/300] loss 1899.83 | compact 14.6357 | spectral 17.2047 | recons_loss: 0.116838 | sparse_loss: 1.02975 | 
2025-07-21 05:42:43,078 [INFO] [Iter 106] LR: 0.05000000
2025-07-21 05:42:43,079 [INFO] Saving best model at iteration 106
2025-07-21 05:42:43,676 [INFO] [107/300] loss 1899.71 | compact 14.6405 | spectral 17.1973 | recons_loss: 0.116767 | sparse_loss: 1.02973 | 
2025-07-21 05:42:43,677 [INFO] [Iter 107] LR: 0.05000000
2025-07-21 05:42:43,678 [INFO] Saving best model at iteration 107
2025-07-21 05:42:44,275 [INFO] [108/300] loss 1899.59 | compact 14.6456 | spectral 17.1902 | recons_loss: 0.116701 | sparse_loss: 1.02972 | 
2025-07-21 05:42:44,275 [INFO] [Iter 108] LR: 0.05000000
2025-07-21 05:42:44,277 [INFO] Saving best model at iteration 108
2025-07-21 05:42:44,873 [INFO] [109/300] loss 1899.48 | compact 14.6498 | spectral 17.1843 | recons_loss: 0.116634 | sparse_loss: 1.02971 | 
2025-07-21 05:42:44,874 [INFO] [Iter 109] LR: 0.05000000
2025-07-21 05:42:44,875 [INFO] Saving best model at iteration 109
2025-07-21 05:42:45,479 [INFO] [110/300] loss 1899.37 | compact 14.654 | spectral 17.1786 | recons_loss: 0.116569 | sparse_loss: 1.02969 | 
2025-07-21 05:42:45,480 [INFO] [Iter 110] LR: 0.05000000
2025-07-21 05:42:45,481 [INFO] Saving best model at iteration 110
2025-07-21 05:42:46,084 [INFO] [111/300] loss 1899.25 | compact 14.6572 | spectral 17.1738 | recons_loss: 0.116505 | sparse_loss: 1.02968 | 
2025-07-21 05:42:46,085 [INFO] [Iter 111] LR: 0.05000000
2025-07-21 05:42:46,087 [INFO] Saving best model at iteration 111
2025-07-21 05:42:46,687 [INFO] [112/300] loss 1899.14 | compact 14.6604 | spectral 17.17 | recons_loss: 0.116443 | sparse_loss: 1.02966 | 
2025-07-21 05:42:46,687 [INFO] [Iter 112] LR: 0.05000000
2025-07-21 05:42:46,688 [INFO] Saving best model at iteration 112
2025-07-21 05:42:47,285 [INFO] [113/300] loss 1899.03 | compact 14.6644 | spectral 17.1649 | recons_loss: 0.116378 | sparse_loss: 1.02964 | 
2025-07-21 05:42:47,285 [INFO] [Iter 113] LR: 0.05000000
2025-07-21 05:42:47,287 [INFO] Saving best model at iteration 113
2025-07-21 05:42:47,885 [INFO] [114/300] loss 1898.92 | compact 14.6678 | spectral 17.1614 | recons_loss: 0.116314 | sparse_loss: 1.02962 | 
2025-07-21 05:42:47,885 [INFO] [Iter 114] LR: 0.05000000
2025-07-21 05:42:47,887 [INFO] Saving best model at iteration 114
2025-07-21 05:42:48,497 [INFO] [115/300] loss 1898.82 | compact 14.6707 | spectral 17.1588 | recons_loss: 0.116249 | sparse_loss: 1.02961 | 
2025-07-21 05:42:48,497 [INFO] [Iter 115] LR: 0.05000000
2025-07-21 05:42:48,499 [INFO] Saving best model at iteration 115
2025-07-21 05:42:49,099 [INFO] [116/300] loss 1898.71 | compact 14.6726 | spectral 17.1575 | recons_loss: 0.116185 | sparse_loss: 1.02959 | 
2025-07-21 05:42:49,099 [INFO] [Iter 116] LR: 0.05000000
2025-07-21 05:42:49,100 [INFO] Saving best model at iteration 116
2025-07-21 05:42:49,698 [INFO] [117/300] loss 1898.6 | compact 14.6743 | spectral 17.1562 | recons_loss: 0.116117 | sparse_loss: 1.02958 | 
2025-07-21 05:42:49,699 [INFO] [Iter 117] LR: 0.05000000
2025-07-21 05:42:49,700 [INFO] Saving best model at iteration 117
2025-07-21 05:42:50,297 [INFO] [118/300] loss 1898.49 | compact 14.6755 | spectral 17.1553 | recons_loss: 0.116049 | sparse_loss: 1.02957 | 
2025-07-21 05:42:50,297 [INFO] [Iter 118] LR: 0.05000000
2025-07-21 05:42:50,299 [INFO] Saving best model at iteration 118
2025-07-21 05:42:50,896 [INFO] [119/300] loss 1898.39 | compact 14.6764 | spectral 17.1549 | recons_loss: 0.115982 | sparse_loss: 1.02955 | 
2025-07-21 05:42:50,896 [INFO] [Iter 119] LR: 0.05000000
2025-07-21 05:42:50,898 [INFO] Saving best model at iteration 119
2025-07-21 05:42:51,497 [INFO] [120/300] loss 1898.28 | compact 14.6775 | spectral 17.1541 | recons_loss: 0.115914 | sparse_loss: 1.02954 | 
2025-07-21 05:42:51,498 [INFO] [Iter 120] LR: 0.05000000
2025-07-21 05:42:51,499 [INFO] Saving best model at iteration 120
2025-07-21 05:42:52,097 [INFO] [121/300] loss 1898.18 | compact 14.6795 | spectral 17.1518 | recons_loss: 0.11585 | sparse_loss: 1.02952 | 
2025-07-21 05:42:52,097 [INFO] [Iter 121] LR: 0.05000000
2025-07-21 05:42:52,099 [INFO] Saving best model at iteration 121
2025-07-21 05:42:52,716 [INFO] [122/300] loss 1898.07 | compact 14.6808 | spectral 17.1505 | recons_loss: 0.115783 | sparse_loss: 1.0295 | 
2025-07-21 05:42:52,717 [INFO] [Iter 122] LR: 0.05000000
2025-07-21 05:42:52,719 [INFO] Saving best model at iteration 122
2025-07-21 05:42:53,323 [INFO] [123/300] loss 1897.97 | compact 14.6822 | spectral 17.1492 | recons_loss: 0.115715 | sparse_loss: 1.02948 | 
2025-07-21 05:42:53,324 [INFO] [Iter 123] LR: 0.05000000
2025-07-21 05:42:53,326 [INFO] Saving best model at iteration 123
2025-07-21 05:42:53,925 [INFO] [124/300] loss 1897.87 | compact 14.6835 | spectral 17.1475 | recons_loss: 0.115645 | sparse_loss: 1.02946 | 
2025-07-21 05:42:53,925 [INFO] [Iter 124] LR: 0.05000000
2025-07-21 05:42:53,928 [INFO] Saving best model at iteration 124
2025-07-21 05:42:54,548 [INFO] [125/300] loss 1897.78 | compact 14.6851 | spectral 17.1457 | recons_loss: 0.115574 | sparse_loss: 1.02945 | 
2025-07-21 05:42:54,548 [INFO] [Iter 125] LR: 0.02500000
2025-07-21 05:42:54,549 [INFO] Saving best model at iteration 125
2025-07-21 05:42:55,147 [INFO] [126/300] loss 1897.68 | compact 14.6866 | spectral 17.1436 | recons_loss: 0.115505 | sparse_loss: 1.02944 | 
2025-07-21 05:42:55,147 [INFO] [Iter 126] LR: 0.02500000
2025-07-21 05:42:55,148 [INFO] Saving best model at iteration 126
2025-07-21 05:42:55,746 [INFO] [127/300] loss 1897.59 | compact 14.6885 | spectral 17.1409 | recons_loss: 0.115438 | sparse_loss: 1.02943 | 
2025-07-21 05:42:55,746 [INFO] [Iter 127] LR: 0.02500000
2025-07-21 05:42:55,747 [INFO] Saving best model at iteration 127
2025-07-21 05:42:56,344 [INFO] [128/300] loss 1897.5 | compact 14.6897 | spectral 17.1404 | recons_loss: 0.115374 | sparse_loss: 1.02941 | 
2025-07-21 05:42:56,345 [INFO] [Iter 128] LR: 0.02500000
2025-07-21 05:42:56,347 [INFO] Saving best model at iteration 128
2025-07-21 05:42:56,948 [INFO] [129/300] loss 1897.41 | compact 14.6915 | spectral 17.1386 | recons_loss: 0.115313 | sparse_loss: 1.0294 | 
2025-07-21 05:42:56,948 [INFO] [Iter 129] LR: 0.02500000
2025-07-21 05:42:56,950 [INFO] Saving best model at iteration 129
2025-07-21 05:42:57,547 [INFO] [130/300] loss 1897.33 | compact 14.6932 | spectral 17.1382 | recons_loss: 0.11525 | sparse_loss: 1.02939 | 
2025-07-21 05:42:57,548 [INFO] [Iter 130] LR: 0.02500000
2025-07-21 05:42:57,549 [INFO] Saving best model at iteration 130
2025-07-21 05:42:58,146 [INFO] [131/300] loss 1897.25 | compact 14.6945 | spectral 17.1382 | recons_loss: 0.115191 | sparse_loss: 1.02937 | 
2025-07-21 05:42:58,146 [INFO] [Iter 131] LR: 0.02500000
2025-07-21 05:42:58,147 [INFO] Saving best model at iteration 131
2025-07-21 05:42:58,744 [INFO] [132/300] loss 1897.17 | compact 14.6958 | spectral 17.1383 | recons_loss: 0.115136 | sparse_loss: 1.02935 | 
2025-07-21 05:42:58,744 [INFO] [Iter 132] LR: 0.01250000
2025-07-21 05:42:58,745 [INFO] Saving best model at iteration 132
2025-07-21 05:42:59,342 [INFO] [133/300] loss 1897.09 | compact 14.697 | spectral 17.1383 | recons_loss: 0.115085 | sparse_loss: 1.02934 | 
2025-07-21 05:42:59,343 [INFO] [Iter 133] LR: 0.01250000
2025-07-21 05:42:59,344 [INFO] Saving best model at iteration 133
2025-07-21 05:42:59,940 [INFO] [134/300] loss 1897.02 | compact 14.698 | spectral 17.1385 | recons_loss: 0.115038 | sparse_loss: 1.02932 | 
2025-07-21 05:42:59,941 [INFO] [Iter 134] LR: 0.01250000
2025-07-21 05:42:59,942 [INFO] Saving best model at iteration 134
2025-07-21 05:43:00,550 [INFO] [135/300] loss 1896.95 | compact 14.699 | spectral 17.1383 | recons_loss: 0.114993 | sparse_loss: 1.02931 | 
2025-07-21 05:43:00,550 [INFO] [Iter 135] LR: 0.01250000
2025-07-21 05:43:00,551 [INFO] Saving best model at iteration 135
2025-07-21 05:43:01,149 [INFO] [136/300] loss 1896.89 | compact 14.6998 | spectral 17.1382 | recons_loss: 0.11495 | sparse_loss: 1.0293 | 
2025-07-21 05:43:01,149 [INFO] [Iter 136] LR: 0.00625000
2025-07-21 05:43:01,150 [INFO] Saving best model at iteration 136
2025-07-21 05:43:01,747 [INFO] [137/300] loss 1896.82 | compact 14.7007 | spectral 17.1374 | recons_loss: 0.114911 | sparse_loss: 1.02928 | 
2025-07-21 05:43:01,747 [INFO] [Iter 137] LR: 0.00625000
2025-07-21 05:43:01,748 [INFO] Saving best model at iteration 137
2025-07-21 05:43:02,346 [INFO] [138/300] loss 1896.77 | compact 14.7015 | spectral 17.1365 | recons_loss: 0.114875 | sparse_loss: 1.02927 | 
2025-07-21 05:43:02,347 [INFO] [Iter 138] LR: 0.00625000
2025-07-21 05:43:02,349 [INFO] Saving best model at iteration 138
2025-07-21 05:43:02,948 [INFO] [139/300] loss 1896.71 | compact 14.7022 | spectral 17.1357 | recons_loss: 0.114843 | sparse_loss: 1.02926 | 
2025-07-21 05:43:02,948 [INFO] [Iter 139] LR: 0.00312500
2025-07-21 05:43:02,949 [INFO] Saving best model at iteration 139
2025-07-21 05:43:03,547 [INFO] [140/300] loss 1896.66 | compact 14.7028 | spectral 17.1354 | recons_loss: 0.114812 | sparse_loss: 1.02925 | 
2025-07-21 05:43:03,548 [INFO] [Iter 140] LR: 0.00312500
2025-07-21 05:43:03,549 [INFO] Saving best model at iteration 140
2025-07-21 05:43:04,147 [INFO] [141/300] loss 1896.62 | compact 14.7033 | spectral 17.1353 | recons_loss: 0.114784 | sparse_loss: 1.02924 | 
2025-07-21 05:43:04,147 [INFO] [Iter 141] LR: 0.00312500
2025-07-21 05:43:04,148 [INFO] Saving best model at iteration 141
2025-07-21 05:43:04,745 [INFO] [142/300] loss 1896.57 | compact 14.7037 | spectral 17.1351 | recons_loss: 0.114759 | sparse_loss: 1.02924 | 
2025-07-21 05:43:04,745 [INFO] [Iter 142] LR: 0.00312500
2025-07-21 05:43:04,746 [INFO] Saving best model at iteration 142
2025-07-21 05:43:05,350 [INFO] [143/300] loss 1896.54 | compact 14.7042 | spectral 17.135 | recons_loss: 0.114736 | sparse_loss: 1.02923 | 
2025-07-21 05:43:05,350 [INFO] [Iter 143] LR: 0.00156250
2025-07-21 05:43:05,351 [INFO] Saving best model at iteration 143
2025-07-21 05:43:05,951 [INFO] [144/300] loss 1896.5 | compact 14.7045 | spectral 17.1351 | recons_loss: 0.114715 | sparse_loss: 1.02922 | 
2025-07-21 05:43:05,952 [INFO] [Iter 144] LR: 0.00156250
2025-07-21 05:43:05,953 [INFO] Saving best model at iteration 144
2025-07-21 05:43:06,549 [INFO] [145/300] loss 1896.47 | compact 14.7049 | spectral 17.1351 | recons_loss: 0.114696 | sparse_loss: 1.02922 | 
2025-07-21 05:43:06,550 [INFO] [Iter 145] LR: 0.00156250
2025-07-21 05:43:06,551 [INFO] Saving best model at iteration 145
2025-07-21 05:43:07,148 [INFO] [146/300] loss 1896.44 | compact 14.7052 | spectral 17.1352 | recons_loss: 0.114679 | sparse_loss: 1.02921 | 
2025-07-21 05:43:07,148 [INFO] [Iter 146] LR: 0.00078125
2025-07-21 05:43:07,149 [INFO] Saving best model at iteration 146
2025-07-21 05:43:07,763 [INFO] [147/300] loss 1896.41 | compact 14.7055 | spectral 17.1354 | recons_loss: 0.114665 | sparse_loss: 1.0292 | 
2025-07-21 05:43:07,763 [INFO] [Iter 147] LR: 0.00078125
2025-07-21 05:43:07,764 [INFO] Saving best model at iteration 147
2025-07-21 05:43:08,371 [INFO] [148/300] loss 1896.39 | compact 14.7059 | spectral 17.1357 | recons_loss: 0.114652 | sparse_loss: 1.0292 | 
2025-07-21 05:43:08,371 [INFO] [Iter 148] LR: 0.00078125
2025-07-21 05:43:08,373 [INFO] Saving best model at iteration 148
2025-07-21 05:43:08,971 [INFO] [149/300] loss 1896.36 | compact 14.7062 | spectral 17.1359 | recons_loss: 0.114639 | sparse_loss: 1.02919 | 
2025-07-21 05:43:08,971 [INFO] [Iter 149] LR: 0.00039063
2025-07-21 05:43:08,972 [INFO] Saving best model at iteration 149
2025-07-21 05:43:09,164 [INFO] H: 600, W: 166
2025-07-21 05:43:09,266 [INFO] [0 1 2 3 4 5]
2025-07-21 05:43:09,358 [INFO] y_target: [1 2 3 4 5 6]
2025-07-21 05:43:09,359 [INFO] y_predict: [0 1 2 3 4 5]
2025-07-21 05:43:09,447 [INFO] Epoch = 150 OA = 0.9047 Kappa = 0.8729 NMI = 0.8340
2025-07-21 05:43:09,923 [INFO] [150/300] loss 1896.34 | compact 14.7065 | spectral 17.1362 | recons_loss: 0.114628 | sparse_loss: 1.02919 | 
2025-07-21 05:43:09,924 [INFO] [Iter 150] LR: 0.00039063
2025-07-21 05:43:09,926 [INFO] Saving best model at iteration 150
2025-07-21 05:43:10,525 [INFO] [151/300] loss 1896.33 | compact 14.7068 | spectral 17.1364 | recons_loss: 0.114619 | sparse_loss: 1.02919 | 
2025-07-21 05:43:10,525 [INFO] [Iter 151] LR: 0.00039063
2025-07-21 05:43:10,526 [INFO] Saving best model at iteration 151
2025-07-21 05:43:11,135 [INFO] [152/300] loss 1896.31 | compact 14.707 | spectral 17.1366 | recons_loss: 0.11461 | sparse_loss: 1.02918 | 
2025-07-21 05:43:11,135 [INFO] [Iter 152] LR: 0.00019531
2025-07-21 05:43:11,136 [INFO] Saving best model at iteration 152
2025-07-21 05:43:11,747 [INFO] [153/300] loss 1896.29 | compact 14.7072 | spectral 17.1368 | recons_loss: 0.114602 | sparse_loss: 1.02918 | 
2025-07-21 05:43:11,747 [INFO] [Iter 153] LR: 0.00019531
2025-07-21 05:43:11,748 [INFO] Saving best model at iteration 153
2025-07-21 05:43:12,360 [INFO] [154/300] loss 1896.28 | compact 14.7074 | spectral 17.1369 | recons_loss: 0.114594 | sparse_loss: 1.02918 | 
2025-07-21 05:43:12,361 [INFO] [Iter 154] LR: 0.00019531
2025-07-21 05:43:12,362 [INFO] Saving best model at iteration 154
2025-07-21 05:43:12,959 [INFO] [155/300] loss 1896.27 | compact 14.7076 | spectral 17.1371 | recons_loss: 0.114588 | sparse_loss: 1.02917 | 
2025-07-21 05:43:12,960 [INFO] [Iter 155] LR: 0.00009766
2025-07-21 05:43:12,961 [INFO] Saving best model at iteration 155
2025-07-21 05:43:13,558 [INFO] [156/300] loss 1896.26 | compact 14.7078 | spectral 17.1372 | recons_loss: 0.114582 | sparse_loss: 1.02917 | 
2025-07-21 05:43:13,558 [INFO] [Iter 156] LR: 0.00009766
2025-07-21 05:43:13,559 [INFO] Saving best model at iteration 156
2025-07-21 05:43:14,157 [INFO] [157/300] loss 1896.25 | compact 14.7079 | spectral 17.1373 | recons_loss: 0.114576 | sparse_loss: 1.02917 | 
2025-07-21 05:43:14,157 [INFO] [Iter 157] LR: 0.00009766
2025-07-21 05:43:14,158 [INFO] Saving best model at iteration 157
2025-07-21 05:43:14,755 [INFO] [158/300] loss 1896.24 | compact 14.7081 | spectral 17.1375 | recons_loss: 0.114572 | sparse_loss: 1.02917 | 
2025-07-21 05:43:14,756 [INFO] [Iter 158] LR: 0.00004883
2025-07-21 05:43:14,757 [INFO] Saving best model at iteration 158
2025-07-21 05:43:15,354 [INFO] [159/300] loss 1896.23 | compact 14.7082 | spectral 17.1376 | recons_loss: 0.114567 | sparse_loss: 1.02916 | 
2025-07-21 05:43:15,355 [INFO] [Iter 159] LR: 0.00004883
2025-07-21 05:43:15,356 [INFO] Saving best model at iteration 159
2025-07-21 05:43:15,957 [INFO] [160/300] loss 1896.22 | compact 14.7083 | spectral 17.1376 | recons_loss: 0.114563 | sparse_loss: 1.02916 | 
2025-07-21 05:43:15,957 [INFO] [Iter 160] LR: 0.00004883
2025-07-21 05:43:15,960 [INFO] Saving best model at iteration 160
2025-07-21 05:43:16,559 [INFO] [161/300] loss 1896.22 | compact 14.7084 | spectral 17.1377 | recons_loss: 0.11456 | sparse_loss: 1.02916 | 
2025-07-21 05:43:16,560 [INFO] [Iter 161] LR: 0.00002441
2025-07-21 05:43:16,561 [INFO] Saving best model at iteration 161
2025-07-21 05:43:17,158 [INFO] [162/300] loss 1896.21 | compact 14.7085 | spectral 17.1378 | recons_loss: 0.114557 | sparse_loss: 1.02916 | 
2025-07-21 05:43:17,158 [INFO] [Iter 162] LR: 0.00002441
2025-07-21 05:43:17,159 [INFO] Saving best model at iteration 162
2025-07-21 05:43:17,756 [INFO] [163/300] loss 1896.2 | compact 14.7085 | spectral 17.1379 | recons_loss: 0.114554 | sparse_loss: 1.02916 | 
2025-07-21 05:43:17,757 [INFO] [Iter 163] LR: 0.00002441
2025-07-21 05:43:17,758 [INFO] Saving best model at iteration 163
2025-07-21 05:43:18,357 [INFO] [164/300] loss 1896.2 | compact 14.7086 | spectral 17.1379 | recons_loss: 0.114551 | sparse_loss: 1.02916 | 
2025-07-21 05:43:18,357 [INFO] [Iter 164] LR: 0.00001221
2025-07-21 05:43:18,358 [INFO] Saving best model at iteration 164
2025-07-21 05:43:18,956 [INFO] [165/300] loss 1896.19 | compact 14.7087 | spectral 17.138 | recons_loss: 0.114549 | sparse_loss: 1.02916 | 
2025-07-21 05:43:18,956 [INFO] [Iter 165] LR: 0.00001221
2025-07-21 05:43:18,957 [INFO] Saving best model at iteration 165
2025-07-21 05:43:19,554 [INFO] [166/300] loss 1896.19 | compact 14.7087 | spectral 17.138 | recons_loss: 0.114547 | sparse_loss: 1.02916 | 
2025-07-21 05:43:19,554 [INFO] [Iter 166] LR: 0.00001221
2025-07-21 05:43:19,556 [INFO] Saving best model at iteration 166
2025-07-21 05:43:20,153 [INFO] [167/300] loss 1896.19 | compact 14.7088 | spectral 17.1381 | recons_loss: 0.114545 | sparse_loss: 1.02915 | 
2025-07-21 05:43:20,153 [INFO] [Iter 167] LR: 0.00000610
2025-07-21 05:43:20,154 [INFO] Saving best model at iteration 167
2025-07-21 05:43:20,751 [INFO] [168/300] loss 1896.18 | compact 14.7088 | spectral 17.1381 | recons_loss: 0.114543 | sparse_loss: 1.02915 | 
2025-07-21 05:43:20,752 [INFO] [Iter 168] LR: 0.00000610
2025-07-21 05:43:20,753 [INFO] Saving best model at iteration 168
2025-07-21 05:43:21,350 [INFO] [169/300] loss 1896.18 | compact 14.7089 | spectral 17.1381 | recons_loss: 0.114542 | sparse_loss: 1.02915 | 
2025-07-21 05:43:21,350 [INFO] [Iter 169] LR: 0.00000610
2025-07-21 05:43:21,352 [INFO] Saving best model at iteration 169
2025-07-21 05:43:21,973 [INFO] [170/300] loss 1896.18 | compact 14.7089 | spectral 17.1382 | recons_loss: 0.11454 | sparse_loss: 1.02915 | 
2025-07-21 05:43:21,973 [INFO] [Iter 170] LR: 0.00000305
2025-07-21 05:43:21,974 [INFO] Saving best model at iteration 170
2025-07-21 05:43:22,573 [INFO] [171/300] loss 1896.18 | compact 14.7089 | spectral 17.1382 | recons_loss: 0.114539 | sparse_loss: 1.02915 | 
2025-07-21 05:43:22,573 [INFO] [Iter 171] LR: 0.00000305
2025-07-21 05:43:22,575 [INFO] Saving best model at iteration 171
2025-07-21 05:43:23,176 [INFO] [172/300] loss 1896.17 | compact 14.709 | spectral 17.1382 | recons_loss: 0.114538 | sparse_loss: 1.02915 | 
2025-07-21 05:43:23,176 [INFO] [Iter 172] LR: 0.00000305
2025-07-21 05:43:23,177 [INFO] Saving best model at iteration 172
2025-07-21 05:43:23,774 [INFO] [173/300] loss 1896.17 | compact 14.709 | spectral 17.1382 | recons_loss: 0.114537 | sparse_loss: 1.02915 | 
2025-07-21 05:43:23,774 [INFO] [Iter 173] LR: 0.00000153
2025-07-21 05:43:23,775 [INFO] Saving best model at iteration 173
2025-07-21 05:43:24,388 [INFO] [174/300] loss 1896.17 | compact 14.709 | spectral 17.1382 | recons_loss: 0.114536 | sparse_loss: 1.02915 | 
2025-07-21 05:43:24,388 [INFO] [Iter 174] LR: 0.00000153
2025-07-21 05:43:24,389 [INFO] Saving best model at iteration 174
2025-07-21 05:43:25,001 [INFO] [175/300] loss 1896.17 | compact 14.709 | spectral 17.1383 | recons_loss: 0.114535 | sparse_loss: 1.02915 | 
2025-07-21 05:43:25,001 [INFO] [Iter 175] LR: 0.00000153
2025-07-21 05:43:25,004 [INFO] Saving best model at iteration 175
2025-07-21 05:43:25,601 [INFO] [176/300] loss 1896.17 | compact 14.7091 | spectral 17.1383 | recons_loss: 0.114534 | sparse_loss: 1.02915 | 
2025-07-21 05:43:25,602 [INFO] [Iter 176] LR: 0.00000076
2025-07-21 05:43:25,603 [INFO] Saving best model at iteration 176
2025-07-21 05:43:26,206 [INFO] [177/300] loss 1896.17 | compact 14.7091 | spectral 17.1383 | recons_loss: 0.114534 | sparse_loss: 1.02915 | 
2025-07-21 05:43:26,206 [INFO] [Iter 177] LR: 0.00000076
2025-07-21 05:43:26,207 [INFO] Saving best model at iteration 177
2025-07-21 05:43:26,805 [INFO] [178/300] loss 1896.16 | compact 14.7091 | spectral 17.1383 | recons_loss: 0.114533 | sparse_loss: 1.02915 | 
2025-07-21 05:43:26,805 [INFO] [Iter 178] LR: 0.00000076
2025-07-21 05:43:26,806 [INFO] Saving best model at iteration 178
2025-07-21 05:43:27,403 [INFO] [179/300] loss 1896.16 | compact 14.7091 | spectral 17.1383 | recons_loss: 0.114533 | sparse_loss: 1.02915 | 
2025-07-21 05:43:27,403 [INFO] [Iter 179] LR: 0.00000038
2025-07-21 05:43:27,404 [INFO] Saving best model at iteration 179
2025-07-21 05:43:28,001 [INFO] [180/300] loss 1896.16 | compact 14.7091 | spectral 17.1383 | recons_loss: 0.114532 | sparse_loss: 1.02915 | 
2025-07-21 05:43:28,001 [INFO] [Iter 180] LR: 0.00000038
2025-07-21 05:43:28,002 [INFO] Saving best model at iteration 180
2025-07-21 05:43:28,604 [INFO] [181/300] loss 1896.16 | compact 14.7091 | spectral 17.1383 | recons_loss: 0.114532 | sparse_loss: 1.02915 | 
2025-07-21 05:43:28,604 [INFO] [Iter 181] LR: 0.00000038
2025-07-21 05:43:28,605 [INFO] Saving best model at iteration 181
2025-07-21 05:43:29,202 [INFO] [182/300] loss 1896.16 | compact 14.7091 | spectral 17.1384 | recons_loss: 0.114531 | sparse_loss: 1.02915 | 
2025-07-21 05:43:29,203 [INFO] [Iter 182] LR: 0.00000019
2025-07-21 05:43:29,205 [INFO] Saving best model at iteration 182
2025-07-21 05:43:29,805 [INFO] [183/300] loss 1896.16 | compact 14.7091 | spectral 17.1384 | recons_loss: 0.114531 | sparse_loss: 1.02915 | 
2025-07-21 05:43:29,806 [INFO] [Iter 183] LR: 0.00000019
2025-07-21 05:43:29,807 [INFO] Saving best model at iteration 183
2025-07-21 05:43:30,404 [INFO] [184/300] loss 1896.16 | compact 14.7092 | spectral 17.1384 | recons_loss: 0.114531 | sparse_loss: 1.02915 | 
2025-07-21 05:43:30,404 [INFO] [Iter 184] LR: 0.00000019
2025-07-21 05:43:30,405 [INFO] Saving best model at iteration 184
2025-07-21 05:43:31,002 [INFO] [185/300] loss 1896.16 | compact 14.7092 | spectral 17.1384 | recons_loss: 0.11453 | sparse_loss: 1.02915 | 
2025-07-21 05:43:31,002 [INFO] [Iter 185] LR: 0.00000010
2025-07-21 05:43:31,003 [INFO] Saving best model at iteration 185
2025-07-21 05:43:31,600 [INFO] [186/300] loss 1896.16 | compact 14.7092 | spectral 17.1384 | recons_loss: 0.11453 | sparse_loss: 1.02915 | 
2025-07-21 05:43:31,601 [INFO] [Iter 186] LR: 0.00000010
2025-07-21 05:43:31,601 [INFO] Saving best model at iteration 186
2025-07-21 05:43:32,204 [INFO] [187/300] loss 1896.16 | compact 14.7092 | spectral 17.1384 | recons_loss: 0.11453 | sparse_loss: 1.02915 | 
2025-07-21 05:43:32,205 [INFO] [Iter 187] LR: 0.00000010
2025-07-21 05:43:32,207 [INFO] Saving best model at iteration 187
2025-07-21 05:43:32,823 [INFO] [188/300] loss 1896.16 | compact 14.7092 | spectral 17.1384 | recons_loss: 0.11453 | sparse_loss: 1.02915 | 
2025-07-21 05:43:32,823 [INFO] [Iter 188] LR: 0.00000005
2025-07-21 05:43:32,824 [INFO] Saving best model at iteration 188
2025-07-21 05:43:33,433 [INFO] [189/300] loss 1896.16 | compact 14.7092 | spectral 17.1384 | recons_loss: 0.114529 | sparse_loss: 1.02915 | 
2025-07-21 05:43:33,433 [INFO] [Iter 189] LR: 0.00000005
2025-07-21 05:43:33,435 [INFO] Saving best model at iteration 189
2025-07-21 05:43:34,044 [INFO] [190/300] loss 1896.16 | compact 14.7092 | spectral 17.1384 | recons_loss: 0.114529 | sparse_loss: 1.02915 | 
2025-07-21 05:43:34,045 [INFO] [Iter 190] LR: 0.00000005
2025-07-21 05:43:34,047 [INFO] Saving best model at iteration 190
2025-07-21 05:43:34,664 [INFO] [191/300] loss 1896.16 | compact 14.7092 | spectral 17.1384 | recons_loss: 0.114529 | sparse_loss: 1.02915 | 
2025-07-21 05:43:34,665 [INFO] [Iter 191] LR: 0.00000002
2025-07-21 05:43:34,666 [INFO] Saving best model at iteration 191
2025-07-21 05:43:35,263 [INFO] [192/300] loss 1896.16 | compact 14.7092 | spectral 17.1384 | recons_loss: 0.114529 | sparse_loss: 1.02915 | 
2025-07-21 05:43:35,264 [INFO] [Iter 192] LR: 0.00000002
2025-07-21 05:43:35,265 [INFO] Saving best model at iteration 192
2025-07-21 05:43:35,862 [INFO] [193/300] loss 1896.16 | compact 14.7092 | spectral 17.1384 | recons_loss: 0.114529 | sparse_loss: 1.02915 | 
2025-07-21 05:43:35,862 [INFO] [Iter 193] LR: 0.00000002
2025-07-21 05:43:35,863 [INFO] Saving best model at iteration 193
2025-07-21 05:43:36,462 [INFO] [194/300] loss 1896.16 | compact 14.7092 | spectral 17.1384 | recons_loss: 0.114529 | sparse_loss: 1.02915 | 
2025-07-21 05:43:36,462 [INFO] [Iter 194] LR: 0.00000001
2025-07-21 05:43:36,463 [INFO] Saving best model at iteration 194
2025-07-21 05:43:37,060 [INFO] [195/300] loss 1896.16 | compact 14.7092 | spectral 17.1384 | recons_loss: 0.114529 | sparse_loss: 1.02915 | 
2025-07-21 05:43:37,061 [INFO] [Iter 195] LR: 0.00000001
2025-07-21 05:43:37,062 [INFO] Saving best model at iteration 195
2025-07-21 05:43:37,659 [INFO] [196/300] loss 1896.16 | compact 14.7092 | spectral 17.1384 | recons_loss: 0.114529 | sparse_loss: 1.02915 | 
2025-07-21 05:43:37,659 [INFO] [Iter 196] LR: 0.00000001
2025-07-21 05:43:37,660 [INFO] Saving best model at iteration 196
2025-07-21 05:43:38,270 [INFO] [197/300] loss 1896.16 | compact 14.7092 | spectral 17.1384 | recons_loss: 0.114528 | sparse_loss: 1.02915 | 
2025-07-21 05:43:38,271 [INFO] [Iter 197] LR: 0.00000001
2025-07-21 05:43:38,272 [INFO] Saving best model at iteration 197
2025-07-21 05:43:38,879 [INFO] [198/300] loss 1896.16 | compact 14.7092 | spectral 17.1384 | recons_loss: 0.114528 | sparse_loss: 1.02915 | 
2025-07-21 05:43:38,879 [INFO] [Iter 198] LR: 0.00000001
2025-07-21 05:43:38,880 [INFO] Saving best model at iteration 198
2025-07-21 05:43:39,490 [INFO] [199/300] loss 1896.16 | compact 14.7092 | spectral 17.1384 | recons_loss: 0.114528 | sparse_loss: 1.02915 | 
2025-07-21 05:43:39,490 [INFO] [Iter 199] LR: 0.00000001
2025-07-21 05:43:39,493 [INFO] Saving best model at iteration 199
2025-07-21 05:43:39,700 [INFO] H: 600, W: 166
2025-07-21 05:43:39,798 [INFO] [0 1 2 3 4 5]
2025-07-21 05:43:39,893 [INFO] y_target: [1 2 3 4 5 6]
2025-07-21 05:43:39,893 [INFO] y_predict: [0 1 2 3 4 5]
2025-07-21 05:43:39,982 [INFO] Epoch = 200 OA = 0.9047 Kappa = 0.8729 NMI = 0.8340
2025-07-21 05:43:40,458 [INFO] [200/300] loss 1896.16 | compact 14.7092 | spectral 17.1384 | recons_loss: 0.114528 | sparse_loss: 1.02915 | 
2025-07-21 05:43:40,458 [INFO] [Iter 200] LR: 0.00000001
2025-07-21 05:43:40,461 [INFO] Saving best model at iteration 200
2025-07-21 05:43:41,067 [INFO] [201/300] loss 1896.15 | compact 14.7092 | spectral 17.1384 | recons_loss: 0.114528 | sparse_loss: 1.02915 | 
2025-07-21 05:43:41,068 [INFO] [Iter 201] LR: 0.00000001
2025-07-21 05:43:41,069 [INFO] Saving best model at iteration 201
2025-07-21 05:43:41,671 [INFO] [202/300] loss 1896.15 | compact 14.7092 | spectral 17.1384 | recons_loss: 0.114528 | sparse_loss: 1.02915 | 
2025-07-21 05:43:41,672 [INFO] [Iter 202] LR: 0.00000001
2025-07-21 05:43:41,673 [INFO] No improvement: current loss 1896.154876, best loss 1896.154968
2025-07-21 05:43:42,270 [INFO] [203/300] loss 1896.15 | compact 14.7092 | spectral 17.1384 | recons_loss: 0.114528 | sparse_loss: 1.02915 | 
2025-07-21 05:43:42,270 [INFO] [Iter 203] LR: 0.00000001
2025-07-21 05:43:42,272 [INFO] Saving best model at iteration 203
2025-07-21 05:43:42,869 [INFO] [204/300] loss 1896.15 | compact 14.7092 | spectral 17.1384 | recons_loss: 0.114528 | sparse_loss: 1.02915 | 
2025-07-21 05:43:42,869 [INFO] [Iter 204] LR: 0.00000001
2025-07-21 05:43:42,870 [INFO] No improvement: current loss 1896.154720, best loss 1896.154794
2025-07-21 05:43:43,468 [INFO] [205/300] loss 1896.15 | compact 14.7092 | spectral 17.1384 | recons_loss: 0.114528 | sparse_loss: 1.02915 | 
2025-07-21 05:43:43,468 [INFO] [Iter 205] LR: 0.00000001
2025-07-21 05:43:43,469 [INFO] Saving best model at iteration 205
2025-07-21 05:43:44,066 [INFO] [206/300] loss 1896.15 | compact 14.7092 | spectral 17.1384 | recons_loss: 0.114528 | sparse_loss: 1.02915 | 
2025-07-21 05:43:44,066 [INFO] [Iter 206] LR: 0.00000001
2025-07-21 05:43:44,067 [INFO] No improvement: current loss 1896.154593, best loss 1896.154653
2025-07-21 05:43:44,666 [INFO] [207/300] loss 1896.15 | compact 14.7092 | spectral 17.1384 | recons_loss: 0.114528 | sparse_loss: 1.02915 | 
2025-07-21 05:43:44,666 [INFO] [Iter 207] LR: 0.00000001
2025-07-21 05:43:44,667 [INFO] Saving best model at iteration 207
2025-07-21 05:43:45,264 [INFO] [208/300] loss 1896.15 | compact 14.7092 | spectral 17.1384 | recons_loss: 0.114528 | sparse_loss: 1.02915 | 
2025-07-21 05:43:45,265 [INFO] [Iter 208] LR: 0.00000001
2025-07-21 05:43:45,266 [INFO] No improvement: current loss 1896.154490, best loss 1896.154539
2025-07-21 05:43:45,864 [INFO] [209/300] loss 1896.15 | compact 14.7092 | spectral 17.1384 | recons_loss: 0.114528 | sparse_loss: 1.02915 | 
2025-07-21 05:43:45,864 [INFO] [Iter 209] LR: 0.00000001
2025-07-21 05:43:45,865 [INFO] No improvement: current loss 1896.154447, best loss 1896.154539
2025-07-21 05:43:46,463 [INFO] [210/300] loss 1896.15 | compact 14.7092 | spectral 17.1384 | recons_loss: 0.114528 | sparse_loss: 1.02915 | 
2025-07-21 05:43:46,464 [INFO] [Iter 210] LR: 0.00000001
2025-07-21 05:43:46,466 [INFO] Saving best model at iteration 210
2025-07-21 05:43:47,066 [INFO] [211/300] loss 1896.15 | compact 14.7092 | spectral 17.1384 | recons_loss: 0.114528 | sparse_loss: 1.02915 | 
2025-07-21 05:43:47,067 [INFO] [Iter 211] LR: 0.00000001
2025-07-21 05:43:47,069 [INFO] No improvement: current loss 1896.154372, best loss 1896.154407
2025-07-21 05:43:47,681 [INFO] [212/300] loss 1896.15 | compact 14.7092 | spectral 17.1384 | recons_loss: 0.114528 | sparse_loss: 1.02915 | 
2025-07-21 05:43:47,682 [INFO] [Iter 212] LR: 0.00000001
2025-07-21 05:43:47,684 [INFO] No improvement: current loss 1896.154340, best loss 1896.154407
2025-07-21 05:43:48,296 [INFO] [213/300] loss 1896.15 | compact 14.7092 | spectral 17.1384 | recons_loss: 0.114528 | sparse_loss: 1.02915 | 
2025-07-21 05:43:48,296 [INFO] [Iter 213] LR: 0.00000001
2025-07-21 05:43:48,297 [INFO] No improvement: current loss 1896.154311, best loss 1896.154407
2025-07-21 05:43:48,902 [INFO] [214/300] loss 1896.15 | compact 14.7092 | spectral 17.1384 | recons_loss: 0.114528 | sparse_loss: 1.02915 | 
2025-07-21 05:43:48,902 [INFO] [Iter 214] LR: 0.00000001
2025-07-21 05:43:48,903 [INFO] Saving best model at iteration 214
2025-07-21 05:43:49,501 [INFO] [215/300] loss 1896.15 | compact 14.7092 | spectral 17.1384 | recons_loss: 0.114528 | sparse_loss: 1.02915 | 
2025-07-21 05:43:49,501 [INFO] [Iter 215] LR: 0.00000001
2025-07-21 05:43:49,502 [INFO] No improvement: current loss 1896.154262, best loss 1896.154285
2025-07-21 05:43:50,107 [INFO] [216/300] loss 1896.15 | compact 14.7092 | spectral 17.1384 | recons_loss: 0.114528 | sparse_loss: 1.02915 | 
2025-07-21 05:43:50,107 [INFO] [Iter 216] LR: 0.00000001
2025-07-21 05:43:50,108 [INFO] No improvement: current loss 1896.154241, best loss 1896.154285
2025-07-21 05:43:50,705 [INFO] [217/300] loss 1896.15 | compact 14.7092 | spectral 17.1384 | recons_loss: 0.114528 | sparse_loss: 1.02915 | 
2025-07-21 05:43:50,706 [INFO] [Iter 217] LR: 0.00000001
2025-07-21 05:43:50,707 [INFO] No improvement: current loss 1896.154222, best loss 1896.154285
2025-07-21 05:43:51,304 [INFO] [218/300] loss 1896.15 | compact 14.7092 | spectral 17.1384 | recons_loss: 0.114528 | sparse_loss: 1.02915 | 
2025-07-21 05:43:51,304 [INFO] [Iter 218] LR: 0.00000001
2025-07-21 05:43:51,306 [INFO] No improvement: current loss 1896.154205, best loss 1896.154285
2025-07-21 05:43:51,904 [INFO] [219/300] loss 1896.15 | compact 14.7092 | spectral 17.1384 | recons_loss: 0.114528 | sparse_loss: 1.02915 | 
2025-07-21 05:43:51,904 [INFO] [Iter 219] LR: 0.00000001
2025-07-21 05:43:51,905 [INFO] No improvement: current loss 1896.154190, best loss 1896.154285
2025-07-21 05:43:52,504 [INFO] [220/300] loss 1896.15 | compact 14.7092 | spectral 17.1384 | recons_loss: 0.114528 | sparse_loss: 1.02915 | 
2025-07-21 05:43:52,504 [INFO] [Iter 220] LR: 0.00000001
2025-07-21 05:43:52,507 [INFO] Saving best model at iteration 220
2025-07-21 05:43:53,106 [INFO] [221/300] loss 1896.15 | compact 14.7092 | spectral 17.1384 | recons_loss: 0.114528 | sparse_loss: 1.02915 | 
2025-07-21 05:43:53,106 [INFO] [Iter 221] LR: 0.00000001
2025-07-21 05:43:53,107 [INFO] No improvement: current loss 1896.154164, best loss 1896.154176
2025-07-21 05:43:53,706 [INFO] [222/300] loss 1896.15 | compact 14.7092 | spectral 17.1384 | recons_loss: 0.114528 | sparse_loss: 1.02915 | 
2025-07-21 05:43:53,706 [INFO] [Iter 222] LR: 0.00000001
2025-07-21 05:43:53,707 [INFO] No improvement: current loss 1896.154153, best loss 1896.154176
2025-07-21 05:43:54,304 [INFO] [223/300] loss 1896.15 | compact 14.7092 | spectral 17.1384 | recons_loss: 0.114528 | sparse_loss: 1.02915 | 
2025-07-21 05:43:54,304 [INFO] [Iter 223] LR: 0.00000001
2025-07-21 05:43:54,305 [INFO] No improvement: current loss 1896.154143, best loss 1896.154176
2025-07-21 05:43:54,902 [INFO] [224/300] loss 1896.15 | compact 14.7092 | spectral 17.1384 | recons_loss: 0.114528 | sparse_loss: 1.02915 | 
2025-07-21 05:43:54,902 [INFO] [Iter 224] LR: 0.00000001
2025-07-21 05:43:54,903 [INFO] No improvement: current loss 1896.154134, best loss 1896.154176
2025-07-21 05:43:55,500 [INFO] [225/300] loss 1896.15 | compact 14.7092 | spectral 17.1384 | recons_loss: 0.114528 | sparse_loss: 1.02915 | 
2025-07-21 05:43:55,501 [INFO] [Iter 225] LR: 0.00000001
2025-07-21 05:43:55,502 [INFO] No improvement: current loss 1896.154126, best loss 1896.154176
2025-07-21 05:43:56,099 [INFO] [226/300] loss 1896.15 | compact 14.7092 | spectral 17.1384 | recons_loss: 0.114528 | sparse_loss: 1.02915 | 
2025-07-21 05:43:56,099 [INFO] [Iter 226] LR: 0.00000001
2025-07-21 05:43:56,101 [INFO] No improvement: current loss 1896.154118, best loss 1896.154176
2025-07-21 05:43:56,708 [INFO] [227/300] loss 1896.15 | compact 14.7092 | spectral 17.1384 | recons_loss: 0.114528 | sparse_loss: 1.02915 | 
2025-07-21 05:43:56,709 [INFO] [Iter 227] LR: 0.00000001
2025-07-21 05:43:56,711 [INFO] No improvement: current loss 1896.154100, best loss 1896.154176
2025-07-21 05:43:57,309 [INFO] [228/300] loss 1896.15 | compact 14.7092 | spectral 17.1384 | recons_loss: 0.114528 | sparse_loss: 1.02915 | 
2025-07-21 05:43:57,309 [INFO] [Iter 228] LR: 0.00000001
2025-07-21 05:43:57,310 [INFO] No improvement: current loss 1896.154095, best loss 1896.154176
2025-07-21 05:43:57,927 [INFO] [229/300] loss 1896.15 | compact 14.7092 | spectral 17.1384 | recons_loss: 0.114528 | sparse_loss: 1.02915 | 
2025-07-21 05:43:57,927 [INFO] [Iter 229] LR: 0.00000001
2025-07-21 05:43:57,928 [INFO] No improvement: current loss 1896.154091, best loss 1896.154176
2025-07-21 05:43:58,526 [INFO] [230/300] loss 1896.15 | compact 14.7092 | spectral 17.1384 | recons_loss: 0.114528 | sparse_loss: 1.02915 | 
2025-07-21 05:43:58,526 [INFO] [Iter 230] LR: 0.00000001
2025-07-21 05:43:58,527 [INFO] Saving best model at iteration 230
2025-07-21 05:43:59,125 [INFO] [231/300] loss 1896.15 | compact 14.7092 | spectral 17.1384 | recons_loss: 0.114528 | sparse_loss: 1.02915 | 
2025-07-21 05:43:59,125 [INFO] [Iter 231] LR: 0.00000001
2025-07-21 05:43:59,126 [INFO] No improvement: current loss 1896.154073, best loss 1896.154075
2025-07-21 05:43:59,724 [INFO] [232/300] loss 1896.15 | compact 14.7092 | spectral 17.1384 | recons_loss: 0.114528 | sparse_loss: 1.02915 | 
2025-07-21 05:43:59,724 [INFO] [Iter 232] LR: 0.00000001
2025-07-21 05:43:59,725 [INFO] No improvement: current loss 1896.154058, best loss 1896.154075
2025-07-21 05:44:00,322 [INFO] [233/300] loss 1896.15 | compact 14.7092 | spectral 17.1384 | recons_loss: 0.114528 | sparse_loss: 1.02915 | 
2025-07-21 05:44:00,322 [INFO] [Iter 233] LR: 0.00000001
2025-07-21 05:44:00,323 [INFO] No improvement: current loss 1896.154058, best loss 1896.154075
2025-07-21 05:44:00,921 [INFO] [234/300] loss 1896.15 | compact 14.7092 | spectral 17.1384 | recons_loss: 0.114528 | sparse_loss: 1.02915 | 
2025-07-21 05:44:00,921 [INFO] [Iter 234] LR: 0.00000001
2025-07-21 05:44:00,923 [INFO] No improvement: current loss 1896.154057, best loss 1896.154075
2025-07-21 05:44:01,520 [INFO] [235/300] loss 1896.15 | compact 14.7092 | spectral 17.1384 | recons_loss: 0.114528 | sparse_loss: 1.02915 | 
2025-07-21 05:44:01,521 [INFO] [Iter 235] LR: 0.00000001
2025-07-21 05:44:01,522 [INFO] No improvement: current loss 1896.154057, best loss 1896.154075
2025-07-21 05:44:02,118 [INFO] [236/300] loss 1896.15 | compact 14.7092 | spectral 17.1384 | recons_loss: 0.114528 | sparse_loss: 1.02915 | 
2025-07-21 05:44:02,118 [INFO] [Iter 236] LR: 0.00000001
2025-07-21 05:44:02,119 [INFO] No improvement: current loss 1896.154056, best loss 1896.154075
2025-07-21 05:44:02,717 [INFO] [237/300] loss 1896.15 | compact 14.7092 | spectral 17.1384 | recons_loss: 0.114528 | sparse_loss: 1.02915 | 
2025-07-21 05:44:02,717 [INFO] [Iter 237] LR: 0.00000001
2025-07-21 05:44:02,718 [INFO] No improvement: current loss 1896.154056, best loss 1896.154075
2025-07-21 05:44:03,316 [INFO] [238/300] loss 1896.15 | compact 14.7092 | spectral 17.1384 | recons_loss: 0.114528 | sparse_loss: 1.02915 | 
2025-07-21 05:44:03,316 [INFO] [Iter 238] LR: 0.00000001
2025-07-21 05:44:03,317 [INFO] No improvement: current loss 1896.154056, best loss 1896.154075
2025-07-21 05:44:03,915 [INFO] [239/300] loss 1896.15 | compact 14.7092 | spectral 17.1384 | recons_loss: 0.114528 | sparse_loss: 1.02915 | 
2025-07-21 05:44:03,915 [INFO] [Iter 239] LR: 0.00000001
2025-07-21 05:44:03,916 [INFO] No improvement: current loss 1896.154055, best loss 1896.154075
2025-07-21 05:44:04,517 [INFO] [240/300] loss 1896.15 | compact 14.7092 | spectral 17.1384 | recons_loss: 0.114528 | sparse_loss: 1.02915 | 
2025-07-21 05:44:04,518 [INFO] [Iter 240] LR: 0.00000001
2025-07-21 05:44:04,519 [INFO] No improvement: current loss 1896.154055, best loss 1896.154075
2025-07-21 05:44:05,123 [INFO] [241/300] loss 1896.15 | compact 14.7092 | spectral 17.1384 | recons_loss: 0.114528 | sparse_loss: 1.02915 | 
2025-07-21 05:44:05,123 [INFO] [Iter 241] LR: 0.00000001
2025-07-21 05:44:05,124 [INFO] No improvement: current loss 1896.154055, best loss 1896.154075
2025-07-21 05:44:05,727 [INFO] [242/300] loss 1896.15 | compact 14.7092 | spectral 17.1384 | recons_loss: 0.114528 | sparse_loss: 1.02915 | 
2025-07-21 05:44:05,728 [INFO] [Iter 242] LR: 0.00000001
2025-07-21 05:44:05,730 [INFO] No improvement: current loss 1896.154055, best loss 1896.154075
2025-07-21 05:44:06,327 [INFO] [243/300] loss 1896.15 | compact 14.7092 | spectral 17.1384 | recons_loss: 0.114528 | sparse_loss: 1.02915 | 
2025-07-21 05:44:06,328 [INFO] [Iter 243] LR: 0.00000001
2025-07-21 05:44:06,329 [INFO] No improvement: current loss 1896.154054, best loss 1896.154075
2025-07-21 05:44:06,925 [INFO] [244/300] loss 1896.15 | compact 14.7092 | spectral 17.1384 | recons_loss: 0.114528 | sparse_loss: 1.02915 | 
2025-07-21 05:44:06,926 [INFO] [Iter 244] LR: 0.00000001
2025-07-21 05:44:06,927 [INFO] No improvement: current loss 1896.154054, best loss 1896.154075
2025-07-21 05:44:07,524 [INFO] [245/300] loss 1896.15 | compact 14.7092 | spectral 17.1384 | recons_loss: 0.114528 | sparse_loss: 1.02915 | 
2025-07-21 05:44:07,524 [INFO] [Iter 245] LR: 0.00000001
2025-07-21 05:44:07,525 [INFO] No improvement: current loss 1896.154054, best loss 1896.154075
2025-07-21 05:44:08,122 [INFO] [246/300] loss 1896.15 | compact 14.7092 | spectral 17.1384 | recons_loss: 0.114528 | sparse_loss: 1.02915 | 
2025-07-21 05:44:08,122 [INFO] [Iter 246] LR: 0.00000001
2025-07-21 05:44:08,123 [INFO] No improvement: current loss 1896.154054, best loss 1896.154075
2025-07-21 05:44:08,721 [INFO] [247/300] loss 1896.15 | compact 14.7092 | spectral 17.1384 | recons_loss: 0.114528 | sparse_loss: 1.02915 | 
2025-07-21 05:44:08,721 [INFO] [Iter 247] LR: 0.00000001
2025-07-21 05:44:08,723 [INFO] No improvement: current loss 1896.154054, best loss 1896.154075
2025-07-21 05:44:09,340 [INFO] [248/300] loss 1896.15 | compact 14.7092 | spectral 17.1384 | recons_loss: 0.114528 | sparse_loss: 1.02915 | 
2025-07-21 05:44:09,340 [INFO] [Iter 248] LR: 0.00000001
2025-07-21 05:44:09,342 [INFO] No improvement: current loss 1896.154054, best loss 1896.154075
2025-07-21 05:44:09,939 [INFO] [249/300] loss 1896.15 | compact 14.7092 | spectral 17.1384 | recons_loss: 0.114528 | sparse_loss: 1.02915 | 
2025-07-21 05:44:09,939 [INFO] [Iter 249] LR: 0.00000001
2025-07-21 05:44:09,940 [INFO] No improvement: current loss 1896.154054, best loss 1896.154075
2025-07-21 05:44:10,126 [INFO] H: 600, W: 166
2025-07-21 05:44:10,225 [INFO] [0 1 2 3 4 5]
2025-07-21 05:44:10,324 [INFO] y_target: [1 2 3 4 5 6]
2025-07-21 05:44:10,324 [INFO] y_predict: [0 1 2 3 4 5]
2025-07-21 05:44:10,413 [INFO] Epoch = 250 OA = 0.9047 Kappa = 0.8729 NMI = 0.8340
2025-07-21 05:44:10,889 [INFO] [250/300] loss 1896.15 | compact 14.7092 | spectral 17.1384 | recons_loss: 0.114528 | sparse_loss: 1.02915 | 
2025-07-21 05:44:10,890 [INFO] [Iter 250] LR: 0.00000001
2025-07-21 05:44:10,891 [INFO] No improvement: current loss 1896.154054, best loss 1896.154075
2025-07-21 05:44:11,491 [INFO] [251/300] loss 1896.15 | compact 14.7092 | spectral 17.1384 | recons_loss: 0.114528 | sparse_loss: 1.02915 | 
2025-07-21 05:44:11,491 [INFO] [Iter 251] LR: 0.00000001
2025-07-21 05:44:11,492 [INFO] No improvement: current loss 1896.154053, best loss 1896.154075
2025-07-21 05:44:12,092 [INFO] [252/300] loss 1896.15 | compact 14.7092 | spectral 17.1384 | recons_loss: 0.114528 | sparse_loss: 1.02915 | 
2025-07-21 05:44:12,093 [INFO] [Iter 252] LR: 0.00000001
2025-07-21 05:44:12,094 [INFO] No improvement: current loss 1896.154053, best loss 1896.154075
2025-07-21 05:44:12,691 [INFO] [253/300] loss 1896.15 | compact 14.7092 | spectral 17.1384 | recons_loss: 0.114528 | sparse_loss: 1.02915 | 
2025-07-21 05:44:12,692 [INFO] [Iter 253] LR: 0.00000001
2025-07-21 05:44:12,693 [INFO] No improvement: current loss 1896.154053, best loss 1896.154075
2025-07-21 05:44:13,290 [INFO] [254/300] loss 1896.15 | compact 14.7092 | spectral 17.1384 | recons_loss: 0.114528 | sparse_loss: 1.02915 | 
2025-07-21 05:44:13,290 [INFO] [Iter 254] LR: 0.00000001
2025-07-21 05:44:13,291 [INFO] No improvement: current loss 1896.154053, best loss 1896.154075
2025-07-21 05:44:13,889 [INFO] [255/300] loss 1896.15 | compact 14.7092 | spectral 17.1384 | recons_loss: 0.114528 | sparse_loss: 1.02915 | 
2025-07-21 05:44:13,889 [INFO] [Iter 255] LR: 0.00000001
2025-07-21 05:44:13,891 [INFO] No improvement: current loss 1896.154053, best loss 1896.154075
2025-07-21 05:44:14,499 [INFO] [256/300] loss 1896.15 | compact 14.7092 | spectral 17.1384 | recons_loss: 0.114528 | sparse_loss: 1.02915 | 
2025-07-21 05:44:14,499 [INFO] [Iter 256] LR: 0.00000001
2025-07-21 05:44:14,500 [INFO] No improvement: current loss 1896.154053, best loss 1896.154075
2025-07-21 05:44:15,113 [INFO] [257/300] loss 1896.15 | compact 14.7092 | spectral 17.1384 | recons_loss: 0.114528 | sparse_loss: 1.02915 | 
2025-07-21 05:44:15,113 [INFO] [Iter 257] LR: 0.00000001
2025-07-21 05:44:15,114 [INFO] No improvement: current loss 1896.154053, best loss 1896.154075
2025-07-21 05:44:15,712 [INFO] [258/300] loss 1896.15 | compact 14.7092 | spectral 17.1384 | recons_loss: 0.114528 | sparse_loss: 1.02915 | 
2025-07-21 05:44:15,712 [INFO] [Iter 258] LR: 0.00000001
2025-07-21 05:44:15,714 [INFO] No improvement: current loss 1896.154053, best loss 1896.154075
2025-07-21 05:44:16,311 [INFO] [259/300] loss 1896.15 | compact 14.7092 | spectral 17.1384 | recons_loss: 0.114528 | sparse_loss: 1.02915 | 
2025-07-21 05:44:16,311 [INFO] [Iter 259] LR: 0.00000001
2025-07-21 05:44:16,312 [INFO] No improvement: current loss 1896.154041, best loss 1896.154075
2025-07-21 05:44:16,909 [INFO] [260/300] loss 1896.15 | compact 14.7092 | spectral 17.1384 | recons_loss: 0.114528 | sparse_loss: 1.02915 | 
2025-07-21 05:44:16,910 [INFO] [Iter 260] LR: 0.00000001
2025-07-21 05:44:16,911 [INFO] No improvement: current loss 1896.154042, best loss 1896.154075
2025-07-21 05:44:17,508 [INFO] [261/300] loss 1896.15 | compact 14.7092 | spectral 17.1384 | recons_loss: 0.114528 | sparse_loss: 1.02915 | 
2025-07-21 05:44:17,508 [INFO] [Iter 261] LR: 0.00000001
2025-07-21 05:44:17,509 [INFO] No improvement: current loss 1896.154043, best loss 1896.154075
2025-07-21 05:44:18,110 [INFO] [262/300] loss 1896.15 | compact 14.7092 | spectral 17.1384 | recons_loss: 0.114528 | sparse_loss: 1.02915 | 
2025-07-21 05:44:18,111 [INFO] [Iter 262] LR: 0.00000001
2025-07-21 05:44:18,113 [INFO] No improvement: current loss 1896.154044, best loss 1896.154075
2025-07-21 05:44:18,712 [INFO] [263/300] loss 1896.15 | compact 14.7092 | spectral 17.1384 | recons_loss: 0.114528 | sparse_loss: 1.02915 | 
2025-07-21 05:44:18,712 [INFO] [Iter 263] LR: 0.00000001
2025-07-21 05:44:18,713 [INFO] No improvement: current loss 1896.154045, best loss 1896.154075
2025-07-21 05:44:19,310 [INFO] [264/300] loss 1896.15 | compact 14.7092 | spectral 17.1384 | recons_loss: 0.114528 | sparse_loss: 1.02915 | 
2025-07-21 05:44:19,311 [INFO] [Iter 264] LR: 0.00000001
2025-07-21 05:44:19,312 [INFO] No improvement: current loss 1896.154046, best loss 1896.154075
2025-07-21 05:44:19,910 [INFO] [265/300] loss 1896.15 | compact 14.7092 | spectral 17.1384 | recons_loss: 0.114528 | sparse_loss: 1.02915 | 
2025-07-21 05:44:19,910 [INFO] [Iter 265] LR: 0.00000001
2025-07-21 05:44:19,911 [INFO] No improvement: current loss 1896.154046, best loss 1896.154075
2025-07-21 05:44:20,515 [INFO] [266/300] loss 1896.15 | compact 14.7092 | spectral 17.1384 | recons_loss: 0.114528 | sparse_loss: 1.02915 | 
2025-07-21 05:44:20,515 [INFO] [Iter 266] LR: 0.00000001
2025-07-21 05:44:20,516 [INFO] No improvement: current loss 1896.154047, best loss 1896.154075
2025-07-21 05:44:21,113 [INFO] [267/300] loss 1896.15 | compact 14.7092 | spectral 17.1384 | recons_loss: 0.114528 | sparse_loss: 1.02915 | 
2025-07-21 05:44:21,113 [INFO] [Iter 267] LR: 0.00000001
2025-07-21 05:44:21,114 [INFO] No improvement: current loss 1896.154048, best loss 1896.154075
2025-07-21 05:44:21,711 [INFO] [268/300] loss 1896.15 | compact 14.7092 | spectral 17.1384 | recons_loss: 0.114528 | sparse_loss: 1.02915 | 
2025-07-21 05:44:21,712 [INFO] [Iter 268] LR: 0.00000001
2025-07-21 05:44:21,713 [INFO] No improvement: current loss 1896.154048, best loss 1896.154075
2025-07-21 05:44:22,310 [INFO] [269/300] loss 1896.15 | compact 14.7092 | spectral 17.1384 | recons_loss: 0.114528 | sparse_loss: 1.02915 | 
2025-07-21 05:44:22,311 [INFO] [Iter 269] LR: 0.00000001
2025-07-21 05:44:22,312 [INFO] No improvement: current loss 1896.154049, best loss 1896.154075
2025-07-21 05:44:22,916 [INFO] [270/300] loss 1896.15 | compact 14.7092 | spectral 17.1384 | recons_loss: 0.114528 | sparse_loss: 1.02915 | 
2025-07-21 05:44:22,916 [INFO] [Iter 270] LR: 0.00000001
2025-07-21 05:44:22,917 [INFO] No improvement: current loss 1896.154049, best loss 1896.154075
2025-07-21 05:44:23,519 [INFO] [271/300] loss 1896.15 | compact 14.7092 | spectral 17.1384 | recons_loss: 0.114528 | sparse_loss: 1.02915 | 
2025-07-21 05:44:23,520 [INFO] [Iter 271] LR: 0.00000001
2025-07-21 05:44:23,521 [INFO] No improvement: current loss 1896.154049, best loss 1896.154075
2025-07-21 05:44:24,123 [INFO] [272/300] loss 1896.15 | compact 14.7092 | spectral 17.1384 | recons_loss: 0.114528 | sparse_loss: 1.02915 | 
2025-07-21 05:44:24,123 [INFO] [Iter 272] LR: 0.00000001
2025-07-21 05:44:24,124 [INFO] No improvement: current loss 1896.154050, best loss 1896.154075
2025-07-21 05:44:24,734 [INFO] [273/300] loss 1896.15 | compact 14.7092 | spectral 17.1384 | recons_loss: 0.114528 | sparse_loss: 1.02915 | 
2025-07-21 05:44:24,734 [INFO] [Iter 273] LR: 0.00000001
2025-07-21 05:44:24,735 [INFO] No improvement: current loss 1896.154038, best loss 1896.154075
2025-07-21 05:44:25,339 [INFO] [274/300] loss 1896.15 | compact 14.7092 | spectral 17.1384 | recons_loss: 0.114528 | sparse_loss: 1.02915 | 
2025-07-21 05:44:25,340 [INFO] [Iter 274] LR: 0.00000001
2025-07-21 05:44:25,341 [INFO] No improvement: current loss 1896.154039, best loss 1896.154075
2025-07-21 05:44:25,939 [INFO] [275/300] loss 1896.15 | compact 14.7092 | spectral 17.1384 | recons_loss: 0.114528 | sparse_loss: 1.02915 | 
2025-07-21 05:44:25,939 [INFO] [Iter 275] LR: 0.00000001
2025-07-21 05:44:25,940 [INFO] No improvement: current loss 1896.154041, best loss 1896.154075
2025-07-21 05:44:26,537 [INFO] [276/300] loss 1896.15 | compact 14.7092 | spectral 17.1384 | recons_loss: 0.114528 | sparse_loss: 1.02915 | 
2025-07-21 05:44:26,537 [INFO] [Iter 276] LR: 0.00000001
2025-07-21 05:44:26,538 [INFO] No improvement: current loss 1896.154042, best loss 1896.154075
2025-07-21 05:44:27,151 [INFO] [277/300] loss 1896.15 | compact 14.7092 | spectral 17.1384 | recons_loss: 0.114528 | sparse_loss: 1.02915 | 
2025-07-21 05:44:27,152 [INFO] [Iter 277] LR: 0.00000001
2025-07-21 05:44:27,153 [INFO] No improvement: current loss 1896.154043, best loss 1896.154075
2025-07-21 05:44:27,749 [INFO] [278/300] loss 1896.15 | compact 14.7092 | spectral 17.1384 | recons_loss: 0.114528 | sparse_loss: 1.02915 | 
2025-07-21 05:44:27,750 [INFO] [Iter 278] LR: 0.00000001
2025-07-21 05:44:27,751 [INFO] No improvement: current loss 1896.154044, best loss 1896.154075
2025-07-21 05:44:28,349 [INFO] [279/300] loss 1896.15 | compact 14.7092 | spectral 17.1384 | recons_loss: 0.114528 | sparse_loss: 1.02915 | 
2025-07-21 05:44:28,349 [INFO] [Iter 279] LR: 0.00000001
2025-07-21 05:44:28,352 [INFO] No improvement: current loss 1896.154045, best loss 1896.154075
2025-07-21 05:44:28,951 [INFO] [280/300] loss 1896.15 | compact 14.7092 | spectral 17.1384 | recons_loss: 0.114528 | sparse_loss: 1.02915 | 
2025-07-21 05:44:28,952 [INFO] [Iter 280] LR: 0.00000001
2025-07-21 05:44:28,953 [INFO] No improvement: current loss 1896.154046, best loss 1896.154075
2025-07-21 05:44:29,550 [INFO] [281/300] loss 1896.15 | compact 14.7092 | spectral 17.1384 | recons_loss: 0.114528 | sparse_loss: 1.02915 | 
2025-07-21 05:44:29,550 [INFO] [Iter 281] LR: 0.00000001
2025-07-21 05:44:29,552 [INFO] No improvement: current loss 1896.154046, best loss 1896.154075
2025-07-21 05:44:30,167 [INFO] [282/300] loss 1896.15 | compact 14.7092 | spectral 17.1384 | recons_loss: 0.114528 | sparse_loss: 1.02915 | 
2025-07-21 05:44:30,167 [INFO] [Iter 282] LR: 0.00000001
2025-07-21 05:44:30,169 [INFO] No improvement: current loss 1896.154047, best loss 1896.154075
2025-07-21 05:44:30,770 [INFO] [283/300] loss 1896.15 | compact 14.7092 | spectral 17.1384 | recons_loss: 0.114528 | sparse_loss: 1.02915 | 
2025-07-21 05:44:30,770 [INFO] [Iter 283] LR: 0.00000001
2025-07-21 05:44:30,771 [INFO] No improvement: current loss 1896.154048, best loss 1896.154075
2025-07-21 05:44:31,369 [INFO] [284/300] loss 1896.15 | compact 14.7092 | spectral 17.1384 | recons_loss: 0.114528 | sparse_loss: 1.02915 | 
2025-07-21 05:44:31,369 [INFO] [Iter 284] LR: 0.00000001
2025-07-21 05:44:31,370 [INFO] No improvement: current loss 1896.154048, best loss 1896.154075
2025-07-21 05:44:31,969 [INFO] [285/300] loss 1896.15 | compact 14.7092 | spectral 17.1384 | recons_loss: 0.114528 | sparse_loss: 1.02915 | 
2025-07-21 05:44:31,969 [INFO] [Iter 285] LR: 0.00000001
2025-07-21 05:44:31,971 [INFO] No improvement: current loss 1896.154049, best loss 1896.154075
2025-07-21 05:44:32,568 [INFO] [286/300] loss 1896.15 | compact 14.7092 | spectral 17.1384 | recons_loss: 0.114528 | sparse_loss: 1.02915 | 
2025-07-21 05:44:32,568 [INFO] [Iter 286] LR: 0.00000001
2025-07-21 05:44:32,569 [INFO] No improvement: current loss 1896.154049, best loss 1896.154075
2025-07-21 05:44:33,168 [INFO] [287/300] loss 1896.15 | compact 14.7092 | spectral 17.1384 | recons_loss: 0.114528 | sparse_loss: 1.02915 | 
2025-07-21 05:44:33,168 [INFO] [Iter 287] LR: 0.00000001
2025-07-21 05:44:33,169 [INFO] No improvement: current loss 1896.154049, best loss 1896.154075
2025-07-21 05:44:33,767 [INFO] [288/300] loss 1896.15 | compact 14.7092 | spectral 17.1384 | recons_loss: 0.114528 | sparse_loss: 1.02915 | 
2025-07-21 05:44:33,768 [INFO] [Iter 288] LR: 0.00000001
2025-07-21 05:44:33,769 [INFO] No improvement: current loss 1896.154050, best loss 1896.154075
2025-07-21 05:44:34,366 [INFO] [289/300] loss 1896.15 | compact 14.7092 | spectral 17.1384 | recons_loss: 0.114528 | sparse_loss: 1.02915 | 
2025-07-21 05:44:34,367 [INFO] [Iter 289] LR: 0.00000001
2025-07-21 05:44:34,368 [INFO] No improvement: current loss 1896.154050, best loss 1896.154075
2025-07-21 05:44:34,966 [INFO] [290/300] loss 1896.15 | compact 14.7092 | spectral 17.1384 | recons_loss: 0.114528 | sparse_loss: 1.02915 | 
2025-07-21 05:44:34,966 [INFO] [Iter 290] LR: 0.00000001
2025-07-21 05:44:34,968 [INFO] No improvement: current loss 1896.154050, best loss 1896.154075
2025-07-21 05:44:35,565 [INFO] [291/300] loss 1896.15 | compact 14.7092 | spectral 17.1384 | recons_loss: 0.114528 | sparse_loss: 1.02915 | 
2025-07-21 05:44:35,565 [INFO] [Iter 291] LR: 0.00000001
2025-07-21 05:44:35,567 [INFO] No improvement: current loss 1896.154050, best loss 1896.154075
2025-07-21 05:44:36,164 [INFO] [292/300] loss 1896.15 | compact 14.7092 | spectral 17.1384 | recons_loss: 0.114528 | sparse_loss: 1.02915 | 
2025-07-21 05:44:36,164 [INFO] [Iter 292] LR: 0.00000001
2025-07-21 05:44:36,165 [INFO] No improvement: current loss 1896.154051, best loss 1896.154075
2025-07-21 05:44:36,762 [INFO] [293/300] loss 1896.15 | compact 14.7092 | spectral 17.1384 | recons_loss: 0.114528 | sparse_loss: 1.02915 | 
2025-07-21 05:44:36,762 [INFO] [Iter 293] LR: 0.00000001
2025-07-21 05:44:36,764 [INFO] No improvement: current loss 1896.154051, best loss 1896.154075
2025-07-21 05:44:37,360 [INFO] [294/300] loss 1896.15 | compact 14.7092 | spectral 17.1384 | recons_loss: 0.114528 | sparse_loss: 1.02915 | 
2025-07-21 05:44:37,361 [INFO] [Iter 294] LR: 0.00000001
2025-07-21 05:44:37,362 [INFO] No improvement: current loss 1896.154051, best loss 1896.154075
2025-07-21 05:44:37,959 [INFO] [295/300] loss 1896.15 | compact 14.7092 | spectral 17.1384 | recons_loss: 0.114528 | sparse_loss: 1.02915 | 
2025-07-21 05:44:37,960 [INFO] [Iter 295] LR: 0.00000001
2025-07-21 05:44:37,961 [INFO] No improvement: current loss 1896.154051, best loss 1896.154075
2025-07-21 05:44:38,567 [INFO] [296/300] loss 1896.15 | compact 14.7092 | spectral 17.1384 | recons_loss: 0.114528 | sparse_loss: 1.02915 | 
2025-07-21 05:44:38,567 [INFO] [Iter 296] LR: 0.00000001
2025-07-21 05:44:38,568 [INFO] No improvement: current loss 1896.154051, best loss 1896.154075
2025-07-21 05:44:39,171 [INFO] [297/300] loss 1896.15 | compact 14.7092 | spectral 17.1384 | recons_loss: 0.114528 | sparse_loss: 1.02915 | 
2025-07-21 05:44:39,171 [INFO] [Iter 297] LR: 0.00000001
2025-07-21 05:44:39,172 [INFO] No improvement: current loss 1896.154052, best loss 1896.154075
2025-07-21 05:44:39,770 [INFO] [298/300] loss 1896.15 | compact 14.7092 | spectral 17.1384 | recons_loss: 0.114528 | sparse_loss: 1.02915 | 
2025-07-21 05:44:39,770 [INFO] [Iter 298] LR: 0.00000001
2025-07-21 05:44:39,772 [INFO] No improvement: current loss 1896.154064, best loss 1896.154075
2025-07-21 05:44:39,962 [INFO] H: 600, W: 166
2025-07-21 05:44:40,072 [INFO] [0 1 2 3 4 5]
2025-07-21 05:44:40,170 [INFO] y_target: [1 2 3 4 5 6]
2025-07-21 05:44:40,170 [INFO] y_predict: [0 1 2 3 4 5]
2025-07-21 05:44:40,259 [INFO] Epoch = 299 OA = 0.9047 Kappa = 0.8729 NMI = 0.8340
2025-07-21 05:44:40,735 [INFO] [299/300] loss 1896.15 | compact 14.7092 | spectral 17.1384 | recons_loss: 0.114528 | sparse_loss: 1.02915 | 
2025-07-21 05:44:40,736 [INFO] [Iter 299] LR: 0.00000001
2025-07-21 05:44:40,737 [INFO] No improvement: current loss 1896.154063, best loss 1896.154075
2025-07-21 05:44:40,737 [INFO] Training finished. Best model loaded.
