2025-07-21 03:42:44,705 [INFO] ========== Training Configuration ==========
2025-07-21 03:42:44,705 [INFO] out_dir: ./log
2025-07-21 03:42:44,705 [INFO] lr: 0.1
2025-07-21 03:42:44,705 [INFO] train_iter: 300
2025-07-21 03:42:44,705 [INFO] niter: 5
2025-07-21 03:42:44,705 [INFO] nspix: 300
2025-07-21 03:42:44,705 [INFO] weight: weight
2025-07-21 03:42:44,705 [INFO] weight_representation: 85.0
2025-07-21 03:42:44,705 [INFO] weight_noise: 50.0
2025-07-21 03:42:44,705 [INFO] dataset: trento
2025-07-21 03:42:44,705 [INFO] device: cuda:0
2025-07-21 03:42:44,705 [INFO] log: trento11
2025-07-21 03:42:44,705 [INFO] ============================================
2025-07-21 03:42:47,735 [INFO] H: 600, W: 166
2025-07-21 03:42:47,833 [INFO] [0 1 2 3 4 5]
2025-07-21 03:42:48,038 [INFO] y_target: [1 2 3 4 5 6]
2025-07-21 03:42:48,039 [INFO] y_predict: [0 1 2 3 4 5]
2025-07-21 03:42:48,129 [INFO] Epoch = 0 OA = 0.8509 Kappa = 0.8011 NMI = 0.7884
2025-07-21 03:42:48,655 [INFO] [0/300] loss 644.297 | compact 13.9608 | spectral 17.8474 | recons_loss: 0.260069 | sparse_loss: 1.04467 | 
2025-07-21 03:42:48,655 [INFO] [Iter 0] LR: 0.10000000
2025-07-21 03:42:48,656 [INFO] Saving best model at iteration 0
2025-07-21 03:42:49,254 [INFO] [1/300] loss 643.972 | compact 13.9642 | spectral 17.8292 | recons_loss: 0.258686 | sparse_loss: 1.0447 | 
2025-07-21 03:42:49,254 [INFO] [Iter 1] LR: 0.10000000
2025-07-21 03:42:49,255 [INFO] Saving best model at iteration 1
2025-07-21 03:42:49,852 [INFO] [2/300] loss 643.514 | compact 13.9664 | spectral 17.7955 | recons_loss: 0.256812 | sparse_loss: 1.04466 | 
2025-07-21 03:42:49,852 [INFO] [Iter 2] LR: 0.10000000
2025-07-21 03:42:49,853 [INFO] Saving best model at iteration 2
2025-07-21 03:42:50,450 [INFO] [3/300] loss 642.935 | compact 13.9686 | spectral 17.7531 | recons_loss: 0.254315 | sparse_loss: 1.04444 | 
2025-07-21 03:42:50,451 [INFO] [Iter 3] LR: 0.10000000
2025-07-21 03:42:50,452 [INFO] Saving best model at iteration 3
2025-07-21 03:42:51,061 [INFO] [4/300] loss 642.239 | compact 13.9709 | spectral 17.7141 | recons_loss: 0.251063 | sparse_loss: 1.04403 | 
2025-07-21 03:42:51,061 [INFO] [Iter 4] LR: 0.10000000
2025-07-21 03:42:51,063 [INFO] Saving best model at iteration 4
2025-07-21 03:42:51,662 [INFO] [5/300] loss 641.508 | compact 13.9745 | spectral 17.6665 | recons_loss: 0.247544 | sparse_loss: 1.04353 | 
2025-07-21 03:42:51,663 [INFO] [Iter 5] LR: 0.10000000
2025-07-21 03:42:51,664 [INFO] Saving best model at iteration 5
2025-07-21 03:42:52,261 [INFO] [6/300] loss 640.771 | compact 13.9784 | spectral 17.6144 | recons_loss: 0.243851 | sparse_loss: 1.04299 | 
2025-07-21 03:42:52,261 [INFO] [Iter 6] LR: 0.10000000
2025-07-21 03:42:52,263 [INFO] Saving best model at iteration 6
2025-07-21 03:42:52,868 [INFO] [7/300] loss 640.052 | compact 13.9811 | spectral 17.5631 | recons_loss: 0.240092 | sparse_loss: 1.04244 | 
2025-07-21 03:42:52,868 [INFO] [Iter 7] LR: 0.10000000
2025-07-21 03:42:52,871 [INFO] Saving best model at iteration 7
2025-07-21 03:42:53,469 [INFO] [8/300] loss 639.354 | compact 13.9831 | spectral 17.5136 | recons_loss: 0.236305 | sparse_loss: 1.0419 | 
2025-07-21 03:42:53,469 [INFO] [Iter 8] LR: 0.10000000
2025-07-21 03:42:53,470 [INFO] Saving best model at iteration 8
2025-07-21 03:42:54,081 [INFO] [9/300] loss 638.698 | compact 13.9856 | spectral 17.4782 | recons_loss: 0.232569 | sparse_loss: 1.04137 | 
2025-07-21 03:42:54,082 [INFO] [Iter 9] LR: 0.10000000
2025-07-21 03:42:54,083 [INFO] Saving best model at iteration 9
2025-07-21 03:42:54,680 [INFO] [10/300] loss 638.07 | compact 13.993 | spectral 17.4421 | recons_loss: 0.228912 | sparse_loss: 1.04083 | 
2025-07-21 03:42:54,680 [INFO] [Iter 10] LR: 0.10000000
2025-07-21 03:42:54,681 [INFO] Saving best model at iteration 10
2025-07-21 03:42:55,278 [INFO] [11/300] loss 637.479 | compact 13.998 | spectral 17.4108 | recons_loss: 0.225404 | sparse_loss: 1.04029 | 
2025-07-21 03:42:55,279 [INFO] [Iter 11] LR: 0.10000000
2025-07-21 03:42:55,280 [INFO] Saving best model at iteration 11
2025-07-21 03:42:55,876 [INFO] [12/300] loss 636.917 | compact 14.0009 | spectral 17.3811 | recons_loss: 0.222061 | sparse_loss: 1.03974 | 
2025-07-21 03:42:55,877 [INFO] [Iter 12] LR: 0.10000000
2025-07-21 03:42:55,878 [INFO] Saving best model at iteration 12
2025-07-21 03:42:56,474 [INFO] [13/300] loss 636.38 | compact 14.0056 | spectral 17.3517 | recons_loss: 0.218857 | sparse_loss: 1.03921 | 
2025-07-21 03:42:56,475 [INFO] [Iter 13] LR: 0.10000000
2025-07-21 03:42:56,476 [INFO] Saving best model at iteration 13
2025-07-21 03:42:57,073 [INFO] [14/300] loss 635.877 | compact 14.0107 | spectral 17.3294 | recons_loss: 0.215809 | sparse_loss: 1.03871 | 
2025-07-21 03:42:57,073 [INFO] [Iter 14] LR: 0.10000000
2025-07-21 03:42:57,074 [INFO] Saving best model at iteration 14
2025-07-21 03:42:57,671 [INFO] [15/300] loss 635.399 | compact 14.0162 | spectral 17.3084 | recons_loss: 0.212936 | sparse_loss: 1.03824 | 
2025-07-21 03:42:57,671 [INFO] [Iter 15] LR: 0.10000000
2025-07-21 03:42:57,672 [INFO] Saving best model at iteration 15
2025-07-21 03:42:58,269 [INFO] [16/300] loss 634.948 | compact 14.0214 | spectral 17.2923 | recons_loss: 0.210224 | sparse_loss: 1.03781 | 
2025-07-21 03:42:58,269 [INFO] [Iter 16] LR: 0.10000000
2025-07-21 03:42:58,270 [INFO] Saving best model at iteration 16
2025-07-21 03:42:58,866 [INFO] [17/300] loss 634.519 | compact 14.0283 | spectral 17.2714 | recons_loss: 0.20768 | sparse_loss: 1.03743 | 
2025-07-21 03:42:58,866 [INFO] [Iter 17] LR: 0.10000000
2025-07-21 03:42:58,867 [INFO] Saving best model at iteration 17
2025-07-21 03:42:59,464 [INFO] [18/300] loss 634.128 | compact 14.0322 | spectral 17.2582 | recons_loss: 0.205349 | sparse_loss: 1.03708 | 
2025-07-21 03:42:59,464 [INFO] [Iter 18] LR: 0.10000000
2025-07-21 03:42:59,465 [INFO] Saving best model at iteration 18
2025-07-21 03:43:00,062 [INFO] [19/300] loss 633.761 | compact 14.0372 | spectral 17.2483 | recons_loss: 0.20316 | sparse_loss: 1.03674 | 
2025-07-21 03:43:00,063 [INFO] [Iter 19] LR: 0.10000000
2025-07-21 03:43:00,064 [INFO] Saving best model at iteration 19
2025-07-21 03:43:00,675 [INFO] [20/300] loss 633.426 | compact 14.0407 | spectral 17.2447 | recons_loss: 0.20116 | sparse_loss: 1.03642 | 
2025-07-21 03:43:00,675 [INFO] [Iter 20] LR: 0.10000000
2025-07-21 03:43:00,676 [INFO] Saving best model at iteration 20
2025-07-21 03:43:01,273 [INFO] [21/300] loss 633.113 | compact 14.0434 | spectral 17.2448 | recons_loss: 0.199331 | sparse_loss: 1.03612 | 
2025-07-21 03:43:01,273 [INFO] [Iter 21] LR: 0.10000000
2025-07-21 03:43:01,274 [INFO] Saving best model at iteration 21
2025-07-21 03:43:01,871 [INFO] [22/300] loss 632.822 | compact 14.0471 | spectral 17.2459 | recons_loss: 0.197648 | sparse_loss: 1.03585 | 
2025-07-21 03:43:01,872 [INFO] [Iter 22] LR: 0.10000000
2025-07-21 03:43:01,873 [INFO] Saving best model at iteration 22
2025-07-21 03:43:02,470 [INFO] [23/300] loss 632.542 | compact 14.0525 | spectral 17.2446 | recons_loss: 0.196083 | sparse_loss: 1.03561 | 
2025-07-21 03:43:02,470 [INFO] [Iter 23] LR: 0.10000000
2025-07-21 03:43:02,472 [INFO] Saving best model at iteration 23
2025-07-21 03:43:03,069 [INFO] [24/300] loss 632.274 | compact 14.0586 | spectral 17.2434 | recons_loss: 0.194637 | sparse_loss: 1.0354 | 
2025-07-21 03:43:03,069 [INFO] [Iter 24] LR: 0.10000000
2025-07-21 03:43:03,070 [INFO] Saving best model at iteration 24
2025-07-21 03:43:03,667 [INFO] [25/300] loss 632.018 | compact 14.0642 | spectral 17.2417 | recons_loss: 0.193305 | sparse_loss: 1.03521 | 
2025-07-21 03:43:03,667 [INFO] [Iter 25] LR: 0.10000000
2025-07-21 03:43:03,668 [INFO] Saving best model at iteration 25
2025-07-21 03:43:04,265 [INFO] [26/300] loss 631.774 | compact 14.069 | spectral 17.2426 | recons_loss: 0.192095 | sparse_loss: 1.03502 | 
2025-07-21 03:43:04,265 [INFO] [Iter 26] LR: 0.10000000
2025-07-21 03:43:04,266 [INFO] Saving best model at iteration 26
2025-07-21 03:43:04,864 [INFO] [27/300] loss 631.545 | compact 14.0734 | spectral 17.2448 | recons_loss: 0.191001 | sparse_loss: 1.03484 | 
2025-07-21 03:43:04,865 [INFO] [Iter 27] LR: 0.10000000
2025-07-21 03:43:04,866 [INFO] Saving best model at iteration 27
2025-07-21 03:43:05,463 [INFO] [28/300] loss 631.328 | compact 14.077 | spectral 17.2505 | recons_loss: 0.189988 | sparse_loss: 1.03467 | 
2025-07-21 03:43:05,463 [INFO] [Iter 28] LR: 0.10000000
2025-07-21 03:43:05,465 [INFO] Saving best model at iteration 28
2025-07-21 03:43:06,061 [INFO] [29/300] loss 631.139 | compact 14.0856 | spectral 17.2601 | recons_loss: 0.189187 | sparse_loss: 1.0345 | 
2025-07-21 03:43:06,062 [INFO] [Iter 29] LR: 0.10000000
2025-07-21 03:43:06,063 [INFO] Saving best model at iteration 29
2025-07-21 03:43:06,660 [INFO] [30/300] loss 630.956 | compact 14.0939 | spectral 17.2698 | recons_loss: 0.188418 | sparse_loss: 1.03435 | 
2025-07-21 03:43:06,660 [INFO] [Iter 30] LR: 0.10000000
2025-07-21 03:43:06,661 [INFO] Saving best model at iteration 30
2025-07-21 03:43:07,259 [INFO] [31/300] loss 630.783 | compact 14.1029 | spectral 17.2776 | recons_loss: 0.187712 | sparse_loss: 1.03423 | 
2025-07-21 03:43:07,259 [INFO] [Iter 31] LR: 0.10000000
2025-07-21 03:43:07,262 [INFO] Saving best model at iteration 31
2025-07-21 03:43:07,877 [INFO] [32/300] loss 630.635 | compact 14.1152 | spectral 17.2912 | recons_loss: 0.187051 | sparse_loss: 1.03412 | 
2025-07-21 03:43:07,878 [INFO] [Iter 32] LR: 0.10000000
2025-07-21 03:43:07,879 [INFO] Saving best model at iteration 32
2025-07-21 03:43:08,477 [INFO] [33/300] loss 630.494 | compact 14.1266 | spectral 17.3052 | recons_loss: 0.186422 | sparse_loss: 1.03401 | 
2025-07-21 03:43:08,478 [INFO] [Iter 33] LR: 0.10000000
2025-07-21 03:43:08,480 [INFO] Saving best model at iteration 33
2025-07-21 03:43:09,084 [INFO] [34/300] loss 630.351 | compact 14.1365 | spectral 17.314 | recons_loss: 0.185827 | sparse_loss: 1.03389 | 
2025-07-21 03:43:09,084 [INFO] [Iter 34] LR: 0.10000000
2025-07-21 03:43:09,086 [INFO] Saving best model at iteration 34
2025-07-21 03:43:09,702 [INFO] [35/300] loss 630.209 | compact 14.1479 | spectral 17.3211 | recons_loss: 0.185262 | sparse_loss: 1.03377 | 
2025-07-21 03:43:09,702 [INFO] [Iter 35] LR: 0.10000000
2025-07-21 03:43:09,703 [INFO] Saving best model at iteration 35
2025-07-21 03:43:10,301 [INFO] [36/300] loss 630.068 | compact 14.1591 | spectral 17.3243 | recons_loss: 0.184723 | sparse_loss: 1.03367 | 
2025-07-21 03:43:10,302 [INFO] [Iter 36] LR: 0.10000000
2025-07-21 03:43:10,303 [INFO] Saving best model at iteration 36
2025-07-21 03:43:10,899 [INFO] [37/300] loss 629.936 | compact 14.1707 | spectral 17.3326 | recons_loss: 0.18421 | sparse_loss: 1.03357 | 
2025-07-21 03:43:10,900 [INFO] [Iter 37] LR: 0.10000000
2025-07-21 03:43:10,901 [INFO] Saving best model at iteration 37
2025-07-21 03:43:11,498 [INFO] [38/300] loss 629.805 | compact 14.1814 | spectral 17.3381 | recons_loss: 0.183721 | sparse_loss: 1.03349 | 
2025-07-21 03:43:11,498 [INFO] [Iter 38] LR: 0.10000000
2025-07-21 03:43:11,499 [INFO] Saving best model at iteration 38
2025-07-21 03:43:12,096 [INFO] [39/300] loss 629.679 | compact 14.1913 | spectral 17.3435 | recons_loss: 0.183268 | sparse_loss: 1.03339 | 
2025-07-21 03:43:12,097 [INFO] [Iter 39] LR: 0.10000000
2025-07-21 03:43:12,098 [INFO] Saving best model at iteration 39
2025-07-21 03:43:12,695 [INFO] [40/300] loss 629.555 | compact 14.2015 | spectral 17.3472 | recons_loss: 0.18284 | sparse_loss: 1.0333 | 
2025-07-21 03:43:12,695 [INFO] [Iter 40] LR: 0.10000000
2025-07-21 03:43:12,696 [INFO] Saving best model at iteration 40
2025-07-21 03:43:13,293 [INFO] [41/300] loss 629.434 | compact 14.2121 | spectral 17.3495 | recons_loss: 0.182436 | sparse_loss: 1.03321 | 
2025-07-21 03:43:13,294 [INFO] [Iter 41] LR: 0.10000000
2025-07-21 03:43:13,295 [INFO] Saving best model at iteration 41
2025-07-21 03:43:13,892 [INFO] [42/300] loss 629.318 | compact 14.2234 | spectral 17.3517 | recons_loss: 0.182058 | sparse_loss: 1.03313 | 
2025-07-21 03:43:13,892 [INFO] [Iter 42] LR: 0.10000000
2025-07-21 03:43:13,893 [INFO] Saving best model at iteration 42
2025-07-21 03:43:14,491 [INFO] [43/300] loss 629.203 | compact 14.2347 | spectral 17.3528 | recons_loss: 0.181694 | sparse_loss: 1.03305 | 
2025-07-21 03:43:14,491 [INFO] [Iter 43] LR: 0.10000000
2025-07-21 03:43:14,492 [INFO] Saving best model at iteration 43
2025-07-21 03:43:15,090 [INFO] [44/300] loss 629.092 | compact 14.2453 | spectral 17.3539 | recons_loss: 0.181353 | sparse_loss: 1.03297 | 
2025-07-21 03:43:15,090 [INFO] [Iter 44] LR: 0.10000000
2025-07-21 03:43:15,093 [INFO] Saving best model at iteration 44
2025-07-21 03:43:15,691 [INFO] [45/300] loss 628.987 | compact 14.2549 | spectral 17.3545 | recons_loss: 0.181036 | sparse_loss: 1.03289 | 
2025-07-21 03:43:15,691 [INFO] [Iter 45] LR: 0.10000000
2025-07-21 03:43:15,692 [INFO] Saving best model at iteration 45
2025-07-21 03:43:16,290 [INFO] [46/300] loss 628.884 | compact 14.2643 | spectral 17.356 | recons_loss: 0.180731 | sparse_loss: 1.03281 | 
2025-07-21 03:43:16,290 [INFO] [Iter 46] LR: 0.10000000
2025-07-21 03:43:16,291 [INFO] Saving best model at iteration 46
2025-07-21 03:43:16,893 [INFO] [47/300] loss 628.786 | compact 14.2734 | spectral 17.3577 | recons_loss: 0.180444 | sparse_loss: 1.03273 | 
2025-07-21 03:43:16,893 [INFO] [Iter 47] LR: 0.10000000
2025-07-21 03:43:16,894 [INFO] Saving best model at iteration 47
2025-07-21 03:43:17,495 [INFO] [48/300] loss 628.695 | compact 14.2814 | spectral 17.3606 | recons_loss: 0.18018 | sparse_loss: 1.03266 | 
2025-07-21 03:43:17,496 [INFO] [Iter 48] LR: 0.10000000
2025-07-21 03:43:17,498 [INFO] Saving best model at iteration 48
2025-07-21 03:43:18,097 [INFO] [49/300] loss 628.608 | compact 14.2884 | spectral 17.3648 | recons_loss: 0.17993 | sparse_loss: 1.03259 | 
2025-07-21 03:43:18,097 [INFO] [Iter 49] LR: 0.10000000
2025-07-21 03:43:18,098 [INFO] Saving best model at iteration 49
2025-07-21 03:43:18,277 [INFO] H: 600, W: 166
2025-07-21 03:43:18,386 [INFO] [0 1 2 3 4 5]
2025-07-21 03:43:18,481 [INFO] y_target: [1 2 3 4 5 6]
2025-07-21 03:43:18,481 [INFO] y_predict: [0 1 2 3 4 5]
2025-07-21 03:43:18,569 [INFO] Epoch = 50 OA = 0.8828 Kappa = 0.8431 NMI = 0.8106
2025-07-21 03:43:19,046 [INFO] [50/300] loss 628.521 | compact 14.2953 | spectral 17.3677 | recons_loss: 0.179696 | sparse_loss: 1.03251 | 
2025-07-21 03:43:19,046 [INFO] [Iter 50] LR: 0.10000000
2025-07-21 03:43:19,047 [INFO] Saving best model at iteration 50
2025-07-21 03:43:19,645 [INFO] [51/300] loss 628.435 | compact 14.3016 | spectral 17.3702 | recons_loss: 0.179478 | sparse_loss: 1.03244 | 
2025-07-21 03:43:19,645 [INFO] [Iter 51] LR: 0.10000000
2025-07-21 03:43:19,646 [INFO] Saving best model at iteration 51
2025-07-21 03:43:20,244 [INFO] [52/300] loss 628.351 | compact 14.3077 | spectral 17.3721 | recons_loss: 0.17927 | sparse_loss: 1.03238 | 
2025-07-21 03:43:20,244 [INFO] [Iter 52] LR: 0.10000000
2025-07-21 03:43:20,245 [INFO] Saving best model at iteration 52
2025-07-21 03:43:20,849 [INFO] [53/300] loss 628.269 | compact 14.3141 | spectral 17.3739 | recons_loss: 0.179071 | sparse_loss: 1.03232 | 
2025-07-21 03:43:20,849 [INFO] [Iter 53] LR: 0.10000000
2025-07-21 03:43:20,850 [INFO] Saving best model at iteration 53
2025-07-21 03:43:21,451 [INFO] [54/300] loss 628.19 | compact 14.3201 | spectral 17.3766 | recons_loss: 0.178884 | sparse_loss: 1.03226 | 
2025-07-21 03:43:21,451 [INFO] [Iter 54] LR: 0.10000000
2025-07-21 03:43:21,452 [INFO] Saving best model at iteration 54
2025-07-21 03:43:22,049 [INFO] [55/300] loss 628.114 | compact 14.325 | spectral 17.3788 | recons_loss: 0.178709 | sparse_loss: 1.03221 | 
2025-07-21 03:43:22,049 [INFO] [Iter 55] LR: 0.10000000
2025-07-21 03:43:22,050 [INFO] Saving best model at iteration 55
2025-07-21 03:43:22,656 [INFO] [56/300] loss 628.042 | compact 14.3297 | spectral 17.382 | recons_loss: 0.178549 | sparse_loss: 1.03216 | 
2025-07-21 03:43:22,656 [INFO] [Iter 56] LR: 0.10000000
2025-07-21 03:43:22,657 [INFO] Saving best model at iteration 56
2025-07-21 03:43:23,257 [INFO] [57/300] loss 627.973 | compact 14.3341 | spectral 17.3852 | recons_loss: 0.178396 | sparse_loss: 1.03211 | 
2025-07-21 03:43:23,258 [INFO] [Iter 57] LR: 0.10000000
2025-07-21 03:43:23,259 [INFO] Saving best model at iteration 57
2025-07-21 03:43:23,860 [INFO] [58/300] loss 627.906 | compact 14.3389 | spectral 17.387 | recons_loss: 0.178252 | sparse_loss: 1.03207 | 
2025-07-21 03:43:23,861 [INFO] [Iter 58] LR: 0.10000000
2025-07-21 03:43:23,863 [INFO] Saving best model at iteration 58
2025-07-21 03:43:24,463 [INFO] [59/300] loss 627.841 | compact 14.3439 | spectral 17.3892 | recons_loss: 0.178115 | sparse_loss: 1.03203 | 
2025-07-21 03:43:24,463 [INFO] [Iter 59] LR: 0.10000000
2025-07-21 03:43:24,464 [INFO] Saving best model at iteration 59
2025-07-21 03:43:25,080 [INFO] [60/300] loss 627.779 | compact 14.349 | spectral 17.3913 | recons_loss: 0.177985 | sparse_loss: 1.03199 | 
2025-07-21 03:43:25,081 [INFO] [Iter 60] LR: 0.10000000
2025-07-21 03:43:25,083 [INFO] Saving best model at iteration 60
2025-07-21 03:43:25,680 [INFO] [61/300] loss 627.72 | compact 14.3558 | spectral 17.3941 | recons_loss: 0.177869 | sparse_loss: 1.03195 | 
2025-07-21 03:43:25,680 [INFO] [Iter 61] LR: 0.10000000
2025-07-21 03:43:25,681 [INFO] Saving best model at iteration 61
2025-07-21 03:43:26,278 [INFO] [62/300] loss 627.663 | compact 14.3618 | spectral 17.3971 | recons_loss: 0.177754 | sparse_loss: 1.03191 | 
2025-07-21 03:43:26,279 [INFO] [Iter 62] LR: 0.10000000
2025-07-21 03:43:26,281 [INFO] Saving best model at iteration 62
2025-07-21 03:43:26,879 [INFO] [63/300] loss 627.607 | compact 14.3678 | spectral 17.3989 | recons_loss: 0.177639 | sparse_loss: 1.03187 | 
2025-07-21 03:43:26,879 [INFO] [Iter 63] LR: 0.10000000
2025-07-21 03:43:26,880 [INFO] Saving best model at iteration 63
2025-07-21 03:43:27,478 [INFO] [64/300] loss 627.55 | compact 14.373 | spectral 17.3999 | recons_loss: 0.177528 | sparse_loss: 1.03183 | 
2025-07-21 03:43:27,478 [INFO] [Iter 64] LR: 0.10000000
2025-07-21 03:43:27,479 [INFO] Saving best model at iteration 64
2025-07-21 03:43:28,094 [INFO] [65/300] loss 627.492 | compact 14.3775 | spectral 17.4013 | recons_loss: 0.177423 | sparse_loss: 1.0318 | 
2025-07-21 03:43:28,094 [INFO] [Iter 65] LR: 0.10000000
2025-07-21 03:43:28,096 [INFO] Saving best model at iteration 65
2025-07-21 03:43:28,694 [INFO] [66/300] loss 627.437 | compact 14.3816 | spectral 17.4033 | recons_loss: 0.177322 | sparse_loss: 1.03176 | 
2025-07-21 03:43:28,694 [INFO] [Iter 66] LR: 0.10000000
2025-07-21 03:43:28,695 [INFO] Saving best model at iteration 66
2025-07-21 03:43:29,294 [INFO] [67/300] loss 627.383 | compact 14.386 | spectral 17.4051 | recons_loss: 0.177226 | sparse_loss: 1.03172 | 
2025-07-21 03:43:29,294 [INFO] [Iter 67] LR: 0.10000000
2025-07-21 03:43:29,296 [INFO] Saving best model at iteration 67
2025-07-21 03:43:29,895 [INFO] [68/300] loss 627.333 | compact 14.3921 | spectral 17.4075 | recons_loss: 0.177134 | sparse_loss: 1.03169 | 
2025-07-21 03:43:29,895 [INFO] [Iter 68] LR: 0.10000000
2025-07-21 03:43:29,896 [INFO] Saving best model at iteration 68
2025-07-21 03:43:30,494 [INFO] [69/300] loss 627.284 | compact 14.3971 | spectral 17.4102 | recons_loss: 0.177048 | sparse_loss: 1.03166 | 
2025-07-21 03:43:30,494 [INFO] [Iter 69] LR: 0.10000000
2025-07-21 03:43:30,496 [INFO] Saving best model at iteration 69
2025-07-21 03:43:31,093 [INFO] [70/300] loss 627.233 | compact 14.4014 | spectral 17.4128 | recons_loss: 0.176959 | sparse_loss: 1.03162 | 
2025-07-21 03:43:31,094 [INFO] [Iter 70] LR: 0.10000000
2025-07-21 03:43:31,096 [INFO] Saving best model at iteration 70
2025-07-21 03:43:31,693 [INFO] [71/300] loss 627.181 | compact 14.4063 | spectral 17.4145 | recons_loss: 0.176873 | sparse_loss: 1.03159 | 
2025-07-21 03:43:31,694 [INFO] [Iter 71] LR: 0.10000000
2025-07-21 03:43:31,695 [INFO] Saving best model at iteration 71
2025-07-21 03:43:32,292 [INFO] [72/300] loss 627.133 | compact 14.4115 | spectral 17.4158 | recons_loss: 0.17679 | sparse_loss: 1.03155 | 
2025-07-21 03:43:32,293 [INFO] [Iter 72] LR: 0.10000000
2025-07-21 03:43:32,295 [INFO] Saving best model at iteration 72
2025-07-21 03:43:32,893 [INFO] [73/300] loss 627.083 | compact 14.4166 | spectral 17.4165 | recons_loss: 0.1767 | sparse_loss: 1.03151 | 
2025-07-21 03:43:32,893 [INFO] [Iter 73] LR: 0.10000000
2025-07-21 03:43:32,894 [INFO] Saving best model at iteration 73
2025-07-21 03:43:33,491 [INFO] [74/300] loss 627.036 | compact 14.4216 | spectral 17.4171 | recons_loss: 0.176612 | sparse_loss: 1.03148 | 
2025-07-21 03:43:33,491 [INFO] [Iter 74] LR: 0.10000000
2025-07-21 03:43:33,492 [INFO] Saving best model at iteration 74
2025-07-21 03:43:34,090 [INFO] [75/300] loss 626.991 | compact 14.4274 | spectral 17.4167 | recons_loss: 0.176527 | sparse_loss: 1.03146 | 
2025-07-21 03:43:34,090 [INFO] [Iter 75] LR: 0.10000000
2025-07-21 03:43:34,091 [INFO] Saving best model at iteration 75
2025-07-21 03:43:34,688 [INFO] [76/300] loss 626.947 | compact 14.4329 | spectral 17.4167 | recons_loss: 0.176441 | sparse_loss: 1.03142 | 
2025-07-21 03:43:34,689 [INFO] [Iter 76] LR: 0.10000000
2025-07-21 03:43:34,690 [INFO] Saving best model at iteration 76
2025-07-21 03:43:35,287 [INFO] [77/300] loss 626.902 | compact 14.4389 | spectral 17.4165 | recons_loss: 0.176356 | sparse_loss: 1.03138 | 
2025-07-21 03:43:35,288 [INFO] [Iter 77] LR: 0.10000000
2025-07-21 03:43:35,289 [INFO] Saving best model at iteration 77
2025-07-21 03:43:35,886 [INFO] [78/300] loss 626.856 | compact 14.444 | spectral 17.4167 | recons_loss: 0.176265 | sparse_loss: 1.03135 | 
2025-07-21 03:43:35,886 [INFO] [Iter 78] LR: 0.10000000
2025-07-21 03:43:35,887 [INFO] Saving best model at iteration 78
2025-07-21 03:43:36,485 [INFO] [79/300] loss 626.812 | compact 14.4495 | spectral 17.4166 | recons_loss: 0.176177 | sparse_loss: 1.03132 | 
2025-07-21 03:43:36,485 [INFO] [Iter 79] LR: 0.10000000
2025-07-21 03:43:36,486 [INFO] Saving best model at iteration 79
2025-07-21 03:43:37,095 [INFO] [80/300] loss 626.77 | compact 14.4545 | spectral 17.4167 | recons_loss: 0.176093 | sparse_loss: 1.03129 | 
2025-07-21 03:43:37,095 [INFO] [Iter 80] LR: 0.10000000
2025-07-21 03:43:37,096 [INFO] Saving best model at iteration 80
2025-07-21 03:43:37,693 [INFO] [81/300] loss 626.728 | compact 14.46 | spectral 17.4161 | recons_loss: 0.176019 | sparse_loss: 1.03126 | 
2025-07-21 03:43:37,694 [INFO] [Iter 81] LR: 0.10000000
2025-07-21 03:43:37,695 [INFO] Saving best model at iteration 81
2025-07-21 03:43:38,291 [INFO] [82/300] loss 626.69 | compact 14.4659 | spectral 17.4167 | recons_loss: 0.175947 | sparse_loss: 1.03124 | 
2025-07-21 03:43:38,292 [INFO] [Iter 82] LR: 0.10000000
2025-07-21 03:43:38,293 [INFO] Saving best model at iteration 82
2025-07-21 03:43:38,889 [INFO] [83/300] loss 626.652 | compact 14.4722 | spectral 17.4168 | recons_loss: 0.175874 | sparse_loss: 1.03122 | 
2025-07-21 03:43:38,889 [INFO] [Iter 83] LR: 0.10000000
2025-07-21 03:43:38,890 [INFO] Saving best model at iteration 83
2025-07-21 03:43:39,487 [INFO] [84/300] loss 626.614 | compact 14.4785 | spectral 17.417 | recons_loss: 0.1758 | sparse_loss: 1.0312 | 
2025-07-21 03:43:39,487 [INFO] [Iter 84] LR: 0.10000000
2025-07-21 03:43:39,488 [INFO] Saving best model at iteration 84
2025-07-21 03:43:40,086 [INFO] [85/300] loss 626.577 | compact 14.4835 | spectral 17.4184 | recons_loss: 0.175722 | sparse_loss: 1.03119 | 
2025-07-21 03:43:40,086 [INFO] [Iter 85] LR: 0.10000000
2025-07-21 03:43:40,088 [INFO] Saving best model at iteration 85
2025-07-21 03:43:40,688 [INFO] [86/300] loss 626.536 | compact 14.4895 | spectral 17.4181 | recons_loss: 0.175636 | sparse_loss: 1.03117 | 
2025-07-21 03:43:40,688 [INFO] [Iter 86] LR: 0.10000000
2025-07-21 03:43:40,689 [INFO] Saving best model at iteration 86
2025-07-21 03:43:41,287 [INFO] [87/300] loss 626.497 | compact 14.4976 | spectral 17.4175 | recons_loss: 0.175553 | sparse_loss: 1.03116 | 
2025-07-21 03:43:41,287 [INFO] [Iter 87] LR: 0.10000000
2025-07-21 03:43:41,288 [INFO] Saving best model at iteration 87
2025-07-21 03:43:41,885 [INFO] [88/300] loss 626.456 | compact 14.5027 | spectral 17.411 | recons_loss: 0.175472 | sparse_loss: 1.03115 | 
2025-07-21 03:43:41,885 [INFO] [Iter 88] LR: 0.10000000
2025-07-21 03:43:41,887 [INFO] Saving best model at iteration 88
2025-07-21 03:43:42,501 [INFO] [89/300] loss 626.411 | compact 14.5084 | spectral 17.4055 | recons_loss: 0.175377 | sparse_loss: 1.03114 | 
2025-07-21 03:43:42,501 [INFO] [Iter 89] LR: 0.10000000
2025-07-21 03:43:42,503 [INFO] Saving best model at iteration 89
2025-07-21 03:43:43,102 [INFO] [90/300] loss 626.37 | compact 14.5154 | spectral 17.3995 | recons_loss: 0.175285 | sparse_loss: 1.03113 | 
2025-07-21 03:43:43,102 [INFO] [Iter 90] LR: 0.10000000
2025-07-21 03:43:43,103 [INFO] Saving best model at iteration 90
2025-07-21 03:43:43,711 [INFO] [91/300] loss 626.33 | compact 14.5217 | spectral 17.3944 | recons_loss: 0.175199 | sparse_loss: 1.03111 | 
2025-07-21 03:43:43,711 [INFO] [Iter 91] LR: 0.10000000
2025-07-21 03:43:43,712 [INFO] Saving best model at iteration 91
2025-07-21 03:43:44,309 [INFO] [92/300] loss 626.29 | compact 14.5279 | spectral 17.3893 | recons_loss: 0.175108 | sparse_loss: 1.03109 | 
2025-07-21 03:43:44,309 [INFO] [Iter 92] LR: 0.10000000
2025-07-21 03:43:44,311 [INFO] Saving best model at iteration 92
2025-07-21 03:43:44,918 [INFO] [93/300] loss 626.254 | compact 14.5346 | spectral 17.3841 | recons_loss: 0.175024 | sparse_loss: 1.03107 | 
2025-07-21 03:43:44,918 [INFO] [Iter 93] LR: 0.10000000
2025-07-21 03:43:44,919 [INFO] Saving best model at iteration 93
2025-07-21 03:43:45,518 [INFO] [94/300] loss 626.219 | compact 14.5412 | spectral 17.379 | recons_loss: 0.17493 | sparse_loss: 1.03106 | 
2025-07-21 03:43:45,518 [INFO] [Iter 94] LR: 0.10000000
2025-07-21 03:43:45,519 [INFO] Saving best model at iteration 94
2025-07-21 03:43:46,131 [INFO] [95/300] loss 626.18 | compact 14.5468 | spectral 17.3737 | recons_loss: 0.174836 | sparse_loss: 1.03103 | 
2025-07-21 03:43:46,131 [INFO] [Iter 95] LR: 0.10000000
2025-07-21 03:43:46,132 [INFO] Saving best model at iteration 95
2025-07-21 03:43:46,733 [INFO] [96/300] loss 626.146 | compact 14.5511 | spectral 17.3695 | recons_loss: 0.174743 | sparse_loss: 1.03101 | 
2025-07-21 03:43:46,733 [INFO] [Iter 96] LR: 0.10000000
2025-07-21 03:43:46,735 [INFO] Saving best model at iteration 96
2025-07-21 03:43:47,333 [INFO] [97/300] loss 626.118 | compact 14.5544 | spectral 17.3649 | recons_loss: 0.174658 | sparse_loss: 1.031 | 
2025-07-21 03:43:47,333 [INFO] [Iter 97] LR: 0.10000000
2025-07-21 03:43:47,334 [INFO] Saving best model at iteration 97
2025-07-21 03:43:47,931 [INFO] [98/300] loss 626.09 | compact 14.5583 | spectral 17.3604 | recons_loss: 0.174569 | sparse_loss: 1.03099 | 
2025-07-21 03:43:47,932 [INFO] [Iter 98] LR: 0.05000000
2025-07-21 03:43:47,933 [INFO] Saving best model at iteration 98
2025-07-21 03:43:48,530 [INFO] [99/300] loss 626.068 | compact 14.5619 | spectral 17.3578 | recons_loss: 0.174478 | sparse_loss: 1.03097 | 
2025-07-21 03:43:48,530 [INFO] [Iter 99] LR: 0.05000000
2025-07-21 03:43:48,531 [INFO] Saving best model at iteration 99
2025-07-21 03:43:48,726 [INFO] H: 600, W: 166
2025-07-21 03:43:48,836 [INFO] [0 1 2 3 4 5]
2025-07-21 03:43:49,132 [INFO] y_target: [1 2 3 4 5 6]
2025-07-21 03:43:49,133 [INFO] y_predict: [0 1 2 3 4 5]
2025-07-21 03:43:49,219 [INFO] Epoch = 100 OA = 0.8550 Kappa = 0.8063 NMI = 0.8027
2025-07-21 03:43:49,695 [INFO] [100/300] loss 626.042 | compact 14.5653 | spectral 17.3551 | recons_loss: 0.174379 | sparse_loss: 1.03096 | 
2025-07-21 03:43:49,695 [INFO] [Iter 100] LR: 0.05000000
2025-07-21 03:43:49,697 [INFO] Saving best model at iteration 100
2025-07-21 03:43:50,294 [INFO] [101/300] loss 626.014 | compact 14.5691 | spectral 17.3517 | recons_loss: 0.174283 | sparse_loss: 1.03094 | 
2025-07-21 03:43:50,294 [INFO] [Iter 101] LR: 0.05000000
2025-07-21 03:43:50,295 [INFO] Saving best model at iteration 101
2025-07-21 03:43:50,892 [INFO] [102/300] loss 625.986 | compact 14.5723 | spectral 17.3498 | recons_loss: 0.17419 | sparse_loss: 1.03092 | 
2025-07-21 03:43:50,892 [INFO] [Iter 102] LR: 0.05000000
2025-07-21 03:43:50,893 [INFO] Saving best model at iteration 102
2025-07-21 03:43:51,507 [INFO] [103/300] loss 625.957 | compact 14.5762 | spectral 17.3477 | recons_loss: 0.174096 | sparse_loss: 1.0309 | 
2025-07-21 03:43:51,507 [INFO] [Iter 103] LR: 0.05000000
2025-07-21 03:43:51,508 [INFO] Saving best model at iteration 103
2025-07-21 03:43:52,105 [INFO] [104/300] loss 625.926 | compact 14.5804 | spectral 17.3454 | recons_loss: 0.174004 | sparse_loss: 1.03088 | 
2025-07-21 03:43:52,106 [INFO] [Iter 104] LR: 0.05000000
2025-07-21 03:43:52,107 [INFO] Saving best model at iteration 104
2025-07-21 03:43:52,705 [INFO] [105/300] loss 625.897 | compact 14.5843 | spectral 17.3434 | recons_loss: 0.173919 | sparse_loss: 1.03086 | 
2025-07-21 03:43:52,706 [INFO] [Iter 105] LR: 0.05000000
2025-07-21 03:43:52,707 [INFO] Saving best model at iteration 105
2025-07-21 03:43:53,305 [INFO] [106/300] loss 625.868 | compact 14.5875 | spectral 17.342 | recons_loss: 0.173837 | sparse_loss: 1.03085 | 
2025-07-21 03:43:53,305 [INFO] [Iter 106] LR: 0.05000000
2025-07-21 03:43:53,306 [INFO] Saving best model at iteration 106
2025-07-21 03:43:53,904 [INFO] [107/300] loss 625.837 | compact 14.5908 | spectral 17.3406 | recons_loss: 0.173755 | sparse_loss: 1.03083 | 
2025-07-21 03:43:53,904 [INFO] [Iter 107] LR: 0.05000000
2025-07-21 03:43:53,906 [INFO] Saving best model at iteration 107
2025-07-21 03:43:54,519 [INFO] [108/300] loss 625.805 | compact 14.5937 | spectral 17.3398 | recons_loss: 0.173675 | sparse_loss: 1.03081 | 
2025-07-21 03:43:54,519 [INFO] [Iter 108] LR: 0.05000000
2025-07-21 03:43:54,520 [INFO] Saving best model at iteration 108
2025-07-21 03:43:55,127 [INFO] [109/300] loss 625.771 | compact 14.5961 | spectral 17.3387 | recons_loss: 0.173593 | sparse_loss: 1.03079 | 
2025-07-21 03:43:55,127 [INFO] [Iter 109] LR: 0.05000000
2025-07-21 03:43:55,128 [INFO] Saving best model at iteration 109
2025-07-21 03:43:55,726 [INFO] [110/300] loss 625.739 | compact 14.5982 | spectral 17.3384 | recons_loss: 0.173514 | sparse_loss: 1.03077 | 
2025-07-21 03:43:55,726 [INFO] [Iter 110] LR: 0.05000000
2025-07-21 03:43:55,729 [INFO] Saving best model at iteration 110
2025-07-21 03:43:56,328 [INFO] [111/300] loss 625.707 | compact 14.6004 | spectral 17.3381 | recons_loss: 0.17344 | sparse_loss: 1.03076 | 
2025-07-21 03:43:56,329 [INFO] [Iter 111] LR: 0.05000000
2025-07-21 03:43:56,330 [INFO] Saving best model at iteration 111
2025-07-21 03:43:56,928 [INFO] [112/300] loss 625.681 | compact 14.6027 | spectral 17.3388 | recons_loss: 0.173379 | sparse_loss: 1.03074 | 
2025-07-21 03:43:56,928 [INFO] [Iter 112] LR: 0.05000000
2025-07-21 03:43:56,930 [INFO] Saving best model at iteration 112
2025-07-21 03:43:57,535 [INFO] [113/300] loss 625.652 | compact 14.6053 | spectral 17.3383 | recons_loss: 0.173331 | sparse_loss: 1.03073 | 
2025-07-21 03:43:57,536 [INFO] [Iter 113] LR: 0.02500000
2025-07-21 03:43:57,537 [INFO] Saving best model at iteration 113
2025-07-21 03:43:58,153 [INFO] [114/300] loss 625.622 | compact 14.6083 | spectral 17.3372 | recons_loss: 0.173287 | sparse_loss: 1.03071 | 
2025-07-21 03:43:58,154 [INFO] [Iter 114] LR: 0.02500000
2025-07-21 03:43:58,155 [INFO] Saving best model at iteration 114
2025-07-21 03:43:58,765 [INFO] [115/300] loss 625.594 | compact 14.6111 | spectral 17.336 | recons_loss: 0.173246 | sparse_loss: 1.0307 | 
2025-07-21 03:43:58,766 [INFO] [Iter 115] LR: 0.02500000
2025-07-21 03:43:58,767 [INFO] Saving best model at iteration 115
2025-07-21 03:43:59,365 [INFO] [116/300] loss 625.567 | compact 14.6138 | spectral 17.3349 | recons_loss: 0.173211 | sparse_loss: 1.03068 | 
2025-07-21 03:43:59,365 [INFO] [Iter 116] LR: 0.02500000
2025-07-21 03:43:59,366 [INFO] Saving best model at iteration 116
2025-07-21 03:43:59,964 [INFO] [117/300] loss 625.539 | compact 14.6165 | spectral 17.3339 | recons_loss: 0.173178 | sparse_loss: 1.03067 | 
2025-07-21 03:43:59,965 [INFO] [Iter 117] LR: 0.01250000
2025-07-21 03:43:59,967 [INFO] Saving best model at iteration 117
2025-07-21 03:44:00,564 [INFO] [118/300] loss 625.514 | compact 14.6186 | spectral 17.333 | recons_loss: 0.173147 | sparse_loss: 1.03065 | 
2025-07-21 03:44:00,564 [INFO] [Iter 118] LR: 0.01250000
2025-07-21 03:44:00,565 [INFO] Saving best model at iteration 118
2025-07-21 03:44:01,163 [INFO] [119/300] loss 625.489 | compact 14.6202 | spectral 17.3326 | recons_loss: 0.173118 | sparse_loss: 1.03064 | 
2025-07-21 03:44:01,163 [INFO] [Iter 119] LR: 0.01250000
2025-07-21 03:44:01,165 [INFO] Saving best model at iteration 119
2025-07-21 03:44:01,766 [INFO] [120/300] loss 625.466 | compact 14.6217 | spectral 17.3321 | recons_loss: 0.173089 | sparse_loss: 1.03062 | 
2025-07-21 03:44:01,766 [INFO] [Iter 120] LR: 0.01250000
2025-07-21 03:44:01,768 [INFO] Saving best model at iteration 120
2025-07-21 03:44:02,367 [INFO] [121/300] loss 625.442 | compact 14.6232 | spectral 17.3316 | recons_loss: 0.173059 | sparse_loss: 1.03061 | 
2025-07-21 03:44:02,368 [INFO] [Iter 121] LR: 0.00625000
2025-07-21 03:44:02,369 [INFO] Saving best model at iteration 121
2025-07-21 03:44:02,966 [INFO] [122/300] loss 625.419 | compact 14.6246 | spectral 17.3311 | recons_loss: 0.17303 | sparse_loss: 1.03059 | 
2025-07-21 03:44:02,967 [INFO] [Iter 122] LR: 0.00625000
2025-07-21 03:44:02,968 [INFO] Saving best model at iteration 122
2025-07-21 03:44:03,565 [INFO] [123/300] loss 625.397 | compact 14.626 | spectral 17.3306 | recons_loss: 0.173002 | sparse_loss: 1.03057 | 
2025-07-21 03:44:03,565 [INFO] [Iter 123] LR: 0.00625000
2025-07-21 03:44:03,566 [INFO] Saving best model at iteration 123
2025-07-21 03:44:04,163 [INFO] [124/300] loss 625.377 | compact 14.6271 | spectral 17.3302 | recons_loss: 0.172974 | sparse_loss: 1.03056 | 
2025-07-21 03:44:04,163 [INFO] [Iter 124] LR: 0.00625000
2025-07-21 03:44:04,164 [INFO] Saving best model at iteration 124
2025-07-21 03:44:04,761 [INFO] [125/300] loss 625.357 | compact 14.6281 | spectral 17.3298 | recons_loss: 0.172948 | sparse_loss: 1.03054 | 
2025-07-21 03:44:04,762 [INFO] [Iter 125] LR: 0.00312500
2025-07-21 03:44:04,763 [INFO] Saving best model at iteration 125
2025-07-21 03:44:05,360 [INFO] [126/300] loss 625.339 | compact 14.6291 | spectral 17.3293 | recons_loss: 0.172926 | sparse_loss: 1.03053 | 
2025-07-21 03:44:05,360 [INFO] [Iter 126] LR: 0.00312500
2025-07-21 03:44:05,361 [INFO] Saving best model at iteration 126
2025-07-21 03:44:05,960 [INFO] [127/300] loss 625.322 | compact 14.6299 | spectral 17.329 | recons_loss: 0.172904 | sparse_loss: 1.03052 | 
2025-07-21 03:44:05,961 [INFO] [Iter 127] LR: 0.00312500
2025-07-21 03:44:05,962 [INFO] Saving best model at iteration 127
2025-07-21 03:44:06,571 [INFO] [128/300] loss 625.307 | compact 14.6305 | spectral 17.3288 | recons_loss: 0.172884 | sparse_loss: 1.03051 | 
2025-07-21 03:44:06,571 [INFO] [Iter 128] LR: 0.00156250
2025-07-21 03:44:06,573 [INFO] Saving best model at iteration 128
2025-07-21 03:44:07,170 [INFO] [129/300] loss 625.292 | compact 14.6312 | spectral 17.3285 | recons_loss: 0.172867 | sparse_loss: 1.0305 | 
2025-07-21 03:44:07,170 [INFO] [Iter 129] LR: 0.00156250
2025-07-21 03:44:07,172 [INFO] Saving best model at iteration 129
2025-07-21 03:44:07,769 [INFO] [130/300] loss 625.28 | compact 14.6318 | spectral 17.3284 | recons_loss: 0.172852 | sparse_loss: 1.03049 | 
2025-07-21 03:44:07,769 [INFO] [Iter 130] LR: 0.00156250
2025-07-21 03:44:07,770 [INFO] Saving best model at iteration 130
2025-07-21 03:44:08,367 [INFO] [131/300] loss 625.268 | compact 14.6323 | spectral 17.3282 | recons_loss: 0.172839 | sparse_loss: 1.03049 | 
2025-07-21 03:44:08,368 [INFO] [Iter 131] LR: 0.00078125
2025-07-21 03:44:08,369 [INFO] Saving best model at iteration 131
2025-07-21 03:44:08,965 [INFO] [132/300] loss 625.258 | compact 14.6329 | spectral 17.328 | recons_loss: 0.172826 | sparse_loss: 1.03048 | 
2025-07-21 03:44:08,965 [INFO] [Iter 132] LR: 0.00078125
2025-07-21 03:44:08,966 [INFO] Saving best model at iteration 132
2025-07-21 03:44:09,564 [INFO] [133/300] loss 625.248 | compact 14.6334 | spectral 17.3278 | recons_loss: 0.172815 | sparse_loss: 1.03047 | 
2025-07-21 03:44:09,564 [INFO] [Iter 133] LR: 0.00078125
2025-07-21 03:44:09,565 [INFO] Saving best model at iteration 133
2025-07-21 03:44:10,162 [INFO] [134/300] loss 625.239 | compact 14.6339 | spectral 17.3277 | recons_loss: 0.172805 | sparse_loss: 1.03047 | 
2025-07-21 03:44:10,162 [INFO] [Iter 134] LR: 0.00039063
2025-07-21 03:44:10,163 [INFO] Saving best model at iteration 134
2025-07-21 03:44:10,760 [INFO] [135/300] loss 625.231 | compact 14.6344 | spectral 17.3275 | recons_loss: 0.172795 | sparse_loss: 1.03046 | 
2025-07-21 03:44:10,760 [INFO] [Iter 135] LR: 0.00039063
2025-07-21 03:44:10,761 [INFO] Saving best model at iteration 135
2025-07-21 03:44:11,358 [INFO] [136/300] loss 625.224 | compact 14.6348 | spectral 17.3274 | recons_loss: 0.172787 | sparse_loss: 1.03046 | 
2025-07-21 03:44:11,358 [INFO] [Iter 136] LR: 0.00039063
2025-07-21 03:44:11,360 [INFO] Saving best model at iteration 136
2025-07-21 03:44:11,962 [INFO] [137/300] loss 625.218 | compact 14.6351 | spectral 17.3273 | recons_loss: 0.172779 | sparse_loss: 1.03045 | 
2025-07-21 03:44:11,963 [INFO] [Iter 137] LR: 0.00019531
2025-07-21 03:44:11,965 [INFO] Saving best model at iteration 137
2025-07-21 03:44:12,566 [INFO] [138/300] loss 625.212 | compact 14.6355 | spectral 17.3271 | recons_loss: 0.172772 | sparse_loss: 1.03045 | 
2025-07-21 03:44:12,567 [INFO] [Iter 138] LR: 0.00019531
2025-07-21 03:44:12,568 [INFO] Saving best model at iteration 138
2025-07-21 03:44:13,166 [INFO] [139/300] loss 625.206 | compact 14.6359 | spectral 17.3269 | recons_loss: 0.172766 | sparse_loss: 1.03045 | 
2025-07-21 03:44:13,167 [INFO] [Iter 139] LR: 0.00019531
2025-07-21 03:44:13,169 [INFO] Saving best model at iteration 139
2025-07-21 03:44:13,779 [INFO] [140/300] loss 625.201 | compact 14.6362 | spectral 17.3268 | recons_loss: 0.17276 | sparse_loss: 1.03044 | 
2025-07-21 03:44:13,779 [INFO] [Iter 140] LR: 0.00009766
2025-07-21 03:44:13,780 [INFO] Saving best model at iteration 140
2025-07-21 03:44:14,378 [INFO] [141/300] loss 625.196 | compact 14.6365 | spectral 17.3266 | recons_loss: 0.172755 | sparse_loss: 1.03044 | 
2025-07-21 03:44:14,378 [INFO] [Iter 141] LR: 0.00009766
2025-07-21 03:44:14,379 [INFO] Saving best model at iteration 141
2025-07-21 03:44:14,978 [INFO] [142/300] loss 625.192 | compact 14.6368 | spectral 17.3265 | recons_loss: 0.172751 | sparse_loss: 1.03044 | 
2025-07-21 03:44:14,978 [INFO] [Iter 142] LR: 0.00009766
2025-07-21 03:44:14,979 [INFO] Saving best model at iteration 142
2025-07-21 03:44:15,578 [INFO] [143/300] loss 625.189 | compact 14.637 | spectral 17.3263 | recons_loss: 0.172747 | sparse_loss: 1.03044 | 
2025-07-21 03:44:15,578 [INFO] [Iter 143] LR: 0.00004883
2025-07-21 03:44:15,580 [INFO] Saving best model at iteration 143
2025-07-21 03:44:16,180 [INFO] [144/300] loss 625.185 | compact 14.6373 | spectral 17.3262 | recons_loss: 0.172743 | sparse_loss: 1.03043 | 
2025-07-21 03:44:16,180 [INFO] [Iter 144] LR: 0.00004883
2025-07-21 03:44:16,181 [INFO] Saving best model at iteration 144
2025-07-21 03:44:16,779 [INFO] [145/300] loss 625.182 | compact 14.6375 | spectral 17.3261 | recons_loss: 0.172739 | sparse_loss: 1.03043 | 
2025-07-21 03:44:16,779 [INFO] [Iter 145] LR: 0.00004883
2025-07-21 03:44:16,780 [INFO] Saving best model at iteration 145
2025-07-21 03:44:17,376 [INFO] [146/300] loss 625.179 | compact 14.6377 | spectral 17.326 | recons_loss: 0.172736 | sparse_loss: 1.03043 | 
2025-07-21 03:44:17,376 [INFO] [Iter 146] LR: 0.00002441
2025-07-21 03:44:17,377 [INFO] Saving best model at iteration 146
2025-07-21 03:44:17,993 [INFO] [147/300] loss 625.177 | compact 14.6378 | spectral 17.3259 | recons_loss: 0.172733 | sparse_loss: 1.03043 | 
2025-07-21 03:44:17,994 [INFO] [Iter 147] LR: 0.00002441
2025-07-21 03:44:17,996 [INFO] Saving best model at iteration 147
2025-07-21 03:44:18,612 [INFO] [148/300] loss 625.175 | compact 14.638 | spectral 17.3259 | recons_loss: 0.172731 | sparse_loss: 1.03043 | 
2025-07-21 03:44:18,612 [INFO] [Iter 148] LR: 0.00002441
2025-07-21 03:44:18,613 [INFO] Saving best model at iteration 148
2025-07-21 03:44:19,213 [INFO] [149/300] loss 625.173 | compact 14.6381 | spectral 17.3258 | recons_loss: 0.172729 | sparse_loss: 1.03043 | 
2025-07-21 03:44:19,213 [INFO] [Iter 149] LR: 0.00001221
2025-07-21 03:44:19,214 [INFO] Saving best model at iteration 149
2025-07-21 03:44:19,402 [INFO] H: 600, W: 166
2025-07-21 03:44:19,491 [INFO] [0 1 2 3 4 5]
2025-07-21 03:44:19,586 [INFO] y_target: [1 2 3 4 5 6]
2025-07-21 03:44:19,587 [INFO] y_predict: [0 1 2 3 4 5]
2025-07-21 03:44:19,673 [INFO] Epoch = 150 OA = 0.8553 Kappa = 0.8067 NMI = 0.8028
2025-07-21 03:44:20,149 [INFO] [150/300] loss 625.171 | compact 14.6382 | spectral 17.3258 | recons_loss: 0.172727 | sparse_loss: 1.03042 | 
2025-07-21 03:44:20,150 [INFO] [Iter 150] LR: 0.00001221
2025-07-21 03:44:20,151 [INFO] Saving best model at iteration 150
2025-07-21 03:44:20,748 [INFO] [151/300] loss 625.169 | compact 14.6383 | spectral 17.3257 | recons_loss: 0.172725 | sparse_loss: 1.03042 | 
2025-07-21 03:44:20,748 [INFO] [Iter 151] LR: 0.00001221
2025-07-21 03:44:20,749 [INFO] Saving best model at iteration 151
2025-07-21 03:44:21,346 [INFO] [152/300] loss 625.168 | compact 14.6384 | spectral 17.3256 | recons_loss: 0.172723 | sparse_loss: 1.03042 | 
2025-07-21 03:44:21,346 [INFO] [Iter 152] LR: 0.00000610
2025-07-21 03:44:21,347 [INFO] Saving best model at iteration 152
2025-07-21 03:44:21,944 [INFO] [153/300] loss 625.166 | compact 14.6385 | spectral 17.3256 | recons_loss: 0.172722 | sparse_loss: 1.03042 | 
2025-07-21 03:44:21,944 [INFO] [Iter 153] LR: 0.00000610
2025-07-21 03:44:21,945 [INFO] Saving best model at iteration 153
2025-07-21 03:44:22,542 [INFO] [154/300] loss 625.165 | compact 14.6386 | spectral 17.3256 | recons_loss: 0.17272 | sparse_loss: 1.03042 | 
2025-07-21 03:44:22,543 [INFO] [Iter 154] LR: 0.00000610
2025-07-21 03:44:22,544 [INFO] Saving best model at iteration 154
2025-07-21 03:44:23,141 [INFO] [155/300] loss 625.164 | compact 14.6387 | spectral 17.3255 | recons_loss: 0.172719 | sparse_loss: 1.03042 | 
2025-07-21 03:44:23,142 [INFO] [Iter 155] LR: 0.00000305
2025-07-21 03:44:23,143 [INFO] Saving best model at iteration 155
2025-07-21 03:44:23,740 [INFO] [156/300] loss 625.163 | compact 14.6387 | spectral 17.3255 | recons_loss: 0.172718 | sparse_loss: 1.03042 | 
2025-07-21 03:44:23,740 [INFO] [Iter 156] LR: 0.00000305
2025-07-21 03:44:23,742 [INFO] Saving best model at iteration 156
2025-07-21 03:44:24,339 [INFO] [157/300] loss 625.162 | compact 14.6388 | spectral 17.3255 | recons_loss: 0.172717 | sparse_loss: 1.03042 | 
2025-07-21 03:44:24,339 [INFO] [Iter 157] LR: 0.00000305
2025-07-21 03:44:24,340 [INFO] Saving best model at iteration 157
2025-07-21 03:44:24,944 [INFO] [158/300] loss 625.161 | compact 14.6388 | spectral 17.3254 | recons_loss: 0.172716 | sparse_loss: 1.03042 | 
2025-07-21 03:44:24,944 [INFO] [Iter 158] LR: 0.00000153
2025-07-21 03:44:24,945 [INFO] Saving best model at iteration 158
2025-07-21 03:44:25,543 [INFO] [159/300] loss 625.161 | compact 14.6389 | spectral 17.3254 | recons_loss: 0.172715 | sparse_loss: 1.03042 | 
2025-07-21 03:44:25,543 [INFO] [Iter 159] LR: 0.00000153
2025-07-21 03:44:25,544 [INFO] Saving best model at iteration 159
2025-07-21 03:44:26,146 [INFO] [160/300] loss 625.16 | compact 14.6389 | spectral 17.3254 | recons_loss: 0.172715 | sparse_loss: 1.03042 | 
2025-07-21 03:44:26,147 [INFO] [Iter 160] LR: 0.00000153
2025-07-21 03:44:26,148 [INFO] Saving best model at iteration 160
2025-07-21 03:44:26,754 [INFO] [161/300] loss 625.159 | compact 14.639 | spectral 17.3254 | recons_loss: 0.172714 | sparse_loss: 1.03042 | 
2025-07-21 03:44:26,754 [INFO] [Iter 161] LR: 0.00000076
2025-07-21 03:44:26,755 [INFO] Saving best model at iteration 161
2025-07-21 03:44:27,352 [INFO] [162/300] loss 625.159 | compact 14.639 | spectral 17.3254 | recons_loss: 0.172713 | sparse_loss: 1.03042 | 
2025-07-21 03:44:27,352 [INFO] [Iter 162] LR: 0.00000076
2025-07-21 03:44:27,353 [INFO] Saving best model at iteration 162
2025-07-21 03:44:27,951 [INFO] [163/300] loss 625.158 | compact 14.639 | spectral 17.3254 | recons_loss: 0.172713 | sparse_loss: 1.03042 | 
2025-07-21 03:44:27,952 [INFO] [Iter 163] LR: 0.00000076
2025-07-21 03:44:27,953 [INFO] Saving best model at iteration 163
2025-07-21 03:44:28,551 [INFO] [164/300] loss 625.158 | compact 14.639 | spectral 17.3253 | recons_loss: 0.172712 | sparse_loss: 1.03042 | 
2025-07-21 03:44:28,551 [INFO] [Iter 164] LR: 0.00000038
2025-07-21 03:44:28,552 [INFO] Saving best model at iteration 164
2025-07-21 03:44:29,149 [INFO] [165/300] loss 625.158 | compact 14.6391 | spectral 17.3253 | recons_loss: 0.172712 | sparse_loss: 1.03042 | 
2025-07-21 03:44:29,149 [INFO] [Iter 165] LR: 0.00000038
2025-07-21 03:44:29,150 [INFO] Saving best model at iteration 165
2025-07-21 03:44:29,747 [INFO] [166/300] loss 625.157 | compact 14.6391 | spectral 17.3253 | recons_loss: 0.172712 | sparse_loss: 1.03042 | 
2025-07-21 03:44:29,747 [INFO] [Iter 166] LR: 0.00000038
2025-07-21 03:44:29,748 [INFO] Saving best model at iteration 166
2025-07-21 03:44:30,345 [INFO] [167/300] loss 625.157 | compact 14.6391 | spectral 17.3253 | recons_loss: 0.172711 | sparse_loss: 1.03042 | 
2025-07-21 03:44:30,345 [INFO] [Iter 167] LR: 0.00000019
2025-07-21 03:44:30,346 [INFO] Saving best model at iteration 167
2025-07-21 03:44:30,945 [INFO] [168/300] loss 625.157 | compact 14.6391 | spectral 17.3253 | recons_loss: 0.172711 | sparse_loss: 1.03042 | 
2025-07-21 03:44:30,945 [INFO] [Iter 168] LR: 0.00000019
2025-07-21 03:44:30,947 [INFO] Saving best model at iteration 168
2025-07-21 03:44:31,544 [INFO] [169/300] loss 625.156 | compact 14.6391 | spectral 17.3253 | recons_loss: 0.172711 | sparse_loss: 1.03042 | 
2025-07-21 03:44:31,544 [INFO] [Iter 169] LR: 0.00000019
2025-07-21 03:44:31,545 [INFO] Saving best model at iteration 169
2025-07-21 03:44:32,143 [INFO] [170/300] loss 625.156 | compact 14.6392 | spectral 17.3253 | recons_loss: 0.17271 | sparse_loss: 1.03042 | 
2025-07-21 03:44:32,143 [INFO] [Iter 170] LR: 0.00000010
2025-07-21 03:44:32,144 [INFO] Saving best model at iteration 170
2025-07-21 03:44:32,744 [INFO] [171/300] loss 625.156 | compact 14.6392 | spectral 17.3253 | recons_loss: 0.17271 | sparse_loss: 1.03042 | 
2025-07-21 03:44:32,745 [INFO] [Iter 171] LR: 0.00000010
2025-07-21 03:44:32,747 [INFO] Saving best model at iteration 171
2025-07-21 03:44:33,366 [INFO] [172/300] loss 625.156 | compact 14.6392 | spectral 17.3253 | recons_loss: 0.17271 | sparse_loss: 1.03041 | 
2025-07-21 03:44:33,367 [INFO] [Iter 172] LR: 0.00000010
2025-07-21 03:44:33,368 [INFO] Saving best model at iteration 172
2025-07-21 03:44:33,976 [INFO] [173/300] loss 625.156 | compact 14.6392 | spectral 17.3253 | recons_loss: 0.17271 | sparse_loss: 1.03041 | 
2025-07-21 03:44:33,977 [INFO] [Iter 173] LR: 0.00000005
2025-07-21 03:44:33,978 [INFO] Saving best model at iteration 173
2025-07-21 03:44:34,588 [INFO] [174/300] loss 625.155 | compact 14.6392 | spectral 17.3253 | recons_loss: 0.17271 | sparse_loss: 1.03041 | 
2025-07-21 03:44:34,588 [INFO] [Iter 174] LR: 0.00000005
2025-07-21 03:44:34,589 [INFO] Saving best model at iteration 174
2025-07-21 03:44:35,187 [INFO] [175/300] loss 625.155 | compact 14.6392 | spectral 17.3253 | recons_loss: 0.172709 | sparse_loss: 1.03041 | 
2025-07-21 03:44:35,187 [INFO] [Iter 175] LR: 0.00000005
2025-07-21 03:44:35,188 [INFO] Saving best model at iteration 175
2025-07-21 03:44:35,786 [INFO] [176/300] loss 625.155 | compact 14.6392 | spectral 17.3253 | recons_loss: 0.172709 | sparse_loss: 1.03041 | 
2025-07-21 03:44:35,786 [INFO] [Iter 176] LR: 0.00000002
2025-07-21 03:44:35,787 [INFO] Saving best model at iteration 176
2025-07-21 03:44:36,388 [INFO] [177/300] loss 625.155 | compact 14.6392 | spectral 17.3252 | recons_loss: 0.172709 | sparse_loss: 1.03041 | 
2025-07-21 03:44:36,389 [INFO] [Iter 177] LR: 0.00000002
2025-07-21 03:44:36,390 [INFO] Saving best model at iteration 177
2025-07-21 03:44:36,990 [INFO] [178/300] loss 625.155 | compact 14.6392 | spectral 17.3252 | recons_loss: 0.172709 | sparse_loss: 1.03041 | 
2025-07-21 03:44:36,991 [INFO] [Iter 178] LR: 0.00000002
2025-07-21 03:44:36,992 [INFO] No improvement: current loss 625.155030, best loss 625.155125
2025-07-21 03:44:37,589 [INFO] [179/300] loss 625.155 | compact 14.6392 | spectral 17.3252 | recons_loss: 0.172709 | sparse_loss: 1.03041 | 
2025-07-21 03:44:37,590 [INFO] [Iter 179] LR: 0.00000001
2025-07-21 03:44:37,591 [INFO] Saving best model at iteration 179
2025-07-21 03:44:38,189 [INFO] [180/300] loss 625.155 | compact 14.6392 | spectral 17.3252 | recons_loss: 0.172709 | sparse_loss: 1.03041 | 
2025-07-21 03:44:38,189 [INFO] [Iter 180] LR: 0.00000001
2025-07-21 03:44:38,191 [INFO] No improvement: current loss 625.154868, best loss 625.154945
2025-07-21 03:44:38,789 [INFO] [181/300] loss 625.155 | compact 14.6392 | spectral 17.3252 | recons_loss: 0.172709 | sparse_loss: 1.03041 | 
2025-07-21 03:44:38,790 [INFO] [Iter 181] LR: 0.00000001
2025-07-21 03:44:38,791 [INFO] Saving best model at iteration 181
2025-07-21 03:44:39,388 [INFO] [182/300] loss 625.155 | compact 14.6392 | spectral 17.3252 | recons_loss: 0.172709 | sparse_loss: 1.03041 | 
2025-07-21 03:44:39,388 [INFO] [Iter 182] LR: 0.00000001
2025-07-21 03:44:39,389 [INFO] No improvement: current loss 625.154736, best loss 625.154798
2025-07-21 03:44:39,999 [INFO] [183/300] loss 625.155 | compact 14.6393 | spectral 17.3252 | recons_loss: 0.172709 | sparse_loss: 1.03041 | 
2025-07-21 03:44:39,999 [INFO] [Iter 183] LR: 0.00000001
2025-07-21 03:44:40,000 [INFO] Saving best model at iteration 183
2025-07-21 03:44:40,598 [INFO] [184/300] loss 625.155 | compact 14.6393 | spectral 17.3252 | recons_loss: 0.172709 | sparse_loss: 1.03041 | 
2025-07-21 03:44:40,598 [INFO] [Iter 184] LR: 0.00000001
2025-07-21 03:44:40,600 [INFO] No improvement: current loss 625.154635, best loss 625.154680
2025-07-21 03:44:41,200 [INFO] [185/300] loss 625.155 | compact 14.6393 | spectral 17.3252 | recons_loss: 0.172709 | sparse_loss: 1.03041 | 
2025-07-21 03:44:41,200 [INFO] [Iter 185] LR: 0.00000001
2025-07-21 03:44:41,201 [INFO] No improvement: current loss 625.154589, best loss 625.154680
2025-07-21 03:44:41,798 [INFO] [186/300] loss 625.155 | compact 14.6393 | spectral 17.3252 | recons_loss: 0.172709 | sparse_loss: 1.03041 | 
2025-07-21 03:44:41,798 [INFO] [Iter 186] LR: 0.00000001
2025-07-21 03:44:41,799 [INFO] Saving best model at iteration 186
2025-07-21 03:44:42,396 [INFO] [187/300] loss 625.155 | compact 14.6393 | spectral 17.3252 | recons_loss: 0.172709 | sparse_loss: 1.03041 | 
2025-07-21 03:44:42,396 [INFO] [Iter 187] LR: 0.00000001
2025-07-21 03:44:42,397 [INFO] No improvement: current loss 625.154516, best loss 625.154554
2025-07-21 03:44:42,994 [INFO] [188/300] loss 625.154 | compact 14.6393 | spectral 17.3252 | recons_loss: 0.172708 | sparse_loss: 1.03041 | 
2025-07-21 03:44:42,995 [INFO] [Iter 188] LR: 0.00000001
2025-07-21 03:44:42,996 [INFO] No improvement: current loss 625.154482, best loss 625.154554
2025-07-21 03:44:43,593 [INFO] [189/300] loss 625.154 | compact 14.6393 | spectral 17.3252 | recons_loss: 0.172708 | sparse_loss: 1.03041 | 
2025-07-21 03:44:43,593 [INFO] [Iter 189] LR: 0.00000001
2025-07-21 03:44:43,594 [INFO] Saving best model at iteration 189
2025-07-21 03:44:44,192 [INFO] [190/300] loss 625.154 | compact 14.6393 | spectral 17.3252 | recons_loss: 0.172708 | sparse_loss: 1.03041 | 
2025-07-21 03:44:44,192 [INFO] [Iter 190] LR: 0.00000001
2025-07-21 03:44:44,194 [INFO] No improvement: current loss 625.154418, best loss 625.154451
2025-07-21 03:44:44,792 [INFO] [191/300] loss 625.154 | compact 14.6393 | spectral 17.3252 | recons_loss: 0.172708 | sparse_loss: 1.03041 | 
2025-07-21 03:44:44,793 [INFO] [Iter 191] LR: 0.00000001
2025-07-21 03:44:44,795 [INFO] No improvement: current loss 625.154393, best loss 625.154451
2025-07-21 03:44:45,394 [INFO] [192/300] loss 625.154 | compact 14.6393 | spectral 17.3252 | recons_loss: 0.172708 | sparse_loss: 1.03041 | 
2025-07-21 03:44:45,394 [INFO] [Iter 192] LR: 0.00000001
2025-07-21 03:44:45,395 [INFO] No improvement: current loss 625.154371, best loss 625.154451
2025-07-21 03:44:45,992 [INFO] [193/300] loss 625.154 | compact 14.6393 | spectral 17.3252 | recons_loss: 0.172708 | sparse_loss: 1.03041 | 
2025-07-21 03:44:45,992 [INFO] [Iter 193] LR: 0.00000001
2025-07-21 03:44:45,993 [INFO] No improvement: current loss 625.154352, best loss 625.154451
2025-07-21 03:44:46,591 [INFO] [194/300] loss 625.154 | compact 14.6393 | spectral 17.3252 | recons_loss: 0.172708 | sparse_loss: 1.03041 | 
2025-07-21 03:44:46,591 [INFO] [Iter 194] LR: 0.00000001
2025-07-21 03:44:46,592 [INFO] Saving best model at iteration 194
2025-07-21 03:44:47,191 [INFO] [195/300] loss 625.154 | compact 14.6393 | spectral 17.3252 | recons_loss: 0.172708 | sparse_loss: 1.03041 | 
2025-07-21 03:44:47,191 [INFO] [Iter 195] LR: 0.00000001
2025-07-21 03:44:47,192 [INFO] No improvement: current loss 625.154312, best loss 625.154334
2025-07-21 03:44:47,799 [INFO] [196/300] loss 625.154 | compact 14.6393 | spectral 17.3252 | recons_loss: 0.172708 | sparse_loss: 1.03041 | 
2025-07-21 03:44:47,800 [INFO] [Iter 196] LR: 0.00000001
2025-07-21 03:44:47,801 [INFO] No improvement: current loss 625.154298, best loss 625.154334
2025-07-21 03:44:48,398 [INFO] [197/300] loss 625.154 | compact 14.6393 | spectral 17.3252 | recons_loss: 0.172708 | sparse_loss: 1.03041 | 
2025-07-21 03:44:48,398 [INFO] [Iter 197] LR: 0.00000001
2025-07-21 03:44:48,399 [INFO] No improvement: current loss 625.154286, best loss 625.154334
2025-07-21 03:44:48,997 [INFO] [198/300] loss 625.154 | compact 14.6393 | spectral 17.3252 | recons_loss: 0.172708 | sparse_loss: 1.03041 | 
2025-07-21 03:44:48,997 [INFO] [Iter 198] LR: 0.00000001
2025-07-21 03:44:48,998 [INFO] No improvement: current loss 625.154269, best loss 625.154334
2025-07-21 03:44:49,597 [INFO] [199/300] loss 625.154 | compact 14.6393 | spectral 17.3252 | recons_loss: 0.172708 | sparse_loss: 1.03041 | 
2025-07-21 03:44:49,597 [INFO] [Iter 199] LR: 0.00000001
2025-07-21 03:44:49,599 [INFO] No improvement: current loss 625.154253, best loss 625.154334
2025-07-21 03:44:49,788 [INFO] H: 600, W: 166
2025-07-21 03:44:49,873 [INFO] [0 1 2 3 4 5]
2025-07-21 03:44:49,969 [INFO] y_target: [1 2 3 4 5 6]
2025-07-21 03:44:49,969 [INFO] y_predict: [0 1 2 3 4 5]
2025-07-21 03:44:50,057 [INFO] Epoch = 200 OA = 0.8553 Kappa = 0.8067 NMI = 0.8028
2025-07-21 03:44:50,534 [INFO] [200/300] loss 625.154 | compact 14.6393 | spectral 17.3252 | recons_loss: 0.172708 | sparse_loss: 1.03041 | 
2025-07-21 03:44:50,534 [INFO] [Iter 200] LR: 0.00000001
2025-07-21 03:44:50,536 [INFO] No improvement: current loss 625.154239, best loss 625.154334
2025-07-21 03:44:51,136 [INFO] [201/300] loss 625.154 | compact 14.6393 | spectral 17.3252 | recons_loss: 0.172708 | sparse_loss: 1.03041 | 
2025-07-21 03:44:51,137 [INFO] [Iter 201] LR: 0.00000001
2025-07-21 03:44:51,138 [INFO] Saving best model at iteration 201
2025-07-21 03:44:51,734 [INFO] [202/300] loss 625.154 | compact 14.6393 | spectral 17.3252 | recons_loss: 0.172708 | sparse_loss: 1.03041 | 
2025-07-21 03:44:51,735 [INFO] [Iter 202] LR: 0.00000001
2025-07-21 03:44:51,736 [INFO] No improvement: current loss 625.154222, best loss 625.154227
2025-07-21 03:44:52,349 [INFO] [203/300] loss 625.154 | compact 14.6393 | spectral 17.3252 | recons_loss: 0.172708 | sparse_loss: 1.03041 | 
2025-07-21 03:44:52,349 [INFO] [Iter 203] LR: 0.00000001
2025-07-21 03:44:52,352 [INFO] No improvement: current loss 625.154211, best loss 625.154227
2025-07-21 03:44:52,955 [INFO] [204/300] loss 625.154 | compact 14.6393 | spectral 17.3252 | recons_loss: 0.172708 | sparse_loss: 1.03041 | 
2025-07-21 03:44:52,955 [INFO] [Iter 204] LR: 0.00000001
2025-07-21 03:44:52,956 [INFO] No improvement: current loss 625.154207, best loss 625.154227
2025-07-21 03:44:53,553 [INFO] [205/300] loss 625.154 | compact 14.6393 | spectral 17.3252 | recons_loss: 0.172708 | sparse_loss: 1.03041 | 
2025-07-21 03:44:53,554 [INFO] [Iter 205] LR: 0.00000001
2025-07-21 03:44:53,555 [INFO] No improvement: current loss 625.154198, best loss 625.154227
2025-07-21 03:44:54,152 [INFO] [206/300] loss 625.154 | compact 14.6393 | spectral 17.3252 | recons_loss: 0.172708 | sparse_loss: 1.03041 | 
2025-07-21 03:44:54,152 [INFO] [Iter 206] LR: 0.00000001
2025-07-21 03:44:54,154 [INFO] No improvement: current loss 625.154196, best loss 625.154227
2025-07-21 03:44:54,753 [INFO] [207/300] loss 625.154 | compact 14.6393 | spectral 17.3252 | recons_loss: 0.172708 | sparse_loss: 1.03041 | 
2025-07-21 03:44:54,753 [INFO] [Iter 207] LR: 0.00000001
2025-07-21 03:44:54,754 [INFO] No improvement: current loss 625.154193, best loss 625.154227
2025-07-21 03:44:55,351 [INFO] [208/300] loss 625.154 | compact 14.6393 | spectral 17.3252 | recons_loss: 0.172708 | sparse_loss: 1.03041 | 
2025-07-21 03:44:55,352 [INFO] [Iter 208] LR: 0.00000001
2025-07-21 03:44:55,353 [INFO] No improvement: current loss 625.154185, best loss 625.154227
2025-07-21 03:44:55,950 [INFO] [209/300] loss 625.154 | compact 14.6393 | spectral 17.3252 | recons_loss: 0.172708 | sparse_loss: 1.03041 | 
2025-07-21 03:44:55,950 [INFO] [Iter 209] LR: 0.00000001
2025-07-21 03:44:55,951 [INFO] No improvement: current loss 625.154184, best loss 625.154227
2025-07-21 03:44:56,548 [INFO] [210/300] loss 625.154 | compact 14.6393 | spectral 17.3252 | recons_loss: 0.172708 | sparse_loss: 1.03041 | 
2025-07-21 03:44:56,549 [INFO] [Iter 210] LR: 0.00000001
2025-07-21 03:44:56,550 [INFO] No improvement: current loss 625.154183, best loss 625.154227
2025-07-21 03:44:57,147 [INFO] [211/300] loss 625.154 | compact 14.6393 | spectral 17.3252 | recons_loss: 0.172708 | sparse_loss: 1.03041 | 
2025-07-21 03:44:57,147 [INFO] [Iter 211] LR: 0.00000001
2025-07-21 03:44:57,148 [INFO] No improvement: current loss 625.154176, best loss 625.154227
2025-07-21 03:44:57,746 [INFO] [212/300] loss 625.154 | compact 14.6393 | spectral 17.3252 | recons_loss: 0.172708 | sparse_loss: 1.03041 | 
2025-07-21 03:44:57,746 [INFO] [Iter 212] LR: 0.00000001
2025-07-21 03:44:57,747 [INFO] No improvement: current loss 625.154176, best loss 625.154227
2025-07-21 03:44:58,348 [INFO] [213/300] loss 625.154 | compact 14.6393 | spectral 17.3252 | recons_loss: 0.172708 | sparse_loss: 1.03041 | 
2025-07-21 03:44:58,349 [INFO] [Iter 213] LR: 0.00000001
2025-07-21 03:44:58,350 [INFO] No improvement: current loss 625.154170, best loss 625.154227
2025-07-21 03:44:58,958 [INFO] [214/300] loss 625.154 | compact 14.6393 | spectral 17.3252 | recons_loss: 0.172708 | sparse_loss: 1.03041 | 
2025-07-21 03:44:58,958 [INFO] [Iter 214] LR: 0.00000001
2025-07-21 03:44:58,959 [INFO] No improvement: current loss 625.154164, best loss 625.154227
2025-07-21 03:44:59,561 [INFO] [215/300] loss 625.154 | compact 14.6393 | spectral 17.3252 | recons_loss: 0.172708 | sparse_loss: 1.03041 | 
2025-07-21 03:44:59,561 [INFO] [Iter 215] LR: 0.00000001
2025-07-21 03:44:59,564 [INFO] No improvement: current loss 625.154159, best loss 625.154227
2025-07-21 03:45:00,163 [INFO] [216/300] loss 625.154 | compact 14.6393 | spectral 17.3252 | recons_loss: 0.172708 | sparse_loss: 1.03041 | 
2025-07-21 03:45:00,163 [INFO] [Iter 216] LR: 0.00000001
2025-07-21 03:45:00,164 [INFO] No improvement: current loss 625.154155, best loss 625.154227
2025-07-21 03:45:00,762 [INFO] [217/300] loss 625.154 | compact 14.6393 | spectral 17.3252 | recons_loss: 0.172708 | sparse_loss: 1.03041 | 
2025-07-21 03:45:00,762 [INFO] [Iter 217] LR: 0.00000001
2025-07-21 03:45:00,764 [INFO] No improvement: current loss 625.154157, best loss 625.154227
2025-07-21 03:45:01,361 [INFO] [218/300] loss 625.154 | compact 14.6393 | spectral 17.3252 | recons_loss: 0.172708 | sparse_loss: 1.03041 | 
2025-07-21 03:45:01,362 [INFO] [Iter 218] LR: 0.00000001
2025-07-21 03:45:01,363 [INFO] No improvement: current loss 625.154159, best loss 625.154227
2025-07-21 03:45:01,964 [INFO] [219/300] loss 625.154 | compact 14.6393 | spectral 17.3252 | recons_loss: 0.172708 | sparse_loss: 1.03041 | 
2025-07-21 03:45:01,965 [INFO] [Iter 219] LR: 0.00000001
2025-07-21 03:45:01,966 [INFO] No improvement: current loss 625.154160, best loss 625.154227
2025-07-21 03:45:02,564 [INFO] [220/300] loss 625.154 | compact 14.6393 | spectral 17.3252 | recons_loss: 0.172708 | sparse_loss: 1.03041 | 
2025-07-21 03:45:02,564 [INFO] [Iter 220] LR: 0.00000001
2025-07-21 03:45:02,565 [INFO] No improvement: current loss 625.154162, best loss 625.154227
2025-07-21 03:45:03,180 [INFO] [221/300] loss 625.154 | compact 14.6393 | spectral 17.3252 | recons_loss: 0.172708 | sparse_loss: 1.03041 | 
2025-07-21 03:45:03,181 [INFO] [Iter 221] LR: 0.00000001
2025-07-21 03:45:03,182 [INFO] No improvement: current loss 625.154169, best loss 625.154227
2025-07-21 03:45:03,786 [INFO] [222/300] loss 625.154 | compact 14.6393 | spectral 17.3252 | recons_loss: 0.172708 | sparse_loss: 1.03041 | 
2025-07-21 03:45:03,786 [INFO] [Iter 222] LR: 0.00000001
2025-07-21 03:45:03,787 [INFO] No improvement: current loss 625.154176, best loss 625.154227
2025-07-21 03:45:04,385 [INFO] [223/300] loss 625.154 | compact 14.6393 | spectral 17.3252 | recons_loss: 0.172708 | sparse_loss: 1.03041 | 
2025-07-21 03:45:04,386 [INFO] [Iter 223] LR: 0.00000001
2025-07-21 03:45:04,387 [INFO] No improvement: current loss 625.154176, best loss 625.154227
2025-07-21 03:45:04,984 [INFO] [224/300] loss 625.154 | compact 14.6393 | spectral 17.3252 | recons_loss: 0.172708 | sparse_loss: 1.03041 | 
2025-07-21 03:45:04,984 [INFO] [Iter 224] LR: 0.00000001
2025-07-21 03:45:04,986 [INFO] No improvement: current loss 625.154176, best loss 625.154227
2025-07-21 03:45:05,586 [INFO] [225/300] loss 625.154 | compact 14.6393 | spectral 17.3252 | recons_loss: 0.172708 | sparse_loss: 1.03041 | 
2025-07-21 03:45:05,587 [INFO] [Iter 225] LR: 0.00000001
2025-07-21 03:45:05,588 [INFO] No improvement: current loss 625.154182, best loss 625.154227
2025-07-21 03:45:06,193 [INFO] [226/300] loss 625.154 | compact 14.6393 | spectral 17.3252 | recons_loss: 0.172708 | sparse_loss: 1.03041 | 
2025-07-21 03:45:06,193 [INFO] [Iter 226] LR: 0.00000001
2025-07-21 03:45:06,194 [INFO] No improvement: current loss 625.154187, best loss 625.154227
2025-07-21 03:45:06,792 [INFO] [227/300] loss 625.154 | compact 14.6393 | spectral 17.3252 | recons_loss: 0.172708 | sparse_loss: 1.03041 | 
2025-07-21 03:45:06,793 [INFO] [Iter 227] LR: 0.00000001
2025-07-21 03:45:06,794 [INFO] No improvement: current loss 625.154192, best loss 625.154227
2025-07-21 03:45:07,391 [INFO] [228/300] loss 625.154 | compact 14.6393 | spectral 17.3252 | recons_loss: 0.172708 | sparse_loss: 1.03041 | 
2025-07-21 03:45:07,392 [INFO] [Iter 228] LR: 0.00000001
2025-07-21 03:45:07,393 [INFO] No improvement: current loss 625.154184, best loss 625.154227
2025-07-21 03:45:07,991 [INFO] [229/300] loss 625.154 | compact 14.6393 | spectral 17.3252 | recons_loss: 0.172708 | sparse_loss: 1.03041 | 
2025-07-21 03:45:07,991 [INFO] [Iter 229] LR: 0.00000001
2025-07-21 03:45:07,993 [INFO] No improvement: current loss 625.154177, best loss 625.154227
2025-07-21 03:45:08,589 [INFO] [230/300] loss 625.154 | compact 14.6393 | spectral 17.3252 | recons_loss: 0.172708 | sparse_loss: 1.03041 | 
2025-07-21 03:45:08,589 [INFO] [Iter 230] LR: 0.00000001
2025-07-21 03:45:08,591 [INFO] No improvement: current loss 625.154177, best loss 625.154227
2025-07-21 03:45:09,187 [INFO] [231/300] loss 625.154 | compact 14.6393 | spectral 17.3252 | recons_loss: 0.172708 | sparse_loss: 1.03041 | 
2025-07-21 03:45:09,188 [INFO] [Iter 231] LR: 0.00000001
2025-07-21 03:45:09,189 [INFO] No improvement: current loss 625.154177, best loss 625.154227
2025-07-21 03:45:09,786 [INFO] [232/300] loss 625.154 | compact 14.6393 | spectral 17.3252 | recons_loss: 0.172708 | sparse_loss: 1.03041 | 
2025-07-21 03:45:09,786 [INFO] [Iter 232] LR: 0.00000001
2025-07-21 03:45:09,788 [INFO] No improvement: current loss 625.154176, best loss 625.154227
2025-07-21 03:45:10,385 [INFO] [233/300] loss 625.154 | compact 14.6393 | spectral 17.3252 | recons_loss: 0.172708 | sparse_loss: 1.03041 | 
2025-07-21 03:45:10,385 [INFO] [Iter 233] LR: 0.00000001
2025-07-21 03:45:10,386 [INFO] No improvement: current loss 625.154170, best loss 625.154227
2025-07-21 03:45:10,984 [INFO] [234/300] loss 625.154 | compact 14.6393 | spectral 17.3252 | recons_loss: 0.172708 | sparse_loss: 1.03041 | 
2025-07-21 03:45:10,984 [INFO] [Iter 234] LR: 0.00000001
2025-07-21 03:45:10,985 [INFO] No improvement: current loss 625.154177, best loss 625.154227
2025-07-21 03:45:11,583 [INFO] [235/300] loss 625.154 | compact 14.6393 | spectral 17.3252 | recons_loss: 0.172708 | sparse_loss: 1.03041 | 
2025-07-21 03:45:11,583 [INFO] [Iter 235] LR: 0.00000001
2025-07-21 03:45:11,584 [INFO] No improvement: current loss 625.154170, best loss 625.154227
2025-07-21 03:45:12,181 [INFO] [236/300] loss 625.154 | compact 14.6393 | spectral 17.3252 | recons_loss: 0.172708 | sparse_loss: 1.03041 | 
2025-07-21 03:45:12,181 [INFO] [Iter 236] LR: 0.00000001
2025-07-21 03:45:12,182 [INFO] No improvement: current loss 625.154165, best loss 625.154227
2025-07-21 03:45:12,779 [INFO] [237/300] loss 625.154 | compact 14.6393 | spectral 17.3252 | recons_loss: 0.172708 | sparse_loss: 1.03041 | 
2025-07-21 03:45:12,780 [INFO] [Iter 237] LR: 0.00000001
2025-07-21 03:45:12,781 [INFO] No improvement: current loss 625.154160, best loss 625.154227
2025-07-21 03:45:13,378 [INFO] [238/300] loss 625.154 | compact 14.6393 | spectral 17.3252 | recons_loss: 0.172708 | sparse_loss: 1.03041 | 
2025-07-21 03:45:13,378 [INFO] [Iter 238] LR: 0.00000001
2025-07-21 03:45:13,379 [INFO] No improvement: current loss 625.154155, best loss 625.154227
2025-07-21 03:45:13,980 [INFO] [239/300] loss 625.154 | compact 14.6393 | spectral 17.3252 | recons_loss: 0.172708 | sparse_loss: 1.03041 | 
2025-07-21 03:45:13,981 [INFO] [Iter 239] LR: 0.00000001
2025-07-21 03:45:13,982 [INFO] No improvement: current loss 625.154151, best loss 625.154227
2025-07-21 03:45:14,580 [INFO] [240/300] loss 625.154 | compact 14.6393 | spectral 17.3252 | recons_loss: 0.172708 | sparse_loss: 1.03041 | 
2025-07-21 03:45:14,581 [INFO] [Iter 240] LR: 0.00000001
2025-07-21 03:45:14,582 [INFO] No improvement: current loss 625.154147, best loss 625.154227
2025-07-21 03:45:15,180 [INFO] [241/300] loss 625.154 | compact 14.6393 | spectral 17.3252 | recons_loss: 0.172708 | sparse_loss: 1.03041 | 
2025-07-21 03:45:15,180 [INFO] [Iter 241] LR: 0.00000001
2025-07-21 03:45:15,181 [INFO] No improvement: current loss 625.154144, best loss 625.154227
2025-07-21 03:45:15,798 [INFO] [242/300] loss 625.154 | compact 14.6393 | spectral 17.3252 | recons_loss: 0.172708 | sparse_loss: 1.03041 | 
2025-07-21 03:45:15,798 [INFO] [Iter 242] LR: 0.00000001
2025-07-21 03:45:15,799 [INFO] No improvement: current loss 625.154141, best loss 625.154227
2025-07-21 03:45:16,400 [INFO] [243/300] loss 625.154 | compact 14.6393 | spectral 17.3252 | recons_loss: 0.172708 | sparse_loss: 1.03041 | 
2025-07-21 03:45:16,401 [INFO] [Iter 243] LR: 0.00000001
2025-07-21 03:45:16,402 [INFO] No improvement: current loss 625.154138, best loss 625.154227
2025-07-21 03:45:16,999 [INFO] [244/300] loss 625.154 | compact 14.6393 | spectral 17.3252 | recons_loss: 0.172708 | sparse_loss: 1.03041 | 
2025-07-21 03:45:16,999 [INFO] [Iter 244] LR: 0.00000001
2025-07-21 03:45:17,000 [INFO] No improvement: current loss 625.154136, best loss 625.154227
2025-07-21 03:45:17,597 [INFO] [245/300] loss 625.154 | compact 14.6393 | spectral 17.3252 | recons_loss: 0.172708 | sparse_loss: 1.03041 | 
2025-07-21 03:45:17,597 [INFO] [Iter 245] LR: 0.00000001
2025-07-21 03:45:17,598 [INFO] No improvement: current loss 625.154134, best loss 625.154227
2025-07-21 03:45:18,195 [INFO] [246/300] loss 625.154 | compact 14.6393 | spectral 17.3252 | recons_loss: 0.172708 | sparse_loss: 1.03041 | 
2025-07-21 03:45:18,196 [INFO] [Iter 246] LR: 0.00000001
2025-07-21 03:45:18,197 [INFO] No improvement: current loss 625.154138, best loss 625.154227
2025-07-21 03:45:18,794 [INFO] [247/300] loss 625.154 | compact 14.6393 | spectral 17.3252 | recons_loss: 0.172708 | sparse_loss: 1.03041 | 
2025-07-21 03:45:18,795 [INFO] [Iter 247] LR: 0.00000001
2025-07-21 03:45:18,796 [INFO] No improvement: current loss 625.154141, best loss 625.154227
2025-07-21 03:45:19,392 [INFO] [248/300] loss 625.154 | compact 14.6393 | spectral 17.3252 | recons_loss: 0.172708 | sparse_loss: 1.03041 | 
2025-07-21 03:45:19,393 [INFO] [Iter 248] LR: 0.00000001
2025-07-21 03:45:19,393 [INFO] No improvement: current loss 625.154139, best loss 625.154227
2025-07-21 03:45:19,991 [INFO] [249/300] loss 625.154 | compact 14.6393 | spectral 17.3252 | recons_loss: 0.172708 | sparse_loss: 1.03041 | 
2025-07-21 03:45:19,991 [INFO] [Iter 249] LR: 0.00000001
2025-07-21 03:45:19,992 [INFO] No improvement: current loss 625.154136, best loss 625.154227
2025-07-21 03:45:20,174 [INFO] H: 600, W: 166
2025-07-21 03:45:20,272 [INFO] [0 1 2 3 4 5]
2025-07-21 03:45:20,375 [INFO] y_target: [1 2 3 4 5 6]
2025-07-21 03:45:20,376 [INFO] y_predict: [0 1 2 3 4 5]
2025-07-21 03:45:20,464 [INFO] Epoch = 250 OA = 0.8553 Kappa = 0.8067 NMI = 0.8028
2025-07-21 03:45:20,940 [INFO] [250/300] loss 625.154 | compact 14.6393 | spectral 17.3252 | recons_loss: 0.172708 | sparse_loss: 1.03041 | 
2025-07-21 03:45:20,940 [INFO] [Iter 250] LR: 0.00000001
2025-07-21 03:45:20,941 [INFO] No improvement: current loss 625.154134, best loss 625.154227
2025-07-21 03:45:21,540 [INFO] [251/300] loss 625.154 | compact 14.6393 | spectral 17.3252 | recons_loss: 0.172708 | sparse_loss: 1.03041 | 
2025-07-21 03:45:21,540 [INFO] [Iter 251] LR: 0.00000001
2025-07-21 03:45:21,542 [INFO] No improvement: current loss 625.154132, best loss 625.154227
2025-07-21 03:45:22,141 [INFO] [252/300] loss 625.154 | compact 14.6393 | spectral 17.3252 | recons_loss: 0.172708 | sparse_loss: 1.03041 | 
2025-07-21 03:45:22,142 [INFO] [Iter 252] LR: 0.00000001
2025-07-21 03:45:22,143 [INFO] No improvement: current loss 625.154130, best loss 625.154227
2025-07-21 03:45:22,742 [INFO] [253/300] loss 625.154 | compact 14.6393 | spectral 17.3252 | recons_loss: 0.172708 | sparse_loss: 1.03041 | 
2025-07-21 03:45:22,742 [INFO] [Iter 253] LR: 0.00000001
2025-07-21 03:45:22,743 [INFO] No improvement: current loss 625.154128, best loss 625.154227
2025-07-21 03:45:23,341 [INFO] [254/300] loss 625.154 | compact 14.6393 | spectral 17.3252 | recons_loss: 0.172708 | sparse_loss: 1.03041 | 
2025-07-21 03:45:23,341 [INFO] [Iter 254] LR: 0.00000001
2025-07-21 03:45:23,344 [INFO] No improvement: current loss 625.154127, best loss 625.154227
2025-07-21 03:45:23,945 [INFO] [255/300] loss 625.154 | compact 14.6393 | spectral 17.3252 | recons_loss: 0.172708 | sparse_loss: 1.03041 | 
2025-07-21 03:45:23,945 [INFO] [Iter 255] LR: 0.00000001
2025-07-21 03:45:23,947 [INFO] Saving best model at iteration 255
2025-07-21 03:45:24,548 [INFO] [256/300] loss 625.154 | compact 14.6393 | spectral 17.3252 | recons_loss: 0.172708 | sparse_loss: 1.03041 | 
2025-07-21 03:45:24,548 [INFO] [Iter 256] LR: 0.00000001
2025-07-21 03:45:24,549 [INFO] No improvement: current loss 625.154124, best loss 625.154126
2025-07-21 03:45:25,148 [INFO] [257/300] loss 625.154 | compact 14.6393 | spectral 17.3252 | recons_loss: 0.172708 | sparse_loss: 1.03041 | 
2025-07-21 03:45:25,148 [INFO] [Iter 257] LR: 0.00000001
2025-07-21 03:45:25,150 [INFO] No improvement: current loss 625.154123, best loss 625.154126
2025-07-21 03:45:25,751 [INFO] [258/300] loss 625.154 | compact 14.6393 | spectral 17.3252 | recons_loss: 0.172708 | sparse_loss: 1.03041 | 
2025-07-21 03:45:25,751 [INFO] [Iter 258] LR: 0.00000001
2025-07-21 03:45:25,753 [INFO] No improvement: current loss 625.154122, best loss 625.154126
2025-07-21 03:45:26,350 [INFO] [259/300] loss 625.154 | compact 14.6393 | spectral 17.3252 | recons_loss: 0.172708 | sparse_loss: 1.03041 | 
2025-07-21 03:45:26,351 [INFO] [Iter 259] LR: 0.00000001
2025-07-21 03:45:26,352 [INFO] No improvement: current loss 625.154134, best loss 625.154126
2025-07-21 03:45:26,950 [INFO] [260/300] loss 625.154 | compact 14.6393 | spectral 17.3252 | recons_loss: 0.172708 | sparse_loss: 1.03041 | 
2025-07-21 03:45:26,950 [INFO] [Iter 260] LR: 0.00000001
2025-07-21 03:45:26,951 [INFO] No improvement: current loss 625.154132, best loss 625.154126
2025-07-21 03:45:27,549 [INFO] [261/300] loss 625.154 | compact 14.6393 | spectral 17.3252 | recons_loss: 0.172708 | sparse_loss: 1.03041 | 
2025-07-21 03:45:27,549 [INFO] [Iter 261] LR: 0.00000001
2025-07-21 03:45:27,551 [INFO] No improvement: current loss 625.154130, best loss 625.154126
2025-07-21 03:45:28,149 [INFO] [262/300] loss 625.154 | compact 14.6393 | spectral 17.3252 | recons_loss: 0.172708 | sparse_loss: 1.03041 | 
2025-07-21 03:45:28,149 [INFO] [Iter 262] LR: 0.00000001
2025-07-21 03:45:28,151 [INFO] No improvement: current loss 625.154134, best loss 625.154126
2025-07-21 03:45:28,764 [INFO] [263/300] loss 625.154 | compact 14.6393 | spectral 17.3252 | recons_loss: 0.172708 | sparse_loss: 1.03041 | 
2025-07-21 03:45:28,764 [INFO] [Iter 263] LR: 0.00000001
2025-07-21 03:45:28,766 [INFO] No improvement: current loss 625.154132, best loss 625.154126
2025-07-21 03:45:29,371 [INFO] [264/300] loss 625.154 | compact 14.6393 | spectral 17.3252 | recons_loss: 0.172708 | sparse_loss: 1.03041 | 
2025-07-21 03:45:29,371 [INFO] [Iter 264] LR: 0.00000001
2025-07-21 03:45:29,372 [INFO] No improvement: current loss 625.154137, best loss 625.154126
2025-07-21 03:45:29,970 [INFO] [265/300] loss 625.154 | compact 14.6393 | spectral 17.3252 | recons_loss: 0.172708 | sparse_loss: 1.03041 | 
2025-07-21 03:45:29,970 [INFO] [Iter 265] LR: 0.00000001
2025-07-21 03:45:29,971 [INFO] No improvement: current loss 625.154140, best loss 625.154126
2025-07-21 03:45:30,569 [INFO] [266/300] loss 625.154 | compact 14.6393 | spectral 17.3252 | recons_loss: 0.172708 | sparse_loss: 1.03041 | 
2025-07-21 03:45:30,569 [INFO] [Iter 266] LR: 0.00000001
2025-07-21 03:45:30,570 [INFO] No improvement: current loss 625.154144, best loss 625.154126
2025-07-21 03:45:31,167 [INFO] [267/300] loss 625.154 | compact 14.6393 | spectral 17.3252 | recons_loss: 0.172708 | sparse_loss: 1.03041 | 
2025-07-21 03:45:31,168 [INFO] [Iter 267] LR: 0.00000001
2025-07-21 03:45:31,169 [INFO] No improvement: current loss 625.154141, best loss 625.154126
2025-07-21 03:45:31,767 [INFO] [268/300] loss 625.154 | compact 14.6393 | spectral 17.3252 | recons_loss: 0.172708 | sparse_loss: 1.03041 | 
2025-07-21 03:45:31,767 [INFO] [Iter 268] LR: 0.00000001
2025-07-21 03:45:31,768 [INFO] No improvement: current loss 625.154138, best loss 625.154126
2025-07-21 03:45:32,365 [INFO] [269/300] loss 625.154 | compact 14.6393 | spectral 17.3252 | recons_loss: 0.172708 | sparse_loss: 1.03041 | 
2025-07-21 03:45:32,366 [INFO] [Iter 269] LR: 0.00000001
2025-07-21 03:45:32,367 [INFO] No improvement: current loss 625.154136, best loss 625.154126
2025-07-21 03:45:32,975 [INFO] [270/300] loss 625.154 | compact 14.6393 | spectral 17.3252 | recons_loss: 0.172708 | sparse_loss: 1.03041 | 
2025-07-21 03:45:32,976 [INFO] [Iter 270] LR: 0.00000001
2025-07-21 03:45:32,977 [INFO] No improvement: current loss 625.154140, best loss 625.154126
2025-07-21 03:45:33,578 [INFO] [271/300] loss 625.154 | compact 14.6393 | spectral 17.3252 | recons_loss: 0.172708 | sparse_loss: 1.03041 | 
2025-07-21 03:45:33,578 [INFO] [Iter 271] LR: 0.00000001
2025-07-21 03:45:33,579 [INFO] No improvement: current loss 625.154137, best loss 625.154126
2025-07-21 03:45:34,177 [INFO] [272/300] loss 625.154 | compact 14.6393 | spectral 17.3252 | recons_loss: 0.172708 | sparse_loss: 1.03041 | 
2025-07-21 03:45:34,177 [INFO] [Iter 272] LR: 0.00000001
2025-07-21 03:45:34,178 [INFO] No improvement: current loss 625.154135, best loss 625.154126
2025-07-21 03:45:34,785 [INFO] [273/300] loss 625.154 | compact 14.6393 | spectral 17.3252 | recons_loss: 0.172708 | sparse_loss: 1.03041 | 
2025-07-21 03:45:34,785 [INFO] [Iter 273] LR: 0.00000001
2025-07-21 03:45:34,787 [INFO] No improvement: current loss 625.154133, best loss 625.154126
2025-07-21 03:45:35,387 [INFO] [274/300] loss 625.154 | compact 14.6393 | spectral 17.3252 | recons_loss: 0.172708 | sparse_loss: 1.03041 | 
2025-07-21 03:45:35,388 [INFO] [Iter 274] LR: 0.00000001
2025-07-21 03:45:35,388 [INFO] No improvement: current loss 625.154137, best loss 625.154126
2025-07-21 03:45:35,985 [INFO] [275/300] loss 625.154 | compact 14.6393 | spectral 17.3252 | recons_loss: 0.172708 | sparse_loss: 1.03041 | 
2025-07-21 03:45:35,986 [INFO] [Iter 275] LR: 0.00000001
2025-07-21 03:45:35,987 [INFO] No improvement: current loss 625.154141, best loss 625.154126
2025-07-21 03:45:36,584 [INFO] [276/300] loss 625.154 | compact 14.6393 | spectral 17.3252 | recons_loss: 0.172708 | sparse_loss: 1.03041 | 
2025-07-21 03:45:36,584 [INFO] [Iter 276] LR: 0.00000001
2025-07-21 03:45:36,585 [INFO] No improvement: current loss 625.154138, best loss 625.154126
2025-07-21 03:45:37,182 [INFO] [277/300] loss 625.154 | compact 14.6393 | spectral 17.3252 | recons_loss: 0.172708 | sparse_loss: 1.03041 | 
2025-07-21 03:45:37,183 [INFO] [Iter 277] LR: 0.00000001
2025-07-21 03:45:37,185 [INFO] No improvement: current loss 625.154136, best loss 625.154126
2025-07-21 03:45:37,803 [INFO] [278/300] loss 625.154 | compact 14.6393 | spectral 17.3252 | recons_loss: 0.172708 | sparse_loss: 1.03041 | 
2025-07-21 03:45:37,804 [INFO] [Iter 278] LR: 0.00000001
2025-07-21 03:45:37,806 [INFO] No improvement: current loss 625.154139, best loss 625.154126
2025-07-21 03:45:38,405 [INFO] [279/300] loss 625.154 | compact 14.6393 | spectral 17.3252 | recons_loss: 0.172708 | sparse_loss: 1.03041 | 
2025-07-21 03:45:38,405 [INFO] [Iter 279] LR: 0.00000001
2025-07-21 03:45:38,407 [INFO] No improvement: current loss 625.154143, best loss 625.154126
2025-07-21 03:45:39,005 [INFO] [280/300] loss 625.154 | compact 14.6393 | spectral 17.3252 | recons_loss: 0.172708 | sparse_loss: 1.03041 | 
2025-07-21 03:45:39,006 [INFO] [Iter 280] LR: 0.00000001
2025-07-21 03:45:39,008 [INFO] No improvement: current loss 625.154152, best loss 625.154126
2025-07-21 03:45:39,607 [INFO] [281/300] loss 625.154 | compact 14.6393 | spectral 17.3252 | recons_loss: 0.172708 | sparse_loss: 1.03041 | 
2025-07-21 03:45:39,607 [INFO] [Iter 281] LR: 0.00000001
2025-07-21 03:45:39,608 [INFO] No improvement: current loss 625.154155, best loss 625.154126
2025-07-21 03:45:40,207 [INFO] [282/300] loss 625.154 | compact 14.6393 | spectral 17.3252 | recons_loss: 0.172708 | sparse_loss: 1.03041 | 
2025-07-21 03:45:40,208 [INFO] [Iter 282] LR: 0.00000001
2025-07-21 03:45:40,209 [INFO] No improvement: current loss 625.154150, best loss 625.154126
2025-07-21 03:45:40,806 [INFO] [283/300] loss 625.154 | compact 14.6393 | spectral 17.3252 | recons_loss: 0.172708 | sparse_loss: 1.03041 | 
2025-07-21 03:45:40,806 [INFO] [Iter 283] LR: 0.00000001
2025-07-21 03:45:40,807 [INFO] No improvement: current loss 625.154147, best loss 625.154126
2025-07-21 03:45:41,411 [INFO] [284/300] loss 625.154 | compact 14.6393 | spectral 17.3252 | recons_loss: 0.172708 | sparse_loss: 1.03041 | 
2025-07-21 03:45:41,411 [INFO] [Iter 284] LR: 0.00000001
2025-07-21 03:45:41,412 [INFO] No improvement: current loss 625.154143, best loss 625.154126
2025-07-21 03:45:42,010 [INFO] [285/300] loss 625.154 | compact 14.6393 | spectral 17.3252 | recons_loss: 0.172708 | sparse_loss: 1.03041 | 
2025-07-21 03:45:42,010 [INFO] [Iter 285] LR: 0.00000001
2025-07-21 03:45:42,011 [INFO] No improvement: current loss 625.154147, best loss 625.154126
2025-07-21 03:45:42,608 [INFO] [286/300] loss 625.154 | compact 14.6393 | spectral 17.3252 | recons_loss: 0.172708 | sparse_loss: 1.03041 | 
2025-07-21 03:45:42,608 [INFO] [Iter 286] LR: 0.00000001
2025-07-21 03:45:42,609 [INFO] No improvement: current loss 625.154156, best loss 625.154126
2025-07-21 03:45:43,218 [INFO] [287/300] loss 625.154 | compact 14.6393 | spectral 17.3252 | recons_loss: 0.172708 | sparse_loss: 1.03041 | 
2025-07-21 03:45:43,218 [INFO] [Iter 287] LR: 0.00000001
2025-07-21 03:45:43,221 [INFO] No improvement: current loss 625.154157, best loss 625.154126
2025-07-21 03:45:43,827 [INFO] [288/300] loss 625.154 | compact 14.6393 | spectral 17.3252 | recons_loss: 0.172708 | sparse_loss: 1.03041 | 
2025-07-21 03:45:43,827 [INFO] [Iter 288] LR: 0.00000001
2025-07-21 03:45:43,829 [INFO] No improvement: current loss 625.154159, best loss 625.154126
2025-07-21 03:45:44,449 [INFO] [289/300] loss 625.154 | compact 14.6393 | spectral 17.3252 | recons_loss: 0.172708 | sparse_loss: 1.03041 | 
2025-07-21 03:45:44,449 [INFO] [Iter 289] LR: 0.00000001
2025-07-21 03:45:44,450 [INFO] No improvement: current loss 625.154161, best loss 625.154126
2025-07-21 03:45:45,047 [INFO] [290/300] loss 625.154 | compact 14.6393 | spectral 17.3252 | recons_loss: 0.172708 | sparse_loss: 1.03041 | 
2025-07-21 03:45:45,048 [INFO] [Iter 290] LR: 0.00000001
2025-07-21 03:45:45,049 [INFO] No improvement: current loss 625.154162, best loss 625.154126
2025-07-21 03:45:45,646 [INFO] [291/300] loss 625.154 | compact 14.6393 | spectral 17.3252 | recons_loss: 0.172708 | sparse_loss: 1.03041 | 
2025-07-21 03:45:45,646 [INFO] [Iter 291] LR: 0.00000001
2025-07-21 03:45:45,647 [INFO] No improvement: current loss 625.154157, best loss 625.154126
2025-07-21 03:45:46,244 [INFO] [292/300] loss 625.154 | compact 14.6393 | spectral 17.3252 | recons_loss: 0.172708 | sparse_loss: 1.03041 | 
2025-07-21 03:45:46,244 [INFO] [Iter 292] LR: 0.00000001
2025-07-21 03:45:46,246 [INFO] No improvement: current loss 625.154159, best loss 625.154126
2025-07-21 03:45:46,843 [INFO] [293/300] loss 625.154 | compact 14.6393 | spectral 17.3252 | recons_loss: 0.172708 | sparse_loss: 1.03041 | 
2025-07-21 03:45:46,843 [INFO] [Iter 293] LR: 0.00000001
2025-07-21 03:45:46,844 [INFO] No improvement: current loss 625.154155, best loss 625.154126
2025-07-21 03:45:47,452 [INFO] [294/300] loss 625.154 | compact 14.6393 | spectral 17.3252 | recons_loss: 0.172708 | sparse_loss: 1.03041 | 
2025-07-21 03:45:47,452 [INFO] [Iter 294] LR: 0.00000001
2025-07-21 03:45:47,453 [INFO] No improvement: current loss 625.154150, best loss 625.154126
2025-07-21 03:45:48,050 [INFO] [295/300] loss 625.154 | compact 14.6393 | spectral 17.3252 | recons_loss: 0.172708 | sparse_loss: 1.03041 | 
2025-07-21 03:45:48,051 [INFO] [Iter 295] LR: 0.00000001
2025-07-21 03:45:48,052 [INFO] No improvement: current loss 625.154147, best loss 625.154126
2025-07-21 03:45:48,653 [INFO] [296/300] loss 625.154 | compact 14.6393 | spectral 17.3252 | recons_loss: 0.172708 | sparse_loss: 1.03041 | 
2025-07-21 03:45:48,654 [INFO] [Iter 296] LR: 0.00000001
2025-07-21 03:45:48,655 [INFO] No improvement: current loss 625.154143, best loss 625.154126
2025-07-21 03:45:49,255 [INFO] [297/300] loss 625.154 | compact 14.6393 | spectral 17.3252 | recons_loss: 0.172708 | sparse_loss: 1.03041 | 
2025-07-21 03:45:49,256 [INFO] [Iter 297] LR: 0.00000001
2025-07-21 03:45:49,258 [INFO] No improvement: current loss 625.154147, best loss 625.154126
2025-07-21 03:45:49,856 [INFO] [298/300] loss 625.154 | compact 14.6393 | spectral 17.3252 | recons_loss: 0.172708 | sparse_loss: 1.03041 | 
2025-07-21 03:45:49,857 [INFO] [Iter 298] LR: 0.00000001
2025-07-21 03:45:49,859 [INFO] No improvement: current loss 625.154143, best loss 625.154126
2025-07-21 03:45:50,048 [INFO] H: 600, W: 166
2025-07-21 03:45:50,104 [INFO] [0 1 2 3 4 5]
2025-07-21 03:45:50,199 [INFO] y_target: [1 2 3 4 5 6]
2025-07-21 03:45:50,199 [INFO] y_predict: [0 1 2 3 4 5]
2025-07-21 03:45:50,287 [INFO] Epoch = 299 OA = 0.8553 Kappa = 0.8067 NMI = 0.8028
2025-07-21 03:45:50,764 [INFO] [299/300] loss 625.154 | compact 14.6393 | spectral 17.3252 | recons_loss: 0.172708 | sparse_loss: 1.03041 | 
2025-07-21 03:45:50,764 [INFO] [Iter 299] LR: 0.00000001
2025-07-21 03:45:50,765 [INFO] No improvement: current loss 625.154140, best loss 625.154126
2025-07-21 03:45:50,765 [INFO] Training finished. Best model loaded.
