2025-07-21 04:59:51,089 [INFO] ========== Training Configuration ==========
2025-07-21 04:59:51,089 [INFO] out_dir: ./log
2025-07-21 04:59:51,089 [INFO] lr: 0.1
2025-07-21 04:59:51,089 [INFO] train_iter: 300
2025-07-21 04:59:51,089 [INFO] niter: 5
2025-07-21 04:59:51,089 [INFO] nspix: 300
2025-07-21 04:59:51,089 [INFO] weight: weight
2025-07-21 04:59:51,089 [INFO] weight_representation: 205.0
2025-07-21 04:59:51,089 [INFO] weight_noise: 50.0
2025-07-21 04:59:51,089 [INFO] dataset: trento
2025-07-21 04:59:51,089 [INFO] device: cuda:0
2025-07-21 04:59:51,089 [INFO] log: trento11
2025-07-21 04:59:51,089 [INFO] ============================================
2025-07-21 04:59:54,029 [INFO] H: 600, W: 166
2025-07-21 04:59:54,128 [INFO] [0 1 2 3 4 5]
2025-07-21 04:59:54,322 [INFO] y_target: [1 2 3 4 5 6]
2025-07-21 04:59:54,322 [INFO] y_predict: [0 1 2 3 4 5]
2025-07-21 04:59:54,413 [INFO] Epoch = 0 OA = 0.8509 Kappa = 0.8011 NMI = 0.7884
2025-07-21 04:59:54,944 [INFO] [0/300] loss 1527.8 | compact 13.9608 | spectral 17.8474 | recons_loss: 0.260069 | sparse_loss: 1.04467 | 
2025-07-21 04:59:54,945 [INFO] [Iter 0] LR: 0.10000000
2025-07-21 04:59:54,946 [INFO] Saving best model at iteration 0
2025-07-21 04:59:55,543 [INFO] [1/300] loss 1526.97 | compact 13.9655 | spectral 17.8345 | recons_loss: 0.258685 | sparse_loss: 1.04471 | 
2025-07-21 04:59:55,544 [INFO] [Iter 1] LR: 0.10000000
2025-07-21 04:59:55,545 [INFO] Saving best model at iteration 1
2025-07-21 04:59:56,152 [INFO] [2/300] loss 1525.75 | compact 13.9682 | spectral 17.8187 | recons_loss: 0.256843 | sparse_loss: 1.04466 | 
2025-07-21 04:59:56,152 [INFO] [Iter 2] LR: 0.10000000
2025-07-21 04:59:56,153 [INFO] Saving best model at iteration 2
2025-07-21 04:59:56,754 [INFO] [3/300] loss 1524.12 | compact 13.9767 | spectral 17.7965 | recons_loss: 0.254288 | sparse_loss: 1.04445 | 
2025-07-21 04:59:56,755 [INFO] [Iter 3] LR: 0.10000000
2025-07-21 04:59:56,757 [INFO] Saving best model at iteration 3
2025-07-21 04:59:57,355 [INFO] [4/300] loss 1522.19 | compact 13.9865 | spectral 17.7687 | recons_loss: 0.251214 | sparse_loss: 1.04408 | 
2025-07-21 04:59:57,356 [INFO] [Iter 4] LR: 0.10000000
2025-07-21 04:59:57,358 [INFO] Saving best model at iteration 4
2025-07-21 04:59:57,956 [INFO] [5/300] loss 1520.06 | compact 13.9967 | spectral 17.7395 | recons_loss: 0.247711 | sparse_loss: 1.04359 | 
2025-07-21 04:59:57,956 [INFO] [Iter 5] LR: 0.10000000
2025-07-21 04:59:57,957 [INFO] Saving best model at iteration 5
2025-07-21 04:59:58,554 [INFO] [6/300] loss 1517.8 | compact 14.0054 | spectral 17.7109 | recons_loss: 0.243917 | sparse_loss: 1.04305 | 
2025-07-21 04:59:58,554 [INFO] [Iter 6] LR: 0.10000000
2025-07-21 04:59:58,555 [INFO] Saving best model at iteration 6
2025-07-21 04:59:59,152 [INFO] [7/300] loss 1515.46 | compact 14.0159 | spectral 17.6773 | recons_loss: 0.239913 | sparse_loss: 1.04252 | 
2025-07-21 04:59:59,152 [INFO] [Iter 7] LR: 0.10000000
2025-07-21 04:59:59,153 [INFO] Saving best model at iteration 7
2025-07-21 04:59:59,752 [INFO] [8/300] loss 1513.01 | compact 14.0258 | spectral 17.6489 | recons_loss: 0.235529 | sparse_loss: 1.04201 | 
2025-07-21 04:59:59,752 [INFO] [Iter 8] LR: 0.10000000
2025-07-21 04:59:59,753 [INFO] Saving best model at iteration 8
2025-07-21 05:00:00,350 [INFO] [9/300] loss 1510.57 | compact 14.0297 | spectral 17.6267 | recons_loss: 0.231129 | sparse_loss: 1.04151 | 
2025-07-21 05:00:00,350 [INFO] [Iter 9] LR: 0.10000000
2025-07-21 05:00:00,351 [INFO] Saving best model at iteration 9
2025-07-21 05:00:00,949 [INFO] [10/300] loss 1508.22 | compact 14.033 | spectral 17.6081 | recons_loss: 0.226816 | sparse_loss: 1.041 | 
2025-07-21 05:00:00,949 [INFO] [Iter 10] LR: 0.10000000
2025-07-21 05:00:00,951 [INFO] Saving best model at iteration 10
2025-07-21 05:00:01,548 [INFO] [11/300] loss 1505.92 | compact 14.0387 | spectral 17.5839 | recons_loss: 0.222476 | sparse_loss: 1.04049 | 
2025-07-21 05:00:01,549 [INFO] [Iter 11] LR: 0.10000000
2025-07-21 05:00:01,551 [INFO] Saving best model at iteration 11
2025-07-21 05:00:02,154 [INFO] [12/300] loss 1503.69 | compact 14.0445 | spectral 17.5556 | recons_loss: 0.218159 | sparse_loss: 1.03996 | 
2025-07-21 05:00:02,155 [INFO] [Iter 12] LR: 0.10000000
2025-07-21 05:00:02,156 [INFO] Saving best model at iteration 12
2025-07-21 05:00:02,763 [INFO] [13/300] loss 1501.54 | compact 14.0541 | spectral 17.5262 | recons_loss: 0.213903 | sparse_loss: 1.03942 | 
2025-07-21 05:00:02,763 [INFO] [Iter 13] LR: 0.10000000
2025-07-21 05:00:02,765 [INFO] Saving best model at iteration 13
2025-07-21 05:00:03,363 [INFO] [14/300] loss 1499.48 | compact 14.0644 | spectral 17.4973 | recons_loss: 0.209742 | sparse_loss: 1.0389 | 
2025-07-21 05:00:03,363 [INFO] [Iter 14] LR: 0.10000000
2025-07-21 05:00:03,364 [INFO] Saving best model at iteration 14
2025-07-21 05:00:03,964 [INFO] [15/300] loss 1497.51 | compact 14.0753 | spectral 17.4718 | recons_loss: 0.205683 | sparse_loss: 1.03842 | 
2025-07-21 05:00:03,964 [INFO] [Iter 15] LR: 0.10000000
2025-07-21 05:00:03,965 [INFO] Saving best model at iteration 15
2025-07-21 05:00:04,564 [INFO] [16/300] loss 1495.61 | compact 14.0868 | spectral 17.4474 | recons_loss: 0.201738 | sparse_loss: 1.03799 | 
2025-07-21 05:00:04,565 [INFO] [Iter 16] LR: 0.10000000
2025-07-21 05:00:04,566 [INFO] Saving best model at iteration 16
2025-07-21 05:00:05,164 [INFO] [17/300] loss 1493.82 | compact 14.0984 | spectral 17.426 | recons_loss: 0.197921 | sparse_loss: 1.03761 | 
2025-07-21 05:00:05,164 [INFO] [Iter 17] LR: 0.10000000
2025-07-21 05:00:05,165 [INFO] Saving best model at iteration 17
2025-07-21 05:00:05,763 [INFO] [18/300] loss 1492.11 | compact 14.1104 | spectral 17.4089 | recons_loss: 0.194233 | sparse_loss: 1.03726 | 
2025-07-21 05:00:05,763 [INFO] [Iter 18] LR: 0.10000000
2025-07-21 05:00:05,766 [INFO] Saving best model at iteration 18
2025-07-21 05:00:06,374 [INFO] [19/300] loss 1490.52 | compact 14.1255 | spectral 17.396 | recons_loss: 0.190716 | sparse_loss: 1.03692 | 
2025-07-21 05:00:06,374 [INFO] [Iter 19] LR: 0.10000000
2025-07-21 05:00:06,375 [INFO] Saving best model at iteration 19
2025-07-21 05:00:06,971 [INFO] [20/300] loss 1488.98 | compact 14.14 | spectral 17.3763 | recons_loss: 0.187359 | sparse_loss: 1.0366 | 
2025-07-21 05:00:06,972 [INFO] [Iter 20] LR: 0.10000000
2025-07-21 05:00:06,973 [INFO] Saving best model at iteration 20
2025-07-21 05:00:07,568 [INFO] [21/300] loss 1487.52 | compact 14.1516 | spectral 17.358 | recons_loss: 0.184142 | sparse_loss: 1.03629 | 
2025-07-21 05:00:07,569 [INFO] [Iter 21] LR: 0.10000000
2025-07-21 05:00:07,570 [INFO] Saving best model at iteration 21
2025-07-21 05:00:08,166 [INFO] [22/300] loss 1486.12 | compact 14.1608 | spectral 17.3409 | recons_loss: 0.181083 | sparse_loss: 1.03599 | 
2025-07-21 05:00:08,166 [INFO] [Iter 22] LR: 0.10000000
2025-07-21 05:00:08,167 [INFO] Saving best model at iteration 22
2025-07-21 05:00:08,764 [INFO] [23/300] loss 1484.79 | compact 14.1694 | spectral 17.324 | recons_loss: 0.178184 | sparse_loss: 1.03572 | 
2025-07-21 05:00:08,764 [INFO] [Iter 23] LR: 0.10000000
2025-07-21 05:00:08,765 [INFO] Saving best model at iteration 23
2025-07-21 05:00:09,361 [INFO] [24/300] loss 1483.54 | compact 14.176 | spectral 17.3123 | recons_loss: 0.17544 | sparse_loss: 1.03549 | 
2025-07-21 05:00:09,361 [INFO] [Iter 24] LR: 0.10000000
2025-07-21 05:00:09,362 [INFO] Saving best model at iteration 24
2025-07-21 05:00:09,971 [INFO] [25/300] loss 1482.35 | compact 14.1815 | spectral 17.3026 | recons_loss: 0.17284 | sparse_loss: 1.03529 | 
2025-07-21 05:00:09,972 [INFO] [Iter 25] LR: 0.10000000
2025-07-21 05:00:09,973 [INFO] Saving best model at iteration 25
2025-07-21 05:00:10,570 [INFO] [26/300] loss 1481.21 | compact 14.187 | spectral 17.293 | recons_loss: 0.170373 | sparse_loss: 1.03511 | 
2025-07-21 05:00:10,570 [INFO] [Iter 26] LR: 0.10000000
2025-07-21 05:00:10,571 [INFO] Saving best model at iteration 26
2025-07-21 05:00:11,168 [INFO] [27/300] loss 1480.14 | compact 14.1922 | spectral 17.2895 | recons_loss: 0.168055 | sparse_loss: 1.03493 | 
2025-07-21 05:00:11,168 [INFO] [Iter 27] LR: 0.10000000
2025-07-21 05:00:11,169 [INFO] Saving best model at iteration 27
2025-07-21 05:00:11,781 [INFO] [28/300] loss 1479.13 | compact 14.1977 | spectral 17.2876 | recons_loss: 0.165879 | sparse_loss: 1.03477 | 
2025-07-21 05:00:11,781 [INFO] [Iter 28] LR: 0.10000000
2025-07-21 05:00:11,783 [INFO] Saving best model at iteration 28
2025-07-21 05:00:12,393 [INFO] [29/300] loss 1478.17 | compact 14.2034 | spectral 17.2855 | recons_loss: 0.163834 | sparse_loss: 1.0346 | 
2025-07-21 05:00:12,394 [INFO] [Iter 29] LR: 0.10000000
2025-07-21 05:00:12,396 [INFO] Saving best model at iteration 29
2025-07-21 05:00:12,999 [INFO] [30/300] loss 1477.25 | compact 14.2087 | spectral 17.2828 | recons_loss: 0.16191 | sparse_loss: 1.03444 | 
2025-07-21 05:00:12,999 [INFO] [Iter 30] LR: 0.10000000
2025-07-21 05:00:13,000 [INFO] Saving best model at iteration 30
2025-07-21 05:00:13,597 [INFO] [31/300] loss 1476.37 | compact 14.2139 | spectral 17.28 | recons_loss: 0.160114 | sparse_loss: 1.0343 | 
2025-07-21 05:00:13,597 [INFO] [Iter 31] LR: 0.10000000
2025-07-21 05:00:13,598 [INFO] Saving best model at iteration 31
2025-07-21 05:00:14,195 [INFO] [32/300] loss 1475.53 | compact 14.2184 | spectral 17.2786 | recons_loss: 0.158426 | sparse_loss: 1.03416 | 
2025-07-21 05:00:14,195 [INFO] [Iter 32] LR: 0.10000000
2025-07-21 05:00:14,196 [INFO] Saving best model at iteration 32
2025-07-21 05:00:14,794 [INFO] [33/300] loss 1474.74 | compact 14.2235 | spectral 17.278 | recons_loss: 0.156844 | sparse_loss: 1.03402 | 
2025-07-21 05:00:14,794 [INFO] [Iter 33] LR: 0.10000000
2025-07-21 05:00:14,796 [INFO] Saving best model at iteration 33
2025-07-21 05:00:15,392 [INFO] [34/300] loss 1474 | compact 14.2298 | spectral 17.2786 | recons_loss: 0.155365 | sparse_loss: 1.0339 | 
2025-07-21 05:00:15,392 [INFO] [Iter 34] LR: 0.10000000
2025-07-21 05:00:15,393 [INFO] Saving best model at iteration 34
2025-07-21 05:00:15,990 [INFO] [35/300] loss 1473.32 | compact 14.2364 | spectral 17.2861 | recons_loss: 0.154001 | sparse_loss: 1.03378 | 
2025-07-21 05:00:15,990 [INFO] [Iter 35] LR: 0.10000000
2025-07-21 05:00:15,991 [INFO] Saving best model at iteration 35
2025-07-21 05:00:16,589 [INFO] [36/300] loss 1472.69 | compact 14.2417 | spectral 17.301 | recons_loss: 0.152735 | sparse_loss: 1.03366 | 
2025-07-21 05:00:16,589 [INFO] [Iter 36] LR: 0.10000000
2025-07-21 05:00:16,590 [INFO] Saving best model at iteration 36
2025-07-21 05:00:17,188 [INFO] [37/300] loss 1472.07 | compact 14.2479 | spectral 17.2988 | recons_loss: 0.151537 | sparse_loss: 1.03355 | 
2025-07-21 05:00:17,188 [INFO] [Iter 37] LR: 0.10000000
2025-07-21 05:00:17,189 [INFO] Saving best model at iteration 37
2025-07-21 05:00:17,790 [INFO] [38/300] loss 1471.48 | compact 14.2531 | spectral 17.2959 | recons_loss: 0.150424 | sparse_loss: 1.03345 | 
2025-07-21 05:00:17,790 [INFO] [Iter 38] LR: 0.10000000
2025-07-21 05:00:17,792 [INFO] Saving best model at iteration 38
2025-07-21 05:00:18,389 [INFO] [39/300] loss 1470.92 | compact 14.2573 | spectral 17.2925 | recons_loss: 0.14937 | sparse_loss: 1.03335 | 
2025-07-21 05:00:18,390 [INFO] [Iter 39] LR: 0.10000000
2025-07-21 05:00:18,391 [INFO] Saving best model at iteration 39
2025-07-21 05:00:18,995 [INFO] [40/300] loss 1470.37 | compact 14.261 | spectral 17.2897 | recons_loss: 0.148382 | sparse_loss: 1.03324 | 
2025-07-21 05:00:18,995 [INFO] [Iter 40] LR: 0.10000000
2025-07-21 05:00:18,997 [INFO] Saving best model at iteration 40
2025-07-21 05:00:19,600 [INFO] [41/300] loss 1469.86 | compact 14.266 | spectral 17.2825 | recons_loss: 0.147466 | sparse_loss: 1.03313 | 
2025-07-21 05:00:19,601 [INFO] [Iter 41] LR: 0.10000000
2025-07-21 05:00:19,602 [INFO] Saving best model at iteration 41
2025-07-21 05:00:20,202 [INFO] [42/300] loss 1469.36 | compact 14.2714 | spectral 17.2751 | recons_loss: 0.146611 | sparse_loss: 1.03302 | 
2025-07-21 05:00:20,202 [INFO] [Iter 42] LR: 0.10000000
2025-07-21 05:00:20,204 [INFO] Saving best model at iteration 42
2025-07-21 05:00:20,801 [INFO] [43/300] loss 1468.87 | compact 14.2754 | spectral 17.268 | recons_loss: 0.145807 | sparse_loss: 1.0329 | 
2025-07-21 05:00:20,802 [INFO] [Iter 43] LR: 0.10000000
2025-07-21 05:00:20,803 [INFO] Saving best model at iteration 43
2025-07-21 05:00:21,400 [INFO] [44/300] loss 1468.41 | compact 14.2803 | spectral 17.26 | recons_loss: 0.145056 | sparse_loss: 1.03279 | 
2025-07-21 05:00:21,400 [INFO] [Iter 44] LR: 0.10000000
2025-07-21 05:00:21,401 [INFO] Saving best model at iteration 44
2025-07-21 05:00:22,004 [INFO] [45/300] loss 1467.96 | compact 14.2855 | spectral 17.2522 | recons_loss: 0.144343 | sparse_loss: 1.0327 | 
2025-07-21 05:00:22,004 [INFO] [Iter 45] LR: 0.10000000
2025-07-21 05:00:22,006 [INFO] Saving best model at iteration 45
2025-07-21 05:00:22,607 [INFO] [46/300] loss 1467.52 | compact 14.2913 | spectral 17.2434 | recons_loss: 0.143666 | sparse_loss: 1.0326 | 
2025-07-21 05:00:22,607 [INFO] [Iter 46] LR: 0.10000000
2025-07-21 05:00:22,608 [INFO] Saving best model at iteration 46
2025-07-21 05:00:23,205 [INFO] [47/300] loss 1467.1 | compact 14.2964 | spectral 17.2362 | recons_loss: 0.143022 | sparse_loss: 1.03252 | 
2025-07-21 05:00:23,205 [INFO] [Iter 47] LR: 0.10000000
2025-07-21 05:00:23,206 [INFO] Saving best model at iteration 47
2025-07-21 05:00:23,804 [INFO] [48/300] loss 1466.7 | compact 14.3013 | spectral 17.2281 | recons_loss: 0.142414 | sparse_loss: 1.03243 | 
2025-07-21 05:00:23,804 [INFO] [Iter 48] LR: 0.10000000
2025-07-21 05:00:23,805 [INFO] Saving best model at iteration 48
2025-07-21 05:00:24,402 [INFO] [49/300] loss 1466.32 | compact 14.3063 | spectral 17.2201 | recons_loss: 0.14184 | sparse_loss: 1.03235 | 
2025-07-21 05:00:24,402 [INFO] [Iter 49] LR: 0.10000000
2025-07-21 05:00:24,403 [INFO] Saving best model at iteration 49
2025-07-21 05:00:24,587 [INFO] H: 600, W: 166
2025-07-21 05:00:24,695 [INFO] [0 1 2 3 4 5]
2025-07-21 05:00:24,989 [INFO] y_target: [1 2 3 4 5 6]
2025-07-21 05:00:24,989 [INFO] y_predict: [0 1 2 3 4 5]
2025-07-21 05:00:25,077 [INFO] Epoch = 50 OA = 0.8952 Kappa = 0.8601 NMI = 0.8207
2025-07-21 05:00:25,553 [INFO] [50/300] loss 1465.96 | compact 14.3106 | spectral 17.2138 | recons_loss: 0.1413 | sparse_loss: 1.03227 | 
2025-07-21 05:00:25,553 [INFO] [Iter 50] LR: 0.10000000
2025-07-21 05:00:25,554 [INFO] Saving best model at iteration 50
2025-07-21 05:00:26,151 [INFO] [51/300] loss 1465.61 | compact 14.3143 | spectral 17.2082 | recons_loss: 0.140782 | sparse_loss: 1.0322 | 
2025-07-21 05:00:26,151 [INFO] [Iter 51] LR: 0.10000000
2025-07-21 05:00:26,152 [INFO] Saving best model at iteration 51
2025-07-21 05:00:26,749 [INFO] [52/300] loss 1465.27 | compact 14.3181 | spectral 17.2029 | recons_loss: 0.140287 | sparse_loss: 1.03214 | 
2025-07-21 05:00:26,749 [INFO] [Iter 52] LR: 0.10000000
2025-07-21 05:00:26,750 [INFO] Saving best model at iteration 52
2025-07-21 05:00:27,347 [INFO] [53/300] loss 1464.95 | compact 14.3229 | spectral 17.1965 | recons_loss: 0.139798 | sparse_loss: 1.03208 | 
2025-07-21 05:00:27,347 [INFO] [Iter 53] LR: 0.10000000
2025-07-21 05:00:27,349 [INFO] Saving best model at iteration 53
2025-07-21 05:00:27,946 [INFO] [54/300] loss 1464.64 | compact 14.3276 | spectral 17.1918 | recons_loss: 0.139339 | sparse_loss: 1.03202 | 
2025-07-21 05:00:27,947 [INFO] [Iter 54] LR: 0.10000000
2025-07-21 05:00:27,948 [INFO] Saving best model at iteration 54
2025-07-21 05:00:28,548 [INFO] [55/300] loss 1464.35 | compact 14.3322 | spectral 17.1876 | recons_loss: 0.138907 | sparse_loss: 1.03195 | 
2025-07-21 05:00:28,549 [INFO] [Iter 55] LR: 0.10000000
2025-07-21 05:00:28,551 [INFO] Saving best model at iteration 55
2025-07-21 05:00:29,167 [INFO] [56/300] loss 1464.07 | compact 14.3369 | spectral 17.1841 | recons_loss: 0.138502 | sparse_loss: 1.03189 | 
2025-07-21 05:00:29,167 [INFO] [Iter 56] LR: 0.10000000
2025-07-21 05:00:29,168 [INFO] Saving best model at iteration 56
2025-07-21 05:00:29,769 [INFO] [57/300] loss 1463.81 | compact 14.3412 | spectral 17.1826 | recons_loss: 0.138117 | sparse_loss: 1.03183 | 
2025-07-21 05:00:29,769 [INFO] [Iter 57] LR: 0.10000000
2025-07-21 05:00:29,771 [INFO] Saving best model at iteration 57
2025-07-21 05:00:30,367 [INFO] [58/300] loss 1463.55 | compact 14.3455 | spectral 17.1806 | recons_loss: 0.137752 | sparse_loss: 1.03178 | 
2025-07-21 05:00:30,368 [INFO] [Iter 58] LR: 0.10000000
2025-07-21 05:00:30,369 [INFO] Saving best model at iteration 58
2025-07-21 05:00:30,966 [INFO] [59/300] loss 1463.31 | compact 14.35 | spectral 17.1805 | recons_loss: 0.137404 | sparse_loss: 1.03172 | 
2025-07-21 05:00:30,967 [INFO] [Iter 59] LR: 0.10000000
2025-07-21 05:00:30,968 [INFO] Saving best model at iteration 59
2025-07-21 05:00:31,565 [INFO] [60/300] loss 1463.07 | compact 14.3538 | spectral 17.1812 | recons_loss: 0.137074 | sparse_loss: 1.03166 | 
2025-07-21 05:00:31,565 [INFO] [Iter 60] LR: 0.10000000
2025-07-21 05:00:31,566 [INFO] Saving best model at iteration 60
2025-07-21 05:00:32,164 [INFO] [61/300] loss 1462.85 | compact 14.3571 | spectral 17.1827 | recons_loss: 0.136755 | sparse_loss: 1.0316 | 
2025-07-21 05:00:32,164 [INFO] [Iter 61] LR: 0.10000000
2025-07-21 05:00:32,166 [INFO] Saving best model at iteration 61
2025-07-21 05:00:32,766 [INFO] [62/300] loss 1462.63 | compact 14.3603 | spectral 17.1839 | recons_loss: 0.136441 | sparse_loss: 1.03154 | 
2025-07-21 05:00:32,767 [INFO] [Iter 62] LR: 0.10000000
2025-07-21 05:00:32,768 [INFO] Saving best model at iteration 62
2025-07-21 05:00:33,365 [INFO] [63/300] loss 1462.42 | compact 14.3623 | spectral 17.1865 | recons_loss: 0.136138 | sparse_loss: 1.03149 | 
2025-07-21 05:00:33,365 [INFO] [Iter 63] LR: 0.10000000
2025-07-21 05:00:33,366 [INFO] Saving best model at iteration 63
2025-07-21 05:00:33,964 [INFO] [64/300] loss 1462.22 | compact 14.3645 | spectral 17.1886 | recons_loss: 0.135847 | sparse_loss: 1.03144 | 
2025-07-21 05:00:33,965 [INFO] [Iter 64] LR: 0.10000000
2025-07-21 05:00:33,967 [INFO] Saving best model at iteration 64
2025-07-21 05:00:34,564 [INFO] [65/300] loss 1462.02 | compact 14.3671 | spectral 17.1896 | recons_loss: 0.13557 | sparse_loss: 1.0314 | 
2025-07-21 05:00:34,565 [INFO] [Iter 65] LR: 0.10000000
2025-07-21 05:00:34,566 [INFO] Saving best model at iteration 65
2025-07-21 05:00:35,163 [INFO] [66/300] loss 1461.84 | compact 14.3696 | spectral 17.1912 | recons_loss: 0.135308 | sparse_loss: 1.03135 | 
2025-07-21 05:00:35,163 [INFO] [Iter 66] LR: 0.10000000
2025-07-21 05:00:35,164 [INFO] Saving best model at iteration 66
2025-07-21 05:00:35,762 [INFO] [67/300] loss 1461.66 | compact 14.3723 | spectral 17.193 | recons_loss: 0.135059 | sparse_loss: 1.0313 | 
2025-07-21 05:00:35,763 [INFO] [Iter 67] LR: 0.10000000
2025-07-21 05:00:35,764 [INFO] Saving best model at iteration 67
2025-07-21 05:00:36,367 [INFO] [68/300] loss 1461.48 | compact 14.3759 | spectral 17.1944 | recons_loss: 0.13482 | sparse_loss: 1.03125 | 
2025-07-21 05:00:36,367 [INFO] [Iter 68] LR: 0.10000000
2025-07-21 05:00:36,368 [INFO] Saving best model at iteration 68
2025-07-21 05:00:36,966 [INFO] [69/300] loss 1461.31 | compact 14.3796 | spectral 17.1953 | recons_loss: 0.134589 | sparse_loss: 1.03121 | 
2025-07-21 05:00:36,967 [INFO] [Iter 69] LR: 0.10000000
2025-07-21 05:00:36,968 [INFO] Saving best model at iteration 69
2025-07-21 05:00:37,570 [INFO] [70/300] loss 1461.15 | compact 14.3829 | spectral 17.1962 | recons_loss: 0.134366 | sparse_loss: 1.03118 | 
2025-07-21 05:00:37,571 [INFO] [Iter 70] LR: 0.10000000
2025-07-21 05:00:37,572 [INFO] Saving best model at iteration 70
2025-07-21 05:00:38,169 [INFO] [71/300] loss 1460.99 | compact 14.3855 | spectral 17.1983 | recons_loss: 0.134157 | sparse_loss: 1.03114 | 
2025-07-21 05:00:38,169 [INFO] [Iter 71] LR: 0.10000000
2025-07-21 05:00:38,170 [INFO] Saving best model at iteration 71
2025-07-21 05:00:38,771 [INFO] [72/300] loss 1460.84 | compact 14.3883 | spectral 17.2 | recons_loss: 0.133955 | sparse_loss: 1.03111 | 
2025-07-21 05:00:38,771 [INFO] [Iter 72] LR: 0.10000000
2025-07-21 05:00:38,772 [INFO] Saving best model at iteration 72
2025-07-21 05:00:39,370 [INFO] [73/300] loss 1460.69 | compact 14.3911 | spectral 17.2022 | recons_loss: 0.133764 | sparse_loss: 1.03106 | 
2025-07-21 05:00:39,370 [INFO] [Iter 73] LR: 0.10000000
2025-07-21 05:00:39,371 [INFO] Saving best model at iteration 73
2025-07-21 05:00:39,968 [INFO] [74/300] loss 1460.54 | compact 14.3941 | spectral 17.2042 | recons_loss: 0.133578 | sparse_loss: 1.03102 | 
2025-07-21 05:00:39,969 [INFO] [Iter 74] LR: 0.10000000
2025-07-21 05:00:39,971 [INFO] Saving best model at iteration 74
2025-07-21 05:00:40,569 [INFO] [75/300] loss 1460.4 | compact 14.3973 | spectral 17.2058 | recons_loss: 0.133393 | sparse_loss: 1.03099 | 
2025-07-21 05:00:40,569 [INFO] [Iter 75] LR: 0.10000000
2025-07-21 05:00:40,570 [INFO] Saving best model at iteration 75
2025-07-21 05:00:41,167 [INFO] [76/300] loss 1460.26 | compact 14.3994 | spectral 17.2097 | recons_loss: 0.133212 | sparse_loss: 1.03097 | 
2025-07-21 05:00:41,168 [INFO] [Iter 76] LR: 0.10000000
2025-07-21 05:00:41,169 [INFO] Saving best model at iteration 76
2025-07-21 05:00:41,765 [INFO] [77/300] loss 1460.12 | compact 14.4031 | spectral 17.2126 | recons_loss: 0.133038 | sparse_loss: 1.03095 | 
2025-07-21 05:00:41,765 [INFO] [Iter 77] LR: 0.10000000
2025-07-21 05:00:41,766 [INFO] Saving best model at iteration 77
2025-07-21 05:00:42,363 [INFO] [78/300] loss 1459.99 | compact 14.4055 | spectral 17.2157 | recons_loss: 0.132872 | sparse_loss: 1.03092 | 
2025-07-21 05:00:42,364 [INFO] [Iter 78] LR: 0.10000000
2025-07-21 05:00:42,365 [INFO] Saving best model at iteration 78
2025-07-21 05:00:42,963 [INFO] [79/300] loss 1459.85 | compact 14.4084 | spectral 17.2175 | recons_loss: 0.13271 | sparse_loss: 1.03089 | 
2025-07-21 05:00:42,963 [INFO] [Iter 79] LR: 0.10000000
2025-07-21 05:00:42,964 [INFO] Saving best model at iteration 79
2025-07-21 05:00:43,562 [INFO] [80/300] loss 1459.73 | compact 14.4118 | spectral 17.2189 | recons_loss: 0.132564 | sparse_loss: 1.03086 | 
2025-07-21 05:00:43,562 [INFO] [Iter 80] LR: 0.10000000
2025-07-21 05:00:43,563 [INFO] Saving best model at iteration 80
2025-07-21 05:00:44,160 [INFO] [81/300] loss 1459.61 | compact 14.415 | spectral 17.2204 | recons_loss: 0.132415 | sparse_loss: 1.03083 | 
2025-07-21 05:00:44,160 [INFO] [Iter 81] LR: 0.10000000
2025-07-21 05:00:44,161 [INFO] Saving best model at iteration 81
2025-07-21 05:00:44,769 [INFO] [82/300] loss 1459.51 | compact 14.4194 | spectral 17.2222 | recons_loss: 0.132272 | sparse_loss: 1.03082 | 
2025-07-21 05:00:44,769 [INFO] [Iter 82] LR: 0.05000000
2025-07-21 05:00:44,770 [INFO] Saving best model at iteration 82
2025-07-21 05:00:45,369 [INFO] [83/300] loss 1459.42 | compact 14.4244 | spectral 17.2215 | recons_loss: 0.132161 | sparse_loss: 1.0308 | 
2025-07-21 05:00:45,370 [INFO] [Iter 83] LR: 0.05000000
2025-07-21 05:00:45,371 [INFO] Saving best model at iteration 83
2025-07-21 05:00:45,968 [INFO] [84/300] loss 1459.31 | compact 14.4294 | spectral 17.2189 | recons_loss: 0.132038 | sparse_loss: 1.03077 | 
2025-07-21 05:00:45,969 [INFO] [Iter 84] LR: 0.05000000
2025-07-21 05:00:45,971 [INFO] Saving best model at iteration 84
2025-07-21 05:00:46,569 [INFO] [85/300] loss 1459.19 | compact 14.4342 | spectral 17.2161 | recons_loss: 0.131916 | sparse_loss: 1.03074 | 
2025-07-21 05:00:46,569 [INFO] [Iter 85] LR: 0.05000000
2025-07-21 05:00:46,570 [INFO] Saving best model at iteration 85
2025-07-21 05:00:47,169 [INFO] [86/300] loss 1459.08 | compact 14.4385 | spectral 17.213 | recons_loss: 0.131795 | sparse_loss: 1.03071 | 
2025-07-21 05:00:47,169 [INFO] [Iter 86] LR: 0.05000000
2025-07-21 05:00:47,172 [INFO] Saving best model at iteration 86
2025-07-21 05:00:47,792 [INFO] [87/300] loss 1458.97 | compact 14.4428 | spectral 17.2101 | recons_loss: 0.131674 | sparse_loss: 1.03068 | 
2025-07-21 05:00:47,792 [INFO] [Iter 87] LR: 0.05000000
2025-07-21 05:00:47,793 [INFO] Saving best model at iteration 87
2025-07-21 05:00:48,390 [INFO] [88/300] loss 1458.86 | compact 14.4463 | spectral 17.208 | recons_loss: 0.131555 | sparse_loss: 1.03065 | 
2025-07-21 05:00:48,391 [INFO] [Iter 88] LR: 0.05000000
2025-07-21 05:00:48,392 [INFO] Saving best model at iteration 88
2025-07-21 05:00:48,989 [INFO] [89/300] loss 1458.75 | compact 14.4499 | spectral 17.2053 | recons_loss: 0.131436 | sparse_loss: 1.03062 | 
2025-07-21 05:00:48,989 [INFO] [Iter 89] LR: 0.05000000
2025-07-21 05:00:48,990 [INFO] Saving best model at iteration 89
2025-07-21 05:00:49,587 [INFO] [90/300] loss 1458.64 | compact 14.4533 | spectral 17.2031 | recons_loss: 0.131318 | sparse_loss: 1.0306 | 
2025-07-21 05:00:49,587 [INFO] [Iter 90] LR: 0.05000000
2025-07-21 05:00:49,588 [INFO] Saving best model at iteration 90
2025-07-21 05:00:50,185 [INFO] [91/300] loss 1458.54 | compact 14.4565 | spectral 17.2005 | recons_loss: 0.131204 | sparse_loss: 1.03058 | 
2025-07-21 05:00:50,185 [INFO] [Iter 91] LR: 0.05000000
2025-07-21 05:00:50,186 [INFO] Saving best model at iteration 91
2025-07-21 05:00:50,783 [INFO] [92/300] loss 1458.44 | compact 14.4599 | spectral 17.1977 | recons_loss: 0.131101 | sparse_loss: 1.03056 | 
2025-07-21 05:00:50,783 [INFO] [Iter 92] LR: 0.05000000
2025-07-21 05:00:50,784 [INFO] Saving best model at iteration 92
2025-07-21 05:00:51,381 [INFO] [93/300] loss 1458.35 | compact 14.4629 | spectral 17.195 | recons_loss: 0.131002 | sparse_loss: 1.03052 | 
2025-07-21 05:00:51,381 [INFO] [Iter 93] LR: 0.05000000
2025-07-21 05:00:51,382 [INFO] Saving best model at iteration 93
2025-07-21 05:00:51,981 [INFO] [94/300] loss 1458.25 | compact 14.4662 | spectral 17.1919 | recons_loss: 0.130906 | sparse_loss: 1.03049 | 
2025-07-21 05:00:51,981 [INFO] [Iter 94] LR: 0.05000000
2025-07-21 05:00:51,984 [INFO] Saving best model at iteration 94
2025-07-21 05:00:52,601 [INFO] [95/300] loss 1458.16 | compact 14.4688 | spectral 17.1893 | recons_loss: 0.130813 | sparse_loss: 1.03046 | 
2025-07-21 05:00:52,602 [INFO] [Iter 95] LR: 0.05000000
2025-07-21 05:00:52,604 [INFO] Saving best model at iteration 95
2025-07-21 05:00:53,219 [INFO] [96/300] loss 1458.06 | compact 14.4715 | spectral 17.1866 | recons_loss: 0.130722 | sparse_loss: 1.03043 | 
2025-07-21 05:00:53,220 [INFO] [Iter 96] LR: 0.05000000
2025-07-21 05:00:53,221 [INFO] Saving best model at iteration 96
2025-07-21 05:00:53,819 [INFO] [97/300] loss 1457.97 | compact 14.474 | spectral 17.1843 | recons_loss: 0.13063 | sparse_loss: 1.03041 | 
2025-07-21 05:00:53,819 [INFO] [Iter 97] LR: 0.05000000
2025-07-21 05:00:53,820 [INFO] Saving best model at iteration 97
2025-07-21 05:00:54,417 [INFO] [98/300] loss 1457.88 | compact 14.4758 | spectral 17.183 | recons_loss: 0.13054 | sparse_loss: 1.03039 | 
2025-07-21 05:00:54,418 [INFO] [Iter 98] LR: 0.05000000
2025-07-21 05:00:54,419 [INFO] Saving best model at iteration 98
2025-07-21 05:00:55,020 [INFO] [99/300] loss 1457.79 | compact 14.4769 | spectral 17.1828 | recons_loss: 0.130451 | sparse_loss: 1.03036 | 
2025-07-21 05:00:55,020 [INFO] [Iter 99] LR: 0.05000000
2025-07-21 05:00:55,021 [INFO] Saving best model at iteration 99
2025-07-21 05:00:55,212 [INFO] H: 600, W: 166
2025-07-21 05:00:55,314 [INFO] [0 1 2 3 4 5]
2025-07-21 05:00:55,429 [INFO] y_target: [1 2 3 4 5 6]
2025-07-21 05:00:55,429 [INFO] y_predict: [0 1 2 3 4 5]
2025-07-21 05:00:55,518 [INFO] Epoch = 100 OA = 0.9064 Kappa = 0.8751 NMI = 0.8328
2025-07-21 05:00:55,995 [INFO] [100/300] loss 1457.71 | compact 14.4781 | spectral 17.1832 | recons_loss: 0.130376 | sparse_loss: 1.03035 | 
2025-07-21 05:00:55,996 [INFO] [Iter 100] LR: 0.02500000
2025-07-21 05:00:55,998 [INFO] Saving best model at iteration 100
2025-07-21 05:00:56,607 [INFO] [101/300] loss 1457.64 | compact 14.4795 | spectral 17.183 | recons_loss: 0.130303 | sparse_loss: 1.03033 | 
2025-07-21 05:00:56,607 [INFO] [Iter 101] LR: 0.02500000
2025-07-21 05:00:56,608 [INFO] Saving best model at iteration 101
2025-07-21 05:00:57,217 [INFO] [102/300] loss 1457.57 | compact 14.4808 | spectral 17.1828 | recons_loss: 0.130235 | sparse_loss: 1.03031 | 
2025-07-21 05:00:57,217 [INFO] [Iter 102] LR: 0.02500000
2025-07-21 05:00:57,218 [INFO] Saving best model at iteration 102
2025-07-21 05:00:57,815 [INFO] [103/300] loss 1457.5 | compact 14.4821 | spectral 17.1827 | recons_loss: 0.130172 | sparse_loss: 1.03029 | 
2025-07-21 05:00:57,815 [INFO] [Iter 103] LR: 0.02500000
2025-07-21 05:00:57,816 [INFO] Saving best model at iteration 103
2025-07-21 05:00:58,414 [INFO] [104/300] loss 1457.44 | compact 14.4832 | spectral 17.1827 | recons_loss: 0.130112 | sparse_loss: 1.03028 | 
2025-07-21 05:00:58,415 [INFO] [Iter 104] LR: 0.02500000
2025-07-21 05:00:58,416 [INFO] Saving best model at iteration 104
2025-07-21 05:00:59,013 [INFO] [105/300] loss 1457.37 | compact 14.4843 | spectral 17.1826 | recons_loss: 0.130055 | sparse_loss: 1.03027 | 
2025-07-21 05:00:59,013 [INFO] [Iter 105] LR: 0.02500000
2025-07-21 05:00:59,014 [INFO] Saving best model at iteration 105
2025-07-21 05:00:59,611 [INFO] [106/300] loss 1457.31 | compact 14.4855 | spectral 17.1824 | recons_loss: 0.13 | sparse_loss: 1.03025 | 
2025-07-21 05:00:59,612 [INFO] [Iter 106] LR: 0.02500000
2025-07-21 05:00:59,613 [INFO] Saving best model at iteration 106
2025-07-21 05:01:00,210 [INFO] [107/300] loss 1457.25 | compact 14.4865 | spectral 17.1822 | recons_loss: 0.129949 | sparse_loss: 1.03024 | 
2025-07-21 05:01:00,210 [INFO] [Iter 107] LR: 0.02500000
2025-07-21 05:01:00,211 [INFO] Saving best model at iteration 107
2025-07-21 05:01:00,808 [INFO] [108/300] loss 1457.19 | compact 14.4873 | spectral 17.1822 | recons_loss: 0.129901 | sparse_loss: 1.03023 | 
2025-07-21 05:01:00,809 [INFO] [Iter 108] LR: 0.01250000
2025-07-21 05:01:00,811 [INFO] Saving best model at iteration 108
2025-07-21 05:01:01,408 [INFO] [109/300] loss 1457.14 | compact 14.4882 | spectral 17.1821 | recons_loss: 0.129854 | sparse_loss: 1.03021 | 
2025-07-21 05:01:01,409 [INFO] [Iter 109] LR: 0.01250000
2025-07-21 05:01:01,410 [INFO] Saving best model at iteration 109
2025-07-21 05:01:02,008 [INFO] [110/300] loss 1457.08 | compact 14.489 | spectral 17.1821 | recons_loss: 0.129811 | sparse_loss: 1.0302 | 
2025-07-21 05:01:02,009 [INFO] [Iter 110] LR: 0.01250000
2025-07-21 05:01:02,011 [INFO] Saving best model at iteration 110
2025-07-21 05:01:02,616 [INFO] [111/300] loss 1457.03 | compact 14.4898 | spectral 17.182 | recons_loss: 0.129772 | sparse_loss: 1.03018 | 
2025-07-21 05:01:02,616 [INFO] [Iter 111] LR: 0.01250000
2025-07-21 05:01:02,619 [INFO] Saving best model at iteration 111
2025-07-21 05:01:03,223 [INFO] [112/300] loss 1456.98 | compact 14.4905 | spectral 17.1821 | recons_loss: 0.129735 | sparse_loss: 1.03017 | 
2025-07-21 05:01:03,223 [INFO] [Iter 112] LR: 0.00625000
2025-07-21 05:01:03,224 [INFO] Saving best model at iteration 112
2025-07-21 05:01:03,821 [INFO] [113/300] loss 1456.94 | compact 14.4911 | spectral 17.1823 | recons_loss: 0.129701 | sparse_loss: 1.03015 | 
2025-07-21 05:01:03,822 [INFO] [Iter 113] LR: 0.00625000
2025-07-21 05:01:03,823 [INFO] Saving best model at iteration 113
2025-07-21 05:01:04,420 [INFO] [114/300] loss 1456.89 | compact 14.4918 | spectral 17.1824 | recons_loss: 0.129668 | sparse_loss: 1.03014 | 
2025-07-21 05:01:04,420 [INFO] [Iter 114] LR: 0.00625000
2025-07-21 05:01:04,421 [INFO] Saving best model at iteration 114
2025-07-21 05:01:05,018 [INFO] [115/300] loss 1456.85 | compact 14.4923 | spectral 17.1825 | recons_loss: 0.129638 | sparse_loss: 1.03012 | 
2025-07-21 05:01:05,018 [INFO] [Iter 115] LR: 0.00312500
2025-07-21 05:01:05,019 [INFO] Saving best model at iteration 115
2025-07-21 05:01:05,617 [INFO] [116/300] loss 1456.81 | compact 14.4928 | spectral 17.1826 | recons_loss: 0.129611 | sparse_loss: 1.03011 | 
2025-07-21 05:01:05,617 [INFO] [Iter 116] LR: 0.00312500
2025-07-21 05:01:05,618 [INFO] Saving best model at iteration 116
2025-07-21 05:01:06,215 [INFO] [117/300] loss 1456.78 | compact 14.4931 | spectral 17.1829 | recons_loss: 0.129586 | sparse_loss: 1.0301 | 
2025-07-21 05:01:06,215 [INFO] [Iter 117] LR: 0.00312500
2025-07-21 05:01:06,216 [INFO] Saving best model at iteration 117
2025-07-21 05:01:06,813 [INFO] [118/300] loss 1456.75 | compact 14.4933 | spectral 17.1831 | recons_loss: 0.129563 | sparse_loss: 1.03009 | 
2025-07-21 05:01:06,813 [INFO] [Iter 118] LR: 0.00312500
2025-07-21 05:01:06,814 [INFO] Saving best model at iteration 118
2025-07-21 05:01:07,411 [INFO] [119/300] loss 1456.72 | compact 14.4936 | spectral 17.1834 | recons_loss: 0.129542 | sparse_loss: 1.03008 | 
2025-07-21 05:01:07,411 [INFO] [Iter 119] LR: 0.00156250
2025-07-21 05:01:07,412 [INFO] Saving best model at iteration 119
2025-07-21 05:01:08,009 [INFO] [120/300] loss 1456.69 | compact 14.4938 | spectral 17.1835 | recons_loss: 0.129523 | sparse_loss: 1.03007 | 
2025-07-21 05:01:08,010 [INFO] [Iter 120] LR: 0.00156250
2025-07-21 05:01:08,011 [INFO] Saving best model at iteration 120
2025-07-21 05:01:08,608 [INFO] [121/300] loss 1456.66 | compact 14.4939 | spectral 17.1838 | recons_loss: 0.129505 | sparse_loss: 1.03007 | 
2025-07-21 05:01:08,608 [INFO] [Iter 121] LR: 0.00156250
2025-07-21 05:01:08,609 [INFO] Saving best model at iteration 121
2025-07-21 05:01:09,206 [INFO] [122/300] loss 1456.64 | compact 14.494 | spectral 17.184 | recons_loss: 0.129488 | sparse_loss: 1.03006 | 
2025-07-21 05:01:09,207 [INFO] [Iter 122] LR: 0.00078125
2025-07-21 05:01:09,208 [INFO] Saving best model at iteration 122
2025-07-21 05:01:09,809 [INFO] [123/300] loss 1456.62 | compact 14.4941 | spectral 17.1843 | recons_loss: 0.129474 | sparse_loss: 1.03005 | 
2025-07-21 05:01:09,809 [INFO] [Iter 123] LR: 0.00078125
2025-07-21 05:01:09,810 [INFO] Saving best model at iteration 123
2025-07-21 05:01:10,426 [INFO] [124/300] loss 1456.6 | compact 14.4943 | spectral 17.1844 | recons_loss: 0.12946 | sparse_loss: 1.03005 | 
2025-07-21 05:01:10,426 [INFO] [Iter 124] LR: 0.00078125
2025-07-21 05:01:10,427 [INFO] Saving best model at iteration 124
2025-07-21 05:01:11,024 [INFO] [125/300] loss 1456.58 | compact 14.4944 | spectral 17.1846 | recons_loss: 0.129448 | sparse_loss: 1.03004 | 
2025-07-21 05:01:11,025 [INFO] [Iter 125] LR: 0.00039063
2025-07-21 05:01:11,026 [INFO] Saving best model at iteration 125
2025-07-21 05:01:11,624 [INFO] [126/300] loss 1456.57 | compact 14.4944 | spectral 17.1848 | recons_loss: 0.129437 | sparse_loss: 1.03004 | 
2025-07-21 05:01:11,625 [INFO] [Iter 126] LR: 0.00039063
2025-07-21 05:01:11,627 [INFO] Saving best model at iteration 126
2025-07-21 05:01:12,227 [INFO] [127/300] loss 1456.55 | compact 14.4945 | spectral 17.1849 | recons_loss: 0.129427 | sparse_loss: 1.03003 | 
2025-07-21 05:01:12,227 [INFO] [Iter 127] LR: 0.00039063
2025-07-21 05:01:12,229 [INFO] Saving best model at iteration 127
2025-07-21 05:01:12,826 [INFO] [128/300] loss 1456.54 | compact 14.4946 | spectral 17.185 | recons_loss: 0.129418 | sparse_loss: 1.03003 | 
2025-07-21 05:01:12,826 [INFO] [Iter 128] LR: 0.00019531
2025-07-21 05:01:12,827 [INFO] Saving best model at iteration 128
2025-07-21 05:01:13,424 [INFO] [129/300] loss 1456.53 | compact 14.4946 | spectral 17.1851 | recons_loss: 0.12941 | sparse_loss: 1.03003 | 
2025-07-21 05:01:13,425 [INFO] [Iter 129] LR: 0.00019531
2025-07-21 05:01:13,426 [INFO] Saving best model at iteration 129
2025-07-21 05:01:14,024 [INFO] [130/300] loss 1456.51 | compact 14.4947 | spectral 17.1852 | recons_loss: 0.129403 | sparse_loss: 1.03002 | 
2025-07-21 05:01:14,024 [INFO] [Iter 130] LR: 0.00019531
2025-07-21 05:01:14,026 [INFO] Saving best model at iteration 130
2025-07-21 05:01:14,625 [INFO] [131/300] loss 1456.5 | compact 14.4948 | spectral 17.1853 | recons_loss: 0.129396 | sparse_loss: 1.03002 | 
2025-07-21 05:01:14,625 [INFO] [Iter 131] LR: 0.00009766
2025-07-21 05:01:14,627 [INFO] Saving best model at iteration 131
2025-07-21 05:01:15,226 [INFO] [132/300] loss 1456.49 | compact 14.4948 | spectral 17.1854 | recons_loss: 0.12939 | sparse_loss: 1.03002 | 
2025-07-21 05:01:15,226 [INFO] [Iter 132] LR: 0.00009766
2025-07-21 05:01:15,227 [INFO] Saving best model at iteration 132
2025-07-21 05:01:15,825 [INFO] [133/300] loss 1456.49 | compact 14.4949 | spectral 17.1854 | recons_loss: 0.129385 | sparse_loss: 1.03002 | 
2025-07-21 05:01:15,825 [INFO] [Iter 133] LR: 0.00009766
2025-07-21 05:01:15,826 [INFO] Saving best model at iteration 133
2025-07-21 05:01:16,424 [INFO] [134/300] loss 1456.48 | compact 14.4949 | spectral 17.1855 | recons_loss: 0.12938 | sparse_loss: 1.03001 | 
2025-07-21 05:01:16,424 [INFO] [Iter 134] LR: 0.00004883
2025-07-21 05:01:16,425 [INFO] Saving best model at iteration 134
2025-07-21 05:01:17,022 [INFO] [135/300] loss 1456.47 | compact 14.4949 | spectral 17.1856 | recons_loss: 0.129375 | sparse_loss: 1.03001 | 
2025-07-21 05:01:17,022 [INFO] [Iter 135] LR: 0.00004883
2025-07-21 05:01:17,023 [INFO] Saving best model at iteration 135
2025-07-21 05:01:17,621 [INFO] [136/300] loss 1456.47 | compact 14.495 | spectral 17.1856 | recons_loss: 0.129371 | sparse_loss: 1.03001 | 
2025-07-21 05:01:17,622 [INFO] [Iter 136] LR: 0.00004883
2025-07-21 05:01:17,623 [INFO] Saving best model at iteration 136
2025-07-21 05:01:18,231 [INFO] [137/300] loss 1456.46 | compact 14.495 | spectral 17.1856 | recons_loss: 0.129368 | sparse_loss: 1.03001 | 
2025-07-21 05:01:18,231 [INFO] [Iter 137] LR: 0.00002441
2025-07-21 05:01:18,233 [INFO] Saving best model at iteration 137
2025-07-21 05:01:18,830 [INFO] [138/300] loss 1456.46 | compact 14.495 | spectral 17.1857 | recons_loss: 0.129365 | sparse_loss: 1.03001 | 
2025-07-21 05:01:18,831 [INFO] [Iter 138] LR: 0.00002441
2025-07-21 05:01:18,832 [INFO] Saving best model at iteration 138
2025-07-21 05:01:19,429 [INFO] [139/300] loss 1456.45 | compact 14.4951 | spectral 17.1857 | recons_loss: 0.129362 | sparse_loss: 1.03001 | 
2025-07-21 05:01:19,429 [INFO] [Iter 139] LR: 0.00002441
2025-07-21 05:01:19,430 [INFO] Saving best model at iteration 139
2025-07-21 05:01:20,027 [INFO] [140/300] loss 1456.45 | compact 14.4951 | spectral 17.1858 | recons_loss: 0.129359 | sparse_loss: 1.03001 | 
2025-07-21 05:01:20,027 [INFO] [Iter 140] LR: 0.00001221
2025-07-21 05:01:20,028 [INFO] Saving best model at iteration 140
2025-07-21 05:01:20,626 [INFO] [141/300] loss 1456.44 | compact 14.4951 | spectral 17.1858 | recons_loss: 0.129357 | sparse_loss: 1.03001 | 
2025-07-21 05:01:20,626 [INFO] [Iter 141] LR: 0.00001221
2025-07-21 05:01:20,627 [INFO] Saving best model at iteration 141
2025-07-21 05:01:21,224 [INFO] [142/300] loss 1456.44 | compact 14.4951 | spectral 17.1858 | recons_loss: 0.129355 | sparse_loss: 1.03 | 
2025-07-21 05:01:21,225 [INFO] [Iter 142] LR: 0.00001221
2025-07-21 05:01:21,227 [INFO] Saving best model at iteration 142
2025-07-21 05:01:21,844 [INFO] [143/300] loss 1456.44 | compact 14.4951 | spectral 17.1858 | recons_loss: 0.129353 | sparse_loss: 1.03 | 
2025-07-21 05:01:21,845 [INFO] [Iter 143] LR: 0.00000610
2025-07-21 05:01:21,847 [INFO] Saving best model at iteration 143
2025-07-21 05:01:22,460 [INFO] [144/300] loss 1456.43 | compact 14.4951 | spectral 17.1859 | recons_loss: 0.129351 | sparse_loss: 1.03 | 
2025-07-21 05:01:22,461 [INFO] [Iter 144] LR: 0.00000610
2025-07-21 05:01:22,463 [INFO] Saving best model at iteration 144
2025-07-21 05:01:23,067 [INFO] [145/300] loss 1456.43 | compact 14.4952 | spectral 17.1859 | recons_loss: 0.129349 | sparse_loss: 1.03 | 
2025-07-21 05:01:23,067 [INFO] [Iter 145] LR: 0.00000610
2025-07-21 05:01:23,068 [INFO] Saving best model at iteration 145
2025-07-21 05:01:23,666 [INFO] [146/300] loss 1456.43 | compact 14.4952 | spectral 17.1859 | recons_loss: 0.129348 | sparse_loss: 1.03 | 
2025-07-21 05:01:23,666 [INFO] [Iter 146] LR: 0.00000305
2025-07-21 05:01:23,668 [INFO] Saving best model at iteration 146
2025-07-21 05:01:24,265 [INFO] [147/300] loss 1456.43 | compact 14.4952 | spectral 17.1859 | recons_loss: 0.129347 | sparse_loss: 1.03 | 
2025-07-21 05:01:24,265 [INFO] [Iter 147] LR: 0.00000305
2025-07-21 05:01:24,266 [INFO] Saving best model at iteration 147
2025-07-21 05:01:24,865 [INFO] [148/300] loss 1456.43 | compact 14.4952 | spectral 17.1859 | recons_loss: 0.129346 | sparse_loss: 1.03 | 
2025-07-21 05:01:24,865 [INFO] [Iter 148] LR: 0.00000305
2025-07-21 05:01:24,867 [INFO] Saving best model at iteration 148
2025-07-21 05:01:25,466 [INFO] [149/300] loss 1456.42 | compact 14.4952 | spectral 17.1859 | recons_loss: 0.129345 | sparse_loss: 1.03 | 
2025-07-21 05:01:25,466 [INFO] [Iter 149] LR: 0.00000153
2025-07-21 05:01:25,467 [INFO] Saving best model at iteration 149
2025-07-21 05:01:25,672 [INFO] H: 600, W: 166
2025-07-21 05:01:25,772 [INFO] [0 1 2 3 4 5]
2025-07-21 05:01:25,866 [INFO] y_target: [1 2 3 4 5 6]
2025-07-21 05:01:25,866 [INFO] y_predict: [0 1 2 3 4 5]
2025-07-21 05:01:25,954 [INFO] Epoch = 150 OA = 0.9074 Kappa = 0.8764 NMI = 0.8339
2025-07-21 05:01:26,430 [INFO] [150/300] loss 1456.42 | compact 14.4952 | spectral 17.1859 | recons_loss: 0.129344 | sparse_loss: 1.03 | 
2025-07-21 05:01:26,431 [INFO] [Iter 150] LR: 0.00000153
2025-07-21 05:01:26,432 [INFO] Saving best model at iteration 150
2025-07-21 05:01:27,029 [INFO] [151/300] loss 1456.42 | compact 14.4952 | spectral 17.186 | recons_loss: 0.129343 | sparse_loss: 1.03 | 
2025-07-21 05:01:27,029 [INFO] [Iter 151] LR: 0.00000153
2025-07-21 05:01:27,030 [INFO] Saving best model at iteration 151
2025-07-21 05:01:27,627 [INFO] [152/300] loss 1456.42 | compact 14.4952 | spectral 17.186 | recons_loss: 0.129342 | sparse_loss: 1.03 | 
2025-07-21 05:01:27,627 [INFO] [Iter 152] LR: 0.00000076
2025-07-21 05:01:27,628 [INFO] Saving best model at iteration 152
2025-07-21 05:01:28,227 [INFO] [153/300] loss 1456.42 | compact 14.4952 | spectral 17.186 | recons_loss: 0.129341 | sparse_loss: 1.03 | 
2025-07-21 05:01:28,227 [INFO] [Iter 153] LR: 0.00000076
2025-07-21 05:01:28,228 [INFO] Saving best model at iteration 153
2025-07-21 05:01:28,826 [INFO] [154/300] loss 1456.42 | compact 14.4952 | spectral 17.186 | recons_loss: 0.129341 | sparse_loss: 1.03 | 
2025-07-21 05:01:28,827 [INFO] [Iter 154] LR: 0.00000076
2025-07-21 05:01:28,828 [INFO] Saving best model at iteration 154
2025-07-21 05:01:29,426 [INFO] [155/300] loss 1456.42 | compact 14.4952 | spectral 17.186 | recons_loss: 0.12934 | sparse_loss: 1.03 | 
2025-07-21 05:01:29,426 [INFO] [Iter 155] LR: 0.00000038
2025-07-21 05:01:29,427 [INFO] Saving best model at iteration 155
2025-07-21 05:01:30,025 [INFO] [156/300] loss 1456.42 | compact 14.4952 | spectral 17.186 | recons_loss: 0.12934 | sparse_loss: 1.03 | 
2025-07-21 05:01:30,025 [INFO] [Iter 156] LR: 0.00000038
2025-07-21 05:01:30,027 [INFO] Saving best model at iteration 156
2025-07-21 05:01:30,625 [INFO] [157/300] loss 1456.42 | compact 14.4952 | spectral 17.186 | recons_loss: 0.129339 | sparse_loss: 1.03 | 
2025-07-21 05:01:30,626 [INFO] [Iter 157] LR: 0.00000038
2025-07-21 05:01:30,627 [INFO] Saving best model at iteration 157
2025-07-21 05:01:31,223 [INFO] [158/300] loss 1456.42 | compact 14.4952 | spectral 17.186 | recons_loss: 0.129339 | sparse_loss: 1.03 | 
2025-07-21 05:01:31,224 [INFO] [Iter 158] LR: 0.00000019
2025-07-21 05:01:31,225 [INFO] Saving best model at iteration 158
2025-07-21 05:01:31,822 [INFO] [159/300] loss 1456.41 | compact 14.4953 | spectral 17.186 | recons_loss: 0.129339 | sparse_loss: 1.03 | 
2025-07-21 05:01:31,823 [INFO] [Iter 159] LR: 0.00000019
2025-07-21 05:01:31,824 [INFO] Saving best model at iteration 159
2025-07-21 05:01:32,421 [INFO] [160/300] loss 1456.41 | compact 14.4953 | spectral 17.186 | recons_loss: 0.129338 | sparse_loss: 1.03 | 
2025-07-21 05:01:32,421 [INFO] [Iter 160] LR: 0.00000019
2025-07-21 05:01:32,422 [INFO] Saving best model at iteration 160
2025-07-21 05:01:33,020 [INFO] [161/300] loss 1456.41 | compact 14.4953 | spectral 17.186 | recons_loss: 0.129338 | sparse_loss: 1.03 | 
2025-07-21 05:01:33,020 [INFO] [Iter 161] LR: 0.00000010
2025-07-21 05:01:33,021 [INFO] Saving best model at iteration 161
2025-07-21 05:01:33,619 [INFO] [162/300] loss 1456.41 | compact 14.4953 | spectral 17.186 | recons_loss: 0.129338 | sparse_loss: 1.03 | 
2025-07-21 05:01:33,619 [INFO] [Iter 162] LR: 0.00000010
2025-07-21 05:01:33,620 [INFO] Saving best model at iteration 162
2025-07-21 05:01:34,218 [INFO] [163/300] loss 1456.41 | compact 14.4953 | spectral 17.186 | recons_loss: 0.129337 | sparse_loss: 1.03 | 
2025-07-21 05:01:34,218 [INFO] [Iter 163] LR: 0.00000010
2025-07-21 05:01:34,219 [INFO] Saving best model at iteration 163
2025-07-21 05:01:34,816 [INFO] [164/300] loss 1456.41 | compact 14.4953 | spectral 17.186 | recons_loss: 0.129337 | sparse_loss: 1.03 | 
2025-07-21 05:01:34,816 [INFO] [Iter 164] LR: 0.00000005
2025-07-21 05:01:34,817 [INFO] Saving best model at iteration 164
2025-07-21 05:01:35,414 [INFO] [165/300] loss 1456.41 | compact 14.4953 | spectral 17.186 | recons_loss: 0.129337 | sparse_loss: 1.03 | 
2025-07-21 05:01:35,415 [INFO] [Iter 165] LR: 0.00000005
2025-07-21 05:01:35,416 [INFO] Saving best model at iteration 165
2025-07-21 05:01:36,013 [INFO] [166/300] loss 1456.41 | compact 14.4953 | spectral 17.186 | recons_loss: 0.129337 | sparse_loss: 1.03 | 
2025-07-21 05:01:36,013 [INFO] [Iter 166] LR: 0.00000005
2025-07-21 05:01:36,015 [INFO] Saving best model at iteration 166
2025-07-21 05:01:36,613 [INFO] [167/300] loss 1456.41 | compact 14.4953 | spectral 17.186 | recons_loss: 0.129337 | sparse_loss: 1.03 | 
2025-07-21 05:01:36,613 [INFO] [Iter 167] LR: 0.00000002
2025-07-21 05:01:36,615 [INFO] Saving best model at iteration 167
2025-07-21 05:01:37,212 [INFO] [168/300] loss 1456.41 | compact 14.4953 | spectral 17.186 | recons_loss: 0.129337 | sparse_loss: 1.03 | 
2025-07-21 05:01:37,212 [INFO] [Iter 168] LR: 0.00000002
2025-07-21 05:01:37,213 [INFO] Saving best model at iteration 168
2025-07-21 05:01:37,811 [INFO] [169/300] loss 1456.41 | compact 14.4953 | spectral 17.186 | recons_loss: 0.129336 | sparse_loss: 1.03 | 
2025-07-21 05:01:37,811 [INFO] [Iter 169] LR: 0.00000002
2025-07-21 05:01:37,812 [INFO] Saving best model at iteration 169
2025-07-21 05:01:38,410 [INFO] [170/300] loss 1456.41 | compact 14.4953 | spectral 17.186 | recons_loss: 0.129336 | sparse_loss: 1.03 | 
2025-07-21 05:01:38,410 [INFO] [Iter 170] LR: 0.00000001
2025-07-21 05:01:38,412 [INFO] Saving best model at iteration 170
2025-07-21 05:01:39,009 [INFO] [171/300] loss 1456.41 | compact 14.4953 | spectral 17.186 | recons_loss: 0.129336 | sparse_loss: 1.03 | 
2025-07-21 05:01:39,009 [INFO] [Iter 171] LR: 0.00000001
2025-07-21 05:01:39,010 [INFO] Saving best model at iteration 171
2025-07-21 05:01:39,613 [INFO] [172/300] loss 1456.41 | compact 14.4953 | spectral 17.186 | recons_loss: 0.129336 | sparse_loss: 1.03 | 
2025-07-21 05:01:39,613 [INFO] [Iter 172] LR: 0.00000001
2025-07-21 05:01:39,614 [INFO] Saving best model at iteration 172
2025-07-21 05:01:40,211 [INFO] [173/300] loss 1456.41 | compact 14.4953 | spectral 17.186 | recons_loss: 0.129336 | sparse_loss: 1.03 | 
2025-07-21 05:01:40,212 [INFO] [Iter 173] LR: 0.00000001
2025-07-21 05:01:40,213 [INFO] Saving best model at iteration 173
2025-07-21 05:01:40,810 [INFO] [174/300] loss 1456.41 | compact 14.4953 | spectral 17.186 | recons_loss: 0.129336 | sparse_loss: 1.03 | 
2025-07-21 05:01:40,810 [INFO] [Iter 174] LR: 0.00000001
2025-07-21 05:01:40,811 [INFO] Saving best model at iteration 174
2025-07-21 05:01:41,409 [INFO] [175/300] loss 1456.41 | compact 14.4953 | spectral 17.186 | recons_loss: 0.129336 | sparse_loss: 1.03 | 
2025-07-21 05:01:41,409 [INFO] [Iter 175] LR: 0.00000001
2025-07-21 05:01:41,410 [INFO] Saving best model at iteration 175
2025-07-21 05:01:42,007 [INFO] [176/300] loss 1456.41 | compact 14.4953 | spectral 17.186 | recons_loss: 0.129336 | sparse_loss: 1.03 | 
2025-07-21 05:01:42,007 [INFO] [Iter 176] LR: 0.00000001
2025-07-21 05:01:42,009 [INFO] No improvement: current loss 1456.410508, best loss 1456.410601
2025-07-21 05:01:42,606 [INFO] [177/300] loss 1456.41 | compact 14.4953 | spectral 17.186 | recons_loss: 0.129336 | sparse_loss: 1.03 | 
2025-07-21 05:01:42,606 [INFO] [Iter 177] LR: 0.00000001
2025-07-21 05:01:42,607 [INFO] Saving best model at iteration 177
2025-07-21 05:01:43,204 [INFO] [178/300] loss 1456.41 | compact 14.4953 | spectral 17.186 | recons_loss: 0.129336 | sparse_loss: 1.03 | 
2025-07-21 05:01:43,204 [INFO] [Iter 178] LR: 0.00000001
2025-07-21 05:01:43,206 [INFO] No improvement: current loss 1456.410348, best loss 1456.410424
2025-07-21 05:01:43,805 [INFO] [179/300] loss 1456.41 | compact 14.4953 | spectral 17.186 | recons_loss: 0.129336 | sparse_loss: 1.03 | 
2025-07-21 05:01:43,805 [INFO] [Iter 179] LR: 0.00000001
2025-07-21 05:01:43,806 [INFO] Saving best model at iteration 179
2025-07-21 05:01:44,403 [INFO] [180/300] loss 1456.41 | compact 14.4953 | spectral 17.1861 | recons_loss: 0.129336 | sparse_loss: 1.03 | 
2025-07-21 05:01:44,404 [INFO] [Iter 180] LR: 0.00000001
2025-07-21 05:01:44,405 [INFO] No improvement: current loss 1456.410219, best loss 1456.410280
2025-07-21 05:01:45,003 [INFO] [181/300] loss 1456.41 | compact 14.4953 | spectral 17.1861 | recons_loss: 0.129336 | sparse_loss: 1.03 | 
2025-07-21 05:01:45,003 [INFO] [Iter 181] LR: 0.00000001
2025-07-21 05:01:45,004 [INFO] Saving best model at iteration 181
2025-07-21 05:01:45,611 [INFO] [182/300] loss 1456.41 | compact 14.4953 | spectral 17.1861 | recons_loss: 0.129336 | sparse_loss: 1.03 | 
2025-07-21 05:01:45,611 [INFO] [Iter 182] LR: 0.00000001
2025-07-21 05:01:45,613 [INFO] No improvement: current loss 1456.410114, best loss 1456.410164
2025-07-21 05:01:46,211 [INFO] [183/300] loss 1456.41 | compact 14.4953 | spectral 17.1861 | recons_loss: 0.129336 | sparse_loss: 1.03 | 
2025-07-21 05:01:46,212 [INFO] [Iter 183] LR: 0.00000001
2025-07-21 05:01:46,213 [INFO] No improvement: current loss 1456.410070, best loss 1456.410164
2025-07-21 05:01:46,811 [INFO] [184/300] loss 1456.41 | compact 14.4953 | spectral 17.1861 | recons_loss: 0.129336 | sparse_loss: 1.03 | 
2025-07-21 05:01:46,812 [INFO] [Iter 184] LR: 0.00000001
2025-07-21 05:01:46,813 [INFO] Saving best model at iteration 184
2025-07-21 05:01:47,410 [INFO] [185/300] loss 1456.41 | compact 14.4953 | spectral 17.1861 | recons_loss: 0.129336 | sparse_loss: 1.03 | 
2025-07-21 05:01:47,410 [INFO] [Iter 185] LR: 0.00000001
2025-07-21 05:01:47,411 [INFO] No improvement: current loss 1456.409993, best loss 1456.410029
2025-07-21 05:01:48,008 [INFO] [186/300] loss 1456.41 | compact 14.4953 | spectral 17.1861 | recons_loss: 0.129336 | sparse_loss: 1.03 | 
2025-07-21 05:01:48,008 [INFO] [Iter 186] LR: 0.00000001
2025-07-21 05:01:48,009 [INFO] No improvement: current loss 1456.409961, best loss 1456.410029
2025-07-21 05:01:48,606 [INFO] [187/300] loss 1456.41 | compact 14.4953 | spectral 17.1861 | recons_loss: 0.129336 | sparse_loss: 1.03 | 
2025-07-21 05:01:48,607 [INFO] [Iter 187] LR: 0.00000001
2025-07-21 05:01:48,608 [INFO] No improvement: current loss 1456.409931, best loss 1456.410029
2025-07-21 05:01:49,215 [INFO] [188/300] loss 1456.41 | compact 14.4953 | spectral 17.1861 | recons_loss: 0.129336 | sparse_loss: 1.03 | 
2025-07-21 05:01:49,215 [INFO] [Iter 188] LR: 0.00000001
2025-07-21 05:01:49,216 [INFO] Saving best model at iteration 188
2025-07-21 05:01:49,813 [INFO] [189/300] loss 1456.41 | compact 14.4953 | spectral 17.1861 | recons_loss: 0.129336 | sparse_loss: 1.03 | 
2025-07-21 05:01:49,814 [INFO] [Iter 189] LR: 0.00000001
2025-07-21 05:01:49,815 [INFO] No improvement: current loss 1456.409881, best loss 1456.409905
2025-07-21 05:01:50,412 [INFO] [190/300] loss 1456.41 | compact 14.4953 | spectral 17.1861 | recons_loss: 0.129336 | sparse_loss: 1.03 | 
2025-07-21 05:01:50,412 [INFO] [Iter 190] LR: 0.00000001
2025-07-21 05:01:50,413 [INFO] No improvement: current loss 1456.409860, best loss 1456.409905
2025-07-21 05:01:51,010 [INFO] [191/300] loss 1456.41 | compact 14.4953 | spectral 17.1861 | recons_loss: 0.129335 | sparse_loss: 1.03 | 
2025-07-21 05:01:51,011 [INFO] [Iter 191] LR: 0.00000001
2025-07-21 05:01:51,012 [INFO] No improvement: current loss 1456.409841, best loss 1456.409905
2025-07-21 05:01:51,620 [INFO] [192/300] loss 1456.41 | compact 14.4953 | spectral 17.1861 | recons_loss: 0.129335 | sparse_loss: 1.03 | 
2025-07-21 05:01:51,621 [INFO] [Iter 192] LR: 0.00000001
2025-07-21 05:01:51,622 [INFO] No improvement: current loss 1456.409824, best loss 1456.409905
2025-07-21 05:01:52,219 [INFO] [193/300] loss 1456.41 | compact 14.4953 | spectral 17.1861 | recons_loss: 0.129335 | sparse_loss: 1.03 | 
2025-07-21 05:01:52,219 [INFO] [Iter 193] LR: 0.00000001
2025-07-21 05:01:52,220 [INFO] No improvement: current loss 1456.409808, best loss 1456.409905
2025-07-21 05:01:52,825 [INFO] [194/300] loss 1456.41 | compact 14.4953 | spectral 17.1861 | recons_loss: 0.129335 | sparse_loss: 1.03 | 
2025-07-21 05:01:52,825 [INFO] [Iter 194] LR: 0.00000001
2025-07-21 05:01:52,827 [INFO] Saving best model at iteration 194
2025-07-21 05:01:53,427 [INFO] [195/300] loss 1456.41 | compact 14.4953 | spectral 17.1861 | recons_loss: 0.129335 | sparse_loss: 1.03 | 
2025-07-21 05:01:53,427 [INFO] [Iter 195] LR: 0.00000001
2025-07-21 05:01:53,429 [INFO] No improvement: current loss 1456.409781, best loss 1456.409794
2025-07-21 05:01:54,026 [INFO] [196/300] loss 1456.41 | compact 14.4953 | spectral 17.1861 | recons_loss: 0.129335 | sparse_loss: 1.03 | 
2025-07-21 05:01:54,027 [INFO] [Iter 196] LR: 0.00000001
2025-07-21 05:01:54,028 [INFO] No improvement: current loss 1456.409770, best loss 1456.409794
2025-07-21 05:01:54,625 [INFO] [197/300] loss 1456.41 | compact 14.4953 | spectral 17.1861 | recons_loss: 0.129335 | sparse_loss: 1.03 | 
2025-07-21 05:01:54,625 [INFO] [Iter 197] LR: 0.00000001
2025-07-21 05:01:54,626 [INFO] No improvement: current loss 1456.409760, best loss 1456.409794
2025-07-21 05:01:55,223 [INFO] [198/300] loss 1456.41 | compact 14.4953 | spectral 17.1861 | recons_loss: 0.129335 | sparse_loss: 1.03 | 
2025-07-21 05:01:55,223 [INFO] [Iter 198] LR: 0.00000001
2025-07-21 05:01:55,224 [INFO] No improvement: current loss 1456.409751, best loss 1456.409794
2025-07-21 05:01:55,821 [INFO] [199/300] loss 1456.41 | compact 14.4953 | spectral 17.1861 | recons_loss: 0.129335 | sparse_loss: 1.03 | 
2025-07-21 05:01:55,821 [INFO] [Iter 199] LR: 0.00000001
2025-07-21 05:01:55,823 [INFO] No improvement: current loss 1456.409742, best loss 1456.409794
2025-07-21 05:01:56,002 [INFO] H: 600, W: 166
2025-07-21 05:01:56,107 [INFO] [0 1 2 3 4 5]
2025-07-21 05:01:56,204 [INFO] y_target: [1 2 3 4 5 6]
2025-07-21 05:01:56,204 [INFO] y_predict: [0 1 2 3 4 5]
2025-07-21 05:01:56,291 [INFO] Epoch = 200 OA = 0.9074 Kappa = 0.8764 NMI = 0.8339
2025-07-21 05:01:56,767 [INFO] [200/300] loss 1456.41 | compact 14.4953 | spectral 17.1861 | recons_loss: 0.129335 | sparse_loss: 1.03 | 
2025-07-21 05:01:56,768 [INFO] [Iter 200] LR: 0.00000001
2025-07-21 05:01:56,769 [INFO] No improvement: current loss 1456.409735, best loss 1456.409794
2025-07-21 05:01:57,376 [INFO] [201/300] loss 1456.41 | compact 14.4953 | spectral 17.1861 | recons_loss: 0.129335 | sparse_loss: 1.03 | 
2025-07-21 05:01:57,376 [INFO] [Iter 201] LR: 0.00000001
2025-07-21 05:01:57,378 [INFO] No improvement: current loss 1456.409728, best loss 1456.409794
2025-07-21 05:01:57,986 [INFO] [202/300] loss 1456.41 | compact 14.4953 | spectral 17.1861 | recons_loss: 0.129335 | sparse_loss: 1.03 | 
2025-07-21 05:01:57,987 [INFO] [Iter 202] LR: 0.00000001
2025-07-21 05:01:57,989 [INFO] No improvement: current loss 1456.409722, best loss 1456.409794
2025-07-21 05:01:58,587 [INFO] [203/300] loss 1456.41 | compact 14.4953 | spectral 17.1861 | recons_loss: 0.129335 | sparse_loss: 1.03 | 
2025-07-21 05:01:58,587 [INFO] [Iter 203] LR: 0.00000001
2025-07-21 05:01:58,588 [INFO] No improvement: current loss 1456.409717, best loss 1456.409794
2025-07-21 05:01:59,185 [INFO] [204/300] loss 1456.41 | compact 14.4953 | spectral 17.1861 | recons_loss: 0.129335 | sparse_loss: 1.03 | 
2025-07-21 05:01:59,186 [INFO] [Iter 204] LR: 0.00000001
2025-07-21 05:01:59,187 [INFO] No improvement: current loss 1456.409712, best loss 1456.409794
2025-07-21 05:01:59,784 [INFO] [205/300] loss 1456.41 | compact 14.4953 | spectral 17.1861 | recons_loss: 0.129335 | sparse_loss: 1.03 | 
2025-07-21 05:01:59,784 [INFO] [Iter 205] LR: 0.00000001
2025-07-21 05:01:59,785 [INFO] No improvement: current loss 1456.409708, best loss 1456.409794
2025-07-21 05:02:00,386 [INFO] [206/300] loss 1456.41 | compact 14.4953 | spectral 17.1861 | recons_loss: 0.129335 | sparse_loss: 1.03 | 
2025-07-21 05:02:00,387 [INFO] [Iter 206] LR: 0.00000001
2025-07-21 05:02:00,388 [INFO] No improvement: current loss 1456.409704, best loss 1456.409794
2025-07-21 05:02:00,987 [INFO] [207/300] loss 1456.41 | compact 14.4953 | spectral 17.1861 | recons_loss: 0.129335 | sparse_loss: 1.03 | 
2025-07-21 05:02:00,987 [INFO] [Iter 207] LR: 0.00000001
2025-07-21 05:02:00,988 [INFO] No improvement: current loss 1456.409700, best loss 1456.409794
2025-07-21 05:02:01,585 [INFO] [208/300] loss 1456.41 | compact 14.4953 | spectral 17.1861 | recons_loss: 0.129335 | sparse_loss: 1.03 | 
2025-07-21 05:02:01,586 [INFO] [Iter 208] LR: 0.00000001
2025-07-21 05:02:01,587 [INFO] No improvement: current loss 1456.409697, best loss 1456.409794
2025-07-21 05:02:02,185 [INFO] [209/300] loss 1456.41 | compact 14.4953 | spectral 17.1861 | recons_loss: 0.129335 | sparse_loss: 1.03 | 
2025-07-21 05:02:02,186 [INFO] [Iter 209] LR: 0.00000001
2025-07-21 05:02:02,188 [INFO] Saving best model at iteration 209
2025-07-21 05:02:02,786 [INFO] [210/300] loss 1456.41 | compact 14.4953 | spectral 17.1861 | recons_loss: 0.129335 | sparse_loss: 1.03 | 
2025-07-21 05:02:02,787 [INFO] [Iter 210] LR: 0.00000001
2025-07-21 05:02:02,788 [INFO] No improvement: current loss 1456.409691, best loss 1456.409694
2025-07-21 05:02:03,386 [INFO] [211/300] loss 1456.41 | compact 14.4953 | spectral 17.1861 | recons_loss: 0.129335 | sparse_loss: 1.03 | 
2025-07-21 05:02:03,386 [INFO] [Iter 211] LR: 0.00000001
2025-07-21 05:02:03,389 [INFO] No improvement: current loss 1456.409689, best loss 1456.409694
2025-07-21 05:02:04,007 [INFO] [212/300] loss 1456.41 | compact 14.4953 | spectral 17.1861 | recons_loss: 0.129335 | sparse_loss: 1.03 | 
2025-07-21 05:02:04,007 [INFO] [Iter 212] LR: 0.00000001
2025-07-21 05:02:04,008 [INFO] No improvement: current loss 1456.409687, best loss 1456.409694
2025-07-21 05:02:04,607 [INFO] [213/300] loss 1456.41 | compact 14.4953 | spectral 17.1861 | recons_loss: 0.129335 | sparse_loss: 1.03 | 
2025-07-21 05:02:04,608 [INFO] [Iter 213] LR: 0.00000001
2025-07-21 05:02:04,610 [INFO] No improvement: current loss 1456.409685, best loss 1456.409694
2025-07-21 05:02:05,208 [INFO] [214/300] loss 1456.41 | compact 14.4953 | spectral 17.1861 | recons_loss: 0.129335 | sparse_loss: 1.03 | 
2025-07-21 05:02:05,209 [INFO] [Iter 214] LR: 0.00000001
2025-07-21 05:02:05,211 [INFO] No improvement: current loss 1456.409683, best loss 1456.409694
2025-07-21 05:02:05,808 [INFO] [215/300] loss 1456.41 | compact 14.4953 | spectral 17.1861 | recons_loss: 0.129335 | sparse_loss: 1.03 | 
2025-07-21 05:02:05,809 [INFO] [Iter 215] LR: 0.00000001
2025-07-21 05:02:05,810 [INFO] No improvement: current loss 1456.409682, best loss 1456.409694
2025-07-21 05:02:06,406 [INFO] [216/300] loss 1456.41 | compact 14.4953 | spectral 17.1861 | recons_loss: 0.129335 | sparse_loss: 1.03 | 
2025-07-21 05:02:06,407 [INFO] [Iter 216] LR: 0.00000001
2025-07-21 05:02:06,408 [INFO] No improvement: current loss 1456.409680, best loss 1456.409694
2025-07-21 05:02:07,005 [INFO] [217/300] loss 1456.41 | compact 14.4953 | spectral 17.1861 | recons_loss: 0.129335 | sparse_loss: 1.03 | 
2025-07-21 05:02:07,005 [INFO] [Iter 217] LR: 0.00000001
2025-07-21 05:02:07,006 [INFO] No improvement: current loss 1456.409679, best loss 1456.409694
2025-07-21 05:02:07,603 [INFO] [218/300] loss 1456.41 | compact 14.4953 | spectral 17.1861 | recons_loss: 0.129335 | sparse_loss: 1.03 | 
2025-07-21 05:02:07,604 [INFO] [Iter 218] LR: 0.00000001
2025-07-21 05:02:07,605 [INFO] No improvement: current loss 1456.409678, best loss 1456.409694
2025-07-21 05:02:08,202 [INFO] [219/300] loss 1456.41 | compact 14.4953 | spectral 17.1861 | recons_loss: 0.129335 | sparse_loss: 1.03 | 
2025-07-21 05:02:08,202 [INFO] [Iter 219] LR: 0.00000001
2025-07-21 05:02:08,203 [INFO] No improvement: current loss 1456.409677, best loss 1456.409694
2025-07-21 05:02:08,801 [INFO] [220/300] loss 1456.41 | compact 14.4953 | spectral 17.1861 | recons_loss: 0.129335 | sparse_loss: 1.03 | 
2025-07-21 05:02:08,801 [INFO] [Iter 220] LR: 0.00000001
2025-07-21 05:02:08,802 [INFO] No improvement: current loss 1456.409676, best loss 1456.409694
2025-07-21 05:02:09,399 [INFO] [221/300] loss 1456.41 | compact 14.4953 | spectral 17.1861 | recons_loss: 0.129335 | sparse_loss: 1.03 | 
2025-07-21 05:02:09,399 [INFO] [Iter 221] LR: 0.00000001
2025-07-21 05:02:09,400 [INFO] No improvement: current loss 1456.409675, best loss 1456.409694
2025-07-21 05:02:09,997 [INFO] [222/300] loss 1456.41 | compact 14.4953 | spectral 17.1861 | recons_loss: 0.129335 | sparse_loss: 1.03 | 
2025-07-21 05:02:09,998 [INFO] [Iter 222] LR: 0.00000001
2025-07-21 05:02:09,999 [INFO] No improvement: current loss 1456.409675, best loss 1456.409694
2025-07-21 05:02:10,596 [INFO] [223/300] loss 1456.41 | compact 14.4953 | spectral 17.1861 | recons_loss: 0.129335 | sparse_loss: 1.03 | 
2025-07-21 05:02:10,597 [INFO] [Iter 223] LR: 0.00000001
2025-07-21 05:02:10,598 [INFO] No improvement: current loss 1456.409674, best loss 1456.409694
2025-07-21 05:02:11,195 [INFO] [224/300] loss 1456.41 | compact 14.4953 | spectral 17.1861 | recons_loss: 0.129335 | sparse_loss: 1.03 | 
2025-07-21 05:02:11,195 [INFO] [Iter 224] LR: 0.00000001
2025-07-21 05:02:11,198 [INFO] No improvement: current loss 1456.409673, best loss 1456.409694
2025-07-21 05:02:11,807 [INFO] [225/300] loss 1456.41 | compact 14.4953 | spectral 17.1861 | recons_loss: 0.129335 | sparse_loss: 1.03 | 
2025-07-21 05:02:11,808 [INFO] [Iter 225] LR: 0.00000001
2025-07-21 05:02:11,809 [INFO] No improvement: current loss 1456.409673, best loss 1456.409694
2025-07-21 05:02:12,409 [INFO] [226/300] loss 1456.41 | compact 14.4953 | spectral 17.1861 | recons_loss: 0.129335 | sparse_loss: 1.03 | 
2025-07-21 05:02:12,409 [INFO] [Iter 226] LR: 0.00000001
2025-07-21 05:02:12,410 [INFO] No improvement: current loss 1456.409672, best loss 1456.409694
2025-07-21 05:02:13,008 [INFO] [227/300] loss 1456.41 | compact 14.4953 | spectral 17.1861 | recons_loss: 0.129335 | sparse_loss: 1.03 | 
2025-07-21 05:02:13,008 [INFO] [Iter 227] LR: 0.00000001
2025-07-21 05:02:13,009 [INFO] No improvement: current loss 1456.409672, best loss 1456.409694
2025-07-21 05:02:13,607 [INFO] [228/300] loss 1456.41 | compact 14.4953 | spectral 17.1861 | recons_loss: 0.129335 | sparse_loss: 1.03 | 
2025-07-21 05:02:13,607 [INFO] [Iter 228] LR: 0.00000001
2025-07-21 05:02:13,608 [INFO] No improvement: current loss 1456.409671, best loss 1456.409694
2025-07-21 05:02:14,206 [INFO] [229/300] loss 1456.41 | compact 14.4953 | spectral 17.1861 | recons_loss: 0.129335 | sparse_loss: 1.03 | 
2025-07-21 05:02:14,206 [INFO] [Iter 229] LR: 0.00000001
2025-07-21 05:02:14,208 [INFO] No improvement: current loss 1456.409671, best loss 1456.409694
2025-07-21 05:02:14,828 [INFO] [230/300] loss 1456.41 | compact 14.4953 | spectral 17.1861 | recons_loss: 0.129335 | sparse_loss: 1.03 | 
2025-07-21 05:02:14,828 [INFO] [Iter 230] LR: 0.00000001
2025-07-21 05:02:14,829 [INFO] No improvement: current loss 1456.409671, best loss 1456.409694
2025-07-21 05:02:15,426 [INFO] [231/300] loss 1456.41 | compact 14.4953 | spectral 17.1861 | recons_loss: 0.129335 | sparse_loss: 1.03 | 
2025-07-21 05:02:15,427 [INFO] [Iter 231] LR: 0.00000001
2025-07-21 05:02:15,428 [INFO] No improvement: current loss 1456.409671, best loss 1456.409694
2025-07-21 05:02:16,025 [INFO] [232/300] loss 1456.41 | compact 14.4953 | spectral 17.1861 | recons_loss: 0.129335 | sparse_loss: 1.03 | 
2025-07-21 05:02:16,025 [INFO] [Iter 232] LR: 0.00000001
2025-07-21 05:02:16,027 [INFO] No improvement: current loss 1456.409670, best loss 1456.409694
2025-07-21 05:02:16,624 [INFO] [233/300] loss 1456.41 | compact 14.4953 | spectral 17.1861 | recons_loss: 0.129335 | sparse_loss: 1.03 | 
2025-07-21 05:02:16,624 [INFO] [Iter 233] LR: 0.00000001
2025-07-21 05:02:16,625 [INFO] No improvement: current loss 1456.409670, best loss 1456.409694
2025-07-21 05:02:17,227 [INFO] [234/300] loss 1456.41 | compact 14.4953 | spectral 17.1861 | recons_loss: 0.129335 | sparse_loss: 1.03 | 
2025-07-21 05:02:17,227 [INFO] [Iter 234] LR: 0.00000001
2025-07-21 05:02:17,228 [INFO] No improvement: current loss 1456.409670, best loss 1456.409694
2025-07-21 05:02:17,832 [INFO] [235/300] loss 1456.41 | compact 14.4953 | spectral 17.1861 | recons_loss: 0.129335 | sparse_loss: 1.03 | 
2025-07-21 05:02:17,832 [INFO] [Iter 235] LR: 0.00000001
2025-07-21 05:02:17,834 [INFO] No improvement: current loss 1456.409670, best loss 1456.409694
2025-07-21 05:02:18,433 [INFO] [236/300] loss 1456.41 | compact 14.4953 | spectral 17.1861 | recons_loss: 0.129335 | sparse_loss: 1.03 | 
2025-07-21 05:02:18,433 [INFO] [Iter 236] LR: 0.00000001
2025-07-21 05:02:18,434 [INFO] No improvement: current loss 1456.409669, best loss 1456.409694
2025-07-21 05:02:19,039 [INFO] [237/300] loss 1456.41 | compact 14.4953 | spectral 17.1861 | recons_loss: 0.129335 | sparse_loss: 1.03 | 
2025-07-21 05:02:19,040 [INFO] [Iter 237] LR: 0.00000001
2025-07-21 05:02:19,041 [INFO] No improvement: current loss 1456.409669, best loss 1456.409694
2025-07-21 05:02:19,647 [INFO] [238/300] loss 1456.41 | compact 14.4953 | spectral 17.1861 | recons_loss: 0.129335 | sparse_loss: 1.03 | 
2025-07-21 05:02:19,648 [INFO] [Iter 238] LR: 0.00000001
2025-07-21 05:02:19,649 [INFO] No improvement: current loss 1456.409669, best loss 1456.409694
2025-07-21 05:02:20,246 [INFO] [239/300] loss 1456.41 | compact 14.4953 | spectral 17.1861 | recons_loss: 0.129335 | sparse_loss: 1.03 | 
2025-07-21 05:02:20,247 [INFO] [Iter 239] LR: 0.00000001
2025-07-21 05:02:20,248 [INFO] No improvement: current loss 1456.409669, best loss 1456.409694
2025-07-21 05:02:20,846 [INFO] [240/300] loss 1456.41 | compact 14.4953 | spectral 17.1861 | recons_loss: 0.129335 | sparse_loss: 1.03 | 
2025-07-21 05:02:20,847 [INFO] [Iter 240] LR: 0.00000001
2025-07-21 05:02:20,848 [INFO] No improvement: current loss 1456.409669, best loss 1456.409694
2025-07-21 05:02:21,445 [INFO] [241/300] loss 1456.41 | compact 14.4953 | spectral 17.1861 | recons_loss: 0.129335 | sparse_loss: 1.03 | 
2025-07-21 05:02:21,446 [INFO] [Iter 241] LR: 0.00000001
2025-07-21 05:02:21,447 [INFO] No improvement: current loss 1456.409669, best loss 1456.409694
2025-07-21 05:02:22,044 [INFO] [242/300] loss 1456.41 | compact 14.4953 | spectral 17.1861 | recons_loss: 0.129335 | sparse_loss: 1.03 | 
2025-07-21 05:02:22,044 [INFO] [Iter 242] LR: 0.00000001
2025-07-21 05:02:22,045 [INFO] No improvement: current loss 1456.409669, best loss 1456.409694
2025-07-21 05:02:22,643 [INFO] [243/300] loss 1456.41 | compact 14.4953 | spectral 17.1861 | recons_loss: 0.129335 | sparse_loss: 1.03 | 
2025-07-21 05:02:22,643 [INFO] [Iter 243] LR: 0.00000001
2025-07-21 05:02:22,644 [INFO] No improvement: current loss 1456.409669, best loss 1456.409694
2025-07-21 05:02:23,242 [INFO] [244/300] loss 1456.41 | compact 14.4953 | spectral 17.1861 | recons_loss: 0.129335 | sparse_loss: 1.03 | 
2025-07-21 05:02:23,242 [INFO] [Iter 244] LR: 0.00000001
2025-07-21 05:02:23,243 [INFO] No improvement: current loss 1456.409669, best loss 1456.409694
2025-07-21 05:02:23,840 [INFO] [245/300] loss 1456.41 | compact 14.4953 | spectral 17.1861 | recons_loss: 0.129335 | sparse_loss: 1.03 | 
2025-07-21 05:02:23,840 [INFO] [Iter 245] LR: 0.00000001
2025-07-21 05:02:23,841 [INFO] No improvement: current loss 1456.409669, best loss 1456.409694
2025-07-21 05:02:24,439 [INFO] [246/300] loss 1456.41 | compact 14.4953 | spectral 17.1861 | recons_loss: 0.129335 | sparse_loss: 1.03 | 
2025-07-21 05:02:24,440 [INFO] [Iter 246] LR: 0.00000001
2025-07-21 05:02:24,440 [INFO] No improvement: current loss 1456.409668, best loss 1456.409694
2025-07-21 05:02:25,043 [INFO] [247/300] loss 1456.41 | compact 14.4953 | spectral 17.1861 | recons_loss: 0.129335 | sparse_loss: 1.03 | 
2025-07-21 05:02:25,043 [INFO] [Iter 247] LR: 0.00000001
2025-07-21 05:02:25,044 [INFO] No improvement: current loss 1456.409668, best loss 1456.409694
2025-07-21 05:02:25,641 [INFO] [248/300] loss 1456.41 | compact 14.4953 | spectral 17.1861 | recons_loss: 0.129335 | sparse_loss: 1.03 | 
2025-07-21 05:02:25,642 [INFO] [Iter 248] LR: 0.00000001
2025-07-21 05:02:25,643 [INFO] No improvement: current loss 1456.409668, best loss 1456.409694
2025-07-21 05:02:26,240 [INFO] [249/300] loss 1456.41 | compact 14.4953 | spectral 17.1861 | recons_loss: 0.129335 | sparse_loss: 1.03 | 
2025-07-21 05:02:26,240 [INFO] [Iter 249] LR: 0.00000001
2025-07-21 05:02:26,241 [INFO] No improvement: current loss 1456.409668, best loss 1456.409694
2025-07-21 05:02:26,425 [INFO] H: 600, W: 166
2025-07-21 05:02:26,522 [INFO] [0 1 2 3 4 5]
2025-07-21 05:02:26,621 [INFO] y_target: [1 2 3 4 5 6]
2025-07-21 05:02:26,621 [INFO] y_predict: [0 1 2 3 4 5]
2025-07-21 05:02:26,710 [INFO] Epoch = 250 OA = 0.9074 Kappa = 0.8764 NMI = 0.8339
2025-07-21 05:02:27,186 [INFO] [250/300] loss 1456.41 | compact 14.4953 | spectral 17.1861 | recons_loss: 0.129335 | sparse_loss: 1.03 | 
2025-07-21 05:02:27,186 [INFO] [Iter 250] LR: 0.00000001
2025-07-21 05:02:27,187 [INFO] No improvement: current loss 1456.409668, best loss 1456.409694
2025-07-21 05:02:27,784 [INFO] [251/300] loss 1456.41 | compact 14.4953 | spectral 17.1861 | recons_loss: 0.129335 | sparse_loss: 1.03 | 
2025-07-21 05:02:27,784 [INFO] [Iter 251] LR: 0.00000001
2025-07-21 05:02:27,785 [INFO] No improvement: current loss 1456.409668, best loss 1456.409694
2025-07-21 05:02:28,382 [INFO] [252/300] loss 1456.41 | compact 14.4953 | spectral 17.1861 | recons_loss: 0.129335 | sparse_loss: 1.03 | 
2025-07-21 05:02:28,383 [INFO] [Iter 252] LR: 0.00000001
2025-07-21 05:02:28,384 [INFO] No improvement: current loss 1456.409668, best loss 1456.409694
2025-07-21 05:02:28,981 [INFO] [253/300] loss 1456.41 | compact 14.4953 | spectral 17.1861 | recons_loss: 0.129335 | sparse_loss: 1.03 | 
2025-07-21 05:02:28,981 [INFO] [Iter 253] LR: 0.00000001
2025-07-21 05:02:28,982 [INFO] No improvement: current loss 1456.409668, best loss 1456.409694
2025-07-21 05:02:29,580 [INFO] [254/300] loss 1456.41 | compact 14.4953 | spectral 17.1861 | recons_loss: 0.129335 | sparse_loss: 1.03 | 
2025-07-21 05:02:29,580 [INFO] [Iter 254] LR: 0.00000001
2025-07-21 05:02:29,581 [INFO] No improvement: current loss 1456.409668, best loss 1456.409694
2025-07-21 05:02:30,179 [INFO] [255/300] loss 1456.41 | compact 14.4953 | spectral 17.1861 | recons_loss: 0.129335 | sparse_loss: 1.03 | 
2025-07-21 05:02:30,179 [INFO] [Iter 255] LR: 0.00000001
2025-07-21 05:02:30,182 [INFO] No improvement: current loss 1456.409668, best loss 1456.409694
2025-07-21 05:02:30,781 [INFO] [256/300] loss 1456.41 | compact 14.4953 | spectral 17.1861 | recons_loss: 0.129335 | sparse_loss: 1.03 | 
2025-07-21 05:02:30,781 [INFO] [Iter 256] LR: 0.00000001
2025-07-21 05:02:30,783 [INFO] No improvement: current loss 1456.409668, best loss 1456.409694
2025-07-21 05:02:31,384 [INFO] [257/300] loss 1456.41 | compact 14.4953 | spectral 17.1861 | recons_loss: 0.129335 | sparse_loss: 1.03 | 
2025-07-21 05:02:31,385 [INFO] [Iter 257] LR: 0.00000001
2025-07-21 05:02:31,387 [INFO] No improvement: current loss 1456.409668, best loss 1456.409694
2025-07-21 05:02:32,003 [INFO] [258/300] loss 1456.41 | compact 14.4953 | spectral 17.1861 | recons_loss: 0.129335 | sparse_loss: 1.03 | 
2025-07-21 05:02:32,003 [INFO] [Iter 258] LR: 0.00000001
2025-07-21 05:02:32,004 [INFO] No improvement: current loss 1456.409668, best loss 1456.409694
2025-07-21 05:02:32,601 [INFO] [259/300] loss 1456.41 | compact 14.4953 | spectral 17.1861 | recons_loss: 0.129335 | sparse_loss: 1.03 | 
2025-07-21 05:02:32,602 [INFO] [Iter 259] LR: 0.00000001
2025-07-21 05:02:32,603 [INFO] No improvement: current loss 1456.409668, best loss 1456.409694
2025-07-21 05:02:33,218 [INFO] [260/300] loss 1456.41 | compact 14.4953 | spectral 17.1861 | recons_loss: 0.129335 | sparse_loss: 1.03 | 
2025-07-21 05:02:33,218 [INFO] [Iter 260] LR: 0.00000001
2025-07-21 05:02:33,219 [INFO] No improvement: current loss 1456.409668, best loss 1456.409694
2025-07-21 05:02:33,833 [INFO] [261/300] loss 1456.41 | compact 14.4953 | spectral 17.1861 | recons_loss: 0.129335 | sparse_loss: 1.03 | 
2025-07-21 05:02:33,833 [INFO] [Iter 261] LR: 0.00000001
2025-07-21 05:02:33,834 [INFO] No improvement: current loss 1456.409668, best loss 1456.409694
2025-07-21 05:02:34,430 [INFO] [262/300] loss 1456.41 | compact 14.4953 | spectral 17.1861 | recons_loss: 0.129335 | sparse_loss: 1.03 | 
2025-07-21 05:02:34,431 [INFO] [Iter 262] LR: 0.00000001
2025-07-21 05:02:34,431 [INFO] No improvement: current loss 1456.409668, best loss 1456.409694
2025-07-21 05:02:35,028 [INFO] [263/300] loss 1456.41 | compact 14.4953 | spectral 17.1861 | recons_loss: 0.129335 | sparse_loss: 1.03 | 
2025-07-21 05:02:35,029 [INFO] [Iter 263] LR: 0.00000001
2025-07-21 05:02:35,030 [INFO] No improvement: current loss 1456.409668, best loss 1456.409694
2025-07-21 05:02:35,626 [INFO] [264/300] loss 1456.41 | compact 14.4953 | spectral 17.1861 | recons_loss: 0.129335 | sparse_loss: 1.03 | 
2025-07-21 05:02:35,627 [INFO] [Iter 264] LR: 0.00000001
2025-07-21 05:02:35,628 [INFO] No improvement: current loss 1456.409668, best loss 1456.409694
2025-07-21 05:02:36,224 [INFO] [265/300] loss 1456.41 | compact 14.4953 | spectral 17.1861 | recons_loss: 0.129335 | sparse_loss: 1.03 | 
2025-07-21 05:02:36,224 [INFO] [Iter 265] LR: 0.00000001
2025-07-21 05:02:36,225 [INFO] No improvement: current loss 1456.409668, best loss 1456.409694
2025-07-21 05:02:36,830 [INFO] [266/300] loss 1456.41 | compact 14.4953 | spectral 17.1861 | recons_loss: 0.129335 | sparse_loss: 1.03 | 
2025-07-21 05:02:36,831 [INFO] [Iter 266] LR: 0.00000001
2025-07-21 05:02:36,832 [INFO] No improvement: current loss 1456.409668, best loss 1456.409694
2025-07-21 05:02:37,439 [INFO] [267/300] loss 1456.41 | compact 14.4953 | spectral 17.1861 | recons_loss: 0.129335 | sparse_loss: 1.03 | 
2025-07-21 05:02:37,440 [INFO] [Iter 267] LR: 0.00000001
2025-07-21 05:02:37,441 [INFO] No improvement: current loss 1456.409668, best loss 1456.409694
2025-07-21 05:02:38,038 [INFO] [268/300] loss 1456.41 | compact 14.4953 | spectral 17.1861 | recons_loss: 0.129335 | sparse_loss: 1.03 | 
2025-07-21 05:02:38,038 [INFO] [Iter 268] LR: 0.00000001
2025-07-21 05:02:38,040 [INFO] No improvement: current loss 1456.409668, best loss 1456.409694
2025-07-21 05:02:38,647 [INFO] [269/300] loss 1456.41 | compact 14.4953 | spectral 17.1861 | recons_loss: 0.129335 | sparse_loss: 1.03 | 
2025-07-21 05:02:38,648 [INFO] [Iter 269] LR: 0.00000001
2025-07-21 05:02:38,649 [INFO] No improvement: current loss 1456.409668, best loss 1456.409694
2025-07-21 05:02:39,264 [INFO] [270/300] loss 1456.41 | compact 14.4953 | spectral 17.1861 | recons_loss: 0.129335 | sparse_loss: 1.03 | 
2025-07-21 05:02:39,265 [INFO] [Iter 270] LR: 0.00000001
2025-07-21 05:02:39,267 [INFO] No improvement: current loss 1456.409668, best loss 1456.409694
2025-07-21 05:02:39,867 [INFO] [271/300] loss 1456.41 | compact 14.4953 | spectral 17.1861 | recons_loss: 0.129335 | sparse_loss: 1.03 | 
2025-07-21 05:02:39,868 [INFO] [Iter 271] LR: 0.00000001
2025-07-21 05:02:39,869 [INFO] No improvement: current loss 1456.409668, best loss 1456.409694
2025-07-21 05:02:40,467 [INFO] [272/300] loss 1456.41 | compact 14.4953 | spectral 17.1861 | recons_loss: 0.129335 | sparse_loss: 1.03 | 
2025-07-21 05:02:40,468 [INFO] [Iter 272] LR: 0.00000001
2025-07-21 05:02:40,469 [INFO] No improvement: current loss 1456.409668, best loss 1456.409694
2025-07-21 05:02:41,065 [INFO] [273/300] loss 1456.41 | compact 14.4953 | spectral 17.1861 | recons_loss: 0.129335 | sparse_loss: 1.03 | 
2025-07-21 05:02:41,066 [INFO] [Iter 273] LR: 0.00000001
2025-07-21 05:02:41,067 [INFO] No improvement: current loss 1456.409668, best loss 1456.409694
2025-07-21 05:02:41,664 [INFO] [274/300] loss 1456.41 | compact 14.4953 | spectral 17.1861 | recons_loss: 0.129335 | sparse_loss: 1.03 | 
2025-07-21 05:02:41,664 [INFO] [Iter 274] LR: 0.00000001
2025-07-21 05:02:41,665 [INFO] No improvement: current loss 1456.409668, best loss 1456.409694
2025-07-21 05:02:42,263 [INFO] [275/300] loss 1456.41 | compact 14.4953 | spectral 17.1861 | recons_loss: 0.129335 | sparse_loss: 1.03 | 
2025-07-21 05:02:42,263 [INFO] [Iter 275] LR: 0.00000001
2025-07-21 05:02:42,264 [INFO] No improvement: current loss 1456.409668, best loss 1456.409694
2025-07-21 05:02:42,862 [INFO] [276/300] loss 1456.41 | compact 14.4953 | spectral 17.1861 | recons_loss: 0.129335 | sparse_loss: 1.03 | 
2025-07-21 05:02:42,862 [INFO] [Iter 276] LR: 0.00000001
2025-07-21 05:02:42,864 [INFO] No improvement: current loss 1456.409668, best loss 1456.409694
2025-07-21 05:02:43,461 [INFO] [277/300] loss 1456.41 | compact 14.4953 | spectral 17.1861 | recons_loss: 0.129335 | sparse_loss: 1.03 | 
2025-07-21 05:02:43,462 [INFO] [Iter 277] LR: 0.00000001
2025-07-21 05:02:43,463 [INFO] No improvement: current loss 1456.409668, best loss 1456.409694
2025-07-21 05:02:44,060 [INFO] [278/300] loss 1456.41 | compact 14.4953 | spectral 17.1861 | recons_loss: 0.129335 | sparse_loss: 1.03 | 
2025-07-21 05:02:44,060 [INFO] [Iter 278] LR: 0.00000001
2025-07-21 05:02:44,061 [INFO] No improvement: current loss 1456.409668, best loss 1456.409694
2025-07-21 05:02:44,659 [INFO] [279/300] loss 1456.41 | compact 14.4953 | spectral 17.1861 | recons_loss: 0.129335 | sparse_loss: 1.03 | 
2025-07-21 05:02:44,659 [INFO] [Iter 279] LR: 0.00000001
2025-07-21 05:02:44,660 [INFO] No improvement: current loss 1456.409668, best loss 1456.409694
2025-07-21 05:02:45,258 [INFO] [280/300] loss 1456.41 | compact 14.4953 | spectral 17.1861 | recons_loss: 0.129335 | sparse_loss: 1.03 | 
2025-07-21 05:02:45,258 [INFO] [Iter 280] LR: 0.00000001
2025-07-21 05:02:45,259 [INFO] No improvement: current loss 1456.409668, best loss 1456.409694
2025-07-21 05:02:45,867 [INFO] [281/300] loss 1456.41 | compact 14.4953 | spectral 17.1861 | recons_loss: 0.129335 | sparse_loss: 1.03 | 
2025-07-21 05:02:45,867 [INFO] [Iter 281] LR: 0.00000001
2025-07-21 05:02:45,869 [INFO] No improvement: current loss 1456.409668, best loss 1456.409694
2025-07-21 05:02:46,467 [INFO] [282/300] loss 1456.41 | compact 14.4953 | spectral 17.1861 | recons_loss: 0.129335 | sparse_loss: 1.03 | 
2025-07-21 05:02:46,468 [INFO] [Iter 282] LR: 0.00000001
2025-07-21 05:02:46,470 [INFO] No improvement: current loss 1456.409668, best loss 1456.409694
2025-07-21 05:02:47,079 [INFO] [283/300] loss 1456.41 | compact 14.4953 | spectral 17.1861 | recons_loss: 0.129335 | sparse_loss: 1.03 | 
2025-07-21 05:02:47,079 [INFO] [Iter 283] LR: 0.00000001
2025-07-21 05:02:47,081 [INFO] No improvement: current loss 1456.409668, best loss 1456.409694
2025-07-21 05:02:47,680 [INFO] [284/300] loss 1456.41 | compact 14.4953 | spectral 17.1861 | recons_loss: 0.129335 | sparse_loss: 1.03 | 
2025-07-21 05:02:47,681 [INFO] [Iter 284] LR: 0.00000001
2025-07-21 05:02:47,683 [INFO] No improvement: current loss 1456.409668, best loss 1456.409694
2025-07-21 05:02:48,281 [INFO] [285/300] loss 1456.41 | compact 14.4953 | spectral 17.1861 | recons_loss: 0.129335 | sparse_loss: 1.03 | 
2025-07-21 05:02:48,282 [INFO] [Iter 285] LR: 0.00000001
2025-07-21 05:02:48,283 [INFO] No improvement: current loss 1456.409668, best loss 1456.409694
2025-07-21 05:02:48,880 [INFO] [286/300] loss 1456.41 | compact 14.4953 | spectral 17.1861 | recons_loss: 0.129335 | sparse_loss: 1.03 | 
2025-07-21 05:02:48,880 [INFO] [Iter 286] LR: 0.00000001
2025-07-21 05:02:48,881 [INFO] No improvement: current loss 1456.409668, best loss 1456.409694
2025-07-21 05:02:49,479 [INFO] [287/300] loss 1456.41 | compact 14.4953 | spectral 17.1861 | recons_loss: 0.129335 | sparse_loss: 1.03 | 
2025-07-21 05:02:49,480 [INFO] [Iter 287] LR: 0.00000001
2025-07-21 05:02:49,480 [INFO] No improvement: current loss 1456.409668, best loss 1456.409694
2025-07-21 05:02:50,078 [INFO] [288/300] loss 1456.41 | compact 14.4953 | spectral 17.1861 | recons_loss: 0.129335 | sparse_loss: 1.03 | 
2025-07-21 05:02:50,078 [INFO] [Iter 288] LR: 0.00000001
2025-07-21 05:02:50,080 [INFO] No improvement: current loss 1456.409668, best loss 1456.409694
2025-07-21 05:02:50,676 [INFO] [289/300] loss 1456.41 | compact 14.4953 | spectral 17.1861 | recons_loss: 0.129335 | sparse_loss: 1.03 | 
2025-07-21 05:02:50,677 [INFO] [Iter 289] LR: 0.00000001
2025-07-21 05:02:50,678 [INFO] No improvement: current loss 1456.409668, best loss 1456.409694
2025-07-21 05:02:51,276 [INFO] [290/300] loss 1456.41 | compact 14.4953 | spectral 17.1861 | recons_loss: 0.129335 | sparse_loss: 1.03 | 
2025-07-21 05:02:51,276 [INFO] [Iter 290] LR: 0.00000001
2025-07-21 05:02:51,279 [INFO] No improvement: current loss 1456.409668, best loss 1456.409694
2025-07-21 05:02:51,876 [INFO] [291/300] loss 1456.41 | compact 14.4953 | spectral 17.1861 | recons_loss: 0.129335 | sparse_loss: 1.03 | 
2025-07-21 05:02:51,876 [INFO] [Iter 291] LR: 0.00000001
2025-07-21 05:02:51,877 [INFO] No improvement: current loss 1456.409668, best loss 1456.409694
2025-07-21 05:02:52,475 [INFO] [292/300] loss 1456.41 | compact 14.4953 | spectral 17.1861 | recons_loss: 0.129335 | sparse_loss: 1.03 | 
2025-07-21 05:02:52,476 [INFO] [Iter 292] LR: 0.00000001
2025-07-21 05:02:52,477 [INFO] No improvement: current loss 1456.409668, best loss 1456.409694
2025-07-21 05:02:53,076 [INFO] [293/300] loss 1456.41 | compact 14.4953 | spectral 17.1861 | recons_loss: 0.129335 | sparse_loss: 1.03 | 
2025-07-21 05:02:53,077 [INFO] [Iter 293] LR: 0.00000001
2025-07-21 05:02:53,079 [INFO] No improvement: current loss 1456.409668, best loss 1456.409694
2025-07-21 05:02:53,695 [INFO] [294/300] loss 1456.41 | compact 14.4953 | spectral 17.1861 | recons_loss: 0.129335 | sparse_loss: 1.03 | 
2025-07-21 05:02:53,695 [INFO] [Iter 294] LR: 0.00000001
2025-07-21 05:02:53,696 [INFO] No improvement: current loss 1456.409668, best loss 1456.409694
2025-07-21 05:02:54,294 [INFO] [295/300] loss 1456.41 | compact 14.4953 | spectral 17.1861 | recons_loss: 0.129335 | sparse_loss: 1.03 | 
2025-07-21 05:02:54,294 [INFO] [Iter 295] LR: 0.00000001
2025-07-21 05:02:54,295 [INFO] No improvement: current loss 1456.409668, best loss 1456.409694
2025-07-21 05:02:54,892 [INFO] [296/300] loss 1456.41 | compact 14.4953 | spectral 17.1861 | recons_loss: 0.129335 | sparse_loss: 1.03 | 
2025-07-21 05:02:54,892 [INFO] [Iter 296] LR: 0.00000001
2025-07-21 05:02:54,893 [INFO] No improvement: current loss 1456.409668, best loss 1456.409694
2025-07-21 05:02:55,491 [INFO] [297/300] loss 1456.41 | compact 14.4953 | spectral 17.1861 | recons_loss: 0.129335 | sparse_loss: 1.03 | 
2025-07-21 05:02:55,491 [INFO] [Iter 297] LR: 0.00000001
2025-07-21 05:02:55,492 [INFO] No improvement: current loss 1456.409668, best loss 1456.409694
2025-07-21 05:02:56,091 [INFO] [298/300] loss 1456.41 | compact 14.4953 | spectral 17.1861 | recons_loss: 0.129335 | sparse_loss: 1.03 | 
2025-07-21 05:02:56,091 [INFO] [Iter 298] LR: 0.00000001
2025-07-21 05:02:56,093 [INFO] No improvement: current loss 1456.409668, best loss 1456.409694
2025-07-21 05:02:56,280 [INFO] H: 600, W: 166
2025-07-21 05:02:56,386 [INFO] [0 1 2 3 4 5]
2025-07-21 05:02:56,484 [INFO] y_target: [1 2 3 4 5 6]
2025-07-21 05:02:56,484 [INFO] y_predict: [0 1 2 3 4 5]
2025-07-21 05:02:56,573 [INFO] Epoch = 299 OA = 0.9074 Kappa = 0.8764 NMI = 0.8339
2025-07-21 05:02:57,049 [INFO] [299/300] loss 1456.41 | compact 14.4953 | spectral 17.1861 | recons_loss: 0.129335 | sparse_loss: 1.03 | 
2025-07-21 05:02:57,049 [INFO] [Iter 299] LR: 0.00000001
2025-07-21 05:02:57,050 [INFO] No improvement: current loss 1456.409668, best loss 1456.409694
2025-07-21 05:02:57,050 [INFO] Training finished. Best model loaded.
