2025-07-21 05:09:28,461 [INFO] ========== Training Configuration ==========
2025-07-21 05:09:28,461 [INFO] out_dir: ./log
2025-07-21 05:09:28,461 [INFO] lr: 0.1
2025-07-21 05:09:28,461 [INFO] train_iter: 300
2025-07-21 05:09:28,461 [INFO] niter: 5
2025-07-21 05:09:28,461 [INFO] nspix: 300
2025-07-21 05:09:28,461 [INFO] weight: weight
2025-07-21 05:09:28,461 [INFO] weight_representation: 220.0
2025-07-21 05:09:28,461 [INFO] weight_noise: 50.0
2025-07-21 05:09:28,461 [INFO] dataset: trento
2025-07-21 05:09:28,461 [INFO] device: cuda:0
2025-07-21 05:09:28,461 [INFO] log: trento11
2025-07-21 05:09:28,461 [INFO] ============================================
2025-07-21 05:09:31,589 [INFO] H: 600, W: 166
2025-07-21 05:09:31,693 [INFO] [0 1 2 3 4 5]
2025-07-21 05:09:31,888 [INFO] y_target: [1 2 3 4 5 6]
2025-07-21 05:09:31,889 [INFO] y_predict: [0 1 2 3 4 5]
2025-07-21 05:09:31,979 [INFO] Epoch = 0 OA = 0.8509 Kappa = 0.8011 NMI = 0.7884
2025-07-21 05:09:32,499 [INFO] [0/300] loss 1638.23 | compact 13.9608 | spectral 17.8474 | recons_loss: 0.260069 | sparse_loss: 1.04467 | 
2025-07-21 05:09:32,499 [INFO] [Iter 0] LR: 0.10000000
2025-07-21 05:09:32,500 [INFO] Saving best model at iteration 0
2025-07-21 05:09:33,098 [INFO] [1/300] loss 1637.35 | compact 13.9657 | spectral 17.8348 | recons_loss: 0.258685 | sparse_loss: 1.04471 | 
2025-07-21 05:09:33,098 [INFO] [Iter 1] LR: 0.10000000
2025-07-21 05:09:33,099 [INFO] Saving best model at iteration 1
2025-07-21 05:09:33,697 [INFO] [2/300] loss 1636.03 | compact 13.9698 | spectral 17.8184 | recons_loss: 0.256839 | sparse_loss: 1.04466 | 
2025-07-21 05:09:33,697 [INFO] [Iter 2] LR: 0.10000000
2025-07-21 05:09:33,698 [INFO] Saving best model at iteration 2
2025-07-21 05:09:34,304 [INFO] [3/300] loss 1634.27 | compact 13.9756 | spectral 17.7991 | recons_loss: 0.254357 | sparse_loss: 1.04445 | 
2025-07-21 05:09:34,304 [INFO] [Iter 3] LR: 0.10000000
2025-07-21 05:09:34,306 [INFO] Saving best model at iteration 3
2025-07-21 05:09:34,922 [INFO] [4/300] loss 1632.18 | compact 13.984 | spectral 17.7745 | recons_loss: 0.251306 | sparse_loss: 1.04406 | 
2025-07-21 05:09:34,922 [INFO] [Iter 4] LR: 0.10000000
2025-07-21 05:09:34,923 [INFO] Saving best model at iteration 4
2025-07-21 05:09:35,521 [INFO] [5/300] loss 1629.92 | compact 13.9923 | spectral 17.7483 | recons_loss: 0.247958 | sparse_loss: 1.04356 | 
2025-07-21 05:09:35,521 [INFO] [Iter 5] LR: 0.10000000
2025-07-21 05:09:35,523 [INFO] Saving best model at iteration 5
2025-07-21 05:09:36,120 [INFO] [6/300] loss 1627.49 | compact 14.0021 | spectral 17.7206 | recons_loss: 0.244236 | sparse_loss: 1.04301 | 
2025-07-21 05:09:36,121 [INFO] [Iter 6] LR: 0.10000000
2025-07-21 05:09:36,123 [INFO] Saving best model at iteration 6
2025-07-21 05:09:36,725 [INFO] [7/300] loss 1624.96 | compact 14.0091 | spectral 17.6938 | recons_loss: 0.240269 | sparse_loss: 1.04246 | 
2025-07-21 05:09:36,725 [INFO] [Iter 7] LR: 0.10000000
2025-07-21 05:09:36,727 [INFO] Saving best model at iteration 7
2025-07-21 05:09:37,325 [INFO] [8/300] loss 1622.38 | compact 14.0169 | spectral 17.6621 | recons_loss: 0.236184 | sparse_loss: 1.04192 | 
2025-07-21 05:09:37,325 [INFO] [Iter 8] LR: 0.10000000
2025-07-21 05:09:37,326 [INFO] Saving best model at iteration 8
2025-07-21 05:09:37,923 [INFO] [9/300] loss 1619.8 | compact 14.025 | spectral 17.6268 | recons_loss: 0.231991 | sparse_loss: 1.0414 | 
2025-07-21 05:09:37,924 [INFO] [Iter 9] LR: 0.10000000
2025-07-21 05:09:37,925 [INFO] Saving best model at iteration 9
2025-07-21 05:09:38,523 [INFO] [10/300] loss 1617.24 | compact 14.0388 | spectral 17.5835 | recons_loss: 0.227724 | sparse_loss: 1.04087 | 
2025-07-21 05:09:38,523 [INFO] [Iter 10] LR: 0.10000000
2025-07-21 05:09:38,526 [INFO] Saving best model at iteration 10
2025-07-21 05:09:39,131 [INFO] [11/300] loss 1614.72 | compact 14.0489 | spectral 17.5442 | recons_loss: 0.223427 | sparse_loss: 1.04034 | 
2025-07-21 05:09:39,131 [INFO] [Iter 11] LR: 0.10000000
2025-07-21 05:09:39,132 [INFO] Saving best model at iteration 11
2025-07-21 05:09:39,730 [INFO] [12/300] loss 1612.28 | compact 14.059 | spectral 17.5051 | recons_loss: 0.219164 | sparse_loss: 1.03981 | 
2025-07-21 05:09:39,730 [INFO] [Iter 12] LR: 0.10000000
2025-07-21 05:09:39,731 [INFO] Saving best model at iteration 12
2025-07-21 05:09:40,328 [INFO] [13/300] loss 1609.95 | compact 14.069 | spectral 17.4676 | recons_loss: 0.215005 | sparse_loss: 1.03926 | 
2025-07-21 05:09:40,328 [INFO] [Iter 13] LR: 0.10000000
2025-07-21 05:09:40,329 [INFO] Saving best model at iteration 13
2025-07-21 05:09:40,926 [INFO] [14/300] loss 1607.7 | compact 14.0791 | spectral 17.4376 | recons_loss: 0.210908 | sparse_loss: 1.03873 | 
2025-07-21 05:09:40,927 [INFO] [Iter 14] LR: 0.10000000
2025-07-21 05:09:40,928 [INFO] Saving best model at iteration 14
2025-07-21 05:09:41,526 [INFO] [15/300] loss 1605.48 | compact 14.088 | spectral 17.4107 | recons_loss: 0.206723 | sparse_loss: 1.03824 | 
2025-07-21 05:09:41,526 [INFO] [Iter 15] LR: 0.10000000
2025-07-21 05:09:41,528 [INFO] Saving best model at iteration 15
2025-07-21 05:09:42,140 [INFO] [16/300] loss 1603.35 | compact 14.0979 | spectral 17.3847 | recons_loss: 0.202675 | sparse_loss: 1.03779 | 
2025-07-21 05:09:42,140 [INFO] [Iter 16] LR: 0.10000000
2025-07-21 05:09:42,142 [INFO] Saving best model at iteration 16
2025-07-21 05:09:42,739 [INFO] [17/300] loss 1601.32 | compact 14.1067 | spectral 17.3601 | recons_loss: 0.198752 | sparse_loss: 1.03739 | 
2025-07-21 05:09:42,739 [INFO] [Iter 17] LR: 0.10000000
2025-07-21 05:09:42,742 [INFO] Saving best model at iteration 17
2025-07-21 05:09:43,340 [INFO] [18/300] loss 1599.38 | compact 14.1149 | spectral 17.3402 | recons_loss: 0.194959 | sparse_loss: 1.03703 | 
2025-07-21 05:09:43,340 [INFO] [Iter 18] LR: 0.10000000
2025-07-21 05:09:43,341 [INFO] Saving best model at iteration 18
2025-07-21 05:09:43,937 [INFO] [19/300] loss 1597.52 | compact 14.1204 | spectral 17.3233 | recons_loss: 0.191319 | sparse_loss: 1.0367 | 
2025-07-21 05:09:43,938 [INFO] [Iter 19] LR: 0.10000000
2025-07-21 05:09:43,939 [INFO] Saving best model at iteration 19
2025-07-21 05:09:44,535 [INFO] [20/300] loss 1595.76 | compact 14.1293 | spectral 17.3059 | recons_loss: 0.187835 | sparse_loss: 1.03638 | 
2025-07-21 05:09:44,536 [INFO] [Iter 20] LR: 0.10000000
2025-07-21 05:09:44,537 [INFO] Saving best model at iteration 20
2025-07-21 05:09:45,133 [INFO] [21/300] loss 1594.08 | compact 14.1392 | spectral 17.2881 | recons_loss: 0.184505 | sparse_loss: 1.03609 | 
2025-07-21 05:09:45,134 [INFO] [Iter 21] LR: 0.10000000
2025-07-21 05:09:45,135 [INFO] Saving best model at iteration 21
2025-07-21 05:09:45,732 [INFO] [22/300] loss 1592.49 | compact 14.1498 | spectral 17.2695 | recons_loss: 0.181332 | sparse_loss: 1.03582 | 
2025-07-21 05:09:45,732 [INFO] [Iter 22] LR: 0.10000000
2025-07-21 05:09:45,733 [INFO] Saving best model at iteration 22
2025-07-21 05:09:46,330 [INFO] [23/300] loss 1590.99 | compact 14.1591 | spectral 17.2534 | recons_loss: 0.178317 | sparse_loss: 1.03558 | 
2025-07-21 05:09:46,330 [INFO] [Iter 23] LR: 0.10000000
2025-07-21 05:09:46,331 [INFO] Saving best model at iteration 23
2025-07-21 05:09:46,927 [INFO] [24/300] loss 1589.56 | compact 14.1675 | spectral 17.2398 | recons_loss: 0.175459 | sparse_loss: 1.03536 | 
2025-07-21 05:09:46,928 [INFO] [Iter 24] LR: 0.10000000
2025-07-21 05:09:46,929 [INFO] Saving best model at iteration 24
2025-07-21 05:09:47,524 [INFO] [25/300] loss 1588.21 | compact 14.1755 | spectral 17.2297 | recons_loss: 0.172751 | sparse_loss: 1.03517 | 
2025-07-21 05:09:47,525 [INFO] [Iter 25] LR: 0.10000000
2025-07-21 05:09:47,525 [INFO] Saving best model at iteration 25
2025-07-21 05:09:48,121 [INFO] [26/300] loss 1586.94 | compact 14.1829 | spectral 17.2195 | recons_loss: 0.170208 | sparse_loss: 1.035 | 
2025-07-21 05:09:48,122 [INFO] [Iter 26] LR: 0.10000000
2025-07-21 05:09:48,123 [INFO] Saving best model at iteration 26
2025-07-21 05:09:48,719 [INFO] [27/300] loss 1585.73 | compact 14.1893 | spectral 17.2093 | recons_loss: 0.167819 | sparse_loss: 1.03484 | 
2025-07-21 05:09:48,719 [INFO] [Iter 27] LR: 0.10000000
2025-07-21 05:09:48,720 [INFO] Saving best model at iteration 27
2025-07-21 05:09:49,316 [INFO] [28/300] loss 1584.59 | compact 14.1952 | spectral 17.2025 | recons_loss: 0.165582 | sparse_loss: 1.03468 | 
2025-07-21 05:09:49,316 [INFO] [Iter 28] LR: 0.10000000
2025-07-21 05:09:49,317 [INFO] Saving best model at iteration 28
2025-07-21 05:09:49,919 [INFO] [29/300] loss 1583.51 | compact 14.2033 | spectral 17.1964 | recons_loss: 0.16348 | sparse_loss: 1.03453 | 
2025-07-21 05:09:49,919 [INFO] [Iter 29] LR: 0.10000000
2025-07-21 05:09:49,920 [INFO] Saving best model at iteration 29
2025-07-21 05:09:50,523 [INFO] [30/300] loss 1582.5 | compact 14.2119 | spectral 17.1874 | recons_loss: 0.16151 | sparse_loss: 1.03439 | 
2025-07-21 05:09:50,523 [INFO] [Iter 30] LR: 0.10000000
2025-07-21 05:09:50,524 [INFO] Saving best model at iteration 30
2025-07-21 05:09:51,121 [INFO] [31/300] loss 1581.53 | compact 14.2201 | spectral 17.1782 | recons_loss: 0.159667 | sparse_loss: 1.03425 | 
2025-07-21 05:09:51,122 [INFO] [Iter 31] LR: 0.10000000
2025-07-21 05:09:51,123 [INFO] Saving best model at iteration 31
2025-07-21 05:09:51,720 [INFO] [32/300] loss 1580.61 | compact 14.2286 | spectral 17.1729 | recons_loss: 0.157945 | sparse_loss: 1.03412 | 
2025-07-21 05:09:51,720 [INFO] [Iter 32] LR: 0.10000000
2025-07-21 05:09:51,721 [INFO] Saving best model at iteration 32
2025-07-21 05:09:52,318 [INFO] [33/300] loss 1579.75 | compact 14.2335 | spectral 17.1699 | recons_loss: 0.156353 | sparse_loss: 1.03399 | 
2025-07-21 05:09:52,318 [INFO] [Iter 33] LR: 0.10000000
2025-07-21 05:09:52,319 [INFO] Saving best model at iteration 33
2025-07-21 05:09:52,915 [INFO] [34/300] loss 1578.93 | compact 14.239 | spectral 17.1682 | recons_loss: 0.154851 | sparse_loss: 1.03386 | 
2025-07-21 05:09:52,915 [INFO] [Iter 34] LR: 0.10000000
2025-07-21 05:09:52,916 [INFO] Saving best model at iteration 34
2025-07-21 05:09:53,514 [INFO] [35/300] loss 1578.14 | compact 14.2444 | spectral 17.164 | recons_loss: 0.153447 | sparse_loss: 1.03372 | 
2025-07-21 05:09:53,514 [INFO] [Iter 35] LR: 0.10000000
2025-07-21 05:09:53,516 [INFO] Saving best model at iteration 35
2025-07-21 05:09:54,114 [INFO] [36/300] loss 1577.38 | compact 14.2502 | spectral 17.1617 | recons_loss: 0.152127 | sparse_loss: 1.03358 | 
2025-07-21 05:09:54,115 [INFO] [Iter 36] LR: 0.10000000
2025-07-21 05:09:54,116 [INFO] Saving best model at iteration 36
2025-07-21 05:09:54,713 [INFO] [37/300] loss 1576.65 | compact 14.2557 | spectral 17.1605 | recons_loss: 0.150892 | sparse_loss: 1.03343 | 
2025-07-21 05:09:54,714 [INFO] [Iter 37] LR: 0.10000000
2025-07-21 05:09:54,716 [INFO] Saving best model at iteration 37
2025-07-21 05:09:55,312 [INFO] [38/300] loss 1575.96 | compact 14.2617 | spectral 17.1581 | recons_loss: 0.149735 | sparse_loss: 1.03329 | 
2025-07-21 05:09:55,312 [INFO] [Iter 38] LR: 0.10000000
2025-07-21 05:09:55,313 [INFO] Saving best model at iteration 38
2025-07-21 05:09:55,911 [INFO] [39/300] loss 1575.3 | compact 14.2689 | spectral 17.1538 | recons_loss: 0.148648 | sparse_loss: 1.03316 | 
2025-07-21 05:09:55,911 [INFO] [Iter 39] LR: 0.10000000
2025-07-21 05:09:55,912 [INFO] Saving best model at iteration 39
2025-07-21 05:09:56,509 [INFO] [40/300] loss 1574.66 | compact 14.2739 | spectral 17.1502 | recons_loss: 0.147614 | sparse_loss: 1.03305 | 
2025-07-21 05:09:56,510 [INFO] [Iter 40] LR: 0.10000000
2025-07-21 05:09:56,511 [INFO] Saving best model at iteration 40
2025-07-21 05:09:57,110 [INFO] [41/300] loss 1574.05 | compact 14.2796 | spectral 17.1471 | recons_loss: 0.146644 | sparse_loss: 1.03293 | 
2025-07-21 05:09:57,111 [INFO] [Iter 41] LR: 0.10000000
2025-07-21 05:09:57,112 [INFO] Saving best model at iteration 41
2025-07-21 05:09:57,709 [INFO] [42/300] loss 1573.48 | compact 14.286 | spectral 17.1472 | recons_loss: 0.145742 | sparse_loss: 1.03281 | 
2025-07-21 05:09:57,709 [INFO] [Iter 42] LR: 0.10000000
2025-07-21 05:09:57,711 [INFO] Saving best model at iteration 42
2025-07-21 05:09:58,315 [INFO] [43/300] loss 1572.93 | compact 14.2926 | spectral 17.1474 | recons_loss: 0.144892 | sparse_loss: 1.03268 | 
2025-07-21 05:09:58,315 [INFO] [Iter 43] LR: 0.10000000
2025-07-21 05:09:58,316 [INFO] Saving best model at iteration 43
2025-07-21 05:09:58,914 [INFO] [44/300] loss 1572.4 | compact 14.2971 | spectral 17.1458 | recons_loss: 0.144077 | sparse_loss: 1.03258 | 
2025-07-21 05:09:58,914 [INFO] [Iter 44] LR: 0.10000000
2025-07-21 05:09:58,915 [INFO] Saving best model at iteration 44
2025-07-21 05:09:59,515 [INFO] [45/300] loss 1571.89 | compact 14.3029 | spectral 17.143 | recons_loss: 0.143307 | sparse_loss: 1.03247 | 
2025-07-21 05:09:59,516 [INFO] [Iter 45] LR: 0.10000000
2025-07-21 05:09:59,517 [INFO] Saving best model at iteration 45
2025-07-21 05:10:00,114 [INFO] [46/300] loss 1571.44 | compact 14.3061 | spectral 17.1521 | recons_loss: 0.142598 | sparse_loss: 1.03238 | 
2025-07-21 05:10:00,114 [INFO] [Iter 46] LR: 0.10000000
2025-07-21 05:10:00,116 [INFO] Saving best model at iteration 46
2025-07-21 05:10:00,712 [INFO] [47/300] loss 1571.01 | compact 14.3082 | spectral 17.1614 | recons_loss: 0.14193 | sparse_loss: 1.0323 | 
2025-07-21 05:10:00,713 [INFO] [Iter 47] LR: 0.10000000
2025-07-21 05:10:00,714 [INFO] Saving best model at iteration 47
2025-07-21 05:10:01,311 [INFO] [48/300] loss 1570.6 | compact 14.3109 | spectral 17.1708 | recons_loss: 0.141286 | sparse_loss: 1.03222 | 
2025-07-21 05:10:01,311 [INFO] [Iter 48] LR: 0.10000000
2025-07-21 05:10:01,312 [INFO] Saving best model at iteration 48
2025-07-21 05:10:01,909 [INFO] [49/300] loss 1570.21 | compact 14.3122 | spectral 17.1766 | recons_loss: 0.140675 | sparse_loss: 1.03214 | 
2025-07-21 05:10:01,910 [INFO] [Iter 49] LR: 0.10000000
2025-07-21 05:10:01,912 [INFO] Saving best model at iteration 49
2025-07-21 05:10:02,114 [INFO] H: 600, W: 166
2025-07-21 05:10:02,232 [INFO] [0 1 2 3 4 5]
2025-07-21 05:10:02,330 [INFO] y_target: [1 2 3 4 5 6]
2025-07-21 05:10:02,331 [INFO] y_predict: [0 1 2 3 4 5]
2025-07-21 05:10:02,418 [INFO] Epoch = 50 OA = 0.8025 Kappa = 0.7485 NMI = 0.7583
2025-07-21 05:10:02,894 [INFO] [50/300] loss 1569.83 | compact 14.3139 | spectral 17.1837 | recons_loss: 0.140077 | sparse_loss: 1.03206 | 
2025-07-21 05:10:02,894 [INFO] [Iter 50] LR: 0.10000000
2025-07-21 05:10:02,895 [INFO] Saving best model at iteration 50
2025-07-21 05:10:03,493 [INFO] [51/300] loss 1569.46 | compact 14.3158 | spectral 17.1903 | recons_loss: 0.139537 | sparse_loss: 1.03198 | 
2025-07-21 05:10:03,493 [INFO] [Iter 51] LR: 0.10000000
2025-07-21 05:10:03,494 [INFO] Saving best model at iteration 51
2025-07-21 05:10:04,091 [INFO] [52/300] loss 1569.11 | compact 14.3186 | spectral 17.1966 | recons_loss: 0.139019 | sparse_loss: 1.0319 | 
2025-07-21 05:10:04,091 [INFO] [Iter 52] LR: 0.10000000
2025-07-21 05:10:04,092 [INFO] Saving best model at iteration 52
2025-07-21 05:10:04,689 [INFO] [53/300] loss 1568.78 | compact 14.3219 | spectral 17.2038 | recons_loss: 0.138535 | sparse_loss: 1.03183 | 
2025-07-21 05:10:04,689 [INFO] [Iter 53] LR: 0.10000000
2025-07-21 05:10:04,690 [INFO] Saving best model at iteration 53
2025-07-21 05:10:05,287 [INFO] [54/300] loss 1568.46 | compact 14.325 | spectral 17.2096 | recons_loss: 0.138064 | sparse_loss: 1.03177 | 
2025-07-21 05:10:05,287 [INFO] [Iter 54] LR: 0.10000000
2025-07-21 05:10:05,288 [INFO] Saving best model at iteration 54
2025-07-21 05:10:05,885 [INFO] [55/300] loss 1568.15 | compact 14.3271 | spectral 17.2168 | recons_loss: 0.137611 | sparse_loss: 1.0317 | 
2025-07-21 05:10:05,885 [INFO] [Iter 55] LR: 0.10000000
2025-07-21 05:10:05,886 [INFO] Saving best model at iteration 55
2025-07-21 05:10:06,483 [INFO] [56/300] loss 1567.85 | compact 14.3295 | spectral 17.2224 | recons_loss: 0.137176 | sparse_loss: 1.03163 | 
2025-07-21 05:10:06,483 [INFO] [Iter 56] LR: 0.10000000
2025-07-21 05:10:06,484 [INFO] Saving best model at iteration 56
2025-07-21 05:10:07,081 [INFO] [57/300] loss 1567.56 | compact 14.3316 | spectral 17.2268 | recons_loss: 0.136755 | sparse_loss: 1.03157 | 
2025-07-21 05:10:07,081 [INFO] [Iter 57] LR: 0.10000000
2025-07-21 05:10:07,082 [INFO] Saving best model at iteration 57
2025-07-21 05:10:07,680 [INFO] [58/300] loss 1567.28 | compact 14.3327 | spectral 17.2306 | recons_loss: 0.136327 | sparse_loss: 1.03151 | 
2025-07-21 05:10:07,680 [INFO] [Iter 58] LR: 0.10000000
2025-07-21 05:10:07,681 [INFO] Saving best model at iteration 58
2025-07-21 05:10:08,278 [INFO] [59/300] loss 1567 | compact 14.3348 | spectral 17.2347 | recons_loss: 0.135924 | sparse_loss: 1.03146 | 
2025-07-21 05:10:08,278 [INFO] [Iter 59] LR: 0.10000000
2025-07-21 05:10:08,279 [INFO] Saving best model at iteration 59
2025-07-21 05:10:08,889 [INFO] [60/300] loss 1566.75 | compact 14.3381 | spectral 17.2385 | recons_loss: 0.135553 | sparse_loss: 1.03141 | 
2025-07-21 05:10:08,890 [INFO] [Iter 60] LR: 0.10000000
2025-07-21 05:10:08,891 [INFO] Saving best model at iteration 60
2025-07-21 05:10:09,507 [INFO] [61/300] loss 1566.49 | compact 14.3414 | spectral 17.2424 | recons_loss: 0.135177 | sparse_loss: 1.03138 | 
2025-07-21 05:10:09,507 [INFO] [Iter 61] LR: 0.10000000
2025-07-21 05:10:09,508 [INFO] Saving best model at iteration 61
2025-07-21 05:10:10,104 [INFO] [62/300] loss 1566.24 | compact 14.3445 | spectral 17.244 | recons_loss: 0.134827 | sparse_loss: 1.03134 | 
2025-07-21 05:10:10,105 [INFO] [Iter 62] LR: 0.10000000
2025-07-21 05:10:10,106 [INFO] Saving best model at iteration 62
2025-07-21 05:10:10,702 [INFO] [63/300] loss 1566 | compact 14.3477 | spectral 17.2468 | recons_loss: 0.134497 | sparse_loss: 1.03129 | 
2025-07-21 05:10:10,703 [INFO] [Iter 63] LR: 0.10000000
2025-07-21 05:10:10,704 [INFO] Saving best model at iteration 63
2025-07-21 05:10:11,301 [INFO] [64/300] loss 1565.77 | compact 14.351 | spectral 17.2487 | recons_loss: 0.134185 | sparse_loss: 1.03124 | 
2025-07-21 05:10:11,301 [INFO] [Iter 64] LR: 0.10000000
2025-07-21 05:10:11,302 [INFO] Saving best model at iteration 64
2025-07-21 05:10:11,898 [INFO] [65/300] loss 1565.54 | compact 14.3572 | spectral 17.2421 | recons_loss: 0.13388 | sparse_loss: 1.03119 | 
2025-07-21 05:10:11,899 [INFO] [Iter 65] LR: 0.10000000
2025-07-21 05:10:11,900 [INFO] Saving best model at iteration 65
2025-07-21 05:10:12,497 [INFO] [66/300] loss 1565.32 | compact 14.3621 | spectral 17.2383 | recons_loss: 0.133585 | sparse_loss: 1.03115 | 
2025-07-21 05:10:12,497 [INFO] [Iter 66] LR: 0.10000000
2025-07-21 05:10:12,498 [INFO] Saving best model at iteration 66
2025-07-21 05:10:13,096 [INFO] [67/300] loss 1565.11 | compact 14.3669 | spectral 17.2351 | recons_loss: 0.133294 | sparse_loss: 1.0311 | 
2025-07-21 05:10:13,096 [INFO] [Iter 67] LR: 0.10000000
2025-07-21 05:10:13,098 [INFO] Saving best model at iteration 67
2025-07-21 05:10:13,696 [INFO] [68/300] loss 1564.91 | compact 14.3712 | spectral 17.2317 | recons_loss: 0.133021 | sparse_loss: 1.03106 | 
2025-07-21 05:10:13,697 [INFO] [Iter 68] LR: 0.10000000
2025-07-21 05:10:13,698 [INFO] Saving best model at iteration 68
2025-07-21 05:10:14,298 [INFO] [69/300] loss 1564.71 | compact 14.3754 | spectral 17.2288 | recons_loss: 0.132755 | sparse_loss: 1.03102 | 
2025-07-21 05:10:14,299 [INFO] [Iter 69] LR: 0.10000000
2025-07-21 05:10:14,300 [INFO] Saving best model at iteration 69
2025-07-21 05:10:14,898 [INFO] [70/300] loss 1564.52 | compact 14.3785 | spectral 17.2278 | recons_loss: 0.132504 | sparse_loss: 1.03097 | 
2025-07-21 05:10:14,898 [INFO] [Iter 70] LR: 0.10000000
2025-07-21 05:10:14,900 [INFO] Saving best model at iteration 70
2025-07-21 05:10:15,496 [INFO] [71/300] loss 1564.35 | compact 14.3818 | spectral 17.2307 | recons_loss: 0.13226 | sparse_loss: 1.03094 | 
2025-07-21 05:10:15,497 [INFO] [Iter 71] LR: 0.10000000
2025-07-21 05:10:15,497 [INFO] Saving best model at iteration 71
2025-07-21 05:10:16,094 [INFO] [72/300] loss 1564.18 | compact 14.384 | spectral 17.2353 | recons_loss: 0.132012 | sparse_loss: 1.0309 | 
2025-07-21 05:10:16,095 [INFO] [Iter 72] LR: 0.10000000
2025-07-21 05:10:16,096 [INFO] Saving best model at iteration 72
2025-07-21 05:10:16,708 [INFO] [73/300] loss 1564.05 | compact 14.3875 | spectral 17.2475 | recons_loss: 0.131773 | sparse_loss: 1.03087 | 
2025-07-21 05:10:16,708 [INFO] [Iter 73] LR: 0.10000000
2025-07-21 05:10:16,709 [INFO] Saving best model at iteration 73
2025-07-21 05:10:17,306 [INFO] [74/300] loss 1563.92 | compact 14.3899 | spectral 17.2538 | recons_loss: 0.131545 | sparse_loss: 1.03085 | 
2025-07-21 05:10:17,307 [INFO] [Iter 74] LR: 0.10000000
2025-07-21 05:10:17,308 [INFO] Saving best model at iteration 74
2025-07-21 05:10:17,905 [INFO] [75/300] loss 1563.78 | compact 14.3926 | spectral 17.2593 | recons_loss: 0.1313 | sparse_loss: 1.03083 | 
2025-07-21 05:10:17,905 [INFO] [Iter 75] LR: 0.05000000
2025-07-21 05:10:17,906 [INFO] Saving best model at iteration 75
2025-07-21 05:10:18,503 [INFO] [76/300] loss 1563.65 | compact 14.3952 | spectral 17.2653 | recons_loss: 0.13106 | sparse_loss: 1.03081 | 
2025-07-21 05:10:18,503 [INFO] [Iter 76] LR: 0.05000000
2025-07-21 05:10:18,504 [INFO] Saving best model at iteration 76
2025-07-21 05:10:19,117 [INFO] [77/300] loss 1563.51 | compact 14.3977 | spectral 17.2709 | recons_loss: 0.130836 | sparse_loss: 1.03077 | 
2025-07-21 05:10:19,117 [INFO] [Iter 77] LR: 0.05000000
2025-07-21 05:10:19,119 [INFO] Saving best model at iteration 77
2025-07-21 05:10:19,728 [INFO] [78/300] loss 1563.37 | compact 14.3996 | spectral 17.277 | recons_loss: 0.130625 | sparse_loss: 1.03073 | 
2025-07-21 05:10:19,729 [INFO] [Iter 78] LR: 0.05000000
2025-07-21 05:10:19,731 [INFO] Saving best model at iteration 78
2025-07-21 05:10:20,329 [INFO] [79/300] loss 1563.24 | compact 14.402 | spectral 17.2829 | recons_loss: 0.130425 | sparse_loss: 1.0307 | 
2025-07-21 05:10:20,329 [INFO] [Iter 79] LR: 0.05000000
2025-07-21 05:10:20,331 [INFO] Saving best model at iteration 79
2025-07-21 05:10:20,929 [INFO] [80/300] loss 1563.11 | compact 14.4044 | spectral 17.2878 | recons_loss: 0.130238 | sparse_loss: 1.03066 | 
2025-07-21 05:10:20,929 [INFO] [Iter 80] LR: 0.05000000
2025-07-21 05:10:20,930 [INFO] Saving best model at iteration 80
2025-07-21 05:10:21,529 [INFO] [81/300] loss 1562.98 | compact 14.4069 | spectral 17.2923 | recons_loss: 0.13006 | sparse_loss: 1.03062 | 
2025-07-21 05:10:21,529 [INFO] [Iter 81] LR: 0.05000000
2025-07-21 05:10:21,532 [INFO] Saving best model at iteration 81
2025-07-21 05:10:22,149 [INFO] [82/300] loss 1562.86 | compact 14.4095 | spectral 17.2968 | recons_loss: 0.129905 | sparse_loss: 1.03059 | 
2025-07-21 05:10:22,149 [INFO] [Iter 82] LR: 0.05000000
2025-07-21 05:10:22,150 [INFO] Saving best model at iteration 82
2025-07-21 05:10:22,747 [INFO] [83/300] loss 1562.74 | compact 14.4111 | spectral 17.3011 | recons_loss: 0.129761 | sparse_loss: 1.03056 | 
2025-07-21 05:10:22,748 [INFO] [Iter 83] LR: 0.05000000
2025-07-21 05:10:22,749 [INFO] Saving best model at iteration 83
2025-07-21 05:10:23,346 [INFO] [84/300] loss 1562.63 | compact 14.4128 | spectral 17.3055 | recons_loss: 0.129625 | sparse_loss: 1.03053 | 
2025-07-21 05:10:23,346 [INFO] [Iter 84] LR: 0.05000000
2025-07-21 05:10:23,347 [INFO] Saving best model at iteration 84
2025-07-21 05:10:23,957 [INFO] [85/300] loss 1562.52 | compact 14.415 | spectral 17.3084 | recons_loss: 0.129487 | sparse_loss: 1.03049 | 
2025-07-21 05:10:23,957 [INFO] [Iter 85] LR: 0.05000000
2025-07-21 05:10:23,958 [INFO] Saving best model at iteration 85
2025-07-21 05:10:24,557 [INFO] [86/300] loss 1562.4 | compact 14.4174 | spectral 17.3116 | recons_loss: 0.129351 | sparse_loss: 1.03046 | 
2025-07-21 05:10:24,557 [INFO] [Iter 86] LR: 0.05000000
2025-07-21 05:10:24,559 [INFO] Saving best model at iteration 86
2025-07-21 05:10:25,156 [INFO] [87/300] loss 1562.29 | compact 14.4193 | spectral 17.3144 | recons_loss: 0.129219 | sparse_loss: 1.03042 | 
2025-07-21 05:10:25,157 [INFO] [Iter 87] LR: 0.05000000
2025-07-21 05:10:25,158 [INFO] Saving best model at iteration 87
2025-07-21 05:10:25,756 [INFO] [88/300] loss 1562.17 | compact 14.4212 | spectral 17.3178 | recons_loss: 0.129091 | sparse_loss: 1.03038 | 
2025-07-21 05:10:25,756 [INFO] [Iter 88] LR: 0.05000000
2025-07-21 05:10:25,759 [INFO] Saving best model at iteration 88
2025-07-21 05:10:26,356 [INFO] [89/300] loss 1562.07 | compact 14.4229 | spectral 17.3207 | recons_loss: 0.128974 | sparse_loss: 1.03036 | 
2025-07-21 05:10:26,357 [INFO] [Iter 89] LR: 0.05000000
2025-07-21 05:10:26,358 [INFO] Saving best model at iteration 89
2025-07-21 05:10:26,956 [INFO] [90/300] loss 1561.97 | compact 14.4235 | spectral 17.3237 | recons_loss: 0.12886 | sparse_loss: 1.03033 | 
2025-07-21 05:10:26,956 [INFO] [Iter 90] LR: 0.05000000
2025-07-21 05:10:26,957 [INFO] Saving best model at iteration 90
2025-07-21 05:10:27,555 [INFO] [91/300] loss 1561.88 | compact 14.4245 | spectral 17.3273 | recons_loss: 0.128741 | sparse_loss: 1.03032 | 
2025-07-21 05:10:27,555 [INFO] [Iter 91] LR: 0.05000000
2025-07-21 05:10:27,557 [INFO] Saving best model at iteration 91
2025-07-21 05:10:28,159 [INFO] [92/300] loss 1561.78 | compact 14.426 | spectral 17.3303 | recons_loss: 0.128625 | sparse_loss: 1.0303 | 
2025-07-21 05:10:28,159 [INFO] [Iter 92] LR: 0.05000000
2025-07-21 05:10:28,160 [INFO] Saving best model at iteration 92
2025-07-21 05:10:28,758 [INFO] [93/300] loss 1561.69 | compact 14.427 | spectral 17.3359 | recons_loss: 0.128512 | sparse_loss: 1.03028 | 
2025-07-21 05:10:28,758 [INFO] [Iter 93] LR: 0.05000000
2025-07-21 05:10:28,759 [INFO] Saving best model at iteration 93
2025-07-21 05:10:29,356 [INFO] [94/300] loss 1561.61 | compact 14.427 | spectral 17.3463 | recons_loss: 0.128408 | sparse_loss: 1.03026 | 
2025-07-21 05:10:29,357 [INFO] [Iter 94] LR: 0.05000000
2025-07-21 05:10:29,358 [INFO] Saving best model at iteration 94
2025-07-21 05:10:29,955 [INFO] [95/300] loss 1561.54 | compact 14.4274 | spectral 17.3592 | recons_loss: 0.128306 | sparse_loss: 1.03025 | 
2025-07-21 05:10:29,955 [INFO] [Iter 95] LR: 0.05000000
2025-07-21 05:10:29,956 [INFO] Saving best model at iteration 95
2025-07-21 05:10:30,554 [INFO] [96/300] loss 1561.46 | compact 14.4281 | spectral 17.3688 | recons_loss: 0.128203 | sparse_loss: 1.03023 | 
2025-07-21 05:10:30,554 [INFO] [Iter 96] LR: 0.02500000
2025-07-21 05:10:30,555 [INFO] Saving best model at iteration 96
2025-07-21 05:10:31,152 [INFO] [97/300] loss 1561.39 | compact 14.4296 | spectral 17.377 | recons_loss: 0.1281 | sparse_loss: 1.03021 | 
2025-07-21 05:10:31,153 [INFO] [Iter 97] LR: 0.02500000
2025-07-21 05:10:31,154 [INFO] Saving best model at iteration 97
2025-07-21 05:10:31,758 [INFO] [98/300] loss 1561.31 | compact 14.4314 | spectral 17.3793 | recons_loss: 0.127999 | sparse_loss: 1.03019 | 
2025-07-21 05:10:31,758 [INFO] [Iter 98] LR: 0.02500000
2025-07-21 05:10:31,760 [INFO] Saving best model at iteration 98
2025-07-21 05:10:32,358 [INFO] [99/300] loss 1561.23 | compact 14.433 | spectral 17.3809 | recons_loss: 0.127904 | sparse_loss: 1.03016 | 
2025-07-21 05:10:32,358 [INFO] [Iter 99] LR: 0.02500000
2025-07-21 05:10:32,359 [INFO] Saving best model at iteration 99
2025-07-21 05:10:32,564 [INFO] H: 600, W: 166
2025-07-21 05:10:32,650 [INFO] [0 1 2 3 4 5]
2025-07-21 05:10:32,949 [INFO] y_target: [1 2 3 4 5 6]
2025-07-21 05:10:32,949 [INFO] y_predict: [0 1 2 3 4 5]
2025-07-21 05:10:33,037 [INFO] Epoch = 100 OA = 0.9023 Kappa = 0.8697 NMI = 0.8323
2025-07-21 05:10:33,513 [INFO] [100/300] loss 1561.15 | compact 14.4345 | spectral 17.381 | recons_loss: 0.127813 | sparse_loss: 1.03014 | 
2025-07-21 05:10:33,513 [INFO] [Iter 100] LR: 0.02500000
2025-07-21 05:10:33,514 [INFO] Saving best model at iteration 100
2025-07-21 05:10:34,112 [INFO] [101/300] loss 1561.07 | compact 14.436 | spectral 17.3798 | recons_loss: 0.127726 | sparse_loss: 1.03011 | 
2025-07-21 05:10:34,112 [INFO] [Iter 101] LR: 0.02500000
2025-07-21 05:10:34,115 [INFO] Saving best model at iteration 101
2025-07-21 05:10:34,714 [INFO] [102/300] loss 1560.99 | compact 14.4375 | spectral 17.3789 | recons_loss: 0.127643 | sparse_loss: 1.03008 | 
2025-07-21 05:10:34,714 [INFO] [Iter 102] LR: 0.02500000
2025-07-21 05:10:34,715 [INFO] Saving best model at iteration 102
2025-07-21 05:10:35,313 [INFO] [103/300] loss 1560.92 | compact 14.439 | spectral 17.378 | recons_loss: 0.127565 | sparse_loss: 1.03006 | 
2025-07-21 05:10:35,313 [INFO] [Iter 103] LR: 0.02500000
2025-07-21 05:10:35,314 [INFO] Saving best model at iteration 103
2025-07-21 05:10:35,912 [INFO] [104/300] loss 1560.84 | compact 14.4407 | spectral 17.3777 | recons_loss: 0.12749 | sparse_loss: 1.03003 | 
2025-07-21 05:10:35,912 [INFO] [Iter 104] LR: 0.02500000
2025-07-21 05:10:35,913 [INFO] Saving best model at iteration 104
2025-07-21 05:10:36,523 [INFO] [105/300] loss 1560.77 | compact 14.4422 | spectral 17.3774 | recons_loss: 0.127417 | sparse_loss: 1.03001 | 
2025-07-21 05:10:36,523 [INFO] [Iter 105] LR: 0.02500000
2025-07-21 05:10:36,524 [INFO] Saving best model at iteration 105
2025-07-21 05:10:37,125 [INFO] [106/300] loss 1560.7 | compact 14.4436 | spectral 17.3773 | recons_loss: 0.127349 | sparse_loss: 1.02999 | 
2025-07-21 05:10:37,125 [INFO] [Iter 106] LR: 0.02500000
2025-07-21 05:10:37,126 [INFO] Saving best model at iteration 106
2025-07-21 05:10:37,723 [INFO] [107/300] loss 1560.63 | compact 14.445 | spectral 17.3769 | recons_loss: 0.127284 | sparse_loss: 1.02997 | 
2025-07-21 05:10:37,724 [INFO] [Iter 107] LR: 0.02500000
2025-07-21 05:10:37,725 [INFO] Saving best model at iteration 107
2025-07-21 05:10:38,322 [INFO] [108/300] loss 1560.57 | compact 14.446 | spectral 17.3767 | recons_loss: 0.127223 | sparse_loss: 1.02995 | 
2025-07-21 05:10:38,322 [INFO] [Iter 108] LR: 0.01250000
2025-07-21 05:10:38,323 [INFO] Saving best model at iteration 108
2025-07-21 05:10:38,920 [INFO] [109/300] loss 1560.5 | compact 14.4471 | spectral 17.3766 | recons_loss: 0.127165 | sparse_loss: 1.02993 | 
2025-07-21 05:10:38,920 [INFO] [Iter 109] LR: 0.01250000
2025-07-21 05:10:38,921 [INFO] Saving best model at iteration 109
2025-07-21 05:10:39,518 [INFO] [110/300] loss 1560.44 | compact 14.4482 | spectral 17.3763 | recons_loss: 0.12711 | sparse_loss: 1.02991 | 
2025-07-21 05:10:39,519 [INFO] [Iter 110] LR: 0.01250000
2025-07-21 05:10:39,520 [INFO] Saving best model at iteration 110
2025-07-21 05:10:40,118 [INFO] [111/300] loss 1560.38 | compact 14.4492 | spectral 17.3758 | recons_loss: 0.127058 | sparse_loss: 1.0299 | 
2025-07-21 05:10:40,118 [INFO] [Iter 111] LR: 0.01250000
2025-07-21 05:10:40,120 [INFO] Saving best model at iteration 111
2025-07-21 05:10:40,731 [INFO] [112/300] loss 1560.32 | compact 14.4501 | spectral 17.3755 | recons_loss: 0.12701 | sparse_loss: 1.02988 | 
2025-07-21 05:10:40,731 [INFO] [Iter 112] LR: 0.00625000
2025-07-21 05:10:40,732 [INFO] Saving best model at iteration 112
2025-07-21 05:10:41,330 [INFO] [113/300] loss 1560.27 | compact 14.451 | spectral 17.3752 | recons_loss: 0.126964 | sparse_loss: 1.02986 | 
2025-07-21 05:10:41,330 [INFO] [Iter 113] LR: 0.00625000
2025-07-21 05:10:41,331 [INFO] Saving best model at iteration 113
2025-07-21 05:10:41,929 [INFO] [114/300] loss 1560.22 | compact 14.4516 | spectral 17.375 | recons_loss: 0.126922 | sparse_loss: 1.02985 | 
2025-07-21 05:10:41,929 [INFO] [Iter 114] LR: 0.00625000
2025-07-21 05:10:41,930 [INFO] Saving best model at iteration 114
2025-07-21 05:10:42,528 [INFO] [115/300] loss 1560.17 | compact 14.4521 | spectral 17.3742 | recons_loss: 0.126882 | sparse_loss: 1.02983 | 
2025-07-21 05:10:42,528 [INFO] [Iter 115] LR: 0.00625000
2025-07-21 05:10:42,529 [INFO] Saving best model at iteration 115
2025-07-21 05:10:43,126 [INFO] [116/300] loss 1560.13 | compact 14.4526 | spectral 17.3736 | recons_loss: 0.126845 | sparse_loss: 1.02982 | 
2025-07-21 05:10:43,126 [INFO] [Iter 116] LR: 0.00625000
2025-07-21 05:10:43,127 [INFO] Saving best model at iteration 116
2025-07-21 05:10:43,724 [INFO] [117/300] loss 1560.09 | compact 14.4532 | spectral 17.373 | recons_loss: 0.126812 | sparse_loss: 1.02981 | 
2025-07-21 05:10:43,725 [INFO] [Iter 117] LR: 0.00625000
2025-07-21 05:10:43,726 [INFO] Saving best model at iteration 117
2025-07-21 05:10:44,323 [INFO] [118/300] loss 1560.05 | compact 14.4537 | spectral 17.3725 | recons_loss: 0.126781 | sparse_loss: 1.0298 | 
2025-07-21 05:10:44,323 [INFO] [Iter 118] LR: 0.00312500
2025-07-21 05:10:44,324 [INFO] Saving best model at iteration 118
2025-07-21 05:10:44,922 [INFO] [119/300] loss 1560.01 | compact 14.4541 | spectral 17.3719 | recons_loss: 0.126752 | sparse_loss: 1.02978 | 
2025-07-21 05:10:44,922 [INFO] [Iter 119] LR: 0.00312500
2025-07-21 05:10:44,923 [INFO] Saving best model at iteration 119
2025-07-21 05:10:45,520 [INFO] [120/300] loss 1559.97 | compact 14.4546 | spectral 17.3715 | recons_loss: 0.126726 | sparse_loss: 1.02977 | 
2025-07-21 05:10:45,520 [INFO] [Iter 120] LR: 0.00312500
2025-07-21 05:10:45,522 [INFO] Saving best model at iteration 120
2025-07-21 05:10:46,119 [INFO] [121/300] loss 1559.94 | compact 14.455 | spectral 17.3709 | recons_loss: 0.126702 | sparse_loss: 1.02976 | 
2025-07-21 05:10:46,119 [INFO] [Iter 121] LR: 0.00156250
2025-07-21 05:10:46,120 [INFO] Saving best model at iteration 121
2025-07-21 05:10:46,717 [INFO] [122/300] loss 1559.91 | compact 14.4554 | spectral 17.3703 | recons_loss: 0.12668 | sparse_loss: 1.02975 | 
2025-07-21 05:10:46,717 [INFO] [Iter 122] LR: 0.00156250
2025-07-21 05:10:46,718 [INFO] Saving best model at iteration 122
2025-07-21 05:10:47,316 [INFO] [123/300] loss 1559.88 | compact 14.4558 | spectral 17.3699 | recons_loss: 0.12666 | sparse_loss: 1.02974 | 
2025-07-21 05:10:47,316 [INFO] [Iter 123] LR: 0.00156250
2025-07-21 05:10:47,317 [INFO] Saving best model at iteration 123
2025-07-21 05:10:47,918 [INFO] [124/300] loss 1559.86 | compact 14.4561 | spectral 17.3696 | recons_loss: 0.126641 | sparse_loss: 1.02973 | 
2025-07-21 05:10:47,919 [INFO] [Iter 124] LR: 0.00078125
2025-07-21 05:10:47,920 [INFO] Saving best model at iteration 124
2025-07-21 05:10:48,519 [INFO] [125/300] loss 1559.83 | compact 14.4564 | spectral 17.3693 | recons_loss: 0.126625 | sparse_loss: 1.02972 | 
2025-07-21 05:10:48,520 [INFO] [Iter 125] LR: 0.00078125
2025-07-21 05:10:48,521 [INFO] Saving best model at iteration 125
2025-07-21 05:10:49,133 [INFO] [126/300] loss 1559.81 | compact 14.4566 | spectral 17.369 | recons_loss: 0.126609 | sparse_loss: 1.02972 | 
2025-07-21 05:10:49,134 [INFO] [Iter 126] LR: 0.00078125
2025-07-21 05:10:49,135 [INFO] Saving best model at iteration 126
2025-07-21 05:10:49,732 [INFO] [127/300] loss 1559.79 | compact 14.4568 | spectral 17.3688 | recons_loss: 0.126596 | sparse_loss: 1.02971 | 
2025-07-21 05:10:49,733 [INFO] [Iter 127] LR: 0.00039063
2025-07-21 05:10:49,734 [INFO] Saving best model at iteration 127
2025-07-21 05:10:50,331 [INFO] [128/300] loss 1559.78 | compact 14.457 | spectral 17.3686 | recons_loss: 0.126583 | sparse_loss: 1.0297 | 
2025-07-21 05:10:50,332 [INFO] [Iter 128] LR: 0.00039063
2025-07-21 05:10:50,333 [INFO] Saving best model at iteration 128
2025-07-21 05:10:50,930 [INFO] [129/300] loss 1559.76 | compact 14.4572 | spectral 17.3684 | recons_loss: 0.126572 | sparse_loss: 1.0297 | 
2025-07-21 05:10:50,930 [INFO] [Iter 129] LR: 0.00039063
2025-07-21 05:10:50,931 [INFO] Saving best model at iteration 129
2025-07-21 05:10:51,529 [INFO] [130/300] loss 1559.74 | compact 14.4573 | spectral 17.3682 | recons_loss: 0.126562 | sparse_loss: 1.02969 | 
2025-07-21 05:10:51,529 [INFO] [Iter 130] LR: 0.00019531
2025-07-21 05:10:51,531 [INFO] Saving best model at iteration 130
2025-07-21 05:10:52,129 [INFO] [131/300] loss 1559.73 | compact 14.4575 | spectral 17.368 | recons_loss: 0.126552 | sparse_loss: 1.02969 | 
2025-07-21 05:10:52,129 [INFO] [Iter 131] LR: 0.00019531
2025-07-21 05:10:52,131 [INFO] Saving best model at iteration 131
2025-07-21 05:10:52,729 [INFO] [132/300] loss 1559.72 | compact 14.4576 | spectral 17.3679 | recons_loss: 0.126544 | sparse_loss: 1.02968 | 
2025-07-21 05:10:52,730 [INFO] [Iter 132] LR: 0.00019531
2025-07-21 05:10:52,732 [INFO] Saving best model at iteration 132
2025-07-21 05:10:53,335 [INFO] [133/300] loss 1559.71 | compact 14.4577 | spectral 17.3678 | recons_loss: 0.126536 | sparse_loss: 1.02968 | 
2025-07-21 05:10:53,335 [INFO] [Iter 133] LR: 0.00009766
2025-07-21 05:10:53,336 [INFO] Saving best model at iteration 133
2025-07-21 05:10:53,939 [INFO] [134/300] loss 1559.7 | compact 14.4578 | spectral 17.3677 | recons_loss: 0.126529 | sparse_loss: 1.02968 | 
2025-07-21 05:10:53,939 [INFO] [Iter 134] LR: 0.00009766
2025-07-21 05:10:53,940 [INFO] Saving best model at iteration 134
2025-07-21 05:10:54,536 [INFO] [135/300] loss 1559.69 | compact 14.4579 | spectral 17.3675 | recons_loss: 0.126523 | sparse_loss: 1.02967 | 
2025-07-21 05:10:54,537 [INFO] [Iter 135] LR: 0.00009766
2025-07-21 05:10:54,538 [INFO] Saving best model at iteration 135
2025-07-21 05:10:55,135 [INFO] [136/300] loss 1559.68 | compact 14.458 | spectral 17.3673 | recons_loss: 0.126518 | sparse_loss: 1.02967 | 
2025-07-21 05:10:55,135 [INFO] [Iter 136] LR: 0.00004883
2025-07-21 05:10:55,137 [INFO] Saving best model at iteration 136
2025-07-21 05:10:55,755 [INFO] [137/300] loss 1559.67 | compact 14.4581 | spectral 17.3671 | recons_loss: 0.126513 | sparse_loss: 1.02967 | 
2025-07-21 05:10:55,756 [INFO] [Iter 137] LR: 0.00004883
2025-07-21 05:10:55,757 [INFO] Saving best model at iteration 137
2025-07-21 05:10:56,359 [INFO] [138/300] loss 1559.67 | compact 14.4582 | spectral 17.367 | recons_loss: 0.126508 | sparse_loss: 1.02967 | 
2025-07-21 05:10:56,360 [INFO] [Iter 138] LR: 0.00004883
2025-07-21 05:10:56,361 [INFO] Saving best model at iteration 138
2025-07-21 05:10:56,974 [INFO] [139/300] loss 1559.66 | compact 14.4583 | spectral 17.3669 | recons_loss: 0.126504 | sparse_loss: 1.02966 | 
2025-07-21 05:10:56,974 [INFO] [Iter 139] LR: 0.00002441
2025-07-21 05:10:56,975 [INFO] Saving best model at iteration 139
2025-07-21 05:10:57,572 [INFO] [140/300] loss 1559.66 | compact 14.4583 | spectral 17.3668 | recons_loss: 0.1265 | sparse_loss: 1.02966 | 
2025-07-21 05:10:57,573 [INFO] [Iter 140] LR: 0.00002441
2025-07-21 05:10:57,574 [INFO] Saving best model at iteration 140
2025-07-21 05:10:58,171 [INFO] [141/300] loss 1559.65 | compact 14.4584 | spectral 17.3667 | recons_loss: 0.126497 | sparse_loss: 1.02966 | 
2025-07-21 05:10:58,171 [INFO] [Iter 141] LR: 0.00002441
2025-07-21 05:10:58,172 [INFO] Saving best model at iteration 141
2025-07-21 05:10:58,769 [INFO] [142/300] loss 1559.65 | compact 14.4584 | spectral 17.3666 | recons_loss: 0.126494 | sparse_loss: 1.02966 | 
2025-07-21 05:10:58,770 [INFO] [Iter 142] LR: 0.00001221
2025-07-21 05:10:58,771 [INFO] Saving best model at iteration 142
2025-07-21 05:10:59,368 [INFO] [143/300] loss 1559.64 | compact 14.4585 | spectral 17.3665 | recons_loss: 0.126491 | sparse_loss: 1.02966 | 
2025-07-21 05:10:59,368 [INFO] [Iter 143] LR: 0.00001221
2025-07-21 05:10:59,369 [INFO] Saving best model at iteration 143
2025-07-21 05:10:59,966 [INFO] [144/300] loss 1559.64 | compact 14.4585 | spectral 17.3664 | recons_loss: 0.126489 | sparse_loss: 1.02966 | 
2025-07-21 05:10:59,967 [INFO] [Iter 144] LR: 0.00001221
2025-07-21 05:10:59,968 [INFO] Saving best model at iteration 144
2025-07-21 05:11:00,565 [INFO] [145/300] loss 1559.63 | compact 14.4586 | spectral 17.3663 | recons_loss: 0.126487 | sparse_loss: 1.02966 | 
2025-07-21 05:11:00,565 [INFO] [Iter 145] LR: 0.00000610
2025-07-21 05:11:00,566 [INFO] Saving best model at iteration 145
2025-07-21 05:11:01,186 [INFO] [146/300] loss 1559.63 | compact 14.4586 | spectral 17.3663 | recons_loss: 0.126485 | sparse_loss: 1.02965 | 
2025-07-21 05:11:01,187 [INFO] [Iter 146] LR: 0.00000610
2025-07-21 05:11:01,189 [INFO] Saving best model at iteration 146
2025-07-21 05:11:01,800 [INFO] [147/300] loss 1559.63 | compact 14.4586 | spectral 17.3662 | recons_loss: 0.126483 | sparse_loss: 1.02965 | 
2025-07-21 05:11:01,800 [INFO] [Iter 147] LR: 0.00000610
2025-07-21 05:11:01,801 [INFO] Saving best model at iteration 147
2025-07-21 05:11:02,403 [INFO] [148/300] loss 1559.63 | compact 14.4587 | spectral 17.3662 | recons_loss: 0.126482 | sparse_loss: 1.02965 | 
2025-07-21 05:11:02,403 [INFO] [Iter 148] LR: 0.00000305
2025-07-21 05:11:02,405 [INFO] Saving best model at iteration 148
2025-07-21 05:11:03,016 [INFO] [149/300] loss 1559.62 | compact 14.4587 | spectral 17.3661 | recons_loss: 0.12648 | sparse_loss: 1.02965 | 
2025-07-21 05:11:03,016 [INFO] [Iter 149] LR: 0.00000305
2025-07-21 05:11:03,017 [INFO] Saving best model at iteration 149
2025-07-21 05:11:03,202 [INFO] H: 600, W: 166
2025-07-21 05:11:03,235 [INFO] [0 1 2 3 4 5]
2025-07-21 05:11:03,331 [INFO] y_target: [1 2 3 4 5 6]
2025-07-21 05:11:03,331 [INFO] y_predict: [0 1 2 3 4 5]
2025-07-21 05:11:03,419 [INFO] Epoch = 150 OA = 0.9012 Kappa = 0.8682 NMI = 0.8301
2025-07-21 05:11:03,895 [INFO] [150/300] loss 1559.62 | compact 14.4587 | spectral 17.3661 | recons_loss: 0.126479 | sparse_loss: 1.02965 | 
2025-07-21 05:11:03,895 [INFO] [Iter 150] LR: 0.00000305
2025-07-21 05:11:03,896 [INFO] Saving best model at iteration 150
2025-07-21 05:11:04,494 [INFO] [151/300] loss 1559.62 | compact 14.4587 | spectral 17.3661 | recons_loss: 0.126478 | sparse_loss: 1.02965 | 
2025-07-21 05:11:04,494 [INFO] [Iter 151] LR: 0.00000153
2025-07-21 05:11:04,496 [INFO] Saving best model at iteration 151
2025-07-21 05:11:05,093 [INFO] [152/300] loss 1559.62 | compact 14.4587 | spectral 17.366 | recons_loss: 0.126477 | sparse_loss: 1.02965 | 
2025-07-21 05:11:05,093 [INFO] [Iter 152] LR: 0.00000153
2025-07-21 05:11:05,094 [INFO] Saving best model at iteration 152
2025-07-21 05:11:05,692 [INFO] [153/300] loss 1559.62 | compact 14.4588 | spectral 17.366 | recons_loss: 0.126476 | sparse_loss: 1.02965 | 
2025-07-21 05:11:05,692 [INFO] [Iter 153] LR: 0.00000153
2025-07-21 05:11:05,693 [INFO] Saving best model at iteration 153
2025-07-21 05:11:06,291 [INFO] [154/300] loss 1559.62 | compact 14.4588 | spectral 17.366 | recons_loss: 0.126475 | sparse_loss: 1.02965 | 
2025-07-21 05:11:06,291 [INFO] [Iter 154] LR: 0.00000076
2025-07-21 05:11:06,292 [INFO] Saving best model at iteration 154
2025-07-21 05:11:06,907 [INFO] [155/300] loss 1559.62 | compact 14.4588 | spectral 17.3659 | recons_loss: 0.126474 | sparse_loss: 1.02965 | 
2025-07-21 05:11:06,908 [INFO] [Iter 155] LR: 0.00000076
2025-07-21 05:11:06,909 [INFO] Saving best model at iteration 155
2025-07-21 05:11:07,506 [INFO] [156/300] loss 1559.61 | compact 14.4588 | spectral 17.3659 | recons_loss: 0.126473 | sparse_loss: 1.02965 | 
2025-07-21 05:11:07,506 [INFO] [Iter 156] LR: 0.00000076
2025-07-21 05:11:07,509 [INFO] Saving best model at iteration 156
2025-07-21 05:11:08,108 [INFO] [157/300] loss 1559.61 | compact 14.4588 | spectral 17.3659 | recons_loss: 0.126473 | sparse_loss: 1.02965 | 
2025-07-21 05:11:08,109 [INFO] [Iter 157] LR: 0.00000038
2025-07-21 05:11:08,110 [INFO] Saving best model at iteration 157
2025-07-21 05:11:08,706 [INFO] [158/300] loss 1559.61 | compact 14.4588 | spectral 17.3659 | recons_loss: 0.126472 | sparse_loss: 1.02965 | 
2025-07-21 05:11:08,707 [INFO] [Iter 158] LR: 0.00000038
2025-07-21 05:11:08,708 [INFO] Saving best model at iteration 158
2025-07-21 05:11:09,305 [INFO] [159/300] loss 1559.61 | compact 14.4588 | spectral 17.3659 | recons_loss: 0.126472 | sparse_loss: 1.02965 | 
2025-07-21 05:11:09,305 [INFO] [Iter 159] LR: 0.00000038
2025-07-21 05:11:09,306 [INFO] Saving best model at iteration 159
2025-07-21 05:11:09,903 [INFO] [160/300] loss 1559.61 | compact 14.4588 | spectral 17.3659 | recons_loss: 0.126471 | sparse_loss: 1.02965 | 
2025-07-21 05:11:09,904 [INFO] [Iter 160] LR: 0.00000019
2025-07-21 05:11:09,905 [INFO] Saving best model at iteration 160
2025-07-21 05:11:10,502 [INFO] [161/300] loss 1559.61 | compact 14.4588 | spectral 17.3658 | recons_loss: 0.126471 | sparse_loss: 1.02965 | 
2025-07-21 05:11:10,502 [INFO] [Iter 161] LR: 0.00000019
2025-07-21 05:11:10,503 [INFO] Saving best model at iteration 161
2025-07-21 05:11:11,100 [INFO] [162/300] loss 1559.61 | compact 14.4589 | spectral 17.3658 | recons_loss: 0.126471 | sparse_loss: 1.02965 | 
2025-07-21 05:11:11,100 [INFO] [Iter 162] LR: 0.00000019
2025-07-21 05:11:11,102 [INFO] Saving best model at iteration 162
2025-07-21 05:11:11,699 [INFO] [163/300] loss 1559.61 | compact 14.4589 | spectral 17.3658 | recons_loss: 0.12647 | sparse_loss: 1.02965 | 
2025-07-21 05:11:11,699 [INFO] [Iter 163] LR: 0.00000010
2025-07-21 05:11:11,700 [INFO] Saving best model at iteration 163
2025-07-21 05:11:12,297 [INFO] [164/300] loss 1559.61 | compact 14.4589 | spectral 17.3658 | recons_loss: 0.12647 | sparse_loss: 1.02965 | 
2025-07-21 05:11:12,298 [INFO] [Iter 164] LR: 0.00000010
2025-07-21 05:11:12,299 [INFO] Saving best model at iteration 164
2025-07-21 05:11:12,895 [INFO] [165/300] loss 1559.61 | compact 14.4589 | spectral 17.3658 | recons_loss: 0.12647 | sparse_loss: 1.02965 | 
2025-07-21 05:11:12,896 [INFO] [Iter 165] LR: 0.00000010
2025-07-21 05:11:12,897 [INFO] Saving best model at iteration 165
2025-07-21 05:11:13,494 [INFO] [166/300] loss 1559.61 | compact 14.4589 | spectral 17.3658 | recons_loss: 0.126469 | sparse_loss: 1.02965 | 
2025-07-21 05:11:13,494 [INFO] [Iter 166] LR: 0.00000005
2025-07-21 05:11:13,495 [INFO] Saving best model at iteration 166
2025-07-21 05:11:14,093 [INFO] [167/300] loss 1559.61 | compact 14.4589 | spectral 17.3658 | recons_loss: 0.126469 | sparse_loss: 1.02965 | 
2025-07-21 05:11:14,093 [INFO] [Iter 167] LR: 0.00000005
2025-07-21 05:11:14,094 [INFO] Saving best model at iteration 167
2025-07-21 05:11:14,700 [INFO] [168/300] loss 1559.61 | compact 14.4589 | spectral 17.3658 | recons_loss: 0.126469 | sparse_loss: 1.02965 | 
2025-07-21 05:11:14,701 [INFO] [Iter 168] LR: 0.00000005
2025-07-21 05:11:14,702 [INFO] Saving best model at iteration 168
2025-07-21 05:11:15,300 [INFO] [169/300] loss 1559.61 | compact 14.4589 | spectral 17.3658 | recons_loss: 0.126469 | sparse_loss: 1.02965 | 
2025-07-21 05:11:15,300 [INFO] [Iter 169] LR: 0.00000002
2025-07-21 05:11:15,301 [INFO] Saving best model at iteration 169
2025-07-21 05:11:15,899 [INFO] [170/300] loss 1559.61 | compact 14.4589 | spectral 17.3658 | recons_loss: 0.126469 | sparse_loss: 1.02965 | 
2025-07-21 05:11:15,900 [INFO] [Iter 170] LR: 0.00000002
2025-07-21 05:11:15,902 [INFO] Saving best model at iteration 170
2025-07-21 05:11:16,500 [INFO] [171/300] loss 1559.61 | compact 14.4589 | spectral 17.3658 | recons_loss: 0.126469 | sparse_loss: 1.02965 | 
2025-07-21 05:11:16,500 [INFO] [Iter 171] LR: 0.00000002
2025-07-21 05:11:16,502 [INFO] Saving best model at iteration 171
2025-07-21 05:11:17,099 [INFO] [172/300] loss 1559.61 | compact 14.4589 | spectral 17.3658 | recons_loss: 0.126468 | sparse_loss: 1.02965 | 
2025-07-21 05:11:17,099 [INFO] [Iter 172] LR: 0.00000001
2025-07-21 05:11:17,100 [INFO] Saving best model at iteration 172
2025-07-21 05:11:17,699 [INFO] [173/300] loss 1559.61 | compact 14.4589 | spectral 17.3658 | recons_loss: 0.126468 | sparse_loss: 1.02965 | 
2025-07-21 05:11:17,699 [INFO] [Iter 173] LR: 0.00000001
2025-07-21 05:11:17,700 [INFO] Saving best model at iteration 173
2025-07-21 05:11:18,298 [INFO] [174/300] loss 1559.61 | compact 14.4589 | spectral 17.3658 | recons_loss: 0.126468 | sparse_loss: 1.02965 | 
2025-07-21 05:11:18,298 [INFO] [Iter 174] LR: 0.00000001
2025-07-21 05:11:18,299 [INFO] Saving best model at iteration 174
2025-07-21 05:11:18,897 [INFO] [175/300] loss 1559.61 | compact 14.4589 | spectral 17.3658 | recons_loss: 0.126468 | sparse_loss: 1.02965 | 
2025-07-21 05:11:18,898 [INFO] [Iter 175] LR: 0.00000001
2025-07-21 05:11:18,900 [INFO] Saving best model at iteration 175
2025-07-21 05:11:19,503 [INFO] [176/300] loss 1559.61 | compact 14.4589 | spectral 17.3658 | recons_loss: 0.126468 | sparse_loss: 1.02965 | 
2025-07-21 05:11:19,503 [INFO] [Iter 176] LR: 0.00000001
2025-07-21 05:11:19,504 [INFO] Saving best model at iteration 176
2025-07-21 05:11:20,102 [INFO] [177/300] loss 1559.61 | compact 14.4589 | spectral 17.3658 | recons_loss: 0.126468 | sparse_loss: 1.02965 | 
2025-07-21 05:11:20,102 [INFO] [Iter 177] LR: 0.00000001
2025-07-21 05:11:20,103 [INFO] Saving best model at iteration 177
2025-07-21 05:11:20,701 [INFO] [178/300] loss 1559.61 | compact 14.4589 | spectral 17.3658 | recons_loss: 0.126468 | sparse_loss: 1.02965 | 
2025-07-21 05:11:20,702 [INFO] [Iter 178] LR: 0.00000001
2025-07-21 05:11:20,704 [INFO] Saving best model at iteration 178
2025-07-21 05:11:21,314 [INFO] [179/300] loss 1559.61 | compact 14.4589 | spectral 17.3658 | recons_loss: 0.126468 | sparse_loss: 1.02965 | 
2025-07-21 05:11:21,314 [INFO] [Iter 179] LR: 0.00000001
2025-07-21 05:11:21,315 [INFO] No improvement: current loss 1559.605934, best loss 1559.606026
2025-07-21 05:11:21,914 [INFO] [180/300] loss 1559.61 | compact 14.4589 | spectral 17.3658 | recons_loss: 0.126468 | sparse_loss: 1.02965 | 
2025-07-21 05:11:21,914 [INFO] [Iter 180] LR: 0.00000001
2025-07-21 05:11:21,915 [INFO] Saving best model at iteration 180
2025-07-21 05:11:22,529 [INFO] [181/300] loss 1559.61 | compact 14.4589 | spectral 17.3658 | recons_loss: 0.126468 | sparse_loss: 1.02965 | 
2025-07-21 05:11:22,529 [INFO] [Iter 181] LR: 0.00000001
2025-07-21 05:11:22,530 [INFO] No improvement: current loss 1559.605776, best loss 1559.605851
2025-07-21 05:11:23,131 [INFO] [182/300] loss 1559.61 | compact 14.4589 | spectral 17.3658 | recons_loss: 0.126468 | sparse_loss: 1.02965 | 
2025-07-21 05:11:23,131 [INFO] [Iter 182] LR: 0.00000001
2025-07-21 05:11:23,132 [INFO] Saving best model at iteration 182
2025-07-21 05:11:23,739 [INFO] [183/300] loss 1559.61 | compact 14.4589 | spectral 17.3657 | recons_loss: 0.126468 | sparse_loss: 1.02965 | 
2025-07-21 05:11:23,740 [INFO] [Iter 183] LR: 0.00000001
2025-07-21 05:11:23,741 [INFO] No improvement: current loss 1559.605648, best loss 1559.605709
2025-07-21 05:11:24,338 [INFO] [184/300] loss 1559.61 | compact 14.4589 | spectral 17.3657 | recons_loss: 0.126468 | sparse_loss: 1.02965 | 
2025-07-21 05:11:24,338 [INFO] [Iter 184] LR: 0.00000001
2025-07-21 05:11:24,339 [INFO] Saving best model at iteration 184
2025-07-21 05:11:24,936 [INFO] [185/300] loss 1559.61 | compact 14.4589 | spectral 17.3657 | recons_loss: 0.126468 | sparse_loss: 1.02965 | 
2025-07-21 05:11:24,937 [INFO] [Iter 185] LR: 0.00000001
2025-07-21 05:11:24,938 [INFO] No improvement: current loss 1559.605544, best loss 1559.605593
2025-07-21 05:11:25,536 [INFO] [186/300] loss 1559.61 | compact 14.4589 | spectral 17.3657 | recons_loss: 0.126467 | sparse_loss: 1.02965 | 
2025-07-21 05:11:25,536 [INFO] [Iter 186] LR: 0.00000001
2025-07-21 05:11:25,537 [INFO] No improvement: current loss 1559.605500, best loss 1559.605593
2025-07-21 05:11:26,134 [INFO] [187/300] loss 1559.61 | compact 14.4589 | spectral 17.3657 | recons_loss: 0.126467 | sparse_loss: 1.02965 | 
2025-07-21 05:11:26,135 [INFO] [Iter 187] LR: 0.00000001
2025-07-21 05:11:26,136 [INFO] Saving best model at iteration 187
2025-07-21 05:11:26,733 [INFO] [188/300] loss 1559.61 | compact 14.4589 | spectral 17.3657 | recons_loss: 0.126467 | sparse_loss: 1.02965 | 
2025-07-21 05:11:26,733 [INFO] [Iter 188] LR: 0.00000001
2025-07-21 05:11:26,734 [INFO] No improvement: current loss 1559.605425, best loss 1559.605460
2025-07-21 05:11:27,333 [INFO] [189/300] loss 1559.61 | compact 14.4589 | spectral 17.3657 | recons_loss: 0.126467 | sparse_loss: 1.02965 | 
2025-07-21 05:11:27,333 [INFO] [Iter 189] LR: 0.00000001
2025-07-21 05:11:27,334 [INFO] No improvement: current loss 1559.605392, best loss 1559.605460
2025-07-21 05:11:27,931 [INFO] [190/300] loss 1559.61 | compact 14.4589 | spectral 17.3657 | recons_loss: 0.126467 | sparse_loss: 1.02965 | 
2025-07-21 05:11:27,931 [INFO] [Iter 190] LR: 0.00000001
2025-07-21 05:11:27,932 [INFO] No improvement: current loss 1559.605363, best loss 1559.605460
2025-07-21 05:11:28,529 [INFO] [191/300] loss 1559.61 | compact 14.4589 | spectral 17.3657 | recons_loss: 0.126467 | sparse_loss: 1.02965 | 
2025-07-21 05:11:28,530 [INFO] [Iter 191] LR: 0.00000001
2025-07-21 05:11:28,531 [INFO] Saving best model at iteration 191
2025-07-21 05:11:29,128 [INFO] [192/300] loss 1559.61 | compact 14.4589 | spectral 17.3657 | recons_loss: 0.126467 | sparse_loss: 1.02965 | 
2025-07-21 05:11:29,129 [INFO] [Iter 192] LR: 0.00000001
2025-07-21 05:11:29,130 [INFO] No improvement: current loss 1559.605314, best loss 1559.605337
2025-07-21 05:11:29,733 [INFO] [193/300] loss 1559.61 | compact 14.4589 | spectral 17.3657 | recons_loss: 0.126467 | sparse_loss: 1.02965 | 
2025-07-21 05:11:29,734 [INFO] [Iter 193] LR: 0.00000001
2025-07-21 05:11:29,735 [INFO] No improvement: current loss 1559.605293, best loss 1559.605337
2025-07-21 05:11:30,344 [INFO] [194/300] loss 1559.61 | compact 14.4589 | spectral 17.3657 | recons_loss: 0.126467 | sparse_loss: 1.02964 | 
2025-07-21 05:11:30,344 [INFO] [Iter 194] LR: 0.00000001
2025-07-21 05:11:30,345 [INFO] No improvement: current loss 1559.605274, best loss 1559.605337
2025-07-21 05:11:30,947 [INFO] [195/300] loss 1559.61 | compact 14.4589 | spectral 17.3657 | recons_loss: 0.126467 | sparse_loss: 1.02964 | 
2025-07-21 05:11:30,947 [INFO] [Iter 195] LR: 0.00000001
2025-07-21 05:11:30,948 [INFO] No improvement: current loss 1559.605257, best loss 1559.605337
2025-07-21 05:11:31,546 [INFO] [196/300] loss 1559.61 | compact 14.4589 | spectral 17.3657 | recons_loss: 0.126467 | sparse_loss: 1.02964 | 
2025-07-21 05:11:31,546 [INFO] [Iter 196] LR: 0.00000001
2025-07-21 05:11:31,547 [INFO] No improvement: current loss 1559.605241, best loss 1559.605337
2025-07-21 05:11:32,144 [INFO] [197/300] loss 1559.61 | compact 14.4589 | spectral 17.3657 | recons_loss: 0.126467 | sparse_loss: 1.02964 | 
2025-07-21 05:11:32,145 [INFO] [Iter 197] LR: 0.00000001
2025-07-21 05:11:32,146 [INFO] Saving best model at iteration 197
2025-07-21 05:11:32,743 [INFO] [198/300] loss 1559.61 | compact 14.4589 | spectral 17.3657 | recons_loss: 0.126467 | sparse_loss: 1.02964 | 
2025-07-21 05:11:32,743 [INFO] [Iter 198] LR: 0.00000001
2025-07-21 05:11:32,744 [INFO] No improvement: current loss 1559.605215, best loss 1559.605227
2025-07-21 05:11:33,342 [INFO] [199/300] loss 1559.61 | compact 14.4589 | spectral 17.3657 | recons_loss: 0.126467 | sparse_loss: 1.02964 | 
2025-07-21 05:11:33,342 [INFO] [Iter 199] LR: 0.00000001
2025-07-21 05:11:33,343 [INFO] No improvement: current loss 1559.605204, best loss 1559.605227
2025-07-21 05:11:33,522 [INFO] H: 600, W: 166
2025-07-21 05:11:33,713 [INFO] [0 1 2 3 4 5]
2025-07-21 05:11:33,809 [INFO] y_target: [1 2 3 4 5 6]
2025-07-21 05:11:33,809 [INFO] y_predict: [0 1 2 3 4 5]
2025-07-21 05:11:33,896 [INFO] Epoch = 200 OA = 0.9012 Kappa = 0.8682 NMI = 0.8301
2025-07-21 05:11:34,373 [INFO] [200/300] loss 1559.61 | compact 14.4589 | spectral 17.3657 | recons_loss: 0.126467 | sparse_loss: 1.02964 | 
2025-07-21 05:11:34,373 [INFO] [Iter 200] LR: 0.00000001
2025-07-21 05:11:34,375 [INFO] No improvement: current loss 1559.605194, best loss 1559.605227
2025-07-21 05:11:34,972 [INFO] [201/300] loss 1559.61 | compact 14.4589 | spectral 17.3657 | recons_loss: 0.126467 | sparse_loss: 1.02964 | 
2025-07-21 05:11:34,972 [INFO] [Iter 201] LR: 0.00000001
2025-07-21 05:11:34,974 [INFO] No improvement: current loss 1559.605184, best loss 1559.605227
2025-07-21 05:11:35,571 [INFO] [202/300] loss 1559.61 | compact 14.4589 | spectral 17.3657 | recons_loss: 0.126467 | sparse_loss: 1.02964 | 
2025-07-21 05:11:35,571 [INFO] [Iter 202] LR: 0.00000001
2025-07-21 05:11:35,572 [INFO] No improvement: current loss 1559.605176, best loss 1559.605227
2025-07-21 05:11:36,170 [INFO] [203/300] loss 1559.61 | compact 14.4589 | spectral 17.3657 | recons_loss: 0.126467 | sparse_loss: 1.02964 | 
2025-07-21 05:11:36,170 [INFO] [Iter 203] LR: 0.00000001
2025-07-21 05:11:36,171 [INFO] No improvement: current loss 1559.605169, best loss 1559.605227
2025-07-21 05:11:36,769 [INFO] [204/300] loss 1559.61 | compact 14.4589 | spectral 17.3657 | recons_loss: 0.126467 | sparse_loss: 1.02964 | 
2025-07-21 05:11:36,769 [INFO] [Iter 204] LR: 0.00000001
2025-07-21 05:11:36,770 [INFO] No improvement: current loss 1559.605162, best loss 1559.605227
2025-07-21 05:11:37,368 [INFO] [205/300] loss 1559.61 | compact 14.4589 | spectral 17.3657 | recons_loss: 0.126467 | sparse_loss: 1.02964 | 
2025-07-21 05:11:37,369 [INFO] [Iter 205] LR: 0.00000001
2025-07-21 05:11:37,371 [INFO] No improvement: current loss 1559.605156, best loss 1559.605227
2025-07-21 05:11:37,979 [INFO] [206/300] loss 1559.61 | compact 14.4589 | spectral 17.3657 | recons_loss: 0.126467 | sparse_loss: 1.02964 | 
2025-07-21 05:11:37,979 [INFO] [Iter 206] LR: 0.00000001
2025-07-21 05:11:37,980 [INFO] No improvement: current loss 1559.605151, best loss 1559.605227
2025-07-21 05:11:38,579 [INFO] [207/300] loss 1559.61 | compact 14.4589 | spectral 17.3657 | recons_loss: 0.126467 | sparse_loss: 1.02964 | 
2025-07-21 05:11:38,579 [INFO] [Iter 207] LR: 0.00000001
2025-07-21 05:11:38,580 [INFO] No improvement: current loss 1559.605146, best loss 1559.605227
2025-07-21 05:11:39,183 [INFO] [208/300] loss 1559.61 | compact 14.4589 | spectral 17.3657 | recons_loss: 0.126467 | sparse_loss: 1.02964 | 
2025-07-21 05:11:39,183 [INFO] [Iter 208] LR: 0.00000001
2025-07-21 05:11:39,184 [INFO] No improvement: current loss 1559.605142, best loss 1559.605227
2025-07-21 05:11:39,783 [INFO] [209/300] loss 1559.61 | compact 14.4589 | spectral 17.3657 | recons_loss: 0.126467 | sparse_loss: 1.02964 | 
2025-07-21 05:11:39,783 [INFO] [Iter 209] LR: 0.00000001
2025-07-21 05:11:39,785 [INFO] No improvement: current loss 1559.605138, best loss 1559.605227
2025-07-21 05:11:40,396 [INFO] [210/300] loss 1559.61 | compact 14.4589 | spectral 17.3657 | recons_loss: 0.126467 | sparse_loss: 1.02964 | 
2025-07-21 05:11:40,396 [INFO] [Iter 210] LR: 0.00000001
2025-07-21 05:11:40,397 [INFO] No improvement: current loss 1559.605134, best loss 1559.605227
2025-07-21 05:11:40,995 [INFO] [211/300] loss 1559.61 | compact 14.4589 | spectral 17.3657 | recons_loss: 0.126467 | sparse_loss: 1.02964 | 
2025-07-21 05:11:40,995 [INFO] [Iter 211] LR: 0.00000001
2025-07-21 05:11:40,996 [INFO] No improvement: current loss 1559.605131, best loss 1559.605227
2025-07-21 05:11:41,594 [INFO] [212/300] loss 1559.61 | compact 14.4589 | spectral 17.3657 | recons_loss: 0.126467 | sparse_loss: 1.02964 | 
2025-07-21 05:11:41,594 [INFO] [Iter 212] LR: 0.00000001
2025-07-21 05:11:41,595 [INFO] No improvement: current loss 1559.605128, best loss 1559.605227
2025-07-21 05:11:42,192 [INFO] [213/300] loss 1559.61 | compact 14.4589 | spectral 17.3657 | recons_loss: 0.126467 | sparse_loss: 1.02964 | 
2025-07-21 05:11:42,193 [INFO] [Iter 213] LR: 0.00000001
2025-07-21 05:11:42,194 [INFO] Saving best model at iteration 213
2025-07-21 05:11:42,791 [INFO] [214/300] loss 1559.61 | compact 14.4589 | spectral 17.3657 | recons_loss: 0.126467 | sparse_loss: 1.02964 | 
2025-07-21 05:11:42,791 [INFO] [Iter 214] LR: 0.00000001
2025-07-21 05:11:42,792 [INFO] No improvement: current loss 1559.605123, best loss 1559.605126
2025-07-21 05:11:43,389 [INFO] [215/300] loss 1559.61 | compact 14.4589 | spectral 17.3657 | recons_loss: 0.126467 | sparse_loss: 1.02964 | 
2025-07-21 05:11:43,390 [INFO] [Iter 215] LR: 0.00000001
2025-07-21 05:11:43,391 [INFO] No improvement: current loss 1559.605121, best loss 1559.605126
2025-07-21 05:11:43,988 [INFO] [216/300] loss 1559.61 | compact 14.4589 | spectral 17.3657 | recons_loss: 0.126467 | sparse_loss: 1.02964 | 
2025-07-21 05:11:43,988 [INFO] [Iter 216] LR: 0.00000001
2025-07-21 05:11:43,989 [INFO] No improvement: current loss 1559.605119, best loss 1559.605126
2025-07-21 05:11:44,586 [INFO] [217/300] loss 1559.61 | compact 14.4589 | spectral 17.3657 | recons_loss: 0.126467 | sparse_loss: 1.02964 | 
2025-07-21 05:11:44,587 [INFO] [Iter 217] LR: 0.00000001
2025-07-21 05:11:44,588 [INFO] No improvement: current loss 1559.605118, best loss 1559.605126
2025-07-21 05:11:45,185 [INFO] [218/300] loss 1559.61 | compact 14.4589 | spectral 17.3657 | recons_loss: 0.126467 | sparse_loss: 1.02964 | 
2025-07-21 05:11:45,185 [INFO] [Iter 218] LR: 0.00000001
2025-07-21 05:11:45,187 [INFO] No improvement: current loss 1559.605116, best loss 1559.605126
2025-07-21 05:11:45,784 [INFO] [219/300] loss 1559.61 | compact 14.4589 | spectral 17.3657 | recons_loss: 0.126467 | sparse_loss: 1.02964 | 
2025-07-21 05:11:45,784 [INFO] [Iter 219] LR: 0.00000001
2025-07-21 05:11:45,786 [INFO] No improvement: current loss 1559.605115, best loss 1559.605126
2025-07-21 05:11:46,383 [INFO] [220/300] loss 1559.61 | compact 14.4589 | spectral 17.3657 | recons_loss: 0.126467 | sparse_loss: 1.02964 | 
2025-07-21 05:11:46,383 [INFO] [Iter 220] LR: 0.00000001
2025-07-21 05:11:46,384 [INFO] No improvement: current loss 1559.605114, best loss 1559.605126
2025-07-21 05:11:46,987 [INFO] [221/300] loss 1559.61 | compact 14.4589 | spectral 17.3657 | recons_loss: 0.126467 | sparse_loss: 1.02964 | 
2025-07-21 05:11:46,987 [INFO] [Iter 221] LR: 0.00000001
2025-07-21 05:11:46,989 [INFO] No improvement: current loss 1559.605112, best loss 1559.605126
2025-07-21 05:11:47,599 [INFO] [222/300] loss 1559.61 | compact 14.4589 | spectral 17.3657 | recons_loss: 0.126467 | sparse_loss: 1.02964 | 
2025-07-21 05:11:47,599 [INFO] [Iter 222] LR: 0.00000001
2025-07-21 05:11:47,600 [INFO] No improvement: current loss 1559.605111, best loss 1559.605126
2025-07-21 05:11:48,197 [INFO] [223/300] loss 1559.61 | compact 14.4589 | spectral 17.3657 | recons_loss: 0.126467 | sparse_loss: 1.02964 | 
2025-07-21 05:11:48,197 [INFO] [Iter 223] LR: 0.00000001
2025-07-21 05:11:48,198 [INFO] No improvement: current loss 1559.605111, best loss 1559.605126
2025-07-21 05:11:48,803 [INFO] [224/300] loss 1559.61 | compact 14.4589 | spectral 17.3657 | recons_loss: 0.126467 | sparse_loss: 1.02964 | 
2025-07-21 05:11:48,804 [INFO] [Iter 224] LR: 0.00000001
2025-07-21 05:11:48,805 [INFO] No improvement: current loss 1559.605110, best loss 1559.605126
2025-07-21 05:11:49,402 [INFO] [225/300] loss 1559.61 | compact 14.4589 | spectral 17.3657 | recons_loss: 0.126467 | sparse_loss: 1.02964 | 
2025-07-21 05:11:49,402 [INFO] [Iter 225] LR: 0.00000001
2025-07-21 05:11:49,403 [INFO] No improvement: current loss 1559.605109, best loss 1559.605126
2025-07-21 05:11:50,001 [INFO] [226/300] loss 1559.61 | compact 14.4589 | spectral 17.3657 | recons_loss: 0.126467 | sparse_loss: 1.02964 | 
2025-07-21 05:11:50,002 [INFO] [Iter 226] LR: 0.00000001
2025-07-21 05:11:50,003 [INFO] No improvement: current loss 1559.605108, best loss 1559.605126
2025-07-21 05:11:50,601 [INFO] [227/300] loss 1559.61 | compact 14.4589 | spectral 17.3657 | recons_loss: 0.126467 | sparse_loss: 1.02964 | 
2025-07-21 05:11:50,602 [INFO] [Iter 227] LR: 0.00000001
2025-07-21 05:11:50,604 [INFO] No improvement: current loss 1559.605108, best loss 1559.605126
2025-07-21 05:11:51,200 [INFO] [228/300] loss 1559.61 | compact 14.4589 | spectral 17.3657 | recons_loss: 0.126467 | sparse_loss: 1.02964 | 
2025-07-21 05:11:51,201 [INFO] [Iter 228] LR: 0.00000001
2025-07-21 05:11:51,202 [INFO] No improvement: current loss 1559.605107, best loss 1559.605126
2025-07-21 05:11:51,799 [INFO] [229/300] loss 1559.61 | compact 14.4589 | spectral 17.3657 | recons_loss: 0.126467 | sparse_loss: 1.02964 | 
2025-07-21 05:11:51,799 [INFO] [Iter 229] LR: 0.00000001
2025-07-21 05:11:51,800 [INFO] No improvement: current loss 1559.605107, best loss 1559.605126
2025-07-21 05:11:52,397 [INFO] [230/300] loss 1559.61 | compact 14.4589 | spectral 17.3657 | recons_loss: 0.126467 | sparse_loss: 1.02964 | 
2025-07-21 05:11:52,397 [INFO] [Iter 230] LR: 0.00000001
2025-07-21 05:11:52,399 [INFO] No improvement: current loss 1559.605106, best loss 1559.605126
2025-07-21 05:11:52,996 [INFO] [231/300] loss 1559.61 | compact 14.4589 | spectral 17.3657 | recons_loss: 0.126467 | sparse_loss: 1.02964 | 
2025-07-21 05:11:52,996 [INFO] [Iter 231] LR: 0.00000001
2025-07-21 05:11:52,997 [INFO] No improvement: current loss 1559.605106, best loss 1559.605126
2025-07-21 05:11:53,594 [INFO] [232/300] loss 1559.61 | compact 14.4589 | spectral 17.3657 | recons_loss: 0.126467 | sparse_loss: 1.02964 | 
2025-07-21 05:11:53,595 [INFO] [Iter 232] LR: 0.00000001
2025-07-21 05:11:53,596 [INFO] No improvement: current loss 1559.605106, best loss 1559.605126
2025-07-21 05:11:54,194 [INFO] [233/300] loss 1559.61 | compact 14.4589 | spectral 17.3657 | recons_loss: 0.126467 | sparse_loss: 1.02964 | 
2025-07-21 05:11:54,195 [INFO] [Iter 233] LR: 0.00000001
2025-07-21 05:11:54,197 [INFO] No improvement: current loss 1559.605105, best loss 1559.605126
2025-07-21 05:11:54,800 [INFO] [234/300] loss 1559.61 | compact 14.4589 | spectral 17.3657 | recons_loss: 0.126467 | sparse_loss: 1.02964 | 
2025-07-21 05:11:54,800 [INFO] [Iter 234] LR: 0.00000001
2025-07-21 05:11:54,801 [INFO] No improvement: current loss 1559.605105, best loss 1559.605126
2025-07-21 05:11:55,409 [INFO] [235/300] loss 1559.61 | compact 14.4589 | spectral 17.3657 | recons_loss: 0.126467 | sparse_loss: 1.02964 | 
2025-07-21 05:11:55,410 [INFO] [Iter 235] LR: 0.00000001
2025-07-21 05:11:55,411 [INFO] No improvement: current loss 1559.605105, best loss 1559.605126
2025-07-21 05:11:56,009 [INFO] [236/300] loss 1559.61 | compact 14.4589 | spectral 17.3657 | recons_loss: 0.126467 | sparse_loss: 1.02964 | 
2025-07-21 05:11:56,009 [INFO] [Iter 236] LR: 0.00000001
2025-07-21 05:11:56,012 [INFO] No improvement: current loss 1559.605105, best loss 1559.605126
2025-07-21 05:11:56,612 [INFO] [237/300] loss 1559.61 | compact 14.4589 | spectral 17.3657 | recons_loss: 0.126467 | sparse_loss: 1.02964 | 
2025-07-21 05:11:56,612 [INFO] [Iter 237] LR: 0.00000001
2025-07-21 05:11:56,614 [INFO] No improvement: current loss 1559.605104, best loss 1559.605126
2025-07-21 05:11:57,213 [INFO] [238/300] loss 1559.61 | compact 14.4589 | spectral 17.3657 | recons_loss: 0.126467 | sparse_loss: 1.02964 | 
2025-07-21 05:11:57,213 [INFO] [Iter 238] LR: 0.00000001
2025-07-21 05:11:57,214 [INFO] No improvement: current loss 1559.605104, best loss 1559.605126
2025-07-21 05:11:57,811 [INFO] [239/300] loss 1559.61 | compact 14.4589 | spectral 17.3657 | recons_loss: 0.126467 | sparse_loss: 1.02964 | 
2025-07-21 05:11:57,811 [INFO] [Iter 239] LR: 0.00000001
2025-07-21 05:11:57,812 [INFO] No improvement: current loss 1559.605104, best loss 1559.605126
2025-07-21 05:11:58,410 [INFO] [240/300] loss 1559.61 | compact 14.4589 | spectral 17.3657 | recons_loss: 0.126467 | sparse_loss: 1.02964 | 
2025-07-21 05:11:58,410 [INFO] [Iter 240] LR: 0.00000001
2025-07-21 05:11:58,412 [INFO] No improvement: current loss 1559.605104, best loss 1559.605126
2025-07-21 05:11:59,016 [INFO] [241/300] loss 1559.61 | compact 14.4589 | spectral 17.3657 | recons_loss: 0.126467 | sparse_loss: 1.02964 | 
2025-07-21 05:11:59,016 [INFO] [Iter 241] LR: 0.00000001
2025-07-21 05:11:59,017 [INFO] No improvement: current loss 1559.605104, best loss 1559.605126
2025-07-21 05:11:59,615 [INFO] [242/300] loss 1559.61 | compact 14.4589 | spectral 17.3657 | recons_loss: 0.126467 | sparse_loss: 1.02964 | 
2025-07-21 05:11:59,615 [INFO] [Iter 242] LR: 0.00000001
2025-07-21 05:11:59,616 [INFO] No improvement: current loss 1559.605104, best loss 1559.605126
2025-07-21 05:12:00,213 [INFO] [243/300] loss 1559.61 | compact 14.4589 | spectral 17.3657 | recons_loss: 0.126467 | sparse_loss: 1.02964 | 
2025-07-21 05:12:00,214 [INFO] [Iter 243] LR: 0.00000001
2025-07-21 05:12:00,215 [INFO] No improvement: current loss 1559.605104, best loss 1559.605126
2025-07-21 05:12:00,812 [INFO] [244/300] loss 1559.61 | compact 14.4589 | spectral 17.3657 | recons_loss: 0.126467 | sparse_loss: 1.02964 | 
2025-07-21 05:12:00,812 [INFO] [Iter 244] LR: 0.00000001
2025-07-21 05:12:00,813 [INFO] No improvement: current loss 1559.605103, best loss 1559.605126
2025-07-21 05:12:01,410 [INFO] [245/300] loss 1559.61 | compact 14.4589 | spectral 17.3657 | recons_loss: 0.126467 | sparse_loss: 1.02964 | 
2025-07-21 05:12:01,411 [INFO] [Iter 245] LR: 0.00000001
2025-07-21 05:12:01,412 [INFO] No improvement: current loss 1559.605103, best loss 1559.605126
2025-07-21 05:12:02,009 [INFO] [246/300] loss 1559.61 | compact 14.4589 | spectral 17.3657 | recons_loss: 0.126467 | sparse_loss: 1.02964 | 
2025-07-21 05:12:02,010 [INFO] [Iter 246] LR: 0.00000001
2025-07-21 05:12:02,011 [INFO] No improvement: current loss 1559.605103, best loss 1559.605126
2025-07-21 05:12:02,608 [INFO] [247/300] loss 1559.61 | compact 14.4589 | spectral 17.3657 | recons_loss: 0.126467 | sparse_loss: 1.02964 | 
2025-07-21 05:12:02,608 [INFO] [Iter 247] LR: 0.00000001
2025-07-21 05:12:02,610 [INFO] No improvement: current loss 1559.605103, best loss 1559.605126
2025-07-21 05:12:03,221 [INFO] [248/300] loss 1559.61 | compact 14.4589 | spectral 17.3657 | recons_loss: 0.126467 | sparse_loss: 1.02964 | 
2025-07-21 05:12:03,221 [INFO] [Iter 248] LR: 0.00000001
2025-07-21 05:12:03,224 [INFO] No improvement: current loss 1559.605103, best loss 1559.605126
2025-07-21 05:12:03,836 [INFO] [249/300] loss 1559.61 | compact 14.4589 | spectral 17.3657 | recons_loss: 0.126467 | sparse_loss: 1.02964 | 
2025-07-21 05:12:03,836 [INFO] [Iter 249] LR: 0.00000001
2025-07-21 05:12:03,837 [INFO] No improvement: current loss 1559.605103, best loss 1559.605126
2025-07-21 05:12:04,040 [INFO] H: 600, W: 166
2025-07-21 05:12:04,132 [INFO] [0 1 2 3 4 5]
2025-07-21 05:12:04,229 [INFO] y_target: [1 2 3 4 5 6]
2025-07-21 05:12:04,229 [INFO] y_predict: [0 1 2 3 4 5]
2025-07-21 05:12:04,319 [INFO] Epoch = 250 OA = 0.9012 Kappa = 0.8682 NMI = 0.8301
2025-07-21 05:12:04,795 [INFO] [250/300] loss 1559.61 | compact 14.4589 | spectral 17.3657 | recons_loss: 0.126467 | sparse_loss: 1.02964 | 
2025-07-21 05:12:04,795 [INFO] [Iter 250] LR: 0.00000001
2025-07-21 05:12:04,796 [INFO] No improvement: current loss 1559.605103, best loss 1559.605126
2025-07-21 05:12:05,394 [INFO] [251/300] loss 1559.61 | compact 14.4589 | spectral 17.3657 | recons_loss: 0.126467 | sparse_loss: 1.02964 | 
2025-07-21 05:12:05,394 [INFO] [Iter 251] LR: 0.00000001
2025-07-21 05:12:05,395 [INFO] No improvement: current loss 1559.605103, best loss 1559.605126
2025-07-21 05:12:06,005 [INFO] [252/300] loss 1559.61 | compact 14.4589 | spectral 17.3657 | recons_loss: 0.126467 | sparse_loss: 1.02964 | 
2025-07-21 05:12:06,005 [INFO] [Iter 252] LR: 0.00000001
2025-07-21 05:12:06,007 [INFO] No improvement: current loss 1559.605103, best loss 1559.605126
2025-07-21 05:12:06,609 [INFO] [253/300] loss 1559.61 | compact 14.4589 | spectral 17.3657 | recons_loss: 0.126467 | sparse_loss: 1.02964 | 
2025-07-21 05:12:06,610 [INFO] [Iter 253] LR: 0.00000001
2025-07-21 05:12:06,612 [INFO] No improvement: current loss 1559.605103, best loss 1559.605126
2025-07-21 05:12:07,210 [INFO] [254/300] loss 1559.61 | compact 14.4589 | spectral 17.3657 | recons_loss: 0.126467 | sparse_loss: 1.02964 | 
2025-07-21 05:12:07,211 [INFO] [Iter 254] LR: 0.00000001
2025-07-21 05:12:07,212 [INFO] No improvement: current loss 1559.605103, best loss 1559.605126
2025-07-21 05:12:07,808 [INFO] [255/300] loss 1559.61 | compact 14.4589 | spectral 17.3657 | recons_loss: 0.126467 | sparse_loss: 1.02964 | 
2025-07-21 05:12:07,809 [INFO] [Iter 255] LR: 0.00000001
2025-07-21 05:12:07,810 [INFO] No improvement: current loss 1559.605103, best loss 1559.605126
2025-07-21 05:12:08,407 [INFO] [256/300] loss 1559.61 | compact 14.4589 | spectral 17.3657 | recons_loss: 0.126467 | sparse_loss: 1.02964 | 
2025-07-21 05:12:08,407 [INFO] [Iter 256] LR: 0.00000001
2025-07-21 05:12:08,408 [INFO] No improvement: current loss 1559.605103, best loss 1559.605126
2025-07-21 05:12:09,005 [INFO] [257/300] loss 1559.61 | compact 14.4589 | spectral 17.3657 | recons_loss: 0.126467 | sparse_loss: 1.02964 | 
2025-07-21 05:12:09,006 [INFO] [Iter 257] LR: 0.00000001
2025-07-21 05:12:09,007 [INFO] No improvement: current loss 1559.605103, best loss 1559.605126
2025-07-21 05:12:09,604 [INFO] [258/300] loss 1559.61 | compact 14.4589 | spectral 17.3657 | recons_loss: 0.126467 | sparse_loss: 1.02964 | 
2025-07-21 05:12:09,604 [INFO] [Iter 258] LR: 0.00000001
2025-07-21 05:12:09,605 [INFO] No improvement: current loss 1559.605103, best loss 1559.605126
2025-07-21 05:12:10,221 [INFO] [259/300] loss 1559.61 | compact 14.4589 | spectral 17.3657 | recons_loss: 0.126467 | sparse_loss: 1.02964 | 
2025-07-21 05:12:10,221 [INFO] [Iter 259] LR: 0.00000001
2025-07-21 05:12:10,222 [INFO] No improvement: current loss 1559.605103, best loss 1559.605126
2025-07-21 05:12:10,819 [INFO] [260/300] loss 1559.61 | compact 14.4589 | spectral 17.3657 | recons_loss: 0.126467 | sparse_loss: 1.02964 | 
2025-07-21 05:12:10,819 [INFO] [Iter 260] LR: 0.00000001
2025-07-21 05:12:10,820 [INFO] No improvement: current loss 1559.605103, best loss 1559.605126
2025-07-21 05:12:11,426 [INFO] [261/300] loss 1559.61 | compact 14.4589 | spectral 17.3657 | recons_loss: 0.126467 | sparse_loss: 1.02964 | 
2025-07-21 05:12:11,426 [INFO] [Iter 261] LR: 0.00000001
2025-07-21 05:12:11,427 [INFO] No improvement: current loss 1559.605103, best loss 1559.605126
2025-07-21 05:12:12,031 [INFO] [262/300] loss 1559.61 | compact 14.4589 | spectral 17.3657 | recons_loss: 0.126467 | sparse_loss: 1.02964 | 
2025-07-21 05:12:12,032 [INFO] [Iter 262] LR: 0.00000001
2025-07-21 05:12:12,034 [INFO] No improvement: current loss 1559.605103, best loss 1559.605126
2025-07-21 05:12:12,643 [INFO] [263/300] loss 1559.61 | compact 14.4589 | spectral 17.3657 | recons_loss: 0.126467 | sparse_loss: 1.02964 | 
2025-07-21 05:12:12,644 [INFO] [Iter 263] LR: 0.00000001
2025-07-21 05:12:12,645 [INFO] No improvement: current loss 1559.605103, best loss 1559.605126
2025-07-21 05:12:13,241 [INFO] [264/300] loss 1559.61 | compact 14.4589 | spectral 17.3657 | recons_loss: 0.126467 | sparse_loss: 1.02964 | 
2025-07-21 05:12:13,242 [INFO] [Iter 264] LR: 0.00000001
2025-07-21 05:12:13,243 [INFO] No improvement: current loss 1559.605103, best loss 1559.605126
2025-07-21 05:12:13,840 [INFO] [265/300] loss 1559.61 | compact 14.4589 | spectral 17.3657 | recons_loss: 0.126467 | sparse_loss: 1.02964 | 
2025-07-21 05:12:13,841 [INFO] [Iter 265] LR: 0.00000001
2025-07-21 05:12:13,842 [INFO] No improvement: current loss 1559.605103, best loss 1559.605126
2025-07-21 05:12:14,445 [INFO] [266/300] loss 1559.61 | compact 14.4589 | spectral 17.3657 | recons_loss: 0.126467 | sparse_loss: 1.02964 | 
2025-07-21 05:12:14,445 [INFO] [Iter 266] LR: 0.00000001
2025-07-21 05:12:14,447 [INFO] No improvement: current loss 1559.605103, best loss 1559.605126
2025-07-21 05:12:15,044 [INFO] [267/300] loss 1559.61 | compact 14.4589 | spectral 17.3657 | recons_loss: 0.126467 | sparse_loss: 1.02964 | 
2025-07-21 05:12:15,044 [INFO] [Iter 267] LR: 0.00000001
2025-07-21 05:12:15,045 [INFO] No improvement: current loss 1559.605103, best loss 1559.605126
2025-07-21 05:12:15,642 [INFO] [268/300] loss 1559.61 | compact 14.4589 | spectral 17.3657 | recons_loss: 0.126467 | sparse_loss: 1.02964 | 
2025-07-21 05:12:15,642 [INFO] [Iter 268] LR: 0.00000001
2025-07-21 05:12:15,643 [INFO] No improvement: current loss 1559.605103, best loss 1559.605126
2025-07-21 05:12:16,240 [INFO] [269/300] loss 1559.61 | compact 14.4589 | spectral 17.3657 | recons_loss: 0.126467 | sparse_loss: 1.02964 | 
2025-07-21 05:12:16,241 [INFO] [Iter 269] LR: 0.00000001
2025-07-21 05:12:16,242 [INFO] No improvement: current loss 1559.605103, best loss 1559.605126
2025-07-21 05:12:16,839 [INFO] [270/300] loss 1559.61 | compact 14.4589 | spectral 17.3657 | recons_loss: 0.126467 | sparse_loss: 1.02964 | 
2025-07-21 05:12:16,839 [INFO] [Iter 270] LR: 0.00000001
2025-07-21 05:12:16,840 [INFO] No improvement: current loss 1559.605103, best loss 1559.605126
2025-07-21 05:12:17,437 [INFO] [271/300] loss 1559.61 | compact 14.4589 | spectral 17.3657 | recons_loss: 0.126467 | sparse_loss: 1.02964 | 
2025-07-21 05:12:17,437 [INFO] [Iter 271] LR: 0.00000001
2025-07-21 05:12:17,438 [INFO] No improvement: current loss 1559.605103, best loss 1559.605126
2025-07-21 05:12:18,034 [INFO] [272/300] loss 1559.61 | compact 14.4589 | spectral 17.3657 | recons_loss: 0.126467 | sparse_loss: 1.02964 | 
2025-07-21 05:12:18,035 [INFO] [Iter 272] LR: 0.00000001
2025-07-21 05:12:18,036 [INFO] No improvement: current loss 1559.605103, best loss 1559.605126
2025-07-21 05:12:18,633 [INFO] [273/300] loss 1559.61 | compact 14.4589 | spectral 17.3657 | recons_loss: 0.126467 | sparse_loss: 1.02964 | 
2025-07-21 05:12:18,634 [INFO] [Iter 273] LR: 0.00000001
2025-07-21 05:12:18,635 [INFO] No improvement: current loss 1559.605103, best loss 1559.605126
2025-07-21 05:12:19,232 [INFO] [274/300] loss 1559.61 | compact 14.4589 | spectral 17.3657 | recons_loss: 0.126467 | sparse_loss: 1.02964 | 
2025-07-21 05:12:19,232 [INFO] [Iter 274] LR: 0.00000001
2025-07-21 05:12:19,233 [INFO] No improvement: current loss 1559.605103, best loss 1559.605126
2025-07-21 05:12:19,832 [INFO] [275/300] loss 1559.61 | compact 14.4589 | spectral 17.3657 | recons_loss: 0.126467 | sparse_loss: 1.02964 | 
2025-07-21 05:12:19,832 [INFO] [Iter 275] LR: 0.00000001
2025-07-21 05:12:19,834 [INFO] No improvement: current loss 1559.605103, best loss 1559.605126
2025-07-21 05:12:20,432 [INFO] [276/300] loss 1559.61 | compact 14.4589 | spectral 17.3657 | recons_loss: 0.126467 | sparse_loss: 1.02964 | 
2025-07-21 05:12:20,433 [INFO] [Iter 276] LR: 0.00000001
2025-07-21 05:12:20,434 [INFO] No improvement: current loss 1559.605103, best loss 1559.605126
2025-07-21 05:12:21,034 [INFO] [277/300] loss 1559.61 | compact 14.4589 | spectral 17.3657 | recons_loss: 0.126467 | sparse_loss: 1.02964 | 
2025-07-21 05:12:21,034 [INFO] [Iter 277] LR: 0.00000001
2025-07-21 05:12:21,035 [INFO] No improvement: current loss 1559.605103, best loss 1559.605126
2025-07-21 05:12:21,633 [INFO] [278/300] loss 1559.61 | compact 14.4589 | spectral 17.3657 | recons_loss: 0.126467 | sparse_loss: 1.02964 | 
2025-07-21 05:12:21,633 [INFO] [Iter 278] LR: 0.00000001
2025-07-21 05:12:21,634 [INFO] No improvement: current loss 1559.605103, best loss 1559.605126
2025-07-21 05:12:22,231 [INFO] [279/300] loss 1559.61 | compact 14.4589 | spectral 17.3657 | recons_loss: 0.126467 | sparse_loss: 1.02964 | 
2025-07-21 05:12:22,232 [INFO] [Iter 279] LR: 0.00000001
2025-07-21 05:12:22,233 [INFO] No improvement: current loss 1559.605103, best loss 1559.605126
2025-07-21 05:12:22,847 [INFO] [280/300] loss 1559.61 | compact 14.4589 | spectral 17.3657 | recons_loss: 0.126467 | sparse_loss: 1.02964 | 
2025-07-21 05:12:22,848 [INFO] [Iter 280] LR: 0.00000001
2025-07-21 05:12:22,849 [INFO] No improvement: current loss 1559.605103, best loss 1559.605126
2025-07-21 05:12:23,446 [INFO] [281/300] loss 1559.61 | compact 14.4589 | spectral 17.3657 | recons_loss: 0.126467 | sparse_loss: 1.02964 | 
2025-07-21 05:12:23,447 [INFO] [Iter 281] LR: 0.00000001
2025-07-21 05:12:23,448 [INFO] No improvement: current loss 1559.605103, best loss 1559.605126
2025-07-21 05:12:24,045 [INFO] [282/300] loss 1559.61 | compact 14.4589 | spectral 17.3657 | recons_loss: 0.126467 | sparse_loss: 1.02964 | 
2025-07-21 05:12:24,046 [INFO] [Iter 282] LR: 0.00000001
2025-07-21 05:12:24,048 [INFO] No improvement: current loss 1559.605103, best loss 1559.605126
2025-07-21 05:12:24,664 [INFO] [283/300] loss 1559.61 | compact 14.4589 | spectral 17.3657 | recons_loss: 0.126467 | sparse_loss: 1.02964 | 
2025-07-21 05:12:24,665 [INFO] [Iter 283] LR: 0.00000001
2025-07-21 05:12:24,667 [INFO] No improvement: current loss 1559.605103, best loss 1559.605126
2025-07-21 05:12:25,268 [INFO] [284/300] loss 1559.61 | compact 14.4589 | spectral 17.3657 | recons_loss: 0.126467 | sparse_loss: 1.02964 | 
2025-07-21 05:12:25,268 [INFO] [Iter 284] LR: 0.00000001
2025-07-21 05:12:25,269 [INFO] No improvement: current loss 1559.605103, best loss 1559.605126
2025-07-21 05:12:25,866 [INFO] [285/300] loss 1559.61 | compact 14.4589 | spectral 17.3657 | recons_loss: 0.126467 | sparse_loss: 1.02964 | 
2025-07-21 05:12:25,866 [INFO] [Iter 285] LR: 0.00000001
2025-07-21 05:12:25,867 [INFO] No improvement: current loss 1559.605103, best loss 1559.605126
2025-07-21 05:12:26,465 [INFO] [286/300] loss 1559.61 | compact 14.4589 | spectral 17.3657 | recons_loss: 0.126467 | sparse_loss: 1.02964 | 
2025-07-21 05:12:26,465 [INFO] [Iter 286] LR: 0.00000001
2025-07-21 05:12:26,466 [INFO] No improvement: current loss 1559.605103, best loss 1559.605126
2025-07-21 05:12:27,064 [INFO] [287/300] loss 1559.61 | compact 14.4589 | spectral 17.3657 | recons_loss: 0.126467 | sparse_loss: 1.02964 | 
2025-07-21 05:12:27,064 [INFO] [Iter 287] LR: 0.00000001
2025-07-21 05:12:27,065 [INFO] No improvement: current loss 1559.605103, best loss 1559.605126
2025-07-21 05:12:27,663 [INFO] [288/300] loss 1559.61 | compact 14.4589 | spectral 17.3657 | recons_loss: 0.126467 | sparse_loss: 1.02964 | 
2025-07-21 05:12:27,663 [INFO] [Iter 288] LR: 0.00000001
2025-07-21 05:12:27,664 [INFO] No improvement: current loss 1559.605103, best loss 1559.605126
2025-07-21 05:12:28,279 [INFO] [289/300] loss 1559.61 | compact 14.4589 | spectral 17.3657 | recons_loss: 0.126467 | sparse_loss: 1.02964 | 
2025-07-21 05:12:28,279 [INFO] [Iter 289] LR: 0.00000001
2025-07-21 05:12:28,280 [INFO] No improvement: current loss 1559.605103, best loss 1559.605126
2025-07-21 05:12:28,877 [INFO] [290/300] loss 1559.61 | compact 14.4589 | spectral 17.3657 | recons_loss: 0.126467 | sparse_loss: 1.02964 | 
2025-07-21 05:12:28,878 [INFO] [Iter 290] LR: 0.00000001
2025-07-21 05:12:28,879 [INFO] No improvement: current loss 1559.605103, best loss 1559.605126
2025-07-21 05:12:29,488 [INFO] [291/300] loss 1559.61 | compact 14.4589 | spectral 17.3657 | recons_loss: 0.126467 | sparse_loss: 1.02964 | 
2025-07-21 05:12:29,488 [INFO] [Iter 291] LR: 0.00000001
2025-07-21 05:12:29,489 [INFO] No improvement: current loss 1559.605103, best loss 1559.605126
2025-07-21 05:12:30,086 [INFO] [292/300] loss 1559.61 | compact 14.4589 | spectral 17.3657 | recons_loss: 0.126467 | sparse_loss: 1.02964 | 
2025-07-21 05:12:30,086 [INFO] [Iter 292] LR: 0.00000001
2025-07-21 05:12:30,087 [INFO] No improvement: current loss 1559.605103, best loss 1559.605126
2025-07-21 05:12:30,685 [INFO] [293/300] loss 1559.61 | compact 14.4589 | spectral 17.3657 | recons_loss: 0.126467 | sparse_loss: 1.02964 | 
2025-07-21 05:12:30,685 [INFO] [Iter 293] LR: 0.00000001
2025-07-21 05:12:30,686 [INFO] No improvement: current loss 1559.605103, best loss 1559.605126
2025-07-21 05:12:31,283 [INFO] [294/300] loss 1559.61 | compact 14.4589 | spectral 17.3657 | recons_loss: 0.126467 | sparse_loss: 1.02964 | 
2025-07-21 05:12:31,283 [INFO] [Iter 294] LR: 0.00000001
2025-07-21 05:12:31,284 [INFO] No improvement: current loss 1559.605103, best loss 1559.605126
2025-07-21 05:12:31,881 [INFO] [295/300] loss 1559.61 | compact 14.4589 | spectral 17.3657 | recons_loss: 0.126467 | sparse_loss: 1.02964 | 
2025-07-21 05:12:31,881 [INFO] [Iter 295] LR: 0.00000001
2025-07-21 05:12:31,882 [INFO] No improvement: current loss 1559.605103, best loss 1559.605126
2025-07-21 05:12:32,480 [INFO] [296/300] loss 1559.61 | compact 14.4589 | spectral 17.3657 | recons_loss: 0.126467 | sparse_loss: 1.02964 | 
2025-07-21 05:12:32,480 [INFO] [Iter 296] LR: 0.00000001
2025-07-21 05:12:32,481 [INFO] No improvement: current loss 1559.605103, best loss 1559.605126
2025-07-21 05:12:33,078 [INFO] [297/300] loss 1559.61 | compact 14.4589 | spectral 17.3657 | recons_loss: 0.126467 | sparse_loss: 1.02964 | 
2025-07-21 05:12:33,078 [INFO] [Iter 297] LR: 0.00000001
2025-07-21 05:12:33,080 [INFO] No improvement: current loss 1559.605103, best loss 1559.605126
2025-07-21 05:12:33,679 [INFO] [298/300] loss 1559.61 | compact 14.4589 | spectral 17.3657 | recons_loss: 0.126467 | sparse_loss: 1.02964 | 
2025-07-21 05:12:33,680 [INFO] [Iter 298] LR: 0.00000001
2025-07-21 05:12:33,681 [INFO] No improvement: current loss 1559.605103, best loss 1559.605126
2025-07-21 05:12:33,859 [INFO] H: 600, W: 166
2025-07-21 05:12:33,967 [INFO] [0 1 2 3 4 5]
2025-07-21 05:12:34,063 [INFO] y_target: [1 2 3 4 5 6]
2025-07-21 05:12:34,063 [INFO] y_predict: [0 1 2 3 4 5]
2025-07-21 05:12:34,152 [INFO] Epoch = 299 OA = 0.9012 Kappa = 0.8682 NMI = 0.8301
2025-07-21 05:12:34,627 [INFO] [299/300] loss 1559.61 | compact 14.4589 | spectral 17.3657 | recons_loss: 0.126467 | sparse_loss: 1.02964 | 
2025-07-21 05:12:34,628 [INFO] [Iter 299] LR: 0.00000001
2025-07-21 05:12:34,629 [INFO] No improvement: current loss 1559.605103, best loss 1559.605126
2025-07-21 05:12:34,629 [INFO] Training finished. Best model loaded.
