2025-07-21 04:02:04,284 [INFO] ========== Training Configuration ==========
2025-07-21 04:02:04,285 [INFO] out_dir: ./log
2025-07-21 04:02:04,285 [INFO] lr: 0.1
2025-07-21 04:02:04,285 [INFO] train_iter: 300
2025-07-21 04:02:04,285 [INFO] niter: 5
2025-07-21 04:02:04,285 [INFO] nspix: 300
2025-07-21 04:02:04,285 [INFO] weight: weight
2025-07-21 04:02:04,285 [INFO] weight_representation: 115.0
2025-07-21 04:02:04,285 [INFO] weight_noise: 50.0
2025-07-21 04:02:04,285 [INFO] dataset: trento
2025-07-21 04:02:04,285 [INFO] device: cuda:0
2025-07-21 04:02:04,285 [INFO] log: trento11
2025-07-21 04:02:04,285 [INFO] ============================================
2025-07-21 04:02:07,290 [INFO] H: 600, W: 166
2025-07-21 04:02:07,377 [INFO] [0 1 2 3 4 5]
2025-07-21 04:02:07,571 [INFO] y_target: [1 2 3 4 5 6]
2025-07-21 04:02:07,571 [INFO] y_predict: [0 1 2 3 4 5]
2025-07-21 04:02:07,661 [INFO] Epoch = 0 OA = 0.8509 Kappa = 0.8011 NMI = 0.7884
2025-07-21 04:02:08,183 [INFO] [0/300] loss 865.172 | compact 13.9608 | spectral 17.8474 | recons_loss: 0.260069 | sparse_loss: 1.04467 | 
2025-07-21 04:02:08,183 [INFO] [Iter 0] LR: 0.10000000
2025-07-21 04:02:08,185 [INFO] Saving best model at iteration 0
2025-07-21 04:02:08,783 [INFO] [1/300] loss 864.724 | compact 13.9642 | spectral 17.8318 | recons_loss: 0.258688 | sparse_loss: 1.04471 | 
2025-07-21 04:02:08,783 [INFO] [Iter 1] LR: 0.10000000
2025-07-21 04:02:08,785 [INFO] Saving best model at iteration 1
2025-07-21 04:02:09,384 [INFO] [2/300] loss 864.065 | compact 13.9696 | spectral 17.7999 | recons_loss: 0.256746 | sparse_loss: 1.04467 | 
2025-07-21 04:02:09,385 [INFO] [Iter 2] LR: 0.10000000
2025-07-21 04:02:09,386 [INFO] Saving best model at iteration 2
2025-07-21 04:02:09,983 [INFO] [3/300] loss 863.219 | compact 13.9724 | spectral 17.7639 | recons_loss: 0.254188 | sparse_loss: 1.04445 | 
2025-07-21 04:02:09,983 [INFO] [Iter 3] LR: 0.10000000
2025-07-21 04:02:09,985 [INFO] Saving best model at iteration 3
2025-07-21 04:02:10,581 [INFO] [4/300] loss 862.258 | compact 13.9758 | spectral 17.7236 | recons_loss: 0.251171 | sparse_loss: 1.04406 | 
2025-07-21 04:02:10,582 [INFO] [Iter 4] LR: 0.10000000
2025-07-21 04:02:10,583 [INFO] Saving best model at iteration 4
2025-07-21 04:02:11,180 [INFO] [5/300] loss 861.235 | compact 13.9786 | spectral 17.6843 | recons_loss: 0.247799 | sparse_loss: 1.04356 | 
2025-07-21 04:02:11,180 [INFO] [Iter 5] LR: 0.10000000
2025-07-21 04:02:11,181 [INFO] Saving best model at iteration 5
2025-07-21 04:02:11,779 [INFO] [6/300] loss 860.176 | compact 13.9804 | spectral 17.6382 | recons_loss: 0.244194 | sparse_loss: 1.04301 | 
2025-07-21 04:02:11,779 [INFO] [Iter 6] LR: 0.10000000
2025-07-21 04:02:11,780 [INFO] Saving best model at iteration 6
2025-07-21 04:02:12,377 [INFO] [7/300] loss 859.1 | compact 13.9837 | spectral 17.5889 | recons_loss: 0.240366 | sparse_loss: 1.04246 | 
2025-07-21 04:02:12,377 [INFO] [Iter 7] LR: 0.10000000
2025-07-21 04:02:12,378 [INFO] Saving best model at iteration 7
2025-07-21 04:02:12,976 [INFO] [8/300] loss 858.04 | compact 13.9902 | spectral 17.5357 | recons_loss: 0.236446 | sparse_loss: 1.04191 | 
2025-07-21 04:02:12,976 [INFO] [Iter 8] LR: 0.10000000
2025-07-21 04:02:12,977 [INFO] Saving best model at iteration 8
2025-07-21 04:02:13,574 [INFO] [9/300] loss 856.964 | compact 13.995 | spectral 17.4918 | recons_loss: 0.232282 | sparse_loss: 1.04137 | 
2025-07-21 04:02:13,575 [INFO] [Iter 9] LR: 0.10000000
2025-07-21 04:02:13,576 [INFO] Saving best model at iteration 9
2025-07-21 04:02:14,173 [INFO] [10/300] loss 855.934 | compact 14.0012 | spectral 17.4487 | recons_loss: 0.228184 | sparse_loss: 1.04083 | 
2025-07-21 04:02:14,174 [INFO] [Iter 10] LR: 0.10000000
2025-07-21 04:02:14,175 [INFO] Saving best model at iteration 10
2025-07-21 04:02:14,775 [INFO] [11/300] loss 854.969 | compact 14.0088 | spectral 17.4167 | recons_loss: 0.224184 | sparse_loss: 1.04028 | 
2025-07-21 04:02:14,775 [INFO] [Iter 11] LR: 0.10000000
2025-07-21 04:02:14,776 [INFO] Saving best model at iteration 11
2025-07-21 04:02:15,377 [INFO] [12/300] loss 854.059 | compact 14.0181 | spectral 17.3912 | recons_loss: 0.220359 | sparse_loss: 1.03971 | 
2025-07-21 04:02:15,377 [INFO] [Iter 12] LR: 0.10000000
2025-07-21 04:02:15,378 [INFO] Saving best model at iteration 12
2025-07-21 04:02:15,990 [INFO] [13/300] loss 853.198 | compact 14.0261 | spectral 17.369 | recons_loss: 0.216656 | sparse_loss: 1.03916 | 
2025-07-21 04:02:15,991 [INFO] [Iter 13] LR: 0.10000000
2025-07-21 04:02:15,992 [INFO] Saving best model at iteration 13
2025-07-21 04:02:16,589 [INFO] [14/300] loss 852.377 | compact 14.0338 | spectral 17.3452 | recons_loss: 0.213116 | sparse_loss: 1.03862 | 
2025-07-21 04:02:16,589 [INFO] [Iter 14] LR: 0.10000000
2025-07-21 04:02:16,590 [INFO] Saving best model at iteration 14
2025-07-21 04:02:17,187 [INFO] [15/300] loss 851.606 | compact 14.0442 | spectral 17.3252 | recons_loss: 0.209745 | sparse_loss: 1.03815 | 
2025-07-21 04:02:17,188 [INFO] [Iter 15] LR: 0.10000000
2025-07-21 04:02:17,189 [INFO] Saving best model at iteration 15
2025-07-21 04:02:17,785 [INFO] [16/300] loss 850.878 | compact 14.0557 | spectral 17.3036 | recons_loss: 0.206586 | sparse_loss: 1.03771 | 
2025-07-21 04:02:17,785 [INFO] [Iter 16] LR: 0.10000000
2025-07-21 04:02:17,786 [INFO] Saving best model at iteration 16
2025-07-21 04:02:18,383 [INFO] [17/300] loss 850.202 | compact 14.0677 | spectral 17.2886 | recons_loss: 0.203623 | sparse_loss: 1.03731 | 
2025-07-21 04:02:18,383 [INFO] [Iter 17] LR: 0.10000000
2025-07-21 04:02:18,384 [INFO] Saving best model at iteration 17
2025-07-21 04:02:18,980 [INFO] [18/300] loss 849.541 | compact 14.0781 | spectral 17.2683 | recons_loss: 0.200788 | sparse_loss: 1.03695 | 
2025-07-21 04:02:18,980 [INFO] [Iter 18] LR: 0.10000000
2025-07-21 04:02:18,981 [INFO] Saving best model at iteration 18
2025-07-21 04:02:19,578 [INFO] [19/300] loss 848.91 | compact 14.0887 | spectral 17.2479 | recons_loss: 0.198081 | sparse_loss: 1.03661 | 
2025-07-21 04:02:19,578 [INFO] [Iter 19] LR: 0.10000000
2025-07-21 04:02:19,580 [INFO] Saving best model at iteration 19
2025-07-21 04:02:20,193 [INFO] [20/300] loss 848.32 | compact 14.1005 | spectral 17.2283 | recons_loss: 0.195617 | sparse_loss: 1.03626 | 
2025-07-21 04:02:20,193 [INFO] [Iter 20] LR: 0.10000000
2025-07-21 04:02:20,195 [INFO] Saving best model at iteration 20
2025-07-21 04:02:20,794 [INFO] [21/300] loss 847.773 | compact 14.1128 | spectral 17.2159 | recons_loss: 0.193322 | sparse_loss: 1.03592 | 
2025-07-21 04:02:20,794 [INFO] [Iter 21] LR: 0.10000000
2025-07-21 04:02:20,796 [INFO] Saving best model at iteration 21
2025-07-21 04:02:21,393 [INFO] [22/300] loss 847.263 | compact 14.1259 | spectral 17.2068 | recons_loss: 0.191181 | sparse_loss: 1.03563 | 
2025-07-21 04:02:21,394 [INFO] [Iter 22] LR: 0.10000000
2025-07-21 04:02:21,395 [INFO] Saving best model at iteration 22
2025-07-21 04:02:21,993 [INFO] [23/300] loss 846.781 | compact 14.138 | spectral 17.1995 | recons_loss: 0.189177 | sparse_loss: 1.03537 | 
2025-07-21 04:02:21,993 [INFO] [Iter 23] LR: 0.10000000
2025-07-21 04:02:21,994 [INFO] Saving best model at iteration 23
2025-07-21 04:02:22,601 [INFO] [24/300] loss 846.329 | compact 14.1479 | spectral 17.1917 | recons_loss: 0.187338 | sparse_loss: 1.03514 | 
2025-07-21 04:02:22,601 [INFO] [Iter 24] LR: 0.10000000
2025-07-21 04:02:22,603 [INFO] Saving best model at iteration 24
2025-07-21 04:02:23,203 [INFO] [25/300] loss 845.9 | compact 14.1562 | spectral 17.1874 | recons_loss: 0.185629 | sparse_loss: 1.03493 | 
2025-07-21 04:02:23,203 [INFO] [Iter 25] LR: 0.10000000
2025-07-21 04:02:23,204 [INFO] Saving best model at iteration 25
2025-07-21 04:02:23,802 [INFO] [26/300] loss 845.495 | compact 14.1654 | spectral 17.183 | recons_loss: 0.18402 | sparse_loss: 1.03473 | 
2025-07-21 04:02:23,802 [INFO] [Iter 26] LR: 0.10000000
2025-07-21 04:02:23,804 [INFO] Saving best model at iteration 26
2025-07-21 04:02:24,402 [INFO] [27/300] loss 845.115 | compact 14.1733 | spectral 17.1802 | recons_loss: 0.182593 | sparse_loss: 1.03454 | 
2025-07-21 04:02:24,402 [INFO] [Iter 27] LR: 0.10000000
2025-07-21 04:02:24,405 [INFO] Saving best model at iteration 27
2025-07-21 04:02:25,006 [INFO] [28/300] loss 844.752 | compact 14.1799 | spectral 17.1779 | recons_loss: 0.181267 | sparse_loss: 1.03435 | 
2025-07-21 04:02:25,007 [INFO] [Iter 28] LR: 0.10000000
2025-07-21 04:02:25,008 [INFO] Saving best model at iteration 28
2025-07-21 04:02:25,609 [INFO] [29/300] loss 844.398 | compact 14.1863 | spectral 17.1716 | recons_loss: 0.180034 | sparse_loss: 1.03417 | 
2025-07-21 04:02:25,609 [INFO] [Iter 29] LR: 0.10000000
2025-07-21 04:02:25,611 [INFO] Saving best model at iteration 29
2025-07-21 04:02:26,207 [INFO] [30/300] loss 844.054 | compact 14.1929 | spectral 17.1618 | recons_loss: 0.178896 | sparse_loss: 1.03401 | 
2025-07-21 04:02:26,207 [INFO] [Iter 30] LR: 0.10000000
2025-07-21 04:02:26,208 [INFO] Saving best model at iteration 30
2025-07-21 04:02:26,806 [INFO] [31/300] loss 843.732 | compact 14.1994 | spectral 17.1527 | recons_loss: 0.177844 | sparse_loss: 1.03386 | 
2025-07-21 04:02:26,806 [INFO] [Iter 31] LR: 0.10000000
2025-07-21 04:02:26,808 [INFO] Saving best model at iteration 31
2025-07-21 04:02:27,405 [INFO] [32/300] loss 843.426 | compact 14.2048 | spectral 17.1461 | recons_loss: 0.176876 | sparse_loss: 1.03373 | 
2025-07-21 04:02:27,405 [INFO] [Iter 32] LR: 0.10000000
2025-07-21 04:02:27,406 [INFO] Saving best model at iteration 32
2025-07-21 04:02:28,004 [INFO] [33/300] loss 843.133 | compact 14.2094 | spectral 17.1412 | recons_loss: 0.175964 | sparse_loss: 1.0336 | 
2025-07-21 04:02:28,004 [INFO] [Iter 33] LR: 0.10000000
2025-07-21 04:02:28,005 [INFO] Saving best model at iteration 33
2025-07-21 04:02:28,602 [INFO] [34/300] loss 842.851 | compact 14.2154 | spectral 17.134 | recons_loss: 0.175122 | sparse_loss: 1.03347 | 
2025-07-21 04:02:28,603 [INFO] [Iter 34] LR: 0.10000000
2025-07-21 04:02:28,604 [INFO] Saving best model at iteration 34
2025-07-21 04:02:29,201 [INFO] [35/300] loss 842.583 | compact 14.2214 | spectral 17.1273 | recons_loss: 0.174311 | sparse_loss: 1.03335 | 
2025-07-21 04:02:29,201 [INFO] [Iter 35] LR: 0.10000000
2025-07-21 04:02:29,202 [INFO] Saving best model at iteration 35
2025-07-21 04:02:29,801 [INFO] [36/300] loss 842.333 | compact 14.2287 | spectral 17.1218 | recons_loss: 0.173579 | sparse_loss: 1.03324 | 
2025-07-21 04:02:29,801 [INFO] [Iter 36] LR: 0.10000000
2025-07-21 04:02:29,803 [INFO] Saving best model at iteration 36
2025-07-21 04:02:30,407 [INFO] [37/300] loss 842.099 | compact 14.2404 | spectral 17.114 | recons_loss: 0.172909 | sparse_loss: 1.03314 | 
2025-07-21 04:02:30,408 [INFO] [Iter 37] LR: 0.10000000
2025-07-21 04:02:30,408 [INFO] Saving best model at iteration 37
2025-07-21 04:02:31,008 [INFO] [38/300] loss 841.877 | compact 14.2535 | spectral 17.1055 | recons_loss: 0.17229 | sparse_loss: 1.03304 | 
2025-07-21 04:02:31,008 [INFO] [Iter 38] LR: 0.10000000
2025-07-21 04:02:31,011 [INFO] Saving best model at iteration 38
2025-07-21 04:02:31,609 [INFO] [39/300] loss 841.669 | compact 14.2653 | spectral 17.1017 | recons_loss: 0.171715 | sparse_loss: 1.03296 | 
2025-07-21 04:02:31,610 [INFO] [Iter 39] LR: 0.10000000
2025-07-21 04:02:31,611 [INFO] Saving best model at iteration 39
2025-07-21 04:02:32,209 [INFO] [40/300] loss 841.478 | compact 14.2778 | spectral 17.0988 | recons_loss: 0.171204 | sparse_loss: 1.03288 | 
2025-07-21 04:02:32,209 [INFO] [Iter 40] LR: 0.10000000
2025-07-21 04:02:32,210 [INFO] Saving best model at iteration 40
2025-07-21 04:02:32,816 [INFO] [41/300] loss 841.288 | compact 14.2874 | spectral 17.0961 | recons_loss: 0.170703 | sparse_loss: 1.0328 | 
2025-07-21 04:02:32,816 [INFO] [Iter 41] LR: 0.10000000
2025-07-21 04:02:32,817 [INFO] Saving best model at iteration 41
2025-07-21 04:02:33,424 [INFO] [42/300] loss 841.116 | compact 14.2987 | spectral 17.0899 | recons_loss: 0.17022 | sparse_loss: 1.03273 | 
2025-07-21 04:02:33,424 [INFO] [Iter 42] LR: 0.10000000
2025-07-21 04:02:33,426 [INFO] Saving best model at iteration 42
2025-07-21 04:02:34,036 [INFO] [43/300] loss 840.937 | compact 14.3124 | spectral 17.0799 | recons_loss: 0.169784 | sparse_loss: 1.03265 | 
2025-07-21 04:02:34,036 [INFO] [Iter 43] LR: 0.10000000
2025-07-21 04:02:34,037 [INFO] Saving best model at iteration 43
2025-07-21 04:02:34,639 [INFO] [44/300] loss 840.765 | compact 14.3246 | spectral 17.0712 | recons_loss: 0.169359 | sparse_loss: 1.03258 | 
2025-07-21 04:02:34,639 [INFO] [Iter 44] LR: 0.10000000
2025-07-21 04:02:34,640 [INFO] Saving best model at iteration 44
2025-07-21 04:02:35,240 [INFO] [45/300] loss 840.606 | compact 14.3349 | spectral 17.0677 | recons_loss: 0.168938 | sparse_loss: 1.03253 | 
2025-07-21 04:02:35,240 [INFO] [Iter 45] LR: 0.10000000
2025-07-21 04:02:35,243 [INFO] Saving best model at iteration 45
2025-07-21 04:02:35,841 [INFO] [46/300] loss 840.458 | compact 14.3442 | spectral 17.0661 | recons_loss: 0.168546 | sparse_loss: 1.03247 | 
2025-07-21 04:02:35,841 [INFO] [Iter 46] LR: 0.10000000
2025-07-21 04:02:35,843 [INFO] Saving best model at iteration 46
2025-07-21 04:02:36,440 [INFO] [47/300] loss 840.312 | compact 14.3528 | spectral 17.0641 | recons_loss: 0.168178 | sparse_loss: 1.0324 | 
2025-07-21 04:02:36,440 [INFO] [Iter 47] LR: 0.10000000
2025-07-21 04:02:36,441 [INFO] Saving best model at iteration 47
2025-07-21 04:02:37,039 [INFO] [48/300] loss 840.173 | compact 14.3604 | spectral 17.0627 | recons_loss: 0.167835 | sparse_loss: 1.03233 | 
2025-07-21 04:02:37,039 [INFO] [Iter 48] LR: 0.10000000
2025-07-21 04:02:37,040 [INFO] Saving best model at iteration 48
2025-07-21 04:02:37,638 [INFO] [49/300] loss 840.039 | compact 14.3675 | spectral 17.0605 | recons_loss: 0.167481 | sparse_loss: 1.03228 | 
2025-07-21 04:02:37,638 [INFO] [Iter 49] LR: 0.10000000
2025-07-21 04:02:37,639 [INFO] Saving best model at iteration 49
2025-07-21 04:02:37,835 [INFO] H: 600, W: 166
2025-07-21 04:02:37,943 [INFO] [0 1 2 3 4 5]
2025-07-21 04:02:38,041 [INFO] y_target: [1 2 3 4 5 6]
2025-07-21 04:02:38,041 [INFO] y_predict: [0 1 2 3 4 5]
2025-07-21 04:02:38,129 [INFO] Epoch = 50 OA = 0.8724 Kappa = 0.8298 NMI = 0.8115
2025-07-21 04:02:38,606 [INFO] [50/300] loss 839.911 | compact 14.3732 | spectral 17.0603 | recons_loss: 0.167146 | sparse_loss: 1.03224 | 
2025-07-21 04:02:38,606 [INFO] [Iter 50] LR: 0.10000000
2025-07-21 04:02:38,608 [INFO] Saving best model at iteration 50
2025-07-21 04:02:39,211 [INFO] [51/300] loss 839.783 | compact 14.38 | spectral 17.058 | recons_loss: 0.166833 | sparse_loss: 1.0322 | 
2025-07-21 04:02:39,212 [INFO] [Iter 51] LR: 0.10000000
2025-07-21 04:02:39,213 [INFO] Saving best model at iteration 51
2025-07-21 04:02:39,811 [INFO] [52/300] loss 839.662 | compact 14.3867 | spectral 17.0564 | recons_loss: 0.166544 | sparse_loss: 1.03216 | 
2025-07-21 04:02:39,811 [INFO] [Iter 52] LR: 0.10000000
2025-07-21 04:02:39,812 [INFO] Saving best model at iteration 52
2025-07-21 04:02:40,411 [INFO] [53/300] loss 839.543 | compact 14.3933 | spectral 17.0552 | recons_loss: 0.16628 | sparse_loss: 1.03211 | 
2025-07-21 04:02:40,411 [INFO] [Iter 53] LR: 0.10000000
2025-07-21 04:02:40,412 [INFO] Saving best model at iteration 53
2025-07-21 04:02:41,014 [INFO] [54/300] loss 839.428 | compact 14.4002 | spectral 17.0537 | recons_loss: 0.166029 | sparse_loss: 1.03206 | 
2025-07-21 04:02:41,014 [INFO] [Iter 54] LR: 0.10000000
2025-07-21 04:02:41,016 [INFO] Saving best model at iteration 54
2025-07-21 04:02:41,615 [INFO] [55/300] loss 839.324 | compact 14.403 | spectral 17.0569 | recons_loss: 0.165807 | sparse_loss: 1.03201 | 
2025-07-21 04:02:41,615 [INFO] [Iter 55] LR: 0.10000000
2025-07-21 04:02:41,617 [INFO] Saving best model at iteration 55
2025-07-21 04:02:42,214 [INFO] [56/300] loss 839.222 | compact 14.406 | spectral 17.0594 | recons_loss: 0.165602 | sparse_loss: 1.03195 | 
2025-07-21 04:02:42,215 [INFO] [Iter 56] LR: 0.10000000
2025-07-21 04:02:42,216 [INFO] Saving best model at iteration 56
2025-07-21 04:02:42,814 [INFO] [57/300] loss 839.123 | compact 14.41 | spectral 17.0608 | recons_loss: 0.165408 | sparse_loss: 1.03191 | 
2025-07-21 04:02:42,814 [INFO] [Iter 57] LR: 0.10000000
2025-07-21 04:02:42,815 [INFO] Saving best model at iteration 57
2025-07-21 04:02:43,412 [INFO] [58/300] loss 839.028 | compact 14.4147 | spectral 17.0615 | recons_loss: 0.165225 | sparse_loss: 1.03187 | 
2025-07-21 04:02:43,413 [INFO] [Iter 58] LR: 0.10000000
2025-07-21 04:02:43,414 [INFO] Saving best model at iteration 58
2025-07-21 04:02:44,019 [INFO] [59/300] loss 838.935 | compact 14.4209 | spectral 17.0603 | recons_loss: 0.16508 | sparse_loss: 1.03182 | 
2025-07-21 04:02:44,020 [INFO] [Iter 59] LR: 0.10000000
2025-07-21 04:02:44,021 [INFO] Saving best model at iteration 59
2025-07-21 04:02:44,618 [INFO] [60/300] loss 838.842 | compact 14.4266 | spectral 17.0588 | recons_loss: 0.164916 | sparse_loss: 1.03177 | 
2025-07-21 04:02:44,619 [INFO] [Iter 60] LR: 0.10000000
2025-07-21 04:02:44,620 [INFO] Saving best model at iteration 60
2025-07-21 04:02:45,217 [INFO] [61/300] loss 838.754 | compact 14.4319 | spectral 17.0577 | recons_loss: 0.164766 | sparse_loss: 1.03171 | 
2025-07-21 04:02:45,217 [INFO] [Iter 61] LR: 0.10000000
2025-07-21 04:02:45,218 [INFO] Saving best model at iteration 61
2025-07-21 04:02:45,816 [INFO] [62/300] loss 838.673 | compact 14.4368 | spectral 17.0571 | recons_loss: 0.164609 | sparse_loss: 1.03167 | 
2025-07-21 04:02:45,816 [INFO] [Iter 62] LR: 0.10000000
2025-07-21 04:02:45,817 [INFO] Saving best model at iteration 62
2025-07-21 04:02:46,414 [INFO] [63/300] loss 838.588 | compact 14.4417 | spectral 17.0557 | recons_loss: 0.164447 | sparse_loss: 1.03163 | 
2025-07-21 04:02:46,414 [INFO] [Iter 63] LR: 0.10000000
2025-07-21 04:02:46,416 [INFO] Saving best model at iteration 63
2025-07-21 04:02:47,013 [INFO] [64/300] loss 838.512 | compact 14.4472 | spectral 17.0544 | recons_loss: 0.164277 | sparse_loss: 1.03159 | 
2025-07-21 04:02:47,014 [INFO] [Iter 64] LR: 0.10000000
2025-07-21 04:02:47,015 [INFO] Saving best model at iteration 64
2025-07-21 04:02:47,612 [INFO] [65/300] loss 838.435 | compact 14.4537 | spectral 17.0517 | recons_loss: 0.164116 | sparse_loss: 1.03155 | 
2025-07-21 04:02:47,612 [INFO] [Iter 65] LR: 0.10000000
2025-07-21 04:02:47,614 [INFO] Saving best model at iteration 65
2025-07-21 04:02:48,219 [INFO] [66/300] loss 838.36 | compact 14.4588 | spectral 17.0508 | recons_loss: 0.163961 | sparse_loss: 1.03151 | 
2025-07-21 04:02:48,219 [INFO] [Iter 66] LR: 0.10000000
2025-07-21 04:02:48,220 [INFO] Saving best model at iteration 66
2025-07-21 04:02:48,830 [INFO] [67/300] loss 838.289 | compact 14.464 | spectral 17.0514 | recons_loss: 0.163806 | sparse_loss: 1.03147 | 
2025-07-21 04:02:48,830 [INFO] [Iter 67] LR: 0.10000000
2025-07-21 04:02:48,831 [INFO] Saving best model at iteration 67
2025-07-21 04:02:49,429 [INFO] [68/300] loss 838.218 | compact 14.4693 | spectral 17.0514 | recons_loss: 0.163656 | sparse_loss: 1.03143 | 
2025-07-21 04:02:49,429 [INFO] [Iter 68] LR: 0.10000000
2025-07-21 04:02:49,430 [INFO] Saving best model at iteration 68
2025-07-21 04:02:50,029 [INFO] [69/300] loss 838.143 | compact 14.4739 | spectral 17.0499 | recons_loss: 0.163508 | sparse_loss: 1.0314 | 
2025-07-21 04:02:50,029 [INFO] [Iter 69] LR: 0.10000000
2025-07-21 04:02:50,030 [INFO] Saving best model at iteration 69
2025-07-21 04:02:50,628 [INFO] [70/300] loss 838.07 | compact 14.4767 | spectral 17.0515 | recons_loss: 0.163345 | sparse_loss: 1.03137 | 
2025-07-21 04:02:50,628 [INFO] [Iter 70] LR: 0.10000000
2025-07-21 04:02:50,629 [INFO] Saving best model at iteration 70
2025-07-21 04:02:51,228 [INFO] [71/300] loss 838.005 | compact 14.4813 | spectral 17.0528 | recons_loss: 0.163191 | sparse_loss: 1.03134 | 
2025-07-21 04:02:51,228 [INFO] [Iter 71] LR: 0.10000000
2025-07-21 04:02:51,230 [INFO] Saving best model at iteration 71
2025-07-21 04:02:51,828 [INFO] [72/300] loss 837.946 | compact 14.489 | spectral 17.0556 | recons_loss: 0.163007 | sparse_loss: 1.03131 | 
2025-07-21 04:02:51,829 [INFO] [Iter 72] LR: 0.05000000
2025-07-21 04:02:51,830 [INFO] Saving best model at iteration 72
2025-07-21 04:02:52,427 [INFO] [73/300] loss 837.878 | compact 14.4952 | spectral 17.0557 | recons_loss: 0.162832 | sparse_loss: 1.03128 | 
2025-07-21 04:02:52,427 [INFO] [Iter 73] LR: 0.05000000
2025-07-21 04:02:52,428 [INFO] Saving best model at iteration 73
2025-07-21 04:02:53,026 [INFO] [74/300] loss 837.812 | compact 14.4987 | spectral 17.0553 | recons_loss: 0.162679 | sparse_loss: 1.03125 | 
2025-07-21 04:02:53,026 [INFO] [Iter 74] LR: 0.05000000
2025-07-21 04:02:53,027 [INFO] Saving best model at iteration 74
2025-07-21 04:02:53,625 [INFO] [75/300] loss 837.747 | compact 14.5019 | spectral 17.0553 | recons_loss: 0.16255 | sparse_loss: 1.03122 | 
2025-07-21 04:02:53,625 [INFO] [Iter 75] LR: 0.05000000
2025-07-21 04:02:53,627 [INFO] Saving best model at iteration 75
2025-07-21 04:02:54,225 [INFO] [76/300] loss 837.682 | compact 14.5047 | spectral 17.0546 | recons_loss: 0.162431 | sparse_loss: 1.03119 | 
2025-07-21 04:02:54,225 [INFO] [Iter 76] LR: 0.05000000
2025-07-21 04:02:54,226 [INFO] Saving best model at iteration 76
2025-07-21 04:02:54,824 [INFO] [77/300] loss 837.622 | compact 14.5082 | spectral 17.0541 | recons_loss: 0.162326 | sparse_loss: 1.03117 | 
2025-07-21 04:02:54,824 [INFO] [Iter 77] LR: 0.05000000
2025-07-21 04:02:54,825 [INFO] Saving best model at iteration 77
2025-07-21 04:02:55,423 [INFO] [78/300] loss 837.564 | compact 14.511 | spectral 17.0551 | recons_loss: 0.16223 | sparse_loss: 1.03114 | 
2025-07-21 04:02:55,423 [INFO] [Iter 78] LR: 0.05000000
2025-07-21 04:02:55,424 [INFO] Saving best model at iteration 78
2025-07-21 04:02:56,027 [INFO] [79/300] loss 837.505 | compact 14.513 | spectral 17.056 | recons_loss: 0.162132 | sparse_loss: 1.03112 | 
2025-07-21 04:02:56,027 [INFO] [Iter 79] LR: 0.05000000
2025-07-21 04:02:56,028 [INFO] Saving best model at iteration 79
2025-07-21 04:02:56,634 [INFO] [80/300] loss 837.444 | compact 14.5148 | spectral 17.0553 | recons_loss: 0.162038 | sparse_loss: 1.03109 | 
2025-07-21 04:02:56,634 [INFO] [Iter 80] LR: 0.05000000
2025-07-21 04:02:56,635 [INFO] Saving best model at iteration 80
2025-07-21 04:02:57,245 [INFO] [81/300] loss 837.387 | compact 14.516 | spectral 17.0551 | recons_loss: 0.16196 | sparse_loss: 1.03106 | 
2025-07-21 04:02:57,246 [INFO] [Iter 81] LR: 0.05000000
2025-07-21 04:02:57,247 [INFO] Saving best model at iteration 81
2025-07-21 04:02:57,856 [INFO] [82/300] loss 837.33 | compact 14.5166 | spectral 17.055 | recons_loss: 0.161885 | sparse_loss: 1.03103 | 
2025-07-21 04:02:57,856 [INFO] [Iter 82] LR: 0.05000000
2025-07-21 04:02:57,857 [INFO] Saving best model at iteration 82
2025-07-21 04:02:58,454 [INFO] [83/300] loss 837.267 | compact 14.5175 | spectral 17.0501 | recons_loss: 0.1618 | sparse_loss: 1.03101 | 
2025-07-21 04:02:58,455 [INFO] [Iter 83] LR: 0.05000000
2025-07-21 04:02:58,456 [INFO] Saving best model at iteration 83
2025-07-21 04:02:59,053 [INFO] [84/300] loss 837.205 | compact 14.5194 | spectral 17.044 | recons_loss: 0.161713 | sparse_loss: 1.03098 | 
2025-07-21 04:02:59,053 [INFO] [Iter 84] LR: 0.05000000
2025-07-21 04:02:59,055 [INFO] Saving best model at iteration 84
2025-07-21 04:02:59,659 [INFO] [85/300] loss 837.152 | compact 14.5201 | spectral 17.0414 | recons_loss: 0.161629 | sparse_loss: 1.03096 | 
2025-07-21 04:02:59,659 [INFO] [Iter 85] LR: 0.05000000
2025-07-21 04:02:59,660 [INFO] Saving best model at iteration 85
2025-07-21 04:03:00,258 [INFO] [86/300] loss 837.097 | compact 14.5215 | spectral 17.0377 | recons_loss: 0.161545 | sparse_loss: 1.03094 | 
2025-07-21 04:03:00,258 [INFO] [Iter 86] LR: 0.05000000
2025-07-21 04:03:00,259 [INFO] Saving best model at iteration 86
2025-07-21 04:03:00,856 [INFO] [87/300] loss 837.043 | compact 14.5224 | spectral 17.0351 | recons_loss: 0.161465 | sparse_loss: 1.03092 | 
2025-07-21 04:03:00,857 [INFO] [Iter 87] LR: 0.05000000
2025-07-21 04:03:00,858 [INFO] Saving best model at iteration 87
2025-07-21 04:03:01,455 [INFO] [88/300] loss 836.993 | compact 14.5233 | spectral 17.0359 | recons_loss: 0.1614 | sparse_loss: 1.03089 | 
2025-07-21 04:03:01,455 [INFO] [Iter 88] LR: 0.05000000
2025-07-21 04:03:01,456 [INFO] Saving best model at iteration 88
2025-07-21 04:03:02,054 [INFO] [89/300] loss 836.947 | compact 14.5244 | spectral 17.037 | recons_loss: 0.161333 | sparse_loss: 1.03087 | 
2025-07-21 04:03:02,054 [INFO] [Iter 89] LR: 0.02500000
2025-07-21 04:03:02,055 [INFO] Saving best model at iteration 89
2025-07-21 04:03:02,652 [INFO] [90/300] loss 836.9 | compact 14.5253 | spectral 17.0378 | recons_loss: 0.161255 | sparse_loss: 1.03085 | 
2025-07-21 04:03:02,652 [INFO] [Iter 90] LR: 0.02500000
2025-07-21 04:03:02,653 [INFO] Saving best model at iteration 90
2025-07-21 04:03:03,250 [INFO] [91/300] loss 836.855 | compact 14.5264 | spectral 17.0382 | recons_loss: 0.161183 | sparse_loss: 1.03084 | 
2025-07-21 04:03:03,251 [INFO] [Iter 91] LR: 0.02500000
2025-07-21 04:03:03,252 [INFO] Saving best model at iteration 91
2025-07-21 04:03:03,850 [INFO] [92/300] loss 836.811 | compact 14.5272 | spectral 17.039 | recons_loss: 0.161115 | sparse_loss: 1.03082 | 
2025-07-21 04:03:03,851 [INFO] [Iter 92] LR: 0.02500000
2025-07-21 04:03:03,852 [INFO] Saving best model at iteration 92
2025-07-21 04:03:04,456 [INFO] [93/300] loss 836.77 | compact 14.5279 | spectral 17.04 | recons_loss: 0.161054 | sparse_loss: 1.0308 | 
2025-07-21 04:03:04,457 [INFO] [Iter 93] LR: 0.01250000
2025-07-21 04:03:04,458 [INFO] Saving best model at iteration 93
2025-07-21 04:03:05,055 [INFO] [94/300] loss 836.731 | compact 14.5293 | spectral 17.0406 | recons_loss: 0.161 | sparse_loss: 1.03079 | 
2025-07-21 04:03:05,056 [INFO] [Iter 94] LR: 0.01250000
2025-07-21 04:03:05,057 [INFO] Saving best model at iteration 94
2025-07-21 04:03:05,654 [INFO] [95/300] loss 836.694 | compact 14.5303 | spectral 17.0415 | recons_loss: 0.160949 | sparse_loss: 1.03077 | 
2025-07-21 04:03:05,655 [INFO] [Iter 95] LR: 0.01250000
2025-07-21 04:03:05,656 [INFO] Saving best model at iteration 95
2025-07-21 04:03:06,253 [INFO] [96/300] loss 836.659 | compact 14.5308 | spectral 17.0426 | recons_loss: 0.160903 | sparse_loss: 1.03075 | 
2025-07-21 04:03:06,253 [INFO] [Iter 96] LR: 0.01250000
2025-07-21 04:03:06,254 [INFO] Saving best model at iteration 96
2025-07-21 04:03:06,852 [INFO] [97/300] loss 836.626 | compact 14.5313 | spectral 17.0432 | recons_loss: 0.160862 | sparse_loss: 1.03073 | 
2025-07-21 04:03:06,852 [INFO] [Iter 97] LR: 0.00625000
2025-07-21 04:03:06,853 [INFO] Saving best model at iteration 97
2025-07-21 04:03:07,451 [INFO] [98/300] loss 836.594 | compact 14.5321 | spectral 17.0437 | recons_loss: 0.160824 | sparse_loss: 1.03071 | 
2025-07-21 04:03:07,452 [INFO] [Iter 98] LR: 0.00625000
2025-07-21 04:03:07,453 [INFO] Saving best model at iteration 98
2025-07-21 04:03:08,050 [INFO] [99/300] loss 836.564 | compact 14.5326 | spectral 17.0443 | recons_loss: 0.160789 | sparse_loss: 1.03069 | 
2025-07-21 04:03:08,050 [INFO] [Iter 99] LR: 0.00625000
2025-07-21 04:03:08,052 [INFO] Saving best model at iteration 99
2025-07-21 04:03:08,239 [INFO] H: 600, W: 166
2025-07-21 04:03:08,363 [INFO] [0 1 2 3 4 5]
2025-07-21 04:03:08,660 [INFO] y_target: [1 2 3 4 5 6]
2025-07-21 04:03:08,660 [INFO] y_predict: [0 1 2 3 4 5]
2025-07-21 04:03:08,748 [INFO] Epoch = 100 OA = 0.8711 Kappa = 0.8279 NMI = 0.8029
2025-07-21 04:03:09,224 [INFO] [100/300] loss 836.536 | compact 14.5331 | spectral 17.0447 | recons_loss: 0.160757 | sparse_loss: 1.03068 | 
2025-07-21 04:03:09,224 [INFO] [Iter 100] LR: 0.00625000
2025-07-21 04:03:09,225 [INFO] Saving best model at iteration 100
2025-07-21 04:03:09,824 [INFO] [101/300] loss 836.51 | compact 14.5337 | spectral 17.045 | recons_loss: 0.160726 | sparse_loss: 1.03066 | 
2025-07-21 04:03:09,824 [INFO] [Iter 101] LR: 0.00625000
2025-07-21 04:03:09,825 [INFO] Saving best model at iteration 101
2025-07-21 04:03:10,423 [INFO] [102/300] loss 836.486 | compact 14.5341 | spectral 17.0455 | recons_loss: 0.160696 | sparse_loss: 1.03065 | 
2025-07-21 04:03:10,423 [INFO] [Iter 102] LR: 0.00625000
2025-07-21 04:03:10,424 [INFO] Saving best model at iteration 102
2025-07-21 04:03:11,022 [INFO] [103/300] loss 836.464 | compact 14.5345 | spectral 17.0458 | recons_loss: 0.160669 | sparse_loss: 1.03064 | 
2025-07-21 04:03:11,022 [INFO] [Iter 103] LR: 0.00312500
2025-07-21 04:03:11,023 [INFO] Saving best model at iteration 103
2025-07-21 04:03:11,636 [INFO] [104/300] loss 836.442 | compact 14.5349 | spectral 17.0461 | recons_loss: 0.160644 | sparse_loss: 1.03063 | 
2025-07-21 04:03:11,636 [INFO] [Iter 104] LR: 0.00312500
2025-07-21 04:03:11,637 [INFO] Saving best model at iteration 104
2025-07-21 04:03:12,235 [INFO] [105/300] loss 836.423 | compact 14.5353 | spectral 17.0464 | recons_loss: 0.160621 | sparse_loss: 1.03062 | 
2025-07-21 04:03:12,236 [INFO] [Iter 105] LR: 0.00312500
2025-07-21 04:03:12,237 [INFO] Saving best model at iteration 105
2025-07-21 04:03:12,854 [INFO] [106/300] loss 836.404 | compact 14.5357 | spectral 17.0466 | recons_loss: 0.1606 | sparse_loss: 1.03061 | 
2025-07-21 04:03:12,854 [INFO] [Iter 106] LR: 0.00156250
2025-07-21 04:03:12,856 [INFO] Saving best model at iteration 106
2025-07-21 04:03:13,454 [INFO] [107/300] loss 836.388 | compact 14.536 | spectral 17.0467 | recons_loss: 0.160581 | sparse_loss: 1.0306 | 
2025-07-21 04:03:13,454 [INFO] [Iter 107] LR: 0.00156250
2025-07-21 04:03:13,455 [INFO] Saving best model at iteration 107
2025-07-21 04:03:14,052 [INFO] [108/300] loss 836.372 | compact 14.5363 | spectral 17.0469 | recons_loss: 0.160563 | sparse_loss: 1.03059 | 
2025-07-21 04:03:14,053 [INFO] [Iter 108] LR: 0.00156250
2025-07-21 04:03:14,054 [INFO] Saving best model at iteration 108
2025-07-21 04:03:14,651 [INFO] [109/300] loss 836.358 | compact 14.5366 | spectral 17.0471 | recons_loss: 0.160548 | sparse_loss: 1.03058 | 
2025-07-21 04:03:14,651 [INFO] [Iter 109] LR: 0.00078125
2025-07-21 04:03:14,652 [INFO] Saving best model at iteration 109
2025-07-21 04:03:15,250 [INFO] [110/300] loss 836.345 | compact 14.5368 | spectral 17.0472 | recons_loss: 0.160533 | sparse_loss: 1.03058 | 
2025-07-21 04:03:15,250 [INFO] [Iter 110] LR: 0.00078125
2025-07-21 04:03:15,251 [INFO] Saving best model at iteration 110
2025-07-21 04:03:15,849 [INFO] [111/300] loss 836.333 | compact 14.537 | spectral 17.0474 | recons_loss: 0.16052 | sparse_loss: 1.03057 | 
2025-07-21 04:03:15,850 [INFO] [Iter 111] LR: 0.00078125
2025-07-21 04:03:15,851 [INFO] Saving best model at iteration 111
2025-07-21 04:03:16,449 [INFO] [112/300] loss 836.323 | compact 14.5372 | spectral 17.0475 | recons_loss: 0.160509 | sparse_loss: 1.03056 | 
2025-07-21 04:03:16,450 [INFO] [Iter 112] LR: 0.00039063
2025-07-21 04:03:16,452 [INFO] Saving best model at iteration 112
2025-07-21 04:03:17,052 [INFO] [113/300] loss 836.313 | compact 14.5373 | spectral 17.0477 | recons_loss: 0.160498 | sparse_loss: 1.03056 | 
2025-07-21 04:03:17,053 [INFO] [Iter 113] LR: 0.00039063
2025-07-21 04:03:17,055 [INFO] Saving best model at iteration 113
2025-07-21 04:03:17,654 [INFO] [114/300] loss 836.304 | compact 14.5375 | spectral 17.0478 | recons_loss: 0.160489 | sparse_loss: 1.03055 | 
2025-07-21 04:03:17,654 [INFO] [Iter 114] LR: 0.00039063
2025-07-21 04:03:17,655 [INFO] Saving best model at iteration 114
2025-07-21 04:03:18,254 [INFO] [115/300] loss 836.296 | compact 14.5376 | spectral 17.0479 | recons_loss: 0.16048 | sparse_loss: 1.03055 | 
2025-07-21 04:03:18,255 [INFO] [Iter 115] LR: 0.00019531
2025-07-21 04:03:18,257 [INFO] Saving best model at iteration 115
2025-07-21 04:03:18,872 [INFO] [116/300] loss 836.288 | compact 14.5377 | spectral 17.048 | recons_loss: 0.160472 | sparse_loss: 1.03055 | 
2025-07-21 04:03:18,872 [INFO] [Iter 116] LR: 0.00019531
2025-07-21 04:03:18,874 [INFO] Saving best model at iteration 116
2025-07-21 04:03:19,478 [INFO] [117/300] loss 836.282 | compact 14.5378 | spectral 17.0481 | recons_loss: 0.160465 | sparse_loss: 1.03054 | 
2025-07-21 04:03:19,478 [INFO] [Iter 117] LR: 0.00019531
2025-07-21 04:03:19,479 [INFO] Saving best model at iteration 117
2025-07-21 04:03:20,077 [INFO] [118/300] loss 836.276 | compact 14.5379 | spectral 17.0482 | recons_loss: 0.160459 | sparse_loss: 1.03054 | 
2025-07-21 04:03:20,078 [INFO] [Iter 118] LR: 0.00009766
2025-07-21 04:03:20,080 [INFO] Saving best model at iteration 118
2025-07-21 04:03:20,678 [INFO] [119/300] loss 836.27 | compact 14.5379 | spectral 17.0483 | recons_loss: 0.160453 | sparse_loss: 1.03054 | 
2025-07-21 04:03:20,679 [INFO] [Iter 119] LR: 0.00009766
2025-07-21 04:03:20,680 [INFO] Saving best model at iteration 119
2025-07-21 04:03:21,284 [INFO] [120/300] loss 836.265 | compact 14.538 | spectral 17.0483 | recons_loss: 0.160448 | sparse_loss: 1.03053 | 
2025-07-21 04:03:21,285 [INFO] [Iter 120] LR: 0.00009766
2025-07-21 04:03:21,287 [INFO] Saving best model at iteration 120
2025-07-21 04:03:21,886 [INFO] [121/300] loss 836.261 | compact 14.5381 | spectral 17.0484 | recons_loss: 0.160443 | sparse_loss: 1.03053 | 
2025-07-21 04:03:21,887 [INFO] [Iter 121] LR: 0.00004883
2025-07-21 04:03:21,888 [INFO] Saving best model at iteration 121
2025-07-21 04:03:22,487 [INFO] [122/300] loss 836.257 | compact 14.5381 | spectral 17.0484 | recons_loss: 0.160439 | sparse_loss: 1.03053 | 
2025-07-21 04:03:22,487 [INFO] [Iter 122] LR: 0.00004883
2025-07-21 04:03:22,488 [INFO] Saving best model at iteration 122
2025-07-21 04:03:23,086 [INFO] [123/300] loss 836.253 | compact 14.5382 | spectral 17.0485 | recons_loss: 0.160435 | sparse_loss: 1.03053 | 
2025-07-21 04:03:23,086 [INFO] [Iter 123] LR: 0.00004883
2025-07-21 04:03:23,088 [INFO] Saving best model at iteration 123
2025-07-21 04:03:23,686 [INFO] [124/300] loss 836.25 | compact 14.5382 | spectral 17.0485 | recons_loss: 0.160432 | sparse_loss: 1.03052 | 
2025-07-21 04:03:23,686 [INFO] [Iter 124] LR: 0.00002441
2025-07-21 04:03:23,687 [INFO] Saving best model at iteration 124
2025-07-21 04:03:24,284 [INFO] [125/300] loss 836.247 | compact 14.5383 | spectral 17.0486 | recons_loss: 0.160429 | sparse_loss: 1.03052 | 
2025-07-21 04:03:24,285 [INFO] [Iter 125] LR: 0.00002441
2025-07-21 04:03:24,286 [INFO] Saving best model at iteration 125
2025-07-21 04:03:24,883 [INFO] [126/300] loss 836.244 | compact 14.5383 | spectral 17.0486 | recons_loss: 0.160426 | sparse_loss: 1.03052 | 
2025-07-21 04:03:24,884 [INFO] [Iter 126] LR: 0.00002441
2025-07-21 04:03:24,885 [INFO] Saving best model at iteration 126
2025-07-21 04:03:25,483 [INFO] [127/300] loss 836.242 | compact 14.5383 | spectral 17.0486 | recons_loss: 0.160423 | sparse_loss: 1.03052 | 
2025-07-21 04:03:25,484 [INFO] [Iter 127] LR: 0.00001221
2025-07-21 04:03:25,486 [INFO] Saving best model at iteration 127
2025-07-21 04:03:26,104 [INFO] [128/300] loss 836.24 | compact 14.5384 | spectral 17.0487 | recons_loss: 0.160421 | sparse_loss: 1.03052 | 
2025-07-21 04:03:26,104 [INFO] [Iter 128] LR: 0.00001221
2025-07-21 04:03:26,105 [INFO] Saving best model at iteration 128
2025-07-21 04:03:26,703 [INFO] [129/300] loss 836.238 | compact 14.5384 | spectral 17.0487 | recons_loss: 0.160419 | sparse_loss: 1.03052 | 
2025-07-21 04:03:26,703 [INFO] [Iter 129] LR: 0.00001221
2025-07-21 04:03:26,704 [INFO] Saving best model at iteration 129
2025-07-21 04:03:27,315 [INFO] [130/300] loss 836.236 | compact 14.5384 | spectral 17.0487 | recons_loss: 0.160417 | sparse_loss: 1.03052 | 
2025-07-21 04:03:27,315 [INFO] [Iter 130] LR: 0.00000610
2025-07-21 04:03:27,316 [INFO] Saving best model at iteration 130
2025-07-21 04:03:27,914 [INFO] [131/300] loss 836.234 | compact 14.5384 | spectral 17.0487 | recons_loss: 0.160415 | sparse_loss: 1.03052 | 
2025-07-21 04:03:27,914 [INFO] [Iter 131] LR: 0.00000610
2025-07-21 04:03:27,915 [INFO] Saving best model at iteration 131
2025-07-21 04:03:28,512 [INFO] [132/300] loss 836.233 | compact 14.5385 | spectral 17.0487 | recons_loss: 0.160414 | sparse_loss: 1.03051 | 
2025-07-21 04:03:28,513 [INFO] [Iter 132] LR: 0.00000610
2025-07-21 04:03:28,514 [INFO] Saving best model at iteration 132
2025-07-21 04:03:29,111 [INFO] [133/300] loss 836.231 | compact 14.5385 | spectral 17.0488 | recons_loss: 0.160413 | sparse_loss: 1.03051 | 
2025-07-21 04:03:29,111 [INFO] [Iter 133] LR: 0.00000305
2025-07-21 04:03:29,113 [INFO] Saving best model at iteration 133
2025-07-21 04:03:29,710 [INFO] [134/300] loss 836.23 | compact 14.5385 | spectral 17.0488 | recons_loss: 0.160411 | sparse_loss: 1.03051 | 
2025-07-21 04:03:29,710 [INFO] [Iter 134] LR: 0.00000305
2025-07-21 04:03:29,711 [INFO] Saving best model at iteration 134
2025-07-21 04:03:30,309 [INFO] [135/300] loss 836.229 | compact 14.5385 | spectral 17.0488 | recons_loss: 0.16041 | sparse_loss: 1.03051 | 
2025-07-21 04:03:30,310 [INFO] [Iter 135] LR: 0.00000305
2025-07-21 04:03:30,311 [INFO] Saving best model at iteration 135
2025-07-21 04:03:30,909 [INFO] [136/300] loss 836.228 | compact 14.5385 | spectral 17.0488 | recons_loss: 0.160409 | sparse_loss: 1.03051 | 
2025-07-21 04:03:30,909 [INFO] [Iter 136] LR: 0.00000153
2025-07-21 04:03:30,911 [INFO] Saving best model at iteration 136
2025-07-21 04:03:31,519 [INFO] [137/300] loss 836.227 | compact 14.5385 | spectral 17.0488 | recons_loss: 0.160408 | sparse_loss: 1.03051 | 
2025-07-21 04:03:31,519 [INFO] [Iter 137] LR: 0.00000153
2025-07-21 04:03:31,520 [INFO] Saving best model at iteration 137
2025-07-21 04:03:32,118 [INFO] [138/300] loss 836.227 | compact 14.5385 | spectral 17.0488 | recons_loss: 0.160408 | sparse_loss: 1.03051 | 
2025-07-21 04:03:32,118 [INFO] [Iter 138] LR: 0.00000153
2025-07-21 04:03:32,119 [INFO] Saving best model at iteration 138
2025-07-21 04:03:32,718 [INFO] [139/300] loss 836.226 | compact 14.5386 | spectral 17.0488 | recons_loss: 0.160407 | sparse_loss: 1.03051 | 
2025-07-21 04:03:32,718 [INFO] [Iter 139] LR: 0.00000076
2025-07-21 04:03:32,720 [INFO] Saving best model at iteration 139
2025-07-21 04:03:33,331 [INFO] [140/300] loss 836.225 | compact 14.5386 | spectral 17.0488 | recons_loss: 0.160406 | sparse_loss: 1.03051 | 
2025-07-21 04:03:33,331 [INFO] [Iter 140] LR: 0.00000076
2025-07-21 04:03:33,332 [INFO] Saving best model at iteration 140
2025-07-21 04:03:33,931 [INFO] [141/300] loss 836.225 | compact 14.5386 | spectral 17.0489 | recons_loss: 0.160406 | sparse_loss: 1.03051 | 
2025-07-21 04:03:33,931 [INFO] [Iter 141] LR: 0.00000076
2025-07-21 04:03:33,932 [INFO] Saving best model at iteration 141
2025-07-21 04:03:34,531 [INFO] [142/300] loss 836.224 | compact 14.5386 | spectral 17.0489 | recons_loss: 0.160405 | sparse_loss: 1.03051 | 
2025-07-21 04:03:34,532 [INFO] [Iter 142] LR: 0.00000038
2025-07-21 04:03:34,534 [INFO] Saving best model at iteration 142
2025-07-21 04:03:35,134 [INFO] [143/300] loss 836.224 | compact 14.5386 | spectral 17.0489 | recons_loss: 0.160405 | sparse_loss: 1.03051 | 
2025-07-21 04:03:35,134 [INFO] [Iter 143] LR: 0.00000038
2025-07-21 04:03:35,137 [INFO] Saving best model at iteration 143
2025-07-21 04:03:35,735 [INFO] [144/300] loss 836.223 | compact 14.5386 | spectral 17.0489 | recons_loss: 0.160404 | sparse_loss: 1.03051 | 
2025-07-21 04:03:35,736 [INFO] [Iter 144] LR: 0.00000038
2025-07-21 04:03:35,737 [INFO] Saving best model at iteration 144
2025-07-21 04:03:36,334 [INFO] [145/300] loss 836.223 | compact 14.5386 | spectral 17.0489 | recons_loss: 0.160404 | sparse_loss: 1.03051 | 
2025-07-21 04:03:36,334 [INFO] [Iter 145] LR: 0.00000019
2025-07-21 04:03:36,335 [INFO] Saving best model at iteration 145
2025-07-21 04:03:36,933 [INFO] [146/300] loss 836.223 | compact 14.5386 | spectral 17.0489 | recons_loss: 0.160404 | sparse_loss: 1.03051 | 
2025-07-21 04:03:36,934 [INFO] [Iter 146] LR: 0.00000019
2025-07-21 04:03:36,936 [INFO] Saving best model at iteration 146
2025-07-21 04:03:37,535 [INFO] [147/300] loss 836.222 | compact 14.5386 | spectral 17.0489 | recons_loss: 0.160403 | sparse_loss: 1.03051 | 
2025-07-21 04:03:37,536 [INFO] [Iter 147] LR: 0.00000019
2025-07-21 04:03:37,538 [INFO] Saving best model at iteration 147
2025-07-21 04:03:38,136 [INFO] [148/300] loss 836.222 | compact 14.5386 | spectral 17.0489 | recons_loss: 0.160403 | sparse_loss: 1.03051 | 
2025-07-21 04:03:38,136 [INFO] [Iter 148] LR: 0.00000010
2025-07-21 04:03:38,137 [INFO] Saving best model at iteration 148
2025-07-21 04:03:38,735 [INFO] [149/300] loss 836.222 | compact 14.5386 | spectral 17.0489 | recons_loss: 0.160403 | sparse_loss: 1.03051 | 
2025-07-21 04:03:38,735 [INFO] [Iter 149] LR: 0.00000010
2025-07-21 04:03:38,736 [INFO] Saving best model at iteration 149
2025-07-21 04:03:38,916 [INFO] H: 600, W: 166
2025-07-21 04:03:39,014 [INFO] [0 1 2 3 4 5]
2025-07-21 04:03:39,113 [INFO] y_target: [1 2 3 4 5 6]
2025-07-21 04:03:39,113 [INFO] y_predict: [0 1 2 3 4 5]
2025-07-21 04:03:39,202 [INFO] Epoch = 150 OA = 0.8585 Kappa = 0.8111 NMI = 0.8108
2025-07-21 04:03:39,677 [INFO] [150/300] loss 836.222 | compact 14.5386 | spectral 17.0489 | recons_loss: 0.160403 | sparse_loss: 1.03051 | 
2025-07-21 04:03:39,678 [INFO] [Iter 150] LR: 0.00000010
2025-07-21 04:03:39,679 [INFO] Saving best model at iteration 150
2025-07-21 04:03:40,276 [INFO] [151/300] loss 836.221 | compact 14.5386 | spectral 17.0489 | recons_loss: 0.160402 | sparse_loss: 1.03051 | 
2025-07-21 04:03:40,276 [INFO] [Iter 151] LR: 0.00000005
2025-07-21 04:03:40,277 [INFO] Saving best model at iteration 151
2025-07-21 04:03:40,875 [INFO] [152/300] loss 836.221 | compact 14.5386 | spectral 17.0489 | recons_loss: 0.160402 | sparse_loss: 1.03051 | 
2025-07-21 04:03:40,876 [INFO] [Iter 152] LR: 0.00000005
2025-07-21 04:03:40,876 [INFO] Saving best model at iteration 152
2025-07-21 04:03:41,474 [INFO] [153/300] loss 836.221 | compact 14.5386 | spectral 17.0489 | recons_loss: 0.160402 | sparse_loss: 1.03051 | 
2025-07-21 04:03:41,474 [INFO] [Iter 153] LR: 0.00000005
2025-07-21 04:03:41,475 [INFO] Saving best model at iteration 153
2025-07-21 04:03:42,072 [INFO] [154/300] loss 836.221 | compact 14.5386 | spectral 17.0489 | recons_loss: 0.160402 | sparse_loss: 1.03051 | 
2025-07-21 04:03:42,073 [INFO] [Iter 154] LR: 0.00000002
2025-07-21 04:03:42,074 [INFO] Saving best model at iteration 154
2025-07-21 04:03:42,671 [INFO] [155/300] loss 836.221 | compact 14.5386 | spectral 17.0489 | recons_loss: 0.160402 | sparse_loss: 1.03051 | 
2025-07-21 04:03:42,672 [INFO] [Iter 155] LR: 0.00000002
2025-07-21 04:03:42,673 [INFO] Saving best model at iteration 155
2025-07-21 04:03:43,271 [INFO] [156/300] loss 836.221 | compact 14.5386 | spectral 17.0489 | recons_loss: 0.160402 | sparse_loss: 1.03051 | 
2025-07-21 04:03:43,271 [INFO] [Iter 156] LR: 0.00000002
2025-07-21 04:03:43,273 [INFO] Saving best model at iteration 156
2025-07-21 04:03:43,884 [INFO] [157/300] loss 836.221 | compact 14.5386 | spectral 17.0489 | recons_loss: 0.160402 | sparse_loss: 1.03051 | 
2025-07-21 04:03:43,884 [INFO] [Iter 157] LR: 0.00000001
2025-07-21 04:03:43,885 [INFO] Saving best model at iteration 157
2025-07-21 04:03:44,497 [INFO] [158/300] loss 836.221 | compact 14.5386 | spectral 17.0489 | recons_loss: 0.160401 | sparse_loss: 1.03051 | 
2025-07-21 04:03:44,497 [INFO] [Iter 158] LR: 0.00000001
2025-07-21 04:03:44,499 [INFO] No improvement: current loss 836.220512, best loss 836.220606
2025-07-21 04:03:45,104 [INFO] [159/300] loss 836.22 | compact 14.5386 | spectral 17.0489 | recons_loss: 0.160401 | sparse_loss: 1.03051 | 
2025-07-21 04:03:45,104 [INFO] [Iter 159] LR: 0.00000001
2025-07-21 04:03:45,105 [INFO] Saving best model at iteration 159
2025-07-21 04:03:45,715 [INFO] [160/300] loss 836.22 | compact 14.5386 | spectral 17.0489 | recons_loss: 0.160401 | sparse_loss: 1.03051 | 
2025-07-21 04:03:45,715 [INFO] [Iter 160] LR: 0.00000001
2025-07-21 04:03:45,716 [INFO] No improvement: current loss 836.220351, best loss 836.220428
2025-07-21 04:03:46,316 [INFO] [161/300] loss 836.22 | compact 14.5386 | spectral 17.0489 | recons_loss: 0.160401 | sparse_loss: 1.03051 | 
2025-07-21 04:03:46,316 [INFO] [Iter 161] LR: 0.00000001
2025-07-21 04:03:46,317 [INFO] Saving best model at iteration 161
2025-07-21 04:03:46,914 [INFO] [162/300] loss 836.22 | compact 14.5386 | spectral 17.0489 | recons_loss: 0.160401 | sparse_loss: 1.03051 | 
2025-07-21 04:03:46,915 [INFO] [Iter 162] LR: 0.00000001
2025-07-21 04:03:46,916 [INFO] No improvement: current loss 836.220221, best loss 836.220283
2025-07-21 04:03:47,513 [INFO] [163/300] loss 836.22 | compact 14.5386 | spectral 17.0489 | recons_loss: 0.160401 | sparse_loss: 1.03051 | 
2025-07-21 04:03:47,514 [INFO] [Iter 163] LR: 0.00000001
2025-07-21 04:03:47,515 [INFO] Saving best model at iteration 163
2025-07-21 04:03:48,112 [INFO] [164/300] loss 836.22 | compact 14.5386 | spectral 17.0489 | recons_loss: 0.160401 | sparse_loss: 1.03051 | 
2025-07-21 04:03:48,112 [INFO] [Iter 164] LR: 0.00000001
2025-07-21 04:03:48,113 [INFO] No improvement: current loss 836.220115, best loss 836.220165
2025-07-21 04:03:48,711 [INFO] [165/300] loss 836.22 | compact 14.5386 | spectral 17.0489 | recons_loss: 0.160401 | sparse_loss: 1.03051 | 
2025-07-21 04:03:48,711 [INFO] [Iter 165] LR: 0.00000001
2025-07-21 04:03:48,712 [INFO] No improvement: current loss 836.220070, best loss 836.220165
2025-07-21 04:03:49,310 [INFO] [166/300] loss 836.22 | compact 14.5386 | spectral 17.0489 | recons_loss: 0.160401 | sparse_loss: 1.03051 | 
2025-07-21 04:03:49,311 [INFO] [Iter 166] LR: 0.00000001
2025-07-21 04:03:49,311 [INFO] Saving best model at iteration 166
2025-07-21 04:03:49,910 [INFO] [167/300] loss 836.22 | compact 14.5386 | spectral 17.0489 | recons_loss: 0.160401 | sparse_loss: 1.03051 | 
2025-07-21 04:03:49,910 [INFO] [Iter 167] LR: 0.00000001
2025-07-21 04:03:49,912 [INFO] No improvement: current loss 836.219994, best loss 836.220030
2025-07-21 04:03:50,528 [INFO] [168/300] loss 836.22 | compact 14.5386 | spectral 17.0489 | recons_loss: 0.160401 | sparse_loss: 1.03051 | 
2025-07-21 04:03:50,528 [INFO] [Iter 168] LR: 0.00000001
2025-07-21 04:03:50,529 [INFO] No improvement: current loss 836.219961, best loss 836.220030
2025-07-21 04:03:51,127 [INFO] [169/300] loss 836.22 | compact 14.5386 | spectral 17.0489 | recons_loss: 0.160401 | sparse_loss: 1.03051 | 
2025-07-21 04:03:51,127 [INFO] [Iter 169] LR: 0.00000001
2025-07-21 04:03:51,128 [INFO] No improvement: current loss 836.219931, best loss 836.220030
2025-07-21 04:03:51,726 [INFO] [170/300] loss 836.22 | compact 14.5386 | spectral 17.0489 | recons_loss: 0.160401 | sparse_loss: 1.03051 | 
2025-07-21 04:03:51,726 [INFO] [Iter 170] LR: 0.00000001
2025-07-21 04:03:51,728 [INFO] Saving best model at iteration 170
2025-07-21 04:03:52,326 [INFO] [171/300] loss 836.22 | compact 14.5386 | spectral 17.0489 | recons_loss: 0.160401 | sparse_loss: 1.03051 | 
2025-07-21 04:03:52,326 [INFO] [Iter 171] LR: 0.00000001
2025-07-21 04:03:52,327 [INFO] No improvement: current loss 836.219881, best loss 836.219905
2025-07-21 04:03:52,925 [INFO] [172/300] loss 836.22 | compact 14.5386 | spectral 17.0489 | recons_loss: 0.160401 | sparse_loss: 1.03051 | 
2025-07-21 04:03:52,925 [INFO] [Iter 172] LR: 0.00000001
2025-07-21 04:03:52,927 [INFO] No improvement: current loss 836.219859, best loss 836.219905
2025-07-21 04:03:53,526 [INFO] [173/300] loss 836.22 | compact 14.5386 | spectral 17.0489 | recons_loss: 0.160401 | sparse_loss: 1.03051 | 
2025-07-21 04:03:53,526 [INFO] [Iter 173] LR: 0.00000001
2025-07-21 04:03:53,527 [INFO] No improvement: current loss 836.219840, best loss 836.219905
2025-07-21 04:03:54,125 [INFO] [174/300] loss 836.22 | compact 14.5386 | spectral 17.0489 | recons_loss: 0.160401 | sparse_loss: 1.03051 | 
2025-07-21 04:03:54,125 [INFO] [Iter 174] LR: 0.00000001
2025-07-21 04:03:54,126 [INFO] No improvement: current loss 836.219822, best loss 836.219905
2025-07-21 04:03:54,724 [INFO] [175/300] loss 836.22 | compact 14.5386 | spectral 17.0489 | recons_loss: 0.160401 | sparse_loss: 1.03051 | 
2025-07-21 04:03:54,725 [INFO] [Iter 175] LR: 0.00000001
2025-07-21 04:03:54,727 [INFO] No improvement: current loss 836.219807, best loss 836.219905
2025-07-21 04:03:55,327 [INFO] [176/300] loss 836.22 | compact 14.5386 | spectral 17.0489 | recons_loss: 0.160401 | sparse_loss: 1.03051 | 
2025-07-21 04:03:55,327 [INFO] [Iter 176] LR: 0.00000001
2025-07-21 04:03:55,329 [INFO] Saving best model at iteration 176
2025-07-21 04:03:55,927 [INFO] [177/300] loss 836.22 | compact 14.5386 | spectral 17.0489 | recons_loss: 0.160401 | sparse_loss: 1.03051 | 
2025-07-21 04:03:55,928 [INFO] [Iter 177] LR: 0.00000001
2025-07-21 04:03:55,929 [INFO] No improvement: current loss 836.219780, best loss 836.219793
2025-07-21 04:03:56,527 [INFO] [178/300] loss 836.22 | compact 14.5386 | spectral 17.0489 | recons_loss: 0.160401 | sparse_loss: 1.03051 | 
2025-07-21 04:03:56,527 [INFO] [Iter 178] LR: 0.00000001
2025-07-21 04:03:56,528 [INFO] No improvement: current loss 836.219768, best loss 836.219793
2025-07-21 04:03:57,125 [INFO] [179/300] loss 836.22 | compact 14.5386 | spectral 17.0489 | recons_loss: 0.160401 | sparse_loss: 1.03051 | 
2025-07-21 04:03:57,126 [INFO] [Iter 179] LR: 0.00000001
2025-07-21 04:03:57,127 [INFO] No improvement: current loss 836.219758, best loss 836.219793
2025-07-21 04:03:57,724 [INFO] [180/300] loss 836.22 | compact 14.5386 | spectral 17.0489 | recons_loss: 0.160401 | sparse_loss: 1.03051 | 
2025-07-21 04:03:57,724 [INFO] [Iter 180] LR: 0.00000001
2025-07-21 04:03:57,725 [INFO] No improvement: current loss 836.219749, best loss 836.219793
2025-07-21 04:03:58,323 [INFO] [181/300] loss 836.22 | compact 14.5386 | spectral 17.0489 | recons_loss: 0.160401 | sparse_loss: 1.03051 | 
2025-07-21 04:03:58,323 [INFO] [Iter 181] LR: 0.00000001
2025-07-21 04:03:58,324 [INFO] No improvement: current loss 836.219741, best loss 836.219793
2025-07-21 04:03:58,922 [INFO] [182/300] loss 836.22 | compact 14.5386 | spectral 17.0489 | recons_loss: 0.160401 | sparse_loss: 1.03051 | 
2025-07-21 04:03:58,922 [INFO] [Iter 182] LR: 0.00000001
2025-07-21 04:03:58,923 [INFO] No improvement: current loss 836.219733, best loss 836.219793
2025-07-21 04:03:59,523 [INFO] [183/300] loss 836.22 | compact 14.5386 | spectral 17.0489 | recons_loss: 0.160401 | sparse_loss: 1.03051 | 
2025-07-21 04:03:59,524 [INFO] [Iter 183] LR: 0.00000001
2025-07-21 04:03:59,525 [INFO] No improvement: current loss 836.219726, best loss 836.219793
2025-07-21 04:04:00,136 [INFO] [184/300] loss 836.22 | compact 14.5386 | spectral 17.0489 | recons_loss: 0.160401 | sparse_loss: 1.03051 | 
2025-07-21 04:04:00,136 [INFO] [Iter 184] LR: 0.00000001
2025-07-21 04:04:00,137 [INFO] No improvement: current loss 836.219720, best loss 836.219793
2025-07-21 04:04:00,751 [INFO] [185/300] loss 836.22 | compact 14.5386 | spectral 17.0489 | recons_loss: 0.160401 | sparse_loss: 1.03051 | 
2025-07-21 04:04:00,752 [INFO] [Iter 185] LR: 0.00000001
2025-07-21 04:04:00,753 [INFO] No improvement: current loss 836.219715, best loss 836.219793
2025-07-21 04:04:01,351 [INFO] [186/300] loss 836.22 | compact 14.5386 | spectral 17.0489 | recons_loss: 0.160401 | sparse_loss: 1.03051 | 
2025-07-21 04:04:01,351 [INFO] [Iter 186] LR: 0.00000001
2025-07-21 04:04:01,352 [INFO] No improvement: current loss 836.219710, best loss 836.219793
2025-07-21 04:04:01,950 [INFO] [187/300] loss 836.22 | compact 14.5386 | spectral 17.0489 | recons_loss: 0.160401 | sparse_loss: 1.03051 | 
2025-07-21 04:04:01,950 [INFO] [Iter 187] LR: 0.00000001
2025-07-21 04:04:01,951 [INFO] No improvement: current loss 836.219705, best loss 836.219793
2025-07-21 04:04:02,559 [INFO] [188/300] loss 836.22 | compact 14.5386 | spectral 17.0489 | recons_loss: 0.160401 | sparse_loss: 1.03051 | 
2025-07-21 04:04:02,559 [INFO] [Iter 188] LR: 0.00000001
2025-07-21 04:04:02,560 [INFO] No improvement: current loss 836.219701, best loss 836.219793
2025-07-21 04:04:03,159 [INFO] [189/300] loss 836.22 | compact 14.5386 | spectral 17.0489 | recons_loss: 0.160401 | sparse_loss: 1.03051 | 
2025-07-21 04:04:03,159 [INFO] [Iter 189] LR: 0.00000001
2025-07-21 04:04:03,160 [INFO] No improvement: current loss 836.219698, best loss 836.219793
2025-07-21 04:04:03,757 [INFO] [190/300] loss 836.22 | compact 14.5386 | spectral 17.0489 | recons_loss: 0.160401 | sparse_loss: 1.03051 | 
2025-07-21 04:04:03,758 [INFO] [Iter 190] LR: 0.00000001
2025-07-21 04:04:03,759 [INFO] No improvement: current loss 836.219695, best loss 836.219793
2025-07-21 04:04:04,357 [INFO] [191/300] loss 836.22 | compact 14.5386 | spectral 17.0489 | recons_loss: 0.160401 | sparse_loss: 1.03051 | 
2025-07-21 04:04:04,357 [INFO] [Iter 191] LR: 0.00000001
2025-07-21 04:04:04,359 [INFO] Saving best model at iteration 191
2025-07-21 04:04:04,957 [INFO] [192/300] loss 836.22 | compact 14.5386 | spectral 17.0489 | recons_loss: 0.160401 | sparse_loss: 1.03051 | 
2025-07-21 04:04:04,958 [INFO] [Iter 192] LR: 0.00000001
2025-07-21 04:04:04,959 [INFO] No improvement: current loss 836.219689, best loss 836.219692
2025-07-21 04:04:05,558 [INFO] [193/300] loss 836.22 | compact 14.5386 | spectral 17.0489 | recons_loss: 0.160401 | sparse_loss: 1.03051 | 
2025-07-21 04:04:05,558 [INFO] [Iter 193] LR: 0.00000001
2025-07-21 04:04:05,560 [INFO] No improvement: current loss 836.219687, best loss 836.219692
2025-07-21 04:04:06,157 [INFO] [194/300] loss 836.22 | compact 14.5386 | spectral 17.0489 | recons_loss: 0.160401 | sparse_loss: 1.03051 | 
2025-07-21 04:04:06,158 [INFO] [Iter 194] LR: 0.00000001
2025-07-21 04:04:06,159 [INFO] No improvement: current loss 836.219685, best loss 836.219692
2025-07-21 04:04:06,757 [INFO] [195/300] loss 836.22 | compact 14.5386 | spectral 17.0489 | recons_loss: 0.160401 | sparse_loss: 1.03051 | 
2025-07-21 04:04:06,757 [INFO] [Iter 195] LR: 0.00000001
2025-07-21 04:04:06,758 [INFO] No improvement: current loss 836.219683, best loss 836.219692
2025-07-21 04:04:07,360 [INFO] [196/300] loss 836.22 | compact 14.5386 | spectral 17.0489 | recons_loss: 0.160401 | sparse_loss: 1.03051 | 
2025-07-21 04:04:07,360 [INFO] [Iter 196] LR: 0.00000001
2025-07-21 04:04:07,363 [INFO] No improvement: current loss 836.219681, best loss 836.219692
2025-07-21 04:04:07,978 [INFO] [197/300] loss 836.22 | compact 14.5386 | spectral 17.0489 | recons_loss: 0.160401 | sparse_loss: 1.03051 | 
2025-07-21 04:04:07,979 [INFO] [Iter 197] LR: 0.00000001
2025-07-21 04:04:07,980 [INFO] No improvement: current loss 836.219679, best loss 836.219692
2025-07-21 04:04:08,577 [INFO] [198/300] loss 836.22 | compact 14.5386 | spectral 17.0489 | recons_loss: 0.160401 | sparse_loss: 1.03051 | 
2025-07-21 04:04:08,577 [INFO] [Iter 198] LR: 0.00000001
2025-07-21 04:04:08,578 [INFO] No improvement: current loss 836.219678, best loss 836.219692
2025-07-21 04:04:09,176 [INFO] [199/300] loss 836.22 | compact 14.5386 | spectral 17.0489 | recons_loss: 0.160401 | sparse_loss: 1.03051 | 
2025-07-21 04:04:09,176 [INFO] [Iter 199] LR: 0.00000001
2025-07-21 04:04:09,178 [INFO] No improvement: current loss 836.219677, best loss 836.219692
2025-07-21 04:04:09,360 [INFO] H: 600, W: 166
2025-07-21 04:04:09,482 [INFO] [0 1 2 3 4 5]
2025-07-21 04:04:09,579 [INFO] y_target: [1 2 3 4 5 6]
2025-07-21 04:04:09,580 [INFO] y_predict: [0 1 2 3 4 5]
2025-07-21 04:04:09,669 [INFO] Epoch = 200 OA = 0.8585 Kappa = 0.8111 NMI = 0.8108
2025-07-21 04:04:10,145 [INFO] [200/300] loss 836.22 | compact 14.5386 | spectral 17.0489 | recons_loss: 0.160401 | sparse_loss: 1.03051 | 
2025-07-21 04:04:10,145 [INFO] [Iter 200] LR: 0.00000001
2025-07-21 04:04:10,146 [INFO] No improvement: current loss 836.219676, best loss 836.219692
2025-07-21 04:04:10,756 [INFO] [201/300] loss 836.22 | compact 14.5386 | spectral 17.0489 | recons_loss: 0.160401 | sparse_loss: 1.03051 | 
2025-07-21 04:04:10,757 [INFO] [Iter 201] LR: 0.00000001
2025-07-21 04:04:10,758 [INFO] No improvement: current loss 836.219675, best loss 836.219692
2025-07-21 04:04:11,357 [INFO] [202/300] loss 836.22 | compact 14.5386 | spectral 17.0489 | recons_loss: 0.160401 | sparse_loss: 1.03051 | 
2025-07-21 04:04:11,357 [INFO] [Iter 202] LR: 0.00000001
2025-07-21 04:04:11,358 [INFO] No improvement: current loss 836.219674, best loss 836.219692
2025-07-21 04:04:11,956 [INFO] [203/300] loss 836.22 | compact 14.5386 | spectral 17.0489 | recons_loss: 0.160401 | sparse_loss: 1.03051 | 
2025-07-21 04:04:11,956 [INFO] [Iter 203] LR: 0.00000001
2025-07-21 04:04:11,958 [INFO] No improvement: current loss 836.219673, best loss 836.219692
2025-07-21 04:04:12,563 [INFO] [204/300] loss 836.22 | compact 14.5386 | spectral 17.0489 | recons_loss: 0.160401 | sparse_loss: 1.03051 | 
2025-07-21 04:04:12,563 [INFO] [Iter 204] LR: 0.00000001
2025-07-21 04:04:12,564 [INFO] No improvement: current loss 836.219672, best loss 836.219692
2025-07-21 04:04:13,163 [INFO] [205/300] loss 836.22 | compact 14.5386 | spectral 17.0489 | recons_loss: 0.160401 | sparse_loss: 1.03051 | 
2025-07-21 04:04:13,163 [INFO] [Iter 205] LR: 0.00000001
2025-07-21 04:04:13,164 [INFO] No improvement: current loss 836.219672, best loss 836.219692
2025-07-21 04:04:13,763 [INFO] [206/300] loss 836.22 | compact 14.5386 | spectral 17.0489 | recons_loss: 0.160401 | sparse_loss: 1.03051 | 
2025-07-21 04:04:13,763 [INFO] [Iter 206] LR: 0.00000001
2025-07-21 04:04:13,765 [INFO] No improvement: current loss 836.219671, best loss 836.219692
2025-07-21 04:04:14,368 [INFO] [207/300] loss 836.22 | compact 14.5386 | spectral 17.0489 | recons_loss: 0.160401 | sparse_loss: 1.03051 | 
2025-07-21 04:04:14,368 [INFO] [Iter 207] LR: 0.00000001
2025-07-21 04:04:14,370 [INFO] No improvement: current loss 836.219670, best loss 836.219692
2025-07-21 04:04:14,968 [INFO] [208/300] loss 836.22 | compact 14.5386 | spectral 17.0489 | recons_loss: 0.160401 | sparse_loss: 1.03051 | 
2025-07-21 04:04:14,968 [INFO] [Iter 208] LR: 0.00000001
2025-07-21 04:04:14,971 [INFO] No improvement: current loss 836.219670, best loss 836.219692
2025-07-21 04:04:15,570 [INFO] [209/300] loss 836.22 | compact 14.5386 | spectral 17.0489 | recons_loss: 0.160401 | sparse_loss: 1.03051 | 
2025-07-21 04:04:15,571 [INFO] [Iter 209] LR: 0.00000001
2025-07-21 04:04:15,572 [INFO] No improvement: current loss 836.219669, best loss 836.219692
2025-07-21 04:04:16,169 [INFO] [210/300] loss 836.22 | compact 14.5386 | spectral 17.0489 | recons_loss: 0.160401 | sparse_loss: 1.03051 | 
2025-07-21 04:04:16,169 [INFO] [Iter 210] LR: 0.00000001
2025-07-21 04:04:16,170 [INFO] No improvement: current loss 836.219669, best loss 836.219692
2025-07-21 04:04:16,770 [INFO] [211/300] loss 836.22 | compact 14.5386 | spectral 17.0489 | recons_loss: 0.160401 | sparse_loss: 1.03051 | 
2025-07-21 04:04:16,770 [INFO] [Iter 211] LR: 0.00000001
2025-07-21 04:04:16,772 [INFO] No improvement: current loss 836.219669, best loss 836.219692
2025-07-21 04:04:17,372 [INFO] [212/300] loss 836.22 | compact 14.5386 | spectral 17.0489 | recons_loss: 0.160401 | sparse_loss: 1.03051 | 
2025-07-21 04:04:17,372 [INFO] [Iter 212] LR: 0.00000001
2025-07-21 04:04:17,373 [INFO] No improvement: current loss 836.219668, best loss 836.219692
2025-07-21 04:04:17,975 [INFO] [213/300] loss 836.22 | compact 14.5386 | spectral 17.0489 | recons_loss: 0.160401 | sparse_loss: 1.03051 | 
2025-07-21 04:04:17,976 [INFO] [Iter 213] LR: 0.00000001
2025-07-21 04:04:17,978 [INFO] No improvement: current loss 836.219668, best loss 836.219692
2025-07-21 04:04:18,577 [INFO] [214/300] loss 836.22 | compact 14.5386 | spectral 17.0489 | recons_loss: 0.160401 | sparse_loss: 1.03051 | 
2025-07-21 04:04:18,577 [INFO] [Iter 214] LR: 0.00000001
2025-07-21 04:04:18,578 [INFO] No improvement: current loss 836.219668, best loss 836.219692
2025-07-21 04:04:19,192 [INFO] [215/300] loss 836.22 | compact 14.5386 | spectral 17.0489 | recons_loss: 0.160401 | sparse_loss: 1.03051 | 
2025-07-21 04:04:19,193 [INFO] [Iter 215] LR: 0.00000001
2025-07-21 04:04:19,195 [INFO] No improvement: current loss 836.219668, best loss 836.219692
2025-07-21 04:04:19,793 [INFO] [216/300] loss 836.22 | compact 14.5386 | spectral 17.0489 | recons_loss: 0.160401 | sparse_loss: 1.03051 | 
2025-07-21 04:04:19,794 [INFO] [Iter 216] LR: 0.00000001
2025-07-21 04:04:19,795 [INFO] No improvement: current loss 836.219667, best loss 836.219692
2025-07-21 04:04:20,394 [INFO] [217/300] loss 836.22 | compact 14.5386 | spectral 17.0489 | recons_loss: 0.160401 | sparse_loss: 1.03051 | 
2025-07-21 04:04:20,394 [INFO] [Iter 217] LR: 0.00000001
2025-07-21 04:04:20,396 [INFO] No improvement: current loss 836.219667, best loss 836.219692
2025-07-21 04:04:20,995 [INFO] [218/300] loss 836.22 | compact 14.5386 | spectral 17.0489 | recons_loss: 0.160401 | sparse_loss: 1.03051 | 
2025-07-21 04:04:20,996 [INFO] [Iter 218] LR: 0.00000001
2025-07-21 04:04:20,997 [INFO] No improvement: current loss 836.219667, best loss 836.219692
2025-07-21 04:04:21,594 [INFO] [219/300] loss 836.22 | compact 14.5386 | spectral 17.0489 | recons_loss: 0.160401 | sparse_loss: 1.03051 | 
2025-07-21 04:04:21,595 [INFO] [Iter 219] LR: 0.00000001
2025-07-21 04:04:21,596 [INFO] No improvement: current loss 836.219667, best loss 836.219692
2025-07-21 04:04:22,195 [INFO] [220/300] loss 836.22 | compact 14.5386 | spectral 17.0489 | recons_loss: 0.160401 | sparse_loss: 1.03051 | 
2025-07-21 04:04:22,195 [INFO] [Iter 220] LR: 0.00000001
2025-07-21 04:04:22,196 [INFO] No improvement: current loss 836.219667, best loss 836.219692
2025-07-21 04:04:22,798 [INFO] [221/300] loss 836.22 | compact 14.5386 | spectral 17.0489 | recons_loss: 0.160401 | sparse_loss: 1.03051 | 
2025-07-21 04:04:22,798 [INFO] [Iter 221] LR: 0.00000001
2025-07-21 04:04:22,799 [INFO] No improvement: current loss 836.219667, best loss 836.219692
2025-07-21 04:04:23,397 [INFO] [222/300] loss 836.22 | compact 14.5386 | spectral 17.0489 | recons_loss: 0.160401 | sparse_loss: 1.03051 | 
2025-07-21 04:04:23,397 [INFO] [Iter 222] LR: 0.00000001
2025-07-21 04:04:23,398 [INFO] No improvement: current loss 836.219667, best loss 836.219692
2025-07-21 04:04:23,996 [INFO] [223/300] loss 836.22 | compact 14.5386 | spectral 17.0489 | recons_loss: 0.160401 | sparse_loss: 1.03051 | 
2025-07-21 04:04:23,997 [INFO] [Iter 223] LR: 0.00000001
2025-07-21 04:04:23,998 [INFO] No improvement: current loss 836.219666, best loss 836.219692
2025-07-21 04:04:24,610 [INFO] [224/300] loss 836.22 | compact 14.5386 | spectral 17.0489 | recons_loss: 0.160401 | sparse_loss: 1.03051 | 
2025-07-21 04:04:24,611 [INFO] [Iter 224] LR: 0.00000001
2025-07-21 04:04:24,612 [INFO] No improvement: current loss 836.219666, best loss 836.219692
2025-07-21 04:04:25,210 [INFO] [225/300] loss 836.22 | compact 14.5386 | spectral 17.0489 | recons_loss: 0.160401 | sparse_loss: 1.03051 | 
2025-07-21 04:04:25,210 [INFO] [Iter 225] LR: 0.00000001
2025-07-21 04:04:25,211 [INFO] No improvement: current loss 836.219666, best loss 836.219692
2025-07-21 04:04:25,809 [INFO] [226/300] loss 836.22 | compact 14.5386 | spectral 17.0489 | recons_loss: 0.160401 | sparse_loss: 1.03051 | 
2025-07-21 04:04:25,810 [INFO] [Iter 226] LR: 0.00000001
2025-07-21 04:04:25,811 [INFO] No improvement: current loss 836.219666, best loss 836.219692
2025-07-21 04:04:26,409 [INFO] [227/300] loss 836.22 | compact 14.5386 | spectral 17.0489 | recons_loss: 0.160401 | sparse_loss: 1.03051 | 
2025-07-21 04:04:26,409 [INFO] [Iter 227] LR: 0.00000001
2025-07-21 04:04:26,410 [INFO] No improvement: current loss 836.219666, best loss 836.219692
2025-07-21 04:04:27,008 [INFO] [228/300] loss 836.22 | compact 14.5386 | spectral 17.0489 | recons_loss: 0.160401 | sparse_loss: 1.03051 | 
2025-07-21 04:04:27,008 [INFO] [Iter 228] LR: 0.00000001
2025-07-21 04:04:27,009 [INFO] No improvement: current loss 836.219666, best loss 836.219692
2025-07-21 04:04:27,607 [INFO] [229/300] loss 836.22 | compact 14.5386 | spectral 17.0489 | recons_loss: 0.160401 | sparse_loss: 1.03051 | 
2025-07-21 04:04:27,607 [INFO] [Iter 229] LR: 0.00000001
2025-07-21 04:04:27,608 [INFO] No improvement: current loss 836.219666, best loss 836.219692
2025-07-21 04:04:28,206 [INFO] [230/300] loss 836.22 | compact 14.5386 | spectral 17.0489 | recons_loss: 0.160401 | sparse_loss: 1.03051 | 
2025-07-21 04:04:28,206 [INFO] [Iter 230] LR: 0.00000001
2025-07-21 04:04:28,207 [INFO] No improvement: current loss 836.219666, best loss 836.219692
2025-07-21 04:04:28,806 [INFO] [231/300] loss 836.22 | compact 14.5386 | spectral 17.0489 | recons_loss: 0.160401 | sparse_loss: 1.03051 | 
2025-07-21 04:04:28,806 [INFO] [Iter 231] LR: 0.00000001
2025-07-21 04:04:28,807 [INFO] No improvement: current loss 836.219666, best loss 836.219692
2025-07-21 04:04:29,405 [INFO] [232/300] loss 836.22 | compact 14.5386 | spectral 17.0489 | recons_loss: 0.160401 | sparse_loss: 1.03051 | 
2025-07-21 04:04:29,405 [INFO] [Iter 232] LR: 0.00000001
2025-07-21 04:04:29,406 [INFO] No improvement: current loss 836.219666, best loss 836.219692
2025-07-21 04:04:30,004 [INFO] [233/300] loss 836.22 | compact 14.5386 | spectral 17.0489 | recons_loss: 0.160401 | sparse_loss: 1.03051 | 
2025-07-21 04:04:30,004 [INFO] [Iter 233] LR: 0.00000001
2025-07-21 04:04:30,005 [INFO] No improvement: current loss 836.219666, best loss 836.219692
2025-07-21 04:04:30,603 [INFO] [234/300] loss 836.22 | compact 14.5386 | spectral 17.0489 | recons_loss: 0.160401 | sparse_loss: 1.03051 | 
2025-07-21 04:04:30,603 [INFO] [Iter 234] LR: 0.00000001
2025-07-21 04:04:30,604 [INFO] No improvement: current loss 836.219666, best loss 836.219692
2025-07-21 04:04:31,202 [INFO] [235/300] loss 836.22 | compact 14.5386 | spectral 17.0489 | recons_loss: 0.160401 | sparse_loss: 1.03051 | 
2025-07-21 04:04:31,202 [INFO] [Iter 235] LR: 0.00000001
2025-07-21 04:04:31,203 [INFO] No improvement: current loss 836.219666, best loss 836.219692
2025-07-21 04:04:31,801 [INFO] [236/300] loss 836.22 | compact 14.5386 | spectral 17.0489 | recons_loss: 0.160401 | sparse_loss: 1.03051 | 
2025-07-21 04:04:31,801 [INFO] [Iter 236] LR: 0.00000001
2025-07-21 04:04:31,803 [INFO] No improvement: current loss 836.219666, best loss 836.219692
2025-07-21 04:04:32,402 [INFO] [237/300] loss 836.22 | compact 14.5386 | spectral 17.0489 | recons_loss: 0.160401 | sparse_loss: 1.03051 | 
2025-07-21 04:04:32,402 [INFO] [Iter 237] LR: 0.00000001
2025-07-21 04:04:32,403 [INFO] No improvement: current loss 836.219666, best loss 836.219692
2025-07-21 04:04:33,002 [INFO] [238/300] loss 836.22 | compact 14.5386 | spectral 17.0489 | recons_loss: 0.160401 | sparse_loss: 1.03051 | 
2025-07-21 04:04:33,003 [INFO] [Iter 238] LR: 0.00000001
2025-07-21 04:04:33,005 [INFO] No improvement: current loss 836.219666, best loss 836.219692
2025-07-21 04:04:33,617 [INFO] [239/300] loss 836.22 | compact 14.5386 | spectral 17.0489 | recons_loss: 0.160401 | sparse_loss: 1.03051 | 
2025-07-21 04:04:33,617 [INFO] [Iter 239] LR: 0.00000001
2025-07-21 04:04:33,619 [INFO] No improvement: current loss 836.219666, best loss 836.219692
2025-07-21 04:04:34,222 [INFO] [240/300] loss 836.22 | compact 14.5386 | spectral 17.0489 | recons_loss: 0.160401 | sparse_loss: 1.03051 | 
2025-07-21 04:04:34,223 [INFO] [Iter 240] LR: 0.00000001
2025-07-21 04:04:34,224 [INFO] No improvement: current loss 836.219666, best loss 836.219692
2025-07-21 04:04:34,828 [INFO] [241/300] loss 836.22 | compact 14.5386 | spectral 17.0489 | recons_loss: 0.160401 | sparse_loss: 1.03051 | 
2025-07-21 04:04:34,828 [INFO] [Iter 241] LR: 0.00000001
2025-07-21 04:04:34,829 [INFO] No improvement: current loss 836.219666, best loss 836.219692
2025-07-21 04:04:35,427 [INFO] [242/300] loss 836.22 | compact 14.5386 | spectral 17.0489 | recons_loss: 0.160401 | sparse_loss: 1.03051 | 
2025-07-21 04:04:35,427 [INFO] [Iter 242] LR: 0.00000001
2025-07-21 04:04:35,430 [INFO] No improvement: current loss 836.219666, best loss 836.219692
2025-07-21 04:04:36,044 [INFO] [243/300] loss 836.22 | compact 14.5386 | spectral 17.0489 | recons_loss: 0.160401 | sparse_loss: 1.03051 | 
2025-07-21 04:04:36,045 [INFO] [Iter 243] LR: 0.00000001
2025-07-21 04:04:36,045 [INFO] No improvement: current loss 836.219666, best loss 836.219692
2025-07-21 04:04:36,643 [INFO] [244/300] loss 836.22 | compact 14.5386 | spectral 17.0489 | recons_loss: 0.160401 | sparse_loss: 1.03051 | 
2025-07-21 04:04:36,643 [INFO] [Iter 244] LR: 0.00000001
2025-07-21 04:04:36,644 [INFO] No improvement: current loss 836.219666, best loss 836.219692
2025-07-21 04:04:37,241 [INFO] [245/300] loss 836.22 | compact 14.5386 | spectral 17.0489 | recons_loss: 0.160401 | sparse_loss: 1.03051 | 
2025-07-21 04:04:37,241 [INFO] [Iter 245] LR: 0.00000001
2025-07-21 04:04:37,242 [INFO] No improvement: current loss 836.219666, best loss 836.219692
2025-07-21 04:04:37,841 [INFO] [246/300] loss 836.22 | compact 14.5386 | spectral 17.0489 | recons_loss: 0.160401 | sparse_loss: 1.03051 | 
2025-07-21 04:04:37,841 [INFO] [Iter 246] LR: 0.00000001
2025-07-21 04:04:37,844 [INFO] No improvement: current loss 836.219666, best loss 836.219692
2025-07-21 04:04:38,459 [INFO] [247/300] loss 836.22 | compact 14.5386 | spectral 17.0489 | recons_loss: 0.160401 | sparse_loss: 1.03051 | 
2025-07-21 04:04:38,459 [INFO] [Iter 247] LR: 0.00000001
2025-07-21 04:04:38,463 [INFO] No improvement: current loss 836.219666, best loss 836.219692
2025-07-21 04:04:39,065 [INFO] [248/300] loss 836.22 | compact 14.5386 | spectral 17.0489 | recons_loss: 0.160401 | sparse_loss: 1.03051 | 
2025-07-21 04:04:39,065 [INFO] [Iter 248] LR: 0.00000001
2025-07-21 04:04:39,068 [INFO] No improvement: current loss 836.219666, best loss 836.219692
2025-07-21 04:04:39,670 [INFO] [249/300] loss 836.22 | compact 14.5386 | spectral 17.0489 | recons_loss: 0.160401 | sparse_loss: 1.03051 | 
2025-07-21 04:04:39,671 [INFO] [Iter 249] LR: 0.00000001
2025-07-21 04:04:39,672 [INFO] No improvement: current loss 836.219666, best loss 836.219692
2025-07-21 04:04:39,872 [INFO] H: 600, W: 166
2025-07-21 04:04:39,973 [INFO] [0 1 2 3 4 5]
2025-07-21 04:04:40,073 [INFO] y_target: [1 2 3 4 5 6]
2025-07-21 04:04:40,073 [INFO] y_predict: [0 1 2 3 4 5]
2025-07-21 04:04:40,163 [INFO] Epoch = 250 OA = 0.8585 Kappa = 0.8111 NMI = 0.8108
2025-07-21 04:04:40,639 [INFO] [250/300] loss 836.22 | compact 14.5386 | spectral 17.0489 | recons_loss: 0.160401 | sparse_loss: 1.03051 | 
2025-07-21 04:04:40,639 [INFO] [Iter 250] LR: 0.00000001
2025-07-21 04:04:40,641 [INFO] No improvement: current loss 836.219666, best loss 836.219692
2025-07-21 04:04:41,247 [INFO] [251/300] loss 836.22 | compact 14.5386 | spectral 17.0489 | recons_loss: 0.160401 | sparse_loss: 1.03051 | 
2025-07-21 04:04:41,247 [INFO] [Iter 251] LR: 0.00000001
2025-07-21 04:04:41,248 [INFO] No improvement: current loss 836.219666, best loss 836.219692
2025-07-21 04:04:41,846 [INFO] [252/300] loss 836.22 | compact 14.5386 | spectral 17.0489 | recons_loss: 0.160401 | sparse_loss: 1.03051 | 
2025-07-21 04:04:41,846 [INFO] [Iter 252] LR: 0.00000001
2025-07-21 04:04:41,847 [INFO] No improvement: current loss 836.219666, best loss 836.219692
2025-07-21 04:04:42,460 [INFO] [253/300] loss 836.22 | compact 14.5386 | spectral 17.0489 | recons_loss: 0.160401 | sparse_loss: 1.03051 | 
2025-07-21 04:04:42,460 [INFO] [Iter 253] LR: 0.00000001
2025-07-21 04:04:42,461 [INFO] No improvement: current loss 836.219666, best loss 836.219692
2025-07-21 04:04:43,062 [INFO] [254/300] loss 836.22 | compact 14.5386 | spectral 17.0489 | recons_loss: 0.160401 | sparse_loss: 1.03051 | 
2025-07-21 04:04:43,062 [INFO] [Iter 254] LR: 0.00000001
2025-07-21 04:04:43,063 [INFO] No improvement: current loss 836.219666, best loss 836.219692
2025-07-21 04:04:43,672 [INFO] [255/300] loss 836.22 | compact 14.5386 | spectral 17.0489 | recons_loss: 0.160401 | sparse_loss: 1.03051 | 
2025-07-21 04:04:43,672 [INFO] [Iter 255] LR: 0.00000001
2025-07-21 04:04:43,673 [INFO] No improvement: current loss 836.219666, best loss 836.219692
2025-07-21 04:04:44,271 [INFO] [256/300] loss 836.22 | compact 14.5386 | spectral 17.0489 | recons_loss: 0.160401 | sparse_loss: 1.03051 | 
2025-07-21 04:04:44,271 [INFO] [Iter 256] LR: 0.00000001
2025-07-21 04:04:44,272 [INFO] No improvement: current loss 836.219666, best loss 836.219692
2025-07-21 04:04:44,869 [INFO] [257/300] loss 836.22 | compact 14.5386 | spectral 17.0489 | recons_loss: 0.160401 | sparse_loss: 1.03051 | 
2025-07-21 04:04:44,870 [INFO] [Iter 257] LR: 0.00000001
2025-07-21 04:04:44,871 [INFO] No improvement: current loss 836.219666, best loss 836.219692
2025-07-21 04:04:45,468 [INFO] [258/300] loss 836.22 | compact 14.5386 | spectral 17.0489 | recons_loss: 0.160401 | sparse_loss: 1.03051 | 
2025-07-21 04:04:45,468 [INFO] [Iter 258] LR: 0.00000001
2025-07-21 04:04:45,469 [INFO] No improvement: current loss 836.219666, best loss 836.219692
2025-07-21 04:04:46,069 [INFO] [259/300] loss 836.22 | compact 14.5386 | spectral 17.0489 | recons_loss: 0.160401 | sparse_loss: 1.03051 | 
2025-07-21 04:04:46,069 [INFO] [Iter 259] LR: 0.00000001
2025-07-21 04:04:46,071 [INFO] No improvement: current loss 836.219666, best loss 836.219692
2025-07-21 04:04:46,670 [INFO] [260/300] loss 836.22 | compact 14.5386 | spectral 17.0489 | recons_loss: 0.160401 | sparse_loss: 1.03051 | 
2025-07-21 04:04:46,670 [INFO] [Iter 260] LR: 0.00000001
2025-07-21 04:04:46,671 [INFO] No improvement: current loss 836.219666, best loss 836.219692
2025-07-21 04:04:47,269 [INFO] [261/300] loss 836.22 | compact 14.5386 | spectral 17.0489 | recons_loss: 0.160401 | sparse_loss: 1.03051 | 
2025-07-21 04:04:47,269 [INFO] [Iter 261] LR: 0.00000001
2025-07-21 04:04:47,270 [INFO] No improvement: current loss 836.219666, best loss 836.219692
2025-07-21 04:04:47,875 [INFO] [262/300] loss 836.22 | compact 14.5386 | spectral 17.0489 | recons_loss: 0.160401 | sparse_loss: 1.03051 | 
2025-07-21 04:04:47,875 [INFO] [Iter 262] LR: 0.00000001
2025-07-21 04:04:47,876 [INFO] No improvement: current loss 836.219666, best loss 836.219692
2025-07-21 04:04:48,474 [INFO] [263/300] loss 836.22 | compact 14.5386 | spectral 17.0489 | recons_loss: 0.160401 | sparse_loss: 1.03051 | 
2025-07-21 04:04:48,474 [INFO] [Iter 263] LR: 0.00000001
2025-07-21 04:04:48,476 [INFO] No improvement: current loss 836.219666, best loss 836.219692
2025-07-21 04:04:49,075 [INFO] [264/300] loss 836.22 | compact 14.5386 | spectral 17.0489 | recons_loss: 0.160401 | sparse_loss: 1.03051 | 
2025-07-21 04:04:49,075 [INFO] [Iter 264] LR: 0.00000001
2025-07-21 04:04:49,076 [INFO] No improvement: current loss 836.219666, best loss 836.219692
2025-07-21 04:04:49,691 [INFO] [265/300] loss 836.22 | compact 14.5386 | spectral 17.0489 | recons_loss: 0.160401 | sparse_loss: 1.03051 | 
2025-07-21 04:04:49,692 [INFO] [Iter 265] LR: 0.00000001
2025-07-21 04:04:49,693 [INFO] No improvement: current loss 836.219666, best loss 836.219692
2025-07-21 04:04:50,291 [INFO] [266/300] loss 836.22 | compact 14.5386 | spectral 17.0489 | recons_loss: 0.160401 | sparse_loss: 1.03051 | 
2025-07-21 04:04:50,291 [INFO] [Iter 266] LR: 0.00000001
2025-07-21 04:04:50,292 [INFO] No improvement: current loss 836.219666, best loss 836.219692
2025-07-21 04:04:50,906 [INFO] [267/300] loss 836.22 | compact 14.5386 | spectral 17.0489 | recons_loss: 0.160401 | sparse_loss: 1.03051 | 
2025-07-21 04:04:50,906 [INFO] [Iter 267] LR: 0.00000001
2025-07-21 04:04:50,907 [INFO] No improvement: current loss 836.219666, best loss 836.219692
2025-07-21 04:04:51,515 [INFO] [268/300] loss 836.22 | compact 14.5386 | spectral 17.0489 | recons_loss: 0.160401 | sparse_loss: 1.03051 | 
2025-07-21 04:04:51,515 [INFO] [Iter 268] LR: 0.00000001
2025-07-21 04:04:51,516 [INFO] No improvement: current loss 836.219666, best loss 836.219692
2025-07-21 04:04:52,119 [INFO] [269/300] loss 836.22 | compact 14.5386 | spectral 17.0489 | recons_loss: 0.160401 | sparse_loss: 1.03051 | 
2025-07-21 04:04:52,119 [INFO] [Iter 269] LR: 0.00000001
2025-07-21 04:04:52,120 [INFO] No improvement: current loss 836.219666, best loss 836.219692
2025-07-21 04:04:52,718 [INFO] [270/300] loss 836.22 | compact 14.5386 | spectral 17.0489 | recons_loss: 0.160401 | sparse_loss: 1.03051 | 
2025-07-21 04:04:52,718 [INFO] [Iter 270] LR: 0.00000001
2025-07-21 04:04:52,719 [INFO] No improvement: current loss 836.219666, best loss 836.219692
2025-07-21 04:04:53,317 [INFO] [271/300] loss 836.22 | compact 14.5386 | spectral 17.0489 | recons_loss: 0.160401 | sparse_loss: 1.03051 | 
2025-07-21 04:04:53,317 [INFO] [Iter 271] LR: 0.00000001
2025-07-21 04:04:53,318 [INFO] No improvement: current loss 836.219666, best loss 836.219692
2025-07-21 04:04:53,916 [INFO] [272/300] loss 836.22 | compact 14.5386 | spectral 17.0489 | recons_loss: 0.160401 | sparse_loss: 1.03051 | 
2025-07-21 04:04:53,916 [INFO] [Iter 272] LR: 0.00000001
2025-07-21 04:04:53,917 [INFO] No improvement: current loss 836.219653, best loss 836.219692
2025-07-21 04:04:54,515 [INFO] [273/300] loss 836.22 | compact 14.5386 | spectral 17.0489 | recons_loss: 0.160401 | sparse_loss: 1.03051 | 
2025-07-21 04:04:54,515 [INFO] [Iter 273] LR: 0.00000001
2025-07-21 04:04:54,516 [INFO] No improvement: current loss 836.219655, best loss 836.219692
2025-07-21 04:04:55,124 [INFO] [274/300] loss 836.22 | compact 14.5386 | spectral 17.0489 | recons_loss: 0.160401 | sparse_loss: 1.03051 | 
2025-07-21 04:04:55,125 [INFO] [Iter 274] LR: 0.00000001
2025-07-21 04:04:55,126 [INFO] No improvement: current loss 836.219656, best loss 836.219692
2025-07-21 04:04:55,730 [INFO] [275/300] loss 836.22 | compact 14.5386 | spectral 17.0489 | recons_loss: 0.160401 | sparse_loss: 1.03051 | 
2025-07-21 04:04:55,730 [INFO] [Iter 275] LR: 0.00000001
2025-07-21 04:04:55,731 [INFO] No improvement: current loss 836.219657, best loss 836.219692
2025-07-21 04:04:56,331 [INFO] [276/300] loss 836.22 | compact 14.5386 | spectral 17.0489 | recons_loss: 0.160401 | sparse_loss: 1.03051 | 
2025-07-21 04:04:56,331 [INFO] [Iter 276] LR: 0.00000001
2025-07-21 04:04:56,332 [INFO] No improvement: current loss 836.219658, best loss 836.219692
2025-07-21 04:04:56,932 [INFO] [277/300] loss 836.22 | compact 14.5386 | spectral 17.0489 | recons_loss: 0.160401 | sparse_loss: 1.03051 | 
2025-07-21 04:04:56,932 [INFO] [Iter 277] LR: 0.00000001
2025-07-21 04:04:56,933 [INFO] No improvement: current loss 836.219658, best loss 836.219692
2025-07-21 04:04:57,531 [INFO] [278/300] loss 836.22 | compact 14.5386 | spectral 17.0489 | recons_loss: 0.160401 | sparse_loss: 1.03051 | 
2025-07-21 04:04:57,531 [INFO] [Iter 278] LR: 0.00000001
2025-07-21 04:04:57,532 [INFO] No improvement: current loss 836.219659, best loss 836.219692
2025-07-21 04:04:58,130 [INFO] [279/300] loss 836.22 | compact 14.5386 | spectral 17.0489 | recons_loss: 0.160401 | sparse_loss: 1.03051 | 
2025-07-21 04:04:58,130 [INFO] [Iter 279] LR: 0.00000001
2025-07-21 04:04:58,131 [INFO] No improvement: current loss 836.219660, best loss 836.219692
2025-07-21 04:04:58,730 [INFO] [280/300] loss 836.22 | compact 14.5386 | spectral 17.0489 | recons_loss: 0.160401 | sparse_loss: 1.03051 | 
2025-07-21 04:04:58,731 [INFO] [Iter 280] LR: 0.00000001
2025-07-21 04:04:58,733 [INFO] No improvement: current loss 836.219660, best loss 836.219692
2025-07-21 04:04:59,332 [INFO] [281/300] loss 836.22 | compact 14.5386 | spectral 17.0489 | recons_loss: 0.160401 | sparse_loss: 1.03051 | 
2025-07-21 04:04:59,333 [INFO] [Iter 281] LR: 0.00000001
2025-07-21 04:04:59,335 [INFO] No improvement: current loss 836.219661, best loss 836.219692
2025-07-21 04:04:59,933 [INFO] [282/300] loss 836.22 | compact 14.5386 | spectral 17.0489 | recons_loss: 0.160401 | sparse_loss: 1.03051 | 
2025-07-21 04:04:59,933 [INFO] [Iter 282] LR: 0.00000001
2025-07-21 04:04:59,934 [INFO] No improvement: current loss 836.219661, best loss 836.219692
2025-07-21 04:05:00,532 [INFO] [283/300] loss 836.22 | compact 14.5386 | spectral 17.0489 | recons_loss: 0.160401 | sparse_loss: 1.03051 | 
2025-07-21 04:05:00,532 [INFO] [Iter 283] LR: 0.00000001
2025-07-21 04:05:00,534 [INFO] No improvement: current loss 836.219662, best loss 836.219692
2025-07-21 04:05:01,132 [INFO] [284/300] loss 836.22 | compact 14.5386 | spectral 17.0489 | recons_loss: 0.160401 | sparse_loss: 1.03051 | 
2025-07-21 04:05:01,132 [INFO] [Iter 284] LR: 0.00000001
2025-07-21 04:05:01,134 [INFO] No improvement: current loss 836.219662, best loss 836.219692
2025-07-21 04:05:01,732 [INFO] [285/300] loss 836.22 | compact 14.5386 | spectral 17.0489 | recons_loss: 0.160401 | sparse_loss: 1.03051 | 
2025-07-21 04:05:01,732 [INFO] [Iter 285] LR: 0.00000001
2025-07-21 04:05:01,733 [INFO] No improvement: current loss 836.219662, best loss 836.219692
2025-07-21 04:05:02,342 [INFO] [286/300] loss 836.22 | compact 14.5386 | spectral 17.0489 | recons_loss: 0.160401 | sparse_loss: 1.03051 | 
2025-07-21 04:05:02,342 [INFO] [Iter 286] LR: 0.00000001
2025-07-21 04:05:02,343 [INFO] No improvement: current loss 836.219663, best loss 836.219692
2025-07-21 04:05:02,942 [INFO] [287/300] loss 836.22 | compact 14.5386 | spectral 17.0489 | recons_loss: 0.160401 | sparse_loss: 1.03051 | 
2025-07-21 04:05:02,942 [INFO] [Iter 287] LR: 0.00000001
2025-07-21 04:05:02,943 [INFO] No improvement: current loss 836.219663, best loss 836.219692
2025-07-21 04:05:03,547 [INFO] [288/300] loss 836.22 | compact 14.5386 | spectral 17.0489 | recons_loss: 0.160401 | sparse_loss: 1.03051 | 
2025-07-21 04:05:03,547 [INFO] [Iter 288] LR: 0.00000001
2025-07-21 04:05:03,548 [INFO] No improvement: current loss 836.219663, best loss 836.219692
2025-07-21 04:05:04,149 [INFO] [289/300] loss 836.22 | compact 14.5386 | spectral 17.0489 | recons_loss: 0.160401 | sparse_loss: 1.03051 | 
2025-07-21 04:05:04,150 [INFO] [Iter 289] LR: 0.00000001
2025-07-21 04:05:04,151 [INFO] No improvement: current loss 836.219663, best loss 836.219692
2025-07-21 04:05:04,749 [INFO] [290/300] loss 836.22 | compact 14.5386 | spectral 17.0489 | recons_loss: 0.160401 | sparse_loss: 1.03051 | 
2025-07-21 04:05:04,749 [INFO] [Iter 290] LR: 0.00000001
2025-07-21 04:05:04,751 [INFO] No improvement: current loss 836.219664, best loss 836.219692
2025-07-21 04:05:05,352 [INFO] [291/300] loss 836.22 | compact 14.5386 | spectral 17.0489 | recons_loss: 0.160401 | sparse_loss: 1.03051 | 
2025-07-21 04:05:05,352 [INFO] [Iter 291] LR: 0.00000001
2025-07-21 04:05:05,353 [INFO] No improvement: current loss 836.219664, best loss 836.219692
2025-07-21 04:05:05,951 [INFO] [292/300] loss 836.22 | compact 14.5386 | spectral 17.0489 | recons_loss: 0.160401 | sparse_loss: 1.03051 | 
2025-07-21 04:05:05,951 [INFO] [Iter 292] LR: 0.00000001
2025-07-21 04:05:05,952 [INFO] No improvement: current loss 836.219664, best loss 836.219692
2025-07-21 04:05:06,550 [INFO] [293/300] loss 836.22 | compact 14.5386 | spectral 17.0489 | recons_loss: 0.160401 | sparse_loss: 1.03051 | 
2025-07-21 04:05:06,550 [INFO] [Iter 293] LR: 0.00000001
2025-07-21 04:05:06,552 [INFO] No improvement: current loss 836.219664, best loss 836.219692
2025-07-21 04:05:07,149 [INFO] [294/300] loss 836.22 | compact 14.5386 | spectral 17.0489 | recons_loss: 0.160401 | sparse_loss: 1.03051 | 
2025-07-21 04:05:07,150 [INFO] [Iter 294] LR: 0.00000001
2025-07-21 04:05:07,151 [INFO] No improvement: current loss 836.219664, best loss 836.219692
2025-07-21 04:05:07,747 [INFO] [295/300] loss 836.22 | compact 14.5386 | spectral 17.0489 | recons_loss: 0.160401 | sparse_loss: 1.03051 | 
2025-07-21 04:05:07,748 [INFO] [Iter 295] LR: 0.00000001
2025-07-21 04:05:07,748 [INFO] No improvement: current loss 836.219664, best loss 836.219692
2025-07-21 04:05:08,347 [INFO] [296/300] loss 836.22 | compact 14.5386 | spectral 17.0489 | recons_loss: 0.160401 | sparse_loss: 1.03051 | 
2025-07-21 04:05:08,347 [INFO] [Iter 296] LR: 0.00000001
2025-07-21 04:05:08,348 [INFO] No improvement: current loss 836.219665, best loss 836.219692
2025-07-21 04:05:08,946 [INFO] [297/300] loss 836.22 | compact 14.5386 | spectral 17.0489 | recons_loss: 0.160401 | sparse_loss: 1.03051 | 
2025-07-21 04:05:08,946 [INFO] [Iter 297] LR: 0.00000001
2025-07-21 04:05:08,948 [INFO] No improvement: current loss 836.219665, best loss 836.219692
2025-07-21 04:05:09,549 [INFO] [298/300] loss 836.22 | compact 14.5386 | spectral 17.0489 | recons_loss: 0.160401 | sparse_loss: 1.03051 | 
2025-07-21 04:05:09,549 [INFO] [Iter 298] LR: 0.00000001
2025-07-21 04:05:09,550 [INFO] No improvement: current loss 836.219665, best loss 836.219692
2025-07-21 04:05:09,744 [INFO] H: 600, W: 166
2025-07-21 04:05:09,844 [INFO] [0 1 2 3 4 5]
2025-07-21 04:05:09,938 [INFO] y_target: [1 2 3 4 5 6]
2025-07-21 04:05:09,938 [INFO] y_predict: [0 1 2 3 4 5]
2025-07-21 04:05:10,027 [INFO] Epoch = 299 OA = 0.8585 Kappa = 0.8111 NMI = 0.8108
2025-07-21 04:05:10,503 [INFO] [299/300] loss 836.22 | compact 14.5386 | spectral 17.0489 | recons_loss: 0.160401 | sparse_loss: 1.03051 | 
2025-07-21 04:05:10,504 [INFO] [Iter 299] LR: 0.00000001
2025-07-21 04:05:10,505 [INFO] No improvement: current loss 836.219665, best loss 836.219692
2025-07-21 04:05:10,505 [INFO] Training finished. Best model loaded.
