2025-07-21 03:29:53,668 [INFO] ========== Training Configuration ==========
2025-07-21 03:29:53,668 [INFO] out_dir: ./log
2025-07-21 03:29:53,668 [INFO] lr: 0.1
2025-07-21 03:29:53,668 [INFO] train_iter: 300
2025-07-21 03:29:53,668 [INFO] niter: 5
2025-07-21 03:29:53,668 [INFO] nspix: 300
2025-07-21 03:29:53,668 [INFO] weight: weight
2025-07-21 03:29:53,668 [INFO] weight_representation: 65.0
2025-07-21 03:29:53,668 [INFO] weight_noise: 50.0
2025-07-21 03:29:53,668 [INFO] dataset: trento
2025-07-21 03:29:53,668 [INFO] device: cuda:0
2025-07-21 03:29:53,668 [INFO] log: trento11
2025-07-21 03:29:53,668 [INFO] ============================================
2025-07-21 03:29:56,877 [INFO] H: 600, W: 166
2025-07-21 03:29:56,963 [INFO] [0 1 2 3 4 5]
2025-07-21 03:29:57,156 [INFO] y_target: [1 2 3 4 5 6]
2025-07-21 03:29:57,156 [INFO] y_predict: [0 1 2 3 4 5]
2025-07-21 03:29:57,246 [INFO] Epoch = 0 OA = 0.8509 Kappa = 0.8011 NMI = 0.7884
2025-07-21 03:29:57,770 [INFO] [0/300] loss 497.047 | compact 13.9608 | spectral 17.8474 | recons_loss: 0.260069 | sparse_loss: 1.04467 | 
2025-07-21 03:29:57,771 [INFO] [Iter 0] LR: 0.10000000
2025-07-21 03:29:57,772 [INFO] Saving best model at iteration 0
2025-07-21 03:29:58,369 [INFO] [1/300] loss 496.804 | compact 13.9642 | spectral 17.826 | recons_loss: 0.2587 | sparse_loss: 1.04471 | 
2025-07-21 03:29:58,370 [INFO] [Iter 1] LR: 0.10000000
2025-07-21 03:29:58,371 [INFO] Saving best model at iteration 1
2025-07-21 03:29:58,968 [INFO] [2/300] loss 496.472 | compact 13.9677 | spectral 17.7866 | recons_loss: 0.256835 | sparse_loss: 1.04467 | 
2025-07-21 03:29:58,968 [INFO] [Iter 2] LR: 0.10000000
2025-07-21 03:29:58,969 [INFO] Saving best model at iteration 2
2025-07-21 03:29:59,571 [INFO] [3/300] loss 496.064 | compact 13.9661 | spectral 17.7388 | recons_loss: 0.254367 | sparse_loss: 1.04446 | 
2025-07-21 03:29:59,572 [INFO] [Iter 3] LR: 0.10000000
2025-07-21 03:29:59,573 [INFO] Saving best model at iteration 3
2025-07-21 03:30:00,171 [INFO] [4/300] loss 495.616 | compact 13.965 | spectral 17.6881 | recons_loss: 0.251475 | sparse_loss: 1.04407 | 
2025-07-21 03:30:00,171 [INFO] [Iter 4] LR: 0.10000000
2025-07-21 03:30:00,173 [INFO] Saving best model at iteration 4
2025-07-21 03:30:00,778 [INFO] [5/300] loss 495.16 | compact 13.9638 | spectral 17.6351 | recons_loss: 0.248374 | sparse_loss: 1.04359 | 
2025-07-21 03:30:00,779 [INFO] [Iter 5] LR: 0.10000000
2025-07-21 03:30:00,780 [INFO] Saving best model at iteration 5
2025-07-21 03:30:01,378 [INFO] [6/300] loss 494.713 | compact 13.9627 | spectral 17.5856 | recons_loss: 0.245154 | sparse_loss: 1.04305 | 
2025-07-21 03:30:01,378 [INFO] [Iter 6] LR: 0.10000000
2025-07-21 03:30:01,379 [INFO] Saving best model at iteration 6
2025-07-21 03:30:01,978 [INFO] [7/300] loss 494.268 | compact 13.9634 | spectral 17.5298 | recons_loss: 0.241883 | sparse_loss: 1.04251 | 
2025-07-21 03:30:01,978 [INFO] [Iter 7] LR: 0.10000000
2025-07-21 03:30:01,980 [INFO] Saving best model at iteration 7
2025-07-21 03:30:02,577 [INFO] [8/300] loss 493.827 | compact 13.9661 | spectral 17.4714 | recons_loss: 0.238597 | sparse_loss: 1.04199 | 
2025-07-21 03:30:02,577 [INFO] [Iter 8] LR: 0.10000000
2025-07-21 03:30:02,580 [INFO] Saving best model at iteration 8
2025-07-21 03:30:03,184 [INFO] [9/300] loss 493.4 | compact 13.9712 | spectral 17.4158 | recons_loss: 0.235329 | sparse_loss: 1.0415 | 
2025-07-21 03:30:03,184 [INFO] [Iter 9] LR: 0.10000000
2025-07-21 03:30:03,187 [INFO] Saving best model at iteration 9
2025-07-21 03:30:03,799 [INFO] [10/300] loss 492.991 | compact 13.9777 | spectral 17.363 | recons_loss: 0.232167 | sparse_loss: 1.041 | 
2025-07-21 03:30:03,799 [INFO] [Iter 10] LR: 0.10000000
2025-07-21 03:30:03,800 [INFO] Saving best model at iteration 10
2025-07-21 03:30:04,403 [INFO] [11/300] loss 492.599 | compact 13.9853 | spectral 17.3152 | recons_loss: 0.229126 | sparse_loss: 1.04049 | 
2025-07-21 03:30:04,403 [INFO] [Iter 11] LR: 0.10000000
2025-07-21 03:30:04,405 [INFO] Saving best model at iteration 11
2025-07-21 03:30:05,021 [INFO] [12/300] loss 492.233 | compact 13.9918 | spectral 17.2759 | recons_loss: 0.22626 | sparse_loss: 1.03996 | 
2025-07-21 03:30:05,021 [INFO] [Iter 12] LR: 0.10000000
2025-07-21 03:30:05,023 [INFO] Saving best model at iteration 12
2025-07-21 03:30:05,621 [INFO] [13/300] loss 491.9 | compact 13.9984 | spectral 17.2514 | recons_loss: 0.22359 | sparse_loss: 1.03943 | 
2025-07-21 03:30:05,622 [INFO] [Iter 13] LR: 0.10000000
2025-07-21 03:30:05,623 [INFO] Saving best model at iteration 13
2025-07-21 03:30:06,221 [INFO] [14/300] loss 491.579 | compact 14.0048 | spectral 17.2264 | recons_loss: 0.221098 | sparse_loss: 1.03893 | 
2025-07-21 03:30:06,221 [INFO] [Iter 14] LR: 0.10000000
2025-07-21 03:30:06,223 [INFO] Saving best model at iteration 14
2025-07-21 03:30:06,823 [INFO] [15/300] loss 491.279 | compact 14.0111 | spectral 17.2081 | recons_loss: 0.218766 | sparse_loss: 1.03848 | 
2025-07-21 03:30:06,823 [INFO] [Iter 15] LR: 0.10000000
2025-07-21 03:30:06,824 [INFO] Saving best model at iteration 15
2025-07-21 03:30:07,422 [INFO] [16/300] loss 490.993 | compact 14.0186 | spectral 17.1902 | recons_loss: 0.216598 | sparse_loss: 1.03807 | 
2025-07-21 03:30:07,422 [INFO] [Iter 16] LR: 0.10000000
2025-07-21 03:30:07,423 [INFO] Saving best model at iteration 16
2025-07-21 03:30:08,021 [INFO] [17/300] loss 490.728 | compact 14.0274 | spectral 17.1784 | recons_loss: 0.214594 | sparse_loss: 1.0377 | 
2025-07-21 03:30:08,022 [INFO] [Iter 17] LR: 0.10000000
2025-07-21 03:30:08,023 [INFO] Saving best model at iteration 17
2025-07-21 03:30:08,620 [INFO] [18/300] loss 490.465 | compact 14.0375 | spectral 17.1611 | recons_loss: 0.212743 | sparse_loss: 1.03735 | 
2025-07-21 03:30:08,620 [INFO] [Iter 18] LR: 0.10000000
2025-07-21 03:30:08,621 [INFO] Saving best model at iteration 18
2025-07-21 03:30:09,223 [INFO] [19/300] loss 490.215 | compact 14.0478 | spectral 17.1447 | recons_loss: 0.211047 | sparse_loss: 1.03701 | 
2025-07-21 03:30:09,223 [INFO] [Iter 19] LR: 0.10000000
2025-07-21 03:30:09,224 [INFO] Saving best model at iteration 19
2025-07-21 03:30:09,821 [INFO] [20/300] loss 489.982 | compact 14.059 | spectral 17.1306 | recons_loss: 0.209498 | sparse_loss: 1.03668 | 
2025-07-21 03:30:09,821 [INFO] [Iter 20] LR: 0.10000000
2025-07-21 03:30:09,822 [INFO] Saving best model at iteration 20
2025-07-21 03:30:10,420 [INFO] [21/300] loss 489.759 | compact 14.069 | spectral 17.1201 | recons_loss: 0.208044 | sparse_loss: 1.03638 | 
2025-07-21 03:30:10,420 [INFO] [Iter 21] LR: 0.10000000
2025-07-21 03:30:10,421 [INFO] Saving best model at iteration 21
2025-07-21 03:30:11,027 [INFO] [22/300] loss 489.55 | compact 14.0771 | spectral 17.1119 | recons_loss: 0.206721 | sparse_loss: 1.0361 | 
2025-07-21 03:30:11,027 [INFO] [Iter 22] LR: 0.10000000
2025-07-21 03:30:11,028 [INFO] Saving best model at iteration 22
2025-07-21 03:30:11,630 [INFO] [23/300] loss 489.354 | compact 14.0836 | spectral 17.106 | recons_loss: 0.205507 | sparse_loss: 1.03584 | 
2025-07-21 03:30:11,631 [INFO] [Iter 23] LR: 0.10000000
2025-07-21 03:30:11,632 [INFO] Saving best model at iteration 23
2025-07-21 03:30:12,229 [INFO] [24/300] loss 489.162 | compact 14.0911 | spectral 17.0954 | recons_loss: 0.204398 | sparse_loss: 1.03562 | 
2025-07-21 03:30:12,230 [INFO] [Iter 24] LR: 0.10000000
2025-07-21 03:30:12,231 [INFO] Saving best model at iteration 24
2025-07-21 03:30:12,831 [INFO] [25/300] loss 488.983 | compact 14.0985 | spectral 17.0881 | recons_loss: 0.203371 | sparse_loss: 1.03541 | 
2025-07-21 03:30:12,831 [INFO] [Iter 25] LR: 0.10000000
2025-07-21 03:30:12,832 [INFO] Saving best model at iteration 25
2025-07-21 03:30:13,430 [INFO] [26/300] loss 488.808 | compact 14.1069 | spectral 17.0789 | recons_loss: 0.202429 | sparse_loss: 1.03523 | 
2025-07-21 03:30:13,431 [INFO] [Iter 26] LR: 0.10000000
2025-07-21 03:30:13,432 [INFO] Saving best model at iteration 26
2025-07-21 03:30:14,030 [INFO] [27/300] loss 488.645 | compact 14.1145 | spectral 17.0708 | recons_loss: 0.201595 | sparse_loss: 1.03505 | 
2025-07-21 03:30:14,030 [INFO] [Iter 27] LR: 0.10000000
2025-07-21 03:30:14,031 [INFO] Saving best model at iteration 27
2025-07-21 03:30:14,628 [INFO] [28/300] loss 488.498 | compact 14.1245 | spectral 17.0676 | recons_loss: 0.200849 | sparse_loss: 1.03488 | 
2025-07-21 03:30:14,629 [INFO] [Iter 28] LR: 0.10000000
2025-07-21 03:30:14,630 [INFO] Saving best model at iteration 28
2025-07-21 03:30:15,228 [INFO] [29/300] loss 488.349 | compact 14.1325 | spectral 17.059 | recons_loss: 0.200132 | sparse_loss: 1.03471 | 
2025-07-21 03:30:15,228 [INFO] [Iter 29] LR: 0.10000000
2025-07-21 03:30:15,230 [INFO] Saving best model at iteration 29
2025-07-21 03:30:15,829 [INFO] [30/300] loss 488.212 | compact 14.1403 | spectral 17.054 | recons_loss: 0.199475 | sparse_loss: 1.03457 | 
2025-07-21 03:30:15,829 [INFO] [Iter 30] LR: 0.10000000
2025-07-21 03:30:15,831 [INFO] Saving best model at iteration 30
2025-07-21 03:30:16,429 [INFO] [31/300] loss 488.082 | compact 14.1486 | spectral 17.0509 | recons_loss: 0.198864 | sparse_loss: 1.03443 | 
2025-07-21 03:30:16,430 [INFO] [Iter 31] LR: 0.10000000
2025-07-21 03:30:16,432 [INFO] Saving best model at iteration 31
2025-07-21 03:30:17,038 [INFO] [32/300] loss 487.951 | compact 14.1583 | spectral 17.0437 | recons_loss: 0.198288 | sparse_loss: 1.03431 | 
2025-07-21 03:30:17,038 [INFO] [Iter 32] LR: 0.10000000
2025-07-21 03:30:17,040 [INFO] Saving best model at iteration 32
2025-07-21 03:30:17,640 [INFO] [33/300] loss 487.831 | compact 14.1672 | spectral 17.0393 | recons_loss: 0.197797 | sparse_loss: 1.0342 | 
2025-07-21 03:30:17,640 [INFO] [Iter 33] LR: 0.10000000
2025-07-21 03:30:17,641 [INFO] Saving best model at iteration 33
2025-07-21 03:30:18,239 [INFO] [34/300] loss 487.727 | compact 14.1776 | spectral 17.0389 | recons_loss: 0.197402 | sparse_loss: 1.03409 | 
2025-07-21 03:30:18,239 [INFO] [Iter 34] LR: 0.10000000
2025-07-21 03:30:18,241 [INFO] Saving best model at iteration 34
2025-07-21 03:30:18,846 [INFO] [35/300] loss 487.632 | compact 14.1868 | spectral 17.0433 | recons_loss: 0.197029 | sparse_loss: 1.03399 | 
2025-07-21 03:30:18,846 [INFO] [Iter 35] LR: 0.05000000
2025-07-21 03:30:18,847 [INFO] Saving best model at iteration 35
2025-07-21 03:30:19,450 [INFO] [36/300] loss 487.543 | compact 14.1939 | spectral 17.049 | recons_loss: 0.196691 | sparse_loss: 1.03389 | 
2025-07-21 03:30:19,450 [INFO] [Iter 36] LR: 0.05000000
2025-07-21 03:30:19,451 [INFO] Saving best model at iteration 36
2025-07-21 03:30:20,049 [INFO] [37/300] loss 487.459 | compact 14.1998 | spectral 17.0547 | recons_loss: 0.196375 | sparse_loss: 1.0338 | 
2025-07-21 03:30:20,050 [INFO] [Iter 37] LR: 0.05000000
2025-07-21 03:30:20,051 [INFO] Saving best model at iteration 37
2025-07-21 03:30:20,655 [INFO] [38/300] loss 487.38 | compact 14.2038 | spectral 17.0619 | recons_loss: 0.196073 | sparse_loss: 1.03372 | 
2025-07-21 03:30:20,655 [INFO] [Iter 38] LR: 0.05000000
2025-07-21 03:30:20,656 [INFO] Saving best model at iteration 38
2025-07-21 03:30:21,254 [INFO] [39/300] loss 487.302 | compact 14.2072 | spectral 17.0684 | recons_loss: 0.19578 | sparse_loss: 1.03364 | 
2025-07-21 03:30:21,254 [INFO] [Iter 39] LR: 0.05000000
2025-07-21 03:30:21,256 [INFO] Saving best model at iteration 39
2025-07-21 03:30:21,853 [INFO] [40/300] loss 487.224 | compact 14.2129 | spectral 17.0714 | recons_loss: 0.195499 | sparse_loss: 1.03357 | 
2025-07-21 03:30:21,853 [INFO] [Iter 40] LR: 0.05000000
2025-07-21 03:30:21,854 [INFO] Saving best model at iteration 40
2025-07-21 03:30:22,453 [INFO] [41/300] loss 487.146 | compact 14.219 | spectral 17.0725 | recons_loss: 0.195234 | sparse_loss: 1.0335 | 
2025-07-21 03:30:22,453 [INFO] [Iter 41] LR: 0.05000000
2025-07-21 03:30:22,454 [INFO] Saving best model at iteration 41
2025-07-21 03:30:23,055 [INFO] [42/300] loss 487.072 | compact 14.2255 | spectral 17.0766 | recons_loss: 0.194982 | sparse_loss: 1.03344 | 
2025-07-21 03:30:23,055 [INFO] [Iter 42] LR: 0.05000000
2025-07-21 03:30:23,056 [INFO] Saving best model at iteration 42
2025-07-21 03:30:23,668 [INFO] [43/300] loss 487 | compact 14.2316 | spectral 17.0789 | recons_loss: 0.194747 | sparse_loss: 1.03338 | 
2025-07-21 03:30:23,668 [INFO] [Iter 43] LR: 0.05000000
2025-07-21 03:30:23,669 [INFO] Saving best model at iteration 43
2025-07-21 03:30:24,267 [INFO] [44/300] loss 486.93 | compact 14.237 | spectral 17.0806 | recons_loss: 0.194522 | sparse_loss: 1.03332 | 
2025-07-21 03:30:24,267 [INFO] [Iter 44] LR: 0.05000000
2025-07-21 03:30:24,268 [INFO] Saving best model at iteration 44
2025-07-21 03:30:24,866 [INFO] [45/300] loss 486.862 | compact 14.2423 | spectral 17.0819 | recons_loss: 0.19431 | sparse_loss: 1.03326 | 
2025-07-21 03:30:24,866 [INFO] [Iter 45] LR: 0.05000000
2025-07-21 03:30:24,867 [INFO] Saving best model at iteration 45
2025-07-21 03:30:25,465 [INFO] [46/300] loss 486.797 | compact 14.2468 | spectral 17.0837 | recons_loss: 0.194113 | sparse_loss: 1.0332 | 
2025-07-21 03:30:25,465 [INFO] [Iter 46] LR: 0.05000000
2025-07-21 03:30:25,466 [INFO] Saving best model at iteration 46
2025-07-21 03:30:26,065 [INFO] [47/300] loss 486.735 | compact 14.2519 | spectral 17.0865 | recons_loss: 0.193924 | sparse_loss: 1.03314 | 
2025-07-21 03:30:26,065 [INFO] [Iter 47] LR: 0.05000000
2025-07-21 03:30:26,068 [INFO] Saving best model at iteration 47
2025-07-21 03:30:26,679 [INFO] [48/300] loss 486.677 | compact 14.2569 | spectral 17.089 | recons_loss: 0.193743 | sparse_loss: 1.03309 | 
2025-07-21 03:30:26,680 [INFO] [Iter 48] LR: 0.05000000
2025-07-21 03:30:26,681 [INFO] Saving best model at iteration 48
2025-07-21 03:30:27,278 [INFO] [49/300] loss 486.623 | compact 14.2616 | spectral 17.0926 | recons_loss: 0.193569 | sparse_loss: 1.03304 | 
2025-07-21 03:30:27,279 [INFO] [Iter 49] LR: 0.05000000
2025-07-21 03:30:27,280 [INFO] Saving best model at iteration 49
2025-07-21 03:30:27,458 [INFO] H: 600, W: 166
2025-07-21 03:30:27,555 [INFO] [0 1 2 3 4 5]
2025-07-21 03:30:27,652 [INFO] y_target: [1 2 3 4 5 6]
2025-07-21 03:30:27,652 [INFO] y_predict: [0 1 2 3 4 5]
2025-07-21 03:30:27,739 [INFO] Epoch = 50 OA = 0.8517 Kappa = 0.8022 NMI = 0.8080
2025-07-21 03:30:28,215 [INFO] [50/300] loss 486.572 | compact 14.2656 | spectral 17.0969 | recons_loss: 0.193388 | sparse_loss: 1.033 | 
2025-07-21 03:30:28,215 [INFO] [Iter 50] LR: 0.05000000
2025-07-21 03:30:28,216 [INFO] Saving best model at iteration 50
2025-07-21 03:30:28,814 [INFO] [51/300] loss 486.523 | compact 14.2684 | spectral 17.1011 | recons_loss: 0.193213 | sparse_loss: 1.03296 | 
2025-07-21 03:30:28,814 [INFO] [Iter 51] LR: 0.05000000
2025-07-21 03:30:28,815 [INFO] Saving best model at iteration 51
2025-07-21 03:30:29,413 [INFO] [52/300] loss 486.473 | compact 14.2695 | spectral 17.1018 | recons_loss: 0.193019 | sparse_loss: 1.03293 | 
2025-07-21 03:30:29,413 [INFO] [Iter 52] LR: 0.05000000
2025-07-21 03:30:29,415 [INFO] Saving best model at iteration 52
2025-07-21 03:30:30,026 [INFO] [53/300] loss 486.422 | compact 14.2724 | spectral 17.1009 | recons_loss: 0.192823 | sparse_loss: 1.0329 | 
2025-07-21 03:30:30,026 [INFO] [Iter 53] LR: 0.05000000
2025-07-21 03:30:30,027 [INFO] Saving best model at iteration 53
2025-07-21 03:30:30,643 [INFO] [54/300] loss 486.372 | compact 14.2757 | spectral 17.099 | recons_loss: 0.192638 | sparse_loss: 1.03287 | 
2025-07-21 03:30:30,643 [INFO] [Iter 54] LR: 0.05000000
2025-07-21 03:30:30,644 [INFO] Saving best model at iteration 54
2025-07-21 03:30:31,242 [INFO] [55/300] loss 486.335 | compact 14.2782 | spectral 17.1039 | recons_loss: 0.192482 | sparse_loss: 1.03283 | 
2025-07-21 03:30:31,242 [INFO] [Iter 55] LR: 0.05000000
2025-07-21 03:30:31,243 [INFO] Saving best model at iteration 55
2025-07-21 03:30:31,840 [INFO] [56/300] loss 486.297 | compact 14.2816 | spectral 17.1087 | recons_loss: 0.192324 | sparse_loss: 1.03279 | 
2025-07-21 03:30:31,841 [INFO] [Iter 56] LR: 0.02500000
2025-07-21 03:30:31,842 [INFO] Saving best model at iteration 56
2025-07-21 03:30:32,440 [INFO] [57/300] loss 486.259 | compact 14.2843 | spectral 17.1094 | recons_loss: 0.192184 | sparse_loss: 1.03276 | 
2025-07-21 03:30:32,440 [INFO] [Iter 57] LR: 0.02500000
2025-07-21 03:30:32,442 [INFO] Saving best model at iteration 57
2025-07-21 03:30:33,040 [INFO] [58/300] loss 486.224 | compact 14.2866 | spectral 17.1095 | recons_loss: 0.192062 | sparse_loss: 1.03273 | 
2025-07-21 03:30:33,040 [INFO] [Iter 58] LR: 0.02500000
2025-07-21 03:30:33,041 [INFO] Saving best model at iteration 58
2025-07-21 03:30:33,641 [INFO] [59/300] loss 486.19 | compact 14.2888 | spectral 17.1093 | recons_loss: 0.191946 | sparse_loss: 1.03271 | 
2025-07-21 03:30:33,641 [INFO] [Iter 59] LR: 0.02500000
2025-07-21 03:30:33,642 [INFO] Saving best model at iteration 59
2025-07-21 03:30:34,240 [INFO] [60/300] loss 486.157 | compact 14.291 | spectral 17.1088 | recons_loss: 0.19184 | sparse_loss: 1.03268 | 
2025-07-21 03:30:34,240 [INFO] [Iter 60] LR: 0.02500000
2025-07-21 03:30:34,241 [INFO] Saving best model at iteration 60
2025-07-21 03:30:34,838 [INFO] [61/300] loss 486.125 | compact 14.2934 | spectral 17.1072 | recons_loss: 0.191749 | sparse_loss: 1.03266 | 
2025-07-21 03:30:34,839 [INFO] [Iter 61] LR: 0.02500000
2025-07-21 03:30:34,840 [INFO] Saving best model at iteration 61
2025-07-21 03:30:35,437 [INFO] [62/300] loss 486.094 | compact 14.295 | spectral 17.1063 | recons_loss: 0.191664 | sparse_loss: 1.03264 | 
2025-07-21 03:30:35,438 [INFO] [Iter 62] LR: 0.02500000
2025-07-21 03:30:35,439 [INFO] Saving best model at iteration 62
2025-07-21 03:30:36,036 [INFO] [63/300] loss 486.065 | compact 14.2969 | spectral 17.1051 | recons_loss: 0.191588 | sparse_loss: 1.03262 | 
2025-07-21 03:30:36,036 [INFO] [Iter 63] LR: 0.02500000
2025-07-21 03:30:36,037 [INFO] Saving best model at iteration 63
2025-07-21 03:30:36,636 [INFO] [64/300] loss 486.036 | compact 14.2984 | spectral 17.1044 | recons_loss: 0.191517 | sparse_loss: 1.03259 | 
2025-07-21 03:30:36,637 [INFO] [Iter 64] LR: 0.02500000
2025-07-21 03:30:36,638 [INFO] Saving best model at iteration 64
2025-07-21 03:30:37,236 [INFO] [65/300] loss 486.007 | compact 14.2997 | spectral 17.1025 | recons_loss: 0.191452 | sparse_loss: 1.03257 | 
2025-07-21 03:30:37,236 [INFO] [Iter 65] LR: 0.02500000
2025-07-21 03:30:37,237 [INFO] Saving best model at iteration 65
2025-07-21 03:30:37,835 [INFO] [66/300] loss 485.979 | compact 14.3012 | spectral 17.1003 | recons_loss: 0.191394 | sparse_loss: 1.03254 | 
2025-07-21 03:30:37,836 [INFO] [Iter 66] LR: 0.02500000
2025-07-21 03:30:37,837 [INFO] Saving best model at iteration 66
2025-07-21 03:30:38,434 [INFO] [67/300] loss 485.953 | compact 14.3025 | spectral 17.0986 | recons_loss: 0.191339 | sparse_loss: 1.03251 | 
2025-07-21 03:30:38,435 [INFO] [Iter 67] LR: 0.02500000
2025-07-21 03:30:38,436 [INFO] Saving best model at iteration 67
2025-07-21 03:30:39,039 [INFO] [68/300] loss 485.926 | compact 14.3037 | spectral 17.0964 | recons_loss: 0.191288 | sparse_loss: 1.03249 | 
2025-07-21 03:30:39,040 [INFO] [Iter 68] LR: 0.02500000
2025-07-21 03:30:39,041 [INFO] Saving best model at iteration 68
2025-07-21 03:30:39,638 [INFO] [69/300] loss 485.901 | compact 14.305 | spectral 17.0942 | recons_loss: 0.191244 | sparse_loss: 1.03246 | 
2025-07-21 03:30:39,638 [INFO] [Iter 69] LR: 0.02500000
2025-07-21 03:30:39,639 [INFO] Saving best model at iteration 69
2025-07-21 03:30:40,237 [INFO] [70/300] loss 485.878 | compact 14.306 | spectral 17.0931 | recons_loss: 0.191204 | sparse_loss: 1.03244 | 
2025-07-21 03:30:40,237 [INFO] [Iter 70] LR: 0.02500000
2025-07-21 03:30:40,239 [INFO] Saving best model at iteration 70
2025-07-21 03:30:40,839 [INFO] [71/300] loss 485.856 | compact 14.3069 | spectral 17.0919 | recons_loss: 0.191168 | sparse_loss: 1.03242 | 
2025-07-21 03:30:40,839 [INFO] [Iter 71] LR: 0.02500000
2025-07-21 03:30:40,840 [INFO] Saving best model at iteration 71
2025-07-21 03:30:41,439 [INFO] [72/300] loss 485.834 | compact 14.3079 | spectral 17.0922 | recons_loss: 0.191131 | sparse_loss: 1.0324 | 
2025-07-21 03:30:41,439 [INFO] [Iter 72] LR: 0.01250000
2025-07-21 03:30:41,440 [INFO] Saving best model at iteration 72
2025-07-21 03:30:42,038 [INFO] [73/300] loss 485.811 | compact 14.3091 | spectral 17.0914 | recons_loss: 0.19109 | sparse_loss: 1.03238 | 
2025-07-21 03:30:42,038 [INFO] [Iter 73] LR: 0.01250000
2025-07-21 03:30:42,039 [INFO] Saving best model at iteration 73
2025-07-21 03:30:42,637 [INFO] [74/300] loss 485.79 | compact 14.3099 | spectral 17.0913 | recons_loss: 0.191055 | sparse_loss: 1.03236 | 
2025-07-21 03:30:42,638 [INFO] [Iter 74] LR: 0.01250000
2025-07-21 03:30:42,640 [INFO] Saving best model at iteration 74
2025-07-21 03:30:43,240 [INFO] [75/300] loss 485.771 | compact 14.311 | spectral 17.0913 | recons_loss: 0.19102 | sparse_loss: 1.03235 | 
2025-07-21 03:30:43,241 [INFO] [Iter 75] LR: 0.01250000
2025-07-21 03:30:43,243 [INFO] Saving best model at iteration 75
2025-07-21 03:30:43,843 [INFO] [76/300] loss 485.752 | compact 14.3119 | spectral 17.0909 | recons_loss: 0.190985 | sparse_loss: 1.03233 | 
2025-07-21 03:30:43,844 [INFO] [Iter 76] LR: 0.00625000
2025-07-21 03:30:43,845 [INFO] Saving best model at iteration 76
2025-07-21 03:30:44,442 [INFO] [77/300] loss 485.733 | compact 14.313 | spectral 17.0904 | recons_loss: 0.190955 | sparse_loss: 1.03231 | 
2025-07-21 03:30:44,442 [INFO] [Iter 77] LR: 0.00625000
2025-07-21 03:30:44,443 [INFO] Saving best model at iteration 77
2025-07-21 03:30:45,041 [INFO] [78/300] loss 485.716 | compact 14.3138 | spectral 17.09 | recons_loss: 0.190926 | sparse_loss: 1.0323 | 
2025-07-21 03:30:45,042 [INFO] [Iter 78] LR: 0.00625000
2025-07-21 03:30:45,043 [INFO] Saving best model at iteration 78
2025-07-21 03:30:45,649 [INFO] [79/300] loss 485.7 | compact 14.3147 | spectral 17.0896 | recons_loss: 0.190899 | sparse_loss: 1.03228 | 
2025-07-21 03:30:45,649 [INFO] [Iter 79] LR: 0.00625000
2025-07-21 03:30:45,651 [INFO] Saving best model at iteration 79
2025-07-21 03:30:46,248 [INFO] [80/300] loss 485.685 | compact 14.3157 | spectral 17.0893 | recons_loss: 0.190874 | sparse_loss: 1.03227 | 
2025-07-21 03:30:46,249 [INFO] [Iter 80] LR: 0.00625000
2025-07-21 03:30:46,250 [INFO] Saving best model at iteration 80
2025-07-21 03:30:46,847 [INFO] [81/300] loss 485.671 | compact 14.3166 | spectral 17.0888 | recons_loss: 0.190852 | sparse_loss: 1.03226 | 
2025-07-21 03:30:46,848 [INFO] [Iter 81] LR: 0.00625000
2025-07-21 03:30:46,849 [INFO] Saving best model at iteration 81
2025-07-21 03:30:47,456 [INFO] [82/300] loss 485.657 | compact 14.3178 | spectral 17.088 | recons_loss: 0.19083 | sparse_loss: 1.03225 | 
2025-07-21 03:30:47,456 [INFO] [Iter 82] LR: 0.00312500
2025-07-21 03:30:47,457 [INFO] Saving best model at iteration 82
2025-07-21 03:30:48,054 [INFO] [83/300] loss 485.644 | compact 14.3187 | spectral 17.0875 | recons_loss: 0.19081 | sparse_loss: 1.03224 | 
2025-07-21 03:30:48,055 [INFO] [Iter 83] LR: 0.00312500
2025-07-21 03:30:48,056 [INFO] Saving best model at iteration 83
2025-07-21 03:30:48,673 [INFO] [84/300] loss 485.633 | compact 14.3194 | spectral 17.0873 | recons_loss: 0.190792 | sparse_loss: 1.03223 | 
2025-07-21 03:30:48,674 [INFO] [Iter 84] LR: 0.00312500
2025-07-21 03:30:48,675 [INFO] Saving best model at iteration 84
2025-07-21 03:30:49,272 [INFO] [85/300] loss 485.622 | compact 14.32 | spectral 17.0871 | recons_loss: 0.190775 | sparse_loss: 1.03223 | 
2025-07-21 03:30:49,273 [INFO] [Iter 85] LR: 0.00156250
2025-07-21 03:30:49,275 [INFO] Saving best model at iteration 85
2025-07-21 03:30:49,875 [INFO] [86/300] loss 485.612 | compact 14.3205 | spectral 17.087 | recons_loss: 0.190759 | sparse_loss: 1.03222 | 
2025-07-21 03:30:49,875 [INFO] [Iter 86] LR: 0.00156250
2025-07-21 03:30:49,876 [INFO] Saving best model at iteration 86
2025-07-21 03:30:50,476 [INFO] [87/300] loss 485.603 | compact 14.3209 | spectral 17.0868 | recons_loss: 0.190745 | sparse_loss: 1.03221 | 
2025-07-21 03:30:50,476 [INFO] [Iter 87] LR: 0.00156250
2025-07-21 03:30:50,477 [INFO] Saving best model at iteration 87
2025-07-21 03:30:51,075 [INFO] [88/300] loss 485.595 | compact 14.3213 | spectral 17.0867 | recons_loss: 0.190732 | sparse_loss: 1.03221 | 
2025-07-21 03:30:51,075 [INFO] [Iter 88] LR: 0.00078125
2025-07-21 03:30:51,076 [INFO] Saving best model at iteration 88
2025-07-21 03:30:51,674 [INFO] [89/300] loss 485.587 | compact 14.3217 | spectral 17.0865 | recons_loss: 0.19072 | sparse_loss: 1.0322 | 
2025-07-21 03:30:51,674 [INFO] [Iter 89] LR: 0.00078125
2025-07-21 03:30:51,675 [INFO] Saving best model at iteration 89
2025-07-21 03:30:52,273 [INFO] [90/300] loss 485.58 | compact 14.3221 | spectral 17.0863 | recons_loss: 0.190709 | sparse_loss: 1.03219 | 
2025-07-21 03:30:52,273 [INFO] [Iter 90] LR: 0.00078125
2025-07-21 03:30:52,274 [INFO] Saving best model at iteration 90
2025-07-21 03:30:52,876 [INFO] [91/300] loss 485.574 | compact 14.3224 | spectral 17.0861 | recons_loss: 0.190699 | sparse_loss: 1.03219 | 
2025-07-21 03:30:52,876 [INFO] [Iter 91] LR: 0.00039063
2025-07-21 03:30:52,877 [INFO] Saving best model at iteration 91
2025-07-21 03:30:53,475 [INFO] [92/300] loss 485.568 | compact 14.3227 | spectral 17.0859 | recons_loss: 0.19069 | sparse_loss: 1.03218 | 
2025-07-21 03:30:53,475 [INFO] [Iter 92] LR: 0.00039063
2025-07-21 03:30:53,476 [INFO] Saving best model at iteration 92
2025-07-21 03:30:54,078 [INFO] [93/300] loss 485.562 | compact 14.323 | spectral 17.0858 | recons_loss: 0.190682 | sparse_loss: 1.03218 | 
2025-07-21 03:30:54,079 [INFO] [Iter 93] LR: 0.00039063
2025-07-21 03:30:54,080 [INFO] Saving best model at iteration 93
2025-07-21 03:30:54,677 [INFO] [94/300] loss 485.557 | compact 14.3233 | spectral 17.0857 | recons_loss: 0.190675 | sparse_loss: 1.03218 | 
2025-07-21 03:30:54,678 [INFO] [Iter 94] LR: 0.00019531
2025-07-21 03:30:54,679 [INFO] Saving best model at iteration 94
2025-07-21 03:30:55,276 [INFO] [95/300] loss 485.553 | compact 14.3235 | spectral 17.0856 | recons_loss: 0.190668 | sparse_loss: 1.03217 | 
2025-07-21 03:30:55,276 [INFO] [Iter 95] LR: 0.00019531
2025-07-21 03:30:55,277 [INFO] Saving best model at iteration 95
2025-07-21 03:30:55,875 [INFO] [96/300] loss 485.549 | compact 14.3236 | spectral 17.0855 | recons_loss: 0.190662 | sparse_loss: 1.03217 | 
2025-07-21 03:30:55,875 [INFO] [Iter 96] LR: 0.00019531
2025-07-21 03:30:55,876 [INFO] Saving best model at iteration 96
2025-07-21 03:30:56,479 [INFO] [97/300] loss 485.546 | compact 14.3238 | spectral 17.0854 | recons_loss: 0.190656 | sparse_loss: 1.03217 | 
2025-07-21 03:30:56,479 [INFO] [Iter 97] LR: 0.00009766
2025-07-21 03:30:56,481 [INFO] Saving best model at iteration 97
2025-07-21 03:30:57,078 [INFO] [98/300] loss 485.542 | compact 14.3239 | spectral 17.0854 | recons_loss: 0.190651 | sparse_loss: 1.03216 | 
2025-07-21 03:30:57,078 [INFO] [Iter 98] LR: 0.00009766
2025-07-21 03:30:57,080 [INFO] Saving best model at iteration 98
2025-07-21 03:30:57,679 [INFO] [99/300] loss 485.539 | compact 14.324 | spectral 17.0854 | recons_loss: 0.190647 | sparse_loss: 1.03216 | 
2025-07-21 03:30:57,679 [INFO] [Iter 99] LR: 0.00009766
2025-07-21 03:30:57,680 [INFO] Saving best model at iteration 99
2025-07-21 03:30:57,864 [INFO] H: 600, W: 166
2025-07-21 03:30:57,957 [INFO] [0 1 2 3 4 5]
2025-07-21 03:30:58,251 [INFO] y_target: [1 2 3 4 5 6]
2025-07-21 03:30:58,251 [INFO] y_predict: [0 1 2 3 4 5]
2025-07-21 03:30:58,339 [INFO] Epoch = 100 OA = 0.8490 Kappa = 0.7985 NMI = 0.8034
2025-07-21 03:30:58,815 [INFO] [100/300] loss 485.537 | compact 14.3242 | spectral 17.0853 | recons_loss: 0.190643 | sparse_loss: 1.03216 | 
2025-07-21 03:30:58,815 [INFO] [Iter 100] LR: 0.00004883
2025-07-21 03:30:58,816 [INFO] Saving best model at iteration 100
2025-07-21 03:30:59,420 [INFO] [101/300] loss 485.534 | compact 14.3243 | spectral 17.0852 | recons_loss: 0.190639 | sparse_loss: 1.03216 | 
2025-07-21 03:30:59,420 [INFO] [Iter 101] LR: 0.00004883
2025-07-21 03:30:59,422 [INFO] Saving best model at iteration 101
2025-07-21 03:31:00,021 [INFO] [102/300] loss 485.532 | compact 14.3244 | spectral 17.0852 | recons_loss: 0.190636 | sparse_loss: 1.03216 | 
2025-07-21 03:31:00,021 [INFO] [Iter 102] LR: 0.00004883
2025-07-21 03:31:00,022 [INFO] Saving best model at iteration 102
2025-07-21 03:31:00,620 [INFO] [103/300] loss 485.53 | compact 14.3245 | spectral 17.0851 | recons_loss: 0.190633 | sparse_loss: 1.03215 | 
2025-07-21 03:31:00,620 [INFO] [Iter 103] LR: 0.00002441
2025-07-21 03:31:00,621 [INFO] Saving best model at iteration 103
2025-07-21 03:31:01,220 [INFO] [104/300] loss 485.528 | compact 14.3246 | spectral 17.085 | recons_loss: 0.190631 | sparse_loss: 1.03215 | 
2025-07-21 03:31:01,220 [INFO] [Iter 104] LR: 0.00002441
2025-07-21 03:31:01,221 [INFO] Saving best model at iteration 104
2025-07-21 03:31:01,836 [INFO] [105/300] loss 485.527 | compact 14.3247 | spectral 17.085 | recons_loss: 0.190628 | sparse_loss: 1.03215 | 
2025-07-21 03:31:01,836 [INFO] [Iter 105] LR: 0.00002441
2025-07-21 03:31:01,837 [INFO] Saving best model at iteration 105
2025-07-21 03:31:02,452 [INFO] [106/300] loss 485.525 | compact 14.3248 | spectral 17.085 | recons_loss: 0.190626 | sparse_loss: 1.03215 | 
2025-07-21 03:31:02,452 [INFO] [Iter 106] LR: 0.00001221
2025-07-21 03:31:02,454 [INFO] Saving best model at iteration 106
2025-07-21 03:31:03,070 [INFO] [107/300] loss 485.524 | compact 14.3248 | spectral 17.0849 | recons_loss: 0.190624 | sparse_loss: 1.03215 | 
2025-07-21 03:31:03,071 [INFO] [Iter 107] LR: 0.00001221
2025-07-21 03:31:03,072 [INFO] Saving best model at iteration 107
2025-07-21 03:31:03,675 [INFO] [108/300] loss 485.523 | compact 14.3248 | spectral 17.0849 | recons_loss: 0.190622 | sparse_loss: 1.03215 | 
2025-07-21 03:31:03,675 [INFO] [Iter 108] LR: 0.00001221
2025-07-21 03:31:03,676 [INFO] Saving best model at iteration 108
2025-07-21 03:31:04,275 [INFO] [109/300] loss 485.522 | compact 14.3249 | spectral 17.0849 | recons_loss: 0.190621 | sparse_loss: 1.03215 | 
2025-07-21 03:31:04,275 [INFO] [Iter 109] LR: 0.00000610
2025-07-21 03:31:04,276 [INFO] Saving best model at iteration 109
2025-07-21 03:31:04,873 [INFO] [110/300] loss 485.521 | compact 14.3249 | spectral 17.0849 | recons_loss: 0.190619 | sparse_loss: 1.03215 | 
2025-07-21 03:31:04,873 [INFO] [Iter 110] LR: 0.00000610
2025-07-21 03:31:04,874 [INFO] Saving best model at iteration 110
2025-07-21 03:31:05,472 [INFO] [111/300] loss 485.52 | compact 14.3249 | spectral 17.0849 | recons_loss: 0.190618 | sparse_loss: 1.03215 | 
2025-07-21 03:31:05,472 [INFO] [Iter 111] LR: 0.00000610
2025-07-21 03:31:05,473 [INFO] Saving best model at iteration 111
2025-07-21 03:31:06,071 [INFO] [112/300] loss 485.519 | compact 14.3249 | spectral 17.0849 | recons_loss: 0.190617 | sparse_loss: 1.03215 | 
2025-07-21 03:31:06,071 [INFO] [Iter 112] LR: 0.00000305
2025-07-21 03:31:06,072 [INFO] Saving best model at iteration 112
2025-07-21 03:31:06,669 [INFO] [113/300] loss 485.518 | compact 14.3249 | spectral 17.0849 | recons_loss: 0.190616 | sparse_loss: 1.03214 | 
2025-07-21 03:31:06,669 [INFO] [Iter 113] LR: 0.00000305
2025-07-21 03:31:06,670 [INFO] Saving best model at iteration 113
2025-07-21 03:31:07,269 [INFO] [114/300] loss 485.518 | compact 14.3249 | spectral 17.0849 | recons_loss: 0.190615 | sparse_loss: 1.03214 | 
2025-07-21 03:31:07,269 [INFO] [Iter 114] LR: 0.00000305
2025-07-21 03:31:07,271 [INFO] Saving best model at iteration 114
2025-07-21 03:31:07,869 [INFO] [115/300] loss 485.517 | compact 14.325 | spectral 17.085 | recons_loss: 0.190614 | sparse_loss: 1.03214 | 
2025-07-21 03:31:07,869 [INFO] [Iter 115] LR: 0.00000153
2025-07-21 03:31:07,870 [INFO] Saving best model at iteration 115
2025-07-21 03:31:08,471 [INFO] [116/300] loss 485.517 | compact 14.325 | spectral 17.0849 | recons_loss: 0.190614 | sparse_loss: 1.03214 | 
2025-07-21 03:31:08,472 [INFO] [Iter 116] LR: 0.00000153
2025-07-21 03:31:08,473 [INFO] Saving best model at iteration 116
2025-07-21 03:31:09,079 [INFO] [117/300] loss 485.516 | compact 14.325 | spectral 17.0849 | recons_loss: 0.190613 | sparse_loss: 1.03214 | 
2025-07-21 03:31:09,079 [INFO] [Iter 117] LR: 0.00000153
2025-07-21 03:31:09,080 [INFO] Saving best model at iteration 117
2025-07-21 03:31:09,684 [INFO] [118/300] loss 485.516 | compact 14.325 | spectral 17.0849 | recons_loss: 0.190612 | sparse_loss: 1.03214 | 
2025-07-21 03:31:09,684 [INFO] [Iter 118] LR: 0.00000076
2025-07-21 03:31:09,687 [INFO] Saving best model at iteration 118
2025-07-21 03:31:10,285 [INFO] [119/300] loss 485.516 | compact 14.3251 | spectral 17.0849 | recons_loss: 0.190612 | sparse_loss: 1.03214 | 
2025-07-21 03:31:10,286 [INFO] [Iter 119] LR: 0.00000076
2025-07-21 03:31:10,288 [INFO] Saving best model at iteration 119
2025-07-21 03:31:10,898 [INFO] [120/300] loss 485.515 | compact 14.3251 | spectral 17.0849 | recons_loss: 0.190611 | sparse_loss: 1.03214 | 
2025-07-21 03:31:10,898 [INFO] [Iter 120] LR: 0.00000076
2025-07-21 03:31:10,899 [INFO] Saving best model at iteration 120
2025-07-21 03:31:11,497 [INFO] [121/300] loss 485.515 | compact 14.3251 | spectral 17.0849 | recons_loss: 0.190611 | sparse_loss: 1.03214 | 
2025-07-21 03:31:11,497 [INFO] [Iter 121] LR: 0.00000038
2025-07-21 03:31:11,499 [INFO] Saving best model at iteration 121
2025-07-21 03:31:12,097 [INFO] [122/300] loss 485.515 | compact 14.3251 | spectral 17.0849 | recons_loss: 0.19061 | sparse_loss: 1.03214 | 
2025-07-21 03:31:12,098 [INFO] [Iter 122] LR: 0.00000038
2025-07-21 03:31:12,099 [INFO] Saving best model at iteration 122
2025-07-21 03:31:12,696 [INFO] [123/300] loss 485.514 | compact 14.3251 | spectral 17.0849 | recons_loss: 0.19061 | sparse_loss: 1.03214 | 
2025-07-21 03:31:12,696 [INFO] [Iter 123] LR: 0.00000038
2025-07-21 03:31:12,697 [INFO] Saving best model at iteration 123
2025-07-21 03:31:13,295 [INFO] [124/300] loss 485.514 | compact 14.3251 | spectral 17.0849 | recons_loss: 0.19061 | sparse_loss: 1.03214 | 
2025-07-21 03:31:13,296 [INFO] [Iter 124] LR: 0.00000019
2025-07-21 03:31:13,297 [INFO] Saving best model at iteration 124
2025-07-21 03:31:13,913 [INFO] [125/300] loss 485.514 | compact 14.3251 | spectral 17.0849 | recons_loss: 0.190609 | sparse_loss: 1.03214 | 
2025-07-21 03:31:13,913 [INFO] [Iter 125] LR: 0.00000019
2025-07-21 03:31:13,915 [INFO] Saving best model at iteration 125
2025-07-21 03:31:14,513 [INFO] [126/300] loss 485.514 | compact 14.3252 | spectral 17.0848 | recons_loss: 0.190609 | sparse_loss: 1.03214 | 
2025-07-21 03:31:14,513 [INFO] [Iter 126] LR: 0.00000019
2025-07-21 03:31:14,514 [INFO] Saving best model at iteration 126
2025-07-21 03:31:15,112 [INFO] [127/300] loss 485.514 | compact 14.3252 | spectral 17.0848 | recons_loss: 0.190609 | sparse_loss: 1.03214 | 
2025-07-21 03:31:15,113 [INFO] [Iter 127] LR: 0.00000010
2025-07-21 03:31:15,115 [INFO] Saving best model at iteration 127
2025-07-21 03:31:15,712 [INFO] [128/300] loss 485.513 | compact 14.3252 | spectral 17.0848 | recons_loss: 0.190609 | sparse_loss: 1.03214 | 
2025-07-21 03:31:15,712 [INFO] [Iter 128] LR: 0.00000010
2025-07-21 03:31:15,714 [INFO] Saving best model at iteration 128
2025-07-21 03:31:16,323 [INFO] [129/300] loss 485.513 | compact 14.3252 | spectral 17.0848 | recons_loss: 0.190609 | sparse_loss: 1.03214 | 
2025-07-21 03:31:16,323 [INFO] [Iter 129] LR: 0.00000010
2025-07-21 03:31:16,325 [INFO] Saving best model at iteration 129
2025-07-21 03:31:16,940 [INFO] [130/300] loss 485.513 | compact 14.3252 | spectral 17.0848 | recons_loss: 0.190608 | sparse_loss: 1.03214 | 
2025-07-21 03:31:16,940 [INFO] [Iter 130] LR: 0.00000005
2025-07-21 03:31:16,941 [INFO] No improvement: current loss 485.513188, best loss 485.513283
2025-07-21 03:31:17,539 [INFO] [131/300] loss 485.513 | compact 14.3252 | spectral 17.0848 | recons_loss: 0.190608 | sparse_loss: 1.03214 | 
2025-07-21 03:31:17,539 [INFO] [Iter 131] LR: 0.00000005
2025-07-21 03:31:17,540 [INFO] Saving best model at iteration 131
2025-07-21 03:31:18,138 [INFO] [132/300] loss 485.513 | compact 14.3252 | spectral 17.0849 | recons_loss: 0.190608 | sparse_loss: 1.03214 | 
2025-07-21 03:31:18,138 [INFO] [Iter 132] LR: 0.00000005
2025-07-21 03:31:18,140 [INFO] No improvement: current loss 485.513019, best loss 485.513099
2025-07-21 03:31:18,737 [INFO] [133/300] loss 485.513 | compact 14.3251 | spectral 17.0849 | recons_loss: 0.190608 | sparse_loss: 1.03214 | 
2025-07-21 03:31:18,737 [INFO] [Iter 133] LR: 0.00000002
2025-07-21 03:31:18,738 [INFO] Saving best model at iteration 133
2025-07-21 03:31:19,336 [INFO] [134/300] loss 485.513 | compact 14.3251 | spectral 17.0849 | recons_loss: 0.190608 | sparse_loss: 1.03214 | 
2025-07-21 03:31:19,336 [INFO] [Iter 134] LR: 0.00000002
2025-07-21 03:31:19,337 [INFO] No improvement: current loss 485.512882, best loss 485.512947
2025-07-21 03:31:19,935 [INFO] [135/300] loss 485.513 | compact 14.3251 | spectral 17.0849 | recons_loss: 0.190608 | sparse_loss: 1.03214 | 
2025-07-21 03:31:19,936 [INFO] [Iter 135] LR: 0.00000002
2025-07-21 03:31:19,937 [INFO] Saving best model at iteration 135
2025-07-21 03:31:20,534 [INFO] [136/300] loss 485.513 | compact 14.3251 | spectral 17.0849 | recons_loss: 0.190608 | sparse_loss: 1.03214 | 
2025-07-21 03:31:20,535 [INFO] [Iter 136] LR: 0.00000001
2025-07-21 03:31:20,536 [INFO] No improvement: current loss 485.512771, best loss 485.512824
2025-07-21 03:31:21,133 [INFO] [137/300] loss 485.513 | compact 14.3251 | spectral 17.0849 | recons_loss: 0.190608 | sparse_loss: 1.03214 | 
2025-07-21 03:31:21,133 [INFO] [Iter 137] LR: 0.00000001
2025-07-21 03:31:21,134 [INFO] No improvement: current loss 485.512724, best loss 485.512824
2025-07-21 03:31:21,733 [INFO] [138/300] loss 485.513 | compact 14.3251 | spectral 17.0849 | recons_loss: 0.190608 | sparse_loss: 1.03214 | 
2025-07-21 03:31:21,733 [INFO] [Iter 138] LR: 0.00000001
2025-07-21 03:31:21,735 [INFO] Saving best model at iteration 138
2025-07-21 03:31:22,342 [INFO] [139/300] loss 485.513 | compact 14.3251 | spectral 17.0849 | recons_loss: 0.190607 | sparse_loss: 1.03214 | 
2025-07-21 03:31:22,343 [INFO] [Iter 139] LR: 0.00000001
2025-07-21 03:31:22,344 [INFO] No improvement: current loss 485.512646, best loss 485.512684
2025-07-21 03:31:22,942 [INFO] [140/300] loss 485.513 | compact 14.3251 | spectral 17.0849 | recons_loss: 0.190607 | sparse_loss: 1.03214 | 
2025-07-21 03:31:22,942 [INFO] [Iter 140] LR: 0.00000001
2025-07-21 03:31:22,943 [INFO] No improvement: current loss 485.512611, best loss 485.512684
2025-07-21 03:31:23,541 [INFO] [141/300] loss 485.513 | compact 14.3251 | spectral 17.0849 | recons_loss: 0.190607 | sparse_loss: 1.03214 | 
2025-07-21 03:31:23,541 [INFO] [Iter 141] LR: 0.00000001
2025-07-21 03:31:23,542 [INFO] Saving best model at iteration 141
2025-07-21 03:31:24,140 [INFO] [142/300] loss 485.513 | compact 14.3251 | spectral 17.0849 | recons_loss: 0.190607 | sparse_loss: 1.03214 | 
2025-07-21 03:31:24,140 [INFO] [Iter 142] LR: 0.00000001
2025-07-21 03:31:24,141 [INFO] No improvement: current loss 485.512552, best loss 485.512580
2025-07-21 03:31:24,739 [INFO] [143/300] loss 485.513 | compact 14.3251 | spectral 17.0849 | recons_loss: 0.190607 | sparse_loss: 1.03214 | 
2025-07-21 03:31:24,739 [INFO] [Iter 143] LR: 0.00000001
2025-07-21 03:31:24,740 [INFO] No improvement: current loss 485.512526, best loss 485.512580
2025-07-21 03:31:25,338 [INFO] [144/300] loss 485.513 | compact 14.3251 | spectral 17.0849 | recons_loss: 0.190607 | sparse_loss: 1.03214 | 
2025-07-21 03:31:25,338 [INFO] [Iter 144] LR: 0.00000001
2025-07-21 03:31:25,339 [INFO] No improvement: current loss 485.512504, best loss 485.512580
2025-07-21 03:31:25,945 [INFO] [145/300] loss 485.512 | compact 14.3251 | spectral 17.0849 | recons_loss: 0.190607 | sparse_loss: 1.03214 | 
2025-07-21 03:31:25,946 [INFO] [Iter 145] LR: 0.00000001
2025-07-21 03:31:25,947 [INFO] No improvement: current loss 485.512483, best loss 485.512580
2025-07-21 03:31:26,545 [INFO] [146/300] loss 485.512 | compact 14.3251 | spectral 17.0849 | recons_loss: 0.190607 | sparse_loss: 1.03214 | 
2025-07-21 03:31:26,545 [INFO] [Iter 146] LR: 0.00000001
2025-07-21 03:31:26,546 [INFO] Saving best model at iteration 146
2025-07-21 03:31:27,143 [INFO] [147/300] loss 485.512 | compact 14.3251 | spectral 17.0849 | recons_loss: 0.190607 | sparse_loss: 1.03214 | 
2025-07-21 03:31:27,144 [INFO] [Iter 147] LR: 0.00000001
2025-07-21 03:31:27,146 [INFO] No improvement: current loss 485.512448, best loss 485.512465
2025-07-21 03:31:27,744 [INFO] [148/300] loss 485.512 | compact 14.3251 | spectral 17.0849 | recons_loss: 0.190607 | sparse_loss: 1.03214 | 
2025-07-21 03:31:27,744 [INFO] [Iter 148] LR: 0.00000001
2025-07-21 03:31:27,745 [INFO] No improvement: current loss 485.512433, best loss 485.512465
2025-07-21 03:31:28,342 [INFO] [149/300] loss 485.512 | compact 14.3251 | spectral 17.085 | recons_loss: 0.190607 | sparse_loss: 1.03214 | 
2025-07-21 03:31:28,343 [INFO] [Iter 149] LR: 0.00000001
2025-07-21 03:31:28,344 [INFO] No improvement: current loss 485.512420, best loss 485.512465
2025-07-21 03:31:28,519 [INFO] H: 600, W: 166
2025-07-21 03:31:28,605 [INFO] [0 1 2 3 4 5]
2025-07-21 03:31:28,699 [INFO] y_target: [1 2 3 4 5 6]
2025-07-21 03:31:28,699 [INFO] y_predict: [0 1 2 3 4 5]
2025-07-21 03:31:28,787 [INFO] Epoch = 150 OA = 0.8490 Kappa = 0.7986 NMI = 0.8035
2025-07-21 03:31:29,263 [INFO] [150/300] loss 485.512 | compact 14.3251 | spectral 17.085 | recons_loss: 0.190607 | sparse_loss: 1.03214 | 
2025-07-21 03:31:29,263 [INFO] [Iter 150] LR: 0.00000001
2025-07-21 03:31:29,264 [INFO] No improvement: current loss 485.512408, best loss 485.512465
2025-07-21 03:31:29,862 [INFO] [151/300] loss 485.512 | compact 14.3251 | spectral 17.085 | recons_loss: 0.190607 | sparse_loss: 1.03214 | 
2025-07-21 03:31:29,863 [INFO] [Iter 151] LR: 0.00000001
2025-07-21 03:31:29,864 [INFO] No improvement: current loss 485.512397, best loss 485.512465
2025-07-21 03:31:30,462 [INFO] [152/300] loss 485.512 | compact 14.3251 | spectral 17.085 | recons_loss: 0.190607 | sparse_loss: 1.03214 | 
2025-07-21 03:31:30,463 [INFO] [Iter 152] LR: 0.00000001
2025-07-21 03:31:30,465 [INFO] No improvement: current loss 485.512387, best loss 485.512465
2025-07-21 03:31:31,082 [INFO] [153/300] loss 485.512 | compact 14.3251 | spectral 17.085 | recons_loss: 0.190607 | sparse_loss: 1.03214 | 
2025-07-21 03:31:31,083 [INFO] [Iter 153] LR: 0.00000001
2025-07-21 03:31:31,084 [INFO] No improvement: current loss 485.512378, best loss 485.512465
2025-07-21 03:31:31,681 [INFO] [154/300] loss 485.512 | compact 14.3251 | spectral 17.085 | recons_loss: 0.190607 | sparse_loss: 1.03214 | 
2025-07-21 03:31:31,682 [INFO] [Iter 154] LR: 0.00000001
2025-07-21 03:31:31,683 [INFO] No improvement: current loss 485.512370, best loss 485.512465
2025-07-21 03:31:32,280 [INFO] [155/300] loss 485.512 | compact 14.3251 | spectral 17.085 | recons_loss: 0.190607 | sparse_loss: 1.03214 | 
2025-07-21 03:31:32,280 [INFO] [Iter 155] LR: 0.00000001
2025-07-21 03:31:32,281 [INFO] Saving best model at iteration 155
2025-07-21 03:31:32,879 [INFO] [156/300] loss 485.512 | compact 14.3251 | spectral 17.085 | recons_loss: 0.190607 | sparse_loss: 1.03214 | 
2025-07-21 03:31:32,879 [INFO] [Iter 156] LR: 0.00000001
2025-07-21 03:31:32,880 [INFO] No improvement: current loss 485.512356, best loss 485.512363
2025-07-21 03:31:33,478 [INFO] [157/300] loss 485.512 | compact 14.3251 | spectral 17.085 | recons_loss: 0.190607 | sparse_loss: 1.03214 | 
2025-07-21 03:31:33,478 [INFO] [Iter 157] LR: 0.00000001
2025-07-21 03:31:33,479 [INFO] No improvement: current loss 485.512354, best loss 485.512363
2025-07-21 03:31:34,077 [INFO] [158/300] loss 485.512 | compact 14.3251 | spectral 17.085 | recons_loss: 0.190607 | sparse_loss: 1.03214 | 
2025-07-21 03:31:34,077 [INFO] [Iter 158] LR: 0.00000001
2025-07-21 03:31:34,078 [INFO] No improvement: current loss 485.512348, best loss 485.512363
2025-07-21 03:31:34,687 [INFO] [159/300] loss 485.512 | compact 14.3251 | spectral 17.085 | recons_loss: 0.190607 | sparse_loss: 1.03214 | 
2025-07-21 03:31:34,687 [INFO] [Iter 159] LR: 0.00000001
2025-07-21 03:31:34,688 [INFO] No improvement: current loss 485.512346, best loss 485.512363
2025-07-21 03:31:35,288 [INFO] [160/300] loss 485.512 | compact 14.3251 | spectral 17.085 | recons_loss: 0.190607 | sparse_loss: 1.03214 | 
2025-07-21 03:31:35,289 [INFO] [Iter 160] LR: 0.00000001
2025-07-21 03:31:35,290 [INFO] No improvement: current loss 485.512342, best loss 485.512363
2025-07-21 03:31:35,888 [INFO] [161/300] loss 485.512 | compact 14.3251 | spectral 17.085 | recons_loss: 0.190607 | sparse_loss: 1.03214 | 
2025-07-21 03:31:35,888 [INFO] [Iter 161] LR: 0.00000001
2025-07-21 03:31:35,889 [INFO] No improvement: current loss 485.512337, best loss 485.512363
2025-07-21 03:31:36,488 [INFO] [162/300] loss 485.512 | compact 14.3251 | spectral 17.085 | recons_loss: 0.190607 | sparse_loss: 1.03214 | 
2025-07-21 03:31:36,488 [INFO] [Iter 162] LR: 0.00000001
2025-07-21 03:31:36,489 [INFO] No improvement: current loss 485.512333, best loss 485.512363
2025-07-21 03:31:37,106 [INFO] [163/300] loss 485.512 | compact 14.3251 | spectral 17.085 | recons_loss: 0.190607 | sparse_loss: 1.03214 | 
2025-07-21 03:31:37,106 [INFO] [Iter 163] LR: 0.00000001
2025-07-21 03:31:37,107 [INFO] No improvement: current loss 485.512330, best loss 485.512363
2025-07-21 03:31:37,705 [INFO] [164/300] loss 485.512 | compact 14.3251 | spectral 17.085 | recons_loss: 0.190607 | sparse_loss: 1.03214 | 
2025-07-21 03:31:37,705 [INFO] [Iter 164] LR: 0.00000001
2025-07-21 03:31:37,706 [INFO] No improvement: current loss 485.512327, best loss 485.512363
2025-07-21 03:31:38,305 [INFO] [165/300] loss 485.512 | compact 14.3251 | spectral 17.085 | recons_loss: 0.190607 | sparse_loss: 1.03214 | 
2025-07-21 03:31:38,306 [INFO] [Iter 165] LR: 0.00000001
2025-07-21 03:31:38,307 [INFO] No improvement: current loss 485.512324, best loss 485.512363
2025-07-21 03:31:38,905 [INFO] [166/300] loss 485.512 | compact 14.3251 | spectral 17.085 | recons_loss: 0.190607 | sparse_loss: 1.03214 | 
2025-07-21 03:31:38,905 [INFO] [Iter 166] LR: 0.00000001
2025-07-21 03:31:38,906 [INFO] No improvement: current loss 485.512321, best loss 485.512363
2025-07-21 03:31:39,503 [INFO] [167/300] loss 485.512 | compact 14.3251 | spectral 17.085 | recons_loss: 0.190607 | sparse_loss: 1.03214 | 
2025-07-21 03:31:39,504 [INFO] [Iter 167] LR: 0.00000001
2025-07-21 03:31:39,505 [INFO] No improvement: current loss 485.512319, best loss 485.512363
2025-07-21 03:31:40,103 [INFO] [168/300] loss 485.512 | compact 14.3251 | spectral 17.0849 | recons_loss: 0.190607 | sparse_loss: 1.03214 | 
2025-07-21 03:31:40,103 [INFO] [Iter 168] LR: 0.00000001
2025-07-21 03:31:40,104 [INFO] No improvement: current loss 485.512277, best loss 485.512363
2025-07-21 03:31:40,702 [INFO] [169/300] loss 485.512 | compact 14.3251 | spectral 17.0849 | recons_loss: 0.190607 | sparse_loss: 1.03214 | 
2025-07-21 03:31:40,702 [INFO] [Iter 169] LR: 0.00000001
2025-07-21 03:31:40,703 [INFO] Saving best model at iteration 169
2025-07-21 03:31:41,301 [INFO] [170/300] loss 485.512 | compact 14.3252 | spectral 17.0849 | recons_loss: 0.190607 | sparse_loss: 1.03214 | 
2025-07-21 03:31:41,302 [INFO] [Iter 170] LR: 0.00000001
2025-07-21 03:31:41,303 [INFO] No improvement: current loss 485.512206, best loss 485.512240
2025-07-21 03:31:41,908 [INFO] [171/300] loss 485.512 | compact 14.3252 | spectral 17.0848 | recons_loss: 0.190607 | sparse_loss: 1.03214 | 
2025-07-21 03:31:41,908 [INFO] [Iter 171] LR: 0.00000001
2025-07-21 03:31:41,911 [INFO] No improvement: current loss 485.512176, best loss 485.512240
2025-07-21 03:31:42,510 [INFO] [172/300] loss 485.512 | compact 14.3252 | spectral 17.0848 | recons_loss: 0.190607 | sparse_loss: 1.03214 | 
2025-07-21 03:31:42,510 [INFO] [Iter 172] LR: 0.00000001
2025-07-21 03:31:42,511 [INFO] No improvement: current loss 485.512148, best loss 485.512240
2025-07-21 03:31:43,109 [INFO] [173/300] loss 485.512 | compact 14.3252 | spectral 17.0848 | recons_loss: 0.190607 | sparse_loss: 1.03214 | 
2025-07-21 03:31:43,109 [INFO] [Iter 173] LR: 0.00000001
2025-07-21 03:31:43,110 [INFO] Saving best model at iteration 173
2025-07-21 03:31:43,709 [INFO] [174/300] loss 485.512 | compact 14.3253 | spectral 17.0848 | recons_loss: 0.190607 | sparse_loss: 1.03214 | 
2025-07-21 03:31:43,709 [INFO] [Iter 174] LR: 0.00000001
2025-07-21 03:31:43,710 [INFO] No improvement: current loss 485.512101, best loss 485.512124
2025-07-21 03:31:44,310 [INFO] [175/300] loss 485.512 | compact 14.3253 | spectral 17.0848 | recons_loss: 0.190607 | sparse_loss: 1.03214 | 
2025-07-21 03:31:44,311 [INFO] [Iter 175] LR: 0.00000001
2025-07-21 03:31:44,313 [INFO] No improvement: current loss 485.512081, best loss 485.512124
2025-07-21 03:31:44,911 [INFO] [176/300] loss 485.512 | compact 14.3253 | spectral 17.0847 | recons_loss: 0.190607 | sparse_loss: 1.03214 | 
2025-07-21 03:31:44,911 [INFO] [Iter 176] LR: 0.00000001
2025-07-21 03:31:44,912 [INFO] No improvement: current loss 485.512064, best loss 485.512124
2025-07-21 03:31:45,509 [INFO] [177/300] loss 485.512 | compact 14.3253 | spectral 17.0847 | recons_loss: 0.190607 | sparse_loss: 1.03214 | 
2025-07-21 03:31:45,510 [INFO] [Iter 177] LR: 0.00000001
2025-07-21 03:31:45,511 [INFO] No improvement: current loss 485.512047, best loss 485.512124
2025-07-21 03:31:46,108 [INFO] [178/300] loss 485.512 | compact 14.3253 | spectral 17.0847 | recons_loss: 0.190607 | sparse_loss: 1.03214 | 
2025-07-21 03:31:46,108 [INFO] [Iter 178] LR: 0.00000001
2025-07-21 03:31:46,109 [INFO] No improvement: current loss 485.512033, best loss 485.512124
2025-07-21 03:31:46,707 [INFO] [179/300] loss 485.512 | compact 14.3253 | spectral 17.0847 | recons_loss: 0.190607 | sparse_loss: 1.03214 | 
2025-07-21 03:31:46,708 [INFO] [Iter 179] LR: 0.00000001
2025-07-21 03:31:46,709 [INFO] No improvement: current loss 485.512059, best loss 485.512124
2025-07-21 03:31:47,306 [INFO] [180/300] loss 485.512 | compact 14.3253 | spectral 17.0848 | recons_loss: 0.190607 | sparse_loss: 1.03214 | 
2025-07-21 03:31:47,306 [INFO] [Iter 180] LR: 0.00000001
2025-07-21 03:31:47,307 [INFO] No improvement: current loss 485.512083, best loss 485.512124
2025-07-21 03:31:47,905 [INFO] [181/300] loss 485.512 | compact 14.3252 | spectral 17.0848 | recons_loss: 0.190607 | sparse_loss: 1.03214 | 
2025-07-21 03:31:47,905 [INFO] [Iter 181] LR: 0.00000001
2025-07-21 03:31:47,906 [INFO] No improvement: current loss 485.512105, best loss 485.512124
2025-07-21 03:31:48,504 [INFO] [182/300] loss 485.512 | compact 14.3252 | spectral 17.0848 | recons_loss: 0.190607 | sparse_loss: 1.03214 | 
2025-07-21 03:31:48,505 [INFO] [Iter 182] LR: 0.00000001
2025-07-21 03:31:48,507 [INFO] No improvement: current loss 485.512124, best loss 485.512124
2025-07-21 03:31:49,105 [INFO] [183/300] loss 485.512 | compact 14.3252 | spectral 17.0848 | recons_loss: 0.190607 | sparse_loss: 1.03214 | 
2025-07-21 03:31:49,105 [INFO] [Iter 183] LR: 0.00000001
2025-07-21 03:31:49,107 [INFO] No improvement: current loss 485.512142, best loss 485.512124
2025-07-21 03:31:49,705 [INFO] [184/300] loss 485.512 | compact 14.3252 | spectral 17.0848 | recons_loss: 0.190607 | sparse_loss: 1.03214 | 
2025-07-21 03:31:49,706 [INFO] [Iter 184] LR: 0.00000001
2025-07-21 03:31:49,707 [INFO] No improvement: current loss 485.512157, best loss 485.512124
2025-07-21 03:31:50,315 [INFO] [185/300] loss 485.512 | compact 14.3252 | spectral 17.0848 | recons_loss: 0.190607 | sparse_loss: 1.03214 | 
2025-07-21 03:31:50,315 [INFO] [Iter 185] LR: 0.00000001
2025-07-21 03:31:50,316 [INFO] No improvement: current loss 485.512171, best loss 485.512124
2025-07-21 03:31:50,917 [INFO] [186/300] loss 485.512 | compact 14.3252 | spectral 17.0849 | recons_loss: 0.190607 | sparse_loss: 1.03214 | 
2025-07-21 03:31:50,917 [INFO] [Iter 186] LR: 0.00000001
2025-07-21 03:31:50,918 [INFO] No improvement: current loss 485.512184, best loss 485.512124
2025-07-21 03:31:51,516 [INFO] [187/300] loss 485.512 | compact 14.3252 | spectral 17.0849 | recons_loss: 0.190607 | sparse_loss: 1.03214 | 
2025-07-21 03:31:51,516 [INFO] [Iter 187] LR: 0.00000001
2025-07-21 03:31:51,517 [INFO] No improvement: current loss 485.512196, best loss 485.512124
2025-07-21 03:31:52,115 [INFO] [188/300] loss 485.512 | compact 14.3252 | spectral 17.0849 | recons_loss: 0.190607 | sparse_loss: 1.03214 | 
2025-07-21 03:31:52,115 [INFO] [Iter 188] LR: 0.00000001
2025-07-21 03:31:52,116 [INFO] No improvement: current loss 485.512206, best loss 485.512124
2025-07-21 03:31:52,713 [INFO] [189/300] loss 485.512 | compact 14.3251 | spectral 17.0849 | recons_loss: 0.190607 | sparse_loss: 1.03214 | 
2025-07-21 03:31:52,714 [INFO] [Iter 189] LR: 0.00000001
2025-07-21 03:31:52,715 [INFO] No improvement: current loss 485.512215, best loss 485.512124
2025-07-21 03:31:53,312 [INFO] [190/300] loss 485.512 | compact 14.3251 | spectral 17.0849 | recons_loss: 0.190607 | sparse_loss: 1.03214 | 
2025-07-21 03:31:53,312 [INFO] [Iter 190] LR: 0.00000001
2025-07-21 03:31:53,313 [INFO] No improvement: current loss 485.512224, best loss 485.512124
2025-07-21 03:31:53,912 [INFO] [191/300] loss 485.512 | compact 14.3251 | spectral 17.0849 | recons_loss: 0.190607 | sparse_loss: 1.03214 | 
2025-07-21 03:31:53,912 [INFO] [Iter 191] LR: 0.00000001
2025-07-21 03:31:53,914 [INFO] No improvement: current loss 485.512231, best loss 485.512124
2025-07-21 03:31:54,512 [INFO] [192/300] loss 485.512 | compact 14.3251 | spectral 17.0849 | recons_loss: 0.190607 | sparse_loss: 1.03214 | 
2025-07-21 03:31:54,513 [INFO] [Iter 192] LR: 0.00000001
2025-07-21 03:31:54,514 [INFO] No improvement: current loss 485.512238, best loss 485.512124
2025-07-21 03:31:55,111 [INFO] [193/300] loss 485.512 | compact 14.3251 | spectral 17.0849 | recons_loss: 0.190607 | sparse_loss: 1.03214 | 
2025-07-21 03:31:55,111 [INFO] [Iter 193] LR: 0.00000001
2025-07-21 03:31:55,112 [INFO] No improvement: current loss 485.512244, best loss 485.512124
2025-07-21 03:31:55,709 [INFO] [194/300] loss 485.512 | compact 14.3251 | spectral 17.0849 | recons_loss: 0.190607 | sparse_loss: 1.03214 | 
2025-07-21 03:31:55,709 [INFO] [Iter 194] LR: 0.00000001
2025-07-21 03:31:55,710 [INFO] No improvement: current loss 485.512210, best loss 485.512124
2025-07-21 03:31:56,308 [INFO] [195/300] loss 485.512 | compact 14.3252 | spectral 17.0849 | recons_loss: 0.190607 | sparse_loss: 1.03214 | 
2025-07-21 03:31:56,309 [INFO] [Iter 195] LR: 0.00000001
2025-07-21 03:31:56,311 [INFO] No improvement: current loss 485.512179, best loss 485.512124
2025-07-21 03:31:56,911 [INFO] [196/300] loss 485.512 | compact 14.3252 | spectral 17.0848 | recons_loss: 0.190607 | sparse_loss: 1.03214 | 
2025-07-21 03:31:56,912 [INFO] [Iter 196] LR: 0.00000001
2025-07-21 03:31:56,913 [INFO] No improvement: current loss 485.512151, best loss 485.512124
2025-07-21 03:31:57,525 [INFO] [197/300] loss 485.512 | compact 14.3252 | spectral 17.0848 | recons_loss: 0.190607 | sparse_loss: 1.03214 | 
2025-07-21 03:31:57,525 [INFO] [Iter 197] LR: 0.00000001
2025-07-21 03:31:57,527 [INFO] No improvement: current loss 485.512126, best loss 485.512124
2025-07-21 03:31:58,125 [INFO] [198/300] loss 485.512 | compact 14.3252 | spectral 17.0848 | recons_loss: 0.190607 | sparse_loss: 1.03214 | 
2025-07-21 03:31:58,125 [INFO] [Iter 198] LR: 0.00000001
2025-07-21 03:31:58,126 [INFO] No improvement: current loss 485.512104, best loss 485.512124
2025-07-21 03:31:58,728 [INFO] [199/300] loss 485.512 | compact 14.3253 | spectral 17.0848 | recons_loss: 0.190607 | sparse_loss: 1.03214 | 
2025-07-21 03:31:58,728 [INFO] [Iter 199] LR: 0.00000001
2025-07-21 03:31:58,729 [INFO] No improvement: current loss 485.512084, best loss 485.512124
2025-07-21 03:31:58,923 [INFO] H: 600, W: 166
2025-07-21 03:31:58,985 [INFO] [0 1 2 3 4 5]
2025-07-21 03:31:59,079 [INFO] y_target: [1 2 3 4 5 6]
2025-07-21 03:31:59,079 [INFO] y_predict: [0 1 2 3 4 5]
2025-07-21 03:31:59,166 [INFO] Epoch = 200 OA = 0.8490 Kappa = 0.7985 NMI = 0.8034
2025-07-21 03:31:59,643 [INFO] [200/300] loss 485.512 | compact 14.3253 | spectral 17.0848 | recons_loss: 0.190607 | sparse_loss: 1.03214 | 
2025-07-21 03:31:59,643 [INFO] [Iter 200] LR: 0.00000001
2025-07-21 03:31:59,644 [INFO] No improvement: current loss 485.512065, best loss 485.512124
2025-07-21 03:32:00,242 [INFO] [201/300] loss 485.512 | compact 14.3253 | spectral 17.0847 | recons_loss: 0.190607 | sparse_loss: 1.03214 | 
2025-07-21 03:32:00,242 [INFO] [Iter 201] LR: 0.00000001
2025-07-21 03:32:00,243 [INFO] No improvement: current loss 485.512049, best loss 485.512124
2025-07-21 03:32:00,844 [INFO] [202/300] loss 485.512 | compact 14.3253 | spectral 17.0847 | recons_loss: 0.190607 | sparse_loss: 1.03214 | 
2025-07-21 03:32:00,844 [INFO] [Iter 202] LR: 0.00000001
2025-07-21 03:32:00,846 [INFO] No improvement: current loss 485.512034, best loss 485.512124
2025-07-21 03:32:01,446 [INFO] [203/300] loss 485.512 | compact 14.3253 | spectral 17.0847 | recons_loss: 0.190607 | sparse_loss: 1.03214 | 
2025-07-21 03:32:01,446 [INFO] [Iter 203] LR: 0.00000001
2025-07-21 03:32:01,449 [INFO] Saving best model at iteration 203
2025-07-21 03:32:02,068 [INFO] [204/300] loss 485.512 | compact 14.3253 | spectral 17.0847 | recons_loss: 0.190607 | sparse_loss: 1.03214 | 
2025-07-21 03:32:02,068 [INFO] [Iter 204] LR: 0.00000001
2025-07-21 03:32:02,069 [INFO] No improvement: current loss 485.512009, best loss 485.512021
2025-07-21 03:32:02,666 [INFO] [205/300] loss 485.512 | compact 14.3253 | spectral 17.0847 | recons_loss: 0.190607 | sparse_loss: 1.03214 | 
2025-07-21 03:32:02,667 [INFO] [Iter 205] LR: 0.00000001
2025-07-21 03:32:02,668 [INFO] No improvement: current loss 485.511998, best loss 485.512021
2025-07-21 03:32:03,265 [INFO] [206/300] loss 485.512 | compact 14.3253 | spectral 17.0847 | recons_loss: 0.190607 | sparse_loss: 1.03214 | 
2025-07-21 03:32:03,265 [INFO] [Iter 206] LR: 0.00000001
2025-07-21 03:32:03,266 [INFO] No improvement: current loss 485.511989, best loss 485.512021
2025-07-21 03:32:03,866 [INFO] [207/300] loss 485.512 | compact 14.3254 | spectral 17.0847 | recons_loss: 0.190607 | sparse_loss: 1.03214 | 
2025-07-21 03:32:03,866 [INFO] [Iter 207] LR: 0.00000001
2025-07-21 03:32:03,867 [INFO] No improvement: current loss 485.511980, best loss 485.512021
2025-07-21 03:32:04,466 [INFO] [208/300] loss 485.512 | compact 14.3254 | spectral 17.0847 | recons_loss: 0.190607 | sparse_loss: 1.03214 | 
2025-07-21 03:32:04,466 [INFO] [Iter 208] LR: 0.00000001
2025-07-21 03:32:04,467 [INFO] No improvement: current loss 485.511972, best loss 485.512021
2025-07-21 03:32:05,064 [INFO] [209/300] loss 485.512 | compact 14.3254 | spectral 17.0847 | recons_loss: 0.190607 | sparse_loss: 1.03214 | 
2025-07-21 03:32:05,065 [INFO] [Iter 209] LR: 0.00000001
2025-07-21 03:32:05,066 [INFO] No improvement: current loss 485.511965, best loss 485.512021
2025-07-21 03:32:05,663 [INFO] [210/300] loss 485.512 | compact 14.3254 | spectral 17.0847 | recons_loss: 0.190607 | sparse_loss: 1.03214 | 
2025-07-21 03:32:05,663 [INFO] [Iter 210] LR: 0.00000001
2025-07-21 03:32:05,664 [INFO] No improvement: current loss 485.511959, best loss 485.512021
2025-07-21 03:32:06,263 [INFO] [211/300] loss 485.512 | compact 14.3254 | spectral 17.0846 | recons_loss: 0.190607 | sparse_loss: 1.03214 | 
2025-07-21 03:32:06,263 [INFO] [Iter 211] LR: 0.00000001
2025-07-21 03:32:06,264 [INFO] No improvement: current loss 485.511953, best loss 485.512021
2025-07-21 03:32:06,864 [INFO] [212/300] loss 485.512 | compact 14.3254 | spectral 17.0846 | recons_loss: 0.190607 | sparse_loss: 1.03214 | 
2025-07-21 03:32:06,864 [INFO] [Iter 212] LR: 0.00000001
2025-07-21 03:32:06,865 [INFO] No improvement: current loss 485.511948, best loss 485.512021
2025-07-21 03:32:07,462 [INFO] [213/300] loss 485.512 | compact 14.3254 | spectral 17.0846 | recons_loss: 0.190607 | sparse_loss: 1.03214 | 
2025-07-21 03:32:07,462 [INFO] [Iter 213] LR: 0.00000001
2025-07-21 03:32:07,463 [INFO] No improvement: current loss 485.511943, best loss 485.512021
2025-07-21 03:32:08,068 [INFO] [214/300] loss 485.512 | compact 14.3254 | spectral 17.0846 | recons_loss: 0.190607 | sparse_loss: 1.03214 | 
2025-07-21 03:32:08,069 [INFO] [Iter 214] LR: 0.00000001
2025-07-21 03:32:08,071 [INFO] No improvement: current loss 485.511939, best loss 485.512021
2025-07-21 03:32:08,684 [INFO] [215/300] loss 485.512 | compact 14.3254 | spectral 17.0846 | recons_loss: 0.190607 | sparse_loss: 1.03214 | 
2025-07-21 03:32:08,685 [INFO] [Iter 215] LR: 0.00000001
2025-07-21 03:32:08,687 [INFO] No improvement: current loss 485.511936, best loss 485.512021
2025-07-21 03:32:09,287 [INFO] [216/300] loss 485.512 | compact 14.3254 | spectral 17.0846 | recons_loss: 0.190607 | sparse_loss: 1.03214 | 
2025-07-21 03:32:09,287 [INFO] [Iter 216] LR: 0.00000001
2025-07-21 03:32:09,288 [INFO] No improvement: current loss 485.511932, best loss 485.512021
2025-07-21 03:32:09,885 [INFO] [217/300] loss 485.512 | compact 14.3254 | spectral 17.0846 | recons_loss: 0.190607 | sparse_loss: 1.03214 | 
2025-07-21 03:32:09,886 [INFO] [Iter 217] LR: 0.00000001
2025-07-21 03:32:09,887 [INFO] No improvement: current loss 485.511929, best loss 485.512021
2025-07-21 03:32:10,486 [INFO] [218/300] loss 485.512 | compact 14.3254 | spectral 17.0846 | recons_loss: 0.190607 | sparse_loss: 1.03214 | 
2025-07-21 03:32:10,486 [INFO] [Iter 218] LR: 0.00000001
2025-07-21 03:32:10,488 [INFO] No improvement: current loss 485.511926, best loss 485.512021
2025-07-21 03:32:11,086 [INFO] [219/300] loss 485.512 | compact 14.3254 | spectral 17.0846 | recons_loss: 0.190607 | sparse_loss: 1.03214 | 
2025-07-21 03:32:11,086 [INFO] [Iter 219] LR: 0.00000001
2025-07-21 03:32:11,088 [INFO] No improvement: current loss 485.511924, best loss 485.512021
2025-07-21 03:32:11,685 [INFO] [220/300] loss 485.512 | compact 14.3254 | spectral 17.0846 | recons_loss: 0.190607 | sparse_loss: 1.03214 | 
2025-07-21 03:32:11,685 [INFO] [Iter 220] LR: 0.00000001
2025-07-21 03:32:11,686 [INFO] No improvement: current loss 485.511922, best loss 485.512021
2025-07-21 03:32:12,284 [INFO] [221/300] loss 485.512 | compact 14.3254 | spectral 17.0846 | recons_loss: 0.190607 | sparse_loss: 1.03214 | 
2025-07-21 03:32:12,284 [INFO] [Iter 221] LR: 0.00000001
2025-07-21 03:32:12,285 [INFO] Saving best model at iteration 221
2025-07-21 03:32:12,882 [INFO] [222/300] loss 485.512 | compact 14.3254 | spectral 17.0846 | recons_loss: 0.190607 | sparse_loss: 1.03214 | 
2025-07-21 03:32:12,882 [INFO] [Iter 222] LR: 0.00000001
2025-07-21 03:32:12,883 [INFO] No improvement: current loss 485.511918, best loss 485.511920
2025-07-21 03:32:13,481 [INFO] [223/300] loss 485.512 | compact 14.3254 | spectral 17.0846 | recons_loss: 0.190607 | sparse_loss: 1.03214 | 
2025-07-21 03:32:13,481 [INFO] [Iter 223] LR: 0.00000001
2025-07-21 03:32:13,482 [INFO] No improvement: current loss 485.511916, best loss 485.511920
2025-07-21 03:32:14,080 [INFO] [224/300] loss 485.512 | compact 14.3254 | spectral 17.0846 | recons_loss: 0.190607 | sparse_loss: 1.03214 | 
2025-07-21 03:32:14,080 [INFO] [Iter 224] LR: 0.00000001
2025-07-21 03:32:14,081 [INFO] No improvement: current loss 485.511915, best loss 485.511920
2025-07-21 03:32:14,679 [INFO] [225/300] loss 485.512 | compact 14.3254 | spectral 17.0846 | recons_loss: 0.190607 | sparse_loss: 1.03214 | 
2025-07-21 03:32:14,680 [INFO] [Iter 225] LR: 0.00000001
2025-07-21 03:32:14,681 [INFO] No improvement: current loss 485.511914, best loss 485.511920
2025-07-21 03:32:15,278 [INFO] [226/300] loss 485.512 | compact 14.3254 | spectral 17.0846 | recons_loss: 0.190607 | sparse_loss: 1.03214 | 
2025-07-21 03:32:15,278 [INFO] [Iter 226] LR: 0.00000001
2025-07-21 03:32:15,279 [INFO] No improvement: current loss 485.511912, best loss 485.511920
2025-07-21 03:32:15,888 [INFO] [227/300] loss 485.512 | compact 14.3254 | spectral 17.0846 | recons_loss: 0.190607 | sparse_loss: 1.03214 | 
2025-07-21 03:32:15,888 [INFO] [Iter 227] LR: 0.00000001
2025-07-21 03:32:15,891 [INFO] No improvement: current loss 485.511911, best loss 485.511920
2025-07-21 03:32:16,492 [INFO] [228/300] loss 485.512 | compact 14.3254 | spectral 17.0846 | recons_loss: 0.190607 | sparse_loss: 1.03214 | 
2025-07-21 03:32:16,492 [INFO] [Iter 228] LR: 0.00000001
2025-07-21 03:32:16,493 [INFO] No improvement: current loss 485.511910, best loss 485.511920
2025-07-21 03:32:17,091 [INFO] [229/300] loss 485.512 | compact 14.3254 | spectral 17.0846 | recons_loss: 0.190607 | sparse_loss: 1.03214 | 
2025-07-21 03:32:17,091 [INFO] [Iter 229] LR: 0.00000001
2025-07-21 03:32:17,092 [INFO] No improvement: current loss 485.511910, best loss 485.511920
2025-07-21 03:32:17,690 [INFO] [230/300] loss 485.512 | compact 14.3254 | spectral 17.0846 | recons_loss: 0.190607 | sparse_loss: 1.03214 | 
2025-07-21 03:32:17,691 [INFO] [Iter 230] LR: 0.00000001
2025-07-21 03:32:17,692 [INFO] No improvement: current loss 485.511909, best loss 485.511920
2025-07-21 03:32:18,289 [INFO] [231/300] loss 485.512 | compact 14.3254 | spectral 17.0846 | recons_loss: 0.190607 | sparse_loss: 1.03214 | 
2025-07-21 03:32:18,289 [INFO] [Iter 231] LR: 0.00000001
2025-07-21 03:32:18,290 [INFO] No improvement: current loss 485.511908, best loss 485.511920
2025-07-21 03:32:18,888 [INFO] [232/300] loss 485.512 | compact 14.3254 | spectral 17.0846 | recons_loss: 0.190607 | sparse_loss: 1.03214 | 
2025-07-21 03:32:18,888 [INFO] [Iter 232] LR: 0.00000001
2025-07-21 03:32:18,889 [INFO] No improvement: current loss 485.511947, best loss 485.511920
2025-07-21 03:32:19,487 [INFO] [233/300] loss 485.512 | compact 14.3253 | spectral 17.0847 | recons_loss: 0.190607 | sparse_loss: 1.03214 | 
2025-07-21 03:32:19,488 [INFO] [Iter 233] LR: 0.00000001
2025-07-21 03:32:19,489 [INFO] No improvement: current loss 485.511982, best loss 485.511920
2025-07-21 03:32:20,086 [INFO] [234/300] loss 485.512 | compact 14.3253 | spectral 17.0847 | recons_loss: 0.190607 | sparse_loss: 1.03214 | 
2025-07-21 03:32:20,086 [INFO] [Iter 234] LR: 0.00000001
2025-07-21 03:32:20,087 [INFO] No improvement: current loss 485.512014, best loss 485.511920
2025-07-21 03:32:20,685 [INFO] [235/300] loss 485.512 | compact 14.3253 | spectral 17.0847 | recons_loss: 0.190607 | sparse_loss: 1.03214 | 
2025-07-21 03:32:20,685 [INFO] [Iter 235] LR: 0.00000001
2025-07-21 03:32:20,686 [INFO] No improvement: current loss 485.512042, best loss 485.511920
2025-07-21 03:32:21,284 [INFO] [236/300] loss 485.512 | compact 14.3253 | spectral 17.0848 | recons_loss: 0.190607 | sparse_loss: 1.03214 | 
2025-07-21 03:32:21,284 [INFO] [Iter 236] LR: 0.00000001
2025-07-21 03:32:21,285 [INFO] No improvement: current loss 485.512068, best loss 485.511920
2025-07-21 03:32:21,882 [INFO] [237/300] loss 485.512 | compact 14.3253 | spectral 17.0848 | recons_loss: 0.190607 | sparse_loss: 1.03214 | 
2025-07-21 03:32:21,883 [INFO] [Iter 237] LR: 0.00000001
2025-07-21 03:32:21,884 [INFO] No improvement: current loss 485.512091, best loss 485.511920
2025-07-21 03:32:22,488 [INFO] [238/300] loss 485.512 | compact 14.3252 | spectral 17.0848 | recons_loss: 0.190607 | sparse_loss: 1.03214 | 
2025-07-21 03:32:22,488 [INFO] [Iter 238] LR: 0.00000001
2025-07-21 03:32:22,489 [INFO] No improvement: current loss 485.512112, best loss 485.511920
2025-07-21 03:32:23,087 [INFO] [239/300] loss 485.512 | compact 14.3252 | spectral 17.0848 | recons_loss: 0.190607 | sparse_loss: 1.03214 | 
2025-07-21 03:32:23,087 [INFO] [Iter 239] LR: 0.00000001
2025-07-21 03:32:23,088 [INFO] No improvement: current loss 485.512130, best loss 485.511920
2025-07-21 03:32:23,698 [INFO] [240/300] loss 485.512 | compact 14.3252 | spectral 17.0848 | recons_loss: 0.190607 | sparse_loss: 1.03214 | 
2025-07-21 03:32:23,698 [INFO] [Iter 240] LR: 0.00000001
2025-07-21 03:32:23,700 [INFO] No improvement: current loss 485.512147, best loss 485.511920
2025-07-21 03:32:24,297 [INFO] [241/300] loss 485.512 | compact 14.3252 | spectral 17.0848 | recons_loss: 0.190607 | sparse_loss: 1.03214 | 
2025-07-21 03:32:24,298 [INFO] [Iter 241] LR: 0.00000001
2025-07-21 03:32:24,299 [INFO] No improvement: current loss 485.512162, best loss 485.511920
2025-07-21 03:32:24,897 [INFO] [242/300] loss 485.512 | compact 14.3252 | spectral 17.0849 | recons_loss: 0.190607 | sparse_loss: 1.03214 | 
2025-07-21 03:32:24,897 [INFO] [Iter 242] LR: 0.00000001
2025-07-21 03:32:24,899 [INFO] No improvement: current loss 485.512176, best loss 485.511920
2025-07-21 03:32:25,498 [INFO] [243/300] loss 485.512 | compact 14.3252 | spectral 17.0849 | recons_loss: 0.190607 | sparse_loss: 1.03214 | 
2025-07-21 03:32:25,498 [INFO] [Iter 243] LR: 0.00000001
2025-07-21 03:32:25,499 [INFO] No improvement: current loss 485.512188, best loss 485.511920
2025-07-21 03:32:26,096 [INFO] [244/300] loss 485.512 | compact 14.3252 | spectral 17.0849 | recons_loss: 0.190607 | sparse_loss: 1.03214 | 
2025-07-21 03:32:26,097 [INFO] [Iter 244] LR: 0.00000001
2025-07-21 03:32:26,098 [INFO] No improvement: current loss 485.512199, best loss 485.511920
2025-07-21 03:32:26,696 [INFO] [245/300] loss 485.512 | compact 14.3251 | spectral 17.0849 | recons_loss: 0.190607 | sparse_loss: 1.03214 | 
2025-07-21 03:32:26,696 [INFO] [Iter 245] LR: 0.00000001
2025-07-21 03:32:26,697 [INFO] No improvement: current loss 485.512209, best loss 485.511920
2025-07-21 03:32:27,294 [INFO] [246/300] loss 485.512 | compact 14.3251 | spectral 17.0849 | recons_loss: 0.190607 | sparse_loss: 1.03214 | 
2025-07-21 03:32:27,295 [INFO] [Iter 246] LR: 0.00000001
2025-07-21 03:32:27,296 [INFO] No improvement: current loss 485.512218, best loss 485.511920
2025-07-21 03:32:27,894 [INFO] [247/300] loss 485.512 | compact 14.3251 | spectral 17.0849 | recons_loss: 0.190607 | sparse_loss: 1.03214 | 
2025-07-21 03:32:27,894 [INFO] [Iter 247] LR: 0.00000001
2025-07-21 03:32:27,897 [INFO] No improvement: current loss 485.512226, best loss 485.511920
2025-07-21 03:32:28,498 [INFO] [248/300] loss 485.512 | compact 14.3251 | spectral 17.0849 | recons_loss: 0.190607 | sparse_loss: 1.03214 | 
2025-07-21 03:32:28,499 [INFO] [Iter 248] LR: 0.00000001
2025-07-21 03:32:28,500 [INFO] No improvement: current loss 485.512233, best loss 485.511920
2025-07-21 03:32:29,097 [INFO] [249/300] loss 485.512 | compact 14.3251 | spectral 17.0849 | recons_loss: 0.190607 | sparse_loss: 1.03214 | 
2025-07-21 03:32:29,097 [INFO] [Iter 249] LR: 0.00000001
2025-07-21 03:32:29,098 [INFO] No improvement: current loss 485.512240, best loss 485.511920
2025-07-21 03:32:29,289 [INFO] H: 600, W: 166
2025-07-21 03:32:29,390 [INFO] [0 1 2 3 4 5]
2025-07-21 03:32:29,486 [INFO] y_target: [1 2 3 4 5 6]
2025-07-21 03:32:29,487 [INFO] y_predict: [0 1 2 3 4 5]
2025-07-21 03:32:29,574 [INFO] Epoch = 250 OA = 0.8490 Kappa = 0.7986 NMI = 0.8035
2025-07-21 03:32:30,050 [INFO] [250/300] loss 485.512 | compact 14.3251 | spectral 17.0849 | recons_loss: 0.190607 | sparse_loss: 1.03214 | 
2025-07-21 03:32:30,051 [INFO] [Iter 250] LR: 0.00000001
2025-07-21 03:32:30,052 [INFO] No improvement: current loss 485.512246, best loss 485.511920
2025-07-21 03:32:30,651 [INFO] [251/300] loss 485.512 | compact 14.3251 | spectral 17.0849 | recons_loss: 0.190607 | sparse_loss: 1.03214 | 
2025-07-21 03:32:30,651 [INFO] [Iter 251] LR: 0.00000001
2025-07-21 03:32:30,653 [INFO] No improvement: current loss 485.512251, best loss 485.511920
2025-07-21 03:32:31,264 [INFO] [252/300] loss 485.512 | compact 14.3251 | spectral 17.0849 | recons_loss: 0.190607 | sparse_loss: 1.03214 | 
2025-07-21 03:32:31,264 [INFO] [Iter 252] LR: 0.00000001
2025-07-21 03:32:31,267 [INFO] No improvement: current loss 485.512256, best loss 485.511920
2025-07-21 03:32:31,866 [INFO] [253/300] loss 485.512 | compact 14.3251 | spectral 17.0849 | recons_loss: 0.190607 | sparse_loss: 1.03214 | 
2025-07-21 03:32:31,866 [INFO] [Iter 253] LR: 0.00000001
2025-07-21 03:32:31,867 [INFO] No improvement: current loss 485.512260, best loss 485.511920
2025-07-21 03:32:32,465 [INFO] [254/300] loss 485.512 | compact 14.3251 | spectral 17.0849 | recons_loss: 0.190607 | sparse_loss: 1.03214 | 
2025-07-21 03:32:32,466 [INFO] [Iter 254] LR: 0.00000001
2025-07-21 03:32:32,468 [INFO] No improvement: current loss 485.512264, best loss 485.511920
2025-07-21 03:32:33,065 [INFO] [255/300] loss 485.512 | compact 14.3251 | spectral 17.0849 | recons_loss: 0.190607 | sparse_loss: 1.03214 | 
2025-07-21 03:32:33,065 [INFO] [Iter 255] LR: 0.00000001
2025-07-21 03:32:33,066 [INFO] No improvement: current loss 485.512267, best loss 485.511920
2025-07-21 03:32:33,664 [INFO] [256/300] loss 485.512 | compact 14.3251 | spectral 17.0849 | recons_loss: 0.190607 | sparse_loss: 1.03214 | 
2025-07-21 03:32:33,665 [INFO] [Iter 256] LR: 0.00000001
2025-07-21 03:32:33,667 [INFO] No improvement: current loss 485.512271, best loss 485.511920
2025-07-21 03:32:34,282 [INFO] [257/300] loss 485.512 | compact 14.3251 | spectral 17.0849 | recons_loss: 0.190607 | sparse_loss: 1.03214 | 
2025-07-21 03:32:34,283 [INFO] [Iter 257] LR: 0.00000001
2025-07-21 03:32:34,284 [INFO] No improvement: current loss 485.512273, best loss 485.511920
2025-07-21 03:32:34,896 [INFO] [258/300] loss 485.512 | compact 14.3251 | spectral 17.0849 | recons_loss: 0.190607 | sparse_loss: 1.03214 | 
2025-07-21 03:32:34,896 [INFO] [Iter 258] LR: 0.00000001
2025-07-21 03:32:34,897 [INFO] No improvement: current loss 485.512276, best loss 485.511920
2025-07-21 03:32:35,494 [INFO] [259/300] loss 485.512 | compact 14.3251 | spectral 17.085 | recons_loss: 0.190607 | sparse_loss: 1.03214 | 
2025-07-21 03:32:35,494 [INFO] [Iter 259] LR: 0.00000001
2025-07-21 03:32:35,495 [INFO] No improvement: current loss 485.512278, best loss 485.511920
2025-07-21 03:32:36,093 [INFO] [260/300] loss 485.512 | compact 14.3251 | spectral 17.085 | recons_loss: 0.190607 | sparse_loss: 1.03214 | 
2025-07-21 03:32:36,094 [INFO] [Iter 260] LR: 0.00000001
2025-07-21 03:32:36,095 [INFO] No improvement: current loss 485.512280, best loss 485.511920
2025-07-21 03:32:36,692 [INFO] [261/300] loss 485.512 | compact 14.3251 | spectral 17.085 | recons_loss: 0.190607 | sparse_loss: 1.03214 | 
2025-07-21 03:32:36,693 [INFO] [Iter 261] LR: 0.00000001
2025-07-21 03:32:36,694 [INFO] No improvement: current loss 485.512282, best loss 485.511920
2025-07-21 03:32:37,309 [INFO] [262/300] loss 485.512 | compact 14.3251 | spectral 17.085 | recons_loss: 0.190607 | sparse_loss: 1.03214 | 
2025-07-21 03:32:37,309 [INFO] [Iter 262] LR: 0.00000001
2025-07-21 03:32:37,311 [INFO] No improvement: current loss 485.512284, best loss 485.511920
2025-07-21 03:32:37,910 [INFO] [263/300] loss 485.512 | compact 14.3251 | spectral 17.085 | recons_loss: 0.190607 | sparse_loss: 1.03214 | 
2025-07-21 03:32:37,910 [INFO] [Iter 263] LR: 0.00000001
2025-07-21 03:32:37,911 [INFO] No improvement: current loss 485.512285, best loss 485.511920
2025-07-21 03:32:38,511 [INFO] [264/300] loss 485.512 | compact 14.3251 | spectral 17.085 | recons_loss: 0.190607 | sparse_loss: 1.03214 | 
2025-07-21 03:32:38,511 [INFO] [Iter 264] LR: 0.00000001
2025-07-21 03:32:38,512 [INFO] No improvement: current loss 485.512287, best loss 485.511920
2025-07-21 03:32:39,110 [INFO] [265/300] loss 485.512 | compact 14.3251 | spectral 17.085 | recons_loss: 0.190607 | sparse_loss: 1.03214 | 
2025-07-21 03:32:39,110 [INFO] [Iter 265] LR: 0.00000001
2025-07-21 03:32:39,111 [INFO] No improvement: current loss 485.512288, best loss 485.511920
2025-07-21 03:32:39,709 [INFO] [266/300] loss 485.512 | compact 14.3251 | spectral 17.085 | recons_loss: 0.190607 | sparse_loss: 1.03214 | 
2025-07-21 03:32:39,709 [INFO] [Iter 266] LR: 0.00000001
2025-07-21 03:32:39,710 [INFO] No improvement: current loss 485.512289, best loss 485.511920
2025-07-21 03:32:40,309 [INFO] [267/300] loss 485.512 | compact 14.3251 | spectral 17.085 | recons_loss: 0.190607 | sparse_loss: 1.03214 | 
2025-07-21 03:32:40,309 [INFO] [Iter 267] LR: 0.00000001
2025-07-21 03:32:40,311 [INFO] No improvement: current loss 485.512290, best loss 485.511920
2025-07-21 03:32:40,925 [INFO] [268/300] loss 485.512 | compact 14.3251 | spectral 17.085 | recons_loss: 0.190607 | sparse_loss: 1.03214 | 
2025-07-21 03:32:40,925 [INFO] [Iter 268] LR: 0.00000001
2025-07-21 03:32:40,926 [INFO] No improvement: current loss 485.512291, best loss 485.511920
2025-07-21 03:32:41,529 [INFO] [269/300] loss 485.512 | compact 14.3251 | spectral 17.085 | recons_loss: 0.190607 | sparse_loss: 1.03214 | 
2025-07-21 03:32:41,529 [INFO] [Iter 269] LR: 0.00000001
2025-07-21 03:32:41,531 [INFO] No improvement: current loss 485.512291, best loss 485.511920
2025-07-21 03:32:42,144 [INFO] [270/300] loss 485.512 | compact 14.3251 | spectral 17.085 | recons_loss: 0.190607 | sparse_loss: 1.03214 | 
2025-07-21 03:32:42,144 [INFO] [Iter 270] LR: 0.00000001
2025-07-21 03:32:42,145 [INFO] No improvement: current loss 485.512295, best loss 485.511920
2025-07-21 03:32:42,744 [INFO] [271/300] loss 485.512 | compact 14.3251 | spectral 17.085 | recons_loss: 0.190607 | sparse_loss: 1.03214 | 
2025-07-21 03:32:42,744 [INFO] [Iter 271] LR: 0.00000001
2025-07-21 03:32:42,745 [INFO] No improvement: current loss 485.512296, best loss 485.511920
2025-07-21 03:32:43,351 [INFO] [272/300] loss 485.512 | compact 14.3251 | spectral 17.085 | recons_loss: 0.190607 | sparse_loss: 1.03214 | 
2025-07-21 03:32:43,352 [INFO] [Iter 272] LR: 0.00000001
2025-07-21 03:32:43,352 [INFO] No improvement: current loss 485.512296, best loss 485.511920
2025-07-21 03:32:43,955 [INFO] [273/300] loss 485.512 | compact 14.3251 | spectral 17.085 | recons_loss: 0.190607 | sparse_loss: 1.03214 | 
2025-07-21 03:32:43,955 [INFO] [Iter 273] LR: 0.00000001
2025-07-21 03:32:43,957 [INFO] No improvement: current loss 485.512296, best loss 485.511920
2025-07-21 03:32:44,554 [INFO] [274/300] loss 485.512 | compact 14.3251 | spectral 17.085 | recons_loss: 0.190607 | sparse_loss: 1.03214 | 
2025-07-21 03:32:44,555 [INFO] [Iter 274] LR: 0.00000001
2025-07-21 03:32:44,556 [INFO] No improvement: current loss 485.512296, best loss 485.511920
2025-07-21 03:32:45,153 [INFO] [275/300] loss 485.512 | compact 14.3251 | spectral 17.085 | recons_loss: 0.190607 | sparse_loss: 1.03214 | 
2025-07-21 03:32:45,154 [INFO] [Iter 275] LR: 0.00000001
2025-07-21 03:32:45,155 [INFO] No improvement: current loss 485.512300, best loss 485.511920
2025-07-21 03:32:45,752 [INFO] [276/300] loss 485.512 | compact 14.3251 | spectral 17.085 | recons_loss: 0.190607 | sparse_loss: 1.03214 | 
2025-07-21 03:32:45,752 [INFO] [Iter 276] LR: 0.00000001
2025-07-21 03:32:45,753 [INFO] No improvement: current loss 485.512300, best loss 485.511920
2025-07-21 03:32:46,351 [INFO] [277/300] loss 485.512 | compact 14.3251 | spectral 17.085 | recons_loss: 0.190607 | sparse_loss: 1.03214 | 
2025-07-21 03:32:46,351 [INFO] [Iter 277] LR: 0.00000001
2025-07-21 03:32:46,352 [INFO] No improvement: current loss 485.512299, best loss 485.511920
2025-07-21 03:32:46,950 [INFO] [278/300] loss 485.512 | compact 14.3251 | spectral 17.085 | recons_loss: 0.190607 | sparse_loss: 1.03214 | 
2025-07-21 03:32:46,951 [INFO] [Iter 278] LR: 0.00000001
2025-07-21 03:32:46,952 [INFO] No improvement: current loss 485.512299, best loss 485.511920
2025-07-21 03:32:47,550 [INFO] [279/300] loss 485.512 | compact 14.3251 | spectral 17.085 | recons_loss: 0.190607 | sparse_loss: 1.03214 | 
2025-07-21 03:32:47,550 [INFO] [Iter 279] LR: 0.00000001
2025-07-21 03:32:47,551 [INFO] No improvement: current loss 485.512299, best loss 485.511920
2025-07-21 03:32:48,149 [INFO] [280/300] loss 485.512 | compact 14.3251 | spectral 17.085 | recons_loss: 0.190607 | sparse_loss: 1.03214 | 
2025-07-21 03:32:48,149 [INFO] [Iter 280] LR: 0.00000001
2025-07-21 03:32:48,150 [INFO] No improvement: current loss 485.512299, best loss 485.511920
2025-07-21 03:32:48,749 [INFO] [281/300] loss 485.512 | compact 14.3251 | spectral 17.085 | recons_loss: 0.190607 | sparse_loss: 1.03214 | 
2025-07-21 03:32:48,749 [INFO] [Iter 281] LR: 0.00000001
2025-07-21 03:32:48,751 [INFO] No improvement: current loss 485.512299, best loss 485.511920
2025-07-21 03:32:49,367 [INFO] [282/300] loss 485.512 | compact 14.3251 | spectral 17.085 | recons_loss: 0.190607 | sparse_loss: 1.03214 | 
2025-07-21 03:32:49,367 [INFO] [Iter 282] LR: 0.00000001
2025-07-21 03:32:49,368 [INFO] No improvement: current loss 485.512299, best loss 485.511920
2025-07-21 03:32:49,983 [INFO] [283/300] loss 485.512 | compact 14.3251 | spectral 17.085 | recons_loss: 0.190607 | sparse_loss: 1.03214 | 
2025-07-21 03:32:49,984 [INFO] [Iter 283] LR: 0.00000001
2025-07-21 03:32:49,985 [INFO] No improvement: current loss 485.512299, best loss 485.511920
2025-07-21 03:32:50,582 [INFO] [284/300] loss 485.512 | compact 14.3251 | spectral 17.085 | recons_loss: 0.190607 | sparse_loss: 1.03214 | 
2025-07-21 03:32:50,582 [INFO] [Iter 284] LR: 0.00000001
2025-07-21 03:32:50,583 [INFO] No improvement: current loss 485.512299, best loss 485.511920
2025-07-21 03:32:51,182 [INFO] [285/300] loss 485.512 | compact 14.3251 | spectral 17.085 | recons_loss: 0.190607 | sparse_loss: 1.03214 | 
2025-07-21 03:32:51,182 [INFO] [Iter 285] LR: 0.00000001
2025-07-21 03:32:51,183 [INFO] No improvement: current loss 485.512299, best loss 485.511920
2025-07-21 03:32:51,781 [INFO] [286/300] loss 485.512 | compact 14.3251 | spectral 17.085 | recons_loss: 0.190607 | sparse_loss: 1.03214 | 
2025-07-21 03:32:51,781 [INFO] [Iter 286] LR: 0.00000001
2025-07-21 03:32:51,783 [INFO] No improvement: current loss 485.512299, best loss 485.511920
2025-07-21 03:32:52,381 [INFO] [287/300] loss 485.512 | compact 14.3251 | spectral 17.085 | recons_loss: 0.190607 | sparse_loss: 1.03214 | 
2025-07-21 03:32:52,381 [INFO] [Iter 287] LR: 0.00000001
2025-07-21 03:32:52,382 [INFO] No improvement: current loss 485.512299, best loss 485.511920
2025-07-21 03:32:52,980 [INFO] [288/300] loss 485.512 | compact 14.3251 | spectral 17.085 | recons_loss: 0.190607 | sparse_loss: 1.03214 | 
2025-07-21 03:32:52,980 [INFO] [Iter 288] LR: 0.00000001
2025-07-21 03:32:52,981 [INFO] No improvement: current loss 485.512299, best loss 485.511920
2025-07-21 03:32:53,579 [INFO] [289/300] loss 485.512 | compact 14.3251 | spectral 17.085 | recons_loss: 0.190607 | sparse_loss: 1.03214 | 
2025-07-21 03:32:53,579 [INFO] [Iter 289] LR: 0.00000001
2025-07-21 03:32:53,580 [INFO] No improvement: current loss 485.512299, best loss 485.511920
2025-07-21 03:32:54,177 [INFO] [290/300] loss 485.512 | compact 14.3251 | spectral 17.085 | recons_loss: 0.190607 | sparse_loss: 1.03214 | 
2025-07-21 03:32:54,178 [INFO] [Iter 290] LR: 0.00000001
2025-07-21 03:32:54,179 [INFO] No improvement: current loss 485.512299, best loss 485.511920
2025-07-21 03:32:54,776 [INFO] [291/300] loss 485.512 | compact 14.3251 | spectral 17.085 | recons_loss: 0.190607 | sparse_loss: 1.03214 | 
2025-07-21 03:32:54,776 [INFO] [Iter 291] LR: 0.00000001
2025-07-21 03:32:54,778 [INFO] No improvement: current loss 485.512299, best loss 485.511920
2025-07-21 03:32:55,375 [INFO] [292/300] loss 485.512 | compact 14.3251 | spectral 17.085 | recons_loss: 0.190607 | sparse_loss: 1.03214 | 
2025-07-21 03:32:55,375 [INFO] [Iter 292] LR: 0.00000001
2025-07-21 03:32:55,376 [INFO] No improvement: current loss 485.512299, best loss 485.511920
2025-07-21 03:32:55,973 [INFO] [293/300] loss 485.512 | compact 14.3251 | spectral 17.085 | recons_loss: 0.190607 | sparse_loss: 1.03214 | 
2025-07-21 03:32:55,973 [INFO] [Iter 293] LR: 0.00000001
2025-07-21 03:32:55,975 [INFO] No improvement: current loss 485.512299, best loss 485.511920
2025-07-21 03:32:56,572 [INFO] [294/300] loss 485.512 | compact 14.3251 | spectral 17.085 | recons_loss: 0.190607 | sparse_loss: 1.03214 | 
2025-07-21 03:32:56,573 [INFO] [Iter 294] LR: 0.00000001
2025-07-21 03:32:56,575 [INFO] No improvement: current loss 485.512299, best loss 485.511920
2025-07-21 03:32:57,174 [INFO] [295/300] loss 485.512 | compact 14.3251 | spectral 17.085 | recons_loss: 0.190607 | sparse_loss: 1.03214 | 
2025-07-21 03:32:57,174 [INFO] [Iter 295] LR: 0.00000001
2025-07-21 03:32:57,175 [INFO] No improvement: current loss 485.512299, best loss 485.511920
2025-07-21 03:32:57,780 [INFO] [296/300] loss 485.512 | compact 14.3251 | spectral 17.085 | recons_loss: 0.190607 | sparse_loss: 1.03214 | 
2025-07-21 03:32:57,780 [INFO] [Iter 296] LR: 0.00000001
2025-07-21 03:32:57,781 [INFO] No improvement: current loss 485.512299, best loss 485.511920
2025-07-21 03:32:58,379 [INFO] [297/300] loss 485.512 | compact 14.3251 | spectral 17.085 | recons_loss: 0.190607 | sparse_loss: 1.03214 | 
2025-07-21 03:32:58,379 [INFO] [Iter 297] LR: 0.00000001
2025-07-21 03:32:58,380 [INFO] No improvement: current loss 485.512299, best loss 485.511920
2025-07-21 03:32:58,996 [INFO] [298/300] loss 485.512 | compact 14.3251 | spectral 17.085 | recons_loss: 0.190607 | sparse_loss: 1.03214 | 
2025-07-21 03:32:58,997 [INFO] [Iter 298] LR: 0.00000001
2025-07-21 03:32:58,999 [INFO] No improvement: current loss 485.512299, best loss 485.511920
2025-07-21 03:32:59,188 [INFO] H: 600, W: 166
2025-07-21 03:32:59,290 [INFO] [0 1 2 3 4 5]
2025-07-21 03:32:59,382 [INFO] y_target: [1 2 3 4 5 6]
2025-07-21 03:32:59,383 [INFO] y_predict: [0 1 2 3 4 5]
2025-07-21 03:32:59,471 [INFO] Epoch = 299 OA = 0.8490 Kappa = 0.7986 NMI = 0.8035
2025-07-21 03:32:59,947 [INFO] [299/300] loss 485.512 | compact 14.3251 | spectral 17.085 | recons_loss: 0.190607 | sparse_loss: 1.03214 | 
2025-07-21 03:32:59,947 [INFO] [Iter 299] LR: 0.00000001
2025-07-21 03:32:59,948 [INFO] No improvement: current loss 485.512299, best loss 485.511920
2025-07-21 03:32:59,948 [INFO] Training finished. Best model loaded.
