2025-07-21 05:47:59,647 [INFO] ========== Training Configuration ==========
2025-07-21 05:47:59,647 [INFO] out_dir: ./log
2025-07-21 05:47:59,647 [INFO] lr: 0.1
2025-07-21 05:47:59,647 [INFO] train_iter: 300
2025-07-21 05:47:59,647 [INFO] niter: 5
2025-07-21 05:47:59,647 [INFO] nspix: 300
2025-07-21 05:47:59,647 [INFO] weight: weight
2025-07-21 05:47:59,647 [INFO] weight_representation: 280.0
2025-07-21 05:47:59,647 [INFO] weight_noise: 50.0
2025-07-21 05:47:59,647 [INFO] dataset: trento
2025-07-21 05:47:59,647 [INFO] device: cuda:0
2025-07-21 05:47:59,647 [INFO] log: trento11
2025-07-21 05:47:59,647 [INFO] ============================================
2025-07-21 05:48:02,627 [INFO] H: 600, W: 166
2025-07-21 05:48:02,704 [INFO] [0 1 2 3 4 5]
2025-07-21 05:48:02,899 [INFO] y_target: [1 2 3 4 5 6]
2025-07-21 05:48:02,899 [INFO] y_predict: [0 1 2 3 4 5]
2025-07-21 05:48:02,989 [INFO] Epoch = 0 OA = 0.8509 Kappa = 0.8011 NMI = 0.7884
2025-07-21 05:48:03,509 [INFO] [0/300] loss 2079.98 | compact 13.9608 | spectral 17.8474 | recons_loss: 0.260069 | sparse_loss: 1.04467 | 
2025-07-21 05:48:03,509 [INFO] [Iter 0] LR: 0.10000000
2025-07-21 05:48:03,510 [INFO] Saving best model at iteration 0
2025-07-21 05:48:04,107 [INFO] [1/300] loss 2078.85 | compact 13.966 | spectral 17.8355 | recons_loss: 0.258685 | sparse_loss: 1.04471 | 
2025-07-21 05:48:04,108 [INFO] [Iter 1] LR: 0.10000000
2025-07-21 05:48:04,110 [INFO] Saving best model at iteration 1
2025-07-21 05:48:04,708 [INFO] [2/300] loss 2077.12 | compact 13.9703 | spectral 17.8207 | recons_loss: 0.256819 | sparse_loss: 1.04466 | 
2025-07-21 05:48:04,708 [INFO] [Iter 2] LR: 0.10000000
2025-07-21 05:48:04,711 [INFO] Saving best model at iteration 2
2025-07-21 05:48:05,328 [INFO] [3/300] loss 2074.77 | compact 13.9773 | spectral 17.8014 | recons_loss: 0.254271 | sparse_loss: 1.04446 | 
2025-07-21 05:48:05,329 [INFO] [Iter 3] LR: 0.10000000
2025-07-21 05:48:05,331 [INFO] Saving best model at iteration 3
2025-07-21 05:48:05,930 [INFO] [4/300] loss 2071.95 | compact 13.9867 | spectral 17.7792 | recons_loss: 0.251185 | sparse_loss: 1.04408 | 
2025-07-21 05:48:05,930 [INFO] [Iter 4] LR: 0.10000000
2025-07-21 05:48:05,932 [INFO] Saving best model at iteration 4
2025-07-21 05:48:06,528 [INFO] [5/300] loss 2068.81 | compact 13.9979 | spectral 17.7508 | recons_loss: 0.247721 | sparse_loss: 1.04358 | 
2025-07-21 05:48:06,529 [INFO] [Iter 5] LR: 0.10000000
2025-07-21 05:48:06,530 [INFO] Saving best model at iteration 5
2025-07-21 05:48:07,127 [INFO] [6/300] loss 2065.45 | compact 14.0079 | spectral 17.7206 | recons_loss: 0.243957 | sparse_loss: 1.04302 | 
2025-07-21 05:48:07,127 [INFO] [Iter 6] LR: 0.10000000
2025-07-21 05:48:07,128 [INFO] Saving best model at iteration 6
2025-07-21 05:48:07,726 [INFO] [7/300] loss 2061.93 | compact 14.017 | spectral 17.6878 | recons_loss: 0.239938 | sparse_loss: 1.04247 | 
2025-07-21 05:48:07,726 [INFO] [Iter 7] LR: 0.10000000
2025-07-21 05:48:07,728 [INFO] Saving best model at iteration 7
2025-07-21 05:48:08,326 [INFO] [8/300] loss 2058.23 | compact 14.0267 | spectral 17.6617 | recons_loss: 0.235496 | sparse_loss: 1.04195 | 
2025-07-21 05:48:08,326 [INFO] [Iter 8] LR: 0.10000000
2025-07-21 05:48:08,327 [INFO] Saving best model at iteration 8
2025-07-21 05:48:08,925 [INFO] [9/300] loss 2054.54 | compact 14.0383 | spectral 17.634 | recons_loss: 0.231004 | sparse_loss: 1.04145 | 
2025-07-21 05:48:08,925 [INFO] [Iter 9] LR: 0.10000000
2025-07-21 05:48:08,926 [INFO] Saving best model at iteration 9
2025-07-21 05:48:09,523 [INFO] [10/300] loss 2050.9 | compact 14.0497 | spectral 17.6057 | recons_loss: 0.226476 | sparse_loss: 1.04095 | 
2025-07-21 05:48:09,523 [INFO] [Iter 10] LR: 0.10000000
2025-07-21 05:48:09,524 [INFO] Saving best model at iteration 10
2025-07-21 05:48:10,122 [INFO] [11/300] loss 2047.35 | compact 14.0629 | spectral 17.5775 | recons_loss: 0.221971 | sparse_loss: 1.04044 | 
2025-07-21 05:48:10,122 [INFO] [Iter 11] LR: 0.10000000
2025-07-21 05:48:10,124 [INFO] Saving best model at iteration 11
2025-07-21 05:48:10,722 [INFO] [12/300] loss 2043.9 | compact 14.0774 | spectral 17.5532 | recons_loss: 0.217487 | sparse_loss: 1.0399 | 
2025-07-21 05:48:10,723 [INFO] [Iter 12] LR: 0.10000000
2025-07-21 05:48:10,724 [INFO] Saving best model at iteration 12
2025-07-21 05:48:11,321 [INFO] [13/300] loss 2040.56 | compact 14.0924 | spectral 17.528 | recons_loss: 0.213057 | sparse_loss: 1.03936 | 
2025-07-21 05:48:11,321 [INFO] [Iter 13] LR: 0.10000000
2025-07-21 05:48:11,323 [INFO] Saving best model at iteration 13
2025-07-21 05:48:11,921 [INFO] [14/300] loss 2037.34 | compact 14.1057 | spectral 17.5065 | recons_loss: 0.208733 | sparse_loss: 1.03885 | 
2025-07-21 05:48:11,921 [INFO] [Iter 14] LR: 0.10000000
2025-07-21 05:48:11,922 [INFO] Saving best model at iteration 14
2025-07-21 05:48:12,524 [INFO] [15/300] loss 2034.22 | compact 14.1177 | spectral 17.4816 | recons_loss: 0.204474 | sparse_loss: 1.03837 | 
2025-07-21 05:48:12,524 [INFO] [Iter 15] LR: 0.10000000
2025-07-21 05:48:12,525 [INFO] Saving best model at iteration 15
2025-07-21 05:48:13,123 [INFO] [16/300] loss 2031.22 | compact 14.1294 | spectral 17.4573 | recons_loss: 0.200298 | sparse_loss: 1.03794 | 
2025-07-21 05:48:13,123 [INFO] [Iter 16] LR: 0.10000000
2025-07-21 05:48:13,124 [INFO] Saving best model at iteration 16
2025-07-21 05:48:13,721 [INFO] [17/300] loss 2028.36 | compact 14.141 | spectral 17.4339 | recons_loss: 0.196262 | sparse_loss: 1.03756 | 
2025-07-21 05:48:13,722 [INFO] [Iter 17] LR: 0.10000000
2025-07-21 05:48:13,723 [INFO] Saving best model at iteration 17
2025-07-21 05:48:14,322 [INFO] [18/300] loss 2025.63 | compact 14.1516 | spectral 17.4103 | recons_loss: 0.192363 | sparse_loss: 1.03722 | 
2025-07-21 05:48:14,322 [INFO] [Iter 18] LR: 0.10000000
2025-07-21 05:48:14,323 [INFO] Saving best model at iteration 18
2025-07-21 05:48:14,922 [INFO] [19/300] loss 2023.04 | compact 14.165 | spectral 17.388 | recons_loss: 0.188585 | sparse_loss: 1.0369 | 
2025-07-21 05:48:14,922 [INFO] [Iter 19] LR: 0.10000000
2025-07-21 05:48:14,924 [INFO] Saving best model at iteration 19
2025-07-21 05:48:15,523 [INFO] [20/300] loss 2020.56 | compact 14.1776 | spectral 17.3658 | recons_loss: 0.184937 | sparse_loss: 1.03659 | 
2025-07-21 05:48:15,523 [INFO] [Iter 20] LR: 0.10000000
2025-07-21 05:48:15,524 [INFO] Saving best model at iteration 20
2025-07-21 05:48:16,120 [INFO] [21/300] loss 2018.23 | compact 14.1911 | spectral 17.3537 | recons_loss: 0.18147 | sparse_loss: 1.0363 | 
2025-07-21 05:48:16,120 [INFO] [Iter 21] LR: 0.10000000
2025-07-21 05:48:16,121 [INFO] Saving best model at iteration 21
2025-07-21 05:48:16,718 [INFO] [22/300] loss 2016.01 | compact 14.2023 | spectral 17.34 | recons_loss: 0.178162 | sparse_loss: 1.03602 | 
2025-07-21 05:48:16,718 [INFO] [Iter 22] LR: 0.10000000
2025-07-21 05:48:16,719 [INFO] Saving best model at iteration 22
2025-07-21 05:48:17,317 [INFO] [23/300] loss 2013.89 | compact 14.2129 | spectral 17.3273 | recons_loss: 0.174997 | sparse_loss: 1.03575 | 
2025-07-21 05:48:17,317 [INFO] [Iter 23] LR: 0.10000000
2025-07-21 05:48:17,319 [INFO] Saving best model at iteration 23
2025-07-21 05:48:17,918 [INFO] [24/300] loss 2011.87 | compact 14.2243 | spectral 17.3115 | recons_loss: 0.171916 | sparse_loss: 1.03555 | 
2025-07-21 05:48:17,919 [INFO] [Iter 24] LR: 0.10000000
2025-07-21 05:48:17,920 [INFO] Saving best model at iteration 24
2025-07-21 05:48:18,532 [INFO] [25/300] loss 2009.95 | compact 14.2355 | spectral 17.2954 | recons_loss: 0.168981 | sparse_loss: 1.03538 | 
2025-07-21 05:48:18,532 [INFO] [Iter 25] LR: 0.10000000
2025-07-21 05:48:18,533 [INFO] Saving best model at iteration 25
2025-07-21 05:48:19,139 [INFO] [26/300] loss 2008.11 | compact 14.2455 | spectral 17.2835 | recons_loss: 0.166195 | sparse_loss: 1.03523 | 
2025-07-21 05:48:19,139 [INFO] [Iter 26] LR: 0.10000000
2025-07-21 05:48:19,140 [INFO] Saving best model at iteration 26
2025-07-21 05:48:19,738 [INFO] [27/300] loss 2006.37 | compact 14.2561 | spectral 17.2719 | recons_loss: 0.163545 | sparse_loss: 1.03507 | 
2025-07-21 05:48:19,738 [INFO] [Iter 27] LR: 0.10000000
2025-07-21 05:48:19,739 [INFO] Saving best model at iteration 27
2025-07-21 05:48:20,342 [INFO] [28/300] loss 2004.72 | compact 14.2669 | spectral 17.262 | recons_loss: 0.161062 | sparse_loss: 1.03491 | 
2025-07-21 05:48:20,342 [INFO] [Iter 28] LR: 0.10000000
2025-07-21 05:48:20,343 [INFO] Saving best model at iteration 28
2025-07-21 05:48:20,940 [INFO] [29/300] loss 2003.15 | compact 14.276 | spectral 17.2541 | recons_loss: 0.158703 | sparse_loss: 1.03474 | 
2025-07-21 05:48:20,941 [INFO] [Iter 29] LR: 0.10000000
2025-07-21 05:48:20,942 [INFO] Saving best model at iteration 29
2025-07-21 05:48:21,543 [INFO] [30/300] loss 2001.65 | compact 14.285 | spectral 17.2449 | recons_loss: 0.156476 | sparse_loss: 1.03458 | 
2025-07-21 05:48:21,543 [INFO] [Iter 30] LR: 0.10000000
2025-07-21 05:48:21,544 [INFO] Saving best model at iteration 30
2025-07-21 05:48:22,160 [INFO] [31/300] loss 2000.23 | compact 14.2946 | spectral 17.237 | recons_loss: 0.154372 | sparse_loss: 1.03444 | 
2025-07-21 05:48:22,160 [INFO] [Iter 31] LR: 0.10000000
2025-07-21 05:48:22,161 [INFO] Saving best model at iteration 31
2025-07-21 05:48:22,765 [INFO] [32/300] loss 1998.88 | compact 14.3033 | spectral 17.2309 | recons_loss: 0.152394 | sparse_loss: 1.0343 | 
2025-07-21 05:48:22,766 [INFO] [Iter 32] LR: 0.10000000
2025-07-21 05:48:22,767 [INFO] Saving best model at iteration 32
2025-07-21 05:48:23,364 [INFO] [33/300] loss 1997.58 | compact 14.3103 | spectral 17.2266 | recons_loss: 0.150519 | sparse_loss: 1.03415 | 
2025-07-21 05:48:23,365 [INFO] [Iter 33] LR: 0.10000000
2025-07-21 05:48:23,366 [INFO] Saving best model at iteration 33
2025-07-21 05:48:23,962 [INFO] [34/300] loss 1996.35 | compact 14.3186 | spectral 17.2216 | recons_loss: 0.148742 | sparse_loss: 1.034 | 
2025-07-21 05:48:23,963 [INFO] [Iter 34] LR: 0.10000000
2025-07-21 05:48:23,964 [INFO] Saving best model at iteration 34
2025-07-21 05:48:24,561 [INFO] [35/300] loss 1995.17 | compact 14.3259 | spectral 17.2174 | recons_loss: 0.147075 | sparse_loss: 1.03384 | 
2025-07-21 05:48:24,561 [INFO] [Iter 35] LR: 0.10000000
2025-07-21 05:48:24,562 [INFO] Saving best model at iteration 35
2025-07-21 05:48:25,160 [INFO] [36/300] loss 1994.06 | compact 14.3346 | spectral 17.2145 | recons_loss: 0.145528 | sparse_loss: 1.03368 | 
2025-07-21 05:48:25,160 [INFO] [Iter 36] LR: 0.10000000
2025-07-21 05:48:25,161 [INFO] Saving best model at iteration 36
2025-07-21 05:48:25,763 [INFO] [37/300] loss 1992.99 | compact 14.3445 | spectral 17.2094 | recons_loss: 0.144058 | sparse_loss: 1.03352 | 
2025-07-21 05:48:25,763 [INFO] [Iter 37] LR: 0.10000000
2025-07-21 05:48:25,764 [INFO] Saving best model at iteration 37
2025-07-21 05:48:26,361 [INFO] [38/300] loss 1991.96 | compact 14.354 | spectral 17.2038 | recons_loss: 0.142668 | sparse_loss: 1.03338 | 
2025-07-21 05:48:26,361 [INFO] [Iter 38] LR: 0.10000000
2025-07-21 05:48:26,362 [INFO] Saving best model at iteration 38
2025-07-21 05:48:26,962 [INFO] [39/300] loss 1990.98 | compact 14.3635 | spectral 17.199 | recons_loss: 0.141354 | sparse_loss: 1.03326 | 
2025-07-21 05:48:26,962 [INFO] [Iter 39] LR: 0.10000000
2025-07-21 05:48:26,963 [INFO] Saving best model at iteration 39
2025-07-21 05:48:27,560 [INFO] [40/300] loss 1990.04 | compact 14.3697 | spectral 17.1948 | recons_loss: 0.140119 | sparse_loss: 1.03314 | 
2025-07-21 05:48:27,561 [INFO] [Iter 40] LR: 0.10000000
2025-07-21 05:48:27,562 [INFO] Saving best model at iteration 40
2025-07-21 05:48:28,159 [INFO] [41/300] loss 1989.15 | compact 14.3759 | spectral 17.1913 | recons_loss: 0.138967 | sparse_loss: 1.03302 | 
2025-07-21 05:48:28,159 [INFO] [Iter 41] LR: 0.10000000
2025-07-21 05:48:28,160 [INFO] Saving best model at iteration 41
2025-07-21 05:48:28,769 [INFO] [42/300] loss 1988.3 | compact 14.3814 | spectral 17.1886 | recons_loss: 0.137887 | sparse_loss: 1.0329 | 
2025-07-21 05:48:28,770 [INFO] [Iter 42] LR: 0.10000000
2025-07-21 05:48:28,772 [INFO] Saving best model at iteration 42
2025-07-21 05:48:29,371 [INFO] [43/300] loss 1987.5 | compact 14.3877 | spectral 17.1874 | recons_loss: 0.136875 | sparse_loss: 1.03279 | 
2025-07-21 05:48:29,371 [INFO] [Iter 43] LR: 0.10000000
2025-07-21 05:48:29,372 [INFO] Saving best model at iteration 43
2025-07-21 05:48:29,980 [INFO] [44/300] loss 1986.73 | compact 14.393 | spectral 17.1895 | recons_loss: 0.135932 | sparse_loss: 1.03269 | 
2025-07-21 05:48:29,981 [INFO] [Iter 44] LR: 0.10000000
2025-07-21 05:48:29,983 [INFO] Saving best model at iteration 44
2025-07-21 05:48:30,604 [INFO] [45/300] loss 1986.01 | compact 14.3967 | spectral 17.1995 | recons_loss: 0.135049 | sparse_loss: 1.03259 | 
2025-07-21 05:48:30,604 [INFO] [Iter 45] LR: 0.10000000
2025-07-21 05:48:30,606 [INFO] Saving best model at iteration 45
2025-07-21 05:48:31,209 [INFO] [46/300] loss 1985.35 | compact 14.4012 | spectral 17.2109 | recons_loss: 0.134212 | sparse_loss: 1.03251 | 
2025-07-21 05:48:31,209 [INFO] [Iter 46] LR: 0.10000000
2025-07-21 05:48:31,210 [INFO] Saving best model at iteration 46
2025-07-21 05:48:31,807 [INFO] [47/300] loss 1984.71 | compact 14.4072 | spectral 17.2159 | recons_loss: 0.133414 | sparse_loss: 1.03243 | 
2025-07-21 05:48:31,808 [INFO] [Iter 47] LR: 0.10000000
2025-07-21 05:48:31,809 [INFO] Saving best model at iteration 47
2025-07-21 05:48:32,406 [INFO] [48/300] loss 1984.12 | compact 14.4125 | spectral 17.2235 | recons_loss: 0.132717 | sparse_loss: 1.03232 | 
2025-07-21 05:48:32,406 [INFO] [Iter 48] LR: 0.10000000
2025-07-21 05:48:32,407 [INFO] Saving best model at iteration 48
2025-07-21 05:48:33,004 [INFO] [49/300] loss 1983.56 | compact 14.4176 | spectral 17.2312 | recons_loss: 0.132066 | sparse_loss: 1.03221 | 
2025-07-21 05:48:33,005 [INFO] [Iter 49] LR: 0.10000000
2025-07-21 05:48:33,006 [INFO] Saving best model at iteration 49
2025-07-21 05:48:33,207 [INFO] H: 600, W: 166
2025-07-21 05:48:33,313 [INFO] [0 1 2 3 4 5]
2025-07-21 05:48:33,609 [INFO] y_target: [1 2 3 4 5 6]
2025-07-21 05:48:33,609 [INFO] y_predict: [0 1 2 3 4 5]
2025-07-21 05:48:33,697 [INFO] Epoch = 50 OA = 0.8032 Kappa = 0.7483 NMI = 0.7563
2025-07-21 05:48:34,173 [INFO] [50/300] loss 1983.04 | compact 14.4209 | spectral 17.2395 | recons_loss: 0.131483 | sparse_loss: 1.03212 | 
2025-07-21 05:48:34,174 [INFO] [Iter 50] LR: 0.10000000
2025-07-21 05:48:34,175 [INFO] Saving best model at iteration 50
2025-07-21 05:48:34,773 [INFO] [51/300] loss 1982.52 | compact 14.4234 | spectral 17.2452 | recons_loss: 0.130885 | sparse_loss: 1.03203 | 
2025-07-21 05:48:34,773 [INFO] [Iter 51] LR: 0.10000000
2025-07-21 05:48:34,774 [INFO] Saving best model at iteration 51
2025-07-21 05:48:35,371 [INFO] [52/300] loss 1982.04 | compact 14.4226 | spectral 17.2544 | recons_loss: 0.13033 | sparse_loss: 1.03195 | 
2025-07-21 05:48:35,371 [INFO] [Iter 52] LR: 0.10000000
2025-07-21 05:48:35,372 [INFO] Saving best model at iteration 52
2025-07-21 05:48:35,969 [INFO] [53/300] loss 1981.56 | compact 14.4212 | spectral 17.266 | recons_loss: 0.12978 | sparse_loss: 1.03186 | 
2025-07-21 05:48:35,969 [INFO] [Iter 53] LR: 0.10000000
2025-07-21 05:48:35,971 [INFO] Saving best model at iteration 53
2025-07-21 05:48:36,578 [INFO] [54/300] loss 1981.1 | compact 14.4199 | spectral 17.2759 | recons_loss: 0.129248 | sparse_loss: 1.03179 | 
2025-07-21 05:48:36,578 [INFO] [Iter 54] LR: 0.10000000
2025-07-21 05:48:36,579 [INFO] Saving best model at iteration 54
2025-07-21 05:48:37,178 [INFO] [55/300] loss 1980.65 | compact 14.4185 | spectral 17.2853 | recons_loss: 0.128731 | sparse_loss: 1.03172 | 
2025-07-21 05:48:37,178 [INFO] [Iter 55] LR: 0.10000000
2025-07-21 05:48:37,180 [INFO] Saving best model at iteration 55
2025-07-21 05:48:37,778 [INFO] [56/300] loss 1980.21 | compact 14.4184 | spectral 17.2931 | recons_loss: 0.128229 | sparse_loss: 1.03166 | 
2025-07-21 05:48:37,778 [INFO] [Iter 56] LR: 0.10000000
2025-07-21 05:48:37,779 [INFO] Saving best model at iteration 56
2025-07-21 05:48:38,376 [INFO] [57/300] loss 1979.79 | compact 14.4224 | spectral 17.2996 | recons_loss: 0.127723 | sparse_loss: 1.0316 | 
2025-07-21 05:48:38,377 [INFO] [Iter 57] LR: 0.10000000
2025-07-21 05:48:38,378 [INFO] Saving best model at iteration 57
2025-07-21 05:48:38,974 [INFO] [58/300] loss 1979.38 | compact 14.4274 | spectral 17.3063 | recons_loss: 0.127189 | sparse_loss: 1.03156 | 
2025-07-21 05:48:38,975 [INFO] [Iter 58] LR: 0.10000000
2025-07-21 05:48:38,976 [INFO] Saving best model at iteration 58
2025-07-21 05:48:39,573 [INFO] [59/300] loss 1978.98 | compact 14.4328 | spectral 17.3134 | recons_loss: 0.126675 | sparse_loss: 1.03151 | 
2025-07-21 05:48:39,573 [INFO] [Iter 59] LR: 0.10000000
2025-07-21 05:48:39,574 [INFO] Saving best model at iteration 59
2025-07-21 05:48:40,171 [INFO] [60/300] loss 1978.59 | compact 14.439 | spectral 17.3196 | recons_loss: 0.12619 | sparse_loss: 1.03146 | 
2025-07-21 05:48:40,172 [INFO] [Iter 60] LR: 0.10000000
2025-07-21 05:48:40,174 [INFO] Saving best model at iteration 60
2025-07-21 05:48:40,779 [INFO] [61/300] loss 1978.21 | compact 14.4444 | spectral 17.3264 | recons_loss: 0.125721 | sparse_loss: 1.0314 | 
2025-07-21 05:48:40,780 [INFO] [Iter 61] LR: 0.10000000
2025-07-21 05:48:40,782 [INFO] Saving best model at iteration 61
2025-07-21 05:48:41,395 [INFO] [62/300] loss 1977.84 | compact 14.4501 | spectral 17.3335 | recons_loss: 0.125285 | sparse_loss: 1.03136 | 
2025-07-21 05:48:41,395 [INFO] [Iter 62] LR: 0.10000000
2025-07-21 05:48:41,396 [INFO] Saving best model at iteration 62
2025-07-21 05:48:41,993 [INFO] [63/300] loss 1977.46 | compact 14.4557 | spectral 17.3375 | recons_loss: 0.124855 | sparse_loss: 1.03132 | 
2025-07-21 05:48:41,993 [INFO] [Iter 63] LR: 0.10000000
2025-07-21 05:48:41,994 [INFO] Saving best model at iteration 63
2025-07-21 05:48:42,591 [INFO] [64/300] loss 1977.09 | compact 14.4619 | spectral 17.3404 | recons_loss: 0.124438 | sparse_loss: 1.03129 | 
2025-07-21 05:48:42,591 [INFO] [Iter 64] LR: 0.10000000
2025-07-21 05:48:42,592 [INFO] Saving best model at iteration 64
2025-07-21 05:48:43,192 [INFO] [65/300] loss 1976.73 | compact 14.4686 | spectral 17.3424 | recons_loss: 0.124036 | sparse_loss: 1.03125 | 
2025-07-21 05:48:43,192 [INFO] [Iter 65] LR: 0.10000000
2025-07-21 05:48:43,194 [INFO] Saving best model at iteration 65
2025-07-21 05:48:43,792 [INFO] [66/300] loss 1976.38 | compact 14.4732 | spectral 17.3463 | recons_loss: 0.123643 | sparse_loss: 1.0312 | 
2025-07-21 05:48:43,792 [INFO] [Iter 66] LR: 0.10000000
2025-07-21 05:48:43,793 [INFO] Saving best model at iteration 66
2025-07-21 05:48:44,397 [INFO] [67/300] loss 1976.03 | compact 14.4773 | spectral 17.3487 | recons_loss: 0.123258 | sparse_loss: 1.03116 | 
2025-07-21 05:48:44,397 [INFO] [Iter 67] LR: 0.10000000
2025-07-21 05:48:44,399 [INFO] Saving best model at iteration 67
2025-07-21 05:48:44,997 [INFO] [68/300] loss 1975.69 | compact 14.4815 | spectral 17.352 | recons_loss: 0.122883 | sparse_loss: 1.03112 | 
2025-07-21 05:48:44,997 [INFO] [Iter 68] LR: 0.10000000
2025-07-21 05:48:44,998 [INFO] Saving best model at iteration 68
2025-07-21 05:48:45,595 [INFO] [69/300] loss 1975.36 | compact 14.4838 | spectral 17.3566 | recons_loss: 0.122512 | sparse_loss: 1.03109 | 
2025-07-21 05:48:45,595 [INFO] [Iter 69] LR: 0.10000000
2025-07-21 05:48:45,596 [INFO] Saving best model at iteration 69
2025-07-21 05:48:46,194 [INFO] [70/300] loss 1975.05 | compact 14.4855 | spectral 17.364 | recons_loss: 0.122155 | sparse_loss: 1.03107 | 
2025-07-21 05:48:46,194 [INFO] [Iter 70] LR: 0.10000000
2025-07-21 05:48:46,195 [INFO] Saving best model at iteration 70
2025-07-21 05:48:46,792 [INFO] [71/300] loss 1974.75 | compact 14.4852 | spectral 17.369 | recons_loss: 0.121843 | sparse_loss: 1.03104 | 
2025-07-21 05:48:46,793 [INFO] [Iter 71] LR: 0.10000000
2025-07-21 05:48:46,794 [INFO] Saving best model at iteration 71
2025-07-21 05:48:47,392 [INFO] [72/300] loss 1974.47 | compact 14.4858 | spectral 17.3735 | recons_loss: 0.121516 | sparse_loss: 1.031 | 
2025-07-21 05:48:47,392 [INFO] [Iter 72] LR: 0.10000000
2025-07-21 05:48:47,393 [INFO] Saving best model at iteration 72
2025-07-21 05:48:47,991 [INFO] [73/300] loss 1974.19 | compact 14.486 | spectral 17.3764 | recons_loss: 0.121226 | sparse_loss: 1.03096 | 
2025-07-21 05:48:47,991 [INFO] [Iter 73] LR: 0.10000000
2025-07-21 05:48:47,992 [INFO] Saving best model at iteration 73
2025-07-21 05:48:48,591 [INFO] [74/300] loss 1973.92 | compact 14.4864 | spectral 17.3782 | recons_loss: 0.120954 | sparse_loss: 1.03092 | 
2025-07-21 05:48:48,591 [INFO] [Iter 74] LR: 0.10000000
2025-07-21 05:48:48,592 [INFO] Saving best model at iteration 74
2025-07-21 05:48:49,189 [INFO] [75/300] loss 1973.65 | compact 14.4869 | spectral 17.3799 | recons_loss: 0.120684 | sparse_loss: 1.03088 | 
2025-07-21 05:48:49,189 [INFO] [Iter 75] LR: 0.10000000
2025-07-21 05:48:49,190 [INFO] Saving best model at iteration 75
2025-07-21 05:48:49,787 [INFO] [76/300] loss 1973.39 | compact 14.4858 | spectral 17.3827 | recons_loss: 0.120435 | sparse_loss: 1.03084 | 
2025-07-21 05:48:49,787 [INFO] [Iter 76] LR: 0.10000000
2025-07-21 05:48:49,788 [INFO] Saving best model at iteration 76
2025-07-21 05:48:50,385 [INFO] [77/300] loss 1973.12 | compact 14.4849 | spectral 17.3851 | recons_loss: 0.120156 | sparse_loss: 1.03079 | 
2025-07-21 05:48:50,385 [INFO] [Iter 77] LR: 0.10000000
2025-07-21 05:48:50,386 [INFO] Saving best model at iteration 77
2025-07-21 05:48:50,985 [INFO] [78/300] loss 1972.86 | compact 14.484 | spectral 17.3854 | recons_loss: 0.119885 | sparse_loss: 1.03074 | 
2025-07-21 05:48:50,985 [INFO] [Iter 78] LR: 0.10000000
2025-07-21 05:48:50,986 [INFO] Saving best model at iteration 78
2025-07-21 05:48:51,584 [INFO] [79/300] loss 1972.62 | compact 14.4838 | spectral 17.3851 | recons_loss: 0.119645 | sparse_loss: 1.03068 | 
2025-07-21 05:48:51,584 [INFO] [Iter 79] LR: 0.10000000
2025-07-21 05:48:51,585 [INFO] Saving best model at iteration 79
2025-07-21 05:48:52,184 [INFO] [80/300] loss 1972.37 | compact 14.4823 | spectral 17.3842 | recons_loss: 0.119376 | sparse_loss: 1.03064 | 
2025-07-21 05:48:52,185 [INFO] [Iter 80] LR: 0.10000000
2025-07-21 05:48:52,187 [INFO] Saving best model at iteration 80
2025-07-21 05:48:52,787 [INFO] [81/300] loss 1972.12 | compact 14.4827 | spectral 17.3831 | recons_loss: 0.119107 | sparse_loss: 1.03061 | 
2025-07-21 05:48:52,787 [INFO] [Iter 81] LR: 0.10000000
2025-07-21 05:48:52,788 [INFO] Saving best model at iteration 81
2025-07-21 05:48:53,388 [INFO] [82/300] loss 1971.88 | compact 14.4817 | spectral 17.3857 | recons_loss: 0.118841 | sparse_loss: 1.03057 | 
2025-07-21 05:48:53,388 [INFO] [Iter 82] LR: 0.10000000
2025-07-21 05:48:53,389 [INFO] Saving best model at iteration 82
2025-07-21 05:48:54,003 [INFO] [83/300] loss 1971.65 | compact 14.4809 | spectral 17.3911 | recons_loss: 0.118582 | sparse_loss: 1.03052 | 
2025-07-21 05:48:54,004 [INFO] [Iter 83] LR: 0.10000000
2025-07-21 05:48:54,005 [INFO] Saving best model at iteration 83
2025-07-21 05:48:54,602 [INFO] [84/300] loss 1971.43 | compact 14.4796 | spectral 17.3987 | recons_loss: 0.118328 | sparse_loss: 1.03047 | 
2025-07-21 05:48:54,602 [INFO] [Iter 84] LR: 0.10000000
2025-07-21 05:48:54,603 [INFO] Saving best model at iteration 84
2025-07-21 05:48:55,200 [INFO] [85/300] loss 1971.21 | compact 14.479 | spectral 17.4062 | recons_loss: 0.118068 | sparse_loss: 1.03042 | 
2025-07-21 05:48:55,201 [INFO] [Iter 85] LR: 0.10000000
2025-07-21 05:48:55,202 [INFO] Saving best model at iteration 85
2025-07-21 05:48:55,800 [INFO] [86/300] loss 1970.99 | compact 14.4784 | spectral 17.4139 | recons_loss: 0.117815 | sparse_loss: 1.03038 | 
2025-07-21 05:48:55,801 [INFO] [Iter 86] LR: 0.10000000
2025-07-21 05:48:55,802 [INFO] Saving best model at iteration 86
2025-07-21 05:48:56,417 [INFO] [87/300] loss 1970.77 | compact 14.4779 | spectral 17.4233 | recons_loss: 0.117568 | sparse_loss: 1.03034 | 
2025-07-21 05:48:56,418 [INFO] [Iter 87] LR: 0.10000000
2025-07-21 05:48:56,419 [INFO] Saving best model at iteration 87
2025-07-21 05:48:57,038 [INFO] [88/300] loss 1970.56 | compact 14.4774 | spectral 17.4336 | recons_loss: 0.117323 | sparse_loss: 1.03031 | 
2025-07-21 05:48:57,038 [INFO] [Iter 88] LR: 0.10000000
2025-07-21 05:48:57,039 [INFO] Saving best model at iteration 88
2025-07-21 05:48:57,635 [INFO] [89/300] loss 1970.35 | compact 14.4775 | spectral 17.4407 | recons_loss: 0.117082 | sparse_loss: 1.03028 | 
2025-07-21 05:48:57,636 [INFO] [Iter 89] LR: 0.10000000
2025-07-21 05:48:57,637 [INFO] Saving best model at iteration 89
2025-07-21 05:48:58,238 [INFO] [90/300] loss 1970.15 | compact 14.4772 | spectral 17.4472 | recons_loss: 0.116846 | sparse_loss: 1.03025 | 
2025-07-21 05:48:58,239 [INFO] [Iter 90] LR: 0.10000000
2025-07-21 05:48:58,240 [INFO] Saving best model at iteration 90
2025-07-21 05:48:58,837 [INFO] [91/300] loss 1969.94 | compact 14.4772 | spectral 17.4533 | recons_loss: 0.116617 | sparse_loss: 1.03021 | 
2025-07-21 05:48:58,838 [INFO] [Iter 91] LR: 0.10000000
2025-07-21 05:48:58,839 [INFO] Saving best model at iteration 91
2025-07-21 05:48:59,436 [INFO] [92/300] loss 1969.74 | compact 14.4777 | spectral 17.4572 | recons_loss: 0.116398 | sparse_loss: 1.03019 | 
2025-07-21 05:48:59,437 [INFO] [Iter 92] LR: 0.10000000
2025-07-21 05:48:59,438 [INFO] Saving best model at iteration 92
2025-07-21 05:49:00,036 [INFO] [93/300] loss 1969.53 | compact 14.4784 | spectral 17.4618 | recons_loss: 0.116185 | sparse_loss: 1.03016 | 
2025-07-21 05:49:00,036 [INFO] [Iter 93] LR: 0.10000000
2025-07-21 05:49:00,037 [INFO] Saving best model at iteration 93
2025-07-21 05:49:00,643 [INFO] [94/300] loss 1969.34 | compact 14.4789 | spectral 17.4658 | recons_loss: 0.115983 | sparse_loss: 1.03014 | 
2025-07-21 05:49:00,643 [INFO] [Iter 94] LR: 0.10000000
2025-07-21 05:49:00,644 [INFO] Saving best model at iteration 94
2025-07-21 05:49:01,242 [INFO] [95/300] loss 1969.14 | compact 14.4806 | spectral 17.4669 | recons_loss: 0.115781 | sparse_loss: 1.03012 | 
2025-07-21 05:49:01,243 [INFO] [Iter 95] LR: 0.10000000
2025-07-21 05:49:01,244 [INFO] Saving best model at iteration 95
2025-07-21 05:49:01,842 [INFO] [96/300] loss 1968.95 | compact 14.4828 | spectral 17.4663 | recons_loss: 0.115585 | sparse_loss: 1.03011 | 
2025-07-21 05:49:01,843 [INFO] [Iter 96] LR: 0.10000000
2025-07-21 05:49:01,844 [INFO] Saving best model at iteration 96
2025-07-21 05:49:02,441 [INFO] [97/300] loss 1968.77 | compact 14.4853 | spectral 17.4651 | recons_loss: 0.115395 | sparse_loss: 1.03008 | 
2025-07-21 05:49:02,441 [INFO] [Iter 97] LR: 0.10000000
2025-07-21 05:49:02,443 [INFO] Saving best model at iteration 97
2025-07-21 05:49:03,040 [INFO] [98/300] loss 1968.59 | compact 14.4881 | spectral 17.4643 | recons_loss: 0.115208 | sparse_loss: 1.03006 | 
2025-07-21 05:49:03,040 [INFO] [Iter 98] LR: 0.10000000
2025-07-21 05:49:03,041 [INFO] Saving best model at iteration 98
2025-07-21 05:49:03,638 [INFO] [99/300] loss 1968.41 | compact 14.4903 | spectral 17.4651 | recons_loss: 0.115025 | sparse_loss: 1.03004 | 
2025-07-21 05:49:03,638 [INFO] [Iter 99] LR: 0.10000000
2025-07-21 05:49:03,639 [INFO] Saving best model at iteration 99
2025-07-21 05:49:03,815 [INFO] H: 600, W: 166
2025-07-21 05:49:03,910 [INFO] [0 1 2 3 4 5]
2025-07-21 05:49:04,033 [INFO] y_target: [1 2 3 4 5 6]
2025-07-21 05:49:04,033 [INFO] y_predict: [0 1 2 3 4 5]
2025-07-21 05:49:04,121 [INFO] Epoch = 100 OA = 0.9000 Kappa = 0.8666 NMI = 0.8336
2025-07-21 05:49:04,596 [INFO] [100/300] loss 1968.25 | compact 14.4944 | spectral 17.4683 | recons_loss: 0.114848 | sparse_loss: 1.03003 | 
2025-07-21 05:49:04,597 [INFO] [Iter 100] LR: 0.10000000
2025-07-21 05:49:04,598 [INFO] Saving best model at iteration 100
2025-07-21 05:49:05,203 [INFO] [101/300] loss 1968.09 | compact 14.499 | spectral 17.4703 | recons_loss: 0.114676 | sparse_loss: 1.03001 | 
2025-07-21 05:49:05,204 [INFO] [Iter 101] LR: 0.10000000
2025-07-21 05:49:05,206 [INFO] Saving best model at iteration 101
2025-07-21 05:49:05,821 [INFO] [102/300] loss 1967.93 | compact 14.5036 | spectral 17.4715 | recons_loss: 0.114537 | sparse_loss: 1.02999 | 
2025-07-21 05:49:05,821 [INFO] [Iter 102] LR: 0.10000000
2025-07-21 05:49:05,823 [INFO] Saving best model at iteration 102
2025-07-21 05:49:06,426 [INFO] [103/300] loss 1967.77 | compact 14.5083 | spectral 17.4677 | recons_loss: 0.114401 | sparse_loss: 1.02996 | 
2025-07-21 05:49:06,427 [INFO] [Iter 103] LR: 0.10000000
2025-07-21 05:49:06,428 [INFO] Saving best model at iteration 103
2025-07-21 05:49:07,030 [INFO] [104/300] loss 1967.61 | compact 14.5124 | spectral 17.4652 | recons_loss: 0.114263 | sparse_loss: 1.02994 | 
2025-07-21 05:49:07,031 [INFO] [Iter 104] LR: 0.10000000
2025-07-21 05:49:07,032 [INFO] Saving best model at iteration 104
2025-07-21 05:49:07,629 [INFO] [105/300] loss 1967.46 | compact 14.5164 | spectral 17.463 | recons_loss: 0.114126 | sparse_loss: 1.02992 | 
2025-07-21 05:49:07,629 [INFO] [Iter 105] LR: 0.10000000
2025-07-21 05:49:07,630 [INFO] Saving best model at iteration 105
2025-07-21 05:49:08,227 [INFO] [106/300] loss 1967.3 | compact 14.5201 | spectral 17.4616 | recons_loss: 0.113989 | sparse_loss: 1.0299 | 
2025-07-21 05:49:08,228 [INFO] [Iter 106] LR: 0.10000000
2025-07-21 05:49:08,229 [INFO] Saving best model at iteration 106
2025-07-21 05:49:08,843 [INFO] [107/300] loss 1967.14 | compact 14.5237 | spectral 17.4579 | recons_loss: 0.113846 | sparse_loss: 1.02987 | 
2025-07-21 05:49:08,843 [INFO] [Iter 107] LR: 0.10000000
2025-07-21 05:49:08,844 [INFO] Saving best model at iteration 107
2025-07-21 05:49:09,459 [INFO] [108/300] loss 1966.98 | compact 14.5272 | spectral 17.4547 | recons_loss: 0.113715 | sparse_loss: 1.02983 | 
2025-07-21 05:49:09,460 [INFO] [Iter 108] LR: 0.10000000
2025-07-21 05:49:09,461 [INFO] Saving best model at iteration 108
2025-07-21 05:49:10,058 [INFO] [109/300] loss 1966.82 | compact 14.5306 | spectral 17.4507 | recons_loss: 0.113599 | sparse_loss: 1.0298 | 
2025-07-21 05:49:10,059 [INFO] [Iter 109] LR: 0.10000000
2025-07-21 05:49:10,060 [INFO] Saving best model at iteration 109
2025-07-21 05:49:10,669 [INFO] [110/300] loss 1966.66 | compact 14.5363 | spectral 17.446 | recons_loss: 0.113483 | sparse_loss: 1.02978 | 
2025-07-21 05:49:10,669 [INFO] [Iter 110] LR: 0.10000000
2025-07-21 05:49:10,670 [INFO] Saving best model at iteration 110
2025-07-21 05:49:11,270 [INFO] [111/300] loss 1966.5 | compact 14.5419 | spectral 17.4415 | recons_loss: 0.113369 | sparse_loss: 1.02977 | 
2025-07-21 05:49:11,270 [INFO] [Iter 111] LR: 0.10000000
2025-07-21 05:49:11,272 [INFO] Saving best model at iteration 111
2025-07-21 05:49:11,869 [INFO] [112/300] loss 1966.35 | compact 14.5482 | spectral 17.4374 | recons_loss: 0.113244 | sparse_loss: 1.02975 | 
2025-07-21 05:49:11,869 [INFO] [Iter 112] LR: 0.10000000
2025-07-21 05:49:11,870 [INFO] Saving best model at iteration 112
2025-07-21 05:49:12,468 [INFO] [113/300] loss 1966.2 | compact 14.5556 | spectral 17.4331 | recons_loss: 0.113141 | sparse_loss: 1.02972 | 
2025-07-21 05:49:12,468 [INFO] [Iter 113] LR: 0.10000000
2025-07-21 05:49:12,469 [INFO] Saving best model at iteration 113
2025-07-21 05:49:13,066 [INFO] [114/300] loss 1966.05 | compact 14.5616 | spectral 17.4313 | recons_loss: 0.113034 | sparse_loss: 1.02969 | 
2025-07-21 05:49:13,066 [INFO] [Iter 114] LR: 0.10000000
2025-07-21 05:49:13,067 [INFO] Saving best model at iteration 114
2025-07-21 05:49:13,664 [INFO] [115/300] loss 1965.9 | compact 14.5671 | spectral 17.4313 | recons_loss: 0.11292 | sparse_loss: 1.02967 | 
2025-07-21 05:49:13,664 [INFO] [Iter 115] LR: 0.10000000
2025-07-21 05:49:13,666 [INFO] Saving best model at iteration 115
2025-07-21 05:49:14,263 [INFO] [116/300] loss 1965.78 | compact 14.5732 | spectral 17.4339 | recons_loss: 0.112805 | sparse_loss: 1.02966 | 
2025-07-21 05:49:14,263 [INFO] [Iter 116] LR: 0.10000000
2025-07-21 05:49:14,264 [INFO] Saving best model at iteration 116
2025-07-21 05:49:14,861 [INFO] [117/300] loss 1965.64 | compact 14.5796 | spectral 17.4373 | recons_loss: 0.112689 | sparse_loss: 1.02965 | 
2025-07-21 05:49:14,862 [INFO] [Iter 117] LR: 0.10000000
2025-07-21 05:49:14,863 [INFO] Saving best model at iteration 117
2025-07-21 05:49:15,460 [INFO] [118/300] loss 1965.52 | compact 14.5842 | spectral 17.4428 | recons_loss: 0.112579 | sparse_loss: 1.02962 | 
2025-07-21 05:49:15,460 [INFO] [Iter 118] LR: 0.10000000
2025-07-21 05:49:15,461 [INFO] Saving best model at iteration 118
2025-07-21 05:49:16,058 [INFO] [119/300] loss 1965.4 | compact 14.5885 | spectral 17.4466 | recons_loss: 0.112475 | sparse_loss: 1.0296 | 
2025-07-21 05:49:16,059 [INFO] [Iter 119] LR: 0.10000000
2025-07-21 05:49:16,060 [INFO] Saving best model at iteration 119
2025-07-21 05:49:16,657 [INFO] [120/300] loss 1965.29 | compact 14.5919 | spectral 17.4527 | recons_loss: 0.112376 | sparse_loss: 1.02958 | 
2025-07-21 05:49:16,657 [INFO] [Iter 120] LR: 0.05000000
2025-07-21 05:49:16,659 [INFO] Saving best model at iteration 120
2025-07-21 05:49:17,257 [INFO] [121/300] loss 1965.17 | compact 14.5964 | spectral 17.4602 | recons_loss: 0.112279 | sparse_loss: 1.02957 | 
2025-07-21 05:49:17,257 [INFO] [Iter 121] LR: 0.05000000
2025-07-21 05:49:17,259 [INFO] Saving best model at iteration 121
2025-07-21 05:49:17,858 [INFO] [122/300] loss 1965.06 | compact 14.6002 | spectral 17.4678 | recons_loss: 0.112185 | sparse_loss: 1.02955 | 
2025-07-21 05:49:17,858 [INFO] [Iter 122] LR: 0.05000000
2025-07-21 05:49:17,859 [INFO] Saving best model at iteration 122
2025-07-21 05:49:18,465 [INFO] [123/300] loss 1964.94 | compact 14.6035 | spectral 17.4747 | recons_loss: 0.112096 | sparse_loss: 1.02953 | 
2025-07-21 05:49:18,466 [INFO] [Iter 123] LR: 0.05000000
2025-07-21 05:49:18,467 [INFO] Saving best model at iteration 123
2025-07-21 05:49:19,080 [INFO] [124/300] loss 1964.83 | compact 14.6076 | spectral 17.4807 | recons_loss: 0.112017 | sparse_loss: 1.02951 | 
2025-07-21 05:49:19,080 [INFO] [Iter 124] LR: 0.05000000
2025-07-21 05:49:19,082 [INFO] Saving best model at iteration 124
2025-07-21 05:49:19,679 [INFO] [125/300] loss 1964.72 | compact 14.6101 | spectral 17.485 | recons_loss: 0.111938 | sparse_loss: 1.02948 | 
2025-07-21 05:49:19,679 [INFO] [Iter 125] LR: 0.05000000
2025-07-21 05:49:19,680 [INFO] Saving best model at iteration 125
2025-07-21 05:49:20,277 [INFO] [126/300] loss 1964.6 | compact 14.6135 | spectral 17.4881 | recons_loss: 0.11185 | sparse_loss: 1.02945 | 
2025-07-21 05:49:20,278 [INFO] [Iter 126] LR: 0.05000000
2025-07-21 05:49:20,279 [INFO] Saving best model at iteration 126
2025-07-21 05:49:20,876 [INFO] [127/300] loss 1964.48 | compact 14.6156 | spectral 17.4916 | recons_loss: 0.111781 | sparse_loss: 1.02943 | 
2025-07-21 05:49:20,877 [INFO] [Iter 127] LR: 0.05000000
2025-07-21 05:49:20,878 [INFO] Saving best model at iteration 127
2025-07-21 05:49:21,475 [INFO] [128/300] loss 1964.38 | compact 14.616 | spectral 17.4966 | recons_loss: 0.111712 | sparse_loss: 1.02941 | 
2025-07-21 05:49:21,475 [INFO] [Iter 128] LR: 0.05000000
2025-07-21 05:49:21,477 [INFO] Saving best model at iteration 128
2025-07-21 05:49:22,074 [INFO] [129/300] loss 1964.27 | compact 14.6167 | spectral 17.5013 | recons_loss: 0.111642 | sparse_loss: 1.02939 | 
2025-07-21 05:49:22,074 [INFO] [Iter 129] LR: 0.02500000
2025-07-21 05:49:22,075 [INFO] Saving best model at iteration 129
2025-07-21 05:49:22,673 [INFO] [130/300] loss 1964.17 | compact 14.6185 | spectral 17.5063 | recons_loss: 0.111572 | sparse_loss: 1.02936 | 
2025-07-21 05:49:22,673 [INFO] [Iter 130] LR: 0.02500000
2025-07-21 05:49:22,674 [INFO] Saving best model at iteration 130
2025-07-21 05:49:23,271 [INFO] [131/300] loss 1964.06 | compact 14.6202 | spectral 17.5109 | recons_loss: 0.111505 | sparse_loss: 1.02934 | 
2025-07-21 05:49:23,272 [INFO] [Iter 131] LR: 0.02500000
2025-07-21 05:49:23,273 [INFO] Saving best model at iteration 131
2025-07-21 05:49:23,870 [INFO] [132/300] loss 1963.96 | compact 14.6209 | spectral 17.5146 | recons_loss: 0.111443 | sparse_loss: 1.02931 | 
2025-07-21 05:49:23,870 [INFO] [Iter 132] LR: 0.02500000
2025-07-21 05:49:23,872 [INFO] Saving best model at iteration 132
2025-07-21 05:49:24,469 [INFO] [133/300] loss 1963.87 | compact 14.6226 | spectral 17.5179 | recons_loss: 0.111385 | sparse_loss: 1.02929 | 
2025-07-21 05:49:24,469 [INFO] [Iter 133] LR: 0.01250000
2025-07-21 05:49:24,470 [INFO] Saving best model at iteration 133
2025-07-21 05:49:25,067 [INFO] [134/300] loss 1963.78 | compact 14.6239 | spectral 17.5207 | recons_loss: 0.111331 | sparse_loss: 1.02927 | 
2025-07-21 05:49:25,067 [INFO] [Iter 134] LR: 0.01250000
2025-07-21 05:49:25,068 [INFO] Saving best model at iteration 134
2025-07-21 05:49:25,666 [INFO] [135/300] loss 1963.7 | compact 14.6249 | spectral 17.5234 | recons_loss: 0.11128 | sparse_loss: 1.02925 | 
2025-07-21 05:49:25,666 [INFO] [Iter 135] LR: 0.01250000
2025-07-21 05:49:25,667 [INFO] Saving best model at iteration 135
2025-07-21 05:49:26,281 [INFO] [136/300] loss 1963.61 | compact 14.6259 | spectral 17.5259 | recons_loss: 0.111231 | sparse_loss: 1.02923 | 
2025-07-21 05:49:26,282 [INFO] [Iter 136] LR: 0.01250000
2025-07-21 05:49:26,284 [INFO] Saving best model at iteration 136
2025-07-21 05:49:26,881 [INFO] [137/300] loss 1963.54 | compact 14.6266 | spectral 17.5282 | recons_loss: 0.111185 | sparse_loss: 1.02922 | 
2025-07-21 05:49:26,881 [INFO] [Iter 137] LR: 0.00625000
2025-07-21 05:49:26,882 [INFO] Saving best model at iteration 137
2025-07-21 05:49:27,496 [INFO] [138/300] loss 1963.46 | compact 14.6271 | spectral 17.53 | recons_loss: 0.111142 | sparse_loss: 1.0292 | 
2025-07-21 05:49:27,496 [INFO] [Iter 138] LR: 0.00625000
2025-07-21 05:49:27,497 [INFO] Saving best model at iteration 138
2025-07-21 05:49:28,094 [INFO] [139/300] loss 1963.38 | compact 14.6277 | spectral 17.5317 | recons_loss: 0.111102 | sparse_loss: 1.02918 | 
2025-07-21 05:49:28,094 [INFO] [Iter 139] LR: 0.00625000
2025-07-21 05:49:28,095 [INFO] Saving best model at iteration 139
2025-07-21 05:49:28,692 [INFO] [140/300] loss 1963.31 | compact 14.628 | spectral 17.5341 | recons_loss: 0.111066 | sparse_loss: 1.02917 | 
2025-07-21 05:49:28,692 [INFO] [Iter 140] LR: 0.00625000
2025-07-21 05:49:28,693 [INFO] Saving best model at iteration 140
2025-07-21 05:49:29,290 [INFO] [141/300] loss 1963.25 | compact 14.6279 | spectral 17.5364 | recons_loss: 0.111032 | sparse_loss: 1.02916 | 
2025-07-21 05:49:29,290 [INFO] [Iter 141] LR: 0.00312500
2025-07-21 05:49:29,292 [INFO] Saving best model at iteration 141
2025-07-21 05:49:29,889 [INFO] [142/300] loss 1963.19 | compact 14.6278 | spectral 17.5385 | recons_loss: 0.111001 | sparse_loss: 1.02914 | 
2025-07-21 05:49:29,889 [INFO] [Iter 142] LR: 0.00312500
2025-07-21 05:49:29,890 [INFO] Saving best model at iteration 142
2025-07-21 05:49:30,488 [INFO] [143/300] loss 1963.13 | compact 14.6278 | spectral 17.5404 | recons_loss: 0.110973 | sparse_loss: 1.02913 | 
2025-07-21 05:49:30,488 [INFO] [Iter 143] LR: 0.00312500
2025-07-21 05:49:30,489 [INFO] Saving best model at iteration 143
2025-07-21 05:49:31,087 [INFO] [144/300] loss 1963.08 | compact 14.6278 | spectral 17.5421 | recons_loss: 0.110947 | sparse_loss: 1.02912 | 
2025-07-21 05:49:31,087 [INFO] [Iter 144] LR: 0.00156250
2025-07-21 05:49:31,088 [INFO] Saving best model at iteration 144
2025-07-21 05:49:31,703 [INFO] [145/300] loss 1963.03 | compact 14.6278 | spectral 17.5437 | recons_loss: 0.110923 | sparse_loss: 1.02911 | 
2025-07-21 05:49:31,703 [INFO] [Iter 145] LR: 0.00156250
2025-07-21 05:49:31,704 [INFO] Saving best model at iteration 145
2025-07-21 05:49:32,301 [INFO] [146/300] loss 1962.99 | compact 14.6279 | spectral 17.5452 | recons_loss: 0.110901 | sparse_loss: 1.0291 | 
2025-07-21 05:49:32,301 [INFO] [Iter 146] LR: 0.00156250
2025-07-21 05:49:32,302 [INFO] Saving best model at iteration 146
2025-07-21 05:49:32,910 [INFO] [147/300] loss 1962.94 | compact 14.628 | spectral 17.5465 | recons_loss: 0.110882 | sparse_loss: 1.02909 | 
2025-07-21 05:49:32,910 [INFO] [Iter 147] LR: 0.00078125
2025-07-21 05:49:32,911 [INFO] Saving best model at iteration 147
2025-07-21 05:49:33,516 [INFO] [148/300] loss 1962.91 | compact 14.6281 | spectral 17.5477 | recons_loss: 0.110863 | sparse_loss: 1.02908 | 
2025-07-21 05:49:33,516 [INFO] [Iter 148] LR: 0.00078125
2025-07-21 05:49:33,517 [INFO] Saving best model at iteration 148
2025-07-21 05:49:34,119 [INFO] [149/300] loss 1962.87 | compact 14.6282 | spectral 17.5488 | recons_loss: 0.110847 | sparse_loss: 1.02907 | 
2025-07-21 05:49:34,120 [INFO] [Iter 149] LR: 0.00078125
2025-07-21 05:49:34,121 [INFO] Saving best model at iteration 149
2025-07-21 05:49:34,297 [INFO] H: 600, W: 166
2025-07-21 05:49:34,403 [INFO] [0 1 2 3 4 5]
2025-07-21 05:49:34,501 [INFO] y_target: [1 2 3 4 5 6]
2025-07-21 05:49:34,501 [INFO] y_predict: [0 1 2 3 4 5]
2025-07-21 05:49:34,591 [INFO] Epoch = 150 OA = 0.9055 Kappa = 0.8738 NMI = 0.8331
2025-07-21 05:49:35,067 [INFO] [150/300] loss 1962.84 | compact 14.6284 | spectral 17.5498 | recons_loss: 0.110832 | sparse_loss: 1.02906 | 
2025-07-21 05:49:35,068 [INFO] [Iter 150] LR: 0.00039063
2025-07-21 05:49:35,069 [INFO] Saving best model at iteration 150
2025-07-21 05:49:35,666 [INFO] [151/300] loss 1962.81 | compact 14.6285 | spectral 17.5506 | recons_loss: 0.110818 | sparse_loss: 1.02905 | 
2025-07-21 05:49:35,666 [INFO] [Iter 151] LR: 0.00039063
2025-07-21 05:49:35,667 [INFO] Saving best model at iteration 151
2025-07-21 05:49:36,269 [INFO] [152/300] loss 1962.79 | compact 14.6286 | spectral 17.5514 | recons_loss: 0.110806 | sparse_loss: 1.02905 | 
2025-07-21 05:49:36,269 [INFO] [Iter 152] LR: 0.00039063
2025-07-21 05:49:36,270 [INFO] Saving best model at iteration 152
2025-07-21 05:49:36,868 [INFO] [153/300] loss 1962.76 | compact 14.6287 | spectral 17.5521 | recons_loss: 0.110795 | sparse_loss: 1.02904 | 
2025-07-21 05:49:36,869 [INFO] [Iter 153] LR: 0.00019531
2025-07-21 05:49:36,870 [INFO] Saving best model at iteration 153
2025-07-21 05:49:37,468 [INFO] [154/300] loss 1962.74 | compact 14.6288 | spectral 17.5527 | recons_loss: 0.110785 | sparse_loss: 1.02904 | 
2025-07-21 05:49:37,468 [INFO] [Iter 154] LR: 0.00019531
2025-07-21 05:49:37,471 [INFO] Saving best model at iteration 154
2025-07-21 05:49:38,070 [INFO] [155/300] loss 1962.72 | compact 14.6289 | spectral 17.5533 | recons_loss: 0.110776 | sparse_loss: 1.02903 | 
2025-07-21 05:49:38,071 [INFO] [Iter 155] LR: 0.00019531
2025-07-21 05:49:38,072 [INFO] Saving best model at iteration 155
2025-07-21 05:49:38,670 [INFO] [156/300] loss 1962.71 | compact 14.629 | spectral 17.5538 | recons_loss: 0.110767 | sparse_loss: 1.02903 | 
2025-07-21 05:49:38,670 [INFO] [Iter 156] LR: 0.00019531
2025-07-21 05:49:38,671 [INFO] Saving best model at iteration 156
2025-07-21 05:49:39,268 [INFO] [157/300] loss 1962.69 | compact 14.6291 | spectral 17.5542 | recons_loss: 0.11076 | sparse_loss: 1.02902 | 
2025-07-21 05:49:39,268 [INFO] [Iter 157] LR: 0.00019531
2025-07-21 05:49:39,269 [INFO] Saving best model at iteration 157
2025-07-21 05:49:39,867 [INFO] [158/300] loss 1962.67 | compact 14.6291 | spectral 17.5546 | recons_loss: 0.110753 | sparse_loss: 1.02902 | 
2025-07-21 05:49:39,867 [INFO] [Iter 158] LR: 0.00019531
2025-07-21 05:49:39,868 [INFO] Saving best model at iteration 158
2025-07-21 05:49:40,466 [INFO] [159/300] loss 1962.66 | compact 14.6292 | spectral 17.555 | recons_loss: 0.110747 | sparse_loss: 1.02902 | 
2025-07-21 05:49:40,467 [INFO] [Iter 159] LR: 0.00009766
2025-07-21 05:49:40,469 [INFO] Saving best model at iteration 159
2025-07-21 05:49:41,070 [INFO] [160/300] loss 1962.65 | compact 14.6292 | spectral 17.5553 | recons_loss: 0.110742 | sparse_loss: 1.02901 | 
2025-07-21 05:49:41,071 [INFO] [Iter 160] LR: 0.00009766
2025-07-21 05:49:41,072 [INFO] Saving best model at iteration 160
2025-07-21 05:49:41,669 [INFO] [161/300] loss 1962.64 | compact 14.6293 | spectral 17.5556 | recons_loss: 0.110737 | sparse_loss: 1.02901 | 
2025-07-21 05:49:41,670 [INFO] [Iter 161] LR: 0.00009766
2025-07-21 05:49:41,670 [INFO] Saving best model at iteration 161
2025-07-21 05:49:42,269 [INFO] [162/300] loss 1962.63 | compact 14.6293 | spectral 17.5559 | recons_loss: 0.110732 | sparse_loss: 1.02901 | 
2025-07-21 05:49:42,269 [INFO] [Iter 162] LR: 0.00004883
2025-07-21 05:49:42,271 [INFO] Saving best model at iteration 162
2025-07-21 05:49:42,871 [INFO] [163/300] loss 1962.62 | compact 14.6292 | spectral 17.5561 | recons_loss: 0.110729 | sparse_loss: 1.029 | 
2025-07-21 05:49:42,871 [INFO] [Iter 163] LR: 0.00004883
2025-07-21 05:49:42,873 [INFO] Saving best model at iteration 163
2025-07-21 05:49:43,488 [INFO] [164/300] loss 1962.61 | compact 14.6292 | spectral 17.5563 | recons_loss: 0.110725 | sparse_loss: 1.029 | 
2025-07-21 05:49:43,488 [INFO] [Iter 164] LR: 0.00004883
2025-07-21 05:49:43,489 [INFO] Saving best model at iteration 164
2025-07-21 05:49:44,107 [INFO] [165/300] loss 1962.6 | compact 14.6292 | spectral 17.5566 | recons_loss: 0.110722 | sparse_loss: 1.029 | 
2025-07-21 05:49:44,107 [INFO] [Iter 165] LR: 0.00002441
2025-07-21 05:49:44,108 [INFO] Saving best model at iteration 165
2025-07-21 05:49:44,706 [INFO] [166/300] loss 1962.59 | compact 14.6292 | spectral 17.5568 | recons_loss: 0.110719 | sparse_loss: 1.029 | 
2025-07-21 05:49:44,706 [INFO] [Iter 166] LR: 0.00002441
2025-07-21 05:49:44,707 [INFO] Saving best model at iteration 166
2025-07-21 05:49:45,305 [INFO] [167/300] loss 1962.59 | compact 14.6291 | spectral 17.5569 | recons_loss: 0.110717 | sparse_loss: 1.029 | 
2025-07-21 05:49:45,305 [INFO] [Iter 167] LR: 0.00002441
2025-07-21 05:49:45,306 [INFO] Saving best model at iteration 167
2025-07-21 05:49:45,904 [INFO] [168/300] loss 1962.58 | compact 14.6291 | spectral 17.5571 | recons_loss: 0.110714 | sparse_loss: 1.029 | 
2025-07-21 05:49:45,904 [INFO] [Iter 168] LR: 0.00001221
2025-07-21 05:49:45,905 [INFO] Saving best model at iteration 168
2025-07-21 05:49:46,502 [INFO] [169/300] loss 1962.58 | compact 14.6291 | spectral 17.5573 | recons_loss: 0.110712 | sparse_loss: 1.02899 | 
2025-07-21 05:49:46,502 [INFO] [Iter 169] LR: 0.00001221
2025-07-21 05:49:46,503 [INFO] Saving best model at iteration 169
2025-07-21 05:49:47,110 [INFO] [170/300] loss 1962.57 | compact 14.6291 | spectral 17.5574 | recons_loss: 0.11071 | sparse_loss: 1.02899 | 
2025-07-21 05:49:47,111 [INFO] [Iter 170] LR: 0.00001221
2025-07-21 05:49:47,112 [INFO] Saving best model at iteration 170
2025-07-21 05:49:47,709 [INFO] [171/300] loss 1962.57 | compact 14.6291 | spectral 17.5575 | recons_loss: 0.110709 | sparse_loss: 1.02899 | 
2025-07-21 05:49:47,710 [INFO] [Iter 171] LR: 0.00000610
2025-07-21 05:49:47,711 [INFO] Saving best model at iteration 171
2025-07-21 05:49:48,308 [INFO] [172/300] loss 1962.56 | compact 14.6291 | spectral 17.5576 | recons_loss: 0.110707 | sparse_loss: 1.02899 | 
2025-07-21 05:49:48,309 [INFO] [Iter 172] LR: 0.00000610
2025-07-21 05:49:48,310 [INFO] Saving best model at iteration 172
2025-07-21 05:49:48,906 [INFO] [173/300] loss 1962.56 | compact 14.6291 | spectral 17.5577 | recons_loss: 0.110706 | sparse_loss: 1.02899 | 
2025-07-21 05:49:48,907 [INFO] [Iter 173] LR: 0.00000610
2025-07-21 05:49:48,908 [INFO] Saving best model at iteration 173
2025-07-21 05:49:49,505 [INFO] [174/300] loss 1962.56 | compact 14.6291 | spectral 17.5578 | recons_loss: 0.110705 | sparse_loss: 1.02899 | 
2025-07-21 05:49:49,505 [INFO] [Iter 174] LR: 0.00000305
2025-07-21 05:49:49,506 [INFO] Saving best model at iteration 174
2025-07-21 05:49:50,104 [INFO] [175/300] loss 1962.55 | compact 14.6291 | spectral 17.5579 | recons_loss: 0.110703 | sparse_loss: 1.02899 | 
2025-07-21 05:49:50,104 [INFO] [Iter 175] LR: 0.00000305
2025-07-21 05:49:50,105 [INFO] Saving best model at iteration 175
2025-07-21 05:49:50,702 [INFO] [176/300] loss 1962.55 | compact 14.629 | spectral 17.558 | recons_loss: 0.110702 | sparse_loss: 1.02899 | 
2025-07-21 05:49:50,702 [INFO] [Iter 176] LR: 0.00000305
2025-07-21 05:49:50,704 [INFO] Saving best model at iteration 176
2025-07-21 05:49:51,301 [INFO] [177/300] loss 1962.55 | compact 14.629 | spectral 17.558 | recons_loss: 0.110702 | sparse_loss: 1.02899 | 
2025-07-21 05:49:51,301 [INFO] [Iter 177] LR: 0.00000153
2025-07-21 05:49:51,303 [INFO] Saving best model at iteration 177
2025-07-21 05:49:51,913 [INFO] [178/300] loss 1962.55 | compact 14.629 | spectral 17.5581 | recons_loss: 0.110701 | sparse_loss: 1.02899 | 
2025-07-21 05:49:51,913 [INFO] [Iter 178] LR: 0.00000153
2025-07-21 05:49:51,915 [INFO] Saving best model at iteration 178
2025-07-21 05:49:52,513 [INFO] [179/300] loss 1962.55 | compact 14.629 | spectral 17.5581 | recons_loss: 0.1107 | sparse_loss: 1.02899 | 
2025-07-21 05:49:52,513 [INFO] [Iter 179] LR: 0.00000153
2025-07-21 05:49:52,515 [INFO] Saving best model at iteration 179
2025-07-21 05:49:53,113 [INFO] [180/300] loss 1962.54 | compact 14.629 | spectral 17.5582 | recons_loss: 0.110699 | sparse_loss: 1.02899 | 
2025-07-21 05:49:53,114 [INFO] [Iter 180] LR: 0.00000076
2025-07-21 05:49:53,115 [INFO] Saving best model at iteration 180
2025-07-21 05:49:53,712 [INFO] [181/300] loss 1962.54 | compact 14.629 | spectral 17.5582 | recons_loss: 0.110699 | sparse_loss: 1.02899 | 
2025-07-21 05:49:53,713 [INFO] [Iter 181] LR: 0.00000076
2025-07-21 05:49:53,714 [INFO] Saving best model at iteration 181
2025-07-21 05:49:54,332 [INFO] [182/300] loss 1962.54 | compact 14.629 | spectral 17.5583 | recons_loss: 0.110698 | sparse_loss: 1.02899 | 
2025-07-21 05:49:54,332 [INFO] [Iter 182] LR: 0.00000076
2025-07-21 05:49:54,334 [INFO] Saving best model at iteration 182
2025-07-21 05:49:54,931 [INFO] [183/300] loss 1962.54 | compact 14.629 | spectral 17.5583 | recons_loss: 0.110698 | sparse_loss: 1.02898 | 
2025-07-21 05:49:54,931 [INFO] [Iter 183] LR: 0.00000038
2025-07-21 05:49:54,933 [INFO] Saving best model at iteration 183
2025-07-21 05:49:55,530 [INFO] [184/300] loss 1962.54 | compact 14.629 | spectral 17.5583 | recons_loss: 0.110697 | sparse_loss: 1.02898 | 
2025-07-21 05:49:55,531 [INFO] [Iter 184] LR: 0.00000038
2025-07-21 05:49:55,532 [INFO] Saving best model at iteration 184
2025-07-21 05:49:56,129 [INFO] [185/300] loss 1962.54 | compact 14.629 | spectral 17.5584 | recons_loss: 0.110697 | sparse_loss: 1.02898 | 
2025-07-21 05:49:56,129 [INFO] [Iter 185] LR: 0.00000038
2025-07-21 05:49:56,130 [INFO] Saving best model at iteration 185
2025-07-21 05:49:56,728 [INFO] [186/300] loss 1962.54 | compact 14.629 | spectral 17.5584 | recons_loss: 0.110697 | sparse_loss: 1.02898 | 
2025-07-21 05:49:56,728 [INFO] [Iter 186] LR: 0.00000019
2025-07-21 05:49:56,729 [INFO] Saving best model at iteration 186
2025-07-21 05:49:57,326 [INFO] [187/300] loss 1962.54 | compact 14.629 | spectral 17.5584 | recons_loss: 0.110696 | sparse_loss: 1.02898 | 
2025-07-21 05:49:57,327 [INFO] [Iter 187] LR: 0.00000019
2025-07-21 05:49:57,328 [INFO] Saving best model at iteration 187
2025-07-21 05:49:57,943 [INFO] [188/300] loss 1962.53 | compact 14.629 | spectral 17.5584 | recons_loss: 0.110696 | sparse_loss: 1.02898 | 
2025-07-21 05:49:57,943 [INFO] [Iter 188] LR: 0.00000019
2025-07-21 05:49:57,944 [INFO] Saving best model at iteration 188
2025-07-21 05:49:58,542 [INFO] [189/300] loss 1962.53 | compact 14.629 | spectral 17.5584 | recons_loss: 0.110696 | sparse_loss: 1.02898 | 
2025-07-21 05:49:58,543 [INFO] [Iter 189] LR: 0.00000010
2025-07-21 05:49:58,545 [INFO] Saving best model at iteration 189
2025-07-21 05:49:59,147 [INFO] [190/300] loss 1962.53 | compact 14.629 | spectral 17.5585 | recons_loss: 0.110696 | sparse_loss: 1.02898 | 
2025-07-21 05:49:59,148 [INFO] [Iter 190] LR: 0.00000010
2025-07-21 05:49:59,150 [INFO] Saving best model at iteration 190
2025-07-21 05:49:59,762 [INFO] [191/300] loss 1962.53 | compact 14.629 | spectral 17.5585 | recons_loss: 0.110695 | sparse_loss: 1.02898 | 
2025-07-21 05:49:59,762 [INFO] [Iter 191] LR: 0.00000010
2025-07-21 05:49:59,764 [INFO] Saving best model at iteration 191
2025-07-21 05:50:00,362 [INFO] [192/300] loss 1962.53 | compact 14.629 | spectral 17.5585 | recons_loss: 0.110695 | sparse_loss: 1.02898 | 
2025-07-21 05:50:00,362 [INFO] [Iter 192] LR: 0.00000005
2025-07-21 05:50:00,363 [INFO] Saving best model at iteration 192
2025-07-21 05:50:00,960 [INFO] [193/300] loss 1962.53 | compact 14.629 | spectral 17.5585 | recons_loss: 0.110695 | sparse_loss: 1.02898 | 
2025-07-21 05:50:00,961 [INFO] [Iter 193] LR: 0.00000005
2025-07-21 05:50:00,962 [INFO] Saving best model at iteration 193
2025-07-21 05:50:01,559 [INFO] [194/300] loss 1962.53 | compact 14.629 | spectral 17.5585 | recons_loss: 0.110695 | sparse_loss: 1.02898 | 
2025-07-21 05:50:01,560 [INFO] [Iter 194] LR: 0.00000005
2025-07-21 05:50:01,560 [INFO] Saving best model at iteration 194
2025-07-21 05:50:02,158 [INFO] [195/300] loss 1962.53 | compact 14.629 | spectral 17.5585 | recons_loss: 0.110695 | sparse_loss: 1.02898 | 
2025-07-21 05:50:02,158 [INFO] [Iter 195] LR: 0.00000002
2025-07-21 05:50:02,160 [INFO] Saving best model at iteration 195
2025-07-21 05:50:02,758 [INFO] [196/300] loss 1962.53 | compact 14.629 | spectral 17.5585 | recons_loss: 0.110695 | sparse_loss: 1.02898 | 
2025-07-21 05:50:02,758 [INFO] [Iter 196] LR: 0.00000002
2025-07-21 05:50:02,761 [INFO] Saving best model at iteration 196
2025-07-21 05:50:03,376 [INFO] [197/300] loss 1962.53 | compact 14.629 | spectral 17.5585 | recons_loss: 0.110694 | sparse_loss: 1.02898 | 
2025-07-21 05:50:03,376 [INFO] [Iter 197] LR: 0.00000002
2025-07-21 05:50:03,378 [INFO] Saving best model at iteration 197
2025-07-21 05:50:03,977 [INFO] [198/300] loss 1962.53 | compact 14.629 | spectral 17.5586 | recons_loss: 0.110694 | sparse_loss: 1.02898 | 
2025-07-21 05:50:03,978 [INFO] [Iter 198] LR: 0.00000001
2025-07-21 05:50:03,979 [INFO] Saving best model at iteration 198
2025-07-21 05:50:04,576 [INFO] [199/300] loss 1962.53 | compact 14.629 | spectral 17.5586 | recons_loss: 0.110694 | sparse_loss: 1.02898 | 
2025-07-21 05:50:04,576 [INFO] [Iter 199] LR: 0.00000001
2025-07-21 05:50:04,577 [INFO] Saving best model at iteration 199
2025-07-21 05:50:04,756 [INFO] H: 600, W: 166
2025-07-21 05:50:04,866 [INFO] [0 1 2 3 4 5]
2025-07-21 05:50:04,963 [INFO] y_target: [1 2 3 4 5 6]
2025-07-21 05:50:04,963 [INFO] y_predict: [0 1 2 3 4 5]
2025-07-21 05:50:05,050 [INFO] Epoch = 200 OA = 0.9055 Kappa = 0.8738 NMI = 0.8331
2025-07-21 05:50:05,527 [INFO] [200/300] loss 1962.53 | compact 14.629 | spectral 17.5586 | recons_loss: 0.110694 | sparse_loss: 1.02898 | 
2025-07-21 05:50:05,527 [INFO] [Iter 200] LR: 0.00000001
2025-07-21 05:50:05,528 [INFO] Saving best model at iteration 200
2025-07-21 05:50:06,125 [INFO] [201/300] loss 1962.53 | compact 14.629 | spectral 17.5586 | recons_loss: 0.110694 | sparse_loss: 1.02898 | 
2025-07-21 05:50:06,126 [INFO] [Iter 201] LR: 0.00000001
2025-07-21 05:50:06,127 [INFO] Saving best model at iteration 201
2025-07-21 05:50:06,725 [INFO] [202/300] loss 1962.53 | compact 14.629 | spectral 17.5586 | recons_loss: 0.110694 | sparse_loss: 1.02898 | 
2025-07-21 05:50:06,725 [INFO] [Iter 202] LR: 0.00000001
2025-07-21 05:50:06,727 [INFO] Saving best model at iteration 202
2025-07-21 05:50:07,325 [INFO] [203/300] loss 1962.53 | compact 14.629 | spectral 17.5586 | recons_loss: 0.110694 | sparse_loss: 1.02898 | 
2025-07-21 05:50:07,326 [INFO] [Iter 203] LR: 0.00000001
2025-07-21 05:50:07,327 [INFO] Saving best model at iteration 203
2025-07-21 05:50:07,924 [INFO] [204/300] loss 1962.53 | compact 14.629 | spectral 17.5586 | recons_loss: 0.110694 | sparse_loss: 1.02898 | 
2025-07-21 05:50:07,925 [INFO] [Iter 204] LR: 0.00000001
2025-07-21 05:50:07,926 [INFO] Saving best model at iteration 204
2025-07-21 05:50:08,524 [INFO] [205/300] loss 1962.53 | compact 14.629 | spectral 17.5586 | recons_loss: 0.110694 | sparse_loss: 1.02898 | 
2025-07-21 05:50:08,524 [INFO] [Iter 205] LR: 0.00000001
2025-07-21 05:50:08,526 [INFO] Saving best model at iteration 205
2025-07-21 05:50:09,125 [INFO] [206/300] loss 1962.53 | compact 14.629 | spectral 17.5586 | recons_loss: 0.110694 | sparse_loss: 1.02898 | 
2025-07-21 05:50:09,125 [INFO] [Iter 206] LR: 0.00000001
2025-07-21 05:50:09,126 [INFO] Saving best model at iteration 206
2025-07-21 05:50:09,744 [INFO] [207/300] loss 1962.53 | compact 14.629 | spectral 17.5586 | recons_loss: 0.110694 | sparse_loss: 1.02898 | 
2025-07-21 05:50:09,745 [INFO] [Iter 207] LR: 0.00000001
2025-07-21 05:50:09,746 [INFO] Saving best model at iteration 207
2025-07-21 05:50:10,343 [INFO] [208/300] loss 1962.53 | compact 14.629 | spectral 17.5586 | recons_loss: 0.110694 | sparse_loss: 1.02898 | 
2025-07-21 05:50:10,344 [INFO] [Iter 208] LR: 0.00000001
2025-07-21 05:50:10,345 [INFO] No improvement: current loss 1962.528898, best loss 1962.528989
2025-07-21 05:50:10,943 [INFO] [209/300] loss 1962.53 | compact 14.629 | spectral 17.5586 | recons_loss: 0.110694 | sparse_loss: 1.02898 | 
2025-07-21 05:50:10,943 [INFO] [Iter 209] LR: 0.00000001
2025-07-21 05:50:10,944 [INFO] Saving best model at iteration 209
2025-07-21 05:50:11,541 [INFO] [210/300] loss 1962.53 | compact 14.629 | spectral 17.5586 | recons_loss: 0.110694 | sparse_loss: 1.02898 | 
2025-07-21 05:50:11,542 [INFO] [Iter 210] LR: 0.00000001
2025-07-21 05:50:11,543 [INFO] No improvement: current loss 1962.528742, best loss 1962.528816
2025-07-21 05:50:12,140 [INFO] [211/300] loss 1962.53 | compact 14.629 | spectral 17.5586 | recons_loss: 0.110694 | sparse_loss: 1.02898 | 
2025-07-21 05:50:12,140 [INFO] [Iter 211] LR: 0.00000001
2025-07-21 05:50:12,141 [INFO] Saving best model at iteration 211
2025-07-21 05:50:12,739 [INFO] [212/300] loss 1962.53 | compact 14.629 | spectral 17.5586 | recons_loss: 0.110694 | sparse_loss: 1.02898 | 
2025-07-21 05:50:12,739 [INFO] [Iter 212] LR: 0.00000001
2025-07-21 05:50:12,740 [INFO] No improvement: current loss 1962.528615, best loss 1962.528675
2025-07-21 05:50:13,338 [INFO] [213/300] loss 1962.53 | compact 14.629 | spectral 17.5586 | recons_loss: 0.110694 | sparse_loss: 1.02898 | 
2025-07-21 05:50:13,339 [INFO] [Iter 213] LR: 0.00000001
2025-07-21 05:50:13,340 [INFO] Saving best model at iteration 213
2025-07-21 05:50:13,947 [INFO] [214/300] loss 1962.53 | compact 14.629 | spectral 17.5586 | recons_loss: 0.110694 | sparse_loss: 1.02898 | 
2025-07-21 05:50:13,947 [INFO] [Iter 214] LR: 0.00000001
2025-07-21 05:50:13,948 [INFO] No improvement: current loss 1962.528537, best loss 1962.528561
2025-07-21 05:50:14,546 [INFO] [215/300] loss 1962.53 | compact 14.629 | spectral 17.5586 | recons_loss: 0.110694 | sparse_loss: 1.02898 | 
2025-07-21 05:50:14,546 [INFO] [Iter 215] LR: 0.00000001
2025-07-21 05:50:14,547 [INFO] No improvement: current loss 1962.528491, best loss 1962.528561
2025-07-21 05:50:15,145 [INFO] [216/300] loss 1962.53 | compact 14.629 | spectral 17.5586 | recons_loss: 0.110694 | sparse_loss: 1.02898 | 
2025-07-21 05:50:15,145 [INFO] [Iter 216] LR: 0.00000001
2025-07-21 05:50:15,147 [INFO] No improvement: current loss 1962.528474, best loss 1962.528561
2025-07-21 05:50:15,744 [INFO] [217/300] loss 1962.53 | compact 14.629 | spectral 17.5586 | recons_loss: 0.110694 | sparse_loss: 1.02898 | 
2025-07-21 05:50:15,745 [INFO] [Iter 217] LR: 0.00000001
2025-07-21 05:50:15,746 [INFO] Saving best model at iteration 217
2025-07-21 05:50:16,343 [INFO] [218/300] loss 1962.53 | compact 14.629 | spectral 17.5586 | recons_loss: 0.110694 | sparse_loss: 1.02898 | 
2025-07-21 05:50:16,343 [INFO] [Iter 218] LR: 0.00000001
2025-07-21 05:50:16,344 [INFO] No improvement: current loss 1962.528398, best loss 1962.528434
2025-07-21 05:50:16,947 [INFO] [219/300] loss 1962.53 | compact 14.629 | spectral 17.5586 | recons_loss: 0.110694 | sparse_loss: 1.02898 | 
2025-07-21 05:50:16,947 [INFO] [Iter 219] LR: 0.00000001
2025-07-21 05:50:16,948 [INFO] No improvement: current loss 1962.528366, best loss 1962.528434
2025-07-21 05:50:17,549 [INFO] [220/300] loss 1962.53 | compact 14.629 | spectral 17.5586 | recons_loss: 0.110694 | sparse_loss: 1.02898 | 
2025-07-21 05:50:17,550 [INFO] [Iter 220] LR: 0.00000001
2025-07-21 05:50:17,552 [INFO] No improvement: current loss 1962.528337, best loss 1962.528434
2025-07-21 05:50:18,149 [INFO] [221/300] loss 1962.53 | compact 14.629 | spectral 17.5586 | recons_loss: 0.110694 | sparse_loss: 1.02898 | 
2025-07-21 05:50:18,150 [INFO] [Iter 221] LR: 0.00000001
2025-07-21 05:50:18,151 [INFO] Saving best model at iteration 221
2025-07-21 05:50:18,748 [INFO] [222/300] loss 1962.53 | compact 14.629 | spectral 17.5586 | recons_loss: 0.110694 | sparse_loss: 1.02898 | 
2025-07-21 05:50:18,748 [INFO] [Iter 222] LR: 0.00000001
2025-07-21 05:50:18,749 [INFO] No improvement: current loss 1962.528288, best loss 1962.528311
2025-07-21 05:50:19,346 [INFO] [223/300] loss 1962.53 | compact 14.629 | spectral 17.5586 | recons_loss: 0.110694 | sparse_loss: 1.02898 | 
2025-07-21 05:50:19,347 [INFO] [Iter 223] LR: 0.00000001
2025-07-21 05:50:19,348 [INFO] No improvement: current loss 1962.528266, best loss 1962.528311
2025-07-21 05:50:19,956 [INFO] [224/300] loss 1962.53 | compact 14.629 | spectral 17.5586 | recons_loss: 0.110694 | sparse_loss: 1.02898 | 
2025-07-21 05:50:19,956 [INFO] [Iter 224] LR: 0.00000001
2025-07-21 05:50:19,957 [INFO] No improvement: current loss 1962.528247, best loss 1962.528311
2025-07-21 05:50:20,555 [INFO] [225/300] loss 1962.53 | compact 14.629 | spectral 17.5586 | recons_loss: 0.110694 | sparse_loss: 1.02898 | 
2025-07-21 05:50:20,555 [INFO] [Iter 225] LR: 0.00000001
2025-07-21 05:50:20,557 [INFO] No improvement: current loss 1962.528230, best loss 1962.528311
2025-07-21 05:50:21,154 [INFO] [226/300] loss 1962.53 | compact 14.629 | spectral 17.5586 | recons_loss: 0.110694 | sparse_loss: 1.02898 | 
2025-07-21 05:50:21,154 [INFO] [Iter 226] LR: 0.00000001
2025-07-21 05:50:21,155 [INFO] No improvement: current loss 1962.528215, best loss 1962.528311
2025-07-21 05:50:21,752 [INFO] [227/300] loss 1962.53 | compact 14.629 | spectral 17.5586 | recons_loss: 0.110694 | sparse_loss: 1.02898 | 
2025-07-21 05:50:21,753 [INFO] [Iter 227] LR: 0.00000001
2025-07-21 05:50:21,754 [INFO] Saving best model at iteration 227
2025-07-21 05:50:22,352 [INFO] [228/300] loss 1962.53 | compact 14.629 | spectral 17.5586 | recons_loss: 0.110694 | sparse_loss: 1.02898 | 
2025-07-21 05:50:22,352 [INFO] [Iter 228] LR: 0.00000001
2025-07-21 05:50:22,355 [INFO] No improvement: current loss 1962.528189, best loss 1962.528201
2025-07-21 05:50:22,954 [INFO] [229/300] loss 1962.53 | compact 14.629 | spectral 17.5586 | recons_loss: 0.110694 | sparse_loss: 1.02898 | 
2025-07-21 05:50:22,954 [INFO] [Iter 229] LR: 0.00000001
2025-07-21 05:50:22,955 [INFO] No improvement: current loss 1962.528177, best loss 1962.528201
2025-07-21 05:50:23,552 [INFO] [230/300] loss 1962.53 | compact 14.629 | spectral 17.5586 | recons_loss: 0.110694 | sparse_loss: 1.02898 | 
2025-07-21 05:50:23,553 [INFO] [Iter 230] LR: 0.00000001
2025-07-21 05:50:23,554 [INFO] No improvement: current loss 1962.528192, best loss 1962.528201
2025-07-21 05:50:24,150 [INFO] [231/300] loss 1962.53 | compact 14.629 | spectral 17.5586 | recons_loss: 0.110694 | sparse_loss: 1.02898 | 
2025-07-21 05:50:24,150 [INFO] [Iter 231] LR: 0.00000001
2025-07-21 05:50:24,151 [INFO] No improvement: current loss 1962.528180, best loss 1962.528201
2025-07-21 05:50:24,749 [INFO] [232/300] loss 1962.53 | compact 14.629 | spectral 17.5586 | recons_loss: 0.110694 | sparse_loss: 1.02898 | 
2025-07-21 05:50:24,749 [INFO] [Iter 232] LR: 0.00000001
2025-07-21 05:50:24,750 [INFO] No improvement: current loss 1962.528170, best loss 1962.528201
2025-07-21 05:50:25,355 [INFO] [233/300] loss 1962.53 | compact 14.629 | spectral 17.5586 | recons_loss: 0.110694 | sparse_loss: 1.02898 | 
2025-07-21 05:50:25,356 [INFO] [Iter 233] LR: 0.00000001
2025-07-21 05:50:25,357 [INFO] No improvement: current loss 1962.528160, best loss 1962.528201
2025-07-21 05:50:25,954 [INFO] [234/300] loss 1962.53 | compact 14.629 | spectral 17.5586 | recons_loss: 0.110694 | sparse_loss: 1.02898 | 
2025-07-21 05:50:25,954 [INFO] [Iter 234] LR: 0.00000001
2025-07-21 05:50:25,956 [INFO] No improvement: current loss 1962.528152, best loss 1962.528201
2025-07-21 05:50:26,554 [INFO] [235/300] loss 1962.53 | compact 14.629 | spectral 17.5586 | recons_loss: 0.110694 | sparse_loss: 1.02898 | 
2025-07-21 05:50:26,554 [INFO] [Iter 235] LR: 0.00000001
2025-07-21 05:50:26,557 [INFO] No improvement: current loss 1962.528144, best loss 1962.528201
2025-07-21 05:50:27,155 [INFO] [236/300] loss 1962.53 | compact 14.629 | spectral 17.5586 | recons_loss: 0.110694 | sparse_loss: 1.02898 | 
2025-07-21 05:50:27,155 [INFO] [Iter 236] LR: 0.00000001
2025-07-21 05:50:27,156 [INFO] No improvement: current loss 1962.528138, best loss 1962.528201
2025-07-21 05:50:27,754 [INFO] [237/300] loss 1962.53 | compact 14.629 | spectral 17.5586 | recons_loss: 0.110694 | sparse_loss: 1.02898 | 
2025-07-21 05:50:27,754 [INFO] [Iter 237] LR: 0.00000001
2025-07-21 05:50:27,755 [INFO] No improvement: current loss 1962.528131, best loss 1962.528201
2025-07-21 05:50:28,352 [INFO] [238/300] loss 1962.53 | compact 14.629 | spectral 17.5586 | recons_loss: 0.110694 | sparse_loss: 1.02898 | 
2025-07-21 05:50:28,353 [INFO] [Iter 238] LR: 0.00000001
2025-07-21 05:50:28,354 [INFO] No improvement: current loss 1962.528150, best loss 1962.528201
2025-07-21 05:50:28,951 [INFO] [239/300] loss 1962.53 | compact 14.629 | spectral 17.5586 | recons_loss: 0.110694 | sparse_loss: 1.02898 | 
2025-07-21 05:50:28,951 [INFO] [Iter 239] LR: 0.00000001
2025-07-21 05:50:28,952 [INFO] No improvement: current loss 1962.528143, best loss 1962.528201
2025-07-21 05:50:29,550 [INFO] [240/300] loss 1962.53 | compact 14.629 | spectral 17.5586 | recons_loss: 0.110694 | sparse_loss: 1.02898 | 
2025-07-21 05:50:29,550 [INFO] [Iter 240] LR: 0.00000001
2025-07-21 05:50:29,551 [INFO] No improvement: current loss 1962.528136, best loss 1962.528201
2025-07-21 05:50:30,148 [INFO] [241/300] loss 1962.53 | compact 14.629 | spectral 17.5586 | recons_loss: 0.110694 | sparse_loss: 1.02898 | 
2025-07-21 05:50:30,149 [INFO] [Iter 241] LR: 0.00000001
2025-07-21 05:50:30,151 [INFO] No improvement: current loss 1962.528130, best loss 1962.528201
2025-07-21 05:50:30,759 [INFO] [242/300] loss 1962.53 | compact 14.629 | spectral 17.5586 | recons_loss: 0.110694 | sparse_loss: 1.02898 | 
2025-07-21 05:50:30,759 [INFO] [Iter 242] LR: 0.00000001
2025-07-21 05:50:30,761 [INFO] No improvement: current loss 1962.528125, best loss 1962.528201
2025-07-21 05:50:31,362 [INFO] [243/300] loss 1962.53 | compact 14.629 | spectral 17.5586 | recons_loss: 0.110694 | sparse_loss: 1.02898 | 
2025-07-21 05:50:31,363 [INFO] [Iter 243] LR: 0.00000001
2025-07-21 05:50:31,364 [INFO] No improvement: current loss 1962.528120, best loss 1962.528201
2025-07-21 05:50:31,961 [INFO] [244/300] loss 1962.53 | compact 14.629 | spectral 17.5586 | recons_loss: 0.110694 | sparse_loss: 1.02898 | 
2025-07-21 05:50:31,961 [INFO] [Iter 244] LR: 0.00000001
2025-07-21 05:50:31,962 [INFO] No improvement: current loss 1962.528116, best loss 1962.528201
2025-07-21 05:50:32,560 [INFO] [245/300] loss 1962.53 | compact 14.629 | spectral 17.5586 | recons_loss: 0.110694 | sparse_loss: 1.02898 | 
2025-07-21 05:50:32,561 [INFO] [Iter 245] LR: 0.00000001
2025-07-21 05:50:32,562 [INFO] No improvement: current loss 1962.528112, best loss 1962.528201
2025-07-21 05:50:33,180 [INFO] [246/300] loss 1962.53 | compact 14.629 | spectral 17.5586 | recons_loss: 0.110694 | sparse_loss: 1.02898 | 
2025-07-21 05:50:33,180 [INFO] [Iter 246] LR: 0.00000001
2025-07-21 05:50:33,181 [INFO] No improvement: current loss 1962.528108, best loss 1962.528201
2025-07-21 05:50:33,779 [INFO] [247/300] loss 1962.53 | compact 14.629 | spectral 17.5586 | recons_loss: 0.110694 | sparse_loss: 1.02898 | 
2025-07-21 05:50:33,779 [INFO] [Iter 247] LR: 0.00000001
2025-07-21 05:50:33,780 [INFO] No improvement: current loss 1962.528105, best loss 1962.528201
2025-07-21 05:50:34,378 [INFO] [248/300] loss 1962.53 | compact 14.629 | spectral 17.5586 | recons_loss: 0.110694 | sparse_loss: 1.02898 | 
2025-07-21 05:50:34,378 [INFO] [Iter 248] LR: 0.00000001
2025-07-21 05:50:34,379 [INFO] No improvement: current loss 1962.528102, best loss 1962.528201
2025-07-21 05:50:34,977 [INFO] [249/300] loss 1962.53 | compact 14.629 | spectral 17.5586 | recons_loss: 0.110694 | sparse_loss: 1.02898 | 
2025-07-21 05:50:34,977 [INFO] [Iter 249] LR: 0.00000001
2025-07-21 05:50:34,979 [INFO] Saving best model at iteration 249
2025-07-21 05:50:35,174 [INFO] H: 600, W: 166
2025-07-21 05:50:35,279 [INFO] [0 1 2 3 4 5]
2025-07-21 05:50:35,376 [INFO] y_target: [1 2 3 4 5 6]
2025-07-21 05:50:35,376 [INFO] y_predict: [0 1 2 3 4 5]
2025-07-21 05:50:35,465 [INFO] Epoch = 250 OA = 0.9055 Kappa = 0.8738 NMI = 0.8331
2025-07-21 05:50:35,941 [INFO] [250/300] loss 1962.53 | compact 14.629 | spectral 17.5586 | recons_loss: 0.110694 | sparse_loss: 1.02898 | 
2025-07-21 05:50:35,941 [INFO] [Iter 250] LR: 0.00000001
2025-07-21 05:50:35,942 [INFO] No improvement: current loss 1962.528097, best loss 1962.528099
2025-07-21 05:50:36,542 [INFO] [251/300] loss 1962.53 | compact 14.629 | spectral 17.5586 | recons_loss: 0.110694 | sparse_loss: 1.02898 | 
2025-07-21 05:50:36,542 [INFO] [Iter 251] LR: 0.00000001
2025-07-21 05:50:36,543 [INFO] No improvement: current loss 1962.528095, best loss 1962.528099
2025-07-21 05:50:37,141 [INFO] [252/300] loss 1962.53 | compact 14.629 | spectral 17.5586 | recons_loss: 0.110693 | sparse_loss: 1.02898 | 
2025-07-21 05:50:37,142 [INFO] [Iter 252] LR: 0.00000001
2025-07-21 05:50:37,144 [INFO] No improvement: current loss 1962.528093, best loss 1962.528099
2025-07-21 05:50:37,743 [INFO] [253/300] loss 1962.53 | compact 14.629 | spectral 17.5586 | recons_loss: 0.110693 | sparse_loss: 1.02898 | 
2025-07-21 05:50:37,743 [INFO] [Iter 253] LR: 0.00000001
2025-07-21 05:50:37,744 [INFO] No improvement: current loss 1962.528091, best loss 1962.528099
2025-07-21 05:50:38,341 [INFO] [254/300] loss 1962.53 | compact 14.629 | spectral 17.5586 | recons_loss: 0.110693 | sparse_loss: 1.02898 | 
2025-07-21 05:50:38,341 [INFO] [Iter 254] LR: 0.00000001
2025-07-21 05:50:38,342 [INFO] No improvement: current loss 1962.528090, best loss 1962.528099
2025-07-21 05:50:38,939 [INFO] [255/300] loss 1962.53 | compact 14.629 | spectral 17.5586 | recons_loss: 0.110693 | sparse_loss: 1.02898 | 
2025-07-21 05:50:38,940 [INFO] [Iter 255] LR: 0.00000001
2025-07-21 05:50:38,941 [INFO] No improvement: current loss 1962.528089, best loss 1962.528099
2025-07-21 05:50:39,538 [INFO] [256/300] loss 1962.53 | compact 14.629 | spectral 17.5586 | recons_loss: 0.110693 | sparse_loss: 1.02898 | 
2025-07-21 05:50:39,538 [INFO] [Iter 256] LR: 0.00000001
2025-07-21 05:50:39,539 [INFO] No improvement: current loss 1962.528087, best loss 1962.528099
2025-07-21 05:50:40,136 [INFO] [257/300] loss 1962.53 | compact 14.629 | spectral 17.5586 | recons_loss: 0.110693 | sparse_loss: 1.02898 | 
2025-07-21 05:50:40,136 [INFO] [Iter 257] LR: 0.00000001
2025-07-21 05:50:40,137 [INFO] No improvement: current loss 1962.528086, best loss 1962.528099
2025-07-21 05:50:40,734 [INFO] [258/300] loss 1962.53 | compact 14.629 | spectral 17.5586 | recons_loss: 0.110693 | sparse_loss: 1.02898 | 
2025-07-21 05:50:40,734 [INFO] [Iter 258] LR: 0.00000001
2025-07-21 05:50:40,735 [INFO] No improvement: current loss 1962.528085, best loss 1962.528099
2025-07-21 05:50:41,334 [INFO] [259/300] loss 1962.53 | compact 14.629 | spectral 17.5586 | recons_loss: 0.110693 | sparse_loss: 1.02898 | 
2025-07-21 05:50:41,334 [INFO] [Iter 259] LR: 0.00000001
2025-07-21 05:50:41,336 [INFO] No improvement: current loss 1962.528084, best loss 1962.528099
2025-07-21 05:50:41,950 [INFO] [260/300] loss 1962.53 | compact 14.629 | spectral 17.5586 | recons_loss: 0.110693 | sparse_loss: 1.02898 | 
2025-07-21 05:50:41,951 [INFO] [Iter 260] LR: 0.00000001
2025-07-21 05:50:41,952 [INFO] No improvement: current loss 1962.528083, best loss 1962.528099
2025-07-21 05:50:42,550 [INFO] [261/300] loss 1962.53 | compact 14.629 | spectral 17.5586 | recons_loss: 0.110693 | sparse_loss: 1.02898 | 
2025-07-21 05:50:42,550 [INFO] [Iter 261] LR: 0.00000001
2025-07-21 05:50:42,551 [INFO] No improvement: current loss 1962.528083, best loss 1962.528099
2025-07-21 05:50:43,148 [INFO] [262/300] loss 1962.53 | compact 14.629 | spectral 17.5586 | recons_loss: 0.110693 | sparse_loss: 1.02898 | 
2025-07-21 05:50:43,149 [INFO] [Iter 262] LR: 0.00000001
2025-07-21 05:50:43,150 [INFO] No improvement: current loss 1962.528082, best loss 1962.528099
2025-07-21 05:50:43,748 [INFO] [263/300] loss 1962.53 | compact 14.629 | spectral 17.5586 | recons_loss: 0.110693 | sparse_loss: 1.02898 | 
2025-07-21 05:50:43,749 [INFO] [Iter 263] LR: 0.00000001
2025-07-21 05:50:43,751 [INFO] No improvement: current loss 1962.528081, best loss 1962.528099
2025-07-21 05:50:44,367 [INFO] [264/300] loss 1962.53 | compact 14.629 | spectral 17.5586 | recons_loss: 0.110693 | sparse_loss: 1.02898 | 
2025-07-21 05:50:44,367 [INFO] [Iter 264] LR: 0.00000001
2025-07-21 05:50:44,368 [INFO] No improvement: current loss 1962.528081, best loss 1962.528099
2025-07-21 05:50:44,966 [INFO] [265/300] loss 1962.53 | compact 14.629 | spectral 17.5586 | recons_loss: 0.110693 | sparse_loss: 1.02898 | 
2025-07-21 05:50:44,966 [INFO] [Iter 265] LR: 0.00000001
2025-07-21 05:50:44,968 [INFO] No improvement: current loss 1962.528080, best loss 1962.528099
2025-07-21 05:50:45,566 [INFO] [266/300] loss 1962.53 | compact 14.629 | spectral 17.5586 | recons_loss: 0.110693 | sparse_loss: 1.02898 | 
2025-07-21 05:50:45,566 [INFO] [Iter 266] LR: 0.00000001
2025-07-21 05:50:45,568 [INFO] No improvement: current loss 1962.528080, best loss 1962.528099
2025-07-21 05:50:46,166 [INFO] [267/300] loss 1962.53 | compact 14.629 | spectral 17.5586 | recons_loss: 0.110693 | sparse_loss: 1.02898 | 
2025-07-21 05:50:46,166 [INFO] [Iter 267] LR: 0.00000001
2025-07-21 05:50:46,167 [INFO] No improvement: current loss 1962.528080, best loss 1962.528099
2025-07-21 05:50:46,764 [INFO] [268/300] loss 1962.53 | compact 14.629 | spectral 17.5586 | recons_loss: 0.110693 | sparse_loss: 1.02898 | 
2025-07-21 05:50:46,764 [INFO] [Iter 268] LR: 0.00000001
2025-07-21 05:50:46,765 [INFO] No improvement: current loss 1962.528079, best loss 1962.528099
2025-07-21 05:50:47,363 [INFO] [269/300] loss 1962.53 | compact 14.629 | spectral 17.5586 | recons_loss: 0.110693 | sparse_loss: 1.02898 | 
2025-07-21 05:50:47,364 [INFO] [Iter 269] LR: 0.00000001
2025-07-21 05:50:47,366 [INFO] No improvement: current loss 1962.528079, best loss 1962.528099
2025-07-21 05:50:47,964 [INFO] [270/300] loss 1962.53 | compact 14.629 | spectral 17.5586 | recons_loss: 0.110693 | sparse_loss: 1.02898 | 
2025-07-21 05:50:47,965 [INFO] [Iter 270] LR: 0.00000001
2025-07-21 05:50:47,966 [INFO] No improvement: current loss 1962.528079, best loss 1962.528099
2025-07-21 05:50:48,563 [INFO] [271/300] loss 1962.53 | compact 14.629 | spectral 17.5586 | recons_loss: 0.110693 | sparse_loss: 1.02898 | 
2025-07-21 05:50:48,563 [INFO] [Iter 271] LR: 0.00000001
2025-07-21 05:50:48,564 [INFO] No improvement: current loss 1962.528078, best loss 1962.528099
2025-07-21 05:50:49,161 [INFO] [272/300] loss 1962.53 | compact 14.629 | spectral 17.5586 | recons_loss: 0.110693 | sparse_loss: 1.02898 | 
2025-07-21 05:50:49,162 [INFO] [Iter 272] LR: 0.00000001
2025-07-21 05:50:49,163 [INFO] No improvement: current loss 1962.528078, best loss 1962.528099
2025-07-21 05:50:49,760 [INFO] [273/300] loss 1962.53 | compact 14.629 | spectral 17.5586 | recons_loss: 0.110693 | sparse_loss: 1.02898 | 
2025-07-21 05:50:49,761 [INFO] [Iter 273] LR: 0.00000001
2025-07-21 05:50:49,763 [INFO] No improvement: current loss 1962.528078, best loss 1962.528099
2025-07-21 05:50:50,361 [INFO] [274/300] loss 1962.53 | compact 14.629 | spectral 17.5586 | recons_loss: 0.110693 | sparse_loss: 1.02898 | 
2025-07-21 05:50:50,361 [INFO] [Iter 274] LR: 0.00000001
2025-07-21 05:50:50,362 [INFO] No improvement: current loss 1962.528078, best loss 1962.528099
2025-07-21 05:50:50,959 [INFO] [275/300] loss 1962.53 | compact 14.629 | spectral 17.5586 | recons_loss: 0.110693 | sparse_loss: 1.02898 | 
2025-07-21 05:50:50,960 [INFO] [Iter 275] LR: 0.00000001
2025-07-21 05:50:50,961 [INFO] No improvement: current loss 1962.528078, best loss 1962.528099
2025-07-21 05:50:51,559 [INFO] [276/300] loss 1962.53 | compact 14.629 | spectral 17.5586 | recons_loss: 0.110693 | sparse_loss: 1.02898 | 
2025-07-21 05:50:51,560 [INFO] [Iter 276] LR: 0.00000001
2025-07-21 05:50:51,561 [INFO] No improvement: current loss 1962.528078, best loss 1962.528099
2025-07-21 05:50:52,167 [INFO] [277/300] loss 1962.53 | compact 14.629 | spectral 17.5586 | recons_loss: 0.110693 | sparse_loss: 1.02898 | 
2025-07-21 05:50:52,167 [INFO] [Iter 277] LR: 0.00000001
2025-07-21 05:50:52,168 [INFO] No improvement: current loss 1962.528077, best loss 1962.528099
2025-07-21 05:50:52,766 [INFO] [278/300] loss 1962.53 | compact 14.629 | spectral 17.5586 | recons_loss: 0.110693 | sparse_loss: 1.02898 | 
2025-07-21 05:50:52,767 [INFO] [Iter 278] LR: 0.00000001
2025-07-21 05:50:52,768 [INFO] No improvement: current loss 1962.528077, best loss 1962.528099
2025-07-21 05:50:53,365 [INFO] [279/300] loss 1962.53 | compact 14.629 | spectral 17.5586 | recons_loss: 0.110693 | sparse_loss: 1.02898 | 
2025-07-21 05:50:53,365 [INFO] [Iter 279] LR: 0.00000001
2025-07-21 05:50:53,366 [INFO] No improvement: current loss 1962.528077, best loss 1962.528099
2025-07-21 05:50:53,964 [INFO] [280/300] loss 1962.53 | compact 14.629 | spectral 17.5586 | recons_loss: 0.110693 | sparse_loss: 1.02898 | 
2025-07-21 05:50:53,964 [INFO] [Iter 280] LR: 0.00000001
2025-07-21 05:50:53,965 [INFO] No improvement: current loss 1962.528077, best loss 1962.528099
2025-07-21 05:50:54,563 [INFO] [281/300] loss 1962.53 | compact 14.629 | spectral 17.5586 | recons_loss: 0.110693 | sparse_loss: 1.02898 | 
2025-07-21 05:50:54,563 [INFO] [Iter 281] LR: 0.00000001
2025-07-21 05:50:54,564 [INFO] No improvement: current loss 1962.528077, best loss 1962.528099
2025-07-21 05:50:55,162 [INFO] [282/300] loss 1962.53 | compact 14.629 | spectral 17.5586 | recons_loss: 0.110693 | sparse_loss: 1.02898 | 
2025-07-21 05:50:55,162 [INFO] [Iter 282] LR: 0.00000001
2025-07-21 05:50:55,163 [INFO] No improvement: current loss 1962.528077, best loss 1962.528099
2025-07-21 05:50:55,761 [INFO] [283/300] loss 1962.53 | compact 14.629 | spectral 17.5586 | recons_loss: 0.110693 | sparse_loss: 1.02898 | 
2025-07-21 05:50:55,761 [INFO] [Iter 283] LR: 0.00000001
2025-07-21 05:50:55,762 [INFO] No improvement: current loss 1962.528077, best loss 1962.528099
2025-07-21 05:50:56,360 [INFO] [284/300] loss 1962.53 | compact 14.629 | spectral 17.5586 | recons_loss: 0.110693 | sparse_loss: 1.02898 | 
2025-07-21 05:50:56,360 [INFO] [Iter 284] LR: 0.00000001
2025-07-21 05:50:56,362 [INFO] No improvement: current loss 1962.528077, best loss 1962.528099
2025-07-21 05:50:56,960 [INFO] [285/300] loss 1962.53 | compact 14.629 | spectral 17.5586 | recons_loss: 0.110693 | sparse_loss: 1.02898 | 
2025-07-21 05:50:56,961 [INFO] [Iter 285] LR: 0.00000001
2025-07-21 05:50:56,962 [INFO] No improvement: current loss 1962.528077, best loss 1962.528099
2025-07-21 05:50:57,560 [INFO] [286/300] loss 1962.53 | compact 14.629 | spectral 17.5586 | recons_loss: 0.110693 | sparse_loss: 1.02898 | 
2025-07-21 05:50:57,560 [INFO] [Iter 286] LR: 0.00000001
2025-07-21 05:50:57,562 [INFO] No improvement: current loss 1962.528077, best loss 1962.528099
2025-07-21 05:50:58,167 [INFO] [287/300] loss 1962.53 | compact 14.629 | spectral 17.5586 | recons_loss: 0.110693 | sparse_loss: 1.02898 | 
2025-07-21 05:50:58,167 [INFO] [Iter 287] LR: 0.00000001
2025-07-21 05:50:58,168 [INFO] No improvement: current loss 1962.528077, best loss 1962.528099
2025-07-21 05:50:58,765 [INFO] [288/300] loss 1962.53 | compact 14.629 | spectral 17.5586 | recons_loss: 0.110693 | sparse_loss: 1.02898 | 
2025-07-21 05:50:58,765 [INFO] [Iter 288] LR: 0.00000001
2025-07-21 05:50:58,766 [INFO] No improvement: current loss 1962.528077, best loss 1962.528099
2025-07-21 05:50:59,380 [INFO] [289/300] loss 1962.53 | compact 14.629 | spectral 17.5586 | recons_loss: 0.110693 | sparse_loss: 1.02898 | 
2025-07-21 05:50:59,381 [INFO] [Iter 289] LR: 0.00000001
2025-07-21 05:50:59,382 [INFO] No improvement: current loss 1962.528077, best loss 1962.528099
2025-07-21 05:50:59,986 [INFO] [290/300] loss 1962.53 | compact 14.629 | spectral 17.5586 | recons_loss: 0.110693 | sparse_loss: 1.02898 | 
2025-07-21 05:50:59,987 [INFO] [Iter 290] LR: 0.00000001
2025-07-21 05:50:59,988 [INFO] No improvement: current loss 1962.528076, best loss 1962.528099
2025-07-21 05:51:00,603 [INFO] [291/300] loss 1962.53 | compact 14.629 | spectral 17.5586 | recons_loss: 0.110693 | sparse_loss: 1.02898 | 
2025-07-21 05:51:00,603 [INFO] [Iter 291] LR: 0.00000001
2025-07-21 05:51:00,604 [INFO] No improvement: current loss 1962.528076, best loss 1962.528099
2025-07-21 05:51:01,202 [INFO] [292/300] loss 1962.53 | compact 14.629 | spectral 17.5586 | recons_loss: 0.110693 | sparse_loss: 1.02898 | 
2025-07-21 05:51:01,202 [INFO] [Iter 292] LR: 0.00000001
2025-07-21 05:51:01,203 [INFO] No improvement: current loss 1962.528076, best loss 1962.528099
2025-07-21 05:51:01,800 [INFO] [293/300] loss 1962.53 | compact 14.629 | spectral 17.5586 | recons_loss: 0.110693 | sparse_loss: 1.02898 | 
2025-07-21 05:51:01,801 [INFO] [Iter 293] LR: 0.00000001
2025-07-21 05:51:01,802 [INFO] No improvement: current loss 1962.528076, best loss 1962.528099
2025-07-21 05:51:02,398 [INFO] [294/300] loss 1962.53 | compact 14.629 | spectral 17.5586 | recons_loss: 0.110693 | sparse_loss: 1.02898 | 
2025-07-21 05:51:02,398 [INFO] [Iter 294] LR: 0.00000001
2025-07-21 05:51:02,399 [INFO] No improvement: current loss 1962.528076, best loss 1962.528099
2025-07-21 05:51:02,997 [INFO] [295/300] loss 1962.53 | compact 14.629 | spectral 17.5586 | recons_loss: 0.110693 | sparse_loss: 1.02898 | 
2025-07-21 05:51:02,998 [INFO] [Iter 295] LR: 0.00000001
2025-07-21 05:51:02,999 [INFO] No improvement: current loss 1962.528076, best loss 1962.528099
2025-07-21 05:51:03,597 [INFO] [296/300] loss 1962.53 | compact 14.629 | spectral 17.5586 | recons_loss: 0.110693 | sparse_loss: 1.02898 | 
2025-07-21 05:51:03,598 [INFO] [Iter 296] LR: 0.00000001
2025-07-21 05:51:03,599 [INFO] No improvement: current loss 1962.528076, best loss 1962.528099
2025-07-21 05:51:04,196 [INFO] [297/300] loss 1962.53 | compact 14.629 | spectral 17.5586 | recons_loss: 0.110693 | sparse_loss: 1.02898 | 
2025-07-21 05:51:04,196 [INFO] [Iter 297] LR: 0.00000001
2025-07-21 05:51:04,197 [INFO] No improvement: current loss 1962.528076, best loss 1962.528099
2025-07-21 05:51:04,795 [INFO] [298/300] loss 1962.53 | compact 14.629 | spectral 17.5586 | recons_loss: 0.110693 | sparse_loss: 1.02898 | 
2025-07-21 05:51:04,795 [INFO] [Iter 298] LR: 0.00000001
2025-07-21 05:51:04,796 [INFO] No improvement: current loss 1962.528076, best loss 1962.528099
2025-07-21 05:51:04,979 [INFO] H: 600, W: 166
2025-07-21 05:51:05,099 [INFO] [0 1 2 3 4 5]
2025-07-21 05:51:05,192 [INFO] y_target: [1 2 3 4 5 6]
2025-07-21 05:51:05,193 [INFO] y_predict: [0 1 2 3 4 5]
2025-07-21 05:51:05,281 [INFO] Epoch = 299 OA = 0.9055 Kappa = 0.8738 NMI = 0.8331
2025-07-21 05:51:05,757 [INFO] [299/300] loss 1962.53 | compact 14.629 | spectral 17.5586 | recons_loss: 0.110693 | sparse_loss: 1.02898 | 
2025-07-21 05:51:05,757 [INFO] [Iter 299] LR: 0.00000001
2025-07-21 05:51:05,758 [INFO] No improvement: current loss 1962.528076, best loss 1962.528099
2025-07-21 05:51:05,758 [INFO] Training finished. Best model loaded.
