2025-07-21 05:22:18,730 [INFO] ========== Training Configuration ==========
2025-07-21 05:22:18,730 [INFO] out_dir: ./log
2025-07-21 05:22:18,730 [INFO] lr: 0.1
2025-07-21 05:22:18,730 [INFO] train_iter: 300
2025-07-21 05:22:18,730 [INFO] niter: 5
2025-07-21 05:22:18,730 [INFO] nspix: 300
2025-07-21 05:22:18,730 [INFO] weight: weight
2025-07-21 05:22:18,730 [INFO] weight_representation: 240.0
2025-07-21 05:22:18,730 [INFO] weight_noise: 50.0
2025-07-21 05:22:18,730 [INFO] dataset: trento
2025-07-21 05:22:18,730 [INFO] device: cuda:0
2025-07-21 05:22:18,730 [INFO] log: trento11
2025-07-21 05:22:18,730 [INFO] ============================================
2025-07-21 05:22:21,757 [INFO] H: 600, W: 166
2025-07-21 05:22:21,845 [INFO] [0 1 2 3 4 5]
2025-07-21 05:22:22,040 [INFO] y_target: [1 2 3 4 5 6]
2025-07-21 05:22:22,041 [INFO] y_predict: [0 1 2 3 4 5]
2025-07-21 05:22:22,130 [INFO] Epoch = 0 OA = 0.8509 Kappa = 0.8011 NMI = 0.7884
2025-07-21 05:22:22,651 [INFO] [0/300] loss 1785.48 | compact 13.9608 | spectral 17.8474 | recons_loss: 0.260069 | sparse_loss: 1.04467 | 
2025-07-21 05:22:22,651 [INFO] [Iter 0] LR: 0.10000000
2025-07-21 05:22:22,653 [INFO] Saving best model at iteration 0
2025-07-21 05:22:23,250 [INFO] [1/300] loss 1784.51 | compact 13.9658 | spectral 17.8351 | recons_loss: 0.258684 | sparse_loss: 1.04471 | 
2025-07-21 05:22:23,250 [INFO] [Iter 1] LR: 0.10000000
2025-07-21 05:22:23,251 [INFO] Saving best model at iteration 1
2025-07-21 05:22:23,848 [INFO] [2/300] loss 1783.06 | compact 13.9707 | spectral 17.819 | recons_loss: 0.256819 | sparse_loss: 1.04466 | 
2025-07-21 05:22:23,848 [INFO] [Iter 2] LR: 0.10000000
2025-07-21 05:22:23,850 [INFO] Saving best model at iteration 2
2025-07-21 05:22:24,448 [INFO] [3/300] loss 1781.09 | compact 13.9762 | spectral 17.7984 | recons_loss: 0.254231 | sparse_loss: 1.04447 | 
2025-07-21 05:22:24,448 [INFO] [Iter 3] LR: 0.10000000
2025-07-21 05:22:24,449 [INFO] Saving best model at iteration 3
2025-07-21 05:22:25,045 [INFO] [4/300] loss 1778.74 | compact 13.9841 | spectral 17.7745 | recons_loss: 0.251077 | sparse_loss: 1.04411 | 
2025-07-21 05:22:25,046 [INFO] [Iter 4] LR: 0.10000000
2025-07-21 05:22:25,047 [INFO] Saving best model at iteration 4
2025-07-21 05:22:25,645 [INFO] [5/300] loss 1776.15 | compact 13.9918 | spectral 17.7458 | recons_loss: 0.24753 | sparse_loss: 1.04363 | 
2025-07-21 05:22:25,645 [INFO] [Iter 5] LR: 0.10000000
2025-07-21 05:22:25,647 [INFO] Saving best model at iteration 5
2025-07-21 05:22:26,246 [INFO] [6/300] loss 1773.36 | compact 14.0001 | spectral 17.7139 | recons_loss: 0.24369 | sparse_loss: 1.04308 | 
2025-07-21 05:22:26,246 [INFO] [Iter 6] LR: 0.10000000
2025-07-21 05:22:26,247 [INFO] Saving best model at iteration 6
2025-07-21 05:22:26,848 [INFO] [7/300] loss 1770.48 | compact 14.0127 | spectral 17.6792 | recons_loss: 0.239623 | sparse_loss: 1.04252 | 
2025-07-21 05:22:26,848 [INFO] [Iter 7] LR: 0.10000000
2025-07-21 05:22:26,849 [INFO] Saving best model at iteration 7
2025-07-21 05:22:27,463 [INFO] [8/300] loss 1767.53 | compact 14.0255 | spectral 17.6398 | recons_loss: 0.235382 | sparse_loss: 1.04198 | 
2025-07-21 05:22:27,463 [INFO] [Iter 8] LR: 0.10000000
2025-07-21 05:22:27,464 [INFO] Saving best model at iteration 8
2025-07-21 05:22:28,062 [INFO] [9/300] loss 1764.62 | compact 14.0411 | spectral 17.6087 | recons_loss: 0.231103 | sparse_loss: 1.04148 | 
2025-07-21 05:22:28,062 [INFO] [Iter 9] LR: 0.10000000
2025-07-21 05:22:28,063 [INFO] Saving best model at iteration 9
2025-07-21 05:22:28,660 [INFO] [10/300] loss 1761.68 | compact 14.0552 | spectral 17.581 | recons_loss: 0.226615 | sparse_loss: 1.04099 | 
2025-07-21 05:22:28,661 [INFO] [Iter 10] LR: 0.10000000
2025-07-21 05:22:28,662 [INFO] Saving best model at iteration 10
2025-07-21 05:22:29,259 [INFO] [11/300] loss 1758.79 | compact 14.0667 | spectral 17.5527 | recons_loss: 0.222142 | sparse_loss: 1.04048 | 
2025-07-21 05:22:29,259 [INFO] [Iter 11] LR: 0.10000000
2025-07-21 05:22:29,261 [INFO] Saving best model at iteration 11
2025-07-21 05:22:29,858 [INFO] [12/300] loss 1756 | compact 14.0779 | spectral 17.5276 | recons_loss: 0.21772 | sparse_loss: 1.03995 | 
2025-07-21 05:22:29,858 [INFO] [Iter 12] LR: 0.10000000
2025-07-21 05:22:29,860 [INFO] Saving best model at iteration 12
2025-07-21 05:22:30,458 [INFO] [13/300] loss 1753.3 | compact 14.0903 | spectral 17.4936 | recons_loss: 0.213374 | sparse_loss: 1.03942 | 
2025-07-21 05:22:30,458 [INFO] [Iter 13] LR: 0.10000000
2025-07-21 05:22:30,459 [INFO] Saving best model at iteration 13
2025-07-21 05:22:31,056 [INFO] [14/300] loss 1750.72 | compact 14.1025 | spectral 17.4642 | recons_loss: 0.209115 | sparse_loss: 1.03891 | 
2025-07-21 05:22:31,057 [INFO] [Iter 14] LR: 0.10000000
2025-07-21 05:22:31,058 [INFO] Saving best model at iteration 14
2025-07-21 05:22:31,655 [INFO] [15/300] loss 1748.26 | compact 14.1153 | spectral 17.4349 | recons_loss: 0.205006 | sparse_loss: 1.03841 | 
2025-07-21 05:22:31,655 [INFO] [Iter 15] LR: 0.10000000
2025-07-21 05:22:31,656 [INFO] Saving best model at iteration 15
2025-07-21 05:22:32,253 [INFO] [16/300] loss 1745.9 | compact 14.1284 | spectral 17.4061 | recons_loss: 0.201022 | sparse_loss: 1.03796 | 
2025-07-21 05:22:32,254 [INFO] [Iter 16] LR: 0.10000000
2025-07-21 05:22:32,255 [INFO] Saving best model at iteration 16
2025-07-21 05:22:32,852 [INFO] [17/300] loss 1743.64 | compact 14.141 | spectral 17.3773 | recons_loss: 0.197143 | sparse_loss: 1.03757 | 
2025-07-21 05:22:32,853 [INFO] [Iter 17] LR: 0.10000000
2025-07-21 05:22:32,854 [INFO] Saving best model at iteration 17
2025-07-21 05:22:33,468 [INFO] [18/300] loss 1741.47 | compact 14.1542 | spectral 17.3509 | recons_loss: 0.193385 | sparse_loss: 1.03723 | 
2025-07-21 05:22:33,469 [INFO] [Iter 18] LR: 0.10000000
2025-07-21 05:22:33,471 [INFO] Saving best model at iteration 18
2025-07-21 05:22:34,083 [INFO] [19/300] loss 1739.41 | compact 14.1655 | spectral 17.328 | recons_loss: 0.189777 | sparse_loss: 1.03692 | 
2025-07-21 05:22:34,084 [INFO] [Iter 19] LR: 0.10000000
2025-07-21 05:22:34,085 [INFO] Saving best model at iteration 19
2025-07-21 05:22:34,682 [INFO] [20/300] loss 1737.45 | compact 14.1757 | spectral 17.3088 | recons_loss: 0.18631 | sparse_loss: 1.03662 | 
2025-07-21 05:22:34,683 [INFO] [Iter 20] LR: 0.10000000
2025-07-21 05:22:34,685 [INFO] Saving best model at iteration 20
2025-07-21 05:22:35,285 [INFO] [21/300] loss 1735.59 | compact 14.1865 | spectral 17.2886 | recons_loss: 0.183008 | sparse_loss: 1.03633 | 
2025-07-21 05:22:35,285 [INFO] [Iter 21] LR: 0.10000000
2025-07-21 05:22:35,287 [INFO] Saving best model at iteration 21
2025-07-21 05:22:35,891 [INFO] [22/300] loss 1733.86 | compact 14.1972 | spectral 17.2815 | recons_loss: 0.179888 | sparse_loss: 1.03604 | 
2025-07-21 05:22:35,891 [INFO] [Iter 22] LR: 0.10000000
2025-07-21 05:22:35,893 [INFO] Saving best model at iteration 22
2025-07-21 05:22:36,496 [INFO] [23/300] loss 1732.21 | compact 14.2103 | spectral 17.2701 | recons_loss: 0.176891 | sparse_loss: 1.03577 | 
2025-07-21 05:22:36,496 [INFO] [Iter 23] LR: 0.10000000
2025-07-21 05:22:36,497 [INFO] Saving best model at iteration 23
2025-07-21 05:22:37,094 [INFO] [24/300] loss 1730.64 | compact 14.2235 | spectral 17.259 | recons_loss: 0.17404 | sparse_loss: 1.03552 | 
2025-07-21 05:22:37,094 [INFO] [Iter 24] LR: 0.10000000
2025-07-21 05:22:37,095 [INFO] Saving best model at iteration 24
2025-07-21 05:22:37,693 [INFO] [25/300] loss 1729.15 | compact 14.2372 | spectral 17.2473 | recons_loss: 0.171321 | sparse_loss: 1.0353 | 
2025-07-21 05:22:37,694 [INFO] [Iter 25] LR: 0.10000000
2025-07-21 05:22:37,696 [INFO] Saving best model at iteration 25
2025-07-21 05:22:38,293 [INFO] [26/300] loss 1727.74 | compact 14.2511 | spectral 17.2346 | recons_loss: 0.168736 | sparse_loss: 1.03511 | 
2025-07-21 05:22:38,293 [INFO] [Iter 26] LR: 0.10000000
2025-07-21 05:22:38,295 [INFO] Saving best model at iteration 26
2025-07-21 05:22:38,893 [INFO] [27/300] loss 1726.39 | compact 14.2642 | spectral 17.2214 | recons_loss: 0.166296 | sparse_loss: 1.03493 | 
2025-07-21 05:22:38,894 [INFO] [Iter 27] LR: 0.10000000
2025-07-21 05:22:38,895 [INFO] Saving best model at iteration 27
2025-07-21 05:22:39,492 [INFO] [28/300] loss 1725.1 | compact 14.2768 | spectral 17.2083 | recons_loss: 0.16399 | sparse_loss: 1.03476 | 
2025-07-21 05:22:39,492 [INFO] [Iter 28] LR: 0.10000000
2025-07-21 05:22:39,493 [INFO] Saving best model at iteration 28
2025-07-21 05:22:40,090 [INFO] [29/300] loss 1723.88 | compact 14.2898 | spectral 17.198 | recons_loss: 0.161805 | sparse_loss: 1.03457 | 
2025-07-21 05:22:40,091 [INFO] [Iter 29] LR: 0.10000000
2025-07-21 05:22:40,092 [INFO] Saving best model at iteration 29
2025-07-21 05:22:40,691 [INFO] [30/300] loss 1722.72 | compact 14.3034 | spectral 17.1891 | recons_loss: 0.159759 | sparse_loss: 1.03438 | 
2025-07-21 05:22:40,691 [INFO] [Iter 30] LR: 0.10000000
2025-07-21 05:22:40,692 [INFO] Saving best model at iteration 30
2025-07-21 05:22:41,301 [INFO] [31/300] loss 1721.6 | compact 14.3143 | spectral 17.1791 | recons_loss: 0.157832 | sparse_loss: 1.0342 | 
2025-07-21 05:22:41,301 [INFO] [Iter 31] LR: 0.10000000
2025-07-21 05:22:41,302 [INFO] Saving best model at iteration 31
2025-07-21 05:22:41,899 [INFO] [32/300] loss 1720.54 | compact 14.3235 | spectral 17.1723 | recons_loss: 0.156006 | sparse_loss: 1.03404 | 
2025-07-21 05:22:41,899 [INFO] [Iter 32] LR: 0.10000000
2025-07-21 05:22:41,901 [INFO] Saving best model at iteration 32
2025-07-21 05:22:42,498 [INFO] [33/300] loss 1719.52 | compact 14.3317 | spectral 17.1674 | recons_loss: 0.154287 | sparse_loss: 1.0339 | 
2025-07-21 05:22:42,498 [INFO] [Iter 33] LR: 0.10000000
2025-07-21 05:22:42,501 [INFO] Saving best model at iteration 33
2025-07-21 05:22:43,098 [INFO] [34/300] loss 1718.55 | compact 14.3405 | spectral 17.1628 | recons_loss: 0.152666 | sparse_loss: 1.03377 | 
2025-07-21 05:22:43,098 [INFO] [Iter 34] LR: 0.10000000
2025-07-21 05:22:43,099 [INFO] Saving best model at iteration 34
2025-07-21 05:22:43,696 [INFO] [35/300] loss 1717.63 | compact 14.3498 | spectral 17.1571 | recons_loss: 0.151144 | sparse_loss: 1.03364 | 
2025-07-21 05:22:43,697 [INFO] [Iter 35] LR: 0.10000000
2025-07-21 05:22:43,698 [INFO] Saving best model at iteration 35
2025-07-21 05:22:44,296 [INFO] [36/300] loss 1716.74 | compact 14.3568 | spectral 17.1479 | recons_loss: 0.149714 | sparse_loss: 1.0335 | 
2025-07-21 05:22:44,296 [INFO] [Iter 36] LR: 0.10000000
2025-07-21 05:22:44,297 [INFO] Saving best model at iteration 36
2025-07-21 05:22:44,894 [INFO] [37/300] loss 1715.89 | compact 14.3647 | spectral 17.1389 | recons_loss: 0.148367 | sparse_loss: 1.03335 | 
2025-07-21 05:22:44,894 [INFO] [Iter 37] LR: 0.10000000
2025-07-21 05:22:44,895 [INFO] Saving best model at iteration 37
2025-07-21 05:22:45,492 [INFO] [38/300] loss 1715.08 | compact 14.3716 | spectral 17.1325 | recons_loss: 0.147122 | sparse_loss: 1.0332 | 
2025-07-21 05:22:45,492 [INFO] [Iter 38] LR: 0.10000000
2025-07-21 05:22:45,493 [INFO] Saving best model at iteration 38
2025-07-21 05:22:46,090 [INFO] [39/300] loss 1714.31 | compact 14.3795 | spectral 17.1234 | recons_loss: 0.145939 | sparse_loss: 1.03307 | 
2025-07-21 05:22:46,090 [INFO] [Iter 39] LR: 0.10000000
2025-07-21 05:22:46,091 [INFO] Saving best model at iteration 39
2025-07-21 05:22:46,695 [INFO] [40/300] loss 1713.56 | compact 14.3868 | spectral 17.1155 | recons_loss: 0.144809 | sparse_loss: 1.03296 | 
2025-07-21 05:22:46,695 [INFO] [Iter 40] LR: 0.10000000
2025-07-21 05:22:46,696 [INFO] Saving best model at iteration 40
2025-07-21 05:22:47,293 [INFO] [41/300] loss 1712.85 | compact 14.3937 | spectral 17.1109 | recons_loss: 0.143727 | sparse_loss: 1.03286 | 
2025-07-21 05:22:47,294 [INFO] [Iter 41] LR: 0.10000000
2025-07-21 05:22:47,295 [INFO] Saving best model at iteration 41
2025-07-21 05:22:47,892 [INFO] [42/300] loss 1712.18 | compact 14.399 | spectral 17.1086 | recons_loss: 0.142718 | sparse_loss: 1.03276 | 
2025-07-21 05:22:47,892 [INFO] [Iter 42] LR: 0.10000000
2025-07-21 05:22:47,893 [INFO] Saving best model at iteration 42
2025-07-21 05:22:48,489 [INFO] [43/300] loss 1711.54 | compact 14.4043 | spectral 17.107 | recons_loss: 0.141779 | sparse_loss: 1.03266 | 
2025-07-21 05:22:48,490 [INFO] [Iter 43] LR: 0.10000000
2025-07-21 05:22:48,491 [INFO] Saving best model at iteration 43
2025-07-21 05:22:49,088 [INFO] [44/300] loss 1710.92 | compact 14.4082 | spectral 17.1067 | recons_loss: 0.140882 | sparse_loss: 1.03255 | 
2025-07-21 05:22:49,089 [INFO] [Iter 44] LR: 0.10000000
2025-07-21 05:22:49,090 [INFO] Saving best model at iteration 44
2025-07-21 05:22:49,708 [INFO] [45/300] loss 1710.34 | compact 14.4113 | spectral 17.1074 | recons_loss: 0.140057 | sparse_loss: 1.03245 | 
2025-07-21 05:22:49,708 [INFO] [Iter 45] LR: 0.10000000
2025-07-21 05:22:49,709 [INFO] Saving best model at iteration 45
2025-07-21 05:22:50,315 [INFO] [46/300] loss 1709.77 | compact 14.4128 | spectral 17.1092 | recons_loss: 0.139257 | sparse_loss: 1.03236 | 
2025-07-21 05:22:50,316 [INFO] [Iter 46] LR: 0.10000000
2025-07-21 05:22:50,317 [INFO] Saving best model at iteration 46
2025-07-21 05:22:50,916 [INFO] [47/300] loss 1709.22 | compact 14.4144 | spectral 17.1104 | recons_loss: 0.138487 | sparse_loss: 1.03228 | 
2025-07-21 05:22:50,916 [INFO] [Iter 47] LR: 0.10000000
2025-07-21 05:22:50,918 [INFO] Saving best model at iteration 47
2025-07-21 05:22:51,517 [INFO] [48/300] loss 1708.71 | compact 14.4171 | spectral 17.1103 | recons_loss: 0.137737 | sparse_loss: 1.03222 | 
2025-07-21 05:22:51,518 [INFO] [Iter 48] LR: 0.10000000
2025-07-21 05:22:51,520 [INFO] Saving best model at iteration 48
2025-07-21 05:22:52,119 [INFO] [49/300] loss 1708.21 | compact 14.4196 | spectral 17.1101 | recons_loss: 0.137031 | sparse_loss: 1.03215 | 
2025-07-21 05:22:52,119 [INFO] [Iter 49] LR: 0.10000000
2025-07-21 05:22:52,122 [INFO] Saving best model at iteration 49
2025-07-21 05:22:52,322 [INFO] H: 600, W: 166
2025-07-21 05:22:52,424 [INFO] [0 1 2 3 4 5]
2025-07-21 05:22:52,525 [INFO] y_target: [1 2 3 4 5 6]
2025-07-21 05:22:52,526 [INFO] y_predict: [0 1 2 3 4 5]
2025-07-21 05:22:52,614 [INFO] Epoch = 50 OA = 0.9069 Kappa = 0.8752 NMI = 0.8220
2025-07-21 05:22:53,091 [INFO] [50/300] loss 1707.74 | compact 14.4229 | spectral 17.1119 | recons_loss: 0.136376 | sparse_loss: 1.03208 | 
2025-07-21 05:22:53,091 [INFO] [Iter 50] LR: 0.10000000
2025-07-21 05:22:53,093 [INFO] Saving best model at iteration 50
2025-07-21 05:22:53,693 [INFO] [51/300] loss 1707.29 | compact 14.4265 | spectral 17.1178 | recons_loss: 0.135781 | sparse_loss: 1.032 | 
2025-07-21 05:22:53,693 [INFO] [Iter 51] LR: 0.10000000
2025-07-21 05:22:53,695 [INFO] Saving best model at iteration 51
2025-07-21 05:22:54,295 [INFO] [52/300] loss 1706.86 | compact 14.4296 | spectral 17.1224 | recons_loss: 0.135218 | sparse_loss: 1.03194 | 
2025-07-21 05:22:54,296 [INFO] [Iter 52] LR: 0.10000000
2025-07-21 05:22:54,297 [INFO] Saving best model at iteration 52
2025-07-21 05:22:54,899 [INFO] [53/300] loss 1706.46 | compact 14.432 | spectral 17.1264 | recons_loss: 0.134693 | sparse_loss: 1.03187 | 
2025-07-21 05:22:54,899 [INFO] [Iter 53] LR: 0.10000000
2025-07-21 05:22:54,901 [INFO] Saving best model at iteration 53
2025-07-21 05:22:55,501 [INFO] [54/300] loss 1706.07 | compact 14.4356 | spectral 17.1265 | recons_loss: 0.134171 | sparse_loss: 1.03182 | 
2025-07-21 05:22:55,502 [INFO] [Iter 54] LR: 0.10000000
2025-07-21 05:22:55,504 [INFO] Saving best model at iteration 54
2025-07-21 05:22:56,103 [INFO] [55/300] loss 1705.7 | compact 14.4385 | spectral 17.1265 | recons_loss: 0.13367 | sparse_loss: 1.03177 | 
2025-07-21 05:22:56,104 [INFO] [Iter 55] LR: 0.10000000
2025-07-21 05:22:56,105 [INFO] Saving best model at iteration 55
2025-07-21 05:22:56,702 [INFO] [56/300] loss 1705.35 | compact 14.4415 | spectral 17.1279 | recons_loss: 0.133176 | sparse_loss: 1.03171 | 
2025-07-21 05:22:56,702 [INFO] [Iter 56] LR: 0.10000000
2025-07-21 05:22:56,703 [INFO] Saving best model at iteration 56
2025-07-21 05:22:57,303 [INFO] [57/300] loss 1705.02 | compact 14.4458 | spectral 17.1334 | recons_loss: 0.132724 | sparse_loss: 1.03164 | 
2025-07-21 05:22:57,303 [INFO] [Iter 57] LR: 0.10000000
2025-07-21 05:22:57,304 [INFO] Saving best model at iteration 57
2025-07-21 05:22:57,904 [INFO] [58/300] loss 1704.69 | compact 14.4499 | spectral 17.1364 | recons_loss: 0.132251 | sparse_loss: 1.03158 | 
2025-07-21 05:22:57,905 [INFO] [Iter 58] LR: 0.10000000
2025-07-21 05:22:57,905 [INFO] Saving best model at iteration 58
2025-07-21 05:22:58,503 [INFO] [59/300] loss 1704.36 | compact 14.4532 | spectral 17.1382 | recons_loss: 0.131788 | sparse_loss: 1.03152 | 
2025-07-21 05:22:58,503 [INFO] [Iter 59] LR: 0.10000000
2025-07-21 05:22:58,504 [INFO] Saving best model at iteration 59
2025-07-21 05:22:59,118 [INFO] [60/300] loss 1704.03 | compact 14.4559 | spectral 17.1426 | recons_loss: 0.131344 | sparse_loss: 1.03147 | 
2025-07-21 05:22:59,118 [INFO] [Iter 60] LR: 0.10000000
2025-07-21 05:22:59,119 [INFO] Saving best model at iteration 60
2025-07-21 05:22:59,736 [INFO] [61/300] loss 1703.73 | compact 14.458 | spectral 17.1463 | recons_loss: 0.13094 | sparse_loss: 1.03142 | 
2025-07-21 05:22:59,736 [INFO] [Iter 61] LR: 0.10000000
2025-07-21 05:22:59,737 [INFO] Saving best model at iteration 61
2025-07-21 05:23:00,335 [INFO] [62/300] loss 1703.44 | compact 14.4597 | spectral 17.1505 | recons_loss: 0.130557 | sparse_loss: 1.03135 | 
2025-07-21 05:23:00,335 [INFO] [Iter 62] LR: 0.10000000
2025-07-21 05:23:00,336 [INFO] Saving best model at iteration 62
2025-07-21 05:23:00,938 [INFO] [63/300] loss 1703.16 | compact 14.4613 | spectral 17.1515 | recons_loss: 0.130198 | sparse_loss: 1.03129 | 
2025-07-21 05:23:00,938 [INFO] [Iter 63] LR: 0.10000000
2025-07-21 05:23:00,939 [INFO] Saving best model at iteration 63
2025-07-21 05:23:01,553 [INFO] [64/300] loss 1702.88 | compact 14.4623 | spectral 17.1531 | recons_loss: 0.129852 | sparse_loss: 1.03124 | 
2025-07-21 05:23:01,554 [INFO] [Iter 64] LR: 0.10000000
2025-07-21 05:23:01,556 [INFO] Saving best model at iteration 64
2025-07-21 05:23:02,176 [INFO] [65/300] loss 1702.61 | compact 14.4641 | spectral 17.1547 | recons_loss: 0.129518 | sparse_loss: 1.03119 | 
2025-07-21 05:23:02,176 [INFO] [Iter 65] LR: 0.10000000
2025-07-21 05:23:02,177 [INFO] Saving best model at iteration 65
2025-07-21 05:23:02,776 [INFO] [66/300] loss 1702.36 | compact 14.4665 | spectral 17.1572 | recons_loss: 0.129196 | sparse_loss: 1.03115 | 
2025-07-21 05:23:02,776 [INFO] [Iter 66] LR: 0.10000000
2025-07-21 05:23:02,779 [INFO] Saving best model at iteration 66
2025-07-21 05:23:03,379 [INFO] [67/300] loss 1702.14 | compact 14.469 | spectral 17.1691 | recons_loss: 0.128951 | sparse_loss: 1.0311 | 
2025-07-21 05:23:03,380 [INFO] [Iter 67] LR: 0.10000000
2025-07-21 05:23:03,382 [INFO] Saving best model at iteration 67
2025-07-21 05:23:03,992 [INFO] [68/300] loss 1701.92 | compact 14.4713 | spectral 17.1702 | recons_loss: 0.128633 | sparse_loss: 1.03108 | 
2025-07-21 05:23:03,992 [INFO] [Iter 68] LR: 0.10000000
2025-07-21 05:23:03,994 [INFO] Saving best model at iteration 68
2025-07-21 05:23:04,604 [INFO] [69/300] loss 1701.7 | compact 14.4735 | spectral 17.1732 | recons_loss: 0.12833 | sparse_loss: 1.03105 | 
2025-07-21 05:23:04,604 [INFO] [Iter 69] LR: 0.10000000
2025-07-21 05:23:04,606 [INFO] Saving best model at iteration 69
2025-07-21 05:23:05,222 [INFO] [70/300] loss 1701.48 | compact 14.4753 | spectral 17.1755 | recons_loss: 0.128044 | sparse_loss: 1.031 | 
2025-07-21 05:23:05,222 [INFO] [Iter 70] LR: 0.10000000
2025-07-21 05:23:05,224 [INFO] Saving best model at iteration 70
2025-07-21 05:23:05,822 [INFO] [71/300] loss 1701.27 | compact 14.4781 | spectral 17.1753 | recons_loss: 0.127777 | sparse_loss: 1.03095 | 
2025-07-21 05:23:05,822 [INFO] [Iter 71] LR: 0.10000000
2025-07-21 05:23:05,823 [INFO] Saving best model at iteration 71
2025-07-21 05:23:06,421 [INFO] [72/300] loss 1701.06 | compact 14.4814 | spectral 17.1754 | recons_loss: 0.127521 | sparse_loss: 1.03091 | 
2025-07-21 05:23:06,421 [INFO] [Iter 72] LR: 0.10000000
2025-07-21 05:23:06,423 [INFO] Saving best model at iteration 72
2025-07-21 05:23:07,027 [INFO] [73/300] loss 1700.87 | compact 14.4867 | spectral 17.1771 | recons_loss: 0.127267 | sparse_loss: 1.03088 | 
2025-07-21 05:23:07,027 [INFO] [Iter 73] LR: 0.10000000
2025-07-21 05:23:07,030 [INFO] Saving best model at iteration 73
2025-07-21 05:23:07,631 [INFO] [74/300] loss 1700.72 | compact 14.4917 | spectral 17.1779 | recons_loss: 0.127055 | sparse_loss: 1.03087 | 
2025-07-21 05:23:07,632 [INFO] [Iter 74] LR: 0.10000000
2025-07-21 05:23:07,633 [INFO] Saving best model at iteration 74
2025-07-21 05:23:08,230 [INFO] [75/300] loss 1700.57 | compact 14.4958 | spectral 17.1802 | recons_loss: 0.126845 | sparse_loss: 1.03085 | 
2025-07-21 05:23:08,230 [INFO] [Iter 75] LR: 0.05000000
2025-07-21 05:23:08,232 [INFO] Saving best model at iteration 75
2025-07-21 05:23:08,830 [INFO] [76/300] loss 1700.42 | compact 14.5019 | spectral 17.1823 | recons_loss: 0.126639 | sparse_loss: 1.03082 | 
2025-07-21 05:23:08,831 [INFO] [Iter 76] LR: 0.05000000
2025-07-21 05:23:08,832 [INFO] Saving best model at iteration 76
2025-07-21 05:23:09,439 [INFO] [77/300] loss 1700.26 | compact 14.5088 | spectral 17.1816 | recons_loss: 0.12644 | sparse_loss: 1.03078 | 
2025-07-21 05:23:09,440 [INFO] [Iter 77] LR: 0.05000000
2025-07-21 05:23:09,440 [INFO] Saving best model at iteration 77
2025-07-21 05:23:10,038 [INFO] [78/300] loss 1700.11 | compact 14.5144 | spectral 17.1824 | recons_loss: 0.126247 | sparse_loss: 1.03075 | 
2025-07-21 05:23:10,038 [INFO] [Iter 78] LR: 0.05000000
2025-07-21 05:23:10,039 [INFO] Saving best model at iteration 78
2025-07-21 05:23:10,637 [INFO] [79/300] loss 1699.97 | compact 14.5195 | spectral 17.1848 | recons_loss: 0.126073 | sparse_loss: 1.03071 | 
2025-07-21 05:23:10,638 [INFO] [Iter 79] LR: 0.05000000
2025-07-21 05:23:10,640 [INFO] Saving best model at iteration 79
2025-07-21 05:23:11,237 [INFO] [80/300] loss 1699.84 | compact 14.5244 | spectral 17.1883 | recons_loss: 0.125905 | sparse_loss: 1.03069 | 
2025-07-21 05:23:11,238 [INFO] [Iter 80] LR: 0.05000000
2025-07-21 05:23:11,239 [INFO] Saving best model at iteration 80
2025-07-21 05:23:11,854 [INFO] [81/300] loss 1699.71 | compact 14.5278 | spectral 17.1926 | recons_loss: 0.125743 | sparse_loss: 1.03066 | 
2025-07-21 05:23:11,854 [INFO] [Iter 81] LR: 0.05000000
2025-07-21 05:23:11,856 [INFO] Saving best model at iteration 81
2025-07-21 05:23:12,455 [INFO] [82/300] loss 1699.58 | compact 14.5318 | spectral 17.1948 | recons_loss: 0.125587 | sparse_loss: 1.03063 | 
2025-07-21 05:23:12,455 [INFO] [Iter 82] LR: 0.05000000
2025-07-21 05:23:12,457 [INFO] Saving best model at iteration 82
2025-07-21 05:23:13,059 [INFO] [83/300] loss 1699.44 | compact 14.5359 | spectral 17.1956 | recons_loss: 0.125428 | sparse_loss: 1.0306 | 
2025-07-21 05:23:13,059 [INFO] [Iter 83] LR: 0.05000000
2025-07-21 05:23:13,060 [INFO] Saving best model at iteration 83
2025-07-21 05:23:13,657 [INFO] [84/300] loss 1699.29 | compact 14.5393 | spectral 17.197 | recons_loss: 0.125277 | sparse_loss: 1.03056 | 
2025-07-21 05:23:13,658 [INFO] [Iter 84] LR: 0.05000000
2025-07-21 05:23:13,659 [INFO] Saving best model at iteration 84
2025-07-21 05:23:14,256 [INFO] [85/300] loss 1699.15 | compact 14.5426 | spectral 17.1981 | recons_loss: 0.125125 | sparse_loss: 1.03053 | 
2025-07-21 05:23:14,256 [INFO] [Iter 85] LR: 0.05000000
2025-07-21 05:23:14,257 [INFO] Saving best model at iteration 85
2025-07-21 05:23:14,864 [INFO] [86/300] loss 1699.01 | compact 14.546 | spectral 17.1992 | recons_loss: 0.124974 | sparse_loss: 1.03049 | 
2025-07-21 05:23:14,864 [INFO] [Iter 86] LR: 0.05000000
2025-07-21 05:23:14,866 [INFO] Saving best model at iteration 86
2025-07-21 05:23:15,464 [INFO] [87/300] loss 1698.87 | compact 14.5488 | spectral 17.2005 | recons_loss: 0.124825 | sparse_loss: 1.03046 | 
2025-07-21 05:23:15,465 [INFO] [Iter 87] LR: 0.05000000
2025-07-21 05:23:15,466 [INFO] Saving best model at iteration 87
2025-07-21 05:23:16,071 [INFO] [88/300] loss 1698.74 | compact 14.5519 | spectral 17.2015 | recons_loss: 0.12468 | sparse_loss: 1.03044 | 
2025-07-21 05:23:16,071 [INFO] [Iter 88] LR: 0.05000000
2025-07-21 05:23:16,072 [INFO] Saving best model at iteration 88
2025-07-21 05:23:16,671 [INFO] [89/300] loss 1698.61 | compact 14.5545 | spectral 17.2031 | recons_loss: 0.124549 | sparse_loss: 1.03041 | 
2025-07-21 05:23:16,671 [INFO] [Iter 89] LR: 0.05000000
2025-07-21 05:23:16,672 [INFO] Saving best model at iteration 89
2025-07-21 05:23:17,269 [INFO] [90/300] loss 1698.49 | compact 14.5567 | spectral 17.2046 | recons_loss: 0.124423 | sparse_loss: 1.03039 | 
2025-07-21 05:23:17,270 [INFO] [Iter 90] LR: 0.05000000
2025-07-21 05:23:17,271 [INFO] Saving best model at iteration 90
2025-07-21 05:23:17,869 [INFO] [91/300] loss 1698.38 | compact 14.5592 | spectral 17.2076 | recons_loss: 0.124297 | sparse_loss: 1.03036 | 
2025-07-21 05:23:17,869 [INFO] [Iter 91] LR: 0.05000000
2025-07-21 05:23:17,870 [INFO] Saving best model at iteration 91
2025-07-21 05:23:18,487 [INFO] [92/300] loss 1698.28 | compact 14.5617 | spectral 17.2109 | recons_loss: 0.124179 | sparse_loss: 1.03033 | 
2025-07-21 05:23:18,487 [INFO] [Iter 92] LR: 0.05000000
2025-07-21 05:23:18,488 [INFO] Saving best model at iteration 92
2025-07-21 05:23:19,094 [INFO] [93/300] loss 1698.18 | compact 14.5636 | spectral 17.2161 | recons_loss: 0.12407 | sparse_loss: 1.03031 | 
2025-07-21 05:23:19,095 [INFO] [Iter 93] LR: 0.02500000
2025-07-21 05:23:19,096 [INFO] Saving best model at iteration 93
2025-07-21 05:23:19,704 [INFO] [94/300] loss 1698.09 | compact 14.566 | spectral 17.2238 | recons_loss: 0.123974 | sparse_loss: 1.03028 | 
2025-07-21 05:23:19,704 [INFO] [Iter 94] LR: 0.02500000
2025-07-21 05:23:19,705 [INFO] Saving best model at iteration 94
2025-07-21 05:23:20,303 [INFO] [95/300] loss 1698 | compact 14.5685 | spectral 17.2294 | recons_loss: 0.123882 | sparse_loss: 1.03026 | 
2025-07-21 05:23:20,303 [INFO] [Iter 95] LR: 0.02500000
2025-07-21 05:23:20,305 [INFO] Saving best model at iteration 95
2025-07-21 05:23:20,915 [INFO] [96/300] loss 1697.91 | compact 14.5706 | spectral 17.233 | recons_loss: 0.123792 | sparse_loss: 1.03024 | 
2025-07-21 05:23:20,915 [INFO] [Iter 96] LR: 0.02500000
2025-07-21 05:23:20,916 [INFO] Saving best model at iteration 96
2025-07-21 05:23:21,514 [INFO] [97/300] loss 1697.82 | compact 14.5724 | spectral 17.2349 | recons_loss: 0.123705 | sparse_loss: 1.03022 | 
2025-07-21 05:23:21,514 [INFO] [Iter 97] LR: 0.02500000
2025-07-21 05:23:21,515 [INFO] Saving best model at iteration 97
2025-07-21 05:23:22,118 [INFO] [98/300] loss 1697.72 | compact 14.5743 | spectral 17.2364 | recons_loss: 0.123621 | sparse_loss: 1.0302 | 
2025-07-21 05:23:22,119 [INFO] [Iter 98] LR: 0.02500000
2025-07-21 05:23:22,121 [INFO] Saving best model at iteration 98
2025-07-21 05:23:22,723 [INFO] [99/300] loss 1697.64 | compact 14.5761 | spectral 17.2382 | recons_loss: 0.123541 | sparse_loss: 1.03018 | 
2025-07-21 05:23:22,723 [INFO] [Iter 99] LR: 0.02500000
2025-07-21 05:23:22,724 [INFO] Saving best model at iteration 99
2025-07-21 05:23:22,912 [INFO] H: 600, W: 166
2025-07-21 05:23:23,161 [INFO] [0 1 2 3 4 5]
2025-07-21 05:23:23,509 [INFO] y_target: [1 2 3 4 5 6]
2025-07-21 05:23:23,509 [INFO] y_predict: [0 1 2 3 4 5]
2025-07-21 05:23:23,595 [INFO] Epoch = 100 OA = 0.7934 Kappa = 0.7332 NMI = 0.7257
2025-07-21 05:23:24,082 [INFO] [100/300] loss 1697.55 | compact 14.5779 | spectral 17.2398 | recons_loss: 0.123468 | sparse_loss: 1.03015 | 
2025-07-21 05:23:24,082 [INFO] [Iter 100] LR: 0.02500000
2025-07-21 05:23:24,083 [INFO] Saving best model at iteration 100
2025-07-21 05:23:24,700 [INFO] [101/300] loss 1697.47 | compact 14.5798 | spectral 17.241 | recons_loss: 0.123398 | sparse_loss: 1.03013 | 
2025-07-21 05:23:24,700 [INFO] [Iter 101] LR: 0.02500000
2025-07-21 05:23:24,701 [INFO] Saving best model at iteration 101
2025-07-21 05:23:25,306 [INFO] [102/300] loss 1697.39 | compact 14.5815 | spectral 17.2418 | recons_loss: 0.123331 | sparse_loss: 1.03011 | 
2025-07-21 05:23:25,306 [INFO] [Iter 102] LR: 0.02500000
2025-07-21 05:23:25,308 [INFO] Saving best model at iteration 102
2025-07-21 05:23:25,908 [INFO] [103/300] loss 1697.31 | compact 14.5829 | spectral 17.243 | recons_loss: 0.123269 | sparse_loss: 1.03009 | 
2025-07-21 05:23:25,908 [INFO] [Iter 103] LR: 0.01250000
2025-07-21 05:23:25,909 [INFO] Saving best model at iteration 103
2025-07-21 05:23:26,507 [INFO] [104/300] loss 1697.23 | compact 14.5839 | spectral 17.2437 | recons_loss: 0.123208 | sparse_loss: 1.03007 | 
2025-07-21 05:23:26,507 [INFO] [Iter 104] LR: 0.01250000
2025-07-21 05:23:26,508 [INFO] Saving best model at iteration 104
2025-07-21 05:23:27,105 [INFO] [105/300] loss 1697.16 | compact 14.5853 | spectral 17.244 | recons_loss: 0.123152 | sparse_loss: 1.03005 | 
2025-07-21 05:23:27,105 [INFO] [Iter 105] LR: 0.01250000
2025-07-21 05:23:27,106 [INFO] Saving best model at iteration 105
2025-07-21 05:23:27,723 [INFO] [106/300] loss 1697.09 | compact 14.587 | spectral 17.2432 | recons_loss: 0.123096 | sparse_loss: 1.03003 | 
2025-07-21 05:23:27,723 [INFO] [Iter 106] LR: 0.01250000
2025-07-21 05:23:27,725 [INFO] Saving best model at iteration 106
2025-07-21 05:23:28,322 [INFO] [107/300] loss 1697.02 | compact 14.5884 | spectral 17.2426 | recons_loss: 0.123044 | sparse_loss: 1.03001 | 
2025-07-21 05:23:28,322 [INFO] [Iter 107] LR: 0.01250000
2025-07-21 05:23:28,323 [INFO] Saving best model at iteration 107
2025-07-21 05:23:28,938 [INFO] [108/300] loss 1696.95 | compact 14.5895 | spectral 17.2421 | recons_loss: 0.122994 | sparse_loss: 1.02999 | 
2025-07-21 05:23:28,939 [INFO] [Iter 108] LR: 0.01250000
2025-07-21 05:23:28,940 [INFO] Saving best model at iteration 108
2025-07-21 05:23:29,539 [INFO] [109/300] loss 1696.88 | compact 14.5907 | spectral 17.2414 | recons_loss: 0.122947 | sparse_loss: 1.02998 | 
2025-07-21 05:23:29,539 [INFO] [Iter 109] LR: 0.01250000
2025-07-21 05:23:29,540 [INFO] Saving best model at iteration 109
2025-07-21 05:23:30,147 [INFO] [110/300] loss 1696.82 | compact 14.5918 | spectral 17.2408 | recons_loss: 0.122903 | sparse_loss: 1.02996 | 
2025-07-21 05:23:30,147 [INFO] [Iter 110] LR: 0.00625000
2025-07-21 05:23:30,148 [INFO] Saving best model at iteration 110
2025-07-21 05:23:30,755 [INFO] [111/300] loss 1696.76 | compact 14.5929 | spectral 17.2403 | recons_loss: 0.122862 | sparse_loss: 1.02995 | 
2025-07-21 05:23:30,755 [INFO] [Iter 111] LR: 0.00625000
2025-07-21 05:23:30,756 [INFO] Saving best model at iteration 111
2025-07-21 05:23:31,362 [INFO] [112/300] loss 1696.7 | compact 14.5939 | spectral 17.2397 | recons_loss: 0.122823 | sparse_loss: 1.02994 | 
2025-07-21 05:23:31,363 [INFO] [Iter 112] LR: 0.00625000
2025-07-21 05:23:31,364 [INFO] Saving best model at iteration 112
2025-07-21 05:23:31,970 [INFO] [113/300] loss 1696.65 | compact 14.5948 | spectral 17.2392 | recons_loss: 0.122788 | sparse_loss: 1.02992 | 
2025-07-21 05:23:31,971 [INFO] [Iter 113] LR: 0.00625000
2025-07-21 05:23:31,972 [INFO] Saving best model at iteration 113
2025-07-21 05:23:32,569 [INFO] [114/300] loss 1696.6 | compact 14.5955 | spectral 17.2389 | recons_loss: 0.122757 | sparse_loss: 1.02991 | 
2025-07-21 05:23:32,569 [INFO] [Iter 114] LR: 0.00625000
2025-07-21 05:23:32,570 [INFO] Saving best model at iteration 114
2025-07-21 05:23:33,169 [INFO] [115/300] loss 1696.55 | compact 14.5963 | spectral 17.2385 | recons_loss: 0.122727 | sparse_loss: 1.0299 | 
2025-07-21 05:23:33,169 [INFO] [Iter 115] LR: 0.00625000
2025-07-21 05:23:33,171 [INFO] Saving best model at iteration 115
2025-07-21 05:23:33,769 [INFO] [116/300] loss 1696.51 | compact 14.5969 | spectral 17.238 | recons_loss: 0.1227 | sparse_loss: 1.02989 | 
2025-07-21 05:23:33,770 [INFO] [Iter 116] LR: 0.00312500
2025-07-21 05:23:33,771 [INFO] Saving best model at iteration 116
2025-07-21 05:23:34,378 [INFO] [117/300] loss 1696.47 | compact 14.5975 | spectral 17.2377 | recons_loss: 0.122674 | sparse_loss: 1.02988 | 
2025-07-21 05:23:34,378 [INFO] [Iter 117] LR: 0.00312500
2025-07-21 05:23:34,379 [INFO] Saving best model at iteration 117
2025-07-21 05:23:34,983 [INFO] [118/300] loss 1696.43 | compact 14.5979 | spectral 17.2375 | recons_loss: 0.122651 | sparse_loss: 1.02987 | 
2025-07-21 05:23:34,983 [INFO] [Iter 118] LR: 0.00312500
2025-07-21 05:23:34,984 [INFO] Saving best model at iteration 118
2025-07-21 05:23:35,581 [INFO] [119/300] loss 1696.4 | compact 14.5984 | spectral 17.2372 | recons_loss: 0.12263 | sparse_loss: 1.02986 | 
2025-07-21 05:23:35,582 [INFO] [Iter 119] LR: 0.00156250
2025-07-21 05:23:35,583 [INFO] Saving best model at iteration 119
2025-07-21 05:23:36,188 [INFO] [120/300] loss 1696.37 | compact 14.5989 | spectral 17.237 | recons_loss: 0.12261 | sparse_loss: 1.02985 | 
2025-07-21 05:23:36,188 [INFO] [Iter 120] LR: 0.00156250
2025-07-21 05:23:36,189 [INFO] Saving best model at iteration 120
2025-07-21 05:23:36,787 [INFO] [121/300] loss 1696.34 | compact 14.5994 | spectral 17.2367 | recons_loss: 0.122592 | sparse_loss: 1.02984 | 
2025-07-21 05:23:36,787 [INFO] [Iter 121] LR: 0.00156250
2025-07-21 05:23:36,789 [INFO] Saving best model at iteration 121
2025-07-21 05:23:37,394 [INFO] [122/300] loss 1696.31 | compact 14.5998 | spectral 17.2365 | recons_loss: 0.122575 | sparse_loss: 1.02983 | 
2025-07-21 05:23:37,394 [INFO] [Iter 122] LR: 0.00078125
2025-07-21 05:23:37,396 [INFO] Saving best model at iteration 122
2025-07-21 05:23:38,006 [INFO] [123/300] loss 1696.29 | compact 14.6001 | spectral 17.2363 | recons_loss: 0.12256 | sparse_loss: 1.02983 | 
2025-07-21 05:23:38,007 [INFO] [Iter 123] LR: 0.00078125
2025-07-21 05:23:38,009 [INFO] Saving best model at iteration 123
2025-07-21 05:23:38,623 [INFO] [124/300] loss 1696.26 | compact 14.6004 | spectral 17.2362 | recons_loss: 0.122547 | sparse_loss: 1.02982 | 
2025-07-21 05:23:38,624 [INFO] [Iter 124] LR: 0.00078125
2025-07-21 05:23:38,626 [INFO] Saving best model at iteration 124
2025-07-21 05:23:39,225 [INFO] [125/300] loss 1696.24 | compact 14.6007 | spectral 17.236 | recons_loss: 0.122534 | sparse_loss: 1.02981 | 
2025-07-21 05:23:39,225 [INFO] [Iter 125] LR: 0.00039063
2025-07-21 05:23:39,227 [INFO] Saving best model at iteration 125
2025-07-21 05:23:39,825 [INFO] [126/300] loss 1696.22 | compact 14.601 | spectral 17.2359 | recons_loss: 0.122523 | sparse_loss: 1.02981 | 
2025-07-21 05:23:39,826 [INFO] [Iter 126] LR: 0.00039063
2025-07-21 05:23:39,827 [INFO] Saving best model at iteration 126
2025-07-21 05:23:40,440 [INFO] [127/300] loss 1696.21 | compact 14.6012 | spectral 17.2358 | recons_loss: 0.122513 | sparse_loss: 1.0298 | 
2025-07-21 05:23:40,440 [INFO] [Iter 127] LR: 0.00039063
2025-07-21 05:23:40,442 [INFO] Saving best model at iteration 127
2025-07-21 05:23:41,041 [INFO] [128/300] loss 1696.19 | compact 14.6015 | spectral 17.2357 | recons_loss: 0.122504 | sparse_loss: 1.0298 | 
2025-07-21 05:23:41,041 [INFO] [Iter 128] LR: 0.00019531
2025-07-21 05:23:41,043 [INFO] Saving best model at iteration 128
2025-07-21 05:23:41,656 [INFO] [129/300] loss 1696.18 | compact 14.6017 | spectral 17.2356 | recons_loss: 0.122495 | sparse_loss: 1.0298 | 
2025-07-21 05:23:41,656 [INFO] [Iter 129] LR: 0.00019531
2025-07-21 05:23:41,657 [INFO] Saving best model at iteration 129
2025-07-21 05:23:42,255 [INFO] [130/300] loss 1696.16 | compact 14.6018 | spectral 17.2355 | recons_loss: 0.122488 | sparse_loss: 1.02979 | 
2025-07-21 05:23:42,255 [INFO] [Iter 130] LR: 0.00019531
2025-07-21 05:23:42,256 [INFO] Saving best model at iteration 130
2025-07-21 05:23:42,853 [INFO] [131/300] loss 1696.15 | compact 14.602 | spectral 17.2354 | recons_loss: 0.122481 | sparse_loss: 1.02979 | 
2025-07-21 05:23:42,853 [INFO] [Iter 131] LR: 0.00009766
2025-07-21 05:23:42,854 [INFO] Saving best model at iteration 131
2025-07-21 05:23:43,469 [INFO] [132/300] loss 1696.14 | compact 14.6021 | spectral 17.2354 | recons_loss: 0.122475 | sparse_loss: 1.02979 | 
2025-07-21 05:23:43,469 [INFO] [Iter 132] LR: 0.00009766
2025-07-21 05:23:43,470 [INFO] Saving best model at iteration 132
2025-07-21 05:23:44,072 [INFO] [133/300] loss 1696.13 | compact 14.6023 | spectral 17.2353 | recons_loss: 0.122469 | sparse_loss: 1.02978 | 
2025-07-21 05:23:44,072 [INFO] [Iter 133] LR: 0.00009766
2025-07-21 05:23:44,074 [INFO] Saving best model at iteration 133
2025-07-21 05:23:44,676 [INFO] [134/300] loss 1696.12 | compact 14.6024 | spectral 17.2353 | recons_loss: 0.122464 | sparse_loss: 1.02978 | 
2025-07-21 05:23:44,676 [INFO] [Iter 134] LR: 0.00004883
2025-07-21 05:23:44,677 [INFO] Saving best model at iteration 134
2025-07-21 05:23:45,283 [INFO] [135/300] loss 1696.12 | compact 14.6025 | spectral 17.2352 | recons_loss: 0.12246 | sparse_loss: 1.02978 | 
2025-07-21 05:23:45,283 [INFO] [Iter 135] LR: 0.00004883
2025-07-21 05:23:45,284 [INFO] Saving best model at iteration 135
2025-07-21 05:23:45,882 [INFO] [136/300] loss 1696.11 | compact 14.6026 | spectral 17.2352 | recons_loss: 0.122456 | sparse_loss: 1.02978 | 
2025-07-21 05:23:45,882 [INFO] [Iter 136] LR: 0.00004883
2025-07-21 05:23:45,883 [INFO] Saving best model at iteration 136
2025-07-21 05:23:46,480 [INFO] [137/300] loss 1696.1 | compact 14.6027 | spectral 17.2351 | recons_loss: 0.122452 | sparse_loss: 1.02978 | 
2025-07-21 05:23:46,480 [INFO] [Iter 137] LR: 0.00002441
2025-07-21 05:23:46,481 [INFO] Saving best model at iteration 137
2025-07-21 05:23:47,086 [INFO] [138/300] loss 1696.1 | compact 14.6027 | spectral 17.2351 | recons_loss: 0.122448 | sparse_loss: 1.02977 | 
2025-07-21 05:23:47,087 [INFO] [Iter 138] LR: 0.00002441
2025-07-21 05:23:47,088 [INFO] Saving best model at iteration 138
2025-07-21 05:23:47,686 [INFO] [139/300] loss 1696.09 | compact 14.6028 | spectral 17.2351 | recons_loss: 0.122445 | sparse_loss: 1.02977 | 
2025-07-21 05:23:47,686 [INFO] [Iter 139] LR: 0.00002441
2025-07-21 05:23:47,687 [INFO] Saving best model at iteration 139
2025-07-21 05:23:48,284 [INFO] [140/300] loss 1696.09 | compact 14.6029 | spectral 17.2351 | recons_loss: 0.122443 | sparse_loss: 1.02977 | 
2025-07-21 05:23:48,285 [INFO] [Iter 140] LR: 0.00001221
2025-07-21 05:23:48,287 [INFO] Saving best model at iteration 140
2025-07-21 05:23:48,910 [INFO] [141/300] loss 1696.08 | compact 14.6029 | spectral 17.235 | recons_loss: 0.12244 | sparse_loss: 1.02977 | 
2025-07-21 05:23:48,910 [INFO] [Iter 141] LR: 0.00001221
2025-07-21 05:23:48,912 [INFO] Saving best model at iteration 141
2025-07-21 05:23:49,511 [INFO] [142/300] loss 1696.08 | compact 14.603 | spectral 17.235 | recons_loss: 0.122438 | sparse_loss: 1.02977 | 
2025-07-21 05:23:49,512 [INFO] [Iter 142] LR: 0.00001221
2025-07-21 05:23:49,513 [INFO] Saving best model at iteration 142
2025-07-21 05:23:50,111 [INFO] [143/300] loss 1696.08 | compact 14.603 | spectral 17.235 | recons_loss: 0.122436 | sparse_loss: 1.02977 | 
2025-07-21 05:23:50,111 [INFO] [Iter 143] LR: 0.00000610
2025-07-21 05:23:50,112 [INFO] Saving best model at iteration 143
2025-07-21 05:23:50,711 [INFO] [144/300] loss 1696.07 | compact 14.6031 | spectral 17.235 | recons_loss: 0.122434 | sparse_loss: 1.02977 | 
2025-07-21 05:23:50,711 [INFO] [Iter 144] LR: 0.00000610
2025-07-21 05:23:50,712 [INFO] Saving best model at iteration 144
2025-07-21 05:23:51,319 [INFO] [145/300] loss 1696.07 | compact 14.6031 | spectral 17.235 | recons_loss: 0.122433 | sparse_loss: 1.02977 | 
2025-07-21 05:23:51,319 [INFO] [Iter 145] LR: 0.00000610
2025-07-21 05:23:51,320 [INFO] Saving best model at iteration 145
2025-07-21 05:23:51,918 [INFO] [146/300] loss 1696.07 | compact 14.6031 | spectral 17.2349 | recons_loss: 0.122431 | sparse_loss: 1.02977 | 
2025-07-21 05:23:51,918 [INFO] [Iter 146] LR: 0.00000305
2025-07-21 05:23:51,919 [INFO] Saving best model at iteration 146
2025-07-21 05:23:52,516 [INFO] [147/300] loss 1696.07 | compact 14.6032 | spectral 17.2349 | recons_loss: 0.12243 | sparse_loss: 1.02976 | 
2025-07-21 05:23:52,517 [INFO] [Iter 147] LR: 0.00000305
2025-07-21 05:23:52,518 [INFO] Saving best model at iteration 147
2025-07-21 05:23:53,115 [INFO] [148/300] loss 1696.06 | compact 14.6032 | spectral 17.2349 | recons_loss: 0.122429 | sparse_loss: 1.02976 | 
2025-07-21 05:23:53,115 [INFO] [Iter 148] LR: 0.00000305
2025-07-21 05:23:53,116 [INFO] Saving best model at iteration 148
2025-07-21 05:23:53,715 [INFO] [149/300] loss 1696.06 | compact 14.6032 | spectral 17.2349 | recons_loss: 0.122428 | sparse_loss: 1.02976 | 
2025-07-21 05:23:53,715 [INFO] [Iter 149] LR: 0.00000153
2025-07-21 05:23:53,716 [INFO] Saving best model at iteration 149
2025-07-21 05:23:53,892 [INFO] H: 600, W: 166
2025-07-21 05:23:53,997 [INFO] [0 1 2 3 4 5]
2025-07-21 05:23:54,095 [INFO] y_target: [1 2 3 4 5 6]
2025-07-21 05:23:54,095 [INFO] y_predict: [0 1 2 3 4 5]
2025-07-21 05:23:54,183 [INFO] Epoch = 150 OA = 0.9056 Kappa = 0.8742 NMI = 0.8320
2025-07-21 05:23:54,660 [INFO] [150/300] loss 1696.06 | compact 14.6032 | spectral 17.2349 | recons_loss: 0.122427 | sparse_loss: 1.02976 | 
2025-07-21 05:23:54,661 [INFO] [Iter 150] LR: 0.00000153
2025-07-21 05:23:54,663 [INFO] Saving best model at iteration 150
2025-07-21 05:23:55,267 [INFO] [151/300] loss 1696.06 | compact 14.6032 | spectral 17.2349 | recons_loss: 0.122426 | sparse_loss: 1.02976 | 
2025-07-21 05:23:55,267 [INFO] [Iter 151] LR: 0.00000153
2025-07-21 05:23:55,268 [INFO] Saving best model at iteration 151
2025-07-21 05:23:55,866 [INFO] [152/300] loss 1696.06 | compact 14.6033 | spectral 17.2349 | recons_loss: 0.122425 | sparse_loss: 1.02976 | 
2025-07-21 05:23:55,866 [INFO] [Iter 152] LR: 0.00000076
2025-07-21 05:23:55,867 [INFO] Saving best model at iteration 152
2025-07-21 05:23:56,465 [INFO] [153/300] loss 1696.06 | compact 14.6033 | spectral 17.2349 | recons_loss: 0.122424 | sparse_loss: 1.02976 | 
2025-07-21 05:23:56,465 [INFO] [Iter 153] LR: 0.00000076
2025-07-21 05:23:56,466 [INFO] Saving best model at iteration 153
2025-07-21 05:23:57,064 [INFO] [154/300] loss 1696.05 | compact 14.6033 | spectral 17.2349 | recons_loss: 0.122424 | sparse_loss: 1.02976 | 
2025-07-21 05:23:57,064 [INFO] [Iter 154] LR: 0.00000076
2025-07-21 05:23:57,065 [INFO] Saving best model at iteration 154
2025-07-21 05:23:57,664 [INFO] [155/300] loss 1696.05 | compact 14.6033 | spectral 17.2349 | recons_loss: 0.122423 | sparse_loss: 1.02976 | 
2025-07-21 05:23:57,664 [INFO] [Iter 155] LR: 0.00000038
2025-07-21 05:23:57,665 [INFO] Saving best model at iteration 155
2025-07-21 05:23:58,262 [INFO] [156/300] loss 1696.05 | compact 14.6033 | spectral 17.2349 | recons_loss: 0.122423 | sparse_loss: 1.02976 | 
2025-07-21 05:23:58,262 [INFO] [Iter 156] LR: 0.00000038
2025-07-21 05:23:58,263 [INFO] Saving best model at iteration 156
2025-07-21 05:23:58,860 [INFO] [157/300] loss 1696.05 | compact 14.6033 | spectral 17.2348 | recons_loss: 0.122422 | sparse_loss: 1.02976 | 
2025-07-21 05:23:58,861 [INFO] [Iter 157] LR: 0.00000038
2025-07-21 05:23:58,862 [INFO] Saving best model at iteration 157
2025-07-21 05:23:59,459 [INFO] [158/300] loss 1696.05 | compact 14.6033 | spectral 17.2348 | recons_loss: 0.122422 | sparse_loss: 1.02976 | 
2025-07-21 05:23:59,459 [INFO] [Iter 158] LR: 0.00000019
2025-07-21 05:23:59,460 [INFO] Saving best model at iteration 158
2025-07-21 05:24:00,058 [INFO] [159/300] loss 1696.05 | compact 14.6033 | spectral 17.2348 | recons_loss: 0.122421 | sparse_loss: 1.02976 | 
2025-07-21 05:24:00,058 [INFO] [Iter 159] LR: 0.00000019
2025-07-21 05:24:00,059 [INFO] Saving best model at iteration 159
2025-07-21 05:24:00,658 [INFO] [160/300] loss 1696.05 | compact 14.6034 | spectral 17.2348 | recons_loss: 0.122421 | sparse_loss: 1.02976 | 
2025-07-21 05:24:00,658 [INFO] [Iter 160] LR: 0.00000019
2025-07-21 05:24:00,660 [INFO] Saving best model at iteration 160
2025-07-21 05:24:01,259 [INFO] [161/300] loss 1696.05 | compact 14.6034 | spectral 17.2348 | recons_loss: 0.122421 | sparse_loss: 1.02976 | 
2025-07-21 05:24:01,259 [INFO] [Iter 161] LR: 0.00000010
2025-07-21 05:24:01,260 [INFO] Saving best model at iteration 161
2025-07-21 05:24:01,857 [INFO] [162/300] loss 1696.05 | compact 14.6034 | spectral 17.2348 | recons_loss: 0.12242 | sparse_loss: 1.02976 | 
2025-07-21 05:24:01,858 [INFO] [Iter 162] LR: 0.00000010
2025-07-21 05:24:01,859 [INFO] Saving best model at iteration 162
2025-07-21 05:24:02,457 [INFO] [163/300] loss 1696.05 | compact 14.6034 | spectral 17.2348 | recons_loss: 0.12242 | sparse_loss: 1.02976 | 
2025-07-21 05:24:02,457 [INFO] [Iter 163] LR: 0.00000010
2025-07-21 05:24:02,458 [INFO] Saving best model at iteration 163
2025-07-21 05:24:03,073 [INFO] [164/300] loss 1696.05 | compact 14.6034 | spectral 17.2348 | recons_loss: 0.12242 | sparse_loss: 1.02976 | 
2025-07-21 05:24:03,074 [INFO] [Iter 164] LR: 0.00000005
2025-07-21 05:24:03,075 [INFO] Saving best model at iteration 164
2025-07-21 05:24:03,674 [INFO] [165/300] loss 1696.05 | compact 14.6034 | spectral 17.2348 | recons_loss: 0.12242 | sparse_loss: 1.02976 | 
2025-07-21 05:24:03,674 [INFO] [Iter 165] LR: 0.00000005
2025-07-21 05:24:03,675 [INFO] Saving best model at iteration 165
2025-07-21 05:24:04,273 [INFO] [166/300] loss 1696.05 | compact 14.6034 | spectral 17.2348 | recons_loss: 0.12242 | sparse_loss: 1.02976 | 
2025-07-21 05:24:04,273 [INFO] [Iter 166] LR: 0.00000005
2025-07-21 05:24:04,274 [INFO] Saving best model at iteration 166
2025-07-21 05:24:04,871 [INFO] [167/300] loss 1696.05 | compact 14.6034 | spectral 17.2348 | recons_loss: 0.122419 | sparse_loss: 1.02976 | 
2025-07-21 05:24:04,871 [INFO] [Iter 167] LR: 0.00000002
2025-07-21 05:24:04,872 [INFO] Saving best model at iteration 167
2025-07-21 05:24:05,470 [INFO] [168/300] loss 1696.05 | compact 14.6034 | spectral 17.2348 | recons_loss: 0.122419 | sparse_loss: 1.02976 | 
2025-07-21 05:24:05,471 [INFO] [Iter 168] LR: 0.00000002
2025-07-21 05:24:05,472 [INFO] Saving best model at iteration 168
2025-07-21 05:24:06,069 [INFO] [169/300] loss 1696.05 | compact 14.6034 | spectral 17.2348 | recons_loss: 0.122419 | sparse_loss: 1.02976 | 
2025-07-21 05:24:06,069 [INFO] [Iter 169] LR: 0.00000002
2025-07-21 05:24:06,070 [INFO] Saving best model at iteration 169
2025-07-21 05:24:06,668 [INFO] [170/300] loss 1696.05 | compact 14.6034 | spectral 17.2348 | recons_loss: 0.122419 | sparse_loss: 1.02976 | 
2025-07-21 05:24:06,668 [INFO] [Iter 170] LR: 0.00000001
2025-07-21 05:24:06,669 [INFO] Saving best model at iteration 170
2025-07-21 05:24:07,267 [INFO] [171/300] loss 1696.05 | compact 14.6034 | spectral 17.2348 | recons_loss: 0.122419 | sparse_loss: 1.02976 | 
2025-07-21 05:24:07,267 [INFO] [Iter 171] LR: 0.00000001
2025-07-21 05:24:07,268 [INFO] Saving best model at iteration 171
2025-07-21 05:24:07,874 [INFO] [172/300] loss 1696.05 | compact 14.6034 | spectral 17.2348 | recons_loss: 0.122419 | sparse_loss: 1.02976 | 
2025-07-21 05:24:07,874 [INFO] [Iter 172] LR: 0.00000001
2025-07-21 05:24:07,875 [INFO] Saving best model at iteration 172
2025-07-21 05:24:08,473 [INFO] [173/300] loss 1696.05 | compact 14.6034 | spectral 17.2348 | recons_loss: 0.122419 | sparse_loss: 1.02976 | 
2025-07-21 05:24:08,473 [INFO] [Iter 173] LR: 0.00000001
2025-07-21 05:24:08,475 [INFO] Saving best model at iteration 173
2025-07-21 05:24:09,072 [INFO] [174/300] loss 1696.05 | compact 14.6034 | spectral 17.2348 | recons_loss: 0.122419 | sparse_loss: 1.02976 | 
2025-07-21 05:24:09,072 [INFO] [Iter 174] LR: 0.00000001
2025-07-21 05:24:09,073 [INFO] Saving best model at iteration 174
2025-07-21 05:24:09,672 [INFO] [175/300] loss 1696.05 | compact 14.6034 | spectral 17.2348 | recons_loss: 0.122419 | sparse_loss: 1.02976 | 
2025-07-21 05:24:09,672 [INFO] [Iter 175] LR: 0.00000001
2025-07-21 05:24:09,675 [INFO] Saving best model at iteration 175
2025-07-21 05:24:10,291 [INFO] [176/300] loss 1696.05 | compact 14.6034 | spectral 17.2348 | recons_loss: 0.122419 | sparse_loss: 1.02976 | 
2025-07-21 05:24:10,291 [INFO] [Iter 176] LR: 0.00000001
2025-07-21 05:24:10,292 [INFO] No improvement: current loss 1696.045670, best loss 1696.045767
2025-07-21 05:24:10,890 [INFO] [177/300] loss 1696.05 | compact 14.6034 | spectral 17.2348 | recons_loss: 0.122419 | sparse_loss: 1.02976 | 
2025-07-21 05:24:10,890 [INFO] [Iter 177] LR: 0.00000001
2025-07-21 05:24:10,891 [INFO] Saving best model at iteration 177
2025-07-21 05:24:11,488 [INFO] [178/300] loss 1696.05 | compact 14.6034 | spectral 17.2348 | recons_loss: 0.122418 | sparse_loss: 1.02976 | 
2025-07-21 05:24:11,488 [INFO] [Iter 178] LR: 0.00000001
2025-07-21 05:24:11,489 [INFO] No improvement: current loss 1696.045482, best loss 1696.045571
2025-07-21 05:24:12,086 [INFO] [179/300] loss 1696.05 | compact 14.6034 | spectral 17.2348 | recons_loss: 0.122418 | sparse_loss: 1.02976 | 
2025-07-21 05:24:12,086 [INFO] [Iter 179] LR: 0.00000001
2025-07-21 05:24:12,087 [INFO] Saving best model at iteration 179
2025-07-21 05:24:12,684 [INFO] [180/300] loss 1696.05 | compact 14.6034 | spectral 17.2348 | recons_loss: 0.122418 | sparse_loss: 1.02976 | 
2025-07-21 05:24:12,684 [INFO] [Iter 180] LR: 0.00000001
2025-07-21 05:24:12,685 [INFO] No improvement: current loss 1696.045329, best loss 1696.045401
2025-07-21 05:24:13,283 [INFO] [181/300] loss 1696.05 | compact 14.6034 | spectral 17.2348 | recons_loss: 0.122418 | sparse_loss: 1.02976 | 
2025-07-21 05:24:13,283 [INFO] [Iter 181] LR: 0.00000001
2025-07-21 05:24:13,284 [INFO] Saving best model at iteration 181
2025-07-21 05:24:13,882 [INFO] [182/300] loss 1696.05 | compact 14.6034 | spectral 17.2348 | recons_loss: 0.122418 | sparse_loss: 1.02976 | 
2025-07-21 05:24:13,882 [INFO] [Iter 182] LR: 0.00000001
2025-07-21 05:24:13,883 [INFO] No improvement: current loss 1696.045205, best loss 1696.045264
2025-07-21 05:24:14,480 [INFO] [183/300] loss 1696.05 | compact 14.6034 | spectral 17.2348 | recons_loss: 0.122418 | sparse_loss: 1.02976 | 
2025-07-21 05:24:14,480 [INFO] [Iter 183] LR: 0.00000001
2025-07-21 05:24:14,481 [INFO] Saving best model at iteration 183
2025-07-21 05:24:15,078 [INFO] [184/300] loss 1696.05 | compact 14.6034 | spectral 17.2348 | recons_loss: 0.122418 | sparse_loss: 1.02976 | 
2025-07-21 05:24:15,079 [INFO] [Iter 184] LR: 0.00000001
2025-07-21 05:24:15,080 [INFO] No improvement: current loss 1696.045117, best loss 1696.045153
2025-07-21 05:24:15,676 [INFO] [185/300] loss 1696.05 | compact 14.6034 | spectral 17.2348 | recons_loss: 0.122418 | sparse_loss: 1.02976 | 
2025-07-21 05:24:15,677 [INFO] [Iter 185] LR: 0.00000001
2025-07-21 05:24:15,677 [INFO] No improvement: current loss 1696.045073, best loss 1696.045153
2025-07-21 05:24:16,275 [INFO] [186/300] loss 1696.05 | compact 14.6034 | spectral 17.2348 | recons_loss: 0.122418 | sparse_loss: 1.02976 | 
2025-07-21 05:24:16,275 [INFO] [Iter 186] LR: 0.00000001
2025-07-21 05:24:16,276 [INFO] Saving best model at iteration 186
2025-07-21 05:24:16,873 [INFO] [187/300] loss 1696.04 | compact 14.6034 | spectral 17.2348 | recons_loss: 0.122418 | sparse_loss: 1.02976 | 
2025-07-21 05:24:16,873 [INFO] [Iter 187] LR: 0.00000001
2025-07-21 05:24:16,874 [INFO] No improvement: current loss 1696.044998, best loss 1696.045034
2025-07-21 05:24:17,472 [INFO] [188/300] loss 1696.04 | compact 14.6034 | spectral 17.2348 | recons_loss: 0.122418 | sparse_loss: 1.02976 | 
2025-07-21 05:24:17,472 [INFO] [Iter 188] LR: 0.00000001
2025-07-21 05:24:17,473 [INFO] No improvement: current loss 1696.044966, best loss 1696.045034
2025-07-21 05:24:18,071 [INFO] [189/300] loss 1696.04 | compact 14.6034 | spectral 17.2348 | recons_loss: 0.122418 | sparse_loss: 1.02976 | 
2025-07-21 05:24:18,071 [INFO] [Iter 189] LR: 0.00000001
2025-07-21 05:24:18,072 [INFO] No improvement: current loss 1696.044937, best loss 1696.045034
2025-07-21 05:24:18,673 [INFO] [190/300] loss 1696.04 | compact 14.6034 | spectral 17.2348 | recons_loss: 0.122418 | sparse_loss: 1.02976 | 
2025-07-21 05:24:18,673 [INFO] [Iter 190] LR: 0.00000001
2025-07-21 05:24:18,674 [INFO] Saving best model at iteration 190
2025-07-21 05:24:19,273 [INFO] [191/300] loss 1696.04 | compact 14.6034 | spectral 17.2348 | recons_loss: 0.122418 | sparse_loss: 1.02976 | 
2025-07-21 05:24:19,274 [INFO] [Iter 191] LR: 0.00000001
2025-07-21 05:24:19,276 [INFO] No improvement: current loss 1696.044888, best loss 1696.044911
2025-07-21 05:24:19,876 [INFO] [192/300] loss 1696.04 | compact 14.6034 | spectral 17.2348 | recons_loss: 0.122418 | sparse_loss: 1.02976 | 
2025-07-21 05:24:19,876 [INFO] [Iter 192] LR: 0.00000001
2025-07-21 05:24:19,877 [INFO] No improvement: current loss 1696.044879, best loss 1696.044911
2025-07-21 05:24:20,474 [INFO] [193/300] loss 1696.04 | compact 14.6034 | spectral 17.2348 | recons_loss: 0.122418 | sparse_loss: 1.02976 | 
2025-07-21 05:24:20,474 [INFO] [Iter 193] LR: 0.00000001
2025-07-21 05:24:20,475 [INFO] No improvement: current loss 1696.044859, best loss 1696.044911
2025-07-21 05:24:21,072 [INFO] [194/300] loss 1696.04 | compact 14.6034 | spectral 17.2348 | recons_loss: 0.122418 | sparse_loss: 1.02976 | 
2025-07-21 05:24:21,073 [INFO] [Iter 194] LR: 0.00000001
2025-07-21 05:24:21,074 [INFO] No improvement: current loss 1696.044841, best loss 1696.044911
2025-07-21 05:24:21,671 [INFO] [195/300] loss 1696.04 | compact 14.6034 | spectral 17.2348 | recons_loss: 0.122418 | sparse_loss: 1.02976 | 
2025-07-21 05:24:21,672 [INFO] [Iter 195] LR: 0.00000001
2025-07-21 05:24:21,672 [INFO] No improvement: current loss 1696.044825, best loss 1696.044911
2025-07-21 05:24:22,284 [INFO] [196/300] loss 1696.04 | compact 14.6034 | spectral 17.2348 | recons_loss: 0.122418 | sparse_loss: 1.02976 | 
2025-07-21 05:24:22,285 [INFO] [Iter 196] LR: 0.00000001
2025-07-21 05:24:22,286 [INFO] Saving best model at iteration 196
2025-07-21 05:24:22,888 [INFO] [197/300] loss 1696.04 | compact 14.6034 | spectral 17.2348 | recons_loss: 0.122418 | sparse_loss: 1.02976 | 
2025-07-21 05:24:22,888 [INFO] [Iter 197] LR: 0.00000001
2025-07-21 05:24:22,889 [INFO] No improvement: current loss 1696.044809, best loss 1696.044810
2025-07-21 05:24:23,497 [INFO] [198/300] loss 1696.04 | compact 14.6034 | spectral 17.2348 | recons_loss: 0.122418 | sparse_loss: 1.02976 | 
2025-07-21 05:24:23,497 [INFO] [Iter 198] LR: 0.00000001
2025-07-21 05:24:23,499 [INFO] No improvement: current loss 1696.044796, best loss 1696.044810
2025-07-21 05:24:24,096 [INFO] [199/300] loss 1696.04 | compact 14.6034 | spectral 17.2348 | recons_loss: 0.122418 | sparse_loss: 1.02976 | 
2025-07-21 05:24:24,096 [INFO] [Iter 199] LR: 0.00000001
2025-07-21 05:24:24,097 [INFO] No improvement: current loss 1696.044784, best loss 1696.044810
2025-07-21 05:24:24,274 [INFO] H: 600, W: 166
2025-07-21 05:24:24,325 [INFO] [0 1 2 3 4 5]
2025-07-21 05:24:24,441 [INFO] y_target: [1 2 3 4 5 6]
2025-07-21 05:24:24,441 [INFO] y_predict: [0 1 2 3 4 5]
2025-07-21 05:24:24,530 [INFO] Epoch = 200 OA = 0.9056 Kappa = 0.8742 NMI = 0.8320
2025-07-21 05:24:25,007 [INFO] [200/300] loss 1696.04 | compact 14.6034 | spectral 17.2348 | recons_loss: 0.122418 | sparse_loss: 1.02976 | 
2025-07-21 05:24:25,008 [INFO] [Iter 200] LR: 0.00000001
2025-07-21 05:24:25,010 [INFO] No improvement: current loss 1696.044773, best loss 1696.044810
2025-07-21 05:24:25,608 [INFO] [201/300] loss 1696.04 | compact 14.6034 | spectral 17.2348 | recons_loss: 0.122418 | sparse_loss: 1.02976 | 
2025-07-21 05:24:25,609 [INFO] [Iter 201] LR: 0.00000001
2025-07-21 05:24:25,610 [INFO] No improvement: current loss 1696.044764, best loss 1696.044810
2025-07-21 05:24:26,208 [INFO] [202/300] loss 1696.04 | compact 14.6034 | spectral 17.2348 | recons_loss: 0.122418 | sparse_loss: 1.02976 | 
2025-07-21 05:24:26,208 [INFO] [Iter 202] LR: 0.00000001
2025-07-21 05:24:26,209 [INFO] No improvement: current loss 1696.044767, best loss 1696.044810
2025-07-21 05:24:26,806 [INFO] [203/300] loss 1696.04 | compact 14.6034 | spectral 17.2348 | recons_loss: 0.122418 | sparse_loss: 1.02976 | 
2025-07-21 05:24:26,806 [INFO] [Iter 203] LR: 0.00000001
2025-07-21 05:24:26,807 [INFO] No improvement: current loss 1696.044758, best loss 1696.044810
2025-07-21 05:24:27,414 [INFO] [204/300] loss 1696.04 | compact 14.6034 | spectral 17.2348 | recons_loss: 0.122418 | sparse_loss: 1.02976 | 
2025-07-21 05:24:27,414 [INFO] [Iter 204] LR: 0.00000001
2025-07-21 05:24:27,415 [INFO] No improvement: current loss 1696.044750, best loss 1696.044810
2025-07-21 05:24:28,013 [INFO] [205/300] loss 1696.04 | compact 14.6034 | spectral 17.2348 | recons_loss: 0.122418 | sparse_loss: 1.02976 | 
2025-07-21 05:24:28,013 [INFO] [Iter 205] LR: 0.00000001
2025-07-21 05:24:28,014 [INFO] No improvement: current loss 1696.044743, best loss 1696.044810
2025-07-21 05:24:28,617 [INFO] [206/300] loss 1696.04 | compact 14.6034 | spectral 17.2348 | recons_loss: 0.122418 | sparse_loss: 1.02976 | 
2025-07-21 05:24:28,617 [INFO] [Iter 206] LR: 0.00000001
2025-07-21 05:24:28,620 [INFO] No improvement: current loss 1696.044737, best loss 1696.044810
2025-07-21 05:24:29,236 [INFO] [207/300] loss 1696.04 | compact 14.6034 | spectral 17.2348 | recons_loss: 0.122418 | sparse_loss: 1.02976 | 
2025-07-21 05:24:29,236 [INFO] [Iter 207] LR: 0.00000001
2025-07-21 05:24:29,239 [INFO] No improvement: current loss 1696.044731, best loss 1696.044810
2025-07-21 05:24:29,837 [INFO] [208/300] loss 1696.04 | compact 14.6034 | spectral 17.2348 | recons_loss: 0.122418 | sparse_loss: 1.02976 | 
2025-07-21 05:24:29,838 [INFO] [Iter 208] LR: 0.00000001
2025-07-21 05:24:29,839 [INFO] No improvement: current loss 1696.044725, best loss 1696.044810
2025-07-21 05:24:30,450 [INFO] [209/300] loss 1696.04 | compact 14.6034 | spectral 17.2348 | recons_loss: 0.122418 | sparse_loss: 1.02976 | 
2025-07-21 05:24:30,450 [INFO] [Iter 209] LR: 0.00000001
2025-07-21 05:24:30,451 [INFO] No improvement: current loss 1696.044721, best loss 1696.044810
2025-07-21 05:24:31,049 [INFO] [210/300] loss 1696.04 | compact 14.6034 | spectral 17.2348 | recons_loss: 0.122418 | sparse_loss: 1.02976 | 
2025-07-21 05:24:31,049 [INFO] [Iter 210] LR: 0.00000001
2025-07-21 05:24:31,050 [INFO] No improvement: current loss 1696.044716, best loss 1696.044810
2025-07-21 05:24:31,648 [INFO] [211/300] loss 1696.04 | compact 14.6034 | spectral 17.2348 | recons_loss: 0.122418 | sparse_loss: 1.02976 | 
2025-07-21 05:24:31,648 [INFO] [Iter 211] LR: 0.00000001
2025-07-21 05:24:31,649 [INFO] No improvement: current loss 1696.044725, best loss 1696.044810
2025-07-21 05:24:32,263 [INFO] [212/300] loss 1696.04 | compact 14.6034 | spectral 17.2348 | recons_loss: 0.122418 | sparse_loss: 1.02976 | 
2025-07-21 05:24:32,264 [INFO] [Iter 212] LR: 0.00000001
2025-07-21 05:24:32,265 [INFO] No improvement: current loss 1696.044720, best loss 1696.044810
2025-07-21 05:24:32,863 [INFO] [213/300] loss 1696.04 | compact 14.6034 | spectral 17.2348 | recons_loss: 0.122418 | sparse_loss: 1.02976 | 
2025-07-21 05:24:32,863 [INFO] [Iter 213] LR: 0.00000001
2025-07-21 05:24:32,865 [INFO] No improvement: current loss 1696.044716, best loss 1696.044810
2025-07-21 05:24:33,475 [INFO] [214/300] loss 1696.04 | compact 14.6034 | spectral 17.2348 | recons_loss: 0.122418 | sparse_loss: 1.02976 | 
2025-07-21 05:24:33,476 [INFO] [Iter 214] LR: 0.00000001
2025-07-21 05:24:33,478 [INFO] No improvement: current loss 1696.044712, best loss 1696.044810
2025-07-21 05:24:34,076 [INFO] [215/300] loss 1696.04 | compact 14.6034 | spectral 17.2348 | recons_loss: 0.122418 | sparse_loss: 1.02976 | 
2025-07-21 05:24:34,077 [INFO] [Iter 215] LR: 0.00000001
2025-07-21 05:24:34,078 [INFO] Saving best model at iteration 215
2025-07-21 05:24:34,678 [INFO] [216/300] loss 1696.04 | compact 14.6034 | spectral 17.2348 | recons_loss: 0.122418 | sparse_loss: 1.02976 | 
2025-07-21 05:24:34,679 [INFO] [Iter 216] LR: 0.00000001
2025-07-21 05:24:34,680 [INFO] No improvement: current loss 1696.044705, best loss 1696.044709
2025-07-21 05:24:35,277 [INFO] [217/300] loss 1696.04 | compact 14.6034 | spectral 17.2348 | recons_loss: 0.122418 | sparse_loss: 1.02976 | 
2025-07-21 05:24:35,277 [INFO] [Iter 217] LR: 0.00000001
2025-07-21 05:24:35,279 [INFO] No improvement: current loss 1696.044703, best loss 1696.044709
2025-07-21 05:24:35,876 [INFO] [218/300] loss 1696.04 | compact 14.6034 | spectral 17.2348 | recons_loss: 0.122418 | sparse_loss: 1.02976 | 
2025-07-21 05:24:35,876 [INFO] [Iter 218] LR: 0.00000001
2025-07-21 05:24:35,877 [INFO] No improvement: current loss 1696.044700, best loss 1696.044709
2025-07-21 05:24:36,489 [INFO] [219/300] loss 1696.04 | compact 14.6034 | spectral 17.2348 | recons_loss: 0.122418 | sparse_loss: 1.02976 | 
2025-07-21 05:24:36,490 [INFO] [Iter 219] LR: 0.00000001
2025-07-21 05:24:36,492 [INFO] No improvement: current loss 1696.044698, best loss 1696.044709
2025-07-21 05:24:37,090 [INFO] [220/300] loss 1696.04 | compact 14.6034 | spectral 17.2348 | recons_loss: 0.122418 | sparse_loss: 1.02976 | 
2025-07-21 05:24:37,090 [INFO] [Iter 220] LR: 0.00000001
2025-07-21 05:24:37,092 [INFO] No improvement: current loss 1696.044708, best loss 1696.044709
2025-07-21 05:24:37,695 [INFO] [221/300] loss 1696.04 | compact 14.6034 | spectral 17.2348 | recons_loss: 0.122418 | sparse_loss: 1.02976 | 
2025-07-21 05:24:37,695 [INFO] [Iter 221] LR: 0.00000001
2025-07-21 05:24:37,696 [INFO] No improvement: current loss 1696.044705, best loss 1696.044709
2025-07-21 05:24:38,294 [INFO] [222/300] loss 1696.04 | compact 14.6034 | spectral 17.2348 | recons_loss: 0.122418 | sparse_loss: 1.02976 | 
2025-07-21 05:24:38,295 [INFO] [Iter 222] LR: 0.00000001
2025-07-21 05:24:38,296 [INFO] No improvement: current loss 1696.044702, best loss 1696.044709
2025-07-21 05:24:38,894 [INFO] [223/300] loss 1696.04 | compact 14.6034 | spectral 17.2348 | recons_loss: 0.122418 | sparse_loss: 1.02976 | 
2025-07-21 05:24:38,895 [INFO] [Iter 223] LR: 0.00000001
2025-07-21 05:24:38,897 [INFO] No improvement: current loss 1696.044700, best loss 1696.044709
2025-07-21 05:24:39,496 [INFO] [224/300] loss 1696.04 | compact 14.6034 | spectral 17.2348 | recons_loss: 0.122418 | sparse_loss: 1.02976 | 
2025-07-21 05:24:39,496 [INFO] [Iter 224] LR: 0.00000001
2025-07-21 05:24:39,497 [INFO] No improvement: current loss 1696.044698, best loss 1696.044709
2025-07-21 05:24:40,094 [INFO] [225/300] loss 1696.04 | compact 14.6034 | spectral 17.2348 | recons_loss: 0.122418 | sparse_loss: 1.02976 | 
2025-07-21 05:24:40,095 [INFO] [Iter 225] LR: 0.00000001
2025-07-21 05:24:40,096 [INFO] No improvement: current loss 1696.044720, best loss 1696.044709
2025-07-21 05:24:40,693 [INFO] [226/300] loss 1696.04 | compact 14.6034 | spectral 17.2348 | recons_loss: 0.122418 | sparse_loss: 1.02976 | 
2025-07-21 05:24:40,693 [INFO] [Iter 226] LR: 0.00000001
2025-07-21 05:24:40,694 [INFO] No improvement: current loss 1696.044716, best loss 1696.044709
2025-07-21 05:24:41,291 [INFO] [227/300] loss 1696.04 | compact 14.6034 | spectral 17.2348 | recons_loss: 0.122418 | sparse_loss: 1.02976 | 
2025-07-21 05:24:41,292 [INFO] [Iter 227] LR: 0.00000001
2025-07-21 05:24:41,293 [INFO] No improvement: current loss 1696.044712, best loss 1696.044709
2025-07-21 05:24:41,890 [INFO] [228/300] loss 1696.04 | compact 14.6034 | spectral 17.2348 | recons_loss: 0.122418 | sparse_loss: 1.02976 | 
2025-07-21 05:24:41,890 [INFO] [Iter 228] LR: 0.00000001
2025-07-21 05:24:41,891 [INFO] No improvement: current loss 1696.044709, best loss 1696.044709
2025-07-21 05:24:42,491 [INFO] [229/300] loss 1696.04 | compact 14.6034 | spectral 17.2348 | recons_loss: 0.122418 | sparse_loss: 1.02976 | 
2025-07-21 05:24:42,491 [INFO] [Iter 229] LR: 0.00000001
2025-07-21 05:24:42,492 [INFO] No improvement: current loss 1696.044706, best loss 1696.044709
2025-07-21 05:24:43,090 [INFO] [230/300] loss 1696.04 | compact 14.6034 | spectral 17.2348 | recons_loss: 0.122418 | sparse_loss: 1.02976 | 
2025-07-21 05:24:43,090 [INFO] [Iter 230] LR: 0.00000001
2025-07-21 05:24:43,091 [INFO] No improvement: current loss 1696.044715, best loss 1696.044709
2025-07-21 05:24:43,691 [INFO] [231/300] loss 1696.04 | compact 14.6034 | spectral 17.2348 | recons_loss: 0.122418 | sparse_loss: 1.02976 | 
2025-07-21 05:24:43,692 [INFO] [Iter 231] LR: 0.00000001
2025-07-21 05:24:43,694 [INFO] No improvement: current loss 1696.044711, best loss 1696.044709
2025-07-21 05:24:44,294 [INFO] [232/300] loss 1696.04 | compact 14.6034 | spectral 17.2348 | recons_loss: 0.122418 | sparse_loss: 1.02976 | 
2025-07-21 05:24:44,295 [INFO] [Iter 232] LR: 0.00000001
2025-07-21 05:24:44,297 [INFO] No improvement: current loss 1696.044708, best loss 1696.044709
2025-07-21 05:24:44,896 [INFO] [233/300] loss 1696.04 | compact 14.6034 | spectral 17.2348 | recons_loss: 0.122418 | sparse_loss: 1.02976 | 
2025-07-21 05:24:44,897 [INFO] [Iter 233] LR: 0.00000001
2025-07-21 05:24:44,898 [INFO] No improvement: current loss 1696.044705, best loss 1696.044709
2025-07-21 05:24:45,504 [INFO] [234/300] loss 1696.04 | compact 14.6034 | spectral 17.2348 | recons_loss: 0.122418 | sparse_loss: 1.02976 | 
2025-07-21 05:24:45,504 [INFO] [Iter 234] LR: 0.00000001
2025-07-21 05:24:45,507 [INFO] No improvement: current loss 1696.044702, best loss 1696.044709
2025-07-21 05:24:46,105 [INFO] [235/300] loss 1696.04 | compact 14.6034 | spectral 17.2348 | recons_loss: 0.122418 | sparse_loss: 1.02976 | 
2025-07-21 05:24:46,105 [INFO] [Iter 235] LR: 0.00000001
2025-07-21 05:24:46,106 [INFO] No improvement: current loss 1696.044712, best loss 1696.044709
2025-07-21 05:24:46,703 [INFO] [236/300] loss 1696.04 | compact 14.6034 | spectral 17.2348 | recons_loss: 0.122418 | sparse_loss: 1.02976 | 
2025-07-21 05:24:46,704 [INFO] [Iter 236] LR: 0.00000001
2025-07-21 05:24:46,705 [INFO] No improvement: current loss 1696.044709, best loss 1696.044709
2025-07-21 05:24:47,302 [INFO] [237/300] loss 1696.04 | compact 14.6034 | spectral 17.2348 | recons_loss: 0.122418 | sparse_loss: 1.02976 | 
2025-07-21 05:24:47,302 [INFO] [Iter 237] LR: 0.00000001
2025-07-21 05:24:47,303 [INFO] No improvement: current loss 1696.044705, best loss 1696.044709
2025-07-21 05:24:47,901 [INFO] [238/300] loss 1696.04 | compact 14.6034 | spectral 17.2348 | recons_loss: 0.122418 | sparse_loss: 1.02976 | 
2025-07-21 05:24:47,901 [INFO] [Iter 238] LR: 0.00000001
2025-07-21 05:24:47,902 [INFO] No improvement: current loss 1696.044703, best loss 1696.044709
2025-07-21 05:24:48,500 [INFO] [239/300] loss 1696.04 | compact 14.6034 | spectral 17.2348 | recons_loss: 0.122418 | sparse_loss: 1.02976 | 
2025-07-21 05:24:48,500 [INFO] [Iter 239] LR: 0.00000001
2025-07-21 05:24:48,501 [INFO] No improvement: current loss 1696.044712, best loss 1696.044709
2025-07-21 05:24:49,099 [INFO] [240/300] loss 1696.04 | compact 14.6034 | spectral 17.2348 | recons_loss: 0.122418 | sparse_loss: 1.02976 | 
2025-07-21 05:24:49,100 [INFO] [Iter 240] LR: 0.00000001
2025-07-21 05:24:49,102 [INFO] No improvement: current loss 1696.044721, best loss 1696.044709
2025-07-21 05:24:49,699 [INFO] [241/300] loss 1696.04 | compact 14.6034 | spectral 17.2348 | recons_loss: 0.122418 | sparse_loss: 1.02976 | 
2025-07-21 05:24:49,700 [INFO] [Iter 241] LR: 0.00000001
2025-07-21 05:24:49,701 [INFO] No improvement: current loss 1696.044729, best loss 1696.044709
2025-07-21 05:24:50,298 [INFO] [242/300] loss 1696.04 | compact 14.6034 | spectral 17.2348 | recons_loss: 0.122418 | sparse_loss: 1.02976 | 
2025-07-21 05:24:50,298 [INFO] [Iter 242] LR: 0.00000001
2025-07-21 05:24:50,299 [INFO] No improvement: current loss 1696.044724, best loss 1696.044709
2025-07-21 05:24:50,897 [INFO] [243/300] loss 1696.04 | compact 14.6034 | spectral 17.2348 | recons_loss: 0.122418 | sparse_loss: 1.02976 | 
2025-07-21 05:24:50,897 [INFO] [Iter 243] LR: 0.00000001
2025-07-21 05:24:50,898 [INFO] No improvement: current loss 1696.044719, best loss 1696.044709
2025-07-21 05:24:51,495 [INFO] [244/300] loss 1696.04 | compact 14.6034 | spectral 17.2348 | recons_loss: 0.122418 | sparse_loss: 1.02976 | 
2025-07-21 05:24:51,495 [INFO] [Iter 244] LR: 0.00000001
2025-07-21 05:24:51,497 [INFO] No improvement: current loss 1696.044715, best loss 1696.044709
2025-07-21 05:24:52,094 [INFO] [245/300] loss 1696.04 | compact 14.6034 | spectral 17.2348 | recons_loss: 0.122418 | sparse_loss: 1.02976 | 
2025-07-21 05:24:52,094 [INFO] [Iter 245] LR: 0.00000001
2025-07-21 05:24:52,095 [INFO] No improvement: current loss 1696.044724, best loss 1696.044709
2025-07-21 05:24:52,693 [INFO] [246/300] loss 1696.04 | compact 14.6034 | spectral 17.2348 | recons_loss: 0.122418 | sparse_loss: 1.02976 | 
2025-07-21 05:24:52,693 [INFO] [Iter 246] LR: 0.00000001
2025-07-21 05:24:52,694 [INFO] No improvement: current loss 1696.044719, best loss 1696.044709
2025-07-21 05:24:53,303 [INFO] [247/300] loss 1696.04 | compact 14.6034 | spectral 17.2348 | recons_loss: 0.122418 | sparse_loss: 1.02976 | 
2025-07-21 05:24:53,303 [INFO] [Iter 247] LR: 0.00000001
2025-07-21 05:24:53,305 [INFO] No improvement: current loss 1696.044715, best loss 1696.044709
2025-07-21 05:24:53,902 [INFO] [248/300] loss 1696.04 | compact 14.6034 | spectral 17.2348 | recons_loss: 0.122418 | sparse_loss: 1.02976 | 
2025-07-21 05:24:53,903 [INFO] [Iter 248] LR: 0.00000001
2025-07-21 05:24:53,904 [INFO] No improvement: current loss 1696.044711, best loss 1696.044709
2025-07-21 05:24:54,502 [INFO] [249/300] loss 1696.04 | compact 14.6034 | spectral 17.2348 | recons_loss: 0.122418 | sparse_loss: 1.02976 | 
2025-07-21 05:24:54,502 [INFO] [Iter 249] LR: 0.00000001
2025-07-21 05:24:54,503 [INFO] No improvement: current loss 1696.044708, best loss 1696.044709
2025-07-21 05:24:54,680 [INFO] H: 600, W: 166
2025-07-21 05:24:54,781 [INFO] [0 1 2 3 4 5]
2025-07-21 05:24:54,880 [INFO] y_target: [1 2 3 4 5 6]
2025-07-21 05:24:54,881 [INFO] y_predict: [0 1 2 3 4 5]
2025-07-21 05:24:54,970 [INFO] Epoch = 250 OA = 0.9056 Kappa = 0.8742 NMI = 0.8320
2025-07-21 05:24:55,445 [INFO] [250/300] loss 1696.04 | compact 14.6034 | spectral 17.2348 | recons_loss: 0.122418 | sparse_loss: 1.02976 | 
2025-07-21 05:24:55,446 [INFO] [Iter 250] LR: 0.00000001
2025-07-21 05:24:55,447 [INFO] No improvement: current loss 1696.044705, best loss 1696.044709
2025-07-21 05:24:56,044 [INFO] [251/300] loss 1696.04 | compact 14.6034 | spectral 17.2348 | recons_loss: 0.122418 | sparse_loss: 1.02976 | 
2025-07-21 05:24:56,044 [INFO] [Iter 251] LR: 0.00000001
2025-07-21 05:24:56,046 [INFO] No improvement: current loss 1696.044714, best loss 1696.044709
2025-07-21 05:24:56,651 [INFO] [252/300] loss 1696.04 | compact 14.6034 | spectral 17.2348 | recons_loss: 0.122418 | sparse_loss: 1.02976 | 
2025-07-21 05:24:56,651 [INFO] [Iter 252] LR: 0.00000001
2025-07-21 05:24:56,652 [INFO] No improvement: current loss 1696.044711, best loss 1696.044709
2025-07-21 05:24:57,249 [INFO] [253/300] loss 1696.04 | compact 14.6034 | spectral 17.2348 | recons_loss: 0.122418 | sparse_loss: 1.02976 | 
2025-07-21 05:24:57,249 [INFO] [Iter 253] LR: 0.00000001
2025-07-21 05:24:57,250 [INFO] No improvement: current loss 1696.044707, best loss 1696.044709
2025-07-21 05:24:57,847 [INFO] [254/300] loss 1696.04 | compact 14.6034 | spectral 17.2348 | recons_loss: 0.122418 | sparse_loss: 1.02976 | 
2025-07-21 05:24:57,847 [INFO] [Iter 254] LR: 0.00000001
2025-07-21 05:24:57,848 [INFO] No improvement: current loss 1696.044704, best loss 1696.044709
2025-07-21 05:24:58,445 [INFO] [255/300] loss 1696.04 | compact 14.6034 | spectral 17.2348 | recons_loss: 0.122418 | sparse_loss: 1.02976 | 
2025-07-21 05:24:58,446 [INFO] [Iter 255] LR: 0.00000001
2025-07-21 05:24:58,447 [INFO] No improvement: current loss 1696.044714, best loss 1696.044709
2025-07-21 05:24:59,045 [INFO] [256/300] loss 1696.04 | compact 14.6034 | spectral 17.2348 | recons_loss: 0.122418 | sparse_loss: 1.02976 | 
2025-07-21 05:24:59,045 [INFO] [Iter 256] LR: 0.00000001
2025-07-21 05:24:59,048 [INFO] No improvement: current loss 1696.044723, best loss 1696.044709
2025-07-21 05:24:59,648 [INFO] [257/300] loss 1696.04 | compact 14.6034 | spectral 17.2348 | recons_loss: 0.122418 | sparse_loss: 1.02976 | 
2025-07-21 05:24:59,648 [INFO] [Iter 257] LR: 0.00000001
2025-07-21 05:24:59,649 [INFO] No improvement: current loss 1696.044718, best loss 1696.044709
2025-07-21 05:25:00,246 [INFO] [258/300] loss 1696.04 | compact 14.6034 | spectral 17.2348 | recons_loss: 0.122418 | sparse_loss: 1.02976 | 
2025-07-21 05:25:00,246 [INFO] [Iter 258] LR: 0.00000001
2025-07-21 05:25:00,247 [INFO] No improvement: current loss 1696.044714, best loss 1696.044709
2025-07-21 05:25:00,845 [INFO] [259/300] loss 1696.04 | compact 14.6034 | spectral 17.2348 | recons_loss: 0.122418 | sparse_loss: 1.02976 | 
2025-07-21 05:25:00,845 [INFO] [Iter 259] LR: 0.00000001
2025-07-21 05:25:00,846 [INFO] No improvement: current loss 1696.044710, best loss 1696.044709
2025-07-21 05:25:01,443 [INFO] [260/300] loss 1696.04 | compact 14.6034 | spectral 17.2348 | recons_loss: 0.122418 | sparse_loss: 1.02976 | 
2025-07-21 05:25:01,443 [INFO] [Iter 260] LR: 0.00000001
2025-07-21 05:25:01,444 [INFO] No improvement: current loss 1696.044707, best loss 1696.044709
2025-07-21 05:25:02,041 [INFO] [261/300] loss 1696.04 | compact 14.6034 | spectral 17.2348 | recons_loss: 0.122418 | sparse_loss: 1.02976 | 
2025-07-21 05:25:02,041 [INFO] [Iter 261] LR: 0.00000001
2025-07-21 05:25:02,042 [INFO] No improvement: current loss 1696.044716, best loss 1696.044709
2025-07-21 05:25:02,639 [INFO] [262/300] loss 1696.04 | compact 14.6034 | spectral 17.2348 | recons_loss: 0.122418 | sparse_loss: 1.02976 | 
2025-07-21 05:25:02,639 [INFO] [Iter 262] LR: 0.00000001
2025-07-21 05:25:02,640 [INFO] No improvement: current loss 1696.044725, best loss 1696.044709
2025-07-21 05:25:03,244 [INFO] [263/300] loss 1696.04 | compact 14.6034 | spectral 17.2348 | recons_loss: 0.122418 | sparse_loss: 1.02976 | 
2025-07-21 05:25:03,245 [INFO] [Iter 263] LR: 0.00000001
2025-07-21 05:25:03,246 [INFO] No improvement: current loss 1696.044732, best loss 1696.044709
2025-07-21 05:25:03,843 [INFO] [264/300] loss 1696.04 | compact 14.6034 | spectral 17.2348 | recons_loss: 0.122418 | sparse_loss: 1.02976 | 
2025-07-21 05:25:03,844 [INFO] [Iter 264] LR: 0.00000001
2025-07-21 05:25:03,845 [INFO] No improvement: current loss 1696.044727, best loss 1696.044709
2025-07-21 05:25:04,445 [INFO] [265/300] loss 1696.04 | compact 14.6034 | spectral 17.2348 | recons_loss: 0.122418 | sparse_loss: 1.02976 | 
2025-07-21 05:25:04,445 [INFO] [Iter 265] LR: 0.00000001
2025-07-21 05:25:04,446 [INFO] No improvement: current loss 1696.044722, best loss 1696.044709
2025-07-21 05:25:05,045 [INFO] [266/300] loss 1696.04 | compact 14.6034 | spectral 17.2348 | recons_loss: 0.122418 | sparse_loss: 1.02976 | 
2025-07-21 05:25:05,045 [INFO] [Iter 266] LR: 0.00000001
2025-07-21 05:25:05,047 [INFO] No improvement: current loss 1696.044730, best loss 1696.044709
2025-07-21 05:25:05,647 [INFO] [267/300] loss 1696.04 | compact 14.6034 | spectral 17.2348 | recons_loss: 0.122418 | sparse_loss: 1.02976 | 
2025-07-21 05:25:05,647 [INFO] [Iter 267] LR: 0.00000001
2025-07-21 05:25:05,648 [INFO] No improvement: current loss 1696.044724, best loss 1696.044709
2025-07-21 05:25:06,245 [INFO] [268/300] loss 1696.04 | compact 14.6034 | spectral 17.2348 | recons_loss: 0.122418 | sparse_loss: 1.02976 | 
2025-07-21 05:25:06,246 [INFO] [Iter 268] LR: 0.00000001
2025-07-21 05:25:06,247 [INFO] No improvement: current loss 1696.044720, best loss 1696.044709
2025-07-21 05:25:06,845 [INFO] [269/300] loss 1696.04 | compact 14.6034 | spectral 17.2348 | recons_loss: 0.122418 | sparse_loss: 1.02976 | 
2025-07-21 05:25:06,845 [INFO] [Iter 269] LR: 0.00000001
2025-07-21 05:25:06,848 [INFO] No improvement: current loss 1696.044716, best loss 1696.044709
2025-07-21 05:25:07,448 [INFO] [270/300] loss 1696.04 | compact 14.6034 | spectral 17.2348 | recons_loss: 0.122418 | sparse_loss: 1.02976 | 
2025-07-21 05:25:07,448 [INFO] [Iter 270] LR: 0.00000001
2025-07-21 05:25:07,449 [INFO] No improvement: current loss 1696.044724, best loss 1696.044709
2025-07-21 05:25:08,048 [INFO] [271/300] loss 1696.04 | compact 14.6034 | spectral 17.2348 | recons_loss: 0.122418 | sparse_loss: 1.02976 | 
2025-07-21 05:25:08,048 [INFO] [Iter 271] LR: 0.00000001
2025-07-21 05:25:08,050 [INFO] No improvement: current loss 1696.044719, best loss 1696.044709
2025-07-21 05:25:08,650 [INFO] [272/300] loss 1696.04 | compact 14.6034 | spectral 17.2348 | recons_loss: 0.122418 | sparse_loss: 1.02976 | 
2025-07-21 05:25:08,650 [INFO] [Iter 272] LR: 0.00000001
2025-07-21 05:25:08,652 [INFO] No improvement: current loss 1696.044715, best loss 1696.044709
2025-07-21 05:25:09,250 [INFO] [273/300] loss 1696.04 | compact 14.6034 | spectral 17.2348 | recons_loss: 0.122418 | sparse_loss: 1.02976 | 
2025-07-21 05:25:09,250 [INFO] [Iter 273] LR: 0.00000001
2025-07-21 05:25:09,251 [INFO] No improvement: current loss 1696.044711, best loss 1696.044709
2025-07-21 05:25:09,851 [INFO] [274/300] loss 1696.04 | compact 14.6034 | spectral 17.2348 | recons_loss: 0.122418 | sparse_loss: 1.02976 | 
2025-07-21 05:25:09,851 [INFO] [Iter 274] LR: 0.00000001
2025-07-21 05:25:09,853 [INFO] No improvement: current loss 1696.044708, best loss 1696.044709
2025-07-21 05:25:10,450 [INFO] [275/300] loss 1696.04 | compact 14.6034 | spectral 17.2348 | recons_loss: 0.122418 | sparse_loss: 1.02976 | 
2025-07-21 05:25:10,451 [INFO] [Iter 275] LR: 0.00000001
2025-07-21 05:25:10,452 [INFO] No improvement: current loss 1696.044705, best loss 1696.044709
2025-07-21 05:25:11,055 [INFO] [276/300] loss 1696.04 | compact 14.6034 | spectral 17.2348 | recons_loss: 0.122418 | sparse_loss: 1.02976 | 
2025-07-21 05:25:11,056 [INFO] [Iter 276] LR: 0.00000001
2025-07-21 05:25:11,057 [INFO] No improvement: current loss 1696.044702, best loss 1696.044709
2025-07-21 05:25:11,655 [INFO] [277/300] loss 1696.04 | compact 14.6034 | spectral 17.2348 | recons_loss: 0.122418 | sparse_loss: 1.02976 | 
2025-07-21 05:25:11,655 [INFO] [Iter 277] LR: 0.00000001
2025-07-21 05:25:11,657 [INFO] No improvement: current loss 1696.044700, best loss 1696.044709
2025-07-21 05:25:12,254 [INFO] [278/300] loss 1696.04 | compact 14.6034 | spectral 17.2348 | recons_loss: 0.122418 | sparse_loss: 1.02976 | 
2025-07-21 05:25:12,254 [INFO] [Iter 278] LR: 0.00000001
2025-07-21 05:25:12,255 [INFO] No improvement: current loss 1696.044710, best loss 1696.044709
2025-07-21 05:25:12,852 [INFO] [279/300] loss 1696.04 | compact 14.6034 | spectral 17.2348 | recons_loss: 0.122418 | sparse_loss: 1.02976 | 
2025-07-21 05:25:12,853 [INFO] [Iter 279] LR: 0.00000001
2025-07-21 05:25:12,854 [INFO] No improvement: current loss 1696.044707, best loss 1696.044709
2025-07-21 05:25:13,451 [INFO] [280/300] loss 1696.04 | compact 14.6034 | spectral 17.2348 | recons_loss: 0.122418 | sparse_loss: 1.02976 | 
2025-07-21 05:25:13,452 [INFO] [Iter 280] LR: 0.00000001
2025-07-21 05:25:13,453 [INFO] No improvement: current loss 1696.044704, best loss 1696.044709
2025-07-21 05:25:14,051 [INFO] [281/300] loss 1696.04 | compact 14.6034 | spectral 17.2348 | recons_loss: 0.122418 | sparse_loss: 1.02976 | 
2025-07-21 05:25:14,051 [INFO] [Iter 281] LR: 0.00000001
2025-07-21 05:25:14,052 [INFO] No improvement: current loss 1696.044701, best loss 1696.044709
2025-07-21 05:25:14,649 [INFO] [282/300] loss 1696.04 | compact 14.6034 | spectral 17.2348 | recons_loss: 0.122418 | sparse_loss: 1.02976 | 
2025-07-21 05:25:14,649 [INFO] [Iter 282] LR: 0.00000001
2025-07-21 05:25:14,650 [INFO] No improvement: current loss 1696.044699, best loss 1696.044709
2025-07-21 05:25:15,247 [INFO] [283/300] loss 1696.04 | compact 14.6034 | spectral 17.2348 | recons_loss: 0.122418 | sparse_loss: 1.02976 | 
2025-07-21 05:25:15,247 [INFO] [Iter 283] LR: 0.00000001
2025-07-21 05:25:15,248 [INFO] No improvement: current loss 1696.044697, best loss 1696.044709
2025-07-21 05:25:15,845 [INFO] [284/300] loss 1696.04 | compact 14.6034 | spectral 17.2348 | recons_loss: 0.122418 | sparse_loss: 1.02976 | 
2025-07-21 05:25:15,845 [INFO] [Iter 284] LR: 0.00000001
2025-07-21 05:25:15,846 [INFO] No improvement: current loss 1696.044707, best loss 1696.044709
2025-07-21 05:25:16,444 [INFO] [285/300] loss 1696.04 | compact 14.6034 | spectral 17.2348 | recons_loss: 0.122418 | sparse_loss: 1.02976 | 
2025-07-21 05:25:16,445 [INFO] [Iter 285] LR: 0.00000001
2025-07-21 05:25:16,447 [INFO] No improvement: current loss 1696.044704, best loss 1696.044709
2025-07-21 05:25:17,044 [INFO] [286/300] loss 1696.04 | compact 14.6034 | spectral 17.2348 | recons_loss: 0.122418 | sparse_loss: 1.02976 | 
2025-07-21 05:25:17,044 [INFO] [Iter 286] LR: 0.00000001
2025-07-21 05:25:17,045 [INFO] No improvement: current loss 1696.044714, best loss 1696.044709
2025-07-21 05:25:17,643 [INFO] [287/300] loss 1696.04 | compact 14.6034 | spectral 17.2348 | recons_loss: 0.122418 | sparse_loss: 1.02976 | 
2025-07-21 05:25:17,643 [INFO] [Iter 287] LR: 0.00000001
2025-07-21 05:25:17,644 [INFO] No improvement: current loss 1696.044710, best loss 1696.044709
2025-07-21 05:25:18,242 [INFO] [288/300] loss 1696.04 | compact 14.6034 | spectral 17.2348 | recons_loss: 0.122418 | sparse_loss: 1.02976 | 
2025-07-21 05:25:18,242 [INFO] [Iter 288] LR: 0.00000001
2025-07-21 05:25:18,243 [INFO] No improvement: current loss 1696.044719, best loss 1696.044709
2025-07-21 05:25:18,845 [INFO] [289/300] loss 1696.04 | compact 14.6034 | spectral 17.2348 | recons_loss: 0.122418 | sparse_loss: 1.02976 | 
2025-07-21 05:25:18,845 [INFO] [Iter 289] LR: 0.00000001
2025-07-21 05:25:18,846 [INFO] No improvement: current loss 1696.044727, best loss 1696.044709
2025-07-21 05:25:19,444 [INFO] [290/300] loss 1696.04 | compact 14.6034 | spectral 17.2348 | recons_loss: 0.122418 | sparse_loss: 1.02976 | 
2025-07-21 05:25:19,444 [INFO] [Iter 290] LR: 0.00000001
2025-07-21 05:25:19,446 [INFO] No improvement: current loss 1696.044722, best loss 1696.044709
2025-07-21 05:25:20,046 [INFO] [291/300] loss 1696.04 | compact 14.6034 | spectral 17.2348 | recons_loss: 0.122418 | sparse_loss: 1.02976 | 
2025-07-21 05:25:20,047 [INFO] [Iter 291] LR: 0.00000001
2025-07-21 05:25:20,048 [INFO] No improvement: current loss 1696.044718, best loss 1696.044709
2025-07-21 05:25:20,664 [INFO] [292/300] loss 1696.04 | compact 14.6034 | spectral 17.2348 | recons_loss: 0.122418 | sparse_loss: 1.02976 | 
2025-07-21 05:25:20,664 [INFO] [Iter 292] LR: 0.00000001
2025-07-21 05:25:20,665 [INFO] No improvement: current loss 1696.044714, best loss 1696.044709
2025-07-21 05:25:21,263 [INFO] [293/300] loss 1696.04 | compact 14.6034 | spectral 17.2348 | recons_loss: 0.122418 | sparse_loss: 1.02976 | 
2025-07-21 05:25:21,263 [INFO] [Iter 293] LR: 0.00000001
2025-07-21 05:25:21,264 [INFO] No improvement: current loss 1696.044722, best loss 1696.044709
2025-07-21 05:25:21,862 [INFO] [294/300] loss 1696.04 | compact 14.6034 | spectral 17.2348 | recons_loss: 0.122418 | sparse_loss: 1.02976 | 
2025-07-21 05:25:21,862 [INFO] [Iter 294] LR: 0.00000001
2025-07-21 05:25:21,863 [INFO] No improvement: current loss 1696.044730, best loss 1696.044709
2025-07-21 05:25:22,461 [INFO] [295/300] loss 1696.04 | compact 14.6034 | spectral 17.2348 | recons_loss: 0.122418 | sparse_loss: 1.02976 | 
2025-07-21 05:25:22,461 [INFO] [Iter 295] LR: 0.00000001
2025-07-21 05:25:22,462 [INFO] No improvement: current loss 1696.044725, best loss 1696.044709
2025-07-21 05:25:23,060 [INFO] [296/300] loss 1696.04 | compact 14.6034 | spectral 17.2348 | recons_loss: 0.122418 | sparse_loss: 1.02976 | 
2025-07-21 05:25:23,060 [INFO] [Iter 296] LR: 0.00000001
2025-07-21 05:25:23,061 [INFO] No improvement: current loss 1696.044720, best loss 1696.044709
2025-07-21 05:25:23,658 [INFO] [297/300] loss 1696.04 | compact 14.6034 | spectral 17.2348 | recons_loss: 0.122418 | sparse_loss: 1.02976 | 
2025-07-21 05:25:23,659 [INFO] [Iter 297] LR: 0.00000001
2025-07-21 05:25:23,661 [INFO] No improvement: current loss 1696.044716, best loss 1696.044709
2025-07-21 05:25:24,260 [INFO] [298/300] loss 1696.04 | compact 14.6034 | spectral 17.2348 | recons_loss: 0.122418 | sparse_loss: 1.02976 | 
2025-07-21 05:25:24,260 [INFO] [Iter 298] LR: 0.00000001
2025-07-21 05:25:24,261 [INFO] No improvement: current loss 1696.044724, best loss 1696.044709
2025-07-21 05:25:24,437 [INFO] H: 600, W: 166
2025-07-21 05:25:24,569 [INFO] [0 1 2 3 4 5]
2025-07-21 05:25:24,665 [INFO] y_target: [1 2 3 4 5 6]
2025-07-21 05:25:24,665 [INFO] y_predict: [0 1 2 3 4 5]
2025-07-21 05:25:24,753 [INFO] Epoch = 299 OA = 0.9056 Kappa = 0.8742 NMI = 0.8320
2025-07-21 05:25:25,229 [INFO] [299/300] loss 1696.04 | compact 14.6034 | spectral 17.2348 | recons_loss: 0.122418 | sparse_loss: 1.02976 | 
2025-07-21 05:25:25,230 [INFO] [Iter 299] LR: 0.00000001
2025-07-21 05:25:25,231 [INFO] No improvement: current loss 1696.044720, best loss 1696.044709
2025-07-21 05:25:25,231 [INFO] Training finished. Best model loaded.
