2025-07-21 05:06:15,842 [INFO] ========== Training Configuration ==========
2025-07-21 05:06:15,842 [INFO] out_dir: ./log
2025-07-21 05:06:15,842 [INFO] lr: 0.1
2025-07-21 05:06:15,842 [INFO] train_iter: 300
2025-07-21 05:06:15,842 [INFO] niter: 5
2025-07-21 05:06:15,842 [INFO] nspix: 300
2025-07-21 05:06:15,842 [INFO] weight: weight
2025-07-21 05:06:15,842 [INFO] weight_representation: 215.0
2025-07-21 05:06:15,842 [INFO] weight_noise: 50.0
2025-07-21 05:06:15,842 [INFO] dataset: trento
2025-07-21 05:06:15,842 [INFO] device: cuda:0
2025-07-21 05:06:15,842 [INFO] log: trento11
2025-07-21 05:06:15,842 [INFO] ============================================
2025-07-21 05:06:18,875 [INFO] H: 600, W: 166
2025-07-21 05:06:18,937 [INFO] [0 1 2 3 4 5]
2025-07-21 05:06:19,131 [INFO] y_target: [1 2 3 4 5 6]
2025-07-21 05:06:19,132 [INFO] y_predict: [0 1 2 3 4 5]
2025-07-21 05:06:19,222 [INFO] Epoch = 0 OA = 0.8509 Kappa = 0.8011 NMI = 0.7884
2025-07-21 05:06:19,744 [INFO] [0/300] loss 1601.42 | compact 13.9608 | spectral 17.8474 | recons_loss: 0.260069 | sparse_loss: 1.04467 | 
2025-07-21 05:06:19,744 [INFO] [Iter 0] LR: 0.10000000
2025-07-21 05:06:19,745 [INFO] Saving best model at iteration 0
2025-07-21 05:06:20,345 [INFO] [1/300] loss 1600.56 | compact 13.9657 | spectral 17.8346 | recons_loss: 0.258685 | sparse_loss: 1.04471 | 
2025-07-21 05:06:20,345 [INFO] [Iter 1] LR: 0.10000000
2025-07-21 05:06:20,347 [INFO] Saving best model at iteration 1
2025-07-21 05:06:20,952 [INFO] [2/300] loss 1599.27 | compact 13.9686 | spectral 17.819 | recons_loss: 0.256843 | sparse_loss: 1.04466 | 
2025-07-21 05:06:20,952 [INFO] [Iter 2] LR: 0.10000000
2025-07-21 05:06:20,953 [INFO] Saving best model at iteration 2
2025-07-21 05:06:21,555 [INFO] [3/300] loss 1597.56 | compact 13.9747 | spectral 17.8009 | recons_loss: 0.254349 | sparse_loss: 1.04445 | 
2025-07-21 05:06:21,556 [INFO] [Iter 3] LR: 0.10000000
2025-07-21 05:06:21,558 [INFO] Saving best model at iteration 3
2025-07-21 05:06:22,168 [INFO] [4/300] loss 1595.51 | compact 13.9802 | spectral 17.7796 | recons_loss: 0.251335 | sparse_loss: 1.04407 | 
2025-07-21 05:06:22,168 [INFO] [Iter 4] LR: 0.10000000
2025-07-21 05:06:22,169 [INFO] Saving best model at iteration 4
2025-07-21 05:06:22,778 [INFO] [5/300] loss 1593.25 | compact 13.9843 | spectral 17.7517 | recons_loss: 0.247937 | sparse_loss: 1.04356 | 
2025-07-21 05:06:22,779 [INFO] [Iter 5] LR: 0.10000000
2025-07-21 05:06:22,780 [INFO] Saving best model at iteration 5
2025-07-21 05:06:23,391 [INFO] [6/300] loss 1590.87 | compact 13.9895 | spectral 17.7258 | recons_loss: 0.244273 | sparse_loss: 1.04301 | 
2025-07-21 05:06:23,392 [INFO] [Iter 6] LR: 0.10000000
2025-07-21 05:06:23,394 [INFO] Saving best model at iteration 6
2025-07-21 05:06:24,016 [INFO] [7/300] loss 1588.41 | compact 13.9947 | spectral 17.6963 | recons_loss: 0.240387 | sparse_loss: 1.04244 | 
2025-07-21 05:06:24,016 [INFO] [Iter 7] LR: 0.10000000
2025-07-21 05:06:24,019 [INFO] Saving best model at iteration 7
2025-07-21 05:06:24,640 [INFO] [8/300] loss 1585.93 | compact 14.001 | spectral 17.6638 | recons_loss: 0.236336 | sparse_loss: 1.0419 | 
2025-07-21 05:06:24,640 [INFO] [Iter 8] LR: 0.10000000
2025-07-21 05:06:24,641 [INFO] Saving best model at iteration 8
2025-07-21 05:06:25,253 [INFO] [9/300] loss 1583.44 | compact 14.0062 | spectral 17.6324 | recons_loss: 0.232126 | sparse_loss: 1.0414 | 
2025-07-21 05:06:25,253 [INFO] [Iter 9] LR: 0.10000000
2025-07-21 05:06:25,255 [INFO] Saving best model at iteration 9
2025-07-21 05:06:25,867 [INFO] [10/300] loss 1580.97 | compact 14.0117 | spectral 17.6029 | recons_loss: 0.227817 | sparse_loss: 1.0409 | 
2025-07-21 05:06:25,867 [INFO] [Iter 10] LR: 0.10000000
2025-07-21 05:06:25,868 [INFO] Saving best model at iteration 10
2025-07-21 05:06:26,471 [INFO] [11/300] loss 1578.56 | compact 14.0138 | spectral 17.5759 | recons_loss: 0.223502 | sparse_loss: 1.04039 | 
2025-07-21 05:06:26,471 [INFO] [Iter 11] LR: 0.10000000
2025-07-21 05:06:26,472 [INFO] Saving best model at iteration 11
2025-07-21 05:06:27,070 [INFO] [12/300] loss 1576.19 | compact 14.0173 | spectral 17.5489 | recons_loss: 0.219174 | sparse_loss: 1.03986 | 
2025-07-21 05:06:27,070 [INFO] [Iter 12] LR: 0.10000000
2025-07-21 05:06:27,071 [INFO] Saving best model at iteration 12
2025-07-21 05:06:27,668 [INFO] [13/300] loss 1573.91 | compact 14.02 | spectral 17.5273 | recons_loss: 0.214904 | sparse_loss: 1.03934 | 
2025-07-21 05:06:27,668 [INFO] [Iter 13] LR: 0.10000000
2025-07-21 05:06:27,669 [INFO] Saving best model at iteration 13
2025-07-21 05:06:28,266 [INFO] [14/300] loss 1571.64 | compact 14.0244 | spectral 17.5101 | recons_loss: 0.210533 | sparse_loss: 1.03882 | 
2025-07-21 05:06:28,267 [INFO] [Iter 14] LR: 0.10000000
2025-07-21 05:06:28,268 [INFO] Saving best model at iteration 14
2025-07-21 05:06:28,865 [INFO] [15/300] loss 1569.49 | compact 14.0292 | spectral 17.4923 | recons_loss: 0.206309 | sparse_loss: 1.03834 | 
2025-07-21 05:06:28,865 [INFO] [Iter 15] LR: 0.10000000
2025-07-21 05:06:28,866 [INFO] Saving best model at iteration 15
2025-07-21 05:06:29,480 [INFO] [16/300] loss 1567.43 | compact 14.035 | spectral 17.4739 | recons_loss: 0.202199 | sparse_loss: 1.03792 | 
2025-07-21 05:06:29,480 [INFO] [Iter 16] LR: 0.10000000
2025-07-21 05:06:29,481 [INFO] Saving best model at iteration 16
2025-07-21 05:06:30,078 [INFO] [17/300] loss 1565.47 | compact 14.0406 | spectral 17.4563 | recons_loss: 0.198234 | sparse_loss: 1.03753 | 
2025-07-21 05:06:30,078 [INFO] [Iter 17] LR: 0.10000000
2025-07-21 05:06:30,079 [INFO] Saving best model at iteration 17
2025-07-21 05:06:30,676 [INFO] [18/300] loss 1563.6 | compact 14.0477 | spectral 17.4396 | recons_loss: 0.194426 | sparse_loss: 1.03717 | 
2025-07-21 05:06:30,676 [INFO] [Iter 18] LR: 0.10000000
2025-07-21 05:06:30,677 [INFO] Saving best model at iteration 18
2025-07-21 05:06:31,274 [INFO] [19/300] loss 1561.82 | compact 14.0568 | spectral 17.4225 | recons_loss: 0.190769 | sparse_loss: 1.03683 | 
2025-07-21 05:06:31,274 [INFO] [Iter 19] LR: 0.10000000
2025-07-21 05:06:31,275 [INFO] Saving best model at iteration 19
2025-07-21 05:06:31,872 [INFO] [20/300] loss 1560.12 | compact 14.0655 | spectral 17.4063 | recons_loss: 0.187269 | sparse_loss: 1.03651 | 
2025-07-21 05:06:31,872 [INFO] [Iter 20] LR: 0.10000000
2025-07-21 05:06:31,873 [INFO] Saving best model at iteration 20
2025-07-21 05:06:32,469 [INFO] [21/300] loss 1558.51 | compact 14.0737 | spectral 17.3909 | recons_loss: 0.183936 | sparse_loss: 1.03619 | 
2025-07-21 05:06:32,470 [INFO] [Iter 21] LR: 0.10000000
2025-07-21 05:06:32,471 [INFO] Saving best model at iteration 21
2025-07-21 05:06:33,069 [INFO] [22/300] loss 1556.98 | compact 14.0831 | spectral 17.3732 | recons_loss: 0.180777 | sparse_loss: 1.03589 | 
2025-07-21 05:06:33,069 [INFO] [Iter 22] LR: 0.10000000
2025-07-21 05:06:33,072 [INFO] Saving best model at iteration 22
2025-07-21 05:06:33,674 [INFO] [23/300] loss 1555.53 | compact 14.0924 | spectral 17.3586 | recons_loss: 0.177779 | sparse_loss: 1.0356 | 
2025-07-21 05:06:33,675 [INFO] [Iter 23] LR: 0.10000000
2025-07-21 05:06:33,676 [INFO] Saving best model at iteration 23
2025-07-21 05:06:34,273 [INFO] [24/300] loss 1554.15 | compact 14.103 | spectral 17.3436 | recons_loss: 0.174943 | sparse_loss: 1.03535 | 
2025-07-21 05:06:34,274 [INFO] [Iter 24] LR: 0.10000000
2025-07-21 05:06:34,275 [INFO] Saving best model at iteration 24
2025-07-21 05:06:34,873 [INFO] [25/300] loss 1552.84 | compact 14.1154 | spectral 17.3336 | recons_loss: 0.172262 | sparse_loss: 1.03513 | 
2025-07-21 05:06:34,873 [INFO] [Iter 25] LR: 0.10000000
2025-07-21 05:06:34,874 [INFO] Saving best model at iteration 25
2025-07-21 05:06:35,475 [INFO] [26/300] loss 1551.61 | compact 14.1252 | spectral 17.3268 | recons_loss: 0.169739 | sparse_loss: 1.03493 | 
2025-07-21 05:06:35,475 [INFO] [Iter 26] LR: 0.10000000
2025-07-21 05:06:35,476 [INFO] Saving best model at iteration 26
2025-07-21 05:06:36,073 [INFO] [27/300] loss 1550.45 | compact 14.1382 | spectral 17.3162 | recons_loss: 0.167376 | sparse_loss: 1.03476 | 
2025-07-21 05:06:36,073 [INFO] [Iter 27] LR: 0.10000000
2025-07-21 05:06:36,074 [INFO] Saving best model at iteration 27
2025-07-21 05:06:36,672 [INFO] [28/300] loss 1549.34 | compact 14.1499 | spectral 17.3022 | recons_loss: 0.165149 | sparse_loss: 1.03457 | 
2025-07-21 05:06:36,672 [INFO] [Iter 28] LR: 0.10000000
2025-07-21 05:06:36,673 [INFO] Saving best model at iteration 28
2025-07-21 05:06:37,270 [INFO] [29/300] loss 1548.29 | compact 14.1594 | spectral 17.2927 | recons_loss: 0.163048 | sparse_loss: 1.0344 | 
2025-07-21 05:06:37,271 [INFO] [Iter 29] LR: 0.10000000
2025-07-21 05:06:37,272 [INFO] Saving best model at iteration 29
2025-07-21 05:06:37,869 [INFO] [30/300] loss 1547.29 | compact 14.1684 | spectral 17.2833 | recons_loss: 0.161076 | sparse_loss: 1.03423 | 
2025-07-21 05:06:37,869 [INFO] [Iter 30] LR: 0.10000000
2025-07-21 05:06:37,870 [INFO] Saving best model at iteration 30
2025-07-21 05:06:38,467 [INFO] [31/300] loss 1546.35 | compact 14.1763 | spectral 17.274 | recons_loss: 0.15923 | sparse_loss: 1.03408 | 
2025-07-21 05:06:38,467 [INFO] [Iter 31] LR: 0.10000000
2025-07-21 05:06:38,468 [INFO] Saving best model at iteration 31
2025-07-21 05:06:39,079 [INFO] [32/300] loss 1545.46 | compact 14.1834 | spectral 17.2628 | recons_loss: 0.157507 | sparse_loss: 1.03394 | 
2025-07-21 05:06:39,079 [INFO] [Iter 32] LR: 0.10000000
2025-07-21 05:06:39,080 [INFO] Saving best model at iteration 32
2025-07-21 05:06:39,678 [INFO] [33/300] loss 1544.62 | compact 14.1916 | spectral 17.2496 | recons_loss: 0.155905 | sparse_loss: 1.03381 | 
2025-07-21 05:06:39,678 [INFO] [Iter 33] LR: 0.10000000
2025-07-21 05:06:39,679 [INFO] Saving best model at iteration 33
2025-07-21 05:06:40,276 [INFO] [34/300] loss 1543.81 | compact 14.2009 | spectral 17.2366 | recons_loss: 0.154407 | sparse_loss: 1.03369 | 
2025-07-21 05:06:40,276 [INFO] [Iter 34] LR: 0.10000000
2025-07-21 05:06:40,277 [INFO] Saving best model at iteration 34
2025-07-21 05:06:40,874 [INFO] [35/300] loss 1543.06 | compact 14.2095 | spectral 17.227 | recons_loss: 0.15301 | sparse_loss: 1.03356 | 
2025-07-21 05:06:40,875 [INFO] [Iter 35] LR: 0.10000000
2025-07-21 05:06:40,876 [INFO] Saving best model at iteration 35
2025-07-21 05:06:41,474 [INFO] [36/300] loss 1542.35 | compact 14.2199 | spectral 17.213 | recons_loss: 0.151713 | sparse_loss: 1.03342 | 
2025-07-21 05:06:41,474 [INFO] [Iter 36] LR: 0.10000000
2025-07-21 05:06:41,475 [INFO] Saving best model at iteration 36
2025-07-21 05:06:42,073 [INFO] [37/300] loss 1541.69 | compact 14.2309 | spectral 17.1989 | recons_loss: 0.150496 | sparse_loss: 1.03328 | 
2025-07-21 05:06:42,073 [INFO] [Iter 37] LR: 0.10000000
2025-07-21 05:06:42,074 [INFO] Saving best model at iteration 37
2025-07-21 05:06:42,672 [INFO] [38/300] loss 1541.05 | compact 14.2396 | spectral 17.1849 | recons_loss: 0.149364 | sparse_loss: 1.03315 | 
2025-07-21 05:06:42,672 [INFO] [Iter 38] LR: 0.10000000
2025-07-21 05:06:42,673 [INFO] Saving best model at iteration 38
2025-07-21 05:06:43,270 [INFO] [39/300] loss 1540.43 | compact 14.2485 | spectral 17.1712 | recons_loss: 0.148297 | sparse_loss: 1.03302 | 
2025-07-21 05:06:43,271 [INFO] [Iter 39] LR: 0.10000000
2025-07-21 05:06:43,271 [INFO] Saving best model at iteration 39
2025-07-21 05:06:43,868 [INFO] [40/300] loss 1539.85 | compact 14.2569 | spectral 17.16 | recons_loss: 0.147292 | sparse_loss: 1.03291 | 
2025-07-21 05:06:43,869 [INFO] [Iter 40] LR: 0.10000000
2025-07-21 05:06:43,870 [INFO] Saving best model at iteration 40
2025-07-21 05:06:44,466 [INFO] [41/300] loss 1539.29 | compact 14.2652 | spectral 17.1489 | recons_loss: 0.146347 | sparse_loss: 1.0328 | 
2025-07-21 05:06:44,466 [INFO] [Iter 41] LR: 0.10000000
2025-07-21 05:06:44,467 [INFO] Saving best model at iteration 41
2025-07-21 05:06:45,064 [INFO] [42/300] loss 1538.75 | compact 14.2722 | spectral 17.1398 | recons_loss: 0.145458 | sparse_loss: 1.03268 | 
2025-07-21 05:06:45,064 [INFO] [Iter 42] LR: 0.10000000
2025-07-21 05:06:45,065 [INFO] Saving best model at iteration 42
2025-07-21 05:06:45,662 [INFO] [43/300] loss 1538.24 | compact 14.2801 | spectral 17.1316 | recons_loss: 0.144626 | sparse_loss: 1.03256 | 
2025-07-21 05:06:45,662 [INFO] [Iter 43] LR: 0.10000000
2025-07-21 05:06:45,663 [INFO] Saving best model at iteration 43
2025-07-21 05:06:46,261 [INFO] [44/300] loss 1537.74 | compact 14.288 | spectral 17.1238 | recons_loss: 0.143854 | sparse_loss: 1.03244 | 
2025-07-21 05:06:46,261 [INFO] [Iter 44] LR: 0.10000000
2025-07-21 05:06:46,262 [INFO] Saving best model at iteration 44
2025-07-21 05:06:46,860 [INFO] [45/300] loss 1537.27 | compact 14.2957 | spectral 17.1173 | recons_loss: 0.143113 | sparse_loss: 1.03233 | 
2025-07-21 05:06:46,861 [INFO] [Iter 45] LR: 0.10000000
2025-07-21 05:06:46,863 [INFO] Saving best model at iteration 45
2025-07-21 05:06:47,462 [INFO] [46/300] loss 1536.83 | compact 14.3028 | spectral 17.1117 | recons_loss: 0.142421 | sparse_loss: 1.03224 | 
2025-07-21 05:06:47,462 [INFO] [Iter 46] LR: 0.10000000
2025-07-21 05:06:47,463 [INFO] Saving best model at iteration 46
2025-07-21 05:06:48,060 [INFO] [47/300] loss 1536.4 | compact 14.3094 | spectral 17.1078 | recons_loss: 0.141769 | sparse_loss: 1.03215 | 
2025-07-21 05:06:48,060 [INFO] [Iter 47] LR: 0.10000000
2025-07-21 05:06:48,061 [INFO] Saving best model at iteration 47
2025-07-21 05:06:48,672 [INFO] [48/300] loss 1536 | compact 14.3147 | spectral 17.1057 | recons_loss: 0.141158 | sparse_loss: 1.03207 | 
2025-07-21 05:06:48,672 [INFO] [Iter 48] LR: 0.10000000
2025-07-21 05:06:48,673 [INFO] Saving best model at iteration 48
2025-07-21 05:06:49,272 [INFO] [49/300] loss 1535.62 | compact 14.3189 | spectral 17.1046 | recons_loss: 0.140579 | sparse_loss: 1.03198 | 
2025-07-21 05:06:49,272 [INFO] [Iter 49] LR: 0.10000000
2025-07-21 05:06:49,273 [INFO] Saving best model at iteration 49
2025-07-21 05:06:49,478 [INFO] H: 600, W: 166
2025-07-21 05:06:49,579 [INFO] [0 1 2 3 4 5]
2025-07-21 05:06:49,884 [INFO] y_target: [1 2 3 4 5 6]
2025-07-21 05:06:49,884 [INFO] y_predict: [0 1 2 3 4 5]
2025-07-21 05:06:49,973 [INFO] Epoch = 50 OA = 0.8082 Kappa = 0.7548 NMI = 0.7555
2025-07-21 05:06:50,449 [INFO] [50/300] loss 1535.25 | compact 14.3242 | spectral 17.1036 | recons_loss: 0.140025 | sparse_loss: 1.0319 | 
2025-07-21 05:06:50,449 [INFO] [Iter 50] LR: 0.10000000
2025-07-21 05:06:50,450 [INFO] Saving best model at iteration 50
2025-07-21 05:06:51,048 [INFO] [51/300] loss 1534.9 | compact 14.3307 | spectral 17.1015 | recons_loss: 0.139506 | sparse_loss: 1.03182 | 
2025-07-21 05:06:51,049 [INFO] [Iter 51] LR: 0.10000000
2025-07-21 05:06:51,051 [INFO] Saving best model at iteration 51
2025-07-21 05:06:51,651 [INFO] [52/300] loss 1534.58 | compact 14.3377 | spectral 17.0981 | recons_loss: 0.139009 | sparse_loss: 1.03175 | 
2025-07-21 05:06:51,651 [INFO] [Iter 52] LR: 0.10000000
2025-07-21 05:06:51,652 [INFO] Saving best model at iteration 52
2025-07-21 05:06:52,249 [INFO] [53/300] loss 1534.26 | compact 14.3458 | spectral 17.093 | recons_loss: 0.138536 | sparse_loss: 1.03169 | 
2025-07-21 05:06:52,249 [INFO] [Iter 53] LR: 0.10000000
2025-07-21 05:06:52,250 [INFO] Saving best model at iteration 53
2025-07-21 05:06:52,848 [INFO] [54/300] loss 1533.97 | compact 14.3523 | spectral 17.0901 | recons_loss: 0.138088 | sparse_loss: 1.03163 | 
2025-07-21 05:06:52,849 [INFO] [Iter 54] LR: 0.10000000
2025-07-21 05:06:52,851 [INFO] Saving best model at iteration 54
2025-07-21 05:06:53,450 [INFO] [55/300] loss 1533.67 | compact 14.3595 | spectral 17.0867 | recons_loss: 0.137658 | sparse_loss: 1.03157 | 
2025-07-21 05:06:53,450 [INFO] [Iter 55] LR: 0.10000000
2025-07-21 05:06:53,451 [INFO] Saving best model at iteration 55
2025-07-21 05:06:54,048 [INFO] [56/300] loss 1533.4 | compact 14.3665 | spectral 17.0842 | recons_loss: 0.13725 | sparse_loss: 1.03151 | 
2025-07-21 05:06:54,049 [INFO] [Iter 56] LR: 0.10000000
2025-07-21 05:06:54,050 [INFO] Saving best model at iteration 56
2025-07-21 05:06:54,647 [INFO] [57/300] loss 1533.14 | compact 14.3757 | spectral 17.0859 | recons_loss: 0.136867 | sparse_loss: 1.03145 | 
2025-07-21 05:06:54,647 [INFO] [Iter 57] LR: 0.10000000
2025-07-21 05:06:54,648 [INFO] Saving best model at iteration 57
2025-07-21 05:06:55,257 [INFO] [58/300] loss 1532.89 | compact 14.3841 | spectral 17.0876 | recons_loss: 0.136499 | sparse_loss: 1.03141 | 
2025-07-21 05:06:55,258 [INFO] [Iter 58] LR: 0.10000000
2025-07-21 05:06:55,259 [INFO] Saving best model at iteration 58
2025-07-21 05:06:55,856 [INFO] [59/300] loss 1532.65 | compact 14.3913 | spectral 17.0897 | recons_loss: 0.136142 | sparse_loss: 1.03138 | 
2025-07-21 05:06:55,856 [INFO] [Iter 59] LR: 0.10000000
2025-07-21 05:06:55,857 [INFO] Saving best model at iteration 59
2025-07-21 05:06:56,455 [INFO] [60/300] loss 1532.41 | compact 14.3981 | spectral 17.0927 | recons_loss: 0.135792 | sparse_loss: 1.03134 | 
2025-07-21 05:06:56,455 [INFO] [Iter 60] LR: 0.10000000
2025-07-21 05:06:56,456 [INFO] Saving best model at iteration 60
2025-07-21 05:06:57,053 [INFO] [61/300] loss 1532.18 | compact 14.4034 | spectral 17.0966 | recons_loss: 0.135452 | sparse_loss: 1.0313 | 
2025-07-21 05:06:57,054 [INFO] [Iter 61] LR: 0.10000000
2025-07-21 05:06:57,055 [INFO] Saving best model at iteration 61
2025-07-21 05:06:57,652 [INFO] [62/300] loss 1531.97 | compact 14.4072 | spectral 17.1032 | recons_loss: 0.135127 | sparse_loss: 1.03127 | 
2025-07-21 05:06:57,653 [INFO] [Iter 62] LR: 0.10000000
2025-07-21 05:06:57,654 [INFO] Saving best model at iteration 62
2025-07-21 05:06:58,259 [INFO] [63/300] loss 1531.76 | compact 14.4097 | spectral 17.1103 | recons_loss: 0.134806 | sparse_loss: 1.03124 | 
2025-07-21 05:06:58,260 [INFO] [Iter 63] LR: 0.10000000
2025-07-21 05:06:58,261 [INFO] Saving best model at iteration 63
2025-07-21 05:06:58,858 [INFO] [64/300] loss 1531.55 | compact 14.4131 | spectral 17.1172 | recons_loss: 0.134492 | sparse_loss: 1.03121 | 
2025-07-21 05:06:58,859 [INFO] [Iter 64] LR: 0.10000000
2025-07-21 05:06:58,860 [INFO] Saving best model at iteration 64
2025-07-21 05:06:59,457 [INFO] [65/300] loss 1531.36 | compact 14.4154 | spectral 17.1245 | recons_loss: 0.134188 | sparse_loss: 1.03119 | 
2025-07-21 05:06:59,458 [INFO] [Iter 65] LR: 0.10000000
2025-07-21 05:06:59,459 [INFO] Saving best model at iteration 65
2025-07-21 05:07:00,056 [INFO] [66/300] loss 1531.17 | compact 14.4169 | spectral 17.1318 | recons_loss: 0.133893 | sparse_loss: 1.03117 | 
2025-07-21 05:07:00,057 [INFO] [Iter 66] LR: 0.10000000
2025-07-21 05:07:00,058 [INFO] Saving best model at iteration 66
2025-07-21 05:07:00,656 [INFO] [67/300] loss 1530.98 | compact 14.419 | spectral 17.1388 | recons_loss: 0.133605 | sparse_loss: 1.03114 | 
2025-07-21 05:07:00,657 [INFO] [Iter 67] LR: 0.10000000
2025-07-21 05:07:00,659 [INFO] Saving best model at iteration 67
2025-07-21 05:07:01,257 [INFO] [68/300] loss 1530.8 | compact 14.4204 | spectral 17.1456 | recons_loss: 0.133323 | sparse_loss: 1.03111 | 
2025-07-21 05:07:01,257 [INFO] [Iter 68] LR: 0.10000000
2025-07-21 05:07:01,258 [INFO] Saving best model at iteration 68
2025-07-21 05:07:01,856 [INFO] [69/300] loss 1530.61 | compact 14.4227 | spectral 17.1502 | recons_loss: 0.133048 | sparse_loss: 1.03109 | 
2025-07-21 05:07:01,856 [INFO] [Iter 69] LR: 0.10000000
2025-07-21 05:07:01,858 [INFO] Saving best model at iteration 69
2025-07-21 05:07:02,456 [INFO] [70/300] loss 1530.44 | compact 14.426 | spectral 17.1576 | recons_loss: 0.132784 | sparse_loss: 1.03107 | 
2025-07-21 05:07:02,457 [INFO] [Iter 70] LR: 0.10000000
2025-07-21 05:07:02,458 [INFO] Saving best model at iteration 70
2025-07-21 05:07:03,055 [INFO] [71/300] loss 1530.27 | compact 14.4243 | spectral 17.1665 | recons_loss: 0.132532 | sparse_loss: 1.03105 | 
2025-07-21 05:07:03,055 [INFO] [Iter 71] LR: 0.10000000
2025-07-21 05:07:03,056 [INFO] Saving best model at iteration 71
2025-07-21 05:07:03,653 [INFO] [72/300] loss 1530.11 | compact 14.4228 | spectral 17.1735 | recons_loss: 0.132289 | sparse_loss: 1.03104 | 
2025-07-21 05:07:03,653 [INFO] [Iter 72] LR: 0.10000000
2025-07-21 05:07:03,654 [INFO] Saving best model at iteration 72
2025-07-21 05:07:04,252 [INFO] [73/300] loss 1529.95 | compact 14.4206 | spectral 17.1817 | recons_loss: 0.132056 | sparse_loss: 1.03102 | 
2025-07-21 05:07:04,252 [INFO] [Iter 73] LR: 0.10000000
2025-07-21 05:07:04,253 [INFO] Saving best model at iteration 73
2025-07-21 05:07:04,851 [INFO] [74/300] loss 1529.79 | compact 14.4191 | spectral 17.1901 | recons_loss: 0.13183 | sparse_loss: 1.03099 | 
2025-07-21 05:07:04,851 [INFO] [Iter 74] LR: 0.10000000
2025-07-21 05:07:04,852 [INFO] Saving best model at iteration 74
2025-07-21 05:07:05,452 [INFO] [75/300] loss 1529.64 | compact 14.4167 | spectral 17.1991 | recons_loss: 0.13161 | sparse_loss: 1.03097 | 
2025-07-21 05:07:05,452 [INFO] [Iter 75] LR: 0.10000000
2025-07-21 05:07:05,453 [INFO] Saving best model at iteration 75
2025-07-21 05:07:06,052 [INFO] [76/300] loss 1529.49 | compact 14.4131 | spectral 17.2082 | recons_loss: 0.131403 | sparse_loss: 1.03096 | 
2025-07-21 05:07:06,052 [INFO] [Iter 76] LR: 0.10000000
2025-07-21 05:07:06,053 [INFO] Saving best model at iteration 76
2025-07-21 05:07:06,651 [INFO] [77/300] loss 1529.34 | compact 14.413 | spectral 17.2129 | recons_loss: 0.131197 | sparse_loss: 1.03093 | 
2025-07-21 05:07:06,651 [INFO] [Iter 77] LR: 0.10000000
2025-07-21 05:07:06,653 [INFO] Saving best model at iteration 77
2025-07-21 05:07:07,252 [INFO] [78/300] loss 1529.2 | compact 14.4127 | spectral 17.218 | recons_loss: 0.131008 | sparse_loss: 1.03091 | 
2025-07-21 05:07:07,252 [INFO] [Iter 78] LR: 0.10000000
2025-07-21 05:07:07,253 [INFO] Saving best model at iteration 78
2025-07-21 05:07:07,851 [INFO] [79/300] loss 1529.06 | compact 14.4134 | spectral 17.2227 | recons_loss: 0.130831 | sparse_loss: 1.03088 | 
2025-07-21 05:07:07,851 [INFO] [Iter 79] LR: 0.10000000
2025-07-21 05:07:07,852 [INFO] Saving best model at iteration 79
2025-07-21 05:07:08,450 [INFO] [80/300] loss 1528.93 | compact 14.4127 | spectral 17.2289 | recons_loss: 0.130665 | sparse_loss: 1.03085 | 
2025-07-21 05:07:08,450 [INFO] [Iter 80] LR: 0.10000000
2025-07-21 05:07:08,451 [INFO] Saving best model at iteration 80
2025-07-21 05:07:09,048 [INFO] [81/300] loss 1528.81 | compact 14.4112 | spectral 17.2352 | recons_loss: 0.130514 | sparse_loss: 1.03082 | 
2025-07-21 05:07:09,048 [INFO] [Iter 81] LR: 0.10000000
2025-07-21 05:07:09,050 [INFO] Saving best model at iteration 81
2025-07-21 05:07:09,647 [INFO] [82/300] loss 1528.68 | compact 14.4122 | spectral 17.2408 | recons_loss: 0.130375 | sparse_loss: 1.0308 | 
2025-07-21 05:07:09,647 [INFO] [Iter 82] LR: 0.10000000
2025-07-21 05:07:09,648 [INFO] Saving best model at iteration 82
2025-07-21 05:07:10,245 [INFO] [83/300] loss 1528.56 | compact 14.4128 | spectral 17.2484 | recons_loss: 0.130261 | sparse_loss: 1.03077 | 
2025-07-21 05:07:10,246 [INFO] [Iter 83] LR: 0.10000000
2025-07-21 05:07:10,247 [INFO] Saving best model at iteration 83
2025-07-21 05:07:10,844 [INFO] [84/300] loss 1528.42 | compact 14.4128 | spectral 17.2534 | recons_loss: 0.130111 | sparse_loss: 1.03075 | 
2025-07-21 05:07:10,844 [INFO] [Iter 84] LR: 0.10000000
2025-07-21 05:07:10,845 [INFO] Saving best model at iteration 84
2025-07-21 05:07:11,443 [INFO] [85/300] loss 1528.31 | compact 14.4141 | spectral 17.2656 | recons_loss: 0.129964 | sparse_loss: 1.03072 | 
2025-07-21 05:07:11,443 [INFO] [Iter 85] LR: 0.10000000
2025-07-21 05:07:11,445 [INFO] Saving best model at iteration 85
2025-07-21 05:07:12,042 [INFO] [86/300] loss 1528.17 | compact 14.4162 | spectral 17.2672 | recons_loss: 0.12982 | sparse_loss: 1.03069 | 
2025-07-21 05:07:12,043 [INFO] [Iter 86] LR: 0.10000000
2025-07-21 05:07:12,044 [INFO] Saving best model at iteration 86
2025-07-21 05:07:12,642 [INFO] [87/300] loss 1528.04 | compact 14.4176 | spectral 17.2714 | recons_loss: 0.129679 | sparse_loss: 1.03066 | 
2025-07-21 05:07:12,642 [INFO] [Iter 87] LR: 0.10000000
2025-07-21 05:07:12,644 [INFO] Saving best model at iteration 87
2025-07-21 05:07:13,242 [INFO] [88/300] loss 1527.92 | compact 14.4194 | spectral 17.2709 | recons_loss: 0.129541 | sparse_loss: 1.03063 | 
2025-07-21 05:07:13,243 [INFO] [Iter 88] LR: 0.10000000
2025-07-21 05:07:13,244 [INFO] Saving best model at iteration 88
2025-07-21 05:07:13,846 [INFO] [89/300] loss 1527.78 | compact 14.4225 | spectral 17.271 | recons_loss: 0.129399 | sparse_loss: 1.03059 | 
2025-07-21 05:07:13,846 [INFO] [Iter 89] LR: 0.10000000
2025-07-21 05:07:13,848 [INFO] Saving best model at iteration 89
2025-07-21 05:07:14,464 [INFO] [90/300] loss 1527.65 | compact 14.4265 | spectral 17.2704 | recons_loss: 0.129258 | sparse_loss: 1.03056 | 
2025-07-21 05:07:14,465 [INFO] [Iter 90] LR: 0.10000000
2025-07-21 05:07:14,466 [INFO] Saving best model at iteration 90
2025-07-21 05:07:15,064 [INFO] [91/300] loss 1527.52 | compact 14.4301 | spectral 17.27 | recons_loss: 0.129107 | sparse_loss: 1.03053 | 
2025-07-21 05:07:15,064 [INFO] [Iter 91] LR: 0.10000000
2025-07-21 05:07:15,065 [INFO] Saving best model at iteration 91
2025-07-21 05:07:15,662 [INFO] [92/300] loss 1527.38 | compact 14.4332 | spectral 17.2698 | recons_loss: 0.128955 | sparse_loss: 1.0305 | 
2025-07-21 05:07:15,663 [INFO] [Iter 92] LR: 0.10000000
2025-07-21 05:07:15,664 [INFO] Saving best model at iteration 92
2025-07-21 05:07:16,260 [INFO] [93/300] loss 1527.25 | compact 14.4345 | spectral 17.273 | recons_loss: 0.128821 | sparse_loss: 1.03047 | 
2025-07-21 05:07:16,261 [INFO] [Iter 93] LR: 0.10000000
2025-07-21 05:07:16,262 [INFO] Saving best model at iteration 93
2025-07-21 05:07:16,860 [INFO] [94/300] loss 1527.13 | compact 14.4369 | spectral 17.2764 | recons_loss: 0.128701 | sparse_loss: 1.03044 | 
2025-07-21 05:07:16,860 [INFO] [Iter 94] LR: 0.10000000
2025-07-21 05:07:16,861 [INFO] Saving best model at iteration 94
2025-07-21 05:07:17,458 [INFO] [95/300] loss 1527.01 | compact 14.4404 | spectral 17.2782 | recons_loss: 0.128586 | sparse_loss: 1.03041 | 
2025-07-21 05:07:17,458 [INFO] [Iter 95] LR: 0.10000000
2025-07-21 05:07:17,460 [INFO] Saving best model at iteration 95
2025-07-21 05:07:18,062 [INFO] [96/300] loss 1526.9 | compact 14.4445 | spectral 17.2798 | recons_loss: 0.128481 | sparse_loss: 1.03038 | 
2025-07-21 05:07:18,063 [INFO] [Iter 96] LR: 0.10000000
2025-07-21 05:07:18,065 [INFO] Saving best model at iteration 96
2025-07-21 05:07:18,667 [INFO] [97/300] loss 1526.81 | compact 14.4503 | spectral 17.2834 | recons_loss: 0.128381 | sparse_loss: 1.03037 | 
2025-07-21 05:07:18,667 [INFO] [Iter 97] LR: 0.10000000
2025-07-21 05:07:18,668 [INFO] Saving best model at iteration 97
2025-07-21 05:07:19,266 [INFO] [98/300] loss 1526.7 | compact 14.4542 | spectral 17.2855 | recons_loss: 0.128282 | sparse_loss: 1.03034 | 
2025-07-21 05:07:19,266 [INFO] [Iter 98] LR: 0.10000000
2025-07-21 05:07:19,267 [INFO] Saving best model at iteration 98
2025-07-21 05:07:19,865 [INFO] [99/300] loss 1526.59 | compact 14.4584 | spectral 17.2872 | recons_loss: 0.128179 | sparse_loss: 1.03032 | 
2025-07-21 05:07:19,865 [INFO] [Iter 99] LR: 0.10000000
2025-07-21 05:07:19,866 [INFO] Saving best model at iteration 99
2025-07-21 05:07:20,045 [INFO] H: 600, W: 166
2025-07-21 05:07:20,161 [INFO] [0 1 2 3 4 5]
2025-07-21 05:07:20,256 [INFO] y_target: [1 2 3 4 5 6]
2025-07-21 05:07:20,257 [INFO] y_predict: [0 1 2 3 4 5]
2025-07-21 05:07:20,343 [INFO] Epoch = 100 OA = 0.9032 Kappa = 0.8708 NMI = 0.8341
2025-07-21 05:07:20,819 [INFO] [100/300] loss 1526.49 | compact 14.4628 | spectral 17.2891 | recons_loss: 0.128073 | sparse_loss: 1.0303 | 
2025-07-21 05:07:20,820 [INFO] [Iter 100] LR: 0.10000000
2025-07-21 05:07:20,821 [INFO] Saving best model at iteration 100
2025-07-21 05:07:21,422 [INFO] [101/300] loss 1526.38 | compact 14.467 | spectral 17.2889 | recons_loss: 0.127978 | sparse_loss: 1.03028 | 
2025-07-21 05:07:21,422 [INFO] [Iter 101] LR: 0.10000000
2025-07-21 05:07:21,423 [INFO] Saving best model at iteration 101
2025-07-21 05:07:22,020 [INFO] [102/300] loss 1526.27 | compact 14.4712 | spectral 17.2871 | recons_loss: 0.127881 | sparse_loss: 1.03027 | 
2025-07-21 05:07:22,021 [INFO] [Iter 102] LR: 0.10000000
2025-07-21 05:07:22,022 [INFO] Saving best model at iteration 102
2025-07-21 05:07:22,621 [INFO] [103/300] loss 1526.18 | compact 14.4718 | spectral 17.2917 | recons_loss: 0.127788 | sparse_loss: 1.03025 | 
2025-07-21 05:07:22,622 [INFO] [Iter 103] LR: 0.10000000
2025-07-21 05:07:22,623 [INFO] Saving best model at iteration 103
2025-07-21 05:07:23,229 [INFO] [104/300] loss 1526.09 | compact 14.4726 | spectral 17.2953 | recons_loss: 0.12772 | sparse_loss: 1.03023 | 
2025-07-21 05:07:23,230 [INFO] [Iter 104] LR: 0.10000000
2025-07-21 05:07:23,231 [INFO] Saving best model at iteration 104
2025-07-21 05:07:23,833 [INFO] [105/300] loss 1525.99 | compact 14.4751 | spectral 17.2965 | recons_loss: 0.127637 | sparse_loss: 1.03022 | 
2025-07-21 05:07:23,833 [INFO] [Iter 105] LR: 0.10000000
2025-07-21 05:07:23,834 [INFO] Saving best model at iteration 105
2025-07-21 05:07:24,433 [INFO] [106/300] loss 1525.9 | compact 14.4775 | spectral 17.2981 | recons_loss: 0.127561 | sparse_loss: 1.0302 | 
2025-07-21 05:07:24,434 [INFO] [Iter 106] LR: 0.10000000
2025-07-21 05:07:24,435 [INFO] Saving best model at iteration 106
2025-07-21 05:07:25,036 [INFO] [107/300] loss 1525.8 | compact 14.4796 | spectral 17.2998 | recons_loss: 0.12747 | sparse_loss: 1.03018 | 
2025-07-21 05:07:25,036 [INFO] [Iter 107] LR: 0.10000000
2025-07-21 05:07:25,037 [INFO] Saving best model at iteration 107
2025-07-21 05:07:25,634 [INFO] [108/300] loss 1525.69 | compact 14.4812 | spectral 17.2999 | recons_loss: 0.127369 | sparse_loss: 1.03016 | 
2025-07-21 05:07:25,635 [INFO] [Iter 108] LR: 0.10000000
2025-07-21 05:07:25,636 [INFO] Saving best model at iteration 108
2025-07-21 05:07:26,233 [INFO] [109/300] loss 1525.58 | compact 14.4817 | spectral 17.3016 | recons_loss: 0.127264 | sparse_loss: 1.03014 | 
2025-07-21 05:07:26,233 [INFO] [Iter 109] LR: 0.10000000
2025-07-21 05:07:26,235 [INFO] Saving best model at iteration 109
2025-07-21 05:07:26,832 [INFO] [110/300] loss 1525.47 | compact 14.4826 | spectral 17.3029 | recons_loss: 0.12715 | sparse_loss: 1.03012 | 
2025-07-21 05:07:26,833 [INFO] [Iter 110] LR: 0.10000000
2025-07-21 05:07:26,835 [INFO] Saving best model at iteration 110
2025-07-21 05:07:27,435 [INFO] [111/300] loss 1525.36 | compact 14.4832 | spectral 17.3059 | recons_loss: 0.127015 | sparse_loss: 1.03011 | 
2025-07-21 05:07:27,435 [INFO] [Iter 111] LR: 0.10000000
2025-07-21 05:07:27,436 [INFO] Saving best model at iteration 111
2025-07-21 05:07:28,034 [INFO] [112/300] loss 1525.27 | compact 14.4844 | spectral 17.3096 | recons_loss: 0.126908 | sparse_loss: 1.03009 | 
2025-07-21 05:07:28,034 [INFO] [Iter 112] LR: 0.10000000
2025-07-21 05:07:28,035 [INFO] Saving best model at iteration 112
2025-07-21 05:07:28,633 [INFO] [113/300] loss 1525.17 | compact 14.485 | spectral 17.3131 | recons_loss: 0.126782 | sparse_loss: 1.03007 | 
2025-07-21 05:07:28,633 [INFO] [Iter 113] LR: 0.10000000
2025-07-21 05:07:28,635 [INFO] Saving best model at iteration 113
2025-07-21 05:07:29,232 [INFO] [114/300] loss 1525.09 | compact 14.4877 | spectral 17.3139 | recons_loss: 0.126664 | sparse_loss: 1.03005 | 
2025-07-21 05:07:29,233 [INFO] [Iter 114] LR: 0.10000000
2025-07-21 05:07:29,234 [INFO] Saving best model at iteration 114
2025-07-21 05:07:29,831 [INFO] [115/300] loss 1524.98 | compact 14.4899 | spectral 17.3109 | recons_loss: 0.126535 | sparse_loss: 1.03003 | 
2025-07-21 05:07:29,832 [INFO] [Iter 115] LR: 0.10000000
2025-07-21 05:07:29,832 [INFO] Saving best model at iteration 115
2025-07-21 05:07:30,430 [INFO] [116/300] loss 1524.88 | compact 14.4922 | spectral 17.3066 | recons_loss: 0.12641 | sparse_loss: 1.03001 | 
2025-07-21 05:07:30,430 [INFO] [Iter 116] LR: 0.10000000
2025-07-21 05:07:30,431 [INFO] Saving best model at iteration 116
2025-07-21 05:07:31,029 [INFO] [117/300] loss 1524.79 | compact 14.4939 | spectral 17.3019 | recons_loss: 0.126294 | sparse_loss: 1.02999 | 
2025-07-21 05:07:31,029 [INFO] [Iter 117] LR: 0.10000000
2025-07-21 05:07:31,030 [INFO] Saving best model at iteration 117
2025-07-21 05:07:31,628 [INFO] [118/300] loss 1524.71 | compact 14.4943 | spectral 17.2975 | recons_loss: 0.126199 | sparse_loss: 1.02997 | 
2025-07-21 05:07:31,628 [INFO] [Iter 118] LR: 0.05000000
2025-07-21 05:07:31,629 [INFO] Saving best model at iteration 118
2025-07-21 05:07:32,235 [INFO] [119/300] loss 1524.63 | compact 14.4927 | spectral 17.2949 | recons_loss: 0.126105 | sparse_loss: 1.02996 | 
2025-07-21 05:07:32,235 [INFO] [Iter 119] LR: 0.05000000
2025-07-21 05:07:32,236 [INFO] Saving best model at iteration 119
2025-07-21 05:07:32,835 [INFO] [120/300] loss 1524.55 | compact 14.491 | spectral 17.2925 | recons_loss: 0.126016 | sparse_loss: 1.02994 | 
2025-07-21 05:07:32,835 [INFO] [Iter 120] LR: 0.05000000
2025-07-21 05:07:32,836 [INFO] Saving best model at iteration 120
2025-07-21 05:07:33,439 [INFO] [121/300] loss 1524.48 | compact 14.4907 | spectral 17.2892 | recons_loss: 0.125941 | sparse_loss: 1.02992 | 
2025-07-21 05:07:33,439 [INFO] [Iter 121] LR: 0.05000000
2025-07-21 05:07:33,440 [INFO] Saving best model at iteration 121
2025-07-21 05:07:34,038 [INFO] [122/300] loss 1524.4 | compact 14.4911 | spectral 17.2869 | recons_loss: 0.125866 | sparse_loss: 1.02991 | 
2025-07-21 05:07:34,038 [INFO] [Iter 122] LR: 0.05000000
2025-07-21 05:07:34,039 [INFO] Saving best model at iteration 122
2025-07-21 05:07:34,637 [INFO] [123/300] loss 1524.32 | compact 14.4923 | spectral 17.2853 | recons_loss: 0.125798 | sparse_loss: 1.02988 | 
2025-07-21 05:07:34,637 [INFO] [Iter 123] LR: 0.05000000
2025-07-21 05:07:34,638 [INFO] Saving best model at iteration 123
2025-07-21 05:07:35,236 [INFO] [124/300] loss 1524.24 | compact 14.4932 | spectral 17.2827 | recons_loss: 0.125724 | sparse_loss: 1.02986 | 
2025-07-21 05:07:35,237 [INFO] [Iter 124] LR: 0.05000000
2025-07-21 05:07:35,238 [INFO] Saving best model at iteration 124
2025-07-21 05:07:35,835 [INFO] [125/300] loss 1524.15 | compact 14.4936 | spectral 17.2807 | recons_loss: 0.125646 | sparse_loss: 1.02984 | 
2025-07-21 05:07:35,836 [INFO] [Iter 125] LR: 0.05000000
2025-07-21 05:07:35,837 [INFO] Saving best model at iteration 125
2025-07-21 05:07:36,435 [INFO] [126/300] loss 1524.06 | compact 14.494 | spectral 17.2772 | recons_loss: 0.125568 | sparse_loss: 1.02982 | 
2025-07-21 05:07:36,435 [INFO] [Iter 126] LR: 0.05000000
2025-07-21 05:07:36,436 [INFO] Saving best model at iteration 126
2025-07-21 05:07:37,033 [INFO] [127/300] loss 1523.98 | compact 14.4942 | spectral 17.2744 | recons_loss: 0.125492 | sparse_loss: 1.0298 | 
2025-07-21 05:07:37,034 [INFO] [Iter 127] LR: 0.05000000
2025-07-21 05:07:37,035 [INFO] Saving best model at iteration 127
2025-07-21 05:07:37,633 [INFO] [128/300] loss 1523.9 | compact 14.4946 | spectral 17.2717 | recons_loss: 0.125421 | sparse_loss: 1.02978 | 
2025-07-21 05:07:37,633 [INFO] [Iter 128] LR: 0.05000000
2025-07-21 05:07:37,634 [INFO] Saving best model at iteration 128
2025-07-21 05:07:38,233 [INFO] [129/300] loss 1523.81 | compact 14.4948 | spectral 17.2702 | recons_loss: 0.125348 | sparse_loss: 1.02976 | 
2025-07-21 05:07:38,233 [INFO] [Iter 129] LR: 0.05000000
2025-07-21 05:07:38,235 [INFO] Saving best model at iteration 129
2025-07-21 05:07:38,833 [INFO] [130/300] loss 1523.73 | compact 14.4954 | spectral 17.2685 | recons_loss: 0.125281 | sparse_loss: 1.02974 | 
2025-07-21 05:07:38,833 [INFO] [Iter 130] LR: 0.05000000
2025-07-21 05:07:38,835 [INFO] Saving best model at iteration 130
2025-07-21 05:07:39,432 [INFO] [131/300] loss 1523.65 | compact 14.496 | spectral 17.2672 | recons_loss: 0.125212 | sparse_loss: 1.02973 | 
2025-07-21 05:07:39,432 [INFO] [Iter 131] LR: 0.05000000
2025-07-21 05:07:39,433 [INFO] Saving best model at iteration 131
2025-07-21 05:07:40,031 [INFO] [132/300] loss 1523.69 | compact 14.4979 | spectral 17.2624 | recons_loss: 0.12542 | sparse_loss: 1.02971 | 
2025-07-21 05:07:40,031 [INFO] [Iter 132] LR: 0.02500000
2025-07-21 05:07:40,032 [INFO] No improvement: current loss 1523.685029, best loss 1523.650223
2025-07-21 05:07:40,638 [INFO] [133/300] loss 1523.71 | compact 14.4993 | spectral 17.2577 | recons_loss: 0.125612 | sparse_loss: 1.02969 | 
2025-07-21 05:07:40,638 [INFO] [Iter 133] LR: 0.02500000
2025-07-21 05:07:40,639 [INFO] No improvement: current loss 1523.710057, best loss 1523.650223
2025-07-21 05:07:41,254 [INFO] [134/300] loss 1523.73 | compact 14.5007 | spectral 17.2539 | recons_loss: 0.125786 | sparse_loss: 1.02968 | 
2025-07-21 05:07:41,254 [INFO] [Iter 134] LR: 0.02500000
2025-07-21 05:07:41,256 [INFO] No improvement: current loss 1523.731898, best loss 1523.650223
2025-07-21 05:07:41,855 [INFO] [135/300] loss 1523.75 | compact 14.5018 | spectral 17.2508 | recons_loss: 0.125937 | sparse_loss: 1.02966 | 
2025-07-21 05:07:41,856 [INFO] [Iter 135] LR: 0.01250000
2025-07-21 05:07:41,857 [INFO] No improvement: current loss 1523.746684, best loss 1523.650223
2025-07-21 05:07:42,455 [INFO] [136/300] loss 1523.75 | compact 14.5032 | spectral 17.2476 | recons_loss: 0.126072 | sparse_loss: 1.02965 | 
2025-07-21 05:07:42,456 [INFO] [Iter 136] LR: 0.01250000
2025-07-21 05:07:42,457 [INFO] No improvement: current loss 1523.752436, best loss 1523.650223
2025-07-21 05:07:43,054 [INFO] [137/300] loss 1523.75 | compact 14.5047 | spectral 17.2446 | recons_loss: 0.126172 | sparse_loss: 1.02963 | 
2025-07-21 05:07:43,055 [INFO] [Iter 137] LR: 0.01250000
2025-07-21 05:07:43,056 [INFO] No improvement: current loss 1523.746174, best loss 1523.650223
2025-07-21 05:07:43,653 [INFO] [138/300] loss 1523.74 | compact 14.506 | spectral 17.242 | recons_loss: 0.126258 | sparse_loss: 1.02962 | 
2025-07-21 05:07:43,653 [INFO] [Iter 138] LR: 0.00625000
2025-07-21 05:07:43,654 [INFO] No improvement: current loss 1523.736120, best loss 1523.650223
2025-07-21 05:07:44,252 [INFO] [139/300] loss 1523.72 | compact 14.5072 | spectral 17.2399 | recons_loss: 0.126323 | sparse_loss: 1.0296 | 
2025-07-21 05:07:44,252 [INFO] [Iter 139] LR: 0.00625000
2025-07-21 05:07:44,253 [INFO] No improvement: current loss 1523.719929, best loss 1523.650223
2025-07-21 05:07:44,850 [INFO] [140/300] loss 1523.7 | compact 14.5084 | spectral 17.2378 | recons_loss: 0.126377 | sparse_loss: 1.02959 | 
2025-07-21 05:07:44,850 [INFO] [Iter 140] LR: 0.00625000
2025-07-21 05:07:44,851 [INFO] No improvement: current loss 1523.701367, best loss 1523.650223
2025-07-21 05:07:45,448 [INFO] [141/300] loss 1523.68 | compact 14.5095 | spectral 17.2352 | recons_loss: 0.126419 | sparse_loss: 1.02957 | 
2025-07-21 05:07:45,448 [INFO] [Iter 141] LR: 0.00312500
2025-07-21 05:07:45,449 [INFO] No improvement: current loss 1523.680510, best loss 1523.650223
2025-07-21 05:07:46,047 [INFO] [142/300] loss 1523.66 | compact 14.5103 | spectral 17.2331 | recons_loss: 0.126456 | sparse_loss: 1.02956 | 
2025-07-21 05:07:46,047 [INFO] [Iter 142] LR: 0.00312500
2025-07-21 05:07:46,048 [INFO] No improvement: current loss 1523.659468, best loss 1523.650223
2025-07-21 05:07:46,645 [INFO] [143/300] loss 1523.64 | compact 14.5111 | spectral 17.231 | recons_loss: 0.126487 | sparse_loss: 1.02954 | 
2025-07-21 05:07:46,645 [INFO] [Iter 143] LR: 0.00312500
2025-07-21 05:07:46,646 [INFO] Saving best model at iteration 143
2025-07-21 05:07:47,245 [INFO] [144/300] loss 1523.62 | compact 14.5119 | spectral 17.2292 | recons_loss: 0.126512 | sparse_loss: 1.02953 | 
2025-07-21 05:07:47,245 [INFO] [Iter 144] LR: 0.00156250
2025-07-21 05:07:47,246 [INFO] Saving best model at iteration 144
2025-07-21 05:07:47,847 [INFO] [145/300] loss 1523.6 | compact 14.5124 | spectral 17.2277 | recons_loss: 0.126534 | sparse_loss: 1.02952 | 
2025-07-21 05:07:47,847 [INFO] [Iter 145] LR: 0.00156250
2025-07-21 05:07:47,849 [INFO] Saving best model at iteration 145
2025-07-21 05:07:48,455 [INFO] [146/300] loss 1523.58 | compact 14.5129 | spectral 17.2263 | recons_loss: 0.126553 | sparse_loss: 1.02951 | 
2025-07-21 05:07:48,456 [INFO] [Iter 146] LR: 0.00156250
2025-07-21 05:07:48,457 [INFO] Saving best model at iteration 146
2025-07-21 05:07:49,055 [INFO] [147/300] loss 1523.56 | compact 14.5134 | spectral 17.225 | recons_loss: 0.126569 | sparse_loss: 1.0295 | 
2025-07-21 05:07:49,055 [INFO] [Iter 147] LR: 0.00078125
2025-07-21 05:07:49,056 [INFO] Saving best model at iteration 147
2025-07-21 05:07:49,653 [INFO] [148/300] loss 1523.54 | compact 14.5138 | spectral 17.2238 | recons_loss: 0.126583 | sparse_loss: 1.02949 | 
2025-07-21 05:07:49,653 [INFO] [Iter 148] LR: 0.00078125
2025-07-21 05:07:49,654 [INFO] Saving best model at iteration 148
2025-07-21 05:07:50,252 [INFO] [149/300] loss 1523.53 | compact 14.5142 | spectral 17.2228 | recons_loss: 0.126596 | sparse_loss: 1.02948 | 
2025-07-21 05:07:50,252 [INFO] [Iter 149] LR: 0.00078125
2025-07-21 05:07:50,253 [INFO] Saving best model at iteration 149
2025-07-21 05:07:50,432 [INFO] H: 600, W: 166
2025-07-21 05:07:50,538 [INFO] [0 1 2 3 4 5]
2025-07-21 05:07:50,632 [INFO] y_target: [1 2 3 4 5 6]
2025-07-21 05:07:50,633 [INFO] y_predict: [0 1 2 3 4 5]
2025-07-21 05:07:50,721 [INFO] Epoch = 150 OA = 0.9028 Kappa = 0.8703 NMI = 0.8341
2025-07-21 05:07:51,197 [INFO] [150/300] loss 1523.51 | compact 14.5147 | spectral 17.2217 | recons_loss: 0.126607 | sparse_loss: 1.02947 | 
2025-07-21 05:07:51,197 [INFO] [Iter 150] LR: 0.00039063
2025-07-21 05:07:51,199 [INFO] Saving best model at iteration 150
2025-07-21 05:07:51,797 [INFO] [151/300] loss 1523.5 | compact 14.5152 | spectral 17.2208 | recons_loss: 0.126617 | sparse_loss: 1.02947 | 
2025-07-21 05:07:51,798 [INFO] [Iter 151] LR: 0.00039063
2025-07-21 05:07:51,799 [INFO] Saving best model at iteration 151
2025-07-21 05:07:52,397 [INFO] [152/300] loss 1523.49 | compact 14.5156 | spectral 17.2199 | recons_loss: 0.126626 | sparse_loss: 1.02946 | 
2025-07-21 05:07:52,397 [INFO] [Iter 152] LR: 0.00039063
2025-07-21 05:07:52,399 [INFO] Saving best model at iteration 152
2025-07-21 05:07:52,996 [INFO] [153/300] loss 1523.48 | compact 14.516 | spectral 17.2191 | recons_loss: 0.126634 | sparse_loss: 1.02945 | 
2025-07-21 05:07:52,996 [INFO] [Iter 153] LR: 0.00019531
2025-07-21 05:07:52,997 [INFO] Saving best model at iteration 153
2025-07-21 05:07:53,594 [INFO] [154/300] loss 1523.47 | compact 14.5164 | spectral 17.2185 | recons_loss: 0.12664 | sparse_loss: 1.02945 | 
2025-07-21 05:07:53,594 [INFO] [Iter 154] LR: 0.00019531
2025-07-21 05:07:53,595 [INFO] Saving best model at iteration 154
2025-07-21 05:07:54,192 [INFO] [155/300] loss 1523.46 | compact 14.5167 | spectral 17.2178 | recons_loss: 0.126647 | sparse_loss: 1.02944 | 
2025-07-21 05:07:54,193 [INFO] [Iter 155] LR: 0.00019531
2025-07-21 05:07:54,194 [INFO] Saving best model at iteration 155
2025-07-21 05:07:54,791 [INFO] [156/300] loss 1523.45 | compact 14.517 | spectral 17.2173 | recons_loss: 0.126652 | sparse_loss: 1.02944 | 
2025-07-21 05:07:54,791 [INFO] [Iter 156] LR: 0.00009766
2025-07-21 05:07:54,792 [INFO] Saving best model at iteration 156
2025-07-21 05:07:55,389 [INFO] [157/300] loss 1523.44 | compact 14.5172 | spectral 17.2168 | recons_loss: 0.126657 | sparse_loss: 1.02943 | 
2025-07-21 05:07:55,390 [INFO] [Iter 157] LR: 0.00009766
2025-07-21 05:07:55,391 [INFO] Saving best model at iteration 157
2025-07-21 05:07:55,988 [INFO] [158/300] loss 1523.43 | compact 14.5175 | spectral 17.2163 | recons_loss: 0.126661 | sparse_loss: 1.02943 | 
2025-07-21 05:07:55,988 [INFO] [Iter 158] LR: 0.00009766
2025-07-21 05:07:55,989 [INFO] Saving best model at iteration 158
2025-07-21 05:07:56,587 [INFO] [159/300] loss 1523.43 | compact 14.5177 | spectral 17.2159 | recons_loss: 0.126665 | sparse_loss: 1.02942 | 
2025-07-21 05:07:56,587 [INFO] [Iter 159] LR: 0.00004883
2025-07-21 05:07:56,588 [INFO] Saving best model at iteration 159
2025-07-21 05:07:57,185 [INFO] [160/300] loss 1523.42 | compact 14.5179 | spectral 17.2155 | recons_loss: 0.126668 | sparse_loss: 1.02942 | 
2025-07-21 05:07:57,185 [INFO] [Iter 160] LR: 0.00004883
2025-07-21 05:07:57,186 [INFO] Saving best model at iteration 160
2025-07-21 05:07:57,784 [INFO] [161/300] loss 1523.41 | compact 14.5181 | spectral 17.2152 | recons_loss: 0.126672 | sparse_loss: 1.02942 | 
2025-07-21 05:07:57,784 [INFO] [Iter 161] LR: 0.00004883
2025-07-21 05:07:57,785 [INFO] Saving best model at iteration 161
2025-07-21 05:07:58,396 [INFO] [162/300] loss 1523.41 | compact 14.5182 | spectral 17.2149 | recons_loss: 0.126674 | sparse_loss: 1.02942 | 
2025-07-21 05:07:58,397 [INFO] [Iter 162] LR: 0.00002441
2025-07-21 05:07:58,399 [INFO] Saving best model at iteration 162
2025-07-21 05:07:59,003 [INFO] [163/300] loss 1523.4 | compact 14.5184 | spectral 17.2147 | recons_loss: 0.126677 | sparse_loss: 1.02941 | 
2025-07-21 05:07:59,003 [INFO] [Iter 163] LR: 0.00002441
2025-07-21 05:07:59,004 [INFO] Saving best model at iteration 163
2025-07-21 05:07:59,602 [INFO] [164/300] loss 1523.4 | compact 14.5185 | spectral 17.2144 | recons_loss: 0.126679 | sparse_loss: 1.02941 | 
2025-07-21 05:07:59,603 [INFO] [Iter 164] LR: 0.00002441
2025-07-21 05:07:59,605 [INFO] Saving best model at iteration 164
2025-07-21 05:08:00,204 [INFO] [165/300] loss 1523.4 | compact 14.5187 | spectral 17.2142 | recons_loss: 0.126681 | sparse_loss: 1.02941 | 
2025-07-21 05:08:00,204 [INFO] [Iter 165] LR: 0.00001221
2025-07-21 05:08:00,205 [INFO] Saving best model at iteration 165
2025-07-21 05:08:00,802 [INFO] [166/300] loss 1523.39 | compact 14.5188 | spectral 17.214 | recons_loss: 0.126683 | sparse_loss: 1.02941 | 
2025-07-21 05:08:00,803 [INFO] [Iter 166] LR: 0.00001221
2025-07-21 05:08:00,804 [INFO] Saving best model at iteration 166
2025-07-21 05:08:01,401 [INFO] [167/300] loss 1523.39 | compact 14.5189 | spectral 17.2138 | recons_loss: 0.126684 | sparse_loss: 1.02941 | 
2025-07-21 05:08:01,401 [INFO] [Iter 167] LR: 0.00001221
2025-07-21 05:08:01,402 [INFO] Saving best model at iteration 167
2025-07-21 05:08:02,000 [INFO] [168/300] loss 1523.39 | compact 14.519 | spectral 17.2137 | recons_loss: 0.126686 | sparse_loss: 1.02941 | 
2025-07-21 05:08:02,000 [INFO] [Iter 168] LR: 0.00000610
2025-07-21 05:08:02,001 [INFO] Saving best model at iteration 168
2025-07-21 05:08:02,599 [INFO] [169/300] loss 1523.39 | compact 14.5191 | spectral 17.2135 | recons_loss: 0.126687 | sparse_loss: 1.0294 | 
2025-07-21 05:08:02,599 [INFO] [Iter 169] LR: 0.00000610
2025-07-21 05:08:02,600 [INFO] Saving best model at iteration 169
2025-07-21 05:08:03,198 [INFO] [170/300] loss 1523.38 | compact 14.5192 | spectral 17.2134 | recons_loss: 0.126688 | sparse_loss: 1.0294 | 
2025-07-21 05:08:03,198 [INFO] [Iter 170] LR: 0.00000610
2025-07-21 05:08:03,199 [INFO] Saving best model at iteration 170
2025-07-21 05:08:03,797 [INFO] [171/300] loss 1523.38 | compact 14.5192 | spectral 17.2133 | recons_loss: 0.126689 | sparse_loss: 1.0294 | 
2025-07-21 05:08:03,797 [INFO] [Iter 171] LR: 0.00000305
2025-07-21 05:08:03,798 [INFO] Saving best model at iteration 171
2025-07-21 05:08:04,395 [INFO] [172/300] loss 1523.38 | compact 14.5193 | spectral 17.2132 | recons_loss: 0.12669 | sparse_loss: 1.0294 | 
2025-07-21 05:08:04,395 [INFO] [Iter 172] LR: 0.00000305
2025-07-21 05:08:04,396 [INFO] Saving best model at iteration 172
2025-07-21 05:08:04,993 [INFO] [173/300] loss 1523.38 | compact 14.5193 | spectral 17.2131 | recons_loss: 0.126691 | sparse_loss: 1.0294 | 
2025-07-21 05:08:04,994 [INFO] [Iter 173] LR: 0.00000305
2025-07-21 05:08:04,995 [INFO] Saving best model at iteration 173
2025-07-21 05:08:05,593 [INFO] [174/300] loss 1523.38 | compact 14.5194 | spectral 17.213 | recons_loss: 0.126692 | sparse_loss: 1.0294 | 
2025-07-21 05:08:05,593 [INFO] [Iter 174] LR: 0.00000153
2025-07-21 05:08:05,594 [INFO] Saving best model at iteration 174
2025-07-21 05:08:06,192 [INFO] [175/300] loss 1523.37 | compact 14.5194 | spectral 17.213 | recons_loss: 0.126692 | sparse_loss: 1.0294 | 
2025-07-21 05:08:06,193 [INFO] [Iter 175] LR: 0.00000153
2025-07-21 05:08:06,195 [INFO] Saving best model at iteration 175
2025-07-21 05:08:06,796 [INFO] [176/300] loss 1523.37 | compact 14.5195 | spectral 17.2129 | recons_loss: 0.126693 | sparse_loss: 1.0294 | 
2025-07-21 05:08:06,796 [INFO] [Iter 176] LR: 0.00000153
2025-07-21 05:08:06,797 [INFO] Saving best model at iteration 176
2025-07-21 05:08:07,395 [INFO] [177/300] loss 1523.37 | compact 14.5195 | spectral 17.2128 | recons_loss: 0.126693 | sparse_loss: 1.0294 | 
2025-07-21 05:08:07,395 [INFO] [Iter 177] LR: 0.00000076
2025-07-21 05:08:07,397 [INFO] Saving best model at iteration 177
2025-07-21 05:08:07,994 [INFO] [178/300] loss 1523.37 | compact 14.5196 | spectral 17.2128 | recons_loss: 0.126694 | sparse_loss: 1.0294 | 
2025-07-21 05:08:07,994 [INFO] [Iter 178] LR: 0.00000076
2025-07-21 05:08:07,995 [INFO] Saving best model at iteration 178
2025-07-21 05:08:08,593 [INFO] [179/300] loss 1523.37 | compact 14.5196 | spectral 17.2127 | recons_loss: 0.126694 | sparse_loss: 1.0294 | 
2025-07-21 05:08:08,593 [INFO] [Iter 179] LR: 0.00000076
2025-07-21 05:08:08,594 [INFO] Saving best model at iteration 179
2025-07-21 05:08:09,192 [INFO] [180/300] loss 1523.37 | compact 14.5196 | spectral 17.2127 | recons_loss: 0.126695 | sparse_loss: 1.0294 | 
2025-07-21 05:08:09,192 [INFO] [Iter 180] LR: 0.00000038
2025-07-21 05:08:09,193 [INFO] Saving best model at iteration 180
2025-07-21 05:08:09,791 [INFO] [181/300] loss 1523.37 | compact 14.5196 | spectral 17.2126 | recons_loss: 0.126695 | sparse_loss: 1.0294 | 
2025-07-21 05:08:09,791 [INFO] [Iter 181] LR: 0.00000038
2025-07-21 05:08:09,792 [INFO] Saving best model at iteration 181
2025-07-21 05:08:10,389 [INFO] [182/300] loss 1523.37 | compact 14.5197 | spectral 17.2126 | recons_loss: 0.126695 | sparse_loss: 1.0294 | 
2025-07-21 05:08:10,390 [INFO] [Iter 182] LR: 0.00000038
2025-07-21 05:08:10,391 [INFO] Saving best model at iteration 182
2025-07-21 05:08:10,988 [INFO] [183/300] loss 1523.37 | compact 14.5197 | spectral 17.2126 | recons_loss: 0.126696 | sparse_loss: 1.02939 | 
2025-07-21 05:08:10,988 [INFO] [Iter 183] LR: 0.00000019
2025-07-21 05:08:10,989 [INFO] Saving best model at iteration 183
2025-07-21 05:08:11,587 [INFO] [184/300] loss 1523.37 | compact 14.5197 | spectral 17.2125 | recons_loss: 0.126696 | sparse_loss: 1.02939 | 
2025-07-21 05:08:11,587 [INFO] [Iter 184] LR: 0.00000019
2025-07-21 05:08:11,589 [INFO] Saving best model at iteration 184
2025-07-21 05:08:12,189 [INFO] [185/300] loss 1523.37 | compact 14.5197 | spectral 17.2125 | recons_loss: 0.126696 | sparse_loss: 1.02939 | 
2025-07-21 05:08:12,189 [INFO] [Iter 185] LR: 0.00000019
2025-07-21 05:08:12,192 [INFO] Saving best model at iteration 185
2025-07-21 05:08:12,791 [INFO] [186/300] loss 1523.37 | compact 14.5197 | spectral 17.2125 | recons_loss: 0.126696 | sparse_loss: 1.02939 | 
2025-07-21 05:08:12,791 [INFO] [Iter 186] LR: 0.00000010
2025-07-21 05:08:12,792 [INFO] Saving best model at iteration 186
2025-07-21 05:08:13,389 [INFO] [187/300] loss 1523.37 | compact 14.5197 | spectral 17.2125 | recons_loss: 0.126697 | sparse_loss: 1.02939 | 
2025-07-21 05:08:13,390 [INFO] [Iter 187] LR: 0.00000010
2025-07-21 05:08:13,391 [INFO] Saving best model at iteration 187
2025-07-21 05:08:13,990 [INFO] [188/300] loss 1523.37 | compact 14.5197 | spectral 17.2125 | recons_loss: 0.126697 | sparse_loss: 1.02939 | 
2025-07-21 05:08:13,990 [INFO] [Iter 188] LR: 0.00000010
2025-07-21 05:08:13,991 [INFO] Saving best model at iteration 188
2025-07-21 05:08:14,595 [INFO] [189/300] loss 1523.37 | compact 14.5198 | spectral 17.2124 | recons_loss: 0.126697 | sparse_loss: 1.02939 | 
2025-07-21 05:08:14,596 [INFO] [Iter 189] LR: 0.00000005
2025-07-21 05:08:14,597 [INFO] Saving best model at iteration 189
2025-07-21 05:08:15,203 [INFO] [190/300] loss 1523.37 | compact 14.5198 | spectral 17.2124 | recons_loss: 0.126697 | sparse_loss: 1.02939 | 
2025-07-21 05:08:15,203 [INFO] [Iter 190] LR: 0.00000005
2025-07-21 05:08:15,204 [INFO] Saving best model at iteration 190
2025-07-21 05:08:15,805 [INFO] [191/300] loss 1523.37 | compact 14.5198 | spectral 17.2124 | recons_loss: 0.126697 | sparse_loss: 1.02939 | 
2025-07-21 05:08:15,805 [INFO] [Iter 191] LR: 0.00000005
2025-07-21 05:08:15,808 [INFO] Saving best model at iteration 191
2025-07-21 05:08:16,406 [INFO] [192/300] loss 1523.37 | compact 14.5198 | spectral 17.2124 | recons_loss: 0.126697 | sparse_loss: 1.02939 | 
2025-07-21 05:08:16,406 [INFO] [Iter 192] LR: 0.00000002
2025-07-21 05:08:16,407 [INFO] Saving best model at iteration 192
2025-07-21 05:08:17,005 [INFO] [193/300] loss 1523.36 | compact 14.5198 | spectral 17.2124 | recons_loss: 0.126697 | sparse_loss: 1.02939 | 
2025-07-21 05:08:17,005 [INFO] [Iter 193] LR: 0.00000002
2025-07-21 05:08:17,006 [INFO] Saving best model at iteration 193
2025-07-21 05:08:17,604 [INFO] [194/300] loss 1523.36 | compact 14.5198 | spectral 17.2124 | recons_loss: 0.126698 | sparse_loss: 1.02939 | 
2025-07-21 05:08:17,604 [INFO] [Iter 194] LR: 0.00000002
2025-07-21 05:08:17,605 [INFO] Saving best model at iteration 194
2025-07-21 05:08:18,202 [INFO] [195/300] loss 1523.36 | compact 14.5198 | spectral 17.2124 | recons_loss: 0.126698 | sparse_loss: 1.02939 | 
2025-07-21 05:08:18,203 [INFO] [Iter 195] LR: 0.00000001
2025-07-21 05:08:18,204 [INFO] Saving best model at iteration 195
2025-07-21 05:08:18,801 [INFO] [196/300] loss 1523.36 | compact 14.5198 | spectral 17.2124 | recons_loss: 0.126698 | sparse_loss: 1.02939 | 
2025-07-21 05:08:18,802 [INFO] [Iter 196] LR: 0.00000001
2025-07-21 05:08:18,803 [INFO] Saving best model at iteration 196
2025-07-21 05:08:19,401 [INFO] [197/300] loss 1523.36 | compact 14.5198 | spectral 17.2124 | recons_loss: 0.126698 | sparse_loss: 1.02939 | 
2025-07-21 05:08:19,401 [INFO] [Iter 197] LR: 0.00000001
2025-07-21 05:08:19,403 [INFO] Saving best model at iteration 197
2025-07-21 05:08:20,001 [INFO] [198/300] loss 1523.36 | compact 14.5198 | spectral 17.2123 | recons_loss: 0.126698 | sparse_loss: 1.02939 | 
2025-07-21 05:08:20,001 [INFO] [Iter 198] LR: 0.00000001
2025-07-21 05:08:20,003 [INFO] Saving best model at iteration 198
2025-07-21 05:08:20,600 [INFO] [199/300] loss 1523.36 | compact 14.5198 | spectral 17.2123 | recons_loss: 0.126698 | sparse_loss: 1.02939 | 
2025-07-21 05:08:20,601 [INFO] [Iter 199] LR: 0.00000001
2025-07-21 05:08:20,603 [INFO] Saving best model at iteration 199
2025-07-21 05:08:20,788 [INFO] H: 600, W: 166
2025-07-21 05:08:20,874 [INFO] [0 1 2 3 4 5]
2025-07-21 05:08:20,976 [INFO] y_target: [1 2 3 4 5 6]
2025-07-21 05:08:20,976 [INFO] y_predict: [0 1 2 3 4 5]
2025-07-21 05:08:21,064 [INFO] Epoch = 200 OA = 0.9028 Kappa = 0.8703 NMI = 0.8341
2025-07-21 05:08:21,540 [INFO] [200/300] loss 1523.36 | compact 14.5198 | spectral 17.2123 | recons_loss: 0.126698 | sparse_loss: 1.02939 | 
2025-07-21 05:08:21,540 [INFO] [Iter 200] LR: 0.00000001
2025-07-21 05:08:21,541 [INFO] No improvement: current loss 1523.363885, best loss 1523.363979
2025-07-21 05:08:22,141 [INFO] [201/300] loss 1523.36 | compact 14.5198 | spectral 17.2123 | recons_loss: 0.126698 | sparse_loss: 1.02939 | 
2025-07-21 05:08:22,141 [INFO] [Iter 201] LR: 0.00000001
2025-07-21 05:08:22,142 [INFO] Saving best model at iteration 201
2025-07-21 05:08:22,740 [INFO] [202/300] loss 1523.36 | compact 14.5198 | spectral 17.2123 | recons_loss: 0.126698 | sparse_loss: 1.02939 | 
2025-07-21 05:08:22,740 [INFO] [Iter 202] LR: 0.00000001
2025-07-21 05:08:22,741 [INFO] No improvement: current loss 1523.363724, best loss 1523.363800
2025-07-21 05:08:23,338 [INFO] [203/300] loss 1523.36 | compact 14.5198 | spectral 17.2123 | recons_loss: 0.126698 | sparse_loss: 1.02939 | 
2025-07-21 05:08:23,338 [INFO] [Iter 203] LR: 0.00000001
2025-07-21 05:08:23,339 [INFO] Saving best model at iteration 203
2025-07-21 05:08:23,937 [INFO] [204/300] loss 1523.36 | compact 14.5198 | spectral 17.2123 | recons_loss: 0.126698 | sparse_loss: 1.02939 | 
2025-07-21 05:08:23,937 [INFO] [Iter 204] LR: 0.00000001
2025-07-21 05:08:23,938 [INFO] No improvement: current loss 1523.363593, best loss 1523.363655
2025-07-21 05:08:24,536 [INFO] [205/300] loss 1523.36 | compact 14.5198 | spectral 17.2123 | recons_loss: 0.126698 | sparse_loss: 1.02939 | 
2025-07-21 05:08:24,536 [INFO] [Iter 205] LR: 0.00000001
2025-07-21 05:08:24,537 [INFO] Saving best model at iteration 205
2025-07-21 05:08:25,134 [INFO] [206/300] loss 1523.36 | compact 14.5198 | spectral 17.2123 | recons_loss: 0.126698 | sparse_loss: 1.02939 | 
2025-07-21 05:08:25,134 [INFO] [Iter 206] LR: 0.00000001
2025-07-21 05:08:25,135 [INFO] No improvement: current loss 1523.363487, best loss 1523.363537
2025-07-21 05:08:25,741 [INFO] [207/300] loss 1523.36 | compact 14.5198 | spectral 17.2123 | recons_loss: 0.126698 | sparse_loss: 1.02939 | 
2025-07-21 05:08:25,741 [INFO] [Iter 207] LR: 0.00000001
2025-07-21 05:08:25,742 [INFO] No improvement: current loss 1523.363442, best loss 1523.363537
2025-07-21 05:08:26,340 [INFO] [208/300] loss 1523.36 | compact 14.5198 | spectral 17.2123 | recons_loss: 0.126698 | sparse_loss: 1.02939 | 
2025-07-21 05:08:26,341 [INFO] [Iter 208] LR: 0.00000001
2025-07-21 05:08:26,343 [INFO] Saving best model at iteration 208
2025-07-21 05:08:26,960 [INFO] [209/300] loss 1523.36 | compact 14.5198 | spectral 17.2123 | recons_loss: 0.126698 | sparse_loss: 1.02939 | 
2025-07-21 05:08:26,961 [INFO] [Iter 209] LR: 0.00000001
2025-07-21 05:08:26,963 [INFO] No improvement: current loss 1523.363341, best loss 1523.363402
2025-07-21 05:08:27,562 [INFO] [210/300] loss 1523.36 | compact 14.5198 | spectral 17.2123 | recons_loss: 0.126698 | sparse_loss: 1.02939 | 
2025-07-21 05:08:27,563 [INFO] [Iter 210] LR: 0.00000001
2025-07-21 05:08:27,564 [INFO] No improvement: current loss 1523.363311, best loss 1523.363402
2025-07-21 05:08:28,160 [INFO] [211/300] loss 1523.36 | compact 14.5198 | spectral 17.2123 | recons_loss: 0.126698 | sparse_loss: 1.02939 | 
2025-07-21 05:08:28,160 [INFO] [Iter 211] LR: 0.00000001
2025-07-21 05:08:28,161 [INFO] Saving best model at iteration 211
2025-07-21 05:08:28,759 [INFO] [212/300] loss 1523.36 | compact 14.5198 | spectral 17.2123 | recons_loss: 0.126698 | sparse_loss: 1.02939 | 
2025-07-21 05:08:28,759 [INFO] [Iter 212] LR: 0.00000001
2025-07-21 05:08:28,760 [INFO] No improvement: current loss 1523.363259, best loss 1523.363283
2025-07-21 05:08:29,357 [INFO] [213/300] loss 1523.36 | compact 14.5198 | spectral 17.2123 | recons_loss: 0.126698 | sparse_loss: 1.02939 | 
2025-07-21 05:08:29,357 [INFO] [Iter 213] LR: 0.00000001
2025-07-21 05:08:29,358 [INFO] No improvement: current loss 1523.363236, best loss 1523.363283
2025-07-21 05:08:29,962 [INFO] [214/300] loss 1523.36 | compact 14.5198 | spectral 17.2123 | recons_loss: 0.126698 | sparse_loss: 1.02939 | 
2025-07-21 05:08:29,963 [INFO] [Iter 214] LR: 0.00000001
2025-07-21 05:08:29,965 [INFO] No improvement: current loss 1523.363217, best loss 1523.363283
2025-07-21 05:08:30,591 [INFO] [215/300] loss 1523.36 | compact 14.5198 | spectral 17.2123 | recons_loss: 0.126698 | sparse_loss: 1.02939 | 
2025-07-21 05:08:30,592 [INFO] [Iter 215] LR: 0.00000001
2025-07-21 05:08:30,593 [INFO] No improvement: current loss 1523.363199, best loss 1523.363283
2025-07-21 05:08:31,199 [INFO] [216/300] loss 1523.36 | compact 14.5198 | spectral 17.2123 | recons_loss: 0.126698 | sparse_loss: 1.02939 | 
2025-07-21 05:08:31,199 [INFO] [Iter 216] LR: 0.00000001
2025-07-21 05:08:31,200 [INFO] Saving best model at iteration 216
2025-07-21 05:08:31,817 [INFO] [217/300] loss 1523.36 | compact 14.5198 | spectral 17.2123 | recons_loss: 0.126698 | sparse_loss: 1.02939 | 
2025-07-21 05:08:31,817 [INFO] [Iter 217] LR: 0.00000001
2025-07-21 05:08:31,819 [INFO] No improvement: current loss 1523.363146, best loss 1523.363158
2025-07-21 05:08:32,431 [INFO] [218/300] loss 1523.36 | compact 14.5198 | spectral 17.2123 | recons_loss: 0.126698 | sparse_loss: 1.02939 | 
2025-07-21 05:08:32,432 [INFO] [Iter 218] LR: 0.00000001
2025-07-21 05:08:32,433 [INFO] No improvement: current loss 1523.363135, best loss 1523.363158
2025-07-21 05:08:33,031 [INFO] [219/300] loss 1523.36 | compact 14.5198 | spectral 17.2123 | recons_loss: 0.126698 | sparse_loss: 1.02939 | 
2025-07-21 05:08:33,031 [INFO] [Iter 219] LR: 0.00000001
2025-07-21 05:08:33,032 [INFO] No improvement: current loss 1523.363125, best loss 1523.363158
2025-07-21 05:08:33,637 [INFO] [220/300] loss 1523.36 | compact 14.5198 | spectral 17.2123 | recons_loss: 0.126698 | sparse_loss: 1.02939 | 
2025-07-21 05:08:33,637 [INFO] [Iter 220] LR: 0.00000001
2025-07-21 05:08:33,638 [INFO] No improvement: current loss 1523.363116, best loss 1523.363158
2025-07-21 05:08:34,238 [INFO] [221/300] loss 1523.36 | compact 14.5199 | spectral 17.2123 | recons_loss: 0.126698 | sparse_loss: 1.02939 | 
2025-07-21 05:08:34,239 [INFO] [Iter 221] LR: 0.00000001
2025-07-21 05:08:34,240 [INFO] No improvement: current loss 1523.363109, best loss 1523.363158
2025-07-21 05:08:34,844 [INFO] [222/300] loss 1523.36 | compact 14.5199 | spectral 17.2123 | recons_loss: 0.126698 | sparse_loss: 1.02939 | 
2025-07-21 05:08:34,845 [INFO] [Iter 222] LR: 0.00000001
2025-07-21 05:08:34,846 [INFO] No improvement: current loss 1523.363101, best loss 1523.363158
2025-07-21 05:08:35,445 [INFO] [223/300] loss 1523.36 | compact 14.5199 | spectral 17.2123 | recons_loss: 0.126698 | sparse_loss: 1.02939 | 
2025-07-21 05:08:35,446 [INFO] [Iter 223] LR: 0.00000001
2025-07-21 05:08:35,447 [INFO] No improvement: current loss 1523.363107, best loss 1523.363158
2025-07-21 05:08:36,051 [INFO] [224/300] loss 1523.36 | compact 14.5199 | spectral 17.2123 | recons_loss: 0.126698 | sparse_loss: 1.02939 | 
2025-07-21 05:08:36,052 [INFO] [Iter 224] LR: 0.00000001
2025-07-21 05:08:36,053 [INFO] No improvement: current loss 1523.363100, best loss 1523.363158
2025-07-21 05:08:36,659 [INFO] [225/300] loss 1523.36 | compact 14.5199 | spectral 17.2123 | recons_loss: 0.126698 | sparse_loss: 1.02939 | 
2025-07-21 05:08:36,659 [INFO] [Iter 225] LR: 0.00000001
2025-07-21 05:08:36,660 [INFO] No improvement: current loss 1523.363094, best loss 1523.363158
2025-07-21 05:08:37,258 [INFO] [226/300] loss 1523.36 | compact 14.5199 | spectral 17.2123 | recons_loss: 0.126698 | sparse_loss: 1.02939 | 
2025-07-21 05:08:37,258 [INFO] [Iter 226] LR: 0.00000001
2025-07-21 05:08:37,259 [INFO] No improvement: current loss 1523.363088, best loss 1523.363158
2025-07-21 05:08:37,856 [INFO] [227/300] loss 1523.36 | compact 14.5199 | spectral 17.2123 | recons_loss: 0.126698 | sparse_loss: 1.02939 | 
2025-07-21 05:08:37,856 [INFO] [Iter 227] LR: 0.00000001
2025-07-21 05:08:37,857 [INFO] No improvement: current loss 1523.363083, best loss 1523.363158
2025-07-21 05:08:38,454 [INFO] [228/300] loss 1523.36 | compact 14.5199 | spectral 17.2123 | recons_loss: 0.126698 | sparse_loss: 1.02939 | 
2025-07-21 05:08:38,454 [INFO] [Iter 228] LR: 0.00000001
2025-07-21 05:08:38,455 [INFO] No improvement: current loss 1523.363066, best loss 1523.363158
2025-07-21 05:08:39,054 [INFO] [229/300] loss 1523.36 | compact 14.5199 | spectral 17.2123 | recons_loss: 0.126698 | sparse_loss: 1.02939 | 
2025-07-21 05:08:39,054 [INFO] [Iter 229] LR: 0.00000001
2025-07-21 05:08:39,056 [INFO] No improvement: current loss 1523.363063, best loss 1523.363158
2025-07-21 05:08:39,663 [INFO] [230/300] loss 1523.36 | compact 14.5199 | spectral 17.2123 | recons_loss: 0.126698 | sparse_loss: 1.02939 | 
2025-07-21 05:08:39,664 [INFO] [Iter 230] LR: 0.00000001
2025-07-21 05:08:39,665 [INFO] No improvement: current loss 1523.363061, best loss 1523.363158
2025-07-21 05:08:40,262 [INFO] [231/300] loss 1523.36 | compact 14.5199 | spectral 17.2123 | recons_loss: 0.126698 | sparse_loss: 1.02939 | 
2025-07-21 05:08:40,262 [INFO] [Iter 231] LR: 0.00000001
2025-07-21 05:08:40,264 [INFO] No improvement: current loss 1523.363071, best loss 1523.363158
2025-07-21 05:08:40,861 [INFO] [232/300] loss 1523.36 | compact 14.5199 | spectral 17.2123 | recons_loss: 0.126698 | sparse_loss: 1.02939 | 
2025-07-21 05:08:40,861 [INFO] [Iter 232] LR: 0.00000001
2025-07-21 05:08:40,862 [INFO] No improvement: current loss 1523.363079, best loss 1523.363158
2025-07-21 05:08:41,460 [INFO] [233/300] loss 1523.36 | compact 14.5199 | spectral 17.2123 | recons_loss: 0.126698 | sparse_loss: 1.02939 | 
2025-07-21 05:08:41,461 [INFO] [Iter 233] LR: 0.00000001
2025-07-21 05:08:41,463 [INFO] No improvement: current loss 1523.363075, best loss 1523.363158
2025-07-21 05:08:42,062 [INFO] [234/300] loss 1523.36 | compact 14.5199 | spectral 17.2123 | recons_loss: 0.126698 | sparse_loss: 1.02939 | 
2025-07-21 05:08:42,062 [INFO] [Iter 234] LR: 0.00000001
2025-07-21 05:08:42,063 [INFO] No improvement: current loss 1523.363084, best loss 1523.363158
2025-07-21 05:08:42,661 [INFO] [235/300] loss 1523.36 | compact 14.5199 | spectral 17.2123 | recons_loss: 0.126698 | sparse_loss: 1.02939 | 
2025-07-21 05:08:42,661 [INFO] [Iter 235] LR: 0.00000001
2025-07-21 05:08:42,662 [INFO] No improvement: current loss 1523.363091, best loss 1523.363158
2025-07-21 05:08:43,259 [INFO] [236/300] loss 1523.36 | compact 14.5199 | spectral 17.2123 | recons_loss: 0.126698 | sparse_loss: 1.02939 | 
2025-07-21 05:08:43,260 [INFO] [Iter 236] LR: 0.00000001
2025-07-21 05:08:43,261 [INFO] No improvement: current loss 1523.363086, best loss 1523.363158
2025-07-21 05:08:43,858 [INFO] [237/300] loss 1523.36 | compact 14.5199 | spectral 17.2123 | recons_loss: 0.126698 | sparse_loss: 1.02939 | 
2025-07-21 05:08:43,859 [INFO] [Iter 237] LR: 0.00000001
2025-07-21 05:08:43,861 [INFO] No improvement: current loss 1523.363081, best loss 1523.363158
2025-07-21 05:08:44,478 [INFO] [238/300] loss 1523.36 | compact 14.5199 | spectral 17.2123 | recons_loss: 0.126698 | sparse_loss: 1.02939 | 
2025-07-21 05:08:44,479 [INFO] [Iter 238] LR: 0.00000001
2025-07-21 05:08:44,480 [INFO] No improvement: current loss 1523.363077, best loss 1523.363158
2025-07-21 05:08:45,076 [INFO] [239/300] loss 1523.36 | compact 14.5199 | spectral 17.2123 | recons_loss: 0.126698 | sparse_loss: 1.02939 | 
2025-07-21 05:08:45,077 [INFO] [Iter 239] LR: 0.00000001
2025-07-21 05:08:45,078 [INFO] No improvement: current loss 1523.363060, best loss 1523.363158
2025-07-21 05:08:45,683 [INFO] [240/300] loss 1523.36 | compact 14.5199 | spectral 17.2123 | recons_loss: 0.126698 | sparse_loss: 1.02939 | 
2025-07-21 05:08:45,683 [INFO] [Iter 240] LR: 0.00000001
2025-07-21 05:08:45,685 [INFO] No improvement: current loss 1523.363070, best loss 1523.363158
2025-07-21 05:08:46,282 [INFO] [241/300] loss 1523.36 | compact 14.5199 | spectral 17.2123 | recons_loss: 0.126698 | sparse_loss: 1.02939 | 
2025-07-21 05:08:46,283 [INFO] [Iter 241] LR: 0.00000001
2025-07-21 05:08:46,284 [INFO] No improvement: current loss 1523.363067, best loss 1523.363158
2025-07-21 05:08:46,881 [INFO] [242/300] loss 1523.36 | compact 14.5199 | spectral 17.2123 | recons_loss: 0.126698 | sparse_loss: 1.02939 | 
2025-07-21 05:08:46,882 [INFO] [Iter 242] LR: 0.00000001
2025-07-21 05:08:46,883 [INFO] No improvement: current loss 1523.363064, best loss 1523.363158
2025-07-21 05:08:47,497 [INFO] [243/300] loss 1523.36 | compact 14.5199 | spectral 17.2123 | recons_loss: 0.126698 | sparse_loss: 1.02939 | 
2025-07-21 05:08:47,497 [INFO] [Iter 243] LR: 0.00000001
2025-07-21 05:08:47,498 [INFO] Saving best model at iteration 243
2025-07-21 05:08:48,111 [INFO] [244/300] loss 1523.36 | compact 14.5199 | spectral 17.2123 | recons_loss: 0.126698 | sparse_loss: 1.02939 | 
2025-07-21 05:08:48,111 [INFO] [Iter 244] LR: 0.00000001
2025-07-21 05:08:48,112 [INFO] No improvement: current loss 1523.363048, best loss 1523.363049
2025-07-21 05:08:48,709 [INFO] [245/300] loss 1523.36 | compact 14.5199 | spectral 17.2123 | recons_loss: 0.126698 | sparse_loss: 1.02939 | 
2025-07-21 05:08:48,709 [INFO] [Iter 245] LR: 0.00000001
2025-07-21 05:08:48,711 [INFO] No improvement: current loss 1523.363047, best loss 1523.363049
2025-07-21 05:08:49,309 [INFO] [246/300] loss 1523.36 | compact 14.5199 | spectral 17.2123 | recons_loss: 0.126698 | sparse_loss: 1.02939 | 
2025-07-21 05:08:49,309 [INFO] [Iter 246] LR: 0.00000001
2025-07-21 05:08:49,311 [INFO] No improvement: current loss 1523.363046, best loss 1523.363049
2025-07-21 05:08:49,909 [INFO] [247/300] loss 1523.36 | compact 14.5199 | spectral 17.2123 | recons_loss: 0.126698 | sparse_loss: 1.02939 | 
2025-07-21 05:08:49,910 [INFO] [Iter 247] LR: 0.00000001
2025-07-21 05:08:49,911 [INFO] No improvement: current loss 1523.363045, best loss 1523.363049
2025-07-21 05:08:50,512 [INFO] [248/300] loss 1523.36 | compact 14.5199 | spectral 17.2123 | recons_loss: 0.126698 | sparse_loss: 1.02939 | 
2025-07-21 05:08:50,513 [INFO] [Iter 248] LR: 0.00000001
2025-07-21 05:08:50,514 [INFO] No improvement: current loss 1523.363044, best loss 1523.363049
2025-07-21 05:08:51,119 [INFO] [249/300] loss 1523.36 | compact 14.5199 | spectral 17.2123 | recons_loss: 0.126698 | sparse_loss: 1.02939 | 
2025-07-21 05:08:51,119 [INFO] [Iter 249] LR: 0.00000001
2025-07-21 05:08:51,120 [INFO] No improvement: current loss 1523.363043, best loss 1523.363049
2025-07-21 05:08:51,322 [INFO] H: 600, W: 166
2025-07-21 05:08:51,425 [INFO] [0 1 2 3 4 5]
2025-07-21 05:08:51,522 [INFO] y_target: [1 2 3 4 5 6]
2025-07-21 05:08:51,523 [INFO] y_predict: [0 1 2 3 4 5]
2025-07-21 05:08:51,611 [INFO] Epoch = 250 OA = 0.9028 Kappa = 0.8703 NMI = 0.8341
2025-07-21 05:08:52,087 [INFO] [250/300] loss 1523.36 | compact 14.5199 | spectral 17.2123 | recons_loss: 0.126698 | sparse_loss: 1.02939 | 
2025-07-21 05:08:52,087 [INFO] [Iter 250] LR: 0.00000001
2025-07-21 05:08:52,088 [INFO] No improvement: current loss 1523.363043, best loss 1523.363049
2025-07-21 05:08:52,686 [INFO] [251/300] loss 1523.36 | compact 14.5199 | spectral 17.2123 | recons_loss: 0.126698 | sparse_loss: 1.02939 | 
2025-07-21 05:08:52,686 [INFO] [Iter 251] LR: 0.00000001
2025-07-21 05:08:52,687 [INFO] No improvement: current loss 1523.363042, best loss 1523.363049
2025-07-21 05:08:53,285 [INFO] [252/300] loss 1523.36 | compact 14.5199 | spectral 17.2123 | recons_loss: 0.126698 | sparse_loss: 1.02939 | 
2025-07-21 05:08:53,285 [INFO] [Iter 252] LR: 0.00000001
2025-07-21 05:08:53,286 [INFO] No improvement: current loss 1523.363042, best loss 1523.363049
2025-07-21 05:08:53,884 [INFO] [253/300] loss 1523.36 | compact 14.5199 | spectral 17.2123 | recons_loss: 0.126698 | sparse_loss: 1.02939 | 
2025-07-21 05:08:53,884 [INFO] [Iter 253] LR: 0.00000001
2025-07-21 05:08:53,886 [INFO] No improvement: current loss 1523.363041, best loss 1523.363049
2025-07-21 05:08:54,483 [INFO] [254/300] loss 1523.36 | compact 14.5199 | spectral 17.2123 | recons_loss: 0.126698 | sparse_loss: 1.02939 | 
2025-07-21 05:08:54,484 [INFO] [Iter 254] LR: 0.00000001
2025-07-21 05:08:54,485 [INFO] No improvement: current loss 1523.363041, best loss 1523.363049
2025-07-21 05:08:55,082 [INFO] [255/300] loss 1523.36 | compact 14.5199 | spectral 17.2123 | recons_loss: 0.126698 | sparse_loss: 1.02939 | 
2025-07-21 05:08:55,082 [INFO] [Iter 255] LR: 0.00000001
2025-07-21 05:08:55,083 [INFO] No improvement: current loss 1523.363040, best loss 1523.363049
2025-07-21 05:08:55,681 [INFO] [256/300] loss 1523.36 | compact 14.5199 | spectral 17.2123 | recons_loss: 0.126698 | sparse_loss: 1.02939 | 
2025-07-21 05:08:55,681 [INFO] [Iter 256] LR: 0.00000001
2025-07-21 05:08:55,682 [INFO] No improvement: current loss 1523.363040, best loss 1523.363049
2025-07-21 05:08:56,281 [INFO] [257/300] loss 1523.36 | compact 14.5199 | spectral 17.2123 | recons_loss: 0.126698 | sparse_loss: 1.02939 | 
2025-07-21 05:08:56,281 [INFO] [Iter 257] LR: 0.00000001
2025-07-21 05:08:56,283 [INFO] No improvement: current loss 1523.363040, best loss 1523.363049
2025-07-21 05:08:56,900 [INFO] [258/300] loss 1523.36 | compact 14.5199 | spectral 17.2123 | recons_loss: 0.126698 | sparse_loss: 1.02939 | 
2025-07-21 05:08:56,901 [INFO] [Iter 258] LR: 0.00000001
2025-07-21 05:08:56,901 [INFO] No improvement: current loss 1523.363040, best loss 1523.363049
2025-07-21 05:08:57,520 [INFO] [259/300] loss 1523.36 | compact 14.5199 | spectral 17.2123 | recons_loss: 0.126698 | sparse_loss: 1.02939 | 
2025-07-21 05:08:57,520 [INFO] [Iter 259] LR: 0.00000001
2025-07-21 05:08:57,521 [INFO] No improvement: current loss 1523.363039, best loss 1523.363049
2025-07-21 05:08:58,118 [INFO] [260/300] loss 1523.36 | compact 14.5199 | spectral 17.2123 | recons_loss: 0.126698 | sparse_loss: 1.02939 | 
2025-07-21 05:08:58,119 [INFO] [Iter 260] LR: 0.00000001
2025-07-21 05:08:58,120 [INFO] No improvement: current loss 1523.363039, best loss 1523.363049
2025-07-21 05:08:58,717 [INFO] [261/300] loss 1523.36 | compact 14.5199 | spectral 17.2123 | recons_loss: 0.126698 | sparse_loss: 1.02939 | 
2025-07-21 05:08:58,717 [INFO] [Iter 261] LR: 0.00000001
2025-07-21 05:08:58,718 [INFO] No improvement: current loss 1523.363027, best loss 1523.363049
2025-07-21 05:08:59,317 [INFO] [262/300] loss 1523.36 | compact 14.5199 | spectral 17.2123 | recons_loss: 0.126698 | sparse_loss: 1.02939 | 
2025-07-21 05:08:59,317 [INFO] [Iter 262] LR: 0.00000001
2025-07-21 05:08:59,320 [INFO] No improvement: current loss 1523.363028, best loss 1523.363049
2025-07-21 05:08:59,945 [INFO] [263/300] loss 1523.36 | compact 14.5199 | spectral 17.2123 | recons_loss: 0.126698 | sparse_loss: 1.02939 | 
2025-07-21 05:08:59,945 [INFO] [Iter 263] LR: 0.00000001
2025-07-21 05:08:59,947 [INFO] No improvement: current loss 1523.363029, best loss 1523.363049
2025-07-21 05:09:00,546 [INFO] [264/300] loss 1523.36 | compact 14.5199 | spectral 17.2123 | recons_loss: 0.126698 | sparse_loss: 1.02939 | 
2025-07-21 05:09:00,547 [INFO] [Iter 264] LR: 0.00000001
2025-07-21 05:09:00,548 [INFO] No improvement: current loss 1523.363030, best loss 1523.363049
2025-07-21 05:09:01,144 [INFO] [265/300] loss 1523.36 | compact 14.5199 | spectral 17.2123 | recons_loss: 0.126698 | sparse_loss: 1.02939 | 
2025-07-21 05:09:01,145 [INFO] [Iter 265] LR: 0.00000001
2025-07-21 05:09:01,146 [INFO] No improvement: current loss 1523.363030, best loss 1523.363049
2025-07-21 05:09:01,743 [INFO] [266/300] loss 1523.36 | compact 14.5199 | spectral 17.2123 | recons_loss: 0.126698 | sparse_loss: 1.02939 | 
2025-07-21 05:09:01,744 [INFO] [Iter 266] LR: 0.00000001
2025-07-21 05:09:01,744 [INFO] No improvement: current loss 1523.363031, best loss 1523.363049
2025-07-21 05:09:02,342 [INFO] [267/300] loss 1523.36 | compact 14.5199 | spectral 17.2123 | recons_loss: 0.126698 | sparse_loss: 1.02939 | 
2025-07-21 05:09:02,342 [INFO] [Iter 267] LR: 0.00000001
2025-07-21 05:09:02,344 [INFO] No improvement: current loss 1523.363032, best loss 1523.363049
2025-07-21 05:09:02,941 [INFO] [268/300] loss 1523.36 | compact 14.5199 | spectral 17.2123 | recons_loss: 0.126698 | sparse_loss: 1.02939 | 
2025-07-21 05:09:02,942 [INFO] [Iter 268] LR: 0.00000001
2025-07-21 05:09:02,943 [INFO] No improvement: current loss 1523.363032, best loss 1523.363049
2025-07-21 05:09:03,540 [INFO] [269/300] loss 1523.36 | compact 14.5199 | spectral 17.2123 | recons_loss: 0.126698 | sparse_loss: 1.02939 | 
2025-07-21 05:09:03,540 [INFO] [Iter 269] LR: 0.00000001
2025-07-21 05:09:03,541 [INFO] No improvement: current loss 1523.363033, best loss 1523.363049
2025-07-21 05:09:04,139 [INFO] [270/300] loss 1523.36 | compact 14.5199 | spectral 17.2123 | recons_loss: 0.126698 | sparse_loss: 1.02939 | 
2025-07-21 05:09:04,139 [INFO] [Iter 270] LR: 0.00000001
2025-07-21 05:09:04,140 [INFO] No improvement: current loss 1523.363021, best loss 1523.363049
2025-07-21 05:09:04,742 [INFO] [271/300] loss 1523.36 | compact 14.5199 | spectral 17.2123 | recons_loss: 0.126698 | sparse_loss: 1.02939 | 
2025-07-21 05:09:04,743 [INFO] [Iter 271] LR: 0.00000001
2025-07-21 05:09:04,744 [INFO] No improvement: current loss 1523.363022, best loss 1523.363049
2025-07-21 05:09:05,341 [INFO] [272/300] loss 1523.36 | compact 14.5199 | spectral 17.2123 | recons_loss: 0.126698 | sparse_loss: 1.02939 | 
2025-07-21 05:09:05,342 [INFO] [Iter 272] LR: 0.00000001
2025-07-21 05:09:05,343 [INFO] No improvement: current loss 1523.363024, best loss 1523.363049
2025-07-21 05:09:05,945 [INFO] [273/300] loss 1523.36 | compact 14.5199 | spectral 17.2123 | recons_loss: 0.126698 | sparse_loss: 1.02939 | 
2025-07-21 05:09:05,945 [INFO] [Iter 273] LR: 0.00000001
2025-07-21 05:09:05,946 [INFO] No improvement: current loss 1523.363025, best loss 1523.363049
2025-07-21 05:09:06,544 [INFO] [274/300] loss 1523.36 | compact 14.5199 | spectral 17.2123 | recons_loss: 0.126698 | sparse_loss: 1.02939 | 
2025-07-21 05:09:06,545 [INFO] [Iter 274] LR: 0.00000001
2025-07-21 05:09:06,546 [INFO] No improvement: current loss 1523.363026, best loss 1523.363049
2025-07-21 05:09:07,143 [INFO] [275/300] loss 1523.36 | compact 14.5199 | spectral 17.2123 | recons_loss: 0.126698 | sparse_loss: 1.02939 | 
2025-07-21 05:09:07,143 [INFO] [Iter 275] LR: 0.00000001
2025-07-21 05:09:07,145 [INFO] No improvement: current loss 1523.363028, best loss 1523.363049
2025-07-21 05:09:07,742 [INFO] [276/300] loss 1523.36 | compact 14.5199 | spectral 17.2123 | recons_loss: 0.126698 | sparse_loss: 1.02939 | 
2025-07-21 05:09:07,742 [INFO] [Iter 276] LR: 0.00000001
2025-07-21 05:09:07,743 [INFO] No improvement: current loss 1523.363028, best loss 1523.363049
2025-07-21 05:09:08,340 [INFO] [277/300] loss 1523.36 | compact 14.5199 | spectral 17.2123 | recons_loss: 0.126698 | sparse_loss: 1.02939 | 
2025-07-21 05:09:08,341 [INFO] [Iter 277] LR: 0.00000001
2025-07-21 05:09:08,342 [INFO] No improvement: current loss 1523.363029, best loss 1523.363049
2025-07-21 05:09:08,940 [INFO] [278/300] loss 1523.36 | compact 14.5199 | spectral 17.2123 | recons_loss: 0.126698 | sparse_loss: 1.02939 | 
2025-07-21 05:09:08,940 [INFO] [Iter 278] LR: 0.00000001
2025-07-21 05:09:08,942 [INFO] No improvement: current loss 1523.363030, best loss 1523.363049
2025-07-21 05:09:09,540 [INFO] [279/300] loss 1523.36 | compact 14.5199 | spectral 17.2123 | recons_loss: 0.126698 | sparse_loss: 1.02939 | 
2025-07-21 05:09:09,540 [INFO] [Iter 279] LR: 0.00000001
2025-07-21 05:09:09,541 [INFO] No improvement: current loss 1523.363031, best loss 1523.363049
2025-07-21 05:09:10,139 [INFO] [280/300] loss 1523.36 | compact 14.5199 | spectral 17.2123 | recons_loss: 0.126698 | sparse_loss: 1.02939 | 
2025-07-21 05:09:10,139 [INFO] [Iter 280] LR: 0.00000001
2025-07-21 05:09:10,140 [INFO] No improvement: current loss 1523.363031, best loss 1523.363049
2025-07-21 05:09:10,757 [INFO] [281/300] loss 1523.36 | compact 14.5199 | spectral 17.2123 | recons_loss: 0.126698 | sparse_loss: 1.02939 | 
2025-07-21 05:09:10,758 [INFO] [Iter 281] LR: 0.00000001
2025-07-21 05:09:10,759 [INFO] No improvement: current loss 1523.363032, best loss 1523.363049
2025-07-21 05:09:11,356 [INFO] [282/300] loss 1523.36 | compact 14.5199 | spectral 17.2123 | recons_loss: 0.126698 | sparse_loss: 1.02939 | 
2025-07-21 05:09:11,357 [INFO] [Iter 282] LR: 0.00000001
2025-07-21 05:09:11,358 [INFO] No improvement: current loss 1523.363020, best loss 1523.363049
2025-07-21 05:09:11,954 [INFO] [283/300] loss 1523.36 | compact 14.5199 | spectral 17.2123 | recons_loss: 0.126698 | sparse_loss: 1.02939 | 
2025-07-21 05:09:11,955 [INFO] [Iter 283] LR: 0.00000001
2025-07-21 05:09:11,956 [INFO] No improvement: current loss 1523.363022, best loss 1523.363049
2025-07-21 05:09:12,564 [INFO] [284/300] loss 1523.36 | compact 14.5199 | spectral 17.2123 | recons_loss: 0.126698 | sparse_loss: 1.02939 | 
2025-07-21 05:09:12,564 [INFO] [Iter 284] LR: 0.00000001
2025-07-21 05:09:12,565 [INFO] No improvement: current loss 1523.363024, best loss 1523.363049
2025-07-21 05:09:13,164 [INFO] [285/300] loss 1523.36 | compact 14.5199 | spectral 17.2123 | recons_loss: 0.126698 | sparse_loss: 1.02939 | 
2025-07-21 05:09:13,165 [INFO] [Iter 285] LR: 0.00000001
2025-07-21 05:09:13,167 [INFO] No improvement: current loss 1523.363025, best loss 1523.363049
2025-07-21 05:09:13,767 [INFO] [286/300] loss 1523.36 | compact 14.5199 | spectral 17.2123 | recons_loss: 0.126698 | sparse_loss: 1.02939 | 
2025-07-21 05:09:13,767 [INFO] [Iter 286] LR: 0.00000001
2025-07-21 05:09:13,768 [INFO] No improvement: current loss 1523.363026, best loss 1523.363049
2025-07-21 05:09:14,365 [INFO] [287/300] loss 1523.36 | compact 14.5199 | spectral 17.2123 | recons_loss: 0.126698 | sparse_loss: 1.02939 | 
2025-07-21 05:09:14,366 [INFO] [Iter 287] LR: 0.00000001
2025-07-21 05:09:14,368 [INFO] No improvement: current loss 1523.363027, best loss 1523.363049
2025-07-21 05:09:14,977 [INFO] [288/300] loss 1523.36 | compact 14.5199 | spectral 17.2123 | recons_loss: 0.126698 | sparse_loss: 1.02939 | 
2025-07-21 05:09:14,978 [INFO] [Iter 288] LR: 0.00000001
2025-07-21 05:09:14,979 [INFO] No improvement: current loss 1523.363028, best loss 1523.363049
2025-07-21 05:09:15,577 [INFO] [289/300] loss 1523.36 | compact 14.5199 | spectral 17.2123 | recons_loss: 0.126698 | sparse_loss: 1.02939 | 
2025-07-21 05:09:15,577 [INFO] [Iter 289] LR: 0.00000001
2025-07-21 05:09:15,578 [INFO] No improvement: current loss 1523.363029, best loss 1523.363049
2025-07-21 05:09:16,176 [INFO] [290/300] loss 1523.36 | compact 14.5199 | spectral 17.2123 | recons_loss: 0.126698 | sparse_loss: 1.02939 | 
2025-07-21 05:09:16,177 [INFO] [Iter 290] LR: 0.00000001
2025-07-21 05:09:16,179 [INFO] No improvement: current loss 1523.363042, best loss 1523.363049
2025-07-21 05:09:16,778 [INFO] [291/300] loss 1523.36 | compact 14.5199 | spectral 17.2123 | recons_loss: 0.126698 | sparse_loss: 1.02939 | 
2025-07-21 05:09:16,779 [INFO] [Iter 291] LR: 0.00000001
2025-07-21 05:09:16,780 [INFO] No improvement: current loss 1523.363042, best loss 1523.363049
2025-07-21 05:09:17,378 [INFO] [292/300] loss 1523.36 | compact 14.5199 | spectral 17.2123 | recons_loss: 0.126698 | sparse_loss: 1.02939 | 
2025-07-21 05:09:17,378 [INFO] [Iter 292] LR: 0.00000001
2025-07-21 05:09:17,379 [INFO] No improvement: current loss 1523.363041, best loss 1523.363049
2025-07-21 05:09:17,977 [INFO] [293/300] loss 1523.36 | compact 14.5199 | spectral 17.2123 | recons_loss: 0.126698 | sparse_loss: 1.02939 | 
2025-07-21 05:09:17,977 [INFO] [Iter 293] LR: 0.00000001
2025-07-21 05:09:17,978 [INFO] No improvement: current loss 1523.363041, best loss 1523.363049
2025-07-21 05:09:18,577 [INFO] [294/300] loss 1523.36 | compact 14.5199 | spectral 17.2123 | recons_loss: 0.126698 | sparse_loss: 1.02939 | 
2025-07-21 05:09:18,578 [INFO] [Iter 294] LR: 0.00000001
2025-07-21 05:09:18,579 [INFO] No improvement: current loss 1523.363028, best loss 1523.363049
2025-07-21 05:09:19,177 [INFO] [295/300] loss 1523.36 | compact 14.5199 | spectral 17.2123 | recons_loss: 0.126698 | sparse_loss: 1.02939 | 
2025-07-21 05:09:19,178 [INFO] [Iter 295] LR: 0.00000001
2025-07-21 05:09:19,179 [INFO] No improvement: current loss 1523.363029, best loss 1523.363049
2025-07-21 05:09:19,780 [INFO] [296/300] loss 1523.36 | compact 14.5199 | spectral 17.2123 | recons_loss: 0.126698 | sparse_loss: 1.02939 | 
2025-07-21 05:09:19,780 [INFO] [Iter 296] LR: 0.00000001
2025-07-21 05:09:19,781 [INFO] No improvement: current loss 1523.363030, best loss 1523.363049
2025-07-21 05:09:20,390 [INFO] [297/300] loss 1523.36 | compact 14.5199 | spectral 17.2123 | recons_loss: 0.126698 | sparse_loss: 1.02939 | 
2025-07-21 05:09:20,390 [INFO] [Iter 297] LR: 0.00000001
2025-07-21 05:09:20,391 [INFO] No improvement: current loss 1523.363031, best loss 1523.363049
2025-07-21 05:09:20,989 [INFO] [298/300] loss 1523.36 | compact 14.5199 | spectral 17.2123 | recons_loss: 0.126698 | sparse_loss: 1.02939 | 
2025-07-21 05:09:20,989 [INFO] [Iter 298] LR: 0.00000001
2025-07-21 05:09:20,990 [INFO] No improvement: current loss 1523.363031, best loss 1523.363049
2025-07-21 05:09:21,183 [INFO] H: 600, W: 166
2025-07-21 05:09:21,279 [INFO] [0 1 2 3 4 5]
2025-07-21 05:09:21,375 [INFO] y_target: [1 2 3 4 5 6]
2025-07-21 05:09:21,375 [INFO] y_predict: [0 1 2 3 4 5]
2025-07-21 05:09:21,464 [INFO] Epoch = 299 OA = 0.9028 Kappa = 0.8703 NMI = 0.8341
2025-07-21 05:09:21,940 [INFO] [299/300] loss 1523.36 | compact 14.5199 | spectral 17.2123 | recons_loss: 0.126698 | sparse_loss: 1.02939 | 
2025-07-21 05:09:21,940 [INFO] [Iter 299] LR: 0.00000001
2025-07-21 05:09:21,941 [INFO] No improvement: current loss 1523.363032, best loss 1523.363049
2025-07-21 05:09:21,941 [INFO] Training finished. Best model loaded.
