2025-07-21 05:15:53,709 [INFO] ========== Training Configuration ==========
2025-07-21 05:15:53,709 [INFO] out_dir: ./log
2025-07-21 05:15:53,709 [INFO] lr: 0.1
2025-07-21 05:15:53,709 [INFO] train_iter: 300
2025-07-21 05:15:53,709 [INFO] niter: 5
2025-07-21 05:15:53,709 [INFO] nspix: 300
2025-07-21 05:15:53,709 [INFO] weight: weight
2025-07-21 05:15:53,709 [INFO] weight_representation: 230.0
2025-07-21 05:15:53,709 [INFO] weight_noise: 50.0
2025-07-21 05:15:53,709 [INFO] dataset: trento
2025-07-21 05:15:53,709 [INFO] device: cuda:0
2025-07-21 05:15:53,709 [INFO] log: trento11
2025-07-21 05:15:53,709 [INFO] ============================================
2025-07-21 05:15:56,588 [INFO] H: 600, W: 166
2025-07-21 05:15:56,687 [INFO] [0 1 2 3 4 5]
2025-07-21 05:15:56,882 [INFO] y_target: [1 2 3 4 5 6]
2025-07-21 05:15:56,883 [INFO] y_predict: [0 1 2 3 4 5]
2025-07-21 05:15:56,972 [INFO] Epoch = 0 OA = 0.8509 Kappa = 0.8011 NMI = 0.7884
2025-07-21 05:15:57,490 [INFO] [0/300] loss 1711.86 | compact 13.9608 | spectral 17.8474 | recons_loss: 0.260069 | sparse_loss: 1.04467 | 
2025-07-21 05:15:57,491 [INFO] [Iter 0] LR: 0.10000000
2025-07-21 05:15:57,492 [INFO] Saving best model at iteration 0
2025-07-21 05:15:58,090 [INFO] [1/300] loss 1710.93 | compact 13.9658 | spectral 17.8348 | recons_loss: 0.258684 | sparse_loss: 1.04471 | 
2025-07-21 05:15:58,090 [INFO] [Iter 1] LR: 0.10000000
2025-07-21 05:15:58,092 [INFO] Saving best model at iteration 1
2025-07-21 05:15:58,689 [INFO] [2/300] loss 1709.54 | compact 13.97 | spectral 17.8192 | recons_loss: 0.256824 | sparse_loss: 1.04466 | 
2025-07-21 05:15:58,689 [INFO] [Iter 2] LR: 0.10000000
2025-07-21 05:15:58,690 [INFO] Saving best model at iteration 2
2025-07-21 05:15:59,287 [INFO] [3/300] loss 1707.68 | compact 13.9773 | spectral 17.8001 | recons_loss: 0.254293 | sparse_loss: 1.04444 | 
2025-07-21 05:15:59,288 [INFO] [Iter 3] LR: 0.10000000
2025-07-21 05:15:59,289 [INFO] Saving best model at iteration 3
2025-07-21 05:15:59,886 [INFO] [4/300] loss 1705.46 | compact 13.9847 | spectral 17.7801 | recons_loss: 0.251236 | sparse_loss: 1.04405 | 
2025-07-21 05:15:59,886 [INFO] [Iter 4] LR: 0.10000000
2025-07-21 05:15:59,887 [INFO] Saving best model at iteration 4
2025-07-21 05:16:00,485 [INFO] [5/300] loss 1703.05 | compact 13.9908 | spectral 17.7601 | recons_loss: 0.24784 | sparse_loss: 1.04355 | 
2025-07-21 05:16:00,485 [INFO] [Iter 5] LR: 0.10000000
2025-07-21 05:16:00,487 [INFO] Saving best model at iteration 5
2025-07-21 05:16:01,084 [INFO] [6/300] loss 1700.49 | compact 13.9986 | spectral 17.7347 | recons_loss: 0.24417 | sparse_loss: 1.043 | 
2025-07-21 05:16:01,084 [INFO] [Iter 6] LR: 0.10000000
2025-07-21 05:16:01,085 [INFO] Saving best model at iteration 6
2025-07-21 05:16:01,684 [INFO] [7/300] loss 1697.83 | compact 14.007 | spectral 17.7051 | recons_loss: 0.240292 | sparse_loss: 1.04247 | 
2025-07-21 05:16:01,684 [INFO] [Iter 7] LR: 0.10000000
2025-07-21 05:16:01,685 [INFO] Saving best model at iteration 7
2025-07-21 05:16:02,290 [INFO] [8/300] loss 1695.09 | compact 14.0175 | spectral 17.6654 | recons_loss: 0.23621 | sparse_loss: 1.04194 | 
2025-07-21 05:16:02,291 [INFO] [Iter 8] LR: 0.10000000
2025-07-21 05:16:02,293 [INFO] Saving best model at iteration 8
2025-07-21 05:16:02,916 [INFO] [9/300] loss 1692.35 | compact 14.027 | spectral 17.6253 | recons_loss: 0.232046 | sparse_loss: 1.04143 | 
2025-07-21 05:16:02,916 [INFO] [Iter 9] LR: 0.10000000
2025-07-21 05:16:02,918 [INFO] Saving best model at iteration 9
2025-07-21 05:16:03,517 [INFO] [10/300] loss 1689.64 | compact 14.037 | spectral 17.5848 | recons_loss: 0.227816 | sparse_loss: 1.04091 | 
2025-07-21 05:16:03,517 [INFO] [Iter 10] LR: 0.10000000
2025-07-21 05:16:03,518 [INFO] Saving best model at iteration 10
2025-07-21 05:16:04,115 [INFO] [11/300] loss 1686.98 | compact 14.0467 | spectral 17.545 | recons_loss: 0.223575 | sparse_loss: 1.04039 | 
2025-07-21 05:16:04,116 [INFO] [Iter 11] LR: 0.10000000
2025-07-21 05:16:04,117 [INFO] Saving best model at iteration 11
2025-07-21 05:16:04,714 [INFO] [12/300] loss 1684.41 | compact 14.0576 | spectral 17.5061 | recons_loss: 0.219328 | sparse_loss: 1.03986 | 
2025-07-21 05:16:04,715 [INFO] [Iter 12] LR: 0.10000000
2025-07-21 05:16:04,716 [INFO] Saving best model at iteration 12
2025-07-21 05:16:05,312 [INFO] [13/300] loss 1681.91 | compact 14.0702 | spectral 17.4603 | recons_loss: 0.215122 | sparse_loss: 1.03936 | 
2025-07-21 05:16:05,313 [INFO] [Iter 13] LR: 0.10000000
2025-07-21 05:16:05,314 [INFO] Saving best model at iteration 13
2025-07-21 05:16:05,913 [INFO] [14/300] loss 1679.51 | compact 14.0812 | spectral 17.418 | recons_loss: 0.210993 | sparse_loss: 1.03887 | 
2025-07-21 05:16:05,913 [INFO] [Iter 14] LR: 0.10000000
2025-07-21 05:16:05,914 [INFO] Saving best model at iteration 14
2025-07-21 05:16:06,512 [INFO] [15/300] loss 1677.23 | compact 14.0901 | spectral 17.3843 | recons_loss: 0.206993 | sparse_loss: 1.03842 | 
2025-07-21 05:16:06,513 [INFO] [Iter 15] LR: 0.10000000
2025-07-21 05:16:06,515 [INFO] Saving best model at iteration 15
2025-07-21 05:16:07,132 [INFO] [16/300] loss 1675.03 | compact 14.0966 | spectral 17.3537 | recons_loss: 0.203112 | sparse_loss: 1.038 | 
2025-07-21 05:16:07,133 [INFO] [Iter 16] LR: 0.10000000
2025-07-21 05:16:07,135 [INFO] Saving best model at iteration 16
2025-07-21 05:16:07,734 [INFO] [17/300] loss 1672.93 | compact 14.1028 | spectral 17.3244 | recons_loss: 0.199289 | sparse_loss: 1.03765 | 
2025-07-21 05:16:07,734 [INFO] [Iter 17] LR: 0.10000000
2025-07-21 05:16:07,736 [INFO] Saving best model at iteration 17
2025-07-21 05:16:08,333 [INFO] [18/300] loss 1670.93 | compact 14.1107 | spectral 17.2979 | recons_loss: 0.19563 | sparse_loss: 1.03731 | 
2025-07-21 05:16:08,333 [INFO] [Iter 18] LR: 0.10000000
2025-07-21 05:16:08,334 [INFO] Saving best model at iteration 18
2025-07-21 05:16:08,933 [INFO] [19/300] loss 1669.02 | compact 14.1184 | spectral 17.2756 | recons_loss: 0.19209 | sparse_loss: 1.037 | 
2025-07-21 05:16:08,934 [INFO] [Iter 19] LR: 0.10000000
2025-07-21 05:16:08,935 [INFO] Saving best model at iteration 19
2025-07-21 05:16:09,539 [INFO] [20/300] loss 1667.2 | compact 14.1259 | spectral 17.2587 | recons_loss: 0.188694 | sparse_loss: 1.03671 | 
2025-07-21 05:16:09,539 [INFO] [Iter 20] LR: 0.10000000
2025-07-21 05:16:09,540 [INFO] Saving best model at iteration 20
2025-07-21 05:16:10,144 [INFO] [21/300] loss 1665.47 | compact 14.1346 | spectral 17.2396 | recons_loss: 0.18544 | sparse_loss: 1.03642 | 
2025-07-21 05:16:10,144 [INFO] [Iter 21] LR: 0.10000000
2025-07-21 05:16:10,145 [INFO] Saving best model at iteration 21
2025-07-21 05:16:10,742 [INFO] [22/300] loss 1663.81 | compact 14.1427 | spectral 17.2214 | recons_loss: 0.182326 | sparse_loss: 1.03613 | 
2025-07-21 05:16:10,743 [INFO] [Iter 22] LR: 0.10000000
2025-07-21 05:16:10,744 [INFO] Saving best model at iteration 22
2025-07-21 05:16:11,340 [INFO] [23/300] loss 1662.23 | compact 14.1509 | spectral 17.203 | recons_loss: 0.179351 | sparse_loss: 1.03587 | 
2025-07-21 05:16:11,341 [INFO] [Iter 23] LR: 0.10000000
2025-07-21 05:16:11,342 [INFO] Saving best model at iteration 23
2025-07-21 05:16:11,939 [INFO] [24/300] loss 1660.72 | compact 14.1629 | spectral 17.1837 | recons_loss: 0.1765 | sparse_loss: 1.03564 | 
2025-07-21 05:16:11,939 [INFO] [Iter 24] LR: 0.10000000
2025-07-21 05:16:11,940 [INFO] Saving best model at iteration 24
2025-07-21 05:16:12,538 [INFO] [25/300] loss 1659.29 | compact 14.1737 | spectral 17.1685 | recons_loss: 0.173791 | sparse_loss: 1.03543 | 
2025-07-21 05:16:12,539 [INFO] [Iter 25] LR: 0.10000000
2025-07-21 05:16:12,540 [INFO] Saving best model at iteration 25
2025-07-21 05:16:13,137 [INFO] [26/300] loss 1657.94 | compact 14.1844 | spectral 17.1549 | recons_loss: 0.171216 | sparse_loss: 1.03524 | 
2025-07-21 05:16:13,137 [INFO] [Iter 26] LR: 0.10000000
2025-07-21 05:16:13,138 [INFO] Saving best model at iteration 26
2025-07-21 05:16:13,736 [INFO] [27/300] loss 1656.66 | compact 14.1959 | spectral 17.1415 | recons_loss: 0.168804 | sparse_loss: 1.03506 | 
2025-07-21 05:16:13,736 [INFO] [Iter 27] LR: 0.10000000
2025-07-21 05:16:13,737 [INFO] Saving best model at iteration 27
2025-07-21 05:16:14,334 [INFO] [28/300] loss 1655.46 | compact 14.2068 | spectral 17.1306 | recons_loss: 0.16653 | sparse_loss: 1.03488 | 
2025-07-21 05:16:14,334 [INFO] [Iter 28] LR: 0.10000000
2025-07-21 05:16:14,335 [INFO] Saving best model at iteration 28
2025-07-21 05:16:14,932 [INFO] [29/300] loss 1654.35 | compact 14.2177 | spectral 17.1303 | recons_loss: 0.164402 | sparse_loss: 1.0347 | 
2025-07-21 05:16:14,933 [INFO] [Iter 29] LR: 0.10000000
2025-07-21 05:16:14,934 [INFO] Saving best model at iteration 29
2025-07-21 05:16:15,531 [INFO] [30/300] loss 1653.29 | compact 14.2286 | spectral 17.1282 | recons_loss: 0.162373 | sparse_loss: 1.03454 | 
2025-07-21 05:16:15,531 [INFO] [Iter 30] LR: 0.10000000
2025-07-21 05:16:15,532 [INFO] Saving best model at iteration 30
2025-07-21 05:16:16,129 [INFO] [31/300] loss 1652.26 | compact 14.2408 | spectral 17.124 | recons_loss: 0.160479 | sparse_loss: 1.03437 | 
2025-07-21 05:16:16,129 [INFO] [Iter 31] LR: 0.10000000
2025-07-21 05:16:16,130 [INFO] Saving best model at iteration 31
2025-07-21 05:16:16,728 [INFO] [32/300] loss 1651.28 | compact 14.2539 | spectral 17.1182 | recons_loss: 0.158686 | sparse_loss: 1.03422 | 
2025-07-21 05:16:16,728 [INFO] [Iter 32] LR: 0.10000000
2025-07-21 05:16:16,729 [INFO] Saving best model at iteration 32
2025-07-21 05:16:17,327 [INFO] [33/300] loss 1650.33 | compact 14.2658 | spectral 17.1117 | recons_loss: 0.156978 | sparse_loss: 1.03408 | 
2025-07-21 05:16:17,327 [INFO] [Iter 33] LR: 0.10000000
2025-07-21 05:16:17,328 [INFO] Saving best model at iteration 33
2025-07-21 05:16:17,934 [INFO] [34/300] loss 1649.43 | compact 14.2756 | spectral 17.1076 | recons_loss: 0.155369 | sparse_loss: 1.03395 | 
2025-07-21 05:16:17,934 [INFO] [Iter 34] LR: 0.10000000
2025-07-21 05:16:17,935 [INFO] Saving best model at iteration 34
2025-07-21 05:16:18,533 [INFO] [35/300] loss 1648.56 | compact 14.2842 | spectral 17.1048 | recons_loss: 0.153868 | sparse_loss: 1.0338 | 
2025-07-21 05:16:18,533 [INFO] [Iter 35] LR: 0.10000000
2025-07-21 05:16:18,534 [INFO] Saving best model at iteration 35
2025-07-21 05:16:19,133 [INFO] [36/300] loss 1647.73 | compact 14.2919 | spectral 17.0937 | recons_loss: 0.152476 | sparse_loss: 1.03366 | 
2025-07-21 05:16:19,134 [INFO] [Iter 36] LR: 0.10000000
2025-07-21 05:16:19,136 [INFO] Saving best model at iteration 36
2025-07-21 05:16:19,735 [INFO] [37/300] loss 1646.93 | compact 14.3011 | spectral 17.0834 | recons_loss: 0.151181 | sparse_loss: 1.03353 | 
2025-07-21 05:16:19,735 [INFO] [Iter 37] LR: 0.10000000
2025-07-21 05:16:19,736 [INFO] Saving best model at iteration 37
2025-07-21 05:16:20,333 [INFO] [38/300] loss 1646.17 | compact 14.3097 | spectral 17.0736 | recons_loss: 0.149966 | sparse_loss: 1.03341 | 
2025-07-21 05:16:20,333 [INFO] [Iter 38] LR: 0.10000000
2025-07-21 05:16:20,334 [INFO] Saving best model at iteration 38
2025-07-21 05:16:20,931 [INFO] [39/300] loss 1645.45 | compact 14.32 | spectral 17.0646 | recons_loss: 0.148825 | sparse_loss: 1.0333 | 
2025-07-21 05:16:20,931 [INFO] [Iter 39] LR: 0.10000000
2025-07-21 05:16:20,932 [INFO] Saving best model at iteration 39
2025-07-21 05:16:21,530 [INFO] [40/300] loss 1644.76 | compact 14.3304 | spectral 17.0563 | recons_loss: 0.147759 | sparse_loss: 1.03321 | 
2025-07-21 05:16:21,530 [INFO] [Iter 40] LR: 0.10000000
2025-07-21 05:16:21,531 [INFO] Saving best model at iteration 40
2025-07-21 05:16:22,128 [INFO] [41/300] loss 1644.1 | compact 14.3407 | spectral 17.0491 | recons_loss: 0.146747 | sparse_loss: 1.03311 | 
2025-07-21 05:16:22,128 [INFO] [Iter 41] LR: 0.10000000
2025-07-21 05:16:22,129 [INFO] Saving best model at iteration 41
2025-07-21 05:16:22,727 [INFO] [42/300] loss 1643.46 | compact 14.3496 | spectral 17.0429 | recons_loss: 0.145787 | sparse_loss: 1.03301 | 
2025-07-21 05:16:22,727 [INFO] [Iter 42] LR: 0.10000000
2025-07-21 05:16:22,728 [INFO] Saving best model at iteration 42
2025-07-21 05:16:23,325 [INFO] [43/300] loss 1642.87 | compact 14.3577 | spectral 17.0392 | recons_loss: 0.144882 | sparse_loss: 1.03291 | 
2025-07-21 05:16:23,325 [INFO] [Iter 43] LR: 0.10000000
2025-07-21 05:16:23,326 [INFO] Saving best model at iteration 43
2025-07-21 05:16:23,929 [INFO] [44/300] loss 1642.3 | compact 14.3661 | spectral 17.0354 | recons_loss: 0.144033 | sparse_loss: 1.03281 | 
2025-07-21 05:16:23,929 [INFO] [Iter 44] LR: 0.10000000
2025-07-21 05:16:23,930 [INFO] Saving best model at iteration 44
2025-07-21 05:16:24,528 [INFO] [45/300] loss 1641.76 | compact 14.3753 | spectral 17.0359 | recons_loss: 0.143218 | sparse_loss: 1.03272 | 
2025-07-21 05:16:24,529 [INFO] [Iter 45] LR: 0.10000000
2025-07-21 05:16:24,531 [INFO] Saving best model at iteration 45
2025-07-21 05:16:25,140 [INFO] [46/300] loss 1641.25 | compact 14.3855 | spectral 17.0368 | recons_loss: 0.142449 | sparse_loss: 1.03264 | 
2025-07-21 05:16:25,140 [INFO] [Iter 46] LR: 0.10000000
2025-07-21 05:16:25,142 [INFO] Saving best model at iteration 46
2025-07-21 05:16:25,747 [INFO] [47/300] loss 1640.77 | compact 14.397 | spectral 17.0381 | recons_loss: 0.141723 | sparse_loss: 1.03257 | 
2025-07-21 05:16:25,747 [INFO] [Iter 47] LR: 0.10000000
2025-07-21 05:16:25,749 [INFO] Saving best model at iteration 47
2025-07-21 05:16:26,367 [INFO] [48/300] loss 1640.31 | compact 14.4103 | spectral 17.0359 | recons_loss: 0.141064 | sparse_loss: 1.03249 | 
2025-07-21 05:16:26,368 [INFO] [Iter 48] LR: 0.10000000
2025-07-21 05:16:26,369 [INFO] Saving best model at iteration 48
2025-07-21 05:16:26,967 [INFO] [49/300] loss 1639.85 | compact 14.4189 | spectral 17.0373 | recons_loss: 0.140406 | sparse_loss: 1.03242 | 
2025-07-21 05:16:26,967 [INFO] [Iter 49] LR: 0.10000000
2025-07-21 05:16:26,968 [INFO] Saving best model at iteration 49
2025-07-21 05:16:27,150 [INFO] H: 600, W: 166
2025-07-21 05:16:27,249 [INFO] [0 1 2 3 4 5]
2025-07-21 05:16:27,545 [INFO] y_target: [1 2 3 4 5 6]
2025-07-21 05:16:27,546 [INFO] y_predict: [0 1 2 3 4 5]
2025-07-21 05:16:27,633 [INFO] Epoch = 50 OA = 0.8030 Kappa = 0.7494 NMI = 0.7654
2025-07-21 05:16:28,108 [INFO] [50/300] loss 1639.42 | compact 14.427 | spectral 17.0414 | recons_loss: 0.139792 | sparse_loss: 1.03235 | 
2025-07-21 05:16:28,108 [INFO] [Iter 50] LR: 0.10000000
2025-07-21 05:16:28,109 [INFO] Saving best model at iteration 50
2025-07-21 05:16:28,707 [INFO] [51/300] loss 1639.03 | compact 14.4356 | spectral 17.0448 | recons_loss: 0.139206 | sparse_loss: 1.03229 | 
2025-07-21 05:16:28,707 [INFO] [Iter 51] LR: 0.10000000
2025-07-21 05:16:28,708 [INFO] Saving best model at iteration 51
2025-07-21 05:16:29,306 [INFO] [52/300] loss 1638.64 | compact 14.4431 | spectral 17.0482 | recons_loss: 0.138634 | sparse_loss: 1.03222 | 
2025-07-21 05:16:29,306 [INFO] [Iter 52] LR: 0.10000000
2025-07-21 05:16:29,307 [INFO] Saving best model at iteration 52
2025-07-21 05:16:29,911 [INFO] [53/300] loss 1638.27 | compact 14.4493 | spectral 17.0541 | recons_loss: 0.138098 | sparse_loss: 1.03216 | 
2025-07-21 05:16:29,911 [INFO] [Iter 53] LR: 0.10000000
2025-07-21 05:16:29,912 [INFO] Saving best model at iteration 53
2025-07-21 05:16:30,510 [INFO] [54/300] loss 1637.92 | compact 14.4553 | spectral 17.06 | recons_loss: 0.1376 | sparse_loss: 1.03209 | 
2025-07-21 05:16:30,510 [INFO] [Iter 54] LR: 0.10000000
2025-07-21 05:16:30,511 [INFO] Saving best model at iteration 54
2025-07-21 05:16:31,108 [INFO] [55/300] loss 1637.58 | compact 14.4606 | spectral 17.0645 | recons_loss: 0.137106 | sparse_loss: 1.03203 | 
2025-07-21 05:16:31,108 [INFO] [Iter 55] LR: 0.10000000
2025-07-21 05:16:31,109 [INFO] Saving best model at iteration 55
2025-07-21 05:16:31,707 [INFO] [56/300] loss 1637.26 | compact 14.4656 | spectral 17.0714 | recons_loss: 0.136619 | sparse_loss: 1.032 | 
2025-07-21 05:16:31,707 [INFO] [Iter 56] LR: 0.10000000
2025-07-21 05:16:31,708 [INFO] Saving best model at iteration 56
2025-07-21 05:16:32,305 [INFO] [57/300] loss 1636.93 | compact 14.4708 | spectral 17.0762 | recons_loss: 0.136151 | sparse_loss: 1.03197 | 
2025-07-21 05:16:32,305 [INFO] [Iter 57] LR: 0.10000000
2025-07-21 05:16:32,306 [INFO] Saving best model at iteration 57
2025-07-21 05:16:32,904 [INFO] [58/300] loss 1636.61 | compact 14.4752 | spectral 17.079 | recons_loss: 0.135711 | sparse_loss: 1.03192 | 
2025-07-21 05:16:32,904 [INFO] [Iter 58] LR: 0.10000000
2025-07-21 05:16:32,905 [INFO] Saving best model at iteration 58
2025-07-21 05:16:33,506 [INFO] [59/300] loss 1636.3 | compact 14.4796 | spectral 17.0821 | recons_loss: 0.135312 | sparse_loss: 1.03185 | 
2025-07-21 05:16:33,506 [INFO] [Iter 59] LR: 0.10000000
2025-07-21 05:16:33,508 [INFO] Saving best model at iteration 59
2025-07-21 05:16:34,119 [INFO] [60/300] loss 1635.99 | compact 14.4845 | spectral 17.0844 | recons_loss: 0.134931 | sparse_loss: 1.03178 | 
2025-07-21 05:16:34,120 [INFO] [Iter 60] LR: 0.10000000
2025-07-21 05:16:34,121 [INFO] Saving best model at iteration 60
2025-07-21 05:16:34,727 [INFO] [61/300] loss 1635.69 | compact 14.4899 | spectral 17.0858 | recons_loss: 0.134558 | sparse_loss: 1.03172 | 
2025-07-21 05:16:34,728 [INFO] [Iter 61] LR: 0.10000000
2025-07-21 05:16:34,729 [INFO] Saving best model at iteration 61
2025-07-21 05:16:35,327 [INFO] [62/300] loss 1635.39 | compact 14.4935 | spectral 17.0874 | recons_loss: 0.134159 | sparse_loss: 1.03166 | 
2025-07-21 05:16:35,327 [INFO] [Iter 62] LR: 0.10000000
2025-07-21 05:16:35,328 [INFO] Saving best model at iteration 62
2025-07-21 05:16:35,925 [INFO] [63/300] loss 1635.11 | compact 14.4955 | spectral 17.0889 | recons_loss: 0.13378 | sparse_loss: 1.03162 | 
2025-07-21 05:16:35,925 [INFO] [Iter 63] LR: 0.10000000
2025-07-21 05:16:35,926 [INFO] Saving best model at iteration 63
2025-07-21 05:16:36,526 [INFO] [64/300] loss 1634.84 | compact 14.4977 | spectral 17.0902 | recons_loss: 0.133412 | sparse_loss: 1.03157 | 
2025-07-21 05:16:36,527 [INFO] [Iter 64] LR: 0.10000000
2025-07-21 05:16:36,528 [INFO] Saving best model at iteration 64
2025-07-21 05:16:37,125 [INFO] [65/300] loss 1634.57 | compact 14.5003 | spectral 17.0905 | recons_loss: 0.133062 | sparse_loss: 1.03153 | 
2025-07-21 05:16:37,125 [INFO] [Iter 65] LR: 0.10000000
2025-07-21 05:16:37,126 [INFO] Saving best model at iteration 65
2025-07-21 05:16:37,724 [INFO] [66/300] loss 1634.31 | compact 14.5035 | spectral 17.0893 | recons_loss: 0.13272 | sparse_loss: 1.03148 | 
2025-07-21 05:16:37,724 [INFO] [Iter 66] LR: 0.10000000
2025-07-21 05:16:37,725 [INFO] Saving best model at iteration 66
2025-07-21 05:16:38,323 [INFO] [67/300] loss 1634.06 | compact 14.5051 | spectral 17.0893 | recons_loss: 0.132398 | sparse_loss: 1.03144 | 
2025-07-21 05:16:38,323 [INFO] [Iter 67] LR: 0.10000000
2025-07-21 05:16:38,325 [INFO] Saving best model at iteration 67
2025-07-21 05:16:38,926 [INFO] [68/300] loss 1633.82 | compact 14.5081 | spectral 17.0916 | recons_loss: 0.132065 | sparse_loss: 1.03141 | 
2025-07-21 05:16:38,926 [INFO] [Iter 68] LR: 0.10000000
2025-07-21 05:16:38,927 [INFO] Saving best model at iteration 68
2025-07-21 05:16:39,524 [INFO] [69/300] loss 1633.57 | compact 14.5086 | spectral 17.0991 | recons_loss: 0.131709 | sparse_loss: 1.03137 | 
2025-07-21 05:16:39,525 [INFO] [Iter 69] LR: 0.10000000
2025-07-21 05:16:39,526 [INFO] Saving best model at iteration 69
2025-07-21 05:16:40,123 [INFO] [70/300] loss 1633.35 | compact 14.5105 | spectral 17.1109 | recons_loss: 0.131368 | sparse_loss: 1.03133 | 
2025-07-21 05:16:40,124 [INFO] [Iter 70] LR: 0.10000000
2025-07-21 05:16:40,125 [INFO] Saving best model at iteration 70
2025-07-21 05:16:40,723 [INFO] [71/300] loss 1633.13 | compact 14.5128 | spectral 17.1205 | recons_loss: 0.131048 | sparse_loss: 1.03128 | 
2025-07-21 05:16:40,723 [INFO] [Iter 71] LR: 0.10000000
2025-07-21 05:16:40,724 [INFO] Saving best model at iteration 71
2025-07-21 05:16:41,329 [INFO] [72/300] loss 1632.91 | compact 14.5159 | spectral 17.1292 | recons_loss: 0.130737 | sparse_loss: 1.03123 | 
2025-07-21 05:16:41,329 [INFO] [Iter 72] LR: 0.10000000
2025-07-21 05:16:41,330 [INFO] Saving best model at iteration 72
2025-07-21 05:16:41,932 [INFO] [73/300] loss 1632.7 | compact 14.5184 | spectral 17.1376 | recons_loss: 0.130437 | sparse_loss: 1.03119 | 
2025-07-21 05:16:41,932 [INFO] [Iter 73] LR: 0.10000000
2025-07-21 05:16:41,933 [INFO] Saving best model at iteration 73
2025-07-21 05:16:42,530 [INFO] [74/300] loss 1632.49 | compact 14.5206 | spectral 17.146 | recons_loss: 0.130148 | sparse_loss: 1.03116 | 
2025-07-21 05:16:42,531 [INFO] [Iter 74] LR: 0.10000000
2025-07-21 05:16:42,532 [INFO] Saving best model at iteration 74
2025-07-21 05:16:43,129 [INFO] [75/300] loss 1632.3 | compact 14.5233 | spectral 17.1555 | recons_loss: 0.129869 | sparse_loss: 1.03113 | 
2025-07-21 05:16:43,129 [INFO] [Iter 75] LR: 0.10000000
2025-07-21 05:16:43,130 [INFO] Saving best model at iteration 75
2025-07-21 05:16:43,731 [INFO] [76/300] loss 1632.09 | compact 14.5271 | spectral 17.1621 | recons_loss: 0.1296 | sparse_loss: 1.03109 | 
2025-07-21 05:16:43,731 [INFO] [Iter 76] LR: 0.10000000
2025-07-21 05:16:43,732 [INFO] Saving best model at iteration 76
2025-07-21 05:16:44,329 [INFO] [77/300] loss 1631.89 | compact 14.5306 | spectral 17.1687 | recons_loss: 0.129343 | sparse_loss: 1.03105 | 
2025-07-21 05:16:44,329 [INFO] [Iter 77] LR: 0.10000000
2025-07-21 05:16:44,331 [INFO] Saving best model at iteration 77
2025-07-21 05:16:44,929 [INFO] [78/300] loss 1631.68 | compact 14.5348 | spectral 17.1742 | recons_loss: 0.129096 | sparse_loss: 1.03101 | 
2025-07-21 05:16:44,929 [INFO] [Iter 78] LR: 0.10000000
2025-07-21 05:16:44,931 [INFO] Saving best model at iteration 78
2025-07-21 05:16:45,529 [INFO] [79/300] loss 1631.5 | compact 14.5387 | spectral 17.1848 | recons_loss: 0.128873 | sparse_loss: 1.03098 | 
2025-07-21 05:16:45,529 [INFO] [Iter 79] LR: 0.10000000
2025-07-21 05:16:45,530 [INFO] Saving best model at iteration 79
2025-07-21 05:16:46,127 [INFO] [80/300] loss 1631.3 | compact 14.5404 | spectral 17.1911 | recons_loss: 0.128651 | sparse_loss: 1.03095 | 
2025-07-21 05:16:46,128 [INFO] [Iter 80] LR: 0.10000000
2025-07-21 05:16:46,129 [INFO] Saving best model at iteration 80
2025-07-21 05:16:46,726 [INFO] [81/300] loss 1631.12 | compact 14.5407 | spectral 17.1999 | recons_loss: 0.128448 | sparse_loss: 1.03091 | 
2025-07-21 05:16:46,726 [INFO] [Iter 81] LR: 0.10000000
2025-07-21 05:16:46,727 [INFO] Saving best model at iteration 81
2025-07-21 05:16:47,324 [INFO] [82/300] loss 1630.94 | compact 14.5416 | spectral 17.2063 | recons_loss: 0.128254 | sparse_loss: 1.03087 | 
2025-07-21 05:16:47,325 [INFO] [Iter 82] LR: 0.10000000
2025-07-21 05:16:47,326 [INFO] Saving best model at iteration 82
2025-07-21 05:16:47,923 [INFO] [83/300] loss 1630.75 | compact 14.5419 | spectral 17.2124 | recons_loss: 0.12806 | sparse_loss: 1.03083 | 
2025-07-21 05:16:47,924 [INFO] [Iter 83] LR: 0.10000000
2025-07-21 05:16:47,925 [INFO] Saving best model at iteration 83
2025-07-21 05:16:48,524 [INFO] [84/300] loss 1630.57 | compact 14.5418 | spectral 17.2195 | recons_loss: 0.127873 | sparse_loss: 1.0308 | 
2025-07-21 05:16:48,525 [INFO] [Iter 84] LR: 0.10000000
2025-07-21 05:16:48,527 [INFO] Saving best model at iteration 84
2025-07-21 05:16:49,132 [INFO] [85/300] loss 1630.41 | compact 14.5421 | spectral 17.2246 | recons_loss: 0.127694 | sparse_loss: 1.03076 | 
2025-07-21 05:16:49,132 [INFO] [Iter 85] LR: 0.10000000
2025-07-21 05:16:49,134 [INFO] Saving best model at iteration 85
2025-07-21 05:16:49,733 [INFO] [86/300] loss 1630.25 | compact 14.5449 | spectral 17.228 | recons_loss: 0.127512 | sparse_loss: 1.03072 | 
2025-07-21 05:16:49,733 [INFO] [Iter 86] LR: 0.10000000
2025-07-21 05:16:49,734 [INFO] Saving best model at iteration 86
2025-07-21 05:16:50,347 [INFO] [87/300] loss 1630.08 | compact 14.5481 | spectral 17.2319 | recons_loss: 0.127334 | sparse_loss: 1.03068 | 
2025-07-21 05:16:50,347 [INFO] [Iter 87] LR: 0.10000000
2025-07-21 05:16:50,348 [INFO] Saving best model at iteration 87
2025-07-21 05:16:50,947 [INFO] [88/300] loss 1629.92 | compact 14.5502 | spectral 17.2369 | recons_loss: 0.127163 | sparse_loss: 1.03064 | 
2025-07-21 05:16:50,947 [INFO] [Iter 88] LR: 0.10000000
2025-07-21 05:16:50,948 [INFO] Saving best model at iteration 88
2025-07-21 05:16:51,545 [INFO] [89/300] loss 1629.76 | compact 14.5527 | spectral 17.2419 | recons_loss: 0.126993 | sparse_loss: 1.0306 | 
2025-07-21 05:16:51,546 [INFO] [Iter 89] LR: 0.10000000
2025-07-21 05:16:51,547 [INFO] Saving best model at iteration 89
2025-07-21 05:16:52,144 [INFO] [90/300] loss 1629.61 | compact 14.5569 | spectral 17.2482 | recons_loss: 0.126821 | sparse_loss: 1.03057 | 
2025-07-21 05:16:52,144 [INFO] [Iter 90] LR: 0.10000000
2025-07-21 05:16:52,145 [INFO] Saving best model at iteration 90
2025-07-21 05:16:52,743 [INFO] [91/300] loss 1629.46 | compact 14.5603 | spectral 17.2541 | recons_loss: 0.126653 | sparse_loss: 1.03053 | 
2025-07-21 05:16:52,743 [INFO] [Iter 91] LR: 0.10000000
2025-07-21 05:16:52,745 [INFO] Saving best model at iteration 91
2025-07-21 05:16:53,363 [INFO] [92/300] loss 1629.31 | compact 14.5635 | spectral 17.2596 | recons_loss: 0.126488 | sparse_loss: 1.0305 | 
2025-07-21 05:16:53,363 [INFO] [Iter 92] LR: 0.10000000
2025-07-21 05:16:53,364 [INFO] Saving best model at iteration 92
2025-07-21 05:16:53,961 [INFO] [93/300] loss 1629.16 | compact 14.5654 | spectral 17.2662 | recons_loss: 0.126329 | sparse_loss: 1.03047 | 
2025-07-21 05:16:53,961 [INFO] [Iter 93] LR: 0.10000000
2025-07-21 05:16:53,963 [INFO] Saving best model at iteration 93
2025-07-21 05:16:54,560 [INFO] [94/300] loss 1629.02 | compact 14.5688 | spectral 17.2712 | recons_loss: 0.126164 | sparse_loss: 1.03043 | 
2025-07-21 05:16:54,561 [INFO] [Iter 94] LR: 0.10000000
2025-07-21 05:16:54,562 [INFO] Saving best model at iteration 94
2025-07-21 05:16:55,159 [INFO] [95/300] loss 1628.88 | compact 14.5711 | spectral 17.277 | recons_loss: 0.126003 | sparse_loss: 1.03039 | 
2025-07-21 05:16:55,159 [INFO] [Iter 95] LR: 0.10000000
2025-07-21 05:16:55,161 [INFO] Saving best model at iteration 95
2025-07-21 05:16:55,758 [INFO] [96/300] loss 1628.73 | compact 14.5736 | spectral 17.282 | recons_loss: 0.125842 | sparse_loss: 1.03035 | 
2025-07-21 05:16:55,759 [INFO] [Iter 96] LR: 0.10000000
2025-07-21 05:16:55,761 [INFO] Saving best model at iteration 96
2025-07-21 05:16:56,364 [INFO] [97/300] loss 1628.6 | compact 14.5758 | spectral 17.2871 | recons_loss: 0.12569 | sparse_loss: 1.03032 | 
2025-07-21 05:16:56,365 [INFO] [Iter 97] LR: 0.10000000
2025-07-21 05:16:56,366 [INFO] Saving best model at iteration 97
2025-07-21 05:16:56,986 [INFO] [98/300] loss 1628.46 | compact 14.5786 | spectral 17.292 | recons_loss: 0.125535 | sparse_loss: 1.03027 | 
2025-07-21 05:16:56,986 [INFO] [Iter 98] LR: 0.10000000
2025-07-21 05:16:56,988 [INFO] Saving best model at iteration 98
2025-07-21 05:16:57,586 [INFO] [99/300] loss 1628.32 | compact 14.581 | spectral 17.2967 | recons_loss: 0.125381 | sparse_loss: 1.03023 | 
2025-07-21 05:16:57,586 [INFO] [Iter 99] LR: 0.10000000
2025-07-21 05:16:57,589 [INFO] Saving best model at iteration 99
2025-07-21 05:16:57,785 [INFO] H: 600, W: 166
2025-07-21 05:16:57,888 [INFO] [0 1 2 3 4 5]
2025-07-21 05:16:57,984 [INFO] y_target: [1 2 3 4 5 6]
2025-07-21 05:16:57,984 [INFO] y_predict: [0 1 2 3 4 5]
2025-07-21 05:16:58,071 [INFO] Epoch = 100 OA = 0.8989 Kappa = 0.8651 NMI = 0.8256
2025-07-21 05:16:58,547 [INFO] [100/300] loss 1628.17 | compact 14.5833 | spectral 17.3003 | recons_loss: 0.125229 | sparse_loss: 1.03019 | 
2025-07-21 05:16:58,547 [INFO] [Iter 100] LR: 0.10000000
2025-07-21 05:16:58,548 [INFO] Saving best model at iteration 100
2025-07-21 05:16:59,155 [INFO] [101/300] loss 1628.03 | compact 14.587 | spectral 17.3021 | recons_loss: 0.12508 | sparse_loss: 1.03016 | 
2025-07-21 05:16:59,155 [INFO] [Iter 101] LR: 0.10000000
2025-07-21 05:16:59,157 [INFO] Saving best model at iteration 101
2025-07-21 05:16:59,763 [INFO] [102/300] loss 1627.89 | compact 14.5904 | spectral 17.3047 | recons_loss: 0.124935 | sparse_loss: 1.03013 | 
2025-07-21 05:16:59,763 [INFO] [Iter 102] LR: 0.10000000
2025-07-21 05:16:59,764 [INFO] Saving best model at iteration 102
2025-07-21 05:17:00,363 [INFO] [103/300] loss 1627.77 | compact 14.5936 | spectral 17.3106 | recons_loss: 0.124804 | sparse_loss: 1.0301 | 
2025-07-21 05:17:00,363 [INFO] [Iter 103] LR: 0.10000000
2025-07-21 05:17:00,364 [INFO] Saving best model at iteration 103
2025-07-21 05:17:00,967 [INFO] [104/300] loss 1627.64 | compact 14.5959 | spectral 17.3124 | recons_loss: 0.124684 | sparse_loss: 1.03008 | 
2025-07-21 05:17:00,967 [INFO] [Iter 104] LR: 0.10000000
2025-07-21 05:17:00,968 [INFO] Saving best model at iteration 104
2025-07-21 05:17:01,585 [INFO] [105/300] loss 1627.53 | compact 14.5947 | spectral 17.3151 | recons_loss: 0.124582 | sparse_loss: 1.03006 | 
2025-07-21 05:17:01,585 [INFO] [Iter 105] LR: 0.10000000
2025-07-21 05:17:01,586 [INFO] Saving best model at iteration 105
2025-07-21 05:17:02,201 [INFO] [106/300] loss 1627.41 | compact 14.5945 | spectral 17.3161 | recons_loss: 0.124479 | sparse_loss: 1.03005 | 
2025-07-21 05:17:02,201 [INFO] [Iter 106] LR: 0.10000000
2025-07-21 05:17:02,202 [INFO] Saving best model at iteration 106
2025-07-21 05:17:02,801 [INFO] [107/300] loss 1627.3 | compact 14.5943 | spectral 17.3172 | recons_loss: 0.124386 | sparse_loss: 1.03004 | 
2025-07-21 05:17:02,801 [INFO] [Iter 107] LR: 0.10000000
2025-07-21 05:17:02,804 [INFO] Saving best model at iteration 107
2025-07-21 05:17:03,401 [INFO] [108/300] loss 1627.2 | compact 14.5957 | spectral 17.316 | recons_loss: 0.124305 | sparse_loss: 1.03003 | 
2025-07-21 05:17:03,401 [INFO] [Iter 108] LR: 0.10000000
2025-07-21 05:17:03,402 [INFO] Saving best model at iteration 108
2025-07-21 05:17:03,999 [INFO] [109/300] loss 1627.12 | compact 14.5999 | spectral 17.3162 | recons_loss: 0.124238 | sparse_loss: 1.03002 | 
2025-07-21 05:17:04,000 [INFO] [Iter 109] LR: 0.10000000
2025-07-21 05:17:04,001 [INFO] Saving best model at iteration 109
2025-07-21 05:17:04,607 [INFO] [110/300] loss 1627.03 | compact 14.6034 | spectral 17.3159 | recons_loss: 0.124157 | sparse_loss: 1.03002 | 
2025-07-21 05:17:04,608 [INFO] [Iter 110] LR: 0.05000000
2025-07-21 05:17:04,609 [INFO] Saving best model at iteration 110
2025-07-21 05:17:05,206 [INFO] [111/300] loss 1626.94 | compact 14.6054 | spectral 17.3172 | recons_loss: 0.124068 | sparse_loss: 1.03001 | 
2025-07-21 05:17:05,206 [INFO] [Iter 111] LR: 0.05000000
2025-07-21 05:17:05,208 [INFO] Saving best model at iteration 111
2025-07-21 05:17:05,813 [INFO] [112/300] loss 1626.85 | compact 14.6074 | spectral 17.3196 | recons_loss: 0.123987 | sparse_loss: 1.02999 | 
2025-07-21 05:17:05,813 [INFO] [Iter 112] LR: 0.05000000
2025-07-21 05:17:05,814 [INFO] Saving best model at iteration 112
2025-07-21 05:17:06,412 [INFO] [113/300] loss 1626.76 | compact 14.6085 | spectral 17.3214 | recons_loss: 0.123909 | sparse_loss: 1.02998 | 
2025-07-21 05:17:06,412 [INFO] [Iter 113] LR: 0.05000000
2025-07-21 05:17:06,413 [INFO] Saving best model at iteration 113
2025-07-21 05:17:07,011 [INFO] [114/300] loss 1626.66 | compact 14.6097 | spectral 17.3225 | recons_loss: 0.123826 | sparse_loss: 1.02995 | 
2025-07-21 05:17:07,011 [INFO] [Iter 114] LR: 0.05000000
2025-07-21 05:17:07,012 [INFO] Saving best model at iteration 114
2025-07-21 05:17:07,610 [INFO] [115/300] loss 1626.56 | compact 14.6099 | spectral 17.3248 | recons_loss: 0.123736 | sparse_loss: 1.02993 | 
2025-07-21 05:17:07,610 [INFO] [Iter 115] LR: 0.05000000
2025-07-21 05:17:07,611 [INFO] Saving best model at iteration 115
2025-07-21 05:17:08,209 [INFO] [116/300] loss 1626.46 | compact 14.6103 | spectral 17.3266 | recons_loss: 0.12365 | sparse_loss: 1.02991 | 
2025-07-21 05:17:08,209 [INFO] [Iter 116] LR: 0.05000000
2025-07-21 05:17:08,210 [INFO] Saving best model at iteration 116
2025-07-21 05:17:08,808 [INFO] [117/300] loss 1626.35 | compact 14.6107 | spectral 17.3285 | recons_loss: 0.123564 | sparse_loss: 1.02989 | 
2025-07-21 05:17:08,808 [INFO] [Iter 117] LR: 0.05000000
2025-07-21 05:17:08,809 [INFO] Saving best model at iteration 117
2025-07-21 05:17:09,407 [INFO] [118/300] loss 1626.25 | compact 14.6114 | spectral 17.3298 | recons_loss: 0.123478 | sparse_loss: 1.02986 | 
2025-07-21 05:17:09,407 [INFO] [Iter 118] LR: 0.05000000
2025-07-21 05:17:09,409 [INFO] Saving best model at iteration 118
2025-07-21 05:17:10,007 [INFO] [119/300] loss 1626.14 | compact 14.6122 | spectral 17.3308 | recons_loss: 0.123396 | sparse_loss: 1.02983 | 
2025-07-21 05:17:10,007 [INFO] [Iter 119] LR: 0.05000000
2025-07-21 05:17:10,008 [INFO] Saving best model at iteration 119
2025-07-21 05:17:10,606 [INFO] [120/300] loss 1626.03 | compact 14.6127 | spectral 17.332 | recons_loss: 0.123317 | sparse_loss: 1.0298 | 
2025-07-21 05:17:10,606 [INFO] [Iter 120] LR: 0.05000000
2025-07-21 05:17:10,608 [INFO] Saving best model at iteration 120
2025-07-21 05:17:11,210 [INFO] [121/300] loss 1625.93 | compact 14.6135 | spectral 17.333 | recons_loss: 0.123237 | sparse_loss: 1.02978 | 
2025-07-21 05:17:11,211 [INFO] [Iter 121] LR: 0.05000000
2025-07-21 05:17:11,212 [INFO] Saving best model at iteration 121
2025-07-21 05:17:11,809 [INFO] [122/300] loss 1625.83 | compact 14.615 | spectral 17.3337 | recons_loss: 0.123161 | sparse_loss: 1.02975 | 
2025-07-21 05:17:11,809 [INFO] [Iter 122] LR: 0.05000000
2025-07-21 05:17:11,811 [INFO] Saving best model at iteration 122
2025-07-21 05:17:12,408 [INFO] [123/300] loss 1625.73 | compact 14.6162 | spectral 17.3343 | recons_loss: 0.123086 | sparse_loss: 1.02973 | 
2025-07-21 05:17:12,408 [INFO] [Iter 123] LR: 0.05000000
2025-07-21 05:17:12,409 [INFO] Saving best model at iteration 123
2025-07-21 05:17:13,007 [INFO] [124/300] loss 1625.63 | compact 14.6172 | spectral 17.3348 | recons_loss: 0.123011 | sparse_loss: 1.02971 | 
2025-07-21 05:17:13,007 [INFO] [Iter 124] LR: 0.05000000
2025-07-21 05:17:13,008 [INFO] Saving best model at iteration 124
2025-07-21 05:17:13,607 [INFO] [125/300] loss 1625.55 | compact 14.6184 | spectral 17.3361 | recons_loss: 0.122952 | sparse_loss: 1.02969 | 
2025-07-21 05:17:13,607 [INFO] [Iter 125] LR: 0.05000000
2025-07-21 05:17:13,608 [INFO] Saving best model at iteration 125
2025-07-21 05:17:14,206 [INFO] [126/300] loss 1625.46 | compact 14.6193 | spectral 17.3359 | recons_loss: 0.122883 | sparse_loss: 1.02967 | 
2025-07-21 05:17:14,207 [INFO] [Iter 126] LR: 0.05000000
2025-07-21 05:17:14,208 [INFO] Saving best model at iteration 126
2025-07-21 05:17:14,807 [INFO] [127/300] loss 1625.37 | compact 14.6204 | spectral 17.335 | recons_loss: 0.122815 | sparse_loss: 1.02965 | 
2025-07-21 05:17:14,807 [INFO] [Iter 127] LR: 0.05000000
2025-07-21 05:17:14,808 [INFO] Saving best model at iteration 127
2025-07-21 05:17:15,405 [INFO] [128/300] loss 1625.28 | compact 14.6214 | spectral 17.3344 | recons_loss: 0.122748 | sparse_loss: 1.02963 | 
2025-07-21 05:17:15,406 [INFO] [Iter 128] LR: 0.05000000
2025-07-21 05:17:15,407 [INFO] Saving best model at iteration 128
2025-07-21 05:17:16,005 [INFO] [129/300] loss 1625.19 | compact 14.6226 | spectral 17.3331 | recons_loss: 0.122681 | sparse_loss: 1.02961 | 
2025-07-21 05:17:16,005 [INFO] [Iter 129] LR: 0.05000000
2025-07-21 05:17:16,007 [INFO] Saving best model at iteration 129
2025-07-21 05:17:16,606 [INFO] [130/300] loss 1625.11 | compact 14.6238 | spectral 17.3325 | recons_loss: 0.122612 | sparse_loss: 1.02958 | 
2025-07-21 05:17:16,606 [INFO] [Iter 130] LR: 0.05000000
2025-07-21 05:17:16,607 [INFO] Saving best model at iteration 130
2025-07-21 05:17:17,206 [INFO] [131/300] loss 1625.03 | compact 14.6249 | spectral 17.3321 | recons_loss: 0.122547 | sparse_loss: 1.02956 | 
2025-07-21 05:17:17,206 [INFO] [Iter 131] LR: 0.05000000
2025-07-21 05:17:17,209 [INFO] Saving best model at iteration 131
2025-07-21 05:17:17,808 [INFO] [132/300] loss 1624.95 | compact 14.6255 | spectral 17.3331 | recons_loss: 0.122479 | sparse_loss: 1.02953 | 
2025-07-21 05:17:17,808 [INFO] [Iter 132] LR: 0.05000000
2025-07-21 05:17:17,809 [INFO] Saving best model at iteration 132
2025-07-21 05:17:18,407 [INFO] [133/300] loss 1624.87 | compact 14.6259 | spectral 17.3344 | recons_loss: 0.122404 | sparse_loss: 1.02951 | 
2025-07-21 05:17:18,407 [INFO] [Iter 133] LR: 0.05000000
2025-07-21 05:17:18,408 [INFO] Saving best model at iteration 133
2025-07-21 05:17:19,005 [INFO] [134/300] loss 1624.79 | compact 14.627 | spectral 17.3354 | recons_loss: 0.122329 | sparse_loss: 1.0295 | 
2025-07-21 05:17:19,005 [INFO] [Iter 134] LR: 0.05000000
2025-07-21 05:17:19,006 [INFO] Saving best model at iteration 134
2025-07-21 05:17:19,603 [INFO] [135/300] loss 1624.71 | compact 14.6278 | spectral 17.3369 | recons_loss: 0.122253 | sparse_loss: 1.02948 | 
2025-07-21 05:17:19,604 [INFO] [Iter 135] LR: 0.05000000
2025-07-21 05:17:19,605 [INFO] Saving best model at iteration 135
2025-07-21 05:17:20,202 [INFO] [136/300] loss 1624.63 | compact 14.6286 | spectral 17.338 | recons_loss: 0.122179 | sparse_loss: 1.02947 | 
2025-07-21 05:17:20,202 [INFO] [Iter 136] LR: 0.05000000
2025-07-21 05:17:20,204 [INFO] Saving best model at iteration 136
2025-07-21 05:17:20,802 [INFO] [137/300] loss 1624.54 | compact 14.6295 | spectral 17.339 | recons_loss: 0.122106 | sparse_loss: 1.02945 | 
2025-07-21 05:17:20,802 [INFO] [Iter 137] LR: 0.05000000
2025-07-21 05:17:20,803 [INFO] Saving best model at iteration 137
2025-07-21 05:17:21,410 [INFO] [138/300] loss 1624.46 | compact 14.6305 | spectral 17.3406 | recons_loss: 0.122035 | sparse_loss: 1.02943 | 
2025-07-21 05:17:21,411 [INFO] [Iter 138] LR: 0.05000000
2025-07-21 05:17:21,412 [INFO] Saving best model at iteration 138
2025-07-21 05:17:22,015 [INFO] [139/300] loss 1624.38 | compact 14.6317 | spectral 17.3416 | recons_loss: 0.121965 | sparse_loss: 1.02941 | 
2025-07-21 05:17:22,015 [INFO] [Iter 139] LR: 0.05000000
2025-07-21 05:17:22,016 [INFO] Saving best model at iteration 139
2025-07-21 05:17:22,623 [INFO] [140/300] loss 1624.31 | compact 14.6331 | spectral 17.3427 | recons_loss: 0.121898 | sparse_loss: 1.02939 | 
2025-07-21 05:17:22,623 [INFO] [Iter 140] LR: 0.05000000
2025-07-21 05:17:22,624 [INFO] Saving best model at iteration 140
2025-07-21 05:17:23,223 [INFO] [141/300] loss 1624.23 | compact 14.634 | spectral 17.344 | recons_loss: 0.121835 | sparse_loss: 1.02938 | 
2025-07-21 05:17:23,223 [INFO] [Iter 141] LR: 0.05000000
2025-07-21 05:17:23,226 [INFO] Saving best model at iteration 141
2025-07-21 05:17:23,824 [INFO] [142/300] loss 1624.15 | compact 14.6349 | spectral 17.3449 | recons_loss: 0.121775 | sparse_loss: 1.02936 | 
2025-07-21 05:17:23,824 [INFO] [Iter 142] LR: 0.05000000
2025-07-21 05:17:23,825 [INFO] Saving best model at iteration 142
2025-07-21 05:17:24,423 [INFO] [143/300] loss 1624.08 | compact 14.6357 | spectral 17.3456 | recons_loss: 0.121714 | sparse_loss: 1.02934 | 
2025-07-21 05:17:24,423 [INFO] [Iter 143] LR: 0.05000000
2025-07-21 05:17:24,424 [INFO] Saving best model at iteration 143
2025-07-21 05:17:25,022 [INFO] [144/300] loss 1624 | compact 14.6365 | spectral 17.3465 | recons_loss: 0.121657 | sparse_loss: 1.02932 | 
2025-07-21 05:17:25,022 [INFO] [Iter 144] LR: 0.05000000
2025-07-21 05:17:25,023 [INFO] Saving best model at iteration 144
2025-07-21 05:17:25,621 [INFO] [145/300] loss 1623.92 | compact 14.637 | spectral 17.348 | recons_loss: 0.121601 | sparse_loss: 1.0293 | 
2025-07-21 05:17:25,621 [INFO] [Iter 145] LR: 0.05000000
2025-07-21 05:17:25,622 [INFO] Saving best model at iteration 145
2025-07-21 05:17:26,220 [INFO] [146/300] loss 1623.84 | compact 14.6374 | spectral 17.3496 | recons_loss: 0.121544 | sparse_loss: 1.02928 | 
2025-07-21 05:17:26,220 [INFO] [Iter 146] LR: 0.05000000
2025-07-21 05:17:26,221 [INFO] Saving best model at iteration 146
2025-07-21 05:17:26,819 [INFO] [147/300] loss 1623.77 | compact 14.6378 | spectral 17.3512 | recons_loss: 0.12149 | sparse_loss: 1.02926 | 
2025-07-21 05:17:26,819 [INFO] [Iter 147] LR: 0.05000000
2025-07-21 05:17:26,820 [INFO] Saving best model at iteration 147
2025-07-21 05:17:27,418 [INFO] [148/300] loss 1623.7 | compact 14.6383 | spectral 17.3527 | recons_loss: 0.121436 | sparse_loss: 1.02924 | 
2025-07-21 05:17:27,419 [INFO] [Iter 148] LR: 0.05000000
2025-07-21 05:17:27,421 [INFO] Saving best model at iteration 148
2025-07-21 05:17:28,020 [INFO] [149/300] loss 1623.63 | compact 14.6384 | spectral 17.3542 | recons_loss: 0.121384 | sparse_loss: 1.02922 | 
2025-07-21 05:17:28,020 [INFO] [Iter 149] LR: 0.05000000
2025-07-21 05:17:28,021 [INFO] Saving best model at iteration 149
2025-07-21 05:17:28,211 [INFO] H: 600, W: 166
2025-07-21 05:17:28,313 [INFO] [0 1 2 3 4 5]
2025-07-21 05:17:28,410 [INFO] y_target: [1 2 3 4 5 6]
2025-07-21 05:17:28,410 [INFO] y_predict: [0 1 2 3 4 5]
2025-07-21 05:17:28,498 [INFO] Epoch = 150 OA = 0.8963 Kappa = 0.8616 NMI = 0.8263
2025-07-21 05:17:28,974 [INFO] [150/300] loss 1623.56 | compact 14.6385 | spectral 17.3559 | recons_loss: 0.121332 | sparse_loss: 1.0292 | 
2025-07-21 05:17:28,974 [INFO] [Iter 150] LR: 0.05000000
2025-07-21 05:17:28,977 [INFO] Saving best model at iteration 150
2025-07-21 05:17:29,587 [INFO] [151/300] loss 1623.49 | compact 14.6389 | spectral 17.3579 | recons_loss: 0.121281 | sparse_loss: 1.02918 | 
2025-07-21 05:17:29,587 [INFO] [Iter 151] LR: 0.05000000
2025-07-21 05:17:29,589 [INFO] Saving best model at iteration 151
2025-07-21 05:17:30,186 [INFO] [152/300] loss 1623.43 | compact 14.6389 | spectral 17.3601 | recons_loss: 0.121229 | sparse_loss: 1.02916 | 
2025-07-21 05:17:30,186 [INFO] [Iter 152] LR: 0.05000000
2025-07-21 05:17:30,187 [INFO] Saving best model at iteration 152
2025-07-21 05:17:30,788 [INFO] [153/300] loss 1623.36 | compact 14.6387 | spectral 17.3626 | recons_loss: 0.121178 | sparse_loss: 1.02915 | 
2025-07-21 05:17:30,788 [INFO] [Iter 153] LR: 0.05000000
2025-07-21 05:17:30,789 [INFO] Saving best model at iteration 153
2025-07-21 05:17:31,386 [INFO] [154/300] loss 1623.3 | compact 14.6387 | spectral 17.3648 | recons_loss: 0.121127 | sparse_loss: 1.02913 | 
2025-07-21 05:17:31,387 [INFO] [Iter 154] LR: 0.05000000
2025-07-21 05:17:31,388 [INFO] Saving best model at iteration 154
2025-07-21 05:17:31,991 [INFO] [155/300] loss 1623.24 | compact 14.6386 | spectral 17.3674 | recons_loss: 0.121079 | sparse_loss: 1.02912 | 
2025-07-21 05:17:31,992 [INFO] [Iter 155] LR: 0.05000000
2025-07-21 05:17:31,994 [INFO] Saving best model at iteration 155
2025-07-21 05:17:32,608 [INFO] [156/300] loss 1623.17 | compact 14.6383 | spectral 17.3697 | recons_loss: 0.121032 | sparse_loss: 1.0291 | 
2025-07-21 05:17:32,608 [INFO] [Iter 156] LR: 0.05000000
2025-07-21 05:17:32,609 [INFO] Saving best model at iteration 156
2025-07-21 05:17:33,207 [INFO] [157/300] loss 1623.11 | compact 14.6382 | spectral 17.3715 | recons_loss: 0.120987 | sparse_loss: 1.02909 | 
2025-07-21 05:17:33,207 [INFO] [Iter 157] LR: 0.05000000
2025-07-21 05:17:33,208 [INFO] Saving best model at iteration 157
2025-07-21 05:17:33,810 [INFO] [158/300] loss 1623.05 | compact 14.6384 | spectral 17.3732 | recons_loss: 0.120942 | sparse_loss: 1.02907 | 
2025-07-21 05:17:33,810 [INFO] [Iter 158] LR: 0.05000000
2025-07-21 05:17:33,811 [INFO] Saving best model at iteration 158
2025-07-21 05:17:34,414 [INFO] [159/300] loss 1622.99 | compact 14.6382 | spectral 17.375 | recons_loss: 0.120895 | sparse_loss: 1.02906 | 
2025-07-21 05:17:34,415 [INFO] [Iter 159] LR: 0.05000000
2025-07-21 05:17:34,417 [INFO] Saving best model at iteration 159
2025-07-21 05:17:35,027 [INFO] [160/300] loss 1622.93 | compact 14.6383 | spectral 17.3765 | recons_loss: 0.120846 | sparse_loss: 1.02905 | 
2025-07-21 05:17:35,027 [INFO] [Iter 160] LR: 0.02500000
2025-07-21 05:17:35,028 [INFO] Saving best model at iteration 160
2025-07-21 05:17:35,625 [INFO] [161/300] loss 1622.87 | compact 14.6386 | spectral 17.3779 | recons_loss: 0.120798 | sparse_loss: 1.02905 | 
2025-07-21 05:17:35,626 [INFO] [Iter 161] LR: 0.02500000
2025-07-21 05:17:35,627 [INFO] Saving best model at iteration 161
2025-07-21 05:17:36,226 [INFO] [162/300] loss 1622.81 | compact 14.6388 | spectral 17.3794 | recons_loss: 0.120752 | sparse_loss: 1.02904 | 
2025-07-21 05:17:36,226 [INFO] [Iter 162] LR: 0.02500000
2025-07-21 05:17:36,227 [INFO] Saving best model at iteration 162
2025-07-21 05:17:36,825 [INFO] [163/300] loss 1622.75 | compact 14.6389 | spectral 17.3807 | recons_loss: 0.120708 | sparse_loss: 1.02903 | 
2025-07-21 05:17:36,825 [INFO] [Iter 163] LR: 0.02500000
2025-07-21 05:17:36,826 [INFO] Saving best model at iteration 163
2025-07-21 05:17:37,423 [INFO] [164/300] loss 1622.7 | compact 14.6391 | spectral 17.3821 | recons_loss: 0.120667 | sparse_loss: 1.02902 | 
2025-07-21 05:17:37,424 [INFO] [Iter 164] LR: 0.01250000
2025-07-21 05:17:37,425 [INFO] Saving best model at iteration 164
2025-07-21 05:17:38,022 [INFO] [165/300] loss 1622.65 | compact 14.6393 | spectral 17.3835 | recons_loss: 0.120626 | sparse_loss: 1.02901 | 
2025-07-21 05:17:38,023 [INFO] [Iter 165] LR: 0.01250000
2025-07-21 05:17:38,024 [INFO] Saving best model at iteration 165
2025-07-21 05:17:38,622 [INFO] [166/300] loss 1622.6 | compact 14.6395 | spectral 17.3846 | recons_loss: 0.120586 | sparse_loss: 1.029 | 
2025-07-21 05:17:38,622 [INFO] [Iter 166] LR: 0.01250000
2025-07-21 05:17:38,623 [INFO] Saving best model at iteration 166
2025-07-21 05:17:39,221 [INFO] [167/300] loss 1622.55 | compact 14.6399 | spectral 17.3854 | recons_loss: 0.120548 | sparse_loss: 1.02899 | 
2025-07-21 05:17:39,221 [INFO] [Iter 167] LR: 0.01250000
2025-07-21 05:17:39,222 [INFO] Saving best model at iteration 167
2025-07-21 05:17:39,830 [INFO] [168/300] loss 1622.51 | compact 14.6402 | spectral 17.3862 | recons_loss: 0.120513 | sparse_loss: 1.02898 | 
2025-07-21 05:17:39,830 [INFO] [Iter 168] LR: 0.01250000
2025-07-21 05:17:39,831 [INFO] Saving best model at iteration 168
2025-07-21 05:17:40,435 [INFO] [169/300] loss 1622.47 | compact 14.6405 | spectral 17.3871 | recons_loss: 0.12048 | sparse_loss: 1.02897 | 
2025-07-21 05:17:40,435 [INFO] [Iter 169] LR: 0.01250000
2025-07-21 05:17:40,436 [INFO] Saving best model at iteration 169
2025-07-21 05:17:41,034 [INFO] [170/300] loss 1622.43 | compact 14.6404 | spectral 17.388 | recons_loss: 0.120449 | sparse_loss: 1.02896 | 
2025-07-21 05:17:41,034 [INFO] [Iter 170] LR: 0.00625000
2025-07-21 05:17:41,035 [INFO] Saving best model at iteration 170
2025-07-21 05:17:41,632 [INFO] [171/300] loss 1622.39 | compact 14.6401 | spectral 17.389 | recons_loss: 0.120419 | sparse_loss: 1.02895 | 
2025-07-21 05:17:41,632 [INFO] [Iter 171] LR: 0.00625000
2025-07-21 05:17:41,633 [INFO] Saving best model at iteration 171
2025-07-21 05:17:42,231 [INFO] [172/300] loss 1622.35 | compact 14.6401 | spectral 17.3896 | recons_loss: 0.120392 | sparse_loss: 1.02894 | 
2025-07-21 05:17:42,231 [INFO] [Iter 172] LR: 0.00625000
2025-07-21 05:17:42,233 [INFO] Saving best model at iteration 172
2025-07-21 05:17:42,830 [INFO] [173/300] loss 1622.32 | compact 14.64 | spectral 17.3902 | recons_loss: 0.120367 | sparse_loss: 1.02893 | 
2025-07-21 05:17:42,830 [INFO] [Iter 173] LR: 0.00312500
2025-07-21 05:17:42,831 [INFO] Saving best model at iteration 173
2025-07-21 05:17:43,429 [INFO] [174/300] loss 1622.29 | compact 14.64 | spectral 17.3905 | recons_loss: 0.120343 | sparse_loss: 1.02893 | 
2025-07-21 05:17:43,429 [INFO] [Iter 174] LR: 0.00312500
2025-07-21 05:17:43,431 [INFO] Saving best model at iteration 174
2025-07-21 05:17:44,028 [INFO] [175/300] loss 1622.26 | compact 14.6401 | spectral 17.3909 | recons_loss: 0.120321 | sparse_loss: 1.02892 | 
2025-07-21 05:17:44,028 [INFO] [Iter 175] LR: 0.00312500
2025-07-21 05:17:44,030 [INFO] Saving best model at iteration 175
2025-07-21 05:17:44,628 [INFO] [176/300] loss 1622.23 | compact 14.6402 | spectral 17.3912 | recons_loss: 0.120302 | sparse_loss: 1.02891 | 
2025-07-21 05:17:44,628 [INFO] [Iter 176] LR: 0.00312500
2025-07-21 05:17:44,629 [INFO] Saving best model at iteration 176
2025-07-21 05:17:45,226 [INFO] [177/300] loss 1622.2 | compact 14.6404 | spectral 17.3913 | recons_loss: 0.120283 | sparse_loss: 1.0289 | 
2025-07-21 05:17:45,227 [INFO] [Iter 177] LR: 0.00312500
2025-07-21 05:17:45,229 [INFO] Saving best model at iteration 177
2025-07-21 05:17:45,828 [INFO] [178/300] loss 1622.18 | compact 14.6406 | spectral 17.3915 | recons_loss: 0.120267 | sparse_loss: 1.0289 | 
2025-07-21 05:17:45,828 [INFO] [Iter 178] LR: 0.00156250
2025-07-21 05:17:45,829 [INFO] Saving best model at iteration 178
2025-07-21 05:17:46,427 [INFO] [179/300] loss 1622.16 | compact 14.6407 | spectral 17.3916 | recons_loss: 0.120251 | sparse_loss: 1.02889 | 
2025-07-21 05:17:46,427 [INFO] [Iter 179] LR: 0.00156250
2025-07-21 05:17:46,428 [INFO] Saving best model at iteration 179
2025-07-21 05:17:47,029 [INFO] [180/300] loss 1622.14 | compact 14.6407 | spectral 17.3919 | recons_loss: 0.120237 | sparse_loss: 1.02889 | 
2025-07-21 05:17:47,029 [INFO] [Iter 180] LR: 0.00156250
2025-07-21 05:17:47,030 [INFO] Saving best model at iteration 180
2025-07-21 05:17:47,636 [INFO] [181/300] loss 1622.12 | compact 14.6408 | spectral 17.3921 | recons_loss: 0.120224 | sparse_loss: 1.02888 | 
2025-07-21 05:17:47,637 [INFO] [Iter 181] LR: 0.00078125
2025-07-21 05:17:47,638 [INFO] Saving best model at iteration 181
2025-07-21 05:17:48,236 [INFO] [182/300] loss 1622.1 | compact 14.6408 | spectral 17.3923 | recons_loss: 0.120212 | sparse_loss: 1.02888 | 
2025-07-21 05:17:48,236 [INFO] [Iter 182] LR: 0.00078125
2025-07-21 05:17:48,237 [INFO] Saving best model at iteration 182
2025-07-21 05:17:48,835 [INFO] [183/300] loss 1622.09 | compact 14.6408 | spectral 17.3925 | recons_loss: 0.120201 | sparse_loss: 1.02888 | 
2025-07-21 05:17:48,835 [INFO] [Iter 183] LR: 0.00078125
2025-07-21 05:17:48,837 [INFO] Saving best model at iteration 183
2025-07-21 05:17:49,435 [INFO] [184/300] loss 1622.07 | compact 14.6408 | spectral 17.3927 | recons_loss: 0.120191 | sparse_loss: 1.02887 | 
2025-07-21 05:17:49,435 [INFO] [Iter 184] LR: 0.00039063
2025-07-21 05:17:49,438 [INFO] Saving best model at iteration 184
2025-07-21 05:17:50,036 [INFO] [185/300] loss 1622.06 | compact 14.6409 | spectral 17.3928 | recons_loss: 0.120182 | sparse_loss: 1.02887 | 
2025-07-21 05:17:50,036 [INFO] [Iter 185] LR: 0.00039063
2025-07-21 05:17:50,037 [INFO] Saving best model at iteration 185
2025-07-21 05:17:50,634 [INFO] [186/300] loss 1622.05 | compact 14.6409 | spectral 17.393 | recons_loss: 0.120174 | sparse_loss: 1.02887 | 
2025-07-21 05:17:50,634 [INFO] [Iter 186] LR: 0.00039063
2025-07-21 05:17:50,635 [INFO] Saving best model at iteration 186
2025-07-21 05:17:51,233 [INFO] [187/300] loss 1622.04 | compact 14.6409 | spectral 17.3931 | recons_loss: 0.120167 | sparse_loss: 1.02886 | 
2025-07-21 05:17:51,233 [INFO] [Iter 187] LR: 0.00019531
2025-07-21 05:17:51,234 [INFO] Saving best model at iteration 187
2025-07-21 05:17:51,832 [INFO] [188/300] loss 1622.03 | compact 14.641 | spectral 17.3932 | recons_loss: 0.12016 | sparse_loss: 1.02886 | 
2025-07-21 05:17:51,832 [INFO] [Iter 188] LR: 0.00019531
2025-07-21 05:17:51,833 [INFO] Saving best model at iteration 188
2025-07-21 05:17:52,431 [INFO] [189/300] loss 1622.02 | compact 14.641 | spectral 17.3933 | recons_loss: 0.120154 | sparse_loss: 1.02886 | 
2025-07-21 05:17:52,431 [INFO] [Iter 189] LR: 0.00019531
2025-07-21 05:17:52,432 [INFO] Saving best model at iteration 189
2025-07-21 05:17:53,031 [INFO] [190/300] loss 1622.01 | compact 14.641 | spectral 17.3934 | recons_loss: 0.120149 | sparse_loss: 1.02886 | 
2025-07-21 05:17:53,031 [INFO] [Iter 190] LR: 0.00009766
2025-07-21 05:17:53,032 [INFO] Saving best model at iteration 190
2025-07-21 05:17:53,630 [INFO] [191/300] loss 1622 | compact 14.641 | spectral 17.3934 | recons_loss: 0.120144 | sparse_loss: 1.02886 | 
2025-07-21 05:17:53,631 [INFO] [Iter 191] LR: 0.00009766
2025-07-21 05:17:53,633 [INFO] Saving best model at iteration 191
2025-07-21 05:17:54,231 [INFO] [192/300] loss 1622 | compact 14.6411 | spectral 17.3935 | recons_loss: 0.120139 | sparse_loss: 1.02885 | 
2025-07-21 05:17:54,232 [INFO] [Iter 192] LR: 0.00009766
2025-07-21 05:17:54,233 [INFO] Saving best model at iteration 192
2025-07-21 05:17:54,831 [INFO] [193/300] loss 1621.99 | compact 14.6411 | spectral 17.3936 | recons_loss: 0.120135 | sparse_loss: 1.02885 | 
2025-07-21 05:17:54,831 [INFO] [Iter 193] LR: 0.00004883
2025-07-21 05:17:54,832 [INFO] Saving best model at iteration 193
2025-07-21 05:17:55,432 [INFO] [194/300] loss 1621.98 | compact 14.6411 | spectral 17.3936 | recons_loss: 0.120132 | sparse_loss: 1.02885 | 
2025-07-21 05:17:55,433 [INFO] [Iter 194] LR: 0.00004883
2025-07-21 05:17:55,434 [INFO] Saving best model at iteration 194
2025-07-21 05:17:56,045 [INFO] [195/300] loss 1621.98 | compact 14.6411 | spectral 17.3937 | recons_loss: 0.120129 | sparse_loss: 1.02885 | 
2025-07-21 05:17:56,045 [INFO] [Iter 195] LR: 0.00004883
2025-07-21 05:17:56,046 [INFO] Saving best model at iteration 195
2025-07-21 05:17:56,662 [INFO] [196/300] loss 1621.97 | compact 14.6411 | spectral 17.3937 | recons_loss: 0.120126 | sparse_loss: 1.02885 | 
2025-07-21 05:17:56,662 [INFO] [Iter 196] LR: 0.00002441
2025-07-21 05:17:56,663 [INFO] Saving best model at iteration 196
2025-07-21 05:17:57,261 [INFO] [197/300] loss 1621.97 | compact 14.6411 | spectral 17.3938 | recons_loss: 0.120123 | sparse_loss: 1.02885 | 
2025-07-21 05:17:57,261 [INFO] [Iter 197] LR: 0.00002441
2025-07-21 05:17:57,263 [INFO] Saving best model at iteration 197
2025-07-21 05:17:57,863 [INFO] [198/300] loss 1621.97 | compact 14.6412 | spectral 17.3938 | recons_loss: 0.120121 | sparse_loss: 1.02885 | 
2025-07-21 05:17:57,863 [INFO] [Iter 198] LR: 0.00002441
2025-07-21 05:17:57,864 [INFO] Saving best model at iteration 198
2025-07-21 05:17:58,461 [INFO] [199/300] loss 1621.96 | compact 14.6412 | spectral 17.3938 | recons_loss: 0.120118 | sparse_loss: 1.02885 | 
2025-07-21 05:17:58,462 [INFO] [Iter 199] LR: 0.00001221
2025-07-21 05:17:58,463 [INFO] Saving best model at iteration 199
2025-07-21 05:17:58,644 [INFO] H: 600, W: 166
2025-07-21 05:17:58,747 [INFO] [0 1 2 3 4 5]
2025-07-21 05:17:58,844 [INFO] y_target: [1 2 3 4 5 6]
2025-07-21 05:17:58,844 [INFO] y_predict: [0 1 2 3 4 5]
2025-07-21 05:17:58,932 [INFO] Epoch = 200 OA = 0.8963 Kappa = 0.8617 NMI = 0.8263
2025-07-21 05:17:59,407 [INFO] [200/300] loss 1621.96 | compact 14.6412 | spectral 17.3939 | recons_loss: 0.120117 | sparse_loss: 1.02885 | 
2025-07-21 05:17:59,407 [INFO] [Iter 200] LR: 0.00001221
2025-07-21 05:17:59,408 [INFO] Saving best model at iteration 200
2025-07-21 05:18:00,007 [INFO] [201/300] loss 1621.96 | compact 14.6412 | spectral 17.3939 | recons_loss: 0.120115 | sparse_loss: 1.02885 | 
2025-07-21 05:18:00,007 [INFO] [Iter 201] LR: 0.00001221
2025-07-21 05:18:00,008 [INFO] Saving best model at iteration 201
2025-07-21 05:18:00,606 [INFO] [202/300] loss 1621.96 | compact 14.6412 | spectral 17.3939 | recons_loss: 0.120113 | sparse_loss: 1.02884 | 
2025-07-21 05:18:00,606 [INFO] [Iter 202] LR: 0.00000610
2025-07-21 05:18:00,607 [INFO] Saving best model at iteration 202
2025-07-21 05:18:01,205 [INFO] [203/300] loss 1621.95 | compact 14.6412 | spectral 17.394 | recons_loss: 0.120112 | sparse_loss: 1.02884 | 
2025-07-21 05:18:01,205 [INFO] [Iter 203] LR: 0.00000610
2025-07-21 05:18:01,206 [INFO] Saving best model at iteration 203
2025-07-21 05:18:01,804 [INFO] [204/300] loss 1621.95 | compact 14.6412 | spectral 17.394 | recons_loss: 0.120111 | sparse_loss: 1.02884 | 
2025-07-21 05:18:01,804 [INFO] [Iter 204] LR: 0.00000610
2025-07-21 05:18:01,805 [INFO] Saving best model at iteration 204
2025-07-21 05:18:02,403 [INFO] [205/300] loss 1621.95 | compact 14.6412 | spectral 17.394 | recons_loss: 0.120109 | sparse_loss: 1.02884 | 
2025-07-21 05:18:02,403 [INFO] [Iter 205] LR: 0.00000305
2025-07-21 05:18:02,404 [INFO] Saving best model at iteration 205
2025-07-21 05:18:03,003 [INFO] [206/300] loss 1621.95 | compact 14.6412 | spectral 17.394 | recons_loss: 0.120108 | sparse_loss: 1.02884 | 
2025-07-21 05:18:03,003 [INFO] [Iter 206] LR: 0.00000305
2025-07-21 05:18:03,005 [INFO] Saving best model at iteration 206
2025-07-21 05:18:03,612 [INFO] [207/300] loss 1621.95 | compact 14.6412 | spectral 17.394 | recons_loss: 0.120108 | sparse_loss: 1.02884 | 
2025-07-21 05:18:03,613 [INFO] [Iter 207] LR: 0.00000305
2025-07-21 05:18:03,614 [INFO] Saving best model at iteration 207
2025-07-21 05:18:04,211 [INFO] [208/300] loss 1621.95 | compact 14.6412 | spectral 17.394 | recons_loss: 0.120107 | sparse_loss: 1.02884 | 
2025-07-21 05:18:04,211 [INFO] [Iter 208] LR: 0.00000153
2025-07-21 05:18:04,212 [INFO] Saving best model at iteration 208
2025-07-21 05:18:04,810 [INFO] [209/300] loss 1621.94 | compact 14.6412 | spectral 17.394 | recons_loss: 0.120106 | sparse_loss: 1.02884 | 
2025-07-21 05:18:04,810 [INFO] [Iter 209] LR: 0.00000153
2025-07-21 05:18:04,811 [INFO] Saving best model at iteration 209
2025-07-21 05:18:05,408 [INFO] [210/300] loss 1621.94 | compact 14.6412 | spectral 17.3941 | recons_loss: 0.120105 | sparse_loss: 1.02884 | 
2025-07-21 05:18:05,408 [INFO] [Iter 210] LR: 0.00000153
2025-07-21 05:18:05,409 [INFO] Saving best model at iteration 210
2025-07-21 05:18:06,008 [INFO] [211/300] loss 1621.94 | compact 14.6412 | spectral 17.3941 | recons_loss: 0.120105 | sparse_loss: 1.02884 | 
2025-07-21 05:18:06,008 [INFO] [Iter 211] LR: 0.00000076
2025-07-21 05:18:06,009 [INFO] Saving best model at iteration 211
2025-07-21 05:18:06,620 [INFO] [212/300] loss 1621.94 | compact 14.6412 | spectral 17.3941 | recons_loss: 0.120104 | sparse_loss: 1.02884 | 
2025-07-21 05:18:06,621 [INFO] [Iter 212] LR: 0.00000076
2025-07-21 05:18:06,622 [INFO] Saving best model at iteration 212
2025-07-21 05:18:07,220 [INFO] [213/300] loss 1621.94 | compact 14.6412 | spectral 17.3941 | recons_loss: 0.120104 | sparse_loss: 1.02884 | 
2025-07-21 05:18:07,220 [INFO] [Iter 213] LR: 0.00000076
2025-07-21 05:18:07,221 [INFO] Saving best model at iteration 213
2025-07-21 05:18:07,818 [INFO] [214/300] loss 1621.94 | compact 14.6412 | spectral 17.3941 | recons_loss: 0.120103 | sparse_loss: 1.02884 | 
2025-07-21 05:18:07,819 [INFO] [Iter 214] LR: 0.00000038
2025-07-21 05:18:07,820 [INFO] Saving best model at iteration 214
2025-07-21 05:18:08,418 [INFO] [215/300] loss 1621.94 | compact 14.6412 | spectral 17.3941 | recons_loss: 0.120103 | sparse_loss: 1.02884 | 
2025-07-21 05:18:08,418 [INFO] [Iter 215] LR: 0.00000038
2025-07-21 05:18:08,419 [INFO] Saving best model at iteration 215
2025-07-21 05:18:09,017 [INFO] [216/300] loss 1621.94 | compact 14.6412 | spectral 17.3941 | recons_loss: 0.120103 | sparse_loss: 1.02884 | 
2025-07-21 05:18:09,017 [INFO] [Iter 216] LR: 0.00000038
2025-07-21 05:18:09,018 [INFO] Saving best model at iteration 216
2025-07-21 05:18:09,616 [INFO] [217/300] loss 1621.94 | compact 14.6412 | spectral 17.3941 | recons_loss: 0.120102 | sparse_loss: 1.02884 | 
2025-07-21 05:18:09,616 [INFO] [Iter 217] LR: 0.00000019
2025-07-21 05:18:09,617 [INFO] Saving best model at iteration 217
2025-07-21 05:18:10,215 [INFO] [218/300] loss 1621.94 | compact 14.6412 | spectral 17.3941 | recons_loss: 0.120102 | sparse_loss: 1.02884 | 
2025-07-21 05:18:10,215 [INFO] [Iter 218] LR: 0.00000019
2025-07-21 05:18:10,216 [INFO] Saving best model at iteration 218
2025-07-21 05:18:10,813 [INFO] [219/300] loss 1621.94 | compact 14.6412 | spectral 17.3941 | recons_loss: 0.120102 | sparse_loss: 1.02884 | 
2025-07-21 05:18:10,813 [INFO] [Iter 219] LR: 0.00000019
2025-07-21 05:18:10,814 [INFO] Saving best model at iteration 219
2025-07-21 05:18:11,412 [INFO] [220/300] loss 1621.94 | compact 14.6412 | spectral 17.3941 | recons_loss: 0.120101 | sparse_loss: 1.02884 | 
2025-07-21 05:18:11,412 [INFO] [Iter 220] LR: 0.00000010
2025-07-21 05:18:11,413 [INFO] Saving best model at iteration 220
2025-07-21 05:18:12,010 [INFO] [221/300] loss 1621.94 | compact 14.6412 | spectral 17.3941 | recons_loss: 0.120101 | sparse_loss: 1.02884 | 
2025-07-21 05:18:12,010 [INFO] [Iter 221] LR: 0.00000010
2025-07-21 05:18:12,012 [INFO] Saving best model at iteration 221
2025-07-21 05:18:12,611 [INFO] [222/300] loss 1621.94 | compact 14.6412 | spectral 17.3941 | recons_loss: 0.120101 | sparse_loss: 1.02884 | 
2025-07-21 05:18:12,612 [INFO] [Iter 222] LR: 0.00000010
2025-07-21 05:18:12,613 [INFO] Saving best model at iteration 222
2025-07-21 05:18:13,210 [INFO] [223/300] loss 1621.94 | compact 14.6412 | spectral 17.3941 | recons_loss: 0.120101 | sparse_loss: 1.02884 | 
2025-07-21 05:18:13,210 [INFO] [Iter 223] LR: 0.00000005
2025-07-21 05:18:13,211 [INFO] Saving best model at iteration 223
2025-07-21 05:18:13,812 [INFO] [224/300] loss 1621.94 | compact 14.6412 | spectral 17.3941 | recons_loss: 0.120101 | sparse_loss: 1.02884 | 
2025-07-21 05:18:13,812 [INFO] [Iter 224] LR: 0.00000005
2025-07-21 05:18:13,815 [INFO] Saving best model at iteration 224
2025-07-21 05:18:14,413 [INFO] [225/300] loss 1621.94 | compact 14.6412 | spectral 17.3941 | recons_loss: 0.120101 | sparse_loss: 1.02884 | 
2025-07-21 05:18:14,414 [INFO] [Iter 225] LR: 0.00000005
2025-07-21 05:18:14,415 [INFO] Saving best model at iteration 225
2025-07-21 05:18:15,017 [INFO] [226/300] loss 1621.94 | compact 14.6412 | spectral 17.3941 | recons_loss: 0.1201 | sparse_loss: 1.02884 | 
2025-07-21 05:18:15,018 [INFO] [Iter 226] LR: 0.00000002
2025-07-21 05:18:15,019 [INFO] Saving best model at iteration 226
2025-07-21 05:18:15,616 [INFO] [227/300] loss 1621.94 | compact 14.6412 | spectral 17.3941 | recons_loss: 0.1201 | sparse_loss: 1.02884 | 
2025-07-21 05:18:15,617 [INFO] [Iter 227] LR: 0.00000002
2025-07-21 05:18:15,619 [INFO] Saving best model at iteration 227
2025-07-21 05:18:16,223 [INFO] [228/300] loss 1621.94 | compact 14.6413 | spectral 17.3941 | recons_loss: 0.1201 | sparse_loss: 1.02884 | 
2025-07-21 05:18:16,223 [INFO] [Iter 228] LR: 0.00000002
2025-07-21 05:18:16,224 [INFO] Saving best model at iteration 228
2025-07-21 05:18:16,821 [INFO] [229/300] loss 1621.94 | compact 14.6413 | spectral 17.3941 | recons_loss: 0.1201 | sparse_loss: 1.02884 | 
2025-07-21 05:18:16,822 [INFO] [Iter 229] LR: 0.00000001
2025-07-21 05:18:16,823 [INFO] Saving best model at iteration 229
2025-07-21 05:18:17,420 [INFO] [230/300] loss 1621.93 | compact 14.6413 | spectral 17.3941 | recons_loss: 0.1201 | sparse_loss: 1.02884 | 
2025-07-21 05:18:17,420 [INFO] [Iter 230] LR: 0.00000001
2025-07-21 05:18:17,421 [INFO] Saving best model at iteration 230
2025-07-21 05:18:18,020 [INFO] [231/300] loss 1621.93 | compact 14.6413 | spectral 17.3941 | recons_loss: 0.1201 | sparse_loss: 1.02884 | 
2025-07-21 05:18:18,021 [INFO] [Iter 231] LR: 0.00000001
2025-07-21 05:18:18,023 [INFO] Saving best model at iteration 231
2025-07-21 05:18:18,640 [INFO] [232/300] loss 1621.93 | compact 14.6413 | spectral 17.3941 | recons_loss: 0.1201 | sparse_loss: 1.02884 | 
2025-07-21 05:18:18,641 [INFO] [Iter 232] LR: 0.00000001
2025-07-21 05:18:18,642 [INFO] Saving best model at iteration 232
2025-07-21 05:18:19,240 [INFO] [233/300] loss 1621.93 | compact 14.6413 | spectral 17.3941 | recons_loss: 0.1201 | sparse_loss: 1.02884 | 
2025-07-21 05:18:19,240 [INFO] [Iter 233] LR: 0.00000001
2025-07-21 05:18:19,241 [INFO] No improvement: current loss 1621.934656, best loss 1621.934746
2025-07-21 05:18:19,838 [INFO] [234/300] loss 1621.93 | compact 14.6413 | spectral 17.3941 | recons_loss: 0.1201 | sparse_loss: 1.02884 | 
2025-07-21 05:18:19,839 [INFO] [Iter 234] LR: 0.00000001
2025-07-21 05:18:19,840 [INFO] Saving best model at iteration 234
2025-07-21 05:18:20,437 [INFO] [235/300] loss 1621.93 | compact 14.6413 | spectral 17.3942 | recons_loss: 0.1201 | sparse_loss: 1.02884 | 
2025-07-21 05:18:20,437 [INFO] [Iter 235] LR: 0.00000001
2025-07-21 05:18:20,438 [INFO] No improvement: current loss 1621.934500, best loss 1621.934574
2025-07-21 05:18:21,040 [INFO] [236/300] loss 1621.93 | compact 14.6413 | spectral 17.3942 | recons_loss: 0.1201 | sparse_loss: 1.02884 | 
2025-07-21 05:18:21,040 [INFO] [Iter 236] LR: 0.00000001
2025-07-21 05:18:21,041 [INFO] Saving best model at iteration 236
2025-07-21 05:18:21,647 [INFO] [237/300] loss 1621.93 | compact 14.6413 | spectral 17.3942 | recons_loss: 0.1201 | sparse_loss: 1.02884 | 
2025-07-21 05:18:21,647 [INFO] [Iter 237] LR: 0.00000001
2025-07-21 05:18:21,648 [INFO] No improvement: current loss 1621.934374, best loss 1621.934434
2025-07-21 05:18:22,246 [INFO] [238/300] loss 1621.93 | compact 14.6413 | spectral 17.3942 | recons_loss: 0.1201 | sparse_loss: 1.02884 | 
2025-07-21 05:18:22,246 [INFO] [Iter 238] LR: 0.00000001
2025-07-21 05:18:22,247 [INFO] Saving best model at iteration 238
2025-07-21 05:18:22,851 [INFO] [239/300] loss 1621.93 | compact 14.6413 | spectral 17.3942 | recons_loss: 0.1201 | sparse_loss: 1.02884 | 
2025-07-21 05:18:22,851 [INFO] [Iter 239] LR: 0.00000001
2025-07-21 05:18:22,852 [INFO] No improvement: current loss 1621.934272, best loss 1621.934321
2025-07-21 05:18:23,454 [INFO] [240/300] loss 1621.93 | compact 14.6413 | spectral 17.3942 | recons_loss: 0.1201 | sparse_loss: 1.02884 | 
2025-07-21 05:18:23,454 [INFO] [Iter 240] LR: 0.00000001
2025-07-21 05:18:23,455 [INFO] No improvement: current loss 1621.934229, best loss 1621.934321
2025-07-21 05:18:24,053 [INFO] [241/300] loss 1621.93 | compact 14.6413 | spectral 17.3942 | recons_loss: 0.1201 | sparse_loss: 1.02884 | 
2025-07-21 05:18:24,053 [INFO] [Iter 241] LR: 0.00000001
2025-07-21 05:18:24,054 [INFO] Saving best model at iteration 241
2025-07-21 05:18:24,652 [INFO] [242/300] loss 1621.93 | compact 14.6413 | spectral 17.3942 | recons_loss: 0.1201 | sparse_loss: 1.02884 | 
2025-07-21 05:18:24,652 [INFO] [Iter 242] LR: 0.00000001
2025-07-21 05:18:24,654 [INFO] No improvement: current loss 1621.934155, best loss 1621.934190
2025-07-21 05:18:25,263 [INFO] [243/300] loss 1621.93 | compact 14.6413 | spectral 17.3942 | recons_loss: 0.1201 | sparse_loss: 1.02884 | 
2025-07-21 05:18:25,263 [INFO] [Iter 243] LR: 0.00000001
2025-07-21 05:18:25,265 [INFO] No improvement: current loss 1621.934123, best loss 1621.934190
2025-07-21 05:18:25,861 [INFO] [244/300] loss 1621.93 | compact 14.6413 | spectral 17.3942 | recons_loss: 0.120099 | sparse_loss: 1.02884 | 
2025-07-21 05:18:25,862 [INFO] [Iter 244] LR: 0.00000001
2025-07-21 05:18:25,863 [INFO] No improvement: current loss 1621.934094, best loss 1621.934190
2025-07-21 05:18:26,461 [INFO] [245/300] loss 1621.93 | compact 14.6413 | spectral 17.3942 | recons_loss: 0.120099 | sparse_loss: 1.02884 | 
2025-07-21 05:18:26,462 [INFO] [Iter 245] LR: 0.00000001
2025-07-21 05:18:26,464 [INFO] Saving best model at iteration 245
2025-07-21 05:18:27,061 [INFO] [246/300] loss 1621.93 | compact 14.6413 | spectral 17.3942 | recons_loss: 0.120099 | sparse_loss: 1.02884 | 
2025-07-21 05:18:27,061 [INFO] [Iter 246] LR: 0.00000001
2025-07-21 05:18:27,062 [INFO] No improvement: current loss 1621.934046, best loss 1621.934069
2025-07-21 05:18:27,660 [INFO] [247/300] loss 1621.93 | compact 14.6413 | spectral 17.3942 | recons_loss: 0.120099 | sparse_loss: 1.02884 | 
2025-07-21 05:18:27,660 [INFO] [Iter 247] LR: 0.00000001
2025-07-21 05:18:27,661 [INFO] No improvement: current loss 1621.934025, best loss 1621.934069
2025-07-21 05:18:28,259 [INFO] [248/300] loss 1621.93 | compact 14.6413 | spectral 17.3942 | recons_loss: 0.120099 | sparse_loss: 1.02884 | 
2025-07-21 05:18:28,259 [INFO] [Iter 248] LR: 0.00000001
2025-07-21 05:18:28,260 [INFO] No improvement: current loss 1621.934006, best loss 1621.934069
2025-07-21 05:18:28,865 [INFO] [249/300] loss 1621.93 | compact 14.6413 | spectral 17.3942 | recons_loss: 0.120099 | sparse_loss: 1.02884 | 
2025-07-21 05:18:28,865 [INFO] [Iter 249] LR: 0.00000001
2025-07-21 05:18:28,866 [INFO] No improvement: current loss 1621.933989, best loss 1621.934069
2025-07-21 05:18:29,046 [INFO] H: 600, W: 166
2025-07-21 05:18:29,145 [INFO] [0 1 2 3 4 5]
2025-07-21 05:18:29,247 [INFO] y_target: [1 2 3 4 5 6]
2025-07-21 05:18:29,248 [INFO] y_predict: [0 1 2 3 4 5]
2025-07-21 05:18:29,337 [INFO] Epoch = 250 OA = 0.8963 Kappa = 0.8617 NMI = 0.8263
2025-07-21 05:18:29,813 [INFO] [250/300] loss 1621.93 | compact 14.6413 | spectral 17.3942 | recons_loss: 0.120099 | sparse_loss: 1.02884 | 
2025-07-21 05:18:29,813 [INFO] [Iter 250] LR: 0.00000001
2025-07-21 05:18:29,814 [INFO] No improvement: current loss 1621.933974, best loss 1621.934069
2025-07-21 05:18:30,413 [INFO] [251/300] loss 1621.93 | compact 14.6413 | spectral 17.3942 | recons_loss: 0.120099 | sparse_loss: 1.02884 | 
2025-07-21 05:18:30,413 [INFO] [Iter 251] LR: 0.00000001
2025-07-21 05:18:30,415 [INFO] Saving best model at iteration 251
2025-07-21 05:18:31,014 [INFO] [252/300] loss 1621.93 | compact 14.6413 | spectral 17.3942 | recons_loss: 0.120099 | sparse_loss: 1.02884 | 
2025-07-21 05:18:31,014 [INFO] [Iter 252] LR: 0.00000001
2025-07-21 05:18:31,015 [INFO] No improvement: current loss 1621.933948, best loss 1621.933961
2025-07-21 05:18:31,624 [INFO] [253/300] loss 1621.93 | compact 14.6413 | spectral 17.3942 | recons_loss: 0.120099 | sparse_loss: 1.02884 | 
2025-07-21 05:18:31,624 [INFO] [Iter 253] LR: 0.00000001
2025-07-21 05:18:31,625 [INFO] No improvement: current loss 1621.933937, best loss 1621.933961
2025-07-21 05:18:32,224 [INFO] [254/300] loss 1621.93 | compact 14.6413 | spectral 17.3942 | recons_loss: 0.120099 | sparse_loss: 1.02884 | 
2025-07-21 05:18:32,224 [INFO] [Iter 254] LR: 0.00000001
2025-07-21 05:18:32,225 [INFO] No improvement: current loss 1621.933927, best loss 1621.933961
2025-07-21 05:18:32,823 [INFO] [255/300] loss 1621.93 | compact 14.6413 | spectral 17.3942 | recons_loss: 0.120099 | sparse_loss: 1.02884 | 
2025-07-21 05:18:32,823 [INFO] [Iter 255] LR: 0.00000001
2025-07-21 05:18:32,825 [INFO] No improvement: current loss 1621.933918, best loss 1621.933961
2025-07-21 05:18:33,422 [INFO] [256/300] loss 1621.93 | compact 14.6413 | spectral 17.3942 | recons_loss: 0.120099 | sparse_loss: 1.02884 | 
2025-07-21 05:18:33,423 [INFO] [Iter 256] LR: 0.00000001
2025-07-21 05:18:33,424 [INFO] No improvement: current loss 1621.933910, best loss 1621.933961
2025-07-21 05:18:34,021 [INFO] [257/300] loss 1621.93 | compact 14.6413 | spectral 17.3942 | recons_loss: 0.120099 | sparse_loss: 1.02884 | 
2025-07-21 05:18:34,021 [INFO] [Iter 257] LR: 0.00000001
2025-07-21 05:18:34,022 [INFO] No improvement: current loss 1621.933903, best loss 1621.933961
2025-07-21 05:18:34,620 [INFO] [258/300] loss 1621.93 | compact 14.6413 | spectral 17.3942 | recons_loss: 0.120099 | sparse_loss: 1.02884 | 
2025-07-21 05:18:34,620 [INFO] [Iter 258] LR: 0.00000001
2025-07-21 05:18:34,621 [INFO] No improvement: current loss 1621.933897, best loss 1621.933961
2025-07-21 05:18:35,218 [INFO] [259/300] loss 1621.93 | compact 14.6413 | spectral 17.3942 | recons_loss: 0.120099 | sparse_loss: 1.02884 | 
2025-07-21 05:18:35,219 [INFO] [Iter 259] LR: 0.00000001
2025-07-21 05:18:35,221 [INFO] No improvement: current loss 1621.933891, best loss 1621.933961
2025-07-21 05:18:35,820 [INFO] [260/300] loss 1621.93 | compact 14.6413 | spectral 17.3942 | recons_loss: 0.120099 | sparse_loss: 1.02884 | 
2025-07-21 05:18:35,821 [INFO] [Iter 260] LR: 0.00000001
2025-07-21 05:18:35,822 [INFO] No improvement: current loss 1621.933885, best loss 1621.933961
2025-07-21 05:18:36,419 [INFO] [261/300] loss 1621.93 | compact 14.6413 | spectral 17.3942 | recons_loss: 0.120099 | sparse_loss: 1.02884 | 
2025-07-21 05:18:36,419 [INFO] [Iter 261] LR: 0.00000001
2025-07-21 05:18:36,420 [INFO] No improvement: current loss 1621.933881, best loss 1621.933961
2025-07-21 05:18:37,018 [INFO] [262/300] loss 1621.93 | compact 14.6413 | spectral 17.3942 | recons_loss: 0.120099 | sparse_loss: 1.02884 | 
2025-07-21 05:18:37,018 [INFO] [Iter 262] LR: 0.00000001
2025-07-21 05:18:37,019 [INFO] No improvement: current loss 1621.933876, best loss 1621.933961
2025-07-21 05:18:37,616 [INFO] [263/300] loss 1621.93 | compact 14.6413 | spectral 17.3942 | recons_loss: 0.120099 | sparse_loss: 1.02884 | 
2025-07-21 05:18:37,616 [INFO] [Iter 263] LR: 0.00000001
2025-07-21 05:18:37,617 [INFO] No improvement: current loss 1621.933873, best loss 1621.933961
2025-07-21 05:18:38,215 [INFO] [264/300] loss 1621.93 | compact 14.6413 | spectral 17.3942 | recons_loss: 0.120099 | sparse_loss: 1.02884 | 
2025-07-21 05:18:38,216 [INFO] [Iter 264] LR: 0.00000001
2025-07-21 05:18:38,216 [INFO] No improvement: current loss 1621.933869, best loss 1621.933961
2025-07-21 05:18:38,814 [INFO] [265/300] loss 1621.93 | compact 14.6413 | spectral 17.3942 | recons_loss: 0.120099 | sparse_loss: 1.02884 | 
2025-07-21 05:18:38,814 [INFO] [Iter 265] LR: 0.00000001
2025-07-21 05:18:38,815 [INFO] No improvement: current loss 1621.933866, best loss 1621.933961
2025-07-21 05:18:39,415 [INFO] [266/300] loss 1621.93 | compact 14.6413 | spectral 17.3942 | recons_loss: 0.120099 | sparse_loss: 1.02884 | 
2025-07-21 05:18:39,416 [INFO] [Iter 266] LR: 0.00000001
2025-07-21 05:18:39,418 [INFO] No improvement: current loss 1621.933863, best loss 1621.933961
2025-07-21 05:18:40,017 [INFO] [267/300] loss 1621.93 | compact 14.6413 | spectral 17.3942 | recons_loss: 0.120099 | sparse_loss: 1.02884 | 
2025-07-21 05:18:40,017 [INFO] [Iter 267] LR: 0.00000001
2025-07-21 05:18:40,018 [INFO] No improvement: current loss 1621.933861, best loss 1621.933961
2025-07-21 05:18:40,627 [INFO] [268/300] loss 1621.93 | compact 14.6413 | spectral 17.3942 | recons_loss: 0.120099 | sparse_loss: 1.02884 | 
2025-07-21 05:18:40,627 [INFO] [Iter 268] LR: 0.00000001
2025-07-21 05:18:40,628 [INFO] Saving best model at iteration 268
2025-07-21 05:18:41,226 [INFO] [269/300] loss 1621.93 | compact 14.6413 | spectral 17.3942 | recons_loss: 0.120099 | sparse_loss: 1.02884 | 
2025-07-21 05:18:41,226 [INFO] [Iter 269] LR: 0.00000001
2025-07-21 05:18:41,227 [INFO] No improvement: current loss 1621.933856, best loss 1621.933858
2025-07-21 05:18:41,825 [INFO] [270/300] loss 1621.93 | compact 14.6413 | spectral 17.3942 | recons_loss: 0.120099 | sparse_loss: 1.02884 | 
2025-07-21 05:18:41,825 [INFO] [Iter 270] LR: 0.00000001
2025-07-21 05:18:41,826 [INFO] No improvement: current loss 1621.933854, best loss 1621.933858
2025-07-21 05:18:42,423 [INFO] [271/300] loss 1621.93 | compact 14.6413 | spectral 17.3942 | recons_loss: 0.120099 | sparse_loss: 1.02884 | 
2025-07-21 05:18:42,423 [INFO] [Iter 271] LR: 0.00000001
2025-07-21 05:18:42,424 [INFO] No improvement: current loss 1621.933853, best loss 1621.933858
2025-07-21 05:18:43,022 [INFO] [272/300] loss 1621.93 | compact 14.6413 | spectral 17.3942 | recons_loss: 0.120099 | sparse_loss: 1.02884 | 
2025-07-21 05:18:43,023 [INFO] [Iter 272] LR: 0.00000001
2025-07-21 05:18:43,024 [INFO] No improvement: current loss 1621.933851, best loss 1621.933858
2025-07-21 05:18:43,622 [INFO] [273/300] loss 1621.93 | compact 14.6413 | spectral 17.3942 | recons_loss: 0.120099 | sparse_loss: 1.02884 | 
2025-07-21 05:18:43,622 [INFO] [Iter 273] LR: 0.00000001
2025-07-21 05:18:43,623 [INFO] No improvement: current loss 1621.933850, best loss 1621.933858
2025-07-21 05:18:44,220 [INFO] [274/300] loss 1621.93 | compact 14.6413 | spectral 17.3942 | recons_loss: 0.120099 | sparse_loss: 1.02884 | 
2025-07-21 05:18:44,221 [INFO] [Iter 274] LR: 0.00000001
2025-07-21 05:18:44,222 [INFO] No improvement: current loss 1621.933849, best loss 1621.933858
2025-07-21 05:18:44,819 [INFO] [275/300] loss 1621.93 | compact 14.6413 | spectral 17.3942 | recons_loss: 0.120099 | sparse_loss: 1.02884 | 
2025-07-21 05:18:44,820 [INFO] [Iter 275] LR: 0.00000001
2025-07-21 05:18:44,821 [INFO] No improvement: current loss 1621.933848, best loss 1621.933858
2025-07-21 05:18:45,422 [INFO] [276/300] loss 1621.93 | compact 14.6413 | spectral 17.3942 | recons_loss: 0.120099 | sparse_loss: 1.02884 | 
2025-07-21 05:18:45,423 [INFO] [Iter 276] LR: 0.00000001
2025-07-21 05:18:45,424 [INFO] No improvement: current loss 1621.933847, best loss 1621.933858
2025-07-21 05:18:46,022 [INFO] [277/300] loss 1621.93 | compact 14.6413 | spectral 17.3942 | recons_loss: 0.120099 | sparse_loss: 1.02884 | 
2025-07-21 05:18:46,022 [INFO] [Iter 277] LR: 0.00000001
2025-07-21 05:18:46,023 [INFO] No improvement: current loss 1621.933846, best loss 1621.933858
2025-07-21 05:18:46,628 [INFO] [278/300] loss 1621.93 | compact 14.6413 | spectral 17.3942 | recons_loss: 0.120099 | sparse_loss: 1.02884 | 
2025-07-21 05:18:46,628 [INFO] [Iter 278] LR: 0.00000001
2025-07-21 05:18:46,630 [INFO] No improvement: current loss 1621.933845, best loss 1621.933858
2025-07-21 05:18:47,229 [INFO] [279/300] loss 1621.93 | compact 14.6413 | spectral 17.3942 | recons_loss: 0.120099 | sparse_loss: 1.02884 | 
2025-07-21 05:18:47,229 [INFO] [Iter 279] LR: 0.00000001
2025-07-21 05:18:47,230 [INFO] No improvement: current loss 1621.933844, best loss 1621.933858
2025-07-21 05:18:47,828 [INFO] [280/300] loss 1621.93 | compact 14.6413 | spectral 17.3942 | recons_loss: 0.120099 | sparse_loss: 1.02884 | 
2025-07-21 05:18:47,828 [INFO] [Iter 280] LR: 0.00000001
2025-07-21 05:18:47,829 [INFO] No improvement: current loss 1621.933844, best loss 1621.933858
2025-07-21 05:18:48,427 [INFO] [281/300] loss 1621.93 | compact 14.6413 | spectral 17.3942 | recons_loss: 0.120099 | sparse_loss: 1.02884 | 
2025-07-21 05:18:48,427 [INFO] [Iter 281] LR: 0.00000001
2025-07-21 05:18:48,428 [INFO] No improvement: current loss 1621.933843, best loss 1621.933858
2025-07-21 05:18:49,026 [INFO] [282/300] loss 1621.93 | compact 14.6413 | spectral 17.3942 | recons_loss: 0.120099 | sparse_loss: 1.02884 | 
2025-07-21 05:18:49,026 [INFO] [Iter 282] LR: 0.00000001
2025-07-21 05:18:49,027 [INFO] No improvement: current loss 1621.933843, best loss 1621.933858
2025-07-21 05:18:49,625 [INFO] [283/300] loss 1621.93 | compact 14.6413 | spectral 17.3942 | recons_loss: 0.120099 | sparse_loss: 1.02884 | 
2025-07-21 05:18:49,625 [INFO] [Iter 283] LR: 0.00000001
2025-07-21 05:18:49,626 [INFO] No improvement: current loss 1621.933842, best loss 1621.933858
2025-07-21 05:18:50,228 [INFO] [284/300] loss 1621.93 | compact 14.6413 | spectral 17.3942 | recons_loss: 0.120099 | sparse_loss: 1.02884 | 
2025-07-21 05:18:50,228 [INFO] [Iter 284] LR: 0.00000001
2025-07-21 05:18:50,229 [INFO] No improvement: current loss 1621.933842, best loss 1621.933858
2025-07-21 05:18:50,826 [INFO] [285/300] loss 1621.93 | compact 14.6413 | spectral 17.3942 | recons_loss: 0.120099 | sparse_loss: 1.02884 | 
2025-07-21 05:18:50,827 [INFO] [Iter 285] LR: 0.00000001
2025-07-21 05:18:50,828 [INFO] No improvement: current loss 1621.933841, best loss 1621.933858
2025-07-21 05:18:51,425 [INFO] [286/300] loss 1621.93 | compact 14.6413 | spectral 17.3942 | recons_loss: 0.120099 | sparse_loss: 1.02884 | 
2025-07-21 05:18:51,425 [INFO] [Iter 286] LR: 0.00000001
2025-07-21 05:18:51,426 [INFO] No improvement: current loss 1621.933841, best loss 1621.933858
2025-07-21 05:18:52,024 [INFO] [287/300] loss 1621.93 | compact 14.6413 | spectral 17.3942 | recons_loss: 0.120099 | sparse_loss: 1.02884 | 
2025-07-21 05:18:52,024 [INFO] [Iter 287] LR: 0.00000001
2025-07-21 05:18:52,025 [INFO] No improvement: current loss 1621.933841, best loss 1621.933858
2025-07-21 05:18:52,623 [INFO] [288/300] loss 1621.93 | compact 14.6413 | spectral 17.3942 | recons_loss: 0.120099 | sparse_loss: 1.02884 | 
2025-07-21 05:18:52,623 [INFO] [Iter 288] LR: 0.00000001
2025-07-21 05:18:52,624 [INFO] No improvement: current loss 1621.933840, best loss 1621.933858
2025-07-21 05:18:53,222 [INFO] [289/300] loss 1621.93 | compact 14.6413 | spectral 17.3942 | recons_loss: 0.120099 | sparse_loss: 1.02884 | 
2025-07-21 05:18:53,223 [INFO] [Iter 289] LR: 0.00000001
2025-07-21 05:18:53,224 [INFO] No improvement: current loss 1621.933840, best loss 1621.933858
2025-07-21 05:18:53,822 [INFO] [290/300] loss 1621.93 | compact 14.6413 | spectral 17.3942 | recons_loss: 0.120099 | sparse_loss: 1.02884 | 
2025-07-21 05:18:53,823 [INFO] [Iter 290] LR: 0.00000001
2025-07-21 05:18:53,824 [INFO] No improvement: current loss 1621.933840, best loss 1621.933858
2025-07-21 05:18:54,423 [INFO] [291/300] loss 1621.93 | compact 14.6413 | spectral 17.3942 | recons_loss: 0.120099 | sparse_loss: 1.02884 | 
2025-07-21 05:18:54,423 [INFO] [Iter 291] LR: 0.00000001
2025-07-21 05:18:54,424 [INFO] No improvement: current loss 1621.933840, best loss 1621.933858
2025-07-21 05:18:55,025 [INFO] [292/300] loss 1621.93 | compact 14.6413 | spectral 17.3942 | recons_loss: 0.120099 | sparse_loss: 1.02884 | 
2025-07-21 05:18:55,025 [INFO] [Iter 292] LR: 0.00000001
2025-07-21 05:18:55,027 [INFO] No improvement: current loss 1621.933840, best loss 1621.933858
2025-07-21 05:18:55,625 [INFO] [293/300] loss 1621.93 | compact 14.6413 | spectral 17.3942 | recons_loss: 0.120099 | sparse_loss: 1.02884 | 
2025-07-21 05:18:55,626 [INFO] [Iter 293] LR: 0.00000001
2025-07-21 05:18:55,627 [INFO] No improvement: current loss 1621.933839, best loss 1621.933858
2025-07-21 05:18:56,243 [INFO] [294/300] loss 1621.93 | compact 14.6413 | spectral 17.3942 | recons_loss: 0.120099 | sparse_loss: 1.02884 | 
2025-07-21 05:18:56,243 [INFO] [Iter 294] LR: 0.00000001
2025-07-21 05:18:56,244 [INFO] No improvement: current loss 1621.933839, best loss 1621.933858
2025-07-21 05:18:56,842 [INFO] [295/300] loss 1621.93 | compact 14.6413 | spectral 17.3942 | recons_loss: 0.120099 | sparse_loss: 1.02884 | 
2025-07-21 05:18:56,843 [INFO] [Iter 295] LR: 0.00000001
2025-07-21 05:18:56,844 [INFO] No improvement: current loss 1621.933839, best loss 1621.933858
2025-07-21 05:18:57,444 [INFO] [296/300] loss 1621.93 | compact 14.6413 | spectral 17.3942 | recons_loss: 0.120099 | sparse_loss: 1.02884 | 
2025-07-21 05:18:57,445 [INFO] [Iter 296] LR: 0.00000001
2025-07-21 05:18:57,446 [INFO] No improvement: current loss 1621.933839, best loss 1621.933858
2025-07-21 05:18:58,043 [INFO] [297/300] loss 1621.93 | compact 14.6413 | spectral 17.3942 | recons_loss: 0.120099 | sparse_loss: 1.02884 | 
2025-07-21 05:18:58,043 [INFO] [Iter 297] LR: 0.00000001
2025-07-21 05:18:58,044 [INFO] No improvement: current loss 1621.933839, best loss 1621.933858
2025-07-21 05:18:58,641 [INFO] [298/300] loss 1621.93 | compact 14.6413 | spectral 17.3942 | recons_loss: 0.120099 | sparse_loss: 1.02884 | 
2025-07-21 05:18:58,642 [INFO] [Iter 298] LR: 0.00000001
2025-07-21 05:18:58,643 [INFO] No improvement: current loss 1621.933839, best loss 1621.933858
2025-07-21 05:18:58,828 [INFO] H: 600, W: 166
2025-07-21 05:18:58,949 [INFO] [0 1 2 3 4 5]
2025-07-21 05:18:59,041 [INFO] y_target: [1 2 3 4 5 6]
2025-07-21 05:18:59,042 [INFO] y_predict: [0 1 2 3 4 5]
2025-07-21 05:18:59,129 [INFO] Epoch = 299 OA = 0.8963 Kappa = 0.8617 NMI = 0.8263
2025-07-21 05:18:59,605 [INFO] [299/300] loss 1621.93 | compact 14.6413 | spectral 17.3942 | recons_loss: 0.120099 | sparse_loss: 1.02884 | 
2025-07-21 05:18:59,605 [INFO] [Iter 299] LR: 0.00000001
2025-07-21 05:18:59,606 [INFO] No improvement: current loss 1621.933839, best loss 1621.933858
2025-07-21 05:18:59,607 [INFO] Training finished. Best model loaded.
