2025-07-21 04:05:16,902 [INFO] ========== Training Configuration ==========
2025-07-21 04:05:16,902 [INFO] out_dir: ./log
2025-07-21 04:05:16,902 [INFO] lr: 0.1
2025-07-21 04:05:16,902 [INFO] train_iter: 300
2025-07-21 04:05:16,902 [INFO] niter: 5
2025-07-21 04:05:16,902 [INFO] nspix: 300
2025-07-21 04:05:16,902 [INFO] weight: weight
2025-07-21 04:05:16,902 [INFO] weight_representation: 120.0
2025-07-21 04:05:16,902 [INFO] weight_noise: 50.0
2025-07-21 04:05:16,902 [INFO] dataset: trento
2025-07-21 04:05:16,902 [INFO] device: cuda:0
2025-07-21 04:05:16,902 [INFO] log: trento11
2025-07-21 04:05:16,902 [INFO] ============================================
2025-07-21 04:05:19,959 [INFO] H: 600, W: 166
2025-07-21 04:05:20,047 [INFO] [0 1 2 3 4 5]
2025-07-21 04:05:20,247 [INFO] y_target: [1 2 3 4 5 6]
2025-07-21 04:05:20,247 [INFO] y_predict: [0 1 2 3 4 5]
2025-07-21 04:05:20,337 [INFO] Epoch = 0 OA = 0.8509 Kappa = 0.8011 NMI = 0.7884
2025-07-21 04:05:20,862 [INFO] [0/300] loss 901.985 | compact 13.9608 | spectral 17.8474 | recons_loss: 0.260069 | sparse_loss: 1.04467 | 
2025-07-21 04:05:20,862 [INFO] [Iter 0] LR: 0.10000000
2025-07-21 04:05:20,863 [INFO] Saving best model at iteration 0
2025-07-21 04:05:21,467 [INFO] [1/300] loss 901.516 | compact 13.9644 | spectral 17.8322 | recons_loss: 0.258688 | sparse_loss: 1.04471 | 
2025-07-21 04:05:21,468 [INFO] [Iter 1] LR: 0.10000000
2025-07-21 04:05:21,469 [INFO] Saving best model at iteration 1
2025-07-21 04:05:22,068 [INFO] [2/300] loss 900.825 | compact 13.9683 | spectral 17.8026 | recons_loss: 0.256744 | sparse_loss: 1.04466 | 
2025-07-21 04:05:22,069 [INFO] [Iter 2] LR: 0.10000000
2025-07-21 04:05:22,070 [INFO] Saving best model at iteration 2
2025-07-21 04:05:22,672 [INFO] [3/300] loss 899.949 | compact 13.9722 | spectral 17.7677 | recons_loss: 0.254221 | sparse_loss: 1.04443 | 
2025-07-21 04:05:22,673 [INFO] [Iter 3] LR: 0.10000000
2025-07-21 04:05:22,675 [INFO] Saving best model at iteration 3
2025-07-21 04:05:23,274 [INFO] [4/300] loss 898.94 | compact 13.9751 | spectral 17.7304 | recons_loss: 0.251163 | sparse_loss: 1.04405 | 
2025-07-21 04:05:23,275 [INFO] [Iter 4] LR: 0.10000000
2025-07-21 04:05:23,276 [INFO] Saving best model at iteration 4
2025-07-21 04:05:23,874 [INFO] [5/300] loss 897.863 | compact 13.9749 | spectral 17.6943 | recons_loss: 0.247768 | sparse_loss: 1.04355 | 
2025-07-21 04:05:23,875 [INFO] [Iter 5] LR: 0.10000000
2025-07-21 04:05:23,876 [INFO] Saving best model at iteration 5
2025-07-21 04:05:24,474 [INFO] [6/300] loss 896.749 | compact 13.9748 | spectral 17.652 | recons_loss: 0.244126 | sparse_loss: 1.043 | 
2025-07-21 04:05:24,474 [INFO] [Iter 6] LR: 0.10000000
2025-07-21 04:05:24,475 [INFO] Saving best model at iteration 6
2025-07-21 04:05:25,073 [INFO] [7/300] loss 895.633 | compact 13.9749 | spectral 17.608 | recons_loss: 0.24034 | sparse_loss: 1.04245 | 
2025-07-21 04:05:25,073 [INFO] [Iter 7] LR: 0.10000000
2025-07-21 04:05:25,074 [INFO] Saving best model at iteration 7
2025-07-21 04:05:25,672 [INFO] [8/300] loss 894.551 | compact 13.9731 | spectral 17.5736 | recons_loss: 0.236507 | sparse_loss: 1.04193 | 
2025-07-21 04:05:25,672 [INFO] [Iter 8] LR: 0.10000000
2025-07-21 04:05:25,673 [INFO] Saving best model at iteration 8
2025-07-21 04:05:26,270 [INFO] [9/300] loss 893.496 | compact 13.9689 | spectral 17.5418 | recons_loss: 0.232631 | sparse_loss: 1.04144 | 
2025-07-21 04:05:26,270 [INFO] [Iter 9] LR: 0.10000000
2025-07-21 04:05:26,272 [INFO] Saving best model at iteration 9
2025-07-21 04:05:26,870 [INFO] [10/300] loss 892.448 | compact 13.9678 | spectral 17.4979 | recons_loss: 0.228735 | sparse_loss: 1.04094 | 
2025-07-21 04:05:26,870 [INFO] [Iter 10] LR: 0.10000000
2025-07-21 04:05:26,871 [INFO] Saving best model at iteration 10
2025-07-21 04:05:27,468 [INFO] [11/300] loss 891.44 | compact 13.9701 | spectral 17.4553 | recons_loss: 0.224884 | sparse_loss: 1.04044 | 
2025-07-21 04:05:27,468 [INFO] [Iter 11] LR: 0.10000000
2025-07-21 04:05:27,469 [INFO] Saving best model at iteration 11
2025-07-21 04:05:28,067 [INFO] [12/300] loss 890.474 | compact 13.9763 | spectral 17.4142 | recons_loss: 0.221136 | sparse_loss: 1.03992 | 
2025-07-21 04:05:28,067 [INFO] [Iter 12] LR: 0.10000000
2025-07-21 04:05:28,069 [INFO] Saving best model at iteration 12
2025-07-21 04:05:28,666 [INFO] [13/300] loss 889.546 | compact 13.9837 | spectral 17.3761 | recons_loss: 0.217471 | sparse_loss: 1.0394 | 
2025-07-21 04:05:28,667 [INFO] [Iter 13] LR: 0.10000000
2025-07-21 04:05:28,667 [INFO] Saving best model at iteration 13
2025-07-21 04:05:29,272 [INFO] [14/300] loss 888.665 | compact 13.989 | spectral 17.344 | recons_loss: 0.213983 | sparse_loss: 1.03889 | 
2025-07-21 04:05:29,272 [INFO] [Iter 14] LR: 0.10000000
2025-07-21 04:05:29,273 [INFO] Saving best model at iteration 14
2025-07-21 04:05:29,871 [INFO] [15/300] loss 887.82 | compact 13.9948 | spectral 17.3145 | recons_loss: 0.210605 | sparse_loss: 1.03841 | 
2025-07-21 04:05:29,871 [INFO] [Iter 15] LR: 0.10000000
2025-07-21 04:05:29,872 [INFO] Saving best model at iteration 15
2025-07-21 04:05:30,470 [INFO] [16/300] loss 887.013 | compact 14.0019 | spectral 17.2871 | recons_loss: 0.207374 | sparse_loss: 1.03797 | 
2025-07-21 04:05:30,470 [INFO] [Iter 16] LR: 0.10000000
2025-07-21 04:05:30,471 [INFO] Saving best model at iteration 16
2025-07-21 04:05:31,069 [INFO] [17/300] loss 886.247 | compact 14.0093 | spectral 17.2629 | recons_loss: 0.204291 | sparse_loss: 1.03759 | 
2025-07-21 04:05:31,070 [INFO] [Iter 17] LR: 0.10000000
2025-07-21 04:05:31,071 [INFO] Saving best model at iteration 17
2025-07-21 04:05:31,675 [INFO] [18/300] loss 885.517 | compact 14.0169 | spectral 17.2409 | recons_loss: 0.201353 | sparse_loss: 1.03724 | 
2025-07-21 04:05:31,676 [INFO] [Iter 18] LR: 0.10000000
2025-07-21 04:05:31,677 [INFO] Saving best model at iteration 18
2025-07-21 04:05:32,275 [INFO] [19/300] loss 884.821 | compact 14.026 | spectral 17.2198 | recons_loss: 0.198575 | sparse_loss: 1.0369 | 
2025-07-21 04:05:32,275 [INFO] [Iter 19] LR: 0.10000000
2025-07-21 04:05:32,277 [INFO] Saving best model at iteration 19
2025-07-21 04:05:32,874 [INFO] [20/300] loss 884.168 | compact 14.0339 | spectral 17.203 | recons_loss: 0.195961 | sparse_loss: 1.03658 | 
2025-07-21 04:05:32,874 [INFO] [Iter 20] LR: 0.10000000
2025-07-21 04:05:32,876 [INFO] Saving best model at iteration 20
2025-07-21 04:05:33,473 [INFO] [21/300] loss 883.549 | compact 14.0419 | spectral 17.1882 | recons_loss: 0.193517 | sparse_loss: 1.03626 | 
2025-07-21 04:05:33,474 [INFO] [Iter 21] LR: 0.10000000
2025-07-21 04:05:33,475 [INFO] Saving best model at iteration 21
2025-07-21 04:05:34,072 [INFO] [22/300] loss 882.962 | compact 14.0496 | spectral 17.176 | recons_loss: 0.191227 | sparse_loss: 1.03596 | 
2025-07-21 04:05:34,073 [INFO] [Iter 22] LR: 0.10000000
2025-07-21 04:05:34,074 [INFO] Saving best model at iteration 22
2025-07-21 04:05:34,671 [INFO] [23/300] loss 882.42 | compact 14.056 | spectral 17.1701 | recons_loss: 0.189098 | sparse_loss: 1.03568 | 
2025-07-21 04:05:34,672 [INFO] [Iter 23] LR: 0.10000000
2025-07-21 04:05:34,673 [INFO] Saving best model at iteration 23
2025-07-21 04:05:35,270 [INFO] [24/300] loss 881.905 | compact 14.0628 | spectral 17.1656 | recons_loss: 0.187106 | sparse_loss: 1.03543 | 
2025-07-21 04:05:35,270 [INFO] [Iter 24] LR: 0.10000000
2025-07-21 04:05:35,272 [INFO] Saving best model at iteration 24
2025-07-21 04:05:35,870 [INFO] [25/300] loss 881.426 | compact 14.0727 | spectral 17.1614 | recons_loss: 0.185252 | sparse_loss: 1.03522 | 
2025-07-21 04:05:35,870 [INFO] [Iter 25] LR: 0.10000000
2025-07-21 04:05:35,872 [INFO] Saving best model at iteration 25
2025-07-21 04:05:36,470 [INFO] [26/300] loss 880.974 | compact 14.0827 | spectral 17.1587 | recons_loss: 0.183544 | sparse_loss: 1.03501 | 
2025-07-21 04:05:36,470 [INFO] [Iter 26] LR: 0.10000000
2025-07-21 04:05:36,471 [INFO] Saving best model at iteration 26
2025-07-21 04:05:37,083 [INFO] [27/300] loss 880.536 | compact 14.092 | spectral 17.1579 | recons_loss: 0.181916 | sparse_loss: 1.03481 | 
2025-07-21 04:05:37,083 [INFO] [Iter 27] LR: 0.10000000
2025-07-21 04:05:37,084 [INFO] Saving best model at iteration 27
2025-07-21 04:05:37,682 [INFO] [28/300] loss 880.12 | compact 14.1006 | spectral 17.16 | recons_loss: 0.180391 | sparse_loss: 1.03462 | 
2025-07-21 04:05:37,682 [INFO] [Iter 28] LR: 0.10000000
2025-07-21 04:05:37,684 [INFO] Saving best model at iteration 28
2025-07-21 04:05:38,291 [INFO] [29/300] loss 879.717 | compact 14.1094 | spectral 17.161 | recons_loss: 0.178944 | sparse_loss: 1.03443 | 
2025-07-21 04:05:38,291 [INFO] [Iter 29] LR: 0.10000000
2025-07-21 04:05:38,293 [INFO] Saving best model at iteration 29
2025-07-21 04:05:38,909 [INFO] [30/300] loss 879.337 | compact 14.1181 | spectral 17.1632 | recons_loss: 0.177598 | sparse_loss: 1.03425 | 
2025-07-21 04:05:38,909 [INFO] [Iter 30] LR: 0.10000000
2025-07-21 04:05:38,912 [INFO] Saving best model at iteration 30
2025-07-21 04:05:39,515 [INFO] [31/300] loss 878.976 | compact 14.1271 | spectral 17.1638 | recons_loss: 0.176354 | sparse_loss: 1.03409 | 
2025-07-21 04:05:39,515 [INFO] [Iter 31] LR: 0.10000000
2025-07-21 04:05:39,516 [INFO] Saving best model at iteration 31
2025-07-21 04:05:40,114 [INFO] [32/300] loss 878.633 | compact 14.1362 | spectral 17.1658 | recons_loss: 0.175199 | sparse_loss: 1.03394 | 
2025-07-21 04:05:40,114 [INFO] [Iter 32] LR: 0.10000000
2025-07-21 04:05:40,115 [INFO] Saving best model at iteration 32
2025-07-21 04:05:40,713 [INFO] [33/300] loss 878.309 | compact 14.1446 | spectral 17.1706 | recons_loss: 0.174135 | sparse_loss: 1.03381 | 
2025-07-21 04:05:40,713 [INFO] [Iter 33] LR: 0.10000000
2025-07-21 04:05:40,714 [INFO] Saving best model at iteration 33
2025-07-21 04:05:41,311 [INFO] [34/300] loss 878.004 | compact 14.1535 | spectral 17.1741 | recons_loss: 0.173154 | sparse_loss: 1.03368 | 
2025-07-21 04:05:41,312 [INFO] [Iter 34] LR: 0.10000000
2025-07-21 04:05:41,313 [INFO] Saving best model at iteration 34
2025-07-21 04:05:41,911 [INFO] [35/300] loss 877.717 | compact 14.1634 | spectral 17.1766 | recons_loss: 0.17226 | sparse_loss: 1.03356 | 
2025-07-21 04:05:41,911 [INFO] [Iter 35] LR: 0.10000000
2025-07-21 04:05:41,912 [INFO] Saving best model at iteration 35
2025-07-21 04:05:42,511 [INFO] [36/300] loss 877.449 | compact 14.1739 | spectral 17.179 | recons_loss: 0.171434 | sparse_loss: 1.03345 | 
2025-07-21 04:05:42,511 [INFO] [Iter 36] LR: 0.10000000
2025-07-21 04:05:42,512 [INFO] Saving best model at iteration 36
2025-07-21 04:05:43,110 [INFO] [37/300] loss 877.193 | compact 14.1855 | spectral 17.1805 | recons_loss: 0.170673 | sparse_loss: 1.03335 | 
2025-07-21 04:05:43,111 [INFO] [Iter 37] LR: 0.10000000
2025-07-21 04:05:43,112 [INFO] Saving best model at iteration 37
2025-07-21 04:05:43,710 [INFO] [38/300] loss 876.971 | compact 14.1984 | spectral 17.1958 | recons_loss: 0.169994 | sparse_loss: 1.03325 | 
2025-07-21 04:05:43,711 [INFO] [Iter 38] LR: 0.10000000
2025-07-21 04:05:43,712 [INFO] Saving best model at iteration 38
2025-07-21 04:05:44,317 [INFO] [39/300] loss 876.744 | compact 14.2123 | spectral 17.1984 | recons_loss: 0.169338 | sparse_loss: 1.03316 | 
2025-07-21 04:05:44,318 [INFO] [Iter 39] LR: 0.10000000
2025-07-21 04:05:44,319 [INFO] Saving best model at iteration 39
2025-07-21 04:05:44,923 [INFO] [40/300] loss 876.525 | compact 14.2248 | spectral 17.1999 | recons_loss: 0.168731 | sparse_loss: 1.03306 | 
2025-07-21 04:05:44,923 [INFO] [Iter 40] LR: 0.10000000
2025-07-21 04:05:44,925 [INFO] Saving best model at iteration 40
2025-07-21 04:05:45,541 [INFO] [41/300] loss 876.317 | compact 14.2388 | spectral 17.2008 | recons_loss: 0.168162 | sparse_loss: 1.03297 | 
2025-07-21 04:05:45,541 [INFO] [Iter 41] LR: 0.10000000
2025-07-21 04:05:45,542 [INFO] Saving best model at iteration 41
2025-07-21 04:05:46,142 [INFO] [42/300] loss 876.115 | compact 14.2517 | spectral 17.2007 | recons_loss: 0.167632 | sparse_loss: 1.03287 | 
2025-07-21 04:05:46,142 [INFO] [Iter 42] LR: 0.10000000
2025-07-21 04:05:46,143 [INFO] Saving best model at iteration 42
2025-07-21 04:05:46,755 [INFO] [43/300] loss 875.921 | compact 14.2647 | spectral 17.2004 | recons_loss: 0.167132 | sparse_loss: 1.03278 | 
2025-07-21 04:05:46,755 [INFO] [Iter 43] LR: 0.10000000
2025-07-21 04:05:46,756 [INFO] Saving best model at iteration 43
2025-07-21 04:05:47,354 [INFO] [44/300] loss 875.739 | compact 14.2759 | spectral 17.2005 | recons_loss: 0.166665 | sparse_loss: 1.0327 | 
2025-07-21 04:05:47,354 [INFO] [Iter 44] LR: 0.10000000
2025-07-21 04:05:47,355 [INFO] Saving best model at iteration 44
2025-07-21 04:05:47,953 [INFO] [45/300] loss 875.562 | compact 14.2867 | spectral 17.2015 | recons_loss: 0.166224 | sparse_loss: 1.03262 | 
2025-07-21 04:05:47,953 [INFO] [Iter 45] LR: 0.10000000
2025-07-21 04:05:47,954 [INFO] Saving best model at iteration 45
2025-07-21 04:05:48,551 [INFO] [46/300] loss 875.391 | compact 14.2977 | spectral 17.2023 | recons_loss: 0.165808 | sparse_loss: 1.03255 | 
2025-07-21 04:05:48,551 [INFO] [Iter 46] LR: 0.10000000
2025-07-21 04:05:48,552 [INFO] Saving best model at iteration 46
2025-07-21 04:05:49,149 [INFO] [47/300] loss 875.225 | compact 14.3087 | spectral 17.2022 | recons_loss: 0.165417 | sparse_loss: 1.03247 | 
2025-07-21 04:05:49,149 [INFO] [Iter 47] LR: 0.10000000
2025-07-21 04:05:49,150 [INFO] Saving best model at iteration 47
2025-07-21 04:05:49,748 [INFO] [48/300] loss 875.068 | compact 14.319 | spectral 17.2018 | recons_loss: 0.165044 | sparse_loss: 1.03239 | 
2025-07-21 04:05:49,748 [INFO] [Iter 48] LR: 0.10000000
2025-07-21 04:05:49,749 [INFO] Saving best model at iteration 48
2025-07-21 04:05:50,347 [INFO] [49/300] loss 874.915 | compact 14.3291 | spectral 17.2017 | recons_loss: 0.164695 | sparse_loss: 1.03231 | 
2025-07-21 04:05:50,347 [INFO] [Iter 49] LR: 0.10000000
2025-07-21 04:05:50,348 [INFO] Saving best model at iteration 49
2025-07-21 04:05:50,545 [INFO] H: 600, W: 166
2025-07-21 04:05:50,646 [INFO] [0 1 2 3 4 5]
2025-07-21 04:05:50,745 [INFO] y_target: [1 2 3 4 5 6]
2025-07-21 04:05:50,745 [INFO] y_predict: [0 1 2 3 4 5]
2025-07-21 04:05:50,833 [INFO] Epoch = 50 OA = 0.8777 Kappa = 0.8362 NMI = 0.8163
2025-07-21 04:05:51,310 [INFO] [50/300] loss 874.769 | compact 14.3388 | spectral 17.2008 | recons_loss: 0.164372 | sparse_loss: 1.03224 | 
2025-07-21 04:05:51,310 [INFO] [Iter 50] LR: 0.10000000
2025-07-21 04:05:51,311 [INFO] Saving best model at iteration 50
2025-07-21 04:05:51,909 [INFO] [51/300] loss 874.629 | compact 14.349 | spectral 17.1985 | recons_loss: 0.164072 | sparse_loss: 1.03217 | 
2025-07-21 04:05:51,909 [INFO] [Iter 51] LR: 0.10000000
2025-07-21 04:05:51,910 [INFO] Saving best model at iteration 51
2025-07-21 04:05:52,508 [INFO] [52/300] loss 874.494 | compact 14.3581 | spectral 17.1972 | recons_loss: 0.163787 | sparse_loss: 1.03211 | 
2025-07-21 04:05:52,508 [INFO] [Iter 52] LR: 0.10000000
2025-07-21 04:05:52,509 [INFO] Saving best model at iteration 52
2025-07-21 04:05:53,107 [INFO] [53/300] loss 874.368 | compact 14.3685 | spectral 17.1943 | recons_loss: 0.163517 | sparse_loss: 1.03205 | 
2025-07-21 04:05:53,107 [INFO] [Iter 53] LR: 0.10000000
2025-07-21 04:05:53,109 [INFO] Saving best model at iteration 53
2025-07-21 04:05:53,706 [INFO] [54/300] loss 874.245 | compact 14.3796 | spectral 17.1883 | recons_loss: 0.163277 | sparse_loss: 1.03199 | 
2025-07-21 04:05:53,707 [INFO] [Iter 54] LR: 0.10000000
2025-07-21 04:05:53,708 [INFO] Saving best model at iteration 54
2025-07-21 04:05:54,305 [INFO] [55/300] loss 874.14 | compact 14.388 | spectral 17.1843 | recons_loss: 0.163061 | sparse_loss: 1.03192 | 
2025-07-21 04:05:54,306 [INFO] [Iter 55] LR: 0.10000000
2025-07-21 04:05:54,307 [INFO] Saving best model at iteration 55
2025-07-21 04:05:54,912 [INFO] [56/300] loss 874.041 | compact 14.3971 | spectral 17.1814 | recons_loss: 0.162854 | sparse_loss: 1.03186 | 
2025-07-21 04:05:54,912 [INFO] [Iter 56] LR: 0.10000000
2025-07-21 04:05:54,913 [INFO] Saving best model at iteration 56
2025-07-21 04:05:55,519 [INFO] [57/300] loss 873.948 | compact 14.4057 | spectral 17.1791 | recons_loss: 0.162653 | sparse_loss: 1.03182 | 
2025-07-21 04:05:55,520 [INFO] [Iter 57] LR: 0.05000000
2025-07-21 04:05:55,521 [INFO] Saving best model at iteration 57
2025-07-21 04:05:56,135 [INFO] [58/300] loss 873.855 | compact 14.4132 | spectral 17.1771 | recons_loss: 0.162455 | sparse_loss: 1.03178 | 
2025-07-21 04:05:56,135 [INFO] [Iter 58] LR: 0.05000000
2025-07-21 04:05:56,136 [INFO] Saving best model at iteration 58
2025-07-21 04:05:56,734 [INFO] [59/300] loss 873.764 | compact 14.42 | spectral 17.1754 | recons_loss: 0.162271 | sparse_loss: 1.03173 | 
2025-07-21 04:05:56,735 [INFO] [Iter 59] LR: 0.05000000
2025-07-21 04:05:56,737 [INFO] Saving best model at iteration 59
2025-07-21 04:05:57,336 [INFO] [60/300] loss 873.676 | compact 14.4269 | spectral 17.1732 | recons_loss: 0.162096 | sparse_loss: 1.03168 | 
2025-07-21 04:05:57,336 [INFO] [Iter 60] LR: 0.05000000
2025-07-21 04:05:57,337 [INFO] Saving best model at iteration 60
2025-07-21 04:05:57,935 [INFO] [61/300] loss 873.591 | compact 14.4337 | spectral 17.171 | recons_loss: 0.161929 | sparse_loss: 1.03163 | 
2025-07-21 04:05:57,935 [INFO] [Iter 61] LR: 0.05000000
2025-07-21 04:05:57,936 [INFO] Saving best model at iteration 61
2025-07-21 04:05:58,533 [INFO] [62/300] loss 873.508 | compact 14.4403 | spectral 17.1684 | recons_loss: 0.161767 | sparse_loss: 1.03159 | 
2025-07-21 04:05:58,534 [INFO] [Iter 62] LR: 0.05000000
2025-07-21 04:05:58,535 [INFO] Saving best model at iteration 62
2025-07-21 04:05:59,132 [INFO] [63/300] loss 873.428 | compact 14.4479 | spectral 17.1651 | recons_loss: 0.161616 | sparse_loss: 1.03155 | 
2025-07-21 04:05:59,133 [INFO] [Iter 63] LR: 0.05000000
2025-07-21 04:05:59,134 [INFO] Saving best model at iteration 63
2025-07-21 04:05:59,731 [INFO] [64/300] loss 873.348 | compact 14.4547 | spectral 17.1619 | recons_loss: 0.161473 | sparse_loss: 1.03151 | 
2025-07-21 04:05:59,731 [INFO] [Iter 64] LR: 0.05000000
2025-07-21 04:05:59,732 [INFO] Saving best model at iteration 64
2025-07-21 04:06:00,330 [INFO] [65/300] loss 873.272 | compact 14.4608 | spectral 17.1604 | recons_loss: 0.161336 | sparse_loss: 1.03148 | 
2025-07-21 04:06:00,330 [INFO] [Iter 65] LR: 0.05000000
2025-07-21 04:06:00,331 [INFO] Saving best model at iteration 65
2025-07-21 04:06:00,929 [INFO] [66/300] loss 873.199 | compact 14.4662 | spectral 17.1581 | recons_loss: 0.161214 | sparse_loss: 1.03145 | 
2025-07-21 04:06:00,929 [INFO] [Iter 66] LR: 0.05000000
2025-07-21 04:06:00,930 [INFO] Saving best model at iteration 66
2025-07-21 04:06:01,529 [INFO] [67/300] loss 873.147 | compact 14.4706 | spectral 17.1701 | recons_loss: 0.161101 | sparse_loss: 1.03143 | 
2025-07-21 04:06:01,529 [INFO] [Iter 67] LR: 0.02500000
2025-07-21 04:06:01,530 [INFO] Saving best model at iteration 67
2025-07-21 04:06:02,135 [INFO] [68/300] loss 873.1 | compact 14.475 | spectral 17.1871 | recons_loss: 0.160994 | sparse_loss: 1.0314 | 
2025-07-21 04:06:02,136 [INFO] [Iter 68] LR: 0.02500000
2025-07-21 04:06:02,137 [INFO] Saving best model at iteration 68
2025-07-21 04:06:02,735 [INFO] [69/300] loss 873.054 | compact 14.479 | spectral 17.2019 | recons_loss: 0.160897 | sparse_loss: 1.03137 | 
2025-07-21 04:06:02,736 [INFO] [Iter 69] LR: 0.02500000
2025-07-21 04:06:02,737 [INFO] Saving best model at iteration 69
2025-07-21 04:06:03,335 [INFO] [70/300] loss 873.005 | compact 14.4825 | spectral 17.2133 | recons_loss: 0.160809 | sparse_loss: 1.03134 | 
2025-07-21 04:06:03,335 [INFO] [Iter 70] LR: 0.01250000
2025-07-21 04:06:03,336 [INFO] Saving best model at iteration 70
2025-07-21 04:06:03,934 [INFO] [71/300] loss 872.958 | compact 14.4858 | spectral 17.2255 | recons_loss: 0.160725 | sparse_loss: 1.0313 | 
2025-07-21 04:06:03,934 [INFO] [Iter 71] LR: 0.01250000
2025-07-21 04:06:03,935 [INFO] Saving best model at iteration 71
2025-07-21 04:06:04,533 [INFO] [72/300] loss 872.915 | compact 14.4885 | spectral 17.2368 | recons_loss: 0.160648 | sparse_loss: 1.03127 | 
2025-07-21 04:06:04,533 [INFO] [Iter 72] LR: 0.01250000
2025-07-21 04:06:04,534 [INFO] Saving best model at iteration 72
2025-07-21 04:06:05,132 [INFO] [73/300] loss 872.874 | compact 14.4903 | spectral 17.2481 | recons_loss: 0.160578 | sparse_loss: 1.03124 | 
2025-07-21 04:06:05,133 [INFO] [Iter 73] LR: 0.01250000
2025-07-21 04:06:05,134 [INFO] Saving best model at iteration 73
2025-07-21 04:06:05,731 [INFO] [74/300] loss 872.835 | compact 14.4917 | spectral 17.2584 | recons_loss: 0.160512 | sparse_loss: 1.03122 | 
2025-07-21 04:06:05,731 [INFO] [Iter 74] LR: 0.00625000
2025-07-21 04:06:05,732 [INFO] Saving best model at iteration 74
2025-07-21 04:06:06,330 [INFO] [75/300] loss 872.797 | compact 14.493 | spectral 17.2676 | recons_loss: 0.160451 | sparse_loss: 1.03119 | 
2025-07-21 04:06:06,330 [INFO] [Iter 75] LR: 0.00625000
2025-07-21 04:06:06,331 [INFO] Saving best model at iteration 75
2025-07-21 04:06:06,929 [INFO] [76/300] loss 872.763 | compact 14.494 | spectral 17.2764 | recons_loss: 0.160397 | sparse_loss: 1.03117 | 
2025-07-21 04:06:06,930 [INFO] [Iter 76] LR: 0.00625000
2025-07-21 04:06:06,932 [INFO] Saving best model at iteration 76
2025-07-21 04:06:07,532 [INFO] [77/300] loss 872.732 | compact 14.4947 | spectral 17.2844 | recons_loss: 0.160347 | sparse_loss: 1.03115 | 
2025-07-21 04:06:07,532 [INFO] [Iter 77] LR: 0.00625000
2025-07-21 04:06:07,533 [INFO] Saving best model at iteration 77
2025-07-21 04:06:08,132 [INFO] [78/300] loss 872.702 | compact 14.4952 | spectral 17.2919 | recons_loss: 0.160301 | sparse_loss: 1.03113 | 
2025-07-21 04:06:08,132 [INFO] [Iter 78] LR: 0.00625000
2025-07-21 04:06:08,133 [INFO] Saving best model at iteration 78
2025-07-21 04:06:08,749 [INFO] [79/300] loss 872.673 | compact 14.4956 | spectral 17.2986 | recons_loss: 0.160259 | sparse_loss: 1.03111 | 
2025-07-21 04:06:08,749 [INFO] [Iter 79] LR: 0.00625000
2025-07-21 04:06:08,750 [INFO] Saving best model at iteration 79
2025-07-21 04:06:09,348 [INFO] [80/300] loss 872.646 | compact 14.4959 | spectral 17.3047 | recons_loss: 0.16022 | sparse_loss: 1.03109 | 
2025-07-21 04:06:09,348 [INFO] [Iter 80] LR: 0.00312500
2025-07-21 04:06:09,349 [INFO] Saving best model at iteration 80
2025-07-21 04:06:09,950 [INFO] [81/300] loss 872.621 | compact 14.4964 | spectral 17.3098 | recons_loss: 0.160183 | sparse_loss: 1.03108 | 
2025-07-21 04:06:09,951 [INFO] [Iter 81] LR: 0.00312500
2025-07-21 04:06:09,953 [INFO] Saving best model at iteration 81
2025-07-21 04:06:10,564 [INFO] [82/300] loss 872.597 | compact 14.4969 | spectral 17.3131 | recons_loss: 0.16015 | sparse_loss: 1.03106 | 
2025-07-21 04:06:10,564 [INFO] [Iter 82] LR: 0.00312500
2025-07-21 04:06:10,565 [INFO] Saving best model at iteration 82
2025-07-21 04:06:11,163 [INFO] [83/300] loss 872.575 | compact 14.4972 | spectral 17.3169 | recons_loss: 0.16012 | sparse_loss: 1.03105 | 
2025-07-21 04:06:11,163 [INFO] [Iter 83] LR: 0.00156250
2025-07-21 04:06:11,164 [INFO] Saving best model at iteration 83
2025-07-21 04:06:11,762 [INFO] [84/300] loss 872.554 | compact 14.4976 | spectral 17.321 | recons_loss: 0.160092 | sparse_loss: 1.03104 | 
2025-07-21 04:06:11,762 [INFO] [Iter 84] LR: 0.00156250
2025-07-21 04:06:11,763 [INFO] Saving best model at iteration 84
2025-07-21 04:06:12,361 [INFO] [85/300] loss 872.536 | compact 14.4978 | spectral 17.3248 | recons_loss: 0.160067 | sparse_loss: 1.03103 | 
2025-07-21 04:06:12,361 [INFO] [Iter 85] LR: 0.00156250
2025-07-21 04:06:12,362 [INFO] Saving best model at iteration 85
2025-07-21 04:06:12,962 [INFO] [86/300] loss 872.518 | compact 14.498 | spectral 17.3283 | recons_loss: 0.160044 | sparse_loss: 1.03102 | 
2025-07-21 04:06:12,962 [INFO] [Iter 86] LR: 0.00078125
2025-07-21 04:06:12,964 [INFO] Saving best model at iteration 86
2025-07-21 04:06:13,565 [INFO] [87/300] loss 872.502 | compact 14.4982 | spectral 17.3313 | recons_loss: 0.160024 | sparse_loss: 1.03101 | 
2025-07-21 04:06:13,566 [INFO] [Iter 87] LR: 0.00078125
2025-07-21 04:06:13,568 [INFO] Saving best model at iteration 87
2025-07-21 04:06:14,167 [INFO] [88/300] loss 872.488 | compact 14.4983 | spectral 17.3341 | recons_loss: 0.160005 | sparse_loss: 1.031 | 
2025-07-21 04:06:14,167 [INFO] [Iter 88] LR: 0.00078125
2025-07-21 04:06:14,168 [INFO] Saving best model at iteration 88
2025-07-21 04:06:14,766 [INFO] [89/300] loss 872.474 | compact 14.4984 | spectral 17.3366 | recons_loss: 0.159988 | sparse_loss: 1.03099 | 
2025-07-21 04:06:14,767 [INFO] [Iter 89] LR: 0.00078125
2025-07-21 04:06:14,768 [INFO] Saving best model at iteration 89
2025-07-21 04:06:15,366 [INFO] [90/300] loss 872.462 | compact 14.4986 | spectral 17.3388 | recons_loss: 0.159972 | sparse_loss: 1.03098 | 
2025-07-21 04:06:15,366 [INFO] [Iter 90] LR: 0.00078125
2025-07-21 04:06:15,367 [INFO] Saving best model at iteration 90
2025-07-21 04:06:15,971 [INFO] [91/300] loss 872.45 | compact 14.4987 | spectral 17.3407 | recons_loss: 0.159958 | sparse_loss: 1.03097 | 
2025-07-21 04:06:15,971 [INFO] [Iter 91] LR: 0.00039063
2025-07-21 04:06:15,972 [INFO] Saving best model at iteration 91
2025-07-21 04:06:16,570 [INFO] [92/300] loss 872.44 | compact 14.4989 | spectral 17.3424 | recons_loss: 0.159945 | sparse_loss: 1.03097 | 
2025-07-21 04:06:16,571 [INFO] [Iter 92] LR: 0.00039063
2025-07-21 04:06:16,572 [INFO] Saving best model at iteration 92
2025-07-21 04:06:17,169 [INFO] [93/300] loss 872.43 | compact 14.4991 | spectral 17.344 | recons_loss: 0.159933 | sparse_loss: 1.03096 | 
2025-07-21 04:06:17,170 [INFO] [Iter 93] LR: 0.00039063
2025-07-21 04:06:17,171 [INFO] Saving best model at iteration 93
2025-07-21 04:06:17,780 [INFO] [94/300] loss 872.422 | compact 14.4992 | spectral 17.3454 | recons_loss: 0.159923 | sparse_loss: 1.03096 | 
2025-07-21 04:06:17,780 [INFO] [Iter 94] LR: 0.00019531
2025-07-21 04:06:17,782 [INFO] Saving best model at iteration 94
2025-07-21 04:06:18,388 [INFO] [95/300] loss 872.414 | compact 14.4993 | spectral 17.3466 | recons_loss: 0.159913 | sparse_loss: 1.03095 | 
2025-07-21 04:06:18,388 [INFO] [Iter 95] LR: 0.00019531
2025-07-21 04:06:18,389 [INFO] Saving best model at iteration 95
2025-07-21 04:06:19,000 [INFO] [96/300] loss 872.406 | compact 14.4995 | spectral 17.3478 | recons_loss: 0.159904 | sparse_loss: 1.03095 | 
2025-07-21 04:06:19,000 [INFO] [Iter 96] LR: 0.00019531
2025-07-21 04:06:19,001 [INFO] Saving best model at iteration 96
2025-07-21 04:06:19,599 [INFO] [97/300] loss 872.4 | compact 14.4996 | spectral 17.3488 | recons_loss: 0.159896 | sparse_loss: 1.03094 | 
2025-07-21 04:06:19,599 [INFO] [Iter 97] LR: 0.00009766
2025-07-21 04:06:19,600 [INFO] Saving best model at iteration 97
2025-07-21 04:06:20,198 [INFO] [98/300] loss 872.394 | compact 14.4997 | spectral 17.3497 | recons_loss: 0.159889 | sparse_loss: 1.03094 | 
2025-07-21 04:06:20,198 [INFO] [Iter 98] LR: 0.00009766
2025-07-21 04:06:20,199 [INFO] Saving best model at iteration 98
2025-07-21 04:06:20,797 [INFO] [99/300] loss 872.389 | compact 14.4998 | spectral 17.3506 | recons_loss: 0.159883 | sparse_loss: 1.03094 | 
2025-07-21 04:06:20,798 [INFO] [Iter 99] LR: 0.00009766
2025-07-21 04:06:20,799 [INFO] Saving best model at iteration 99
2025-07-21 04:06:20,975 [INFO] H: 600, W: 166
2025-07-21 04:06:21,071 [INFO] [0 1 2 3 4 5]
2025-07-21 04:06:21,369 [INFO] y_target: [1 2 3 4 5 6]
2025-07-21 04:06:21,370 [INFO] y_predict: [0 1 2 3 4 5]
2025-07-21 04:06:21,458 [INFO] Epoch = 100 OA = 0.8744 Kappa = 0.8316 NMI = 0.8144
2025-07-21 04:06:21,934 [INFO] [100/300] loss 872.384 | compact 14.4999 | spectral 17.3516 | recons_loss: 0.159876 | sparse_loss: 1.03093 | 
2025-07-21 04:06:21,935 [INFO] [Iter 100] LR: 0.00004883
2025-07-21 04:06:21,937 [INFO] Saving best model at iteration 100
2025-07-21 04:06:22,544 [INFO] [101/300] loss 872.379 | compact 14.4999 | spectral 17.3524 | recons_loss: 0.159871 | sparse_loss: 1.03093 | 
2025-07-21 04:06:22,544 [INFO] [Iter 101] LR: 0.00004883
2025-07-21 04:06:22,545 [INFO] Saving best model at iteration 101
2025-07-21 04:06:23,144 [INFO] [102/300] loss 872.376 | compact 14.5 | spectral 17.3531 | recons_loss: 0.159866 | sparse_loss: 1.03093 | 
2025-07-21 04:06:23,145 [INFO] [Iter 102] LR: 0.00004883
2025-07-21 04:06:23,147 [INFO] Saving best model at iteration 102
2025-07-21 04:06:23,763 [INFO] [103/300] loss 872.372 | compact 14.5001 | spectral 17.3538 | recons_loss: 0.159861 | sparse_loss: 1.03093 | 
2025-07-21 04:06:23,764 [INFO] [Iter 103] LR: 0.00002441
2025-07-21 04:06:23,764 [INFO] Saving best model at iteration 103
2025-07-21 04:06:24,378 [INFO] [104/300] loss 872.369 | compact 14.5002 | spectral 17.3543 | recons_loss: 0.159857 | sparse_loss: 1.03092 | 
2025-07-21 04:06:24,378 [INFO] [Iter 104] LR: 0.00002441
2025-07-21 04:06:24,379 [INFO] Saving best model at iteration 104
2025-07-21 04:06:24,978 [INFO] [105/300] loss 872.366 | compact 14.5003 | spectral 17.3548 | recons_loss: 0.159853 | sparse_loss: 1.03092 | 
2025-07-21 04:06:24,978 [INFO] [Iter 105] LR: 0.00002441
2025-07-21 04:06:24,979 [INFO] Saving best model at iteration 105
2025-07-21 04:06:25,583 [INFO] [106/300] loss 872.363 | compact 14.5004 | spectral 17.3552 | recons_loss: 0.15985 | sparse_loss: 1.03092 | 
2025-07-21 04:06:25,584 [INFO] [Iter 106] LR: 0.00001221
2025-07-21 04:06:25,585 [INFO] Saving best model at iteration 106
2025-07-21 04:06:26,199 [INFO] [107/300] loss 872.361 | compact 14.5005 | spectral 17.3556 | recons_loss: 0.159847 | sparse_loss: 1.03092 | 
2025-07-21 04:06:26,199 [INFO] [Iter 107] LR: 0.00001221
2025-07-21 04:06:26,200 [INFO] Saving best model at iteration 107
2025-07-21 04:06:26,798 [INFO] [108/300] loss 872.359 | compact 14.5006 | spectral 17.3559 | recons_loss: 0.159845 | sparse_loss: 1.03092 | 
2025-07-21 04:06:26,798 [INFO] [Iter 108] LR: 0.00001221
2025-07-21 04:06:26,800 [INFO] Saving best model at iteration 108
2025-07-21 04:06:27,407 [INFO] [109/300] loss 872.357 | compact 14.5008 | spectral 17.3562 | recons_loss: 0.159842 | sparse_loss: 1.03092 | 
2025-07-21 04:06:27,408 [INFO] [Iter 109] LR: 0.00000610
2025-07-21 04:06:27,409 [INFO] Saving best model at iteration 109
2025-07-21 04:06:28,012 [INFO] [110/300] loss 872.355 | compact 14.5009 | spectral 17.3564 | recons_loss: 0.15984 | sparse_loss: 1.03092 | 
2025-07-21 04:06:28,012 [INFO] [Iter 110] LR: 0.00000610
2025-07-21 04:06:28,015 [INFO] Saving best model at iteration 110
2025-07-21 04:06:28,631 [INFO] [111/300] loss 872.353 | compact 14.501 | spectral 17.3567 | recons_loss: 0.159838 | sparse_loss: 1.03092 | 
2025-07-21 04:06:28,632 [INFO] [Iter 111] LR: 0.00000610
2025-07-21 04:06:28,633 [INFO] Saving best model at iteration 111
2025-07-21 04:06:29,231 [INFO] [112/300] loss 872.352 | compact 14.5011 | spectral 17.3569 | recons_loss: 0.159836 | sparse_loss: 1.03092 | 
2025-07-21 04:06:29,231 [INFO] [Iter 112] LR: 0.00000305
2025-07-21 04:06:29,232 [INFO] Saving best model at iteration 112
2025-07-21 04:06:29,830 [INFO] [113/300] loss 872.351 | compact 14.5012 | spectral 17.357 | recons_loss: 0.159835 | sparse_loss: 1.03091 | 
2025-07-21 04:06:29,830 [INFO] [Iter 113] LR: 0.00000305
2025-07-21 04:06:29,832 [INFO] Saving best model at iteration 113
2025-07-21 04:06:30,446 [INFO] [114/300] loss 872.349 | compact 14.5012 | spectral 17.3572 | recons_loss: 0.159833 | sparse_loss: 1.03091 | 
2025-07-21 04:06:30,446 [INFO] [Iter 114] LR: 0.00000305
2025-07-21 04:06:30,448 [INFO] Saving best model at iteration 114
2025-07-21 04:06:31,045 [INFO] [115/300] loss 872.348 | compact 14.5013 | spectral 17.3574 | recons_loss: 0.159832 | sparse_loss: 1.03091 | 
2025-07-21 04:06:31,045 [INFO] [Iter 115] LR: 0.00000153
2025-07-21 04:06:31,046 [INFO] Saving best model at iteration 115
2025-07-21 04:06:31,657 [INFO] [116/300] loss 872.347 | compact 14.5014 | spectral 17.3575 | recons_loss: 0.159831 | sparse_loss: 1.03091 | 
2025-07-21 04:06:31,658 [INFO] [Iter 116] LR: 0.00000153
2025-07-21 04:06:31,660 [INFO] Saving best model at iteration 116
2025-07-21 04:06:32,265 [INFO] [117/300] loss 872.347 | compact 14.5014 | spectral 17.3576 | recons_loss: 0.15983 | sparse_loss: 1.03091 | 
2025-07-21 04:06:32,265 [INFO] [Iter 117] LR: 0.00000153
2025-07-21 04:06:32,267 [INFO] Saving best model at iteration 117
2025-07-21 04:06:32,880 [INFO] [118/300] loss 872.346 | compact 14.5015 | spectral 17.3577 | recons_loss: 0.159829 | sparse_loss: 1.03091 | 
2025-07-21 04:06:32,881 [INFO] [Iter 118] LR: 0.00000076
2025-07-21 04:06:32,883 [INFO] Saving best model at iteration 118
2025-07-21 04:06:33,483 [INFO] [119/300] loss 872.345 | compact 14.5015 | spectral 17.3578 | recons_loss: 0.159828 | sparse_loss: 1.03091 | 
2025-07-21 04:06:33,484 [INFO] [Iter 119] LR: 0.00000076
2025-07-21 04:06:33,485 [INFO] Saving best model at iteration 119
2025-07-21 04:06:34,082 [INFO] [120/300] loss 872.345 | compact 14.5015 | spectral 17.3579 | recons_loss: 0.159828 | sparse_loss: 1.03091 | 
2025-07-21 04:06:34,083 [INFO] [Iter 120] LR: 0.00000076
2025-07-21 04:06:34,084 [INFO] Saving best model at iteration 120
2025-07-21 04:06:34,685 [INFO] [121/300] loss 872.344 | compact 14.5016 | spectral 17.358 | recons_loss: 0.159827 | sparse_loss: 1.03091 | 
2025-07-21 04:06:34,686 [INFO] [Iter 121] LR: 0.00000038
2025-07-21 04:06:34,688 [INFO] Saving best model at iteration 121
2025-07-21 04:06:35,291 [INFO] [122/300] loss 872.343 | compact 14.5016 | spectral 17.358 | recons_loss: 0.159826 | sparse_loss: 1.03091 | 
2025-07-21 04:06:35,291 [INFO] [Iter 122] LR: 0.00000038
2025-07-21 04:06:35,292 [INFO] Saving best model at iteration 122
2025-07-21 04:06:35,890 [INFO] [123/300] loss 872.343 | compact 14.5016 | spectral 17.3581 | recons_loss: 0.159826 | sparse_loss: 1.03091 | 
2025-07-21 04:06:35,890 [INFO] [Iter 123] LR: 0.00000038
2025-07-21 04:06:35,891 [INFO] Saving best model at iteration 123
2025-07-21 04:06:36,489 [INFO] [124/300] loss 872.343 | compact 14.5017 | spectral 17.3582 | recons_loss: 0.159825 | sparse_loss: 1.03091 | 
2025-07-21 04:06:36,490 [INFO] [Iter 124] LR: 0.00000019
2025-07-21 04:06:36,491 [INFO] Saving best model at iteration 124
2025-07-21 04:06:37,089 [INFO] [125/300] loss 872.342 | compact 14.5017 | spectral 17.3582 | recons_loss: 0.159825 | sparse_loss: 1.03091 | 
2025-07-21 04:06:37,089 [INFO] [Iter 125] LR: 0.00000019
2025-07-21 04:06:37,090 [INFO] Saving best model at iteration 125
2025-07-21 04:06:37,688 [INFO] [126/300] loss 872.342 | compact 14.5017 | spectral 17.3583 | recons_loss: 0.159824 | sparse_loss: 1.03091 | 
2025-07-21 04:06:37,689 [INFO] [Iter 126] LR: 0.00000019
2025-07-21 04:06:37,691 [INFO] Saving best model at iteration 126
2025-07-21 04:06:38,290 [INFO] [127/300] loss 872.342 | compact 14.5017 | spectral 17.3583 | recons_loss: 0.159824 | sparse_loss: 1.03091 | 
2025-07-21 04:06:38,290 [INFO] [Iter 127] LR: 0.00000010
2025-07-21 04:06:38,292 [INFO] Saving best model at iteration 127
2025-07-21 04:06:38,890 [INFO] [128/300] loss 872.341 | compact 14.5017 | spectral 17.3583 | recons_loss: 0.159824 | sparse_loss: 1.03091 | 
2025-07-21 04:06:38,890 [INFO] [Iter 128] LR: 0.00000010
2025-07-21 04:06:38,892 [INFO] Saving best model at iteration 128
2025-07-21 04:06:39,494 [INFO] [129/300] loss 872.341 | compact 14.5018 | spectral 17.3584 | recons_loss: 0.159823 | sparse_loss: 1.03091 | 
2025-07-21 04:06:39,494 [INFO] [Iter 129] LR: 0.00000010
2025-07-21 04:06:39,496 [INFO] Saving best model at iteration 129
2025-07-21 04:06:40,093 [INFO] [130/300] loss 872.341 | compact 14.5018 | spectral 17.3584 | recons_loss: 0.159823 | sparse_loss: 1.03091 | 
2025-07-21 04:06:40,094 [INFO] [Iter 130] LR: 0.00000005
2025-07-21 04:06:40,095 [INFO] Saving best model at iteration 130
2025-07-21 04:06:40,693 [INFO] [131/300] loss 872.341 | compact 14.5018 | spectral 17.3584 | recons_loss: 0.159823 | sparse_loss: 1.03091 | 
2025-07-21 04:06:40,693 [INFO] [Iter 131] LR: 0.00000005
2025-07-21 04:06:40,695 [INFO] Saving best model at iteration 131
2025-07-21 04:06:41,299 [INFO] [132/300] loss 872.341 | compact 14.5018 | spectral 17.3585 | recons_loss: 0.159823 | sparse_loss: 1.03091 | 
2025-07-21 04:06:41,299 [INFO] [Iter 132] LR: 0.00000005
2025-07-21 04:06:41,300 [INFO] Saving best model at iteration 132
2025-07-21 04:06:41,898 [INFO] [133/300] loss 872.34 | compact 14.5018 | spectral 17.3585 | recons_loss: 0.159823 | sparse_loss: 1.03091 | 
2025-07-21 04:06:41,898 [INFO] [Iter 133] LR: 0.00000002
2025-07-21 04:06:41,900 [INFO] Saving best model at iteration 133
2025-07-21 04:06:42,498 [INFO] [134/300] loss 872.34 | compact 14.5018 | spectral 17.3585 | recons_loss: 0.159822 | sparse_loss: 1.03091 | 
2025-07-21 04:06:42,498 [INFO] [Iter 134] LR: 0.00000002
2025-07-21 04:06:42,499 [INFO] Saving best model at iteration 134
2025-07-21 04:06:43,098 [INFO] [135/300] loss 872.34 | compact 14.5018 | spectral 17.3585 | recons_loss: 0.159822 | sparse_loss: 1.03091 | 
2025-07-21 04:06:43,098 [INFO] [Iter 135] LR: 0.00000002
2025-07-21 04:06:43,099 [INFO] Saving best model at iteration 135
2025-07-21 04:06:43,718 [INFO] [136/300] loss 872.34 | compact 14.5018 | spectral 17.3585 | recons_loss: 0.159822 | sparse_loss: 1.03091 | 
2025-07-21 04:06:43,718 [INFO] [Iter 136] LR: 0.00000001
2025-07-21 04:06:43,719 [INFO] Saving best model at iteration 136
2025-07-21 04:06:44,328 [INFO] [137/300] loss 872.34 | compact 14.5018 | spectral 17.3585 | recons_loss: 0.159822 | sparse_loss: 1.03091 | 
2025-07-21 04:06:44,329 [INFO] [Iter 137] LR: 0.00000001
2025-07-21 04:06:44,331 [INFO] Saving best model at iteration 137
2025-07-21 04:06:44,949 [INFO] [138/300] loss 872.34 | compact 14.5018 | spectral 17.3586 | recons_loss: 0.159822 | sparse_loss: 1.03091 | 
2025-07-21 04:06:44,950 [INFO] [Iter 138] LR: 0.00000001
2025-07-21 04:06:44,952 [INFO] No improvement: current loss 872.339773, best loss 872.339867
2025-07-21 04:06:45,550 [INFO] [139/300] loss 872.34 | compact 14.5019 | spectral 17.3586 | recons_loss: 0.159822 | sparse_loss: 1.03091 | 
2025-07-21 04:06:45,551 [INFO] [Iter 139] LR: 0.00000001
2025-07-21 04:06:45,553 [INFO] Saving best model at iteration 139
2025-07-21 04:06:46,160 [INFO] [140/300] loss 872.34 | compact 14.5019 | spectral 17.3586 | recons_loss: 0.159822 | sparse_loss: 1.03091 | 
2025-07-21 04:06:46,161 [INFO] [Iter 140] LR: 0.00000001
2025-07-21 04:06:46,162 [INFO] No improvement: current loss 872.339613, best loss 872.339689
2025-07-21 04:06:46,761 [INFO] [141/300] loss 872.34 | compact 14.5019 | spectral 17.3586 | recons_loss: 0.159822 | sparse_loss: 1.03091 | 
2025-07-21 04:06:46,761 [INFO] [Iter 141] LR: 0.00000001
2025-07-21 04:06:46,763 [INFO] Saving best model at iteration 141
2025-07-21 04:06:47,361 [INFO] [142/300] loss 872.339 | compact 14.5019 | spectral 17.3586 | recons_loss: 0.159822 | sparse_loss: 1.03091 | 
2025-07-21 04:06:47,361 [INFO] [Iter 142] LR: 0.00000001
2025-07-21 04:06:47,362 [INFO] No improvement: current loss 872.339483, best loss 872.339544
2025-07-21 04:06:47,961 [INFO] [143/300] loss 872.339 | compact 14.5019 | spectral 17.3586 | recons_loss: 0.159821 | sparse_loss: 1.03091 | 
2025-07-21 04:06:47,961 [INFO] [Iter 143] LR: 0.00000001
2025-07-21 04:06:47,964 [INFO] Saving best model at iteration 143
2025-07-21 04:06:48,564 [INFO] [144/300] loss 872.339 | compact 14.5019 | spectral 17.3586 | recons_loss: 0.159821 | sparse_loss: 1.03091 | 
2025-07-21 04:06:48,564 [INFO] [Iter 144] LR: 0.00000001
2025-07-21 04:06:48,566 [INFO] No improvement: current loss 872.339377, best loss 872.339427
2025-07-21 04:06:49,165 [INFO] [145/300] loss 872.339 | compact 14.5019 | spectral 17.3586 | recons_loss: 0.159821 | sparse_loss: 1.03091 | 
2025-07-21 04:06:49,165 [INFO] [Iter 145] LR: 0.00000001
2025-07-21 04:06:49,166 [INFO] No improvement: current loss 872.339332, best loss 872.339427
2025-07-21 04:06:49,764 [INFO] [146/300] loss 872.339 | compact 14.5019 | spectral 17.3586 | recons_loss: 0.159821 | sparse_loss: 1.03091 | 
2025-07-21 04:06:49,765 [INFO] [Iter 146] LR: 0.00000001
2025-07-21 04:06:49,766 [INFO] Saving best model at iteration 146
2025-07-21 04:06:50,364 [INFO] [147/300] loss 872.339 | compact 14.5019 | spectral 17.3586 | recons_loss: 0.159821 | sparse_loss: 1.03091 | 
2025-07-21 04:06:50,365 [INFO] [Iter 147] LR: 0.00000001
2025-07-21 04:06:50,367 [INFO] No improvement: current loss 872.339256, best loss 872.339292
2025-07-21 04:06:50,966 [INFO] [148/300] loss 872.339 | compact 14.5019 | spectral 17.3586 | recons_loss: 0.159821 | sparse_loss: 1.03091 | 
2025-07-21 04:06:50,967 [INFO] [Iter 148] LR: 0.00000001
2025-07-21 04:06:50,969 [INFO] No improvement: current loss 872.339223, best loss 872.339292
2025-07-21 04:06:51,567 [INFO] [149/300] loss 872.339 | compact 14.5019 | spectral 17.3586 | recons_loss: 0.159821 | sparse_loss: 1.03091 | 
2025-07-21 04:06:51,567 [INFO] [Iter 149] LR: 0.00000001
2025-07-21 04:06:51,568 [INFO] No improvement: current loss 872.339193, best loss 872.339292
2025-07-21 04:06:51,768 [INFO] H: 600, W: 166
2025-07-21 04:06:51,886 [INFO] [0 1 2 3 4 5]
2025-07-21 04:06:51,984 [INFO] y_target: [1 2 3 4 5 6]
2025-07-21 04:06:51,984 [INFO] y_predict: [0 1 2 3 4 5]
2025-07-21 04:06:52,073 [INFO] Epoch = 150 OA = 0.8744 Kappa = 0.8316 NMI = 0.8144
2025-07-21 04:06:52,549 [INFO] [150/300] loss 872.339 | compact 14.5019 | spectral 17.3586 | recons_loss: 0.159821 | sparse_loss: 1.03091 | 
2025-07-21 04:06:52,549 [INFO] [Iter 150] LR: 0.00000001
2025-07-21 04:06:52,550 [INFO] Saving best model at iteration 150
2025-07-21 04:06:53,148 [INFO] [151/300] loss 872.339 | compact 14.5019 | spectral 17.3586 | recons_loss: 0.159821 | sparse_loss: 1.03091 | 
2025-07-21 04:06:53,148 [INFO] [Iter 151] LR: 0.00000001
2025-07-21 04:06:53,149 [INFO] No improvement: current loss 872.339149, best loss 872.339167
2025-07-21 04:06:53,748 [INFO] [152/300] loss 872.339 | compact 14.5019 | spectral 17.3586 | recons_loss: 0.159821 | sparse_loss: 1.03091 | 
2025-07-21 04:06:53,749 [INFO] [Iter 152] LR: 0.00000001
2025-07-21 04:06:53,750 [INFO] No improvement: current loss 872.339121, best loss 872.339167
2025-07-21 04:06:54,348 [INFO] [153/300] loss 872.339 | compact 14.5019 | spectral 17.3587 | recons_loss: 0.159821 | sparse_loss: 1.03091 | 
2025-07-21 04:06:54,348 [INFO] [Iter 153] LR: 0.00000001
2025-07-21 04:06:54,349 [INFO] No improvement: current loss 872.339102, best loss 872.339167
2025-07-21 04:06:54,946 [INFO] [154/300] loss 872.339 | compact 14.5019 | spectral 17.3587 | recons_loss: 0.159821 | sparse_loss: 1.03091 | 
2025-07-21 04:06:54,947 [INFO] [Iter 154] LR: 0.00000001
2025-07-21 04:06:54,948 [INFO] No improvement: current loss 872.339084, best loss 872.339167
2025-07-21 04:06:55,546 [INFO] [155/300] loss 872.339 | compact 14.5019 | spectral 17.3587 | recons_loss: 0.159821 | sparse_loss: 1.03091 | 
2025-07-21 04:06:55,546 [INFO] [Iter 155] LR: 0.00000001
2025-07-21 04:06:55,547 [INFO] No improvement: current loss 872.339069, best loss 872.339167
2025-07-21 04:06:56,144 [INFO] [156/300] loss 872.339 | compact 14.5019 | spectral 17.3587 | recons_loss: 0.159821 | sparse_loss: 1.03091 | 
2025-07-21 04:06:56,145 [INFO] [Iter 156] LR: 0.00000001
2025-07-21 04:06:56,145 [INFO] Saving best model at iteration 156
2025-07-21 04:06:56,744 [INFO] [157/300] loss 872.339 | compact 14.5019 | spectral 17.3587 | recons_loss: 0.159821 | sparse_loss: 1.03091 | 
2025-07-21 04:06:56,744 [INFO] [Iter 157] LR: 0.00000001
2025-07-21 04:06:56,745 [INFO] No improvement: current loss 872.339037, best loss 872.339049
2025-07-21 04:06:57,346 [INFO] [158/300] loss 872.339 | compact 14.5019 | spectral 17.3587 | recons_loss: 0.159821 | sparse_loss: 1.03091 | 
2025-07-21 04:06:57,347 [INFO] [Iter 158] LR: 0.00000001
2025-07-21 04:06:57,348 [INFO] No improvement: current loss 872.339026, best loss 872.339049
2025-07-21 04:06:57,964 [INFO] [159/300] loss 872.339 | compact 14.5019 | spectral 17.3587 | recons_loss: 0.159821 | sparse_loss: 1.03091 | 
2025-07-21 04:06:57,964 [INFO] [Iter 159] LR: 0.00000001
2025-07-21 04:06:57,966 [INFO] No improvement: current loss 872.339022, best loss 872.339049
2025-07-21 04:06:58,576 [INFO] [160/300] loss 872.339 | compact 14.5019 | spectral 17.3587 | recons_loss: 0.159821 | sparse_loss: 1.03091 | 
2025-07-21 04:06:58,576 [INFO] [Iter 160] LR: 0.00000001
2025-07-21 04:06:58,579 [INFO] No improvement: current loss 872.339013, best loss 872.339049
2025-07-21 04:06:59,191 [INFO] [161/300] loss 872.339 | compact 14.5019 | spectral 17.3587 | recons_loss: 0.159821 | sparse_loss: 1.03091 | 
2025-07-21 04:06:59,191 [INFO] [Iter 161] LR: 0.00000001
2025-07-21 04:06:59,193 [INFO] No improvement: current loss 872.339004, best loss 872.339049
2025-07-21 04:06:59,801 [INFO] [162/300] loss 872.339 | compact 14.5019 | spectral 17.3587 | recons_loss: 0.159821 | sparse_loss: 1.03091 | 
2025-07-21 04:06:59,802 [INFO] [Iter 162] LR: 0.00000001
2025-07-21 04:06:59,803 [INFO] No improvement: current loss 872.338997, best loss 872.339049
2025-07-21 04:07:00,416 [INFO] [163/300] loss 872.339 | compact 14.5019 | spectral 17.3587 | recons_loss: 0.159821 | sparse_loss: 1.03091 | 
2025-07-21 04:07:00,416 [INFO] [Iter 163] LR: 0.00000001
2025-07-21 04:07:00,418 [INFO] No improvement: current loss 872.338990, best loss 872.339049
2025-07-21 04:07:01,032 [INFO] [164/300] loss 872.339 | compact 14.5019 | spectral 17.3587 | recons_loss: 0.159821 | sparse_loss: 1.03091 | 
2025-07-21 04:07:01,032 [INFO] [Iter 164] LR: 0.00000001
2025-07-21 04:07:01,034 [INFO] No improvement: current loss 872.338984, best loss 872.339049
2025-07-21 04:07:01,634 [INFO] [165/300] loss 872.339 | compact 14.5019 | spectral 17.3587 | recons_loss: 0.159821 | sparse_loss: 1.03091 | 
2025-07-21 04:07:01,634 [INFO] [Iter 165] LR: 0.00000001
2025-07-21 04:07:01,636 [INFO] No improvement: current loss 872.338978, best loss 872.339049
2025-07-21 04:07:02,235 [INFO] [166/300] loss 872.339 | compact 14.5019 | spectral 17.3587 | recons_loss: 0.159821 | sparse_loss: 1.03091 | 
2025-07-21 04:07:02,235 [INFO] [Iter 166] LR: 0.00000001
2025-07-21 04:07:02,236 [INFO] No improvement: current loss 872.338973, best loss 872.339049
2025-07-21 04:07:02,834 [INFO] [167/300] loss 872.339 | compact 14.5019 | spectral 17.3587 | recons_loss: 0.159821 | sparse_loss: 1.03091 | 
2025-07-21 04:07:02,835 [INFO] [Iter 167] LR: 0.00000001
2025-07-21 04:07:02,836 [INFO] No improvement: current loss 872.338969, best loss 872.339049
2025-07-21 04:07:03,439 [INFO] [168/300] loss 872.339 | compact 14.5019 | spectral 17.3587 | recons_loss: 0.159821 | sparse_loss: 1.03091 | 
2025-07-21 04:07:03,439 [INFO] [Iter 168] LR: 0.00000001
2025-07-21 04:07:03,440 [INFO] No improvement: current loss 872.338965, best loss 872.339049
2025-07-21 04:07:04,038 [INFO] [169/300] loss 872.339 | compact 14.5019 | spectral 17.3587 | recons_loss: 0.159821 | sparse_loss: 1.03091 | 
2025-07-21 04:07:04,039 [INFO] [Iter 169] LR: 0.00000001
2025-07-21 04:07:04,040 [INFO] No improvement: current loss 872.338961, best loss 872.339049
2025-07-21 04:07:04,639 [INFO] [170/300] loss 872.339 | compact 14.5019 | spectral 17.3587 | recons_loss: 0.159821 | sparse_loss: 1.03091 | 
2025-07-21 04:07:04,639 [INFO] [Iter 170] LR: 0.00000001
2025-07-21 04:07:04,640 [INFO] No improvement: current loss 872.338964, best loss 872.339049
2025-07-21 04:07:05,247 [INFO] [171/300] loss 872.339 | compact 14.5019 | spectral 17.3587 | recons_loss: 0.159821 | sparse_loss: 1.03091 | 
2025-07-21 04:07:05,248 [INFO] [Iter 171] LR: 0.00000001
2025-07-21 04:07:05,249 [INFO] No improvement: current loss 872.338960, best loss 872.339049
2025-07-21 04:07:05,846 [INFO] [172/300] loss 872.339 | compact 14.5019 | spectral 17.3587 | recons_loss: 0.159821 | sparse_loss: 1.03091 | 
2025-07-21 04:07:05,846 [INFO] [Iter 172] LR: 0.00000001
2025-07-21 04:07:05,847 [INFO] No improvement: current loss 872.338957, best loss 872.339049
2025-07-21 04:07:06,445 [INFO] [173/300] loss 872.339 | compact 14.5019 | spectral 17.3587 | recons_loss: 0.159821 | sparse_loss: 1.03091 | 
2025-07-21 04:07:06,445 [INFO] [Iter 173] LR: 0.00000001
2025-07-21 04:07:06,446 [INFO] No improvement: current loss 872.338954, best loss 872.339049
2025-07-21 04:07:07,045 [INFO] [174/300] loss 872.339 | compact 14.5019 | spectral 17.3587 | recons_loss: 0.159821 | sparse_loss: 1.03091 | 
2025-07-21 04:07:07,045 [INFO] [Iter 174] LR: 0.00000001
2025-07-21 04:07:07,046 [INFO] No improvement: current loss 872.338952, best loss 872.339049
2025-07-21 04:07:07,645 [INFO] [175/300] loss 872.339 | compact 14.5019 | spectral 17.3587 | recons_loss: 0.159821 | sparse_loss: 1.03091 | 
2025-07-21 04:07:07,645 [INFO] [Iter 175] LR: 0.00000001
2025-07-21 04:07:07,647 [INFO] No improvement: current loss 872.338949, best loss 872.339049
2025-07-21 04:07:08,245 [INFO] [176/300] loss 872.339 | compact 14.5019 | spectral 17.3587 | recons_loss: 0.159821 | sparse_loss: 1.03091 | 
2025-07-21 04:07:08,245 [INFO] [Iter 176] LR: 0.00000001
2025-07-21 04:07:08,246 [INFO] Saving best model at iteration 176
2025-07-21 04:07:08,845 [INFO] [177/300] loss 872.339 | compact 14.5019 | spectral 17.3587 | recons_loss: 0.159821 | sparse_loss: 1.03091 | 
2025-07-21 04:07:08,845 [INFO] [Iter 177] LR: 0.00000001
2025-07-21 04:07:08,847 [INFO] No improvement: current loss 872.338945, best loss 872.338947
2025-07-21 04:07:09,449 [INFO] [178/300] loss 872.339 | compact 14.5019 | spectral 17.3587 | recons_loss: 0.159821 | sparse_loss: 1.03091 | 
2025-07-21 04:07:09,450 [INFO] [Iter 178] LR: 0.00000001
2025-07-21 04:07:09,451 [INFO] No improvement: current loss 872.338944, best loss 872.338947
2025-07-21 04:07:10,048 [INFO] [179/300] loss 872.339 | compact 14.5019 | spectral 17.3587 | recons_loss: 0.159821 | sparse_loss: 1.03091 | 
2025-07-21 04:07:10,049 [INFO] [Iter 179] LR: 0.00000001
2025-07-21 04:07:10,050 [INFO] No improvement: current loss 872.338942, best loss 872.338947
2025-07-21 04:07:10,648 [INFO] [180/300] loss 872.339 | compact 14.5019 | spectral 17.3587 | recons_loss: 0.159821 | sparse_loss: 1.03091 | 
2025-07-21 04:07:10,648 [INFO] [Iter 180] LR: 0.00000001
2025-07-21 04:07:10,649 [INFO] No improvement: current loss 872.338941, best loss 872.338947
2025-07-21 04:07:11,247 [INFO] [181/300] loss 872.339 | compact 14.5019 | spectral 17.3587 | recons_loss: 0.159821 | sparse_loss: 1.03091 | 
2025-07-21 04:07:11,247 [INFO] [Iter 181] LR: 0.00000001
2025-07-21 04:07:11,248 [INFO] No improvement: current loss 872.338939, best loss 872.338947
2025-07-21 04:07:11,848 [INFO] [182/300] loss 872.339 | compact 14.5019 | spectral 17.3587 | recons_loss: 0.159821 | sparse_loss: 1.03091 | 
2025-07-21 04:07:11,849 [INFO] [Iter 182] LR: 0.00000001
2025-07-21 04:07:11,851 [INFO] No improvement: current loss 872.338938, best loss 872.338947
2025-07-21 04:07:12,456 [INFO] [183/300] loss 872.339 | compact 14.5019 | spectral 17.3587 | recons_loss: 0.159821 | sparse_loss: 1.03091 | 
2025-07-21 04:07:12,456 [INFO] [Iter 183] LR: 0.00000001
2025-07-21 04:07:12,457 [INFO] No improvement: current loss 872.338937, best loss 872.338947
2025-07-21 04:07:13,071 [INFO] [184/300] loss 872.339 | compact 14.5019 | spectral 17.3587 | recons_loss: 0.159821 | sparse_loss: 1.03091 | 
2025-07-21 04:07:13,071 [INFO] [Iter 184] LR: 0.00000001
2025-07-21 04:07:13,072 [INFO] No improvement: current loss 872.338936, best loss 872.338947
2025-07-21 04:07:13,670 [INFO] [185/300] loss 872.339 | compact 14.5019 | spectral 17.3587 | recons_loss: 0.159821 | sparse_loss: 1.03091 | 
2025-07-21 04:07:13,670 [INFO] [Iter 185] LR: 0.00000001
2025-07-21 04:07:13,671 [INFO] No improvement: current loss 872.338936, best loss 872.338947
2025-07-21 04:07:14,269 [INFO] [186/300] loss 872.339 | compact 14.5019 | spectral 17.3587 | recons_loss: 0.159821 | sparse_loss: 1.03091 | 
2025-07-21 04:07:14,269 [INFO] [Iter 186] LR: 0.00000001
2025-07-21 04:07:14,270 [INFO] No improvement: current loss 872.338935, best loss 872.338947
2025-07-21 04:07:14,868 [INFO] [187/300] loss 872.339 | compact 14.5019 | spectral 17.3587 | recons_loss: 0.159821 | sparse_loss: 1.03091 | 
2025-07-21 04:07:14,868 [INFO] [Iter 187] LR: 0.00000001
2025-07-21 04:07:14,869 [INFO] No improvement: current loss 872.338934, best loss 872.338947
2025-07-21 04:07:15,467 [INFO] [188/300] loss 872.339 | compact 14.5019 | spectral 17.3587 | recons_loss: 0.159821 | sparse_loss: 1.03091 | 
2025-07-21 04:07:15,468 [INFO] [Iter 188] LR: 0.00000001
2025-07-21 04:07:15,470 [INFO] No improvement: current loss 872.338934, best loss 872.338947
2025-07-21 04:07:16,069 [INFO] [189/300] loss 872.339 | compact 14.5019 | spectral 17.3587 | recons_loss: 0.159821 | sparse_loss: 1.03091 | 
2025-07-21 04:07:16,069 [INFO] [Iter 189] LR: 0.00000001
2025-07-21 04:07:16,070 [INFO] No improvement: current loss 872.338933, best loss 872.338947
2025-07-21 04:07:16,668 [INFO] [190/300] loss 872.339 | compact 14.5019 | spectral 17.3587 | recons_loss: 0.159821 | sparse_loss: 1.03091 | 
2025-07-21 04:07:16,669 [INFO] [Iter 190] LR: 0.00000001
2025-07-21 04:07:16,670 [INFO] No improvement: current loss 872.338933, best loss 872.338947
2025-07-21 04:07:17,267 [INFO] [191/300] loss 872.339 | compact 14.5019 | spectral 17.3587 | recons_loss: 0.159821 | sparse_loss: 1.03091 | 
2025-07-21 04:07:17,267 [INFO] [Iter 191] LR: 0.00000001
2025-07-21 04:07:17,268 [INFO] No improvement: current loss 872.338932, best loss 872.338947
2025-07-21 04:07:17,866 [INFO] [192/300] loss 872.339 | compact 14.5019 | spectral 17.3587 | recons_loss: 0.159821 | sparse_loss: 1.03091 | 
2025-07-21 04:07:17,867 [INFO] [Iter 192] LR: 0.00000001
2025-07-21 04:07:17,868 [INFO] No improvement: current loss 872.338932, best loss 872.338947
2025-07-21 04:07:18,466 [INFO] [193/300] loss 872.339 | compact 14.5019 | spectral 17.3587 | recons_loss: 0.159821 | sparse_loss: 1.03091 | 
2025-07-21 04:07:18,466 [INFO] [Iter 193] LR: 0.00000001
2025-07-21 04:07:18,467 [INFO] No improvement: current loss 872.338931, best loss 872.338947
2025-07-21 04:07:19,066 [INFO] [194/300] loss 872.339 | compact 14.5019 | spectral 17.3587 | recons_loss: 0.159821 | sparse_loss: 1.03091 | 
2025-07-21 04:07:19,066 [INFO] [Iter 194] LR: 0.00000001
2025-07-21 04:07:19,067 [INFO] No improvement: current loss 872.338931, best loss 872.338947
2025-07-21 04:07:19,670 [INFO] [195/300] loss 872.339 | compact 14.5019 | spectral 17.3587 | recons_loss: 0.159821 | sparse_loss: 1.03091 | 
2025-07-21 04:07:19,670 [INFO] [Iter 195] LR: 0.00000001
2025-07-21 04:07:19,671 [INFO] No improvement: current loss 872.338931, best loss 872.338947
2025-07-21 04:07:20,269 [INFO] [196/300] loss 872.339 | compact 14.5019 | spectral 17.3587 | recons_loss: 0.159821 | sparse_loss: 1.03091 | 
2025-07-21 04:07:20,270 [INFO] [Iter 196] LR: 0.00000001
2025-07-21 04:07:20,272 [INFO] No improvement: current loss 872.338937, best loss 872.338947
2025-07-21 04:07:20,890 [INFO] [197/300] loss 872.339 | compact 14.5019 | spectral 17.3587 | recons_loss: 0.159821 | sparse_loss: 1.03091 | 
2025-07-21 04:07:20,890 [INFO] [Iter 197] LR: 0.00000001
2025-07-21 04:07:20,891 [INFO] No improvement: current loss 872.338936, best loss 872.338947
2025-07-21 04:07:21,491 [INFO] [198/300] loss 872.339 | compact 14.5019 | spectral 17.3587 | recons_loss: 0.159821 | sparse_loss: 1.03091 | 
2025-07-21 04:07:21,491 [INFO] [Iter 198] LR: 0.00000001
2025-07-21 04:07:21,493 [INFO] No improvement: current loss 872.338935, best loss 872.338947
2025-07-21 04:07:22,094 [INFO] [199/300] loss 872.339 | compact 14.5019 | spectral 17.3587 | recons_loss: 0.159821 | sparse_loss: 1.03091 | 
2025-07-21 04:07:22,094 [INFO] [Iter 199] LR: 0.00000001
2025-07-21 04:07:22,096 [INFO] No improvement: current loss 872.338934, best loss 872.338947
2025-07-21 04:07:22,300 [INFO] H: 600, W: 166
2025-07-21 04:07:22,611 [INFO] [0 1 2 3 4 5]
2025-07-21 04:07:22,715 [INFO] y_target: [1 2 3 4 5 6]
2025-07-21 04:07:22,715 [INFO] y_predict: [0 1 2 3 4 5]
2025-07-21 04:07:22,804 [INFO] Epoch = 200 OA = 0.8744 Kappa = 0.8316 NMI = 0.8144
2025-07-21 04:07:23,280 [INFO] [200/300] loss 872.339 | compact 14.5019 | spectral 17.3587 | recons_loss: 0.159821 | sparse_loss: 1.03091 | 
2025-07-21 04:07:23,280 [INFO] [Iter 200] LR: 0.00000001
2025-07-21 04:07:23,282 [INFO] No improvement: current loss 872.338940, best loss 872.338947
2025-07-21 04:07:23,900 [INFO] [201/300] loss 872.339 | compact 14.5019 | spectral 17.3587 | recons_loss: 0.159821 | sparse_loss: 1.03091 | 
2025-07-21 04:07:23,900 [INFO] [Iter 201] LR: 0.00000001
2025-07-21 04:07:23,901 [INFO] No improvement: current loss 872.338939, best loss 872.338947
2025-07-21 04:07:24,508 [INFO] [202/300] loss 872.339 | compact 14.5019 | spectral 17.3587 | recons_loss: 0.159821 | sparse_loss: 1.03091 | 
2025-07-21 04:07:24,509 [INFO] [Iter 202] LR: 0.00000001
2025-07-21 04:07:24,511 [INFO] No improvement: current loss 872.338938, best loss 872.338947
2025-07-21 04:07:25,117 [INFO] [203/300] loss 872.339 | compact 14.5019 | spectral 17.3587 | recons_loss: 0.159821 | sparse_loss: 1.03091 | 
2025-07-21 04:07:25,117 [INFO] [Iter 203] LR: 0.00000001
2025-07-21 04:07:25,118 [INFO] No improvement: current loss 872.338937, best loss 872.338947
2025-07-21 04:07:25,717 [INFO] [204/300] loss 872.339 | compact 14.5019 | spectral 17.3587 | recons_loss: 0.159821 | sparse_loss: 1.03091 | 
2025-07-21 04:07:25,717 [INFO] [Iter 204] LR: 0.00000001
2025-07-21 04:07:25,719 [INFO] No improvement: current loss 872.338942, best loss 872.338947
2025-07-21 04:07:26,326 [INFO] [205/300] loss 872.339 | compact 14.5019 | spectral 17.3587 | recons_loss: 0.159821 | sparse_loss: 1.03091 | 
2025-07-21 04:07:26,327 [INFO] [Iter 205] LR: 0.00000001
2025-07-21 04:07:26,329 [INFO] No improvement: current loss 872.338941, best loss 872.338947
2025-07-21 04:07:26,928 [INFO] [206/300] loss 872.339 | compact 14.5019 | spectral 17.3587 | recons_loss: 0.159821 | sparse_loss: 1.03091 | 
2025-07-21 04:07:26,929 [INFO] [Iter 206] LR: 0.00000001
2025-07-21 04:07:26,930 [INFO] No improvement: current loss 872.338939, best loss 872.338947
2025-07-21 04:07:27,533 [INFO] [207/300] loss 872.339 | compact 14.5019 | spectral 17.3587 | recons_loss: 0.159821 | sparse_loss: 1.03091 | 
2025-07-21 04:07:27,533 [INFO] [Iter 207] LR: 0.00000001
2025-07-21 04:07:27,534 [INFO] No improvement: current loss 872.338938, best loss 872.338947
2025-07-21 04:07:28,132 [INFO] [208/300] loss 872.339 | compact 14.5019 | spectral 17.3587 | recons_loss: 0.159821 | sparse_loss: 1.03091 | 
2025-07-21 04:07:28,133 [INFO] [Iter 208] LR: 0.00000001
2025-07-21 04:07:28,134 [INFO] No improvement: current loss 872.338937, best loss 872.338947
2025-07-21 04:07:28,732 [INFO] [209/300] loss 872.339 | compact 14.5019 | spectral 17.3587 | recons_loss: 0.159821 | sparse_loss: 1.03091 | 
2025-07-21 04:07:28,732 [INFO] [Iter 209] LR: 0.00000001
2025-07-21 04:07:28,733 [INFO] No improvement: current loss 872.338936, best loss 872.338947
2025-07-21 04:07:29,331 [INFO] [210/300] loss 872.339 | compact 14.5019 | spectral 17.3587 | recons_loss: 0.159821 | sparse_loss: 1.03091 | 
2025-07-21 04:07:29,331 [INFO] [Iter 210] LR: 0.00000001
2025-07-21 04:07:29,332 [INFO] No improvement: current loss 872.338936, best loss 872.338947
2025-07-21 04:07:29,930 [INFO] [211/300] loss 872.339 | compact 14.5019 | spectral 17.3587 | recons_loss: 0.159821 | sparse_loss: 1.03091 | 
2025-07-21 04:07:29,930 [INFO] [Iter 211] LR: 0.00000001
2025-07-21 04:07:29,931 [INFO] No improvement: current loss 872.338935, best loss 872.338947
2025-07-21 04:07:30,530 [INFO] [212/300] loss 872.339 | compact 14.5019 | spectral 17.3587 | recons_loss: 0.159821 | sparse_loss: 1.03091 | 
2025-07-21 04:07:30,530 [INFO] [Iter 212] LR: 0.00000001
2025-07-21 04:07:30,531 [INFO] No improvement: current loss 872.338934, best loss 872.338947
2025-07-21 04:07:31,129 [INFO] [213/300] loss 872.339 | compact 14.5019 | spectral 17.3587 | recons_loss: 0.159821 | sparse_loss: 1.03091 | 
2025-07-21 04:07:31,129 [INFO] [Iter 213] LR: 0.00000001
2025-07-21 04:07:31,131 [INFO] No improvement: current loss 872.338934, best loss 872.338947
2025-07-21 04:07:31,746 [INFO] [214/300] loss 872.339 | compact 14.5019 | spectral 17.3587 | recons_loss: 0.159821 | sparse_loss: 1.03091 | 
2025-07-21 04:07:31,746 [INFO] [Iter 214] LR: 0.00000001
2025-07-21 04:07:31,747 [INFO] No improvement: current loss 872.338933, best loss 872.338947
2025-07-21 04:07:32,346 [INFO] [215/300] loss 872.339 | compact 14.5019 | spectral 17.3587 | recons_loss: 0.159821 | sparse_loss: 1.03091 | 
2025-07-21 04:07:32,346 [INFO] [Iter 215] LR: 0.00000001
2025-07-21 04:07:32,347 [INFO] No improvement: current loss 872.338933, best loss 872.338947
2025-07-21 04:07:32,947 [INFO] [216/300] loss 872.339 | compact 14.5019 | spectral 17.3587 | recons_loss: 0.159821 | sparse_loss: 1.03091 | 
2025-07-21 04:07:32,947 [INFO] [Iter 216] LR: 0.00000001
2025-07-21 04:07:32,949 [INFO] No improvement: current loss 872.338932, best loss 872.338947
2025-07-21 04:07:33,571 [INFO] [217/300] loss 872.339 | compact 14.5019 | spectral 17.3587 | recons_loss: 0.159821 | sparse_loss: 1.03091 | 
2025-07-21 04:07:33,572 [INFO] [Iter 217] LR: 0.00000001
2025-07-21 04:07:33,573 [INFO] No improvement: current loss 872.338932, best loss 872.338947
2025-07-21 04:07:34,171 [INFO] [218/300] loss 872.339 | compact 14.5019 | spectral 17.3587 | recons_loss: 0.159821 | sparse_loss: 1.03091 | 
2025-07-21 04:07:34,171 [INFO] [Iter 218] LR: 0.00000001
2025-07-21 04:07:34,172 [INFO] No improvement: current loss 872.338937, best loss 872.338947
2025-07-21 04:07:34,770 [INFO] [219/300] loss 872.339 | compact 14.5019 | spectral 17.3587 | recons_loss: 0.159821 | sparse_loss: 1.03091 | 
2025-07-21 04:07:34,771 [INFO] [Iter 219] LR: 0.00000001
2025-07-21 04:07:34,772 [INFO] No improvement: current loss 872.338943, best loss 872.338947
2025-07-21 04:07:35,370 [INFO] [220/300] loss 872.339 | compact 14.5019 | spectral 17.3587 | recons_loss: 0.159821 | sparse_loss: 1.03091 | 
2025-07-21 04:07:35,370 [INFO] [Iter 220] LR: 0.00000001
2025-07-21 04:07:35,372 [INFO] No improvement: current loss 872.338941, best loss 872.338947
2025-07-21 04:07:35,969 [INFO] [221/300] loss 872.339 | compact 14.5019 | spectral 17.3587 | recons_loss: 0.159821 | sparse_loss: 1.03091 | 
2025-07-21 04:07:35,970 [INFO] [Iter 221] LR: 0.00000001
2025-07-21 04:07:35,971 [INFO] No improvement: current loss 872.338940, best loss 872.338947
2025-07-21 04:07:36,572 [INFO] [222/300] loss 872.339 | compact 14.5019 | spectral 17.3587 | recons_loss: 0.159821 | sparse_loss: 1.03091 | 
2025-07-21 04:07:36,573 [INFO] [Iter 222] LR: 0.00000001
2025-07-21 04:07:36,575 [INFO] No improvement: current loss 872.338939, best loss 872.338947
2025-07-21 04:07:37,176 [INFO] [223/300] loss 872.339 | compact 14.5019 | spectral 17.3587 | recons_loss: 0.159821 | sparse_loss: 1.03091 | 
2025-07-21 04:07:37,176 [INFO] [Iter 223] LR: 0.00000001
2025-07-21 04:07:37,178 [INFO] No improvement: current loss 872.338938, best loss 872.338947
2025-07-21 04:07:37,780 [INFO] [224/300] loss 872.339 | compact 14.5019 | spectral 17.3587 | recons_loss: 0.159821 | sparse_loss: 1.03091 | 
2025-07-21 04:07:37,781 [INFO] [Iter 224] LR: 0.00000001
2025-07-21 04:07:37,782 [INFO] No improvement: current loss 872.338931, best loss 872.338947
2025-07-21 04:07:38,380 [INFO] [225/300] loss 872.339 | compact 14.5019 | spectral 17.3587 | recons_loss: 0.159821 | sparse_loss: 1.03091 | 
2025-07-21 04:07:38,380 [INFO] [Iter 225] LR: 0.00000001
2025-07-21 04:07:38,382 [INFO] No improvement: current loss 872.338930, best loss 872.338947
2025-07-21 04:07:38,980 [INFO] [226/300] loss 872.339 | compact 14.5019 | spectral 17.3587 | recons_loss: 0.159821 | sparse_loss: 1.03091 | 
2025-07-21 04:07:38,981 [INFO] [Iter 226] LR: 0.00000001
2025-07-21 04:07:38,983 [INFO] No improvement: current loss 872.338930, best loss 872.338947
2025-07-21 04:07:39,591 [INFO] [227/300] loss 872.339 | compact 14.5019 | spectral 17.3587 | recons_loss: 0.159821 | sparse_loss: 1.03091 | 
2025-07-21 04:07:39,592 [INFO] [Iter 227] LR: 0.00000001
2025-07-21 04:07:39,593 [INFO] No improvement: current loss 872.338930, best loss 872.338947
2025-07-21 04:07:40,208 [INFO] [228/300] loss 872.339 | compact 14.5019 | spectral 17.3587 | recons_loss: 0.159821 | sparse_loss: 1.03091 | 
2025-07-21 04:07:40,208 [INFO] [Iter 228] LR: 0.00000001
2025-07-21 04:07:40,209 [INFO] No improvement: current loss 872.338930, best loss 872.338947
2025-07-21 04:07:40,807 [INFO] [229/300] loss 872.339 | compact 14.5019 | spectral 17.3587 | recons_loss: 0.159821 | sparse_loss: 1.03091 | 
2025-07-21 04:07:40,808 [INFO] [Iter 229] LR: 0.00000001
2025-07-21 04:07:40,809 [INFO] No improvement: current loss 872.338930, best loss 872.338947
2025-07-21 04:07:41,407 [INFO] [230/300] loss 872.339 | compact 14.5019 | spectral 17.3587 | recons_loss: 0.159821 | sparse_loss: 1.03091 | 
2025-07-21 04:07:41,407 [INFO] [Iter 230] LR: 0.00000001
2025-07-21 04:07:41,408 [INFO] No improvement: current loss 872.338930, best loss 872.338947
2025-07-21 04:07:42,013 [INFO] [231/300] loss 872.339 | compact 14.5019 | spectral 17.3587 | recons_loss: 0.159821 | sparse_loss: 1.03091 | 
2025-07-21 04:07:42,013 [INFO] [Iter 231] LR: 0.00000001
2025-07-21 04:07:42,015 [INFO] No improvement: current loss 872.338917, best loss 872.338947
2025-07-21 04:07:42,617 [INFO] [232/300] loss 872.339 | compact 14.5019 | spectral 17.3587 | recons_loss: 0.159821 | sparse_loss: 1.03091 | 
2025-07-21 04:07:42,617 [INFO] [Iter 232] LR: 0.00000001
2025-07-21 04:07:42,618 [INFO] No improvement: current loss 872.338912, best loss 872.338947
2025-07-21 04:07:43,216 [INFO] [233/300] loss 872.339 | compact 14.5019 | spectral 17.3587 | recons_loss: 0.159821 | sparse_loss: 1.03091 | 
2025-07-21 04:07:43,217 [INFO] [Iter 233] LR: 0.00000001
2025-07-21 04:07:43,218 [INFO] No improvement: current loss 872.338914, best loss 872.338947
2025-07-21 04:07:43,816 [INFO] [234/300] loss 872.339 | compact 14.5019 | spectral 17.3587 | recons_loss: 0.159821 | sparse_loss: 1.03091 | 
2025-07-21 04:07:43,816 [INFO] [Iter 234] LR: 0.00000001
2025-07-21 04:07:43,818 [INFO] No improvement: current loss 872.338915, best loss 872.338947
2025-07-21 04:07:44,419 [INFO] [235/300] loss 872.339 | compact 14.5019 | spectral 17.3587 | recons_loss: 0.159821 | sparse_loss: 1.03091 | 
2025-07-21 04:07:44,419 [INFO] [Iter 235] LR: 0.00000001
2025-07-21 04:07:44,420 [INFO] No improvement: current loss 872.338904, best loss 872.338947
2025-07-21 04:07:45,018 [INFO] [236/300] loss 872.339 | compact 14.5019 | spectral 17.3587 | recons_loss: 0.159821 | sparse_loss: 1.03091 | 
2025-07-21 04:07:45,018 [INFO] [Iter 236] LR: 0.00000001
2025-07-21 04:07:45,020 [INFO] No improvement: current loss 872.338907, best loss 872.338947
2025-07-21 04:07:45,618 [INFO] [237/300] loss 872.339 | compact 14.5019 | spectral 17.3587 | recons_loss: 0.159821 | sparse_loss: 1.03091 | 
2025-07-21 04:07:45,618 [INFO] [Iter 237] LR: 0.00000001
2025-07-21 04:07:45,619 [INFO] No improvement: current loss 872.338909, best loss 872.338947
2025-07-21 04:07:46,217 [INFO] [238/300] loss 872.339 | compact 14.5019 | spectral 17.3587 | recons_loss: 0.159821 | sparse_loss: 1.03091 | 
2025-07-21 04:07:46,217 [INFO] [Iter 238] LR: 0.00000001
2025-07-21 04:07:46,218 [INFO] No improvement: current loss 872.338911, best loss 872.338947
2025-07-21 04:07:46,816 [INFO] [239/300] loss 872.339 | compact 14.5019 | spectral 17.3587 | recons_loss: 0.159821 | sparse_loss: 1.03091 | 
2025-07-21 04:07:46,817 [INFO] [Iter 239] LR: 0.00000001
2025-07-21 04:07:46,818 [INFO] No improvement: current loss 872.338913, best loss 872.338947
2025-07-21 04:07:47,416 [INFO] [240/300] loss 872.339 | compact 14.5019 | spectral 17.3587 | recons_loss: 0.159821 | sparse_loss: 1.03091 | 
2025-07-21 04:07:47,417 [INFO] [Iter 240] LR: 0.00000001
2025-07-21 04:07:47,419 [INFO] No improvement: current loss 872.338914, best loss 872.338947
2025-07-21 04:07:48,023 [INFO] [241/300] loss 872.339 | compact 14.5019 | spectral 17.3587 | recons_loss: 0.159821 | sparse_loss: 1.03091 | 
2025-07-21 04:07:48,023 [INFO] [Iter 241] LR: 0.00000001
2025-07-21 04:07:48,024 [INFO] No improvement: current loss 872.338916, best loss 872.338947
2025-07-21 04:07:48,622 [INFO] [242/300] loss 872.339 | compact 14.5019 | spectral 17.3587 | recons_loss: 0.159821 | sparse_loss: 1.03091 | 
2025-07-21 04:07:48,622 [INFO] [Iter 242] LR: 0.00000001
2025-07-21 04:07:48,624 [INFO] No improvement: current loss 872.338917, best loss 872.338947
2025-07-21 04:07:49,221 [INFO] [243/300] loss 872.339 | compact 14.5019 | spectral 17.3587 | recons_loss: 0.159821 | sparse_loss: 1.03091 | 
2025-07-21 04:07:49,222 [INFO] [Iter 243] LR: 0.00000001
2025-07-21 04:07:49,223 [INFO] No improvement: current loss 872.338918, best loss 872.338947
2025-07-21 04:07:49,822 [INFO] [244/300] loss 872.339 | compact 14.5019 | spectral 17.3587 | recons_loss: 0.159821 | sparse_loss: 1.03091 | 
2025-07-21 04:07:49,822 [INFO] [Iter 244] LR: 0.00000001
2025-07-21 04:07:49,825 [INFO] No improvement: current loss 872.338919, best loss 872.338947
2025-07-21 04:07:50,426 [INFO] [245/300] loss 872.339 | compact 14.5019 | spectral 17.3587 | recons_loss: 0.159821 | sparse_loss: 1.03091 | 
2025-07-21 04:07:50,426 [INFO] [Iter 245] LR: 0.00000001
2025-07-21 04:07:50,428 [INFO] No improvement: current loss 872.338920, best loss 872.338947
2025-07-21 04:07:51,028 [INFO] [246/300] loss 872.339 | compact 14.5019 | spectral 17.3587 | recons_loss: 0.159821 | sparse_loss: 1.03091 | 
2025-07-21 04:07:51,029 [INFO] [Iter 246] LR: 0.00000001
2025-07-21 04:07:51,031 [INFO] No improvement: current loss 872.338921, best loss 872.338947
2025-07-21 04:07:51,640 [INFO] [247/300] loss 872.339 | compact 14.5019 | spectral 17.3587 | recons_loss: 0.159821 | sparse_loss: 1.03091 | 
2025-07-21 04:07:51,640 [INFO] [Iter 247] LR: 0.00000001
2025-07-21 04:07:51,643 [INFO] No improvement: current loss 872.338921, best loss 872.338947
2025-07-21 04:07:52,241 [INFO] [248/300] loss 872.339 | compact 14.5019 | spectral 17.3587 | recons_loss: 0.159821 | sparse_loss: 1.03091 | 
2025-07-21 04:07:52,242 [INFO] [Iter 248] LR: 0.00000001
2025-07-21 04:07:52,243 [INFO] No improvement: current loss 872.338916, best loss 872.338947
2025-07-21 04:07:52,843 [INFO] [249/300] loss 872.339 | compact 14.5019 | spectral 17.3587 | recons_loss: 0.159821 | sparse_loss: 1.03091 | 
2025-07-21 04:07:52,844 [INFO] [Iter 249] LR: 0.00000001
2025-07-21 04:07:52,845 [INFO] No improvement: current loss 872.338917, best loss 872.338947
2025-07-21 04:07:53,025 [INFO] H: 600, W: 166
2025-07-21 04:07:53,136 [INFO] [0 1 2 3 4 5]
2025-07-21 04:07:53,234 [INFO] y_target: [1 2 3 4 5 6]
2025-07-21 04:07:53,235 [INFO] y_predict: [0 1 2 3 4 5]
2025-07-21 04:07:53,325 [INFO] Epoch = 250 OA = 0.8744 Kappa = 0.8316 NMI = 0.8144
2025-07-21 04:07:53,801 [INFO] [250/300] loss 872.339 | compact 14.5019 | spectral 17.3587 | recons_loss: 0.159821 | sparse_loss: 1.03091 | 
2025-07-21 04:07:53,802 [INFO] [Iter 250] LR: 0.00000001
2025-07-21 04:07:53,803 [INFO] No improvement: current loss 872.338918, best loss 872.338947
2025-07-21 04:07:54,407 [INFO] [251/300] loss 872.339 | compact 14.5019 | spectral 17.3587 | recons_loss: 0.159821 | sparse_loss: 1.03091 | 
2025-07-21 04:07:54,408 [INFO] [Iter 251] LR: 0.00000001
2025-07-21 04:07:54,409 [INFO] No improvement: current loss 872.338919, best loss 872.338947
2025-07-21 04:07:55,006 [INFO] [252/300] loss 872.339 | compact 14.5019 | spectral 17.3587 | recons_loss: 0.159821 | sparse_loss: 1.03091 | 
2025-07-21 04:07:55,006 [INFO] [Iter 252] LR: 0.00000001
2025-07-21 04:07:55,007 [INFO] No improvement: current loss 872.338920, best loss 872.338947
2025-07-21 04:07:55,605 [INFO] [253/300] loss 872.339 | compact 14.5019 | spectral 17.3587 | recons_loss: 0.159821 | sparse_loss: 1.03091 | 
2025-07-21 04:07:55,606 [INFO] [Iter 253] LR: 0.00000001
2025-07-21 04:07:55,607 [INFO] No improvement: current loss 872.338921, best loss 872.338947
2025-07-21 04:07:56,204 [INFO] [254/300] loss 872.339 | compact 14.5019 | spectral 17.3587 | recons_loss: 0.159821 | sparse_loss: 1.03091 | 
2025-07-21 04:07:56,205 [INFO] [Iter 254] LR: 0.00000001
2025-07-21 04:07:56,206 [INFO] No improvement: current loss 872.338922, best loss 872.338947
2025-07-21 04:07:56,805 [INFO] [255/300] loss 872.339 | compact 14.5019 | spectral 17.3587 | recons_loss: 0.159821 | sparse_loss: 1.03091 | 
2025-07-21 04:07:56,805 [INFO] [Iter 255] LR: 0.00000001
2025-07-21 04:07:56,807 [INFO] No improvement: current loss 872.338929, best loss 872.338947
2025-07-21 04:07:57,405 [INFO] [256/300] loss 872.339 | compact 14.5019 | spectral 17.3587 | recons_loss: 0.159821 | sparse_loss: 1.03091 | 
2025-07-21 04:07:57,405 [INFO] [Iter 256] LR: 0.00000001
2025-07-21 04:07:57,406 [INFO] No improvement: current loss 872.338928, best loss 872.338947
2025-07-21 04:07:58,005 [INFO] [257/300] loss 872.339 | compact 14.5019 | spectral 17.3587 | recons_loss: 0.159821 | sparse_loss: 1.03091 | 
2025-07-21 04:07:58,006 [INFO] [Iter 257] LR: 0.00000001
2025-07-21 04:07:58,008 [INFO] No improvement: current loss 872.338928, best loss 872.338947
2025-07-21 04:07:58,623 [INFO] [258/300] loss 872.339 | compact 14.5019 | spectral 17.3587 | recons_loss: 0.159821 | sparse_loss: 1.03091 | 
2025-07-21 04:07:58,623 [INFO] [Iter 258] LR: 0.00000001
2025-07-21 04:07:58,625 [INFO] No improvement: current loss 872.338928, best loss 872.338947
2025-07-21 04:07:59,223 [INFO] [259/300] loss 872.339 | compact 14.5019 | spectral 17.3587 | recons_loss: 0.159821 | sparse_loss: 1.03091 | 
2025-07-21 04:07:59,223 [INFO] [Iter 259] LR: 0.00000001
2025-07-21 04:07:59,224 [INFO] No improvement: current loss 872.338928, best loss 872.338947
2025-07-21 04:07:59,822 [INFO] [260/300] loss 872.339 | compact 14.5019 | spectral 17.3587 | recons_loss: 0.159821 | sparse_loss: 1.03091 | 
2025-07-21 04:07:59,822 [INFO] [Iter 260] LR: 0.00000001
2025-07-21 04:07:59,823 [INFO] No improvement: current loss 872.338928, best loss 872.338947
2025-07-21 04:08:00,422 [INFO] [261/300] loss 872.339 | compact 14.5019 | spectral 17.3587 | recons_loss: 0.159821 | sparse_loss: 1.03091 | 
2025-07-21 04:08:00,422 [INFO] [Iter 261] LR: 0.00000001
2025-07-21 04:08:00,423 [INFO] No improvement: current loss 872.338922, best loss 872.338947
2025-07-21 04:08:01,021 [INFO] [262/300] loss 872.339 | compact 14.5019 | spectral 17.3587 | recons_loss: 0.159821 | sparse_loss: 1.03091 | 
2025-07-21 04:08:01,021 [INFO] [Iter 262] LR: 0.00000001
2025-07-21 04:08:01,022 [INFO] No improvement: current loss 872.338923, best loss 872.338947
2025-07-21 04:08:01,620 [INFO] [263/300] loss 872.339 | compact 14.5019 | spectral 17.3587 | recons_loss: 0.159821 | sparse_loss: 1.03091 | 
2025-07-21 04:08:01,620 [INFO] [Iter 263] LR: 0.00000001
2025-07-21 04:08:01,621 [INFO] No improvement: current loss 872.338923, best loss 872.338947
2025-07-21 04:08:02,219 [INFO] [264/300] loss 872.339 | compact 14.5019 | spectral 17.3587 | recons_loss: 0.159821 | sparse_loss: 1.03091 | 
2025-07-21 04:08:02,219 [INFO] [Iter 264] LR: 0.00000001
2025-07-21 04:08:02,221 [INFO] No improvement: current loss 872.338930, best loss 872.338947
2025-07-21 04:08:02,836 [INFO] [265/300] loss 872.339 | compact 14.5019 | spectral 17.3587 | recons_loss: 0.159821 | sparse_loss: 1.03091 | 
2025-07-21 04:08:02,837 [INFO] [Iter 265] LR: 0.00000001
2025-07-21 04:08:02,839 [INFO] No improvement: current loss 872.338930, best loss 872.338947
2025-07-21 04:08:03,443 [INFO] [266/300] loss 872.339 | compact 14.5019 | spectral 17.3587 | recons_loss: 0.159821 | sparse_loss: 1.03091 | 
2025-07-21 04:08:03,444 [INFO] [Iter 266] LR: 0.00000001
2025-07-21 04:08:03,445 [INFO] No improvement: current loss 872.338930, best loss 872.338947
2025-07-21 04:08:04,042 [INFO] [267/300] loss 872.339 | compact 14.5019 | spectral 17.3587 | recons_loss: 0.159821 | sparse_loss: 1.03091 | 
2025-07-21 04:08:04,042 [INFO] [Iter 267] LR: 0.00000001
2025-07-21 04:08:04,043 [INFO] No improvement: current loss 872.338930, best loss 872.338947
2025-07-21 04:08:04,653 [INFO] [268/300] loss 872.339 | compact 14.5019 | spectral 17.3587 | recons_loss: 0.159821 | sparse_loss: 1.03091 | 
2025-07-21 04:08:04,653 [INFO] [Iter 268] LR: 0.00000001
2025-07-21 04:08:04,654 [INFO] No improvement: current loss 872.338929, best loss 872.338947
2025-07-21 04:08:05,252 [INFO] [269/300] loss 872.339 | compact 14.5019 | spectral 17.3587 | recons_loss: 0.159821 | sparse_loss: 1.03091 | 
2025-07-21 04:08:05,252 [INFO] [Iter 269] LR: 0.00000001
2025-07-21 04:08:05,253 [INFO] No improvement: current loss 872.338929, best loss 872.338947
2025-07-21 04:08:05,853 [INFO] [270/300] loss 872.339 | compact 14.5019 | spectral 17.3587 | recons_loss: 0.159821 | sparse_loss: 1.03091 | 
2025-07-21 04:08:05,853 [INFO] [Iter 270] LR: 0.00000001
2025-07-21 04:08:05,854 [INFO] No improvement: current loss 872.338929, best loss 872.338947
2025-07-21 04:08:06,465 [INFO] [271/300] loss 872.339 | compact 14.5019 | spectral 17.3587 | recons_loss: 0.159821 | sparse_loss: 1.03091 | 
2025-07-21 04:08:06,466 [INFO] [Iter 271] LR: 0.00000001
2025-07-21 04:08:06,468 [INFO] No improvement: current loss 872.338935, best loss 872.338947
2025-07-21 04:08:07,084 [INFO] [272/300] loss 872.339 | compact 14.5019 | spectral 17.3587 | recons_loss: 0.159821 | sparse_loss: 1.03091 | 
2025-07-21 04:08:07,084 [INFO] [Iter 272] LR: 0.00000001
2025-07-21 04:08:07,085 [INFO] No improvement: current loss 872.338934, best loss 872.338947
2025-07-21 04:08:07,683 [INFO] [273/300] loss 872.339 | compact 14.5019 | spectral 17.3587 | recons_loss: 0.159821 | sparse_loss: 1.03091 | 
2025-07-21 04:08:07,684 [INFO] [Iter 273] LR: 0.00000001
2025-07-21 04:08:07,685 [INFO] No improvement: current loss 872.338934, best loss 872.338947
2025-07-21 04:08:08,284 [INFO] [274/300] loss 872.339 | compact 14.5019 | spectral 17.3587 | recons_loss: 0.159821 | sparse_loss: 1.03091 | 
2025-07-21 04:08:08,284 [INFO] [Iter 274] LR: 0.00000001
2025-07-21 04:08:08,286 [INFO] No improvement: current loss 872.338933, best loss 872.338947
2025-07-21 04:08:08,884 [INFO] [275/300] loss 872.339 | compact 14.5019 | spectral 17.3587 | recons_loss: 0.159821 | sparse_loss: 1.03091 | 
2025-07-21 04:08:08,885 [INFO] [Iter 275] LR: 0.00000001
2025-07-21 04:08:08,887 [INFO] No improvement: current loss 872.338933, best loss 872.338947
2025-07-21 04:08:09,489 [INFO] [276/300] loss 872.339 | compact 14.5019 | spectral 17.3587 | recons_loss: 0.159821 | sparse_loss: 1.03091 | 
2025-07-21 04:08:09,489 [INFO] [Iter 276] LR: 0.00000001
2025-07-21 04:08:09,490 [INFO] No improvement: current loss 872.338932, best loss 872.338947
2025-07-21 04:08:10,089 [INFO] [277/300] loss 872.339 | compact 14.5019 | spectral 17.3587 | recons_loss: 0.159821 | sparse_loss: 1.03091 | 
2025-07-21 04:08:10,089 [INFO] [Iter 277] LR: 0.00000001
2025-07-21 04:08:10,091 [INFO] No improvement: current loss 872.338932, best loss 872.338947
2025-07-21 04:08:10,691 [INFO] [278/300] loss 872.339 | compact 14.5019 | spectral 17.3587 | recons_loss: 0.159821 | sparse_loss: 1.03091 | 
2025-07-21 04:08:10,691 [INFO] [Iter 278] LR: 0.00000001
2025-07-21 04:08:10,692 [INFO] No improvement: current loss 872.338925, best loss 872.338947
2025-07-21 04:08:11,290 [INFO] [279/300] loss 872.339 | compact 14.5019 | spectral 17.3587 | recons_loss: 0.159821 | sparse_loss: 1.03091 | 
2025-07-21 04:08:11,290 [INFO] [Iter 279] LR: 0.00000001
2025-07-21 04:08:11,291 [INFO] No improvement: current loss 872.338926, best loss 872.338947
2025-07-21 04:08:11,890 [INFO] [280/300] loss 872.339 | compact 14.5019 | spectral 17.3587 | recons_loss: 0.159821 | sparse_loss: 1.03091 | 
2025-07-21 04:08:11,891 [INFO] [Iter 280] LR: 0.00000001
2025-07-21 04:08:11,893 [INFO] No improvement: current loss 872.338932, best loss 872.338947
2025-07-21 04:08:12,492 [INFO] [281/300] loss 872.339 | compact 14.5019 | spectral 17.3587 | recons_loss: 0.159821 | sparse_loss: 1.03091 | 
2025-07-21 04:08:12,493 [INFO] [Iter 281] LR: 0.00000001
2025-07-21 04:08:12,494 [INFO] No improvement: current loss 872.338932, best loss 872.338947
2025-07-21 04:08:13,091 [INFO] [282/300] loss 872.339 | compact 14.5019 | spectral 17.3587 | recons_loss: 0.159821 | sparse_loss: 1.03091 | 
2025-07-21 04:08:13,091 [INFO] [Iter 282] LR: 0.00000001
2025-07-21 04:08:13,092 [INFO] No improvement: current loss 872.338931, best loss 872.338947
2025-07-21 04:08:13,700 [INFO] [283/300] loss 872.339 | compact 14.5019 | spectral 17.3587 | recons_loss: 0.159821 | sparse_loss: 1.03091 | 
2025-07-21 04:08:13,700 [INFO] [Iter 283] LR: 0.00000001
2025-07-21 04:08:13,701 [INFO] No improvement: current loss 872.338931, best loss 872.338947
2025-07-21 04:08:14,299 [INFO] [284/300] loss 872.339 | compact 14.5019 | spectral 17.3587 | recons_loss: 0.159821 | sparse_loss: 1.03091 | 
2025-07-21 04:08:14,299 [INFO] [Iter 284] LR: 0.00000001
2025-07-21 04:08:14,300 [INFO] No improvement: current loss 872.338931, best loss 872.338947
2025-07-21 04:08:14,908 [INFO] [285/300] loss 872.339 | compact 14.5019 | spectral 17.3587 | recons_loss: 0.159821 | sparse_loss: 1.03091 | 
2025-07-21 04:08:14,908 [INFO] [Iter 285] LR: 0.00000001
2025-07-21 04:08:14,909 [INFO] No improvement: current loss 872.338930, best loss 872.338947
2025-07-21 04:08:15,508 [INFO] [286/300] loss 872.339 | compact 14.5019 | spectral 17.3587 | recons_loss: 0.159821 | sparse_loss: 1.03091 | 
2025-07-21 04:08:15,508 [INFO] [Iter 286] LR: 0.00000001
2025-07-21 04:08:15,510 [INFO] No improvement: current loss 872.338924, best loss 872.338947
2025-07-21 04:08:16,109 [INFO] [287/300] loss 872.339 | compact 14.5019 | spectral 17.3587 | recons_loss: 0.159821 | sparse_loss: 1.03091 | 
2025-07-21 04:08:16,109 [INFO] [Iter 287] LR: 0.00000001
2025-07-21 04:08:16,111 [INFO] No improvement: current loss 872.338925, best loss 872.338947
2025-07-21 04:08:16,712 [INFO] [288/300] loss 872.339 | compact 14.5019 | spectral 17.3587 | recons_loss: 0.159821 | sparse_loss: 1.03091 | 
2025-07-21 04:08:16,712 [INFO] [Iter 288] LR: 0.00000001
2025-07-21 04:08:16,713 [INFO] No improvement: current loss 872.338925, best loss 872.338947
2025-07-21 04:08:17,312 [INFO] [289/300] loss 872.339 | compact 14.5019 | spectral 17.3587 | recons_loss: 0.159821 | sparse_loss: 1.03091 | 
2025-07-21 04:08:17,313 [INFO] [Iter 289] LR: 0.00000001
2025-07-21 04:08:17,314 [INFO] No improvement: current loss 872.338925, best loss 872.338947
2025-07-21 04:08:17,912 [INFO] [290/300] loss 872.339 | compact 14.5019 | spectral 17.3587 | recons_loss: 0.159821 | sparse_loss: 1.03091 | 
2025-07-21 04:08:17,912 [INFO] [Iter 290] LR: 0.00000001
2025-07-21 04:08:17,913 [INFO] No improvement: current loss 872.338926, best loss 872.338947
2025-07-21 04:08:18,528 [INFO] [291/300] loss 872.339 | compact 14.5019 | spectral 17.3587 | recons_loss: 0.159821 | sparse_loss: 1.03091 | 
2025-07-21 04:08:18,528 [INFO] [Iter 291] LR: 0.00000001
2025-07-21 04:08:18,529 [INFO] No improvement: current loss 872.338926, best loss 872.338947
2025-07-21 04:08:19,127 [INFO] [292/300] loss 872.339 | compact 14.5019 | spectral 17.3587 | recons_loss: 0.159821 | sparse_loss: 1.03091 | 
2025-07-21 04:08:19,128 [INFO] [Iter 292] LR: 0.00000001
2025-07-21 04:08:19,130 [INFO] No improvement: current loss 872.338920, best loss 872.338947
2025-07-21 04:08:19,748 [INFO] [293/300] loss 872.339 | compact 14.5019 | spectral 17.3587 | recons_loss: 0.159821 | sparse_loss: 1.03091 | 
2025-07-21 04:08:19,748 [INFO] [Iter 293] LR: 0.00000001
2025-07-21 04:08:19,750 [INFO] No improvement: current loss 872.338921, best loss 872.338947
2025-07-21 04:08:20,362 [INFO] [294/300] loss 872.339 | compact 14.5019 | spectral 17.3587 | recons_loss: 0.159821 | sparse_loss: 1.03091 | 
2025-07-21 04:08:20,363 [INFO] [Iter 294] LR: 0.00000001
2025-07-21 04:08:20,364 [INFO] No improvement: current loss 872.338922, best loss 872.338947
2025-07-21 04:08:20,962 [INFO] [295/300] loss 872.339 | compact 14.5019 | spectral 17.3587 | recons_loss: 0.159821 | sparse_loss: 1.03091 | 
2025-07-21 04:08:20,962 [INFO] [Iter 295] LR: 0.00000001
2025-07-21 04:08:20,963 [INFO] No improvement: current loss 872.338922, best loss 872.338947
2025-07-21 04:08:21,563 [INFO] [296/300] loss 872.339 | compact 14.5019 | spectral 17.3587 | recons_loss: 0.159821 | sparse_loss: 1.03091 | 
2025-07-21 04:08:21,563 [INFO] [Iter 296] LR: 0.00000001
2025-07-21 04:08:21,564 [INFO] No improvement: current loss 872.338923, best loss 872.338947
2025-07-21 04:08:22,172 [INFO] [297/300] loss 872.339 | compact 14.5019 | spectral 17.3587 | recons_loss: 0.159821 | sparse_loss: 1.03091 | 
2025-07-21 04:08:22,173 [INFO] [Iter 297] LR: 0.00000001
2025-07-21 04:08:22,174 [INFO] No improvement: current loss 872.338923, best loss 872.338947
2025-07-21 04:08:22,775 [INFO] [298/300] loss 872.339 | compact 14.5019 | spectral 17.3587 | recons_loss: 0.159821 | sparse_loss: 1.03091 | 
2025-07-21 04:08:22,775 [INFO] [Iter 298] LR: 0.00000001
2025-07-21 04:08:22,776 [INFO] No improvement: current loss 872.338924, best loss 872.338947
2025-07-21 04:08:22,960 [INFO] H: 600, W: 166
2025-07-21 04:08:23,058 [INFO] [0 1 2 3 4 5]
2025-07-21 04:08:23,154 [INFO] y_target: [1 2 3 4 5 6]
2025-07-21 04:08:23,154 [INFO] y_predict: [0 1 2 3 4 5]
2025-07-21 04:08:23,243 [INFO] Epoch = 299 OA = 0.8744 Kappa = 0.8316 NMI = 0.8144
2025-07-21 04:08:23,719 [INFO] [299/300] loss 872.339 | compact 14.5019 | spectral 17.3587 | recons_loss: 0.159821 | sparse_loss: 1.03091 | 
2025-07-21 04:08:23,719 [INFO] [Iter 299] LR: 0.00000001
2025-07-21 04:08:23,720 [INFO] No improvement: current loss 872.338924, best loss 872.338947
2025-07-21 04:08:23,720 [INFO] Training finished. Best model loaded.
